
[1mRooFit v3.60 -- Developed by Wouter Verkerke and David Kirkby[0m 
                Copyright (C) 2000-2013 NIKHEF, University of California & Stanford University
                All rights reserved, please read http://roofit.sourceforge.net/license.txt

Using file /nfs/gerda6/users/burlac/psd/analysis/run0098-cal_dplms_10.tier.root
Analizing channel 19
Standard analysis 
Total events = 17201607
event n.1000000
event n.2000000
event n.3000000
event n.4000000
event n.5000000
event n.6000000
event n.7000000
event n.8000000
event n.9000000
event n.10000000
event n.11000000
event n.12000000
event n.13000000
event n.14000000
event n.15000000
event n.16000000
event n.17000000
Selected events: 117625
The time to read waveforms: 31.21 s
Initialization of DEP&FEP background  = 14
 FCN=115.538 FROM MIGRAD    STATUS=CONVERGED     229 CALLS         230 TOTAL
                     EDM=9.75218e-07    STRATEGY= 1      ERROR MATRIX ACCURATE 
  EXT PARAMETER                                   STEP         FIRST   
  NO.   NAME      VALUE            ERROR          SIZE      DERIVATIVE 
   1  p0           1.90206e+02   6.50467e+00   3.86448e-02   3.79817e-05
   2  p1           1.59263e+03   2.92364e-02   7.59424e-04   2.69496e-02
   3  p2           9.69357e-01   2.44410e-02   1.46768e-05  -2.05461e-02
   4  p3           8.23876e+01   4.73992e+00   2.81485e-02   7.97692e-05
   5  p4           1.62077e+03   4.88078e-02   7.72845e-04   7.64886e-03
   6  p5           9.12361e-01   4.32289e-02   2.67385e-05   6.69493e-02
   7  p6           1.41513e+01   2.74404e-01   1.98005e-03   1.06364e-03
                               ERR DEF= 0.5
mean_aoe = 0.0485
AoE: max = 1.78115 max = 0.169385
 FCN=0.621092 FROM MIGRAD    STATUS=CONVERGED     340 CALLS         341 TOTAL
                     EDM=2.02284e-07    STRATEGY= 1  ERROR MATRIX UNCERTAINTY   2.4 per cent
  EXT PARAMETER                                   STEP         FIRST   
  NO.   NAME      VALUE            ERROR          SIZE      DERIVATIVE 
   1  p0           9.31344e-01   5.13467e-01   1.98737e-03   8.24851e-04
   2  p1           9.98676e-01   3.84428e-03  -2.58041e-05  -5.75226e-02
   3  p2           8.36614e-03   2.74522e-03  -2.02572e-05   2.46843e-03
   4  p3           3.41297e-03   4.81294e-03   4.13073e-05   3.85874e-01
   5  p4           2.54029e-03   3.57929e-03   3.07191e-05  -6.34325e-01
                               ERR DEF= 0.5
Total integral = 0
AoE_lowCut = 2 -> 0x7ffc41601010
CutIntegral = 0
SF_dep = -nan
sigma_aoe = 0.00836614
Total integral = 0
AoE_lowCut = 2 -> 0x7ffc41601010
CutIntegral = 0
SF_dep = -nan
sigma_aoe = 0.00836614
Total integral = 0
AoE_lowCut = 2 -> 0x7ffc41601010
CutIntegral = 0
SF_dep = -nan
sigma_aoe = 0.00836614
Total integral = 0
AoE_lowCut = 2 -> 0x7ffc41601010
CutIntegral = 0
SF_dep = -nan
sigma_aoe = 0.00836614
Total integral = 0
AoE_lowCut = 2 -> 0x7ffc41601010
CutIntegral = 0
SF_dep = -nan
sigma_aoe = 0.00836614
Total integral = 0
AoE_lowCut = 2 -> 0x7ffc41601010
CutIntegral = 0
SF_dep = -nan
sigma_aoe = 0.00836614
Total integral = 0
AoE_lowCut = 2 -> 0x7ffc41601010
CutIntegral = 0
SF_dep = -nan
sigma_aoe = 0.00836614
Total integral = 0
AoE_lowCut = 2 -> 0x7ffc41601010
CutIntegral = 0
SF_dep = -nan
sigma_aoe = 0.00836614
Total integral = 0
AoE_lowCut = 2 -> 0x7ffc41601010
CutIntegral = 0
SF_dep = -nan
sigma_aoe = 0.00836614
Total integral = 0
AoE_lowCut = 2 -> 0x7ffc41601010
CutIntegral = 0
SF_dep = -nan
sigma_aoe = 0.00836614
Total integral = 0
AoE_lowCut = 2 -> 0x7ffc41601010
CutIntegral = 0
SF_dep = -nan
sigma_aoe = 0.00836614
Total integral = 0
AoE_lowCut = 2 -> 0x7ffc41601010
CutIntegral = 0
SF_dep = -nan
sigma_aoe = 0.00836614
Total integral = 0
AoE_lowCut = 2 -> 0x7ffc41601010
CutIntegral = 0
SF_dep = -nan
sigma_aoe = 0.00836614
Total integral = 0
AoE_lowCut = 2 -> 0x7ffc41601010
CutIntegral = 0
SF_dep = -nan
sigma_aoe = 0.00836614
Total integral = 0
AoE_lowCut = 2 -> 0x7ffc41601010
CutIntegral = 0
SF_dep = -nan
sigma_aoe = 0.00836614
Total integral = 0
AoE_lowCut = 2 -> 0x7ffc41601010
CutIntegral = 0
SF_dep = -nan
sigma_aoe = 0.00836614
Total integral = 0
AoE_lowCut = 2 -> 0x7ffc41601010
CutIntegral = 0
SF_dep = -nan
sigma_aoe = 0.00836614
Total integral = 0
AoE_lowCut = 2 -> 0x7ffc41601010
CutIntegral = 0
SF_dep = -nan
sigma_aoe = 0.00836614
Total integral = 0
AoE_lowCut = 2 -> 0x7ffc41601010
CutIntegral = 0
SF_dep = -nan
sigma_aoe = 0.00836614
Total integral = 0
AoE_lowCut = 2 -> 0x7ffc41601010
CutIntegral = 0
SF_dep = -nan
sigma_aoe = 0.00836614
Total integral = 0
AoE_lowCut = 2 -> 0x7ffc41601010
CutIntegral = 0
SF_dep = -nan
sigma_aoe = 0.00836614
Total integral = 0
AoE_lowCut = 2 -> 0x7ffc41601010
CutIntegral = 0
SF_dep = -nan
sigma_aoe = 0.00836614
Total integral = 0
AoE_lowCut = 2 -> 0x7ffc41601010
CutIntegral = 0
SF_dep = -nan
sigma_aoe = 0.00836614
Total integral = 0
AoE_lowCut = 2 -> 0x7ffc41601010
CutIntegral = 0
SF_dep = -nan
sigma_aoe = 0.00836614
Total integral = 0
AoE_lowCut = 2 -> 0x7ffc41601010
CutIntegral = 0
SF_dep = -nan
sigma_aoe = 0.00836614
Total integral = 0
AoE_lowCut = 2 -> 0x7ffc41601010
CutIntegral = 0
SF_dep = -nan
sigma_aoe = 0.00836614
Total integral = 0
AoE_lowCut = 2 -> 0x7ffc41601010
CutIntegral = 0
SF_dep = -nan
sigma_aoe = 0.00836614
Total integral = 0
AoE_lowCut = 2 -> 0x7ffc41601010
CutIntegral = 0
SF_dep = -nan
sigma_aoe = 0.00836614
Total integral = 0
AoE_lowCut = 2 -> 0x7ffc41601010
CutIntegral = 0
SF_dep = -nan
sigma_aoe = 0.00836614
Total integral = 0
AoE_lowCut = 2 -> 0x7ffc41601010
CutIntegral = 0
SF_dep = -nan
sigma_aoe = 0.00836614
