
[1mRooFit v3.60 -- Developed by Wouter Verkerke and David Kirkby[0m 
                Copyright (C) 2000-2013 NIKHEF, University of California & Stanford University
                All rights reserved, please read http://roofit.sourceforge.net/license.txt

Using file /nfs/gerda6/users/burlac/psd/analysis/run0098-cal_dplms_10.tier.root
Analizing channel 28
DPLMS analysis with weight 10
Total events = 17201607
event n.1000000
event n.2000000
event n.3000000
event n.4000000
event n.5000000
event n.6000000
event n.7000000
event n.8000000
event n.9000000
event n.10000000
event n.11000000
event n.12000000
event n.13000000
event n.14000000
event n.15000000
event n.16000000
event n.17000000
Selected events: 253860
The time to read waveforms: 31.61 s
Initialization of DEP&FEP background  = 32
 FCN=113.466 FROM MIGRAD    STATUS=CONVERGED     214 CALLS         215 TOTAL
                     EDM=2.8844e-07    STRATEGY= 1      ERROR MATRIX ACCURATE 
  EXT PARAMETER                                   STEP         FIRST   
  NO.   NAME      VALUE            ERROR          SIZE      DERIVATIVE 
   1  p0           7.19416e+01   3.40869e+00   1.99605e-02  -1.84518e-05
   2  p1           1.59340e+03   9.08872e-02   7.59792e-04   5.90662e-04
   3  p2           1.96297e+00   8.78513e-02   3.60056e-05  -5.97301e-02
   4  p3           1.19034e+02   4.29933e+00   2.53471e-02   6.57137e-06
   5  p4           1.62181e+03   5.91473e-02   7.73340e-04   4.11907e-03
   6  p5           1.72512e+00   5.37305e-02   2.38008e-05  -4.08689e-02
   7  p6           2.90482e+01   4.25909e-01   2.84234e-03   3.56198e-04
                               ERR DEF= 0.5
mean_aoe = 0.1253
AoE: max = 1.55955 max = 0.158169
 FCN=16.4259 FROM MIGRAD    STATUS=CONVERGED     401 CALLS         402 TOTAL
                     EDM=3.7712e-08    STRATEGY= 1  ERROR MATRIX UNCERTAINTY   4.1 per cent
  EXT PARAMETER                                   STEP         FIRST   
  NO.   NAME      VALUE            ERROR          SIZE      DERIVATIVE 
   1  p0           3.49173e-01   8.39794e-02  -4.64306e-05   2.39766e-03
   2  p1           1.01568e+00   1.14929e-02   5.55347e-06  -2.09922e-03
   3  p2           4.63723e-02   1.12606e-02  -3.76966e-05   8.56448e-04
   4  p3           5.03255e-03   4.93477e-03   3.67705e-06   2.68233e+00
   5  p4           4.39542e-03   4.30436e-03   3.20720e-06  -3.02739e+00
                               ERR DEF= 0.5
AoE_lowCut = 0.922935
 FCN=116.394 FROM MIGRAD    STATUS=CONVERGED     242 CALLS         243 TOTAL
                     EDM=2.58758e-08    STRATEGY= 1  ERROR MATRIX UNCERTAINTY   3.0 per cent
  EXT PARAMETER                                   STEP         FIRST   
  NO.   NAME      VALUE            ERROR          SIZE      DERIVATIVE 
   1  p0           7.05722e+01   3.38396e+00   4.07455e-03   1.04202e-05
   2  p1           1.59339e+03   8.49947e-02   8.55714e-05  -2.19217e-03
   3  p2           1.96689e+00   8.71410e-02  -1.20111e-05  -9.05065e-03
   4  p3           1.09905e+02   4.13743e+00  -4.63897e-04  -1.68063e-05
   5  p4           1.62180e+03   6.31133e-02   3.86688e-05   8.21734e-04
   6  p5           1.71517e+00   5.64310e-02  -2.09641e-06  -1.16848e-02
   7  p6           2.74902e+01   4.14389e-01   2.48243e-04  -1.14432e-04
                               ERR DEF= 0.5
AreaDEP_tot = 2959
Area_DEP_tot_psa = 2839
AreaDEP = 1372
Area_DEP_psa = 1359
Area_FEP_tot = 3259
Area_FEP_tot_psa = 3041
Area_FEP = 1576
Area_FEP_psa = 1443
Calculation of AoE vs E correction
 FCN=105.008 FROM MIGRAD    STATUS=CALL LIMIT   2131 CALLS        2132 TOTAL
                     EDM=1.3222    STRATEGY= 1  ERROR MATRIX UNCERTAINTY   9.1 per cent
  EXT PARAMETER                APPROXIMATE        STEP         FIRST   
  NO.   NAME      VALUE            ERROR          SIZE      DERIVATIVE 
   1  p0           5.49668e+01   1.51764e+00  -2.58914e-02  -5.53452e+00
   2  p1           9.85880e-01   6.84054e-04  -7.24893e-03  -2.83622e+01
   3  p2           2.99971e-02   3.85198e-05  -1.02118e-02   1.50055e+00
   4  p3           5.47375e+01   2.00348e+00   8.23322e-01  -3.24159e-01
   5  p4           8.74769e+00   1.39558e-01   3.64777e-03  -1.09776e+01
   6  p5           1.08433e+00   2.94064e-03  -5.98300e-04  -2.42451e+01
   7  p6          -3.46107e-02   2.96686e-03  -1.12392e-02   6.19966e+01
   8  p7           1.58375e-02   2.47342e-03  -6.08935e-03  -2.32759e+00
                               ERR DEF= 0.5
 FCN=259.607 FROM MIGRAD    STATUS=CONVERGED    1717 CALLS        1718 TOTAL
                     EDM=9.13748e-08    STRATEGY= 1  ERROR MATRIX UNCERTAINTY   2.3 per cent
  EXT PARAMETER                                   STEP         FIRST   
  NO.   NAME      VALUE            ERROR          SIZE      DERIVATIVE 
   1  p0           6.44010e+01   1.61420e+00   1.48490e-04  -4.40203e-04
   2  p1           1.02000e+00   4.80141e-05   2.00340e-04** at limit **
   3  p2           3.00000e-02   1.68996e-05  -1.60412e-04** at limit **
   4  p3           5.80234e+01   2.74393e+00  -4.54388e-03   6.10233e-05
   5  p4           2.17352e+01   8.26116e-01   6.31886e-04  -1.82918e-04
   6  p5           9.79032e-01   2.03690e-03  -4.23055e-06  -9.91099e-02
   7  p6          -2.01505e-13   3.46952e-04  -8.23256e-06** at limit **
   8  p7           8.26158e-03   9.19189e-04   4.37401e-05   3.61878e-03
                               ERR DEF= 0.5
 FCN=273.489 FROM MIGRAD    STATUS=CONVERGED    2037 CALLS        2038 TOTAL
                     EDM=8.16049e-08    STRATEGY= 1  ERROR MATRIX UNCERTAINTY   1.8 per cent
  EXT PARAMETER                                   STEP         FIRST   
  NO.   NAME      VALUE            ERROR          SIZE      DERIVATIVE 
   1  p0           5.51042e+01   1.52517e+00  -1.87480e-05   2.29542e-03
   2  p1           1.02000e+00   4.73692e-05   1.48314e-04** at limit **
   3  p2           3.00000e-02   1.87351e-05  -1.06713e-04** at limit **
   4  p3           4.84450e+01   2.39103e+00  -4.68042e-04  -7.49431e-06
   5  p4           2.04976e+01   8.56234e-01  -9.63952e-04   4.72560e-04
   6  p5           9.85545e-01   2.25903e-03   2.28532e-06   2.09091e-01
   7  p6          -1.57517e-10   7.58267e-03  -2.87117e-04** at limit **
   8  p7           7.36586e-03   1.01095e-03  -5.04749e-05   5.49774e-04
                               ERR DEF= 0.5
 FCN=148.971 FROM MIGRAD    STATUS=CALL LIMIT   2131 CALLS        2132 TOTAL
                     EDM=5.60648    STRATEGY= 1  ERROR MATRIX UNCERTAINTY 100.0 per cent
  EXT PARAMETER                APPROXIMATE        STEP         FIRST   
  NO.   NAME      VALUE            ERROR          SIZE      DERIVATIVE 
   1  p0           4.64231e+01   1.41335e+00   3.22885e-02   3.10305e+01
   2  p1           9.91335e-01   1.01505e-03   1.87439e-02  -2.02676e+00
   3  p2           2.98189e-02   1.84483e-04   2.28020e-02   1.22968e+01
   4  p3           3.42085e+01   2.56945e+00  -1.04355e+00   9.75360e-01
   5  p4           9.04222e+00   4.40692e-01   2.60073e-01  -2.05357e+01
   6  p5           1.07244e+00   1.34353e-02  -4.61576e-03  -6.59729e+02
   7  p6          -3.29783e-02   4.83047e-03   1.59343e-02   1.76453e+02
   8  p7           5.26789e-02   1.64658e-02  -1.81921e-01   4.09616e+00
                               ERR DEF= 0.5
 FCN=166.271 FROM MIGRAD    STATUS=CALL LIMIT   2125 CALLS        2126 TOTAL
                     EDM=0.818563    STRATEGY= 1  ERROR MATRIX UNCERTAINTY   7.5 per cent
  EXT PARAMETER                APPROXIMATE        STEP         FIRST   
  NO.   NAME      VALUE            ERROR          SIZE      DERIVATIVE 
   1  p0           4.35165e+01   1.07992e+00   6.49592e-03  -8.26728e-01
   2  p1           9.90644e-01   1.02749e-03   9.48357e-03   4.71308e+00
   3  p2           2.99916e-02   5.22349e-05  -4.74080e-03  -3.34928e+00
   4  p3           2.86889e+01   1.17947e+00  -3.40823e-02   2.81932e-01
   5  p4           5.57913e+00   1.68213e-01   1.44757e-02  -5.78955e+00
   6  p5           1.09448e+00   1.63732e-03   1.11929e-05   2.31554e+02
   7  p6          -1.27639e-01   8.48818e-03  -3.78183e-04   7.76961e+00
   8  p7           7.42576e-03   1.96360e-03   3.91637e-03  -4.69782e+00
                               ERR DEF= 0.5
 FCN=194.707 FROM MIGRAD    STATUS=CONVERGED    1583 CALLS        1584 TOTAL
                     EDM=2.09562e-09    STRATEGY= 1  ERROR MATRIX UNCERTAINTY   1.9 per cent
  EXT PARAMETER                                   STEP         FIRST   
  NO.   NAME      VALUE            ERROR          SIZE      DERIVATIVE 
   1  p0           5.01933e+01   1.43949e+00  -3.98348e-05  -6.45374e-05
   2  p1           1.02000e+00   6.84500e-05   8.09109e-05** at limit **
   3  p2           3.00000e-02   2.39391e-05  -3.38239e-05** at limit **
   4  p3           4.53360e+01   2.47083e+00  -7.36069e-05  -3.51951e-05
   5  p4           2.24217e+01   9.62798e-01  -4.53906e-04   8.51590e-05
   6  p5           9.80466e-01   2.11473e-03   9.84485e-07   2.11212e-02
   7  p6          -3.33289e-13   9.86595e-04  -3.45331e-05** at limit **
   8  p7           7.55825e-03   1.09982e-03   1.69868e-06  -1.62585e-04
                               ERR DEF= 0.5
 FCN=202.776 FROM MIGRAD    STATUS=CONVERGED    2082 CALLS        2083 TOTAL
                     EDM=1.31076e-06    STRATEGY= 1  ERROR MATRIX UNCERTAINTY   7.5 per cent
  EXT PARAMETER                                   STEP         FIRST   
  NO.   NAME      VALUE            ERROR          SIZE      DERIVATIVE 
   1  p0           4.45069e+01   1.37666e+00  -0.00000e+00   1.17413e-03
   2  p1           1.02000e+00   5.68972e-05   0.00000e+00** at limit **
   3  p2           3.00000e-02   2.21052e-05  -0.00000e+00** at limit **
   4  p3           4.62030e+01   3.09897e+00   0.00000e+00   4.16537e-04
   5  p4           2.38065e+01   1.43608e+00   0.00000e+00  -1.69503e-03
   6  p5           9.80126e-01   2.89564e-03  -0.00000e+00  -2.57299e-01
   7  p6          -1.42802e-03   8.13448e-04  -0.00000e+00   6.59311e-03
   8  p7           8.31343e-03   1.35691e-03   0.00000e+00  -1.78677e-03
                               ERR DEF= 0.5
 FCN=160.966 FROM MIGRAD    STATUS=CALL LIMIT   2135 CALLS        2136 TOTAL
                     EDM=0.00823962    STRATEGY= 1  ERROR MATRIX UNCERTAINTY  15.8 per cent
  EXT PARAMETER                APPROXIMATE        STEP         FIRST   
  NO.   NAME      VALUE            ERROR          SIZE      DERIVATIVE 
   1  p0           4.37149e+01   1.42800e+00  -1.16625e-02  -5.02678e-01
   2  p1           1.02000e+00   8.56739e-05   3.99405e-03** at limit **
   3  p2           3.00000e-02   2.96821e-05   4.72026e-03   3.37548e-01
   4  p3           4.72954e+01   2.52701e+00   1.05189e+00  -3.96467e-02
   5  p4           2.46381e+01   1.06717e+00   2.57475e-01   8.12108e-02
   6  p5           9.81258e-01   2.58489e-03  -8.85609e-05   6.32744e+00
   7  p6          -8.64021e-07   3.20477e-04   6.58817e-03   1.44819e+00
   8  p7           8.55575e-03   1.11785e-03  -7.46814e-03  -7.75586e-01
                               ERR DEF= 0.5
 FCN=367.275 FROM MIGRAD    STATUS=CALL LIMIT   2125 CALLS        2126 TOTAL
                     EDM=13.4485    STRATEGY= 1  ERROR MATRIX UNCERTAINTY  18.7 per cent
  EXT PARAMETER                APPROXIMATE        STEP         FIRST   
  NO.   NAME      VALUE            ERROR          SIZE      DERIVATIVE 
   1  p0           5.60657e+01   1.52234e+00   8.37284e-02   3.13719e+01
   2  p1           1.01851e+00   6.73982e-04   6.04701e-02  -2.32730e+01
   3  p2           2.99665e-02   3.95538e-05   7.26828e-02   2.47307e+01
   4  p3           2.82776e+01   1.33393e+00   4.91275e+00   2.28729e+00
   5  p4           1.07461e+01   4.60618e-01   2.35911e+00  -4.31432e+01
   6  p5           9.89503e-01   2.15541e-03  -3.64709e-03  -2.27172e+03
   7  p6          -4.73675e-02   9.22993e-03   2.04102e-01   3.77516e+02
   8  p7           5.22721e-03   5.17072e-04   5.30864e-02   5.69436e+00
                               ERR DEF= 0.5
 FCN=103.256 FROM MIGRAD    STATUS=FAILED       1867 CALLS        1868 TOTAL
                     EDM=9.58401e-05    STRATEGY= 1      ERR MATRIX NOT POS-DEF
  EXT PARAMETER                APPROXIMATE        STEP         FIRST   
  NO.   NAME      VALUE            ERROR          SIZE      DERIVATIVE 
   1  p0           3.78000e+01   3.38171e-01   1.53616e-03** at limit **
   2  p1           9.80000e-01   7.45152e-04   2.22232e-03** at limit **
   3  p2           3.00000e-02   1.44594e-04   1.23523e-03** at limit **
   4  p3           4.93901e+01   1.84278e+00   1.05339e-02  -7.68698e-06
   5  p4           1.51258e+01   6.19758e-01   3.86519e-04   4.64403e-02
   6  p5           1.05658e+00   9.83182e-03   6.70890e-06   2.17275e+00
   7  p6          -7.71845e-03   2.16643e-03   1.12454e-05  -1.59851e+00
   8  p7           1.93593e-02   3.69044e-03   2.22319e-04  -1.00070e-02
                               ERR DEF= 0.5
 FCN=170.025 FROM MIGRAD    STATUS=CALL LIMIT   2142 CALLS        2143 TOTAL
                     EDM=0.0219845    STRATEGY= 1  ERROR MATRIX UNCERTAINTY  28.9 per cent
  EXT PARAMETER                APPROXIMATE        STEP         FIRST   
  NO.   NAME      VALUE            ERROR          SIZE      DERIVATIVE 
   1  p0           4.66388e+01   1.53775e+00  -6.50683e-03  -3.30590e-02
   2  p1           9.90531e-01   1.17874e-03  -6.91408e-03  -2.16275e+00
   3  p2           3.00000e-02   4.04169e-05   2.21610e-03   1.68600e-01
   4  p3           1.71660e+02   3.42021e+01  -4.81938e+00   1.54798e-02
   5  p4           6.30595e+00   2.51589e-01   9.83461e-03  -3.50306e+00
   6  p5           1.36525e+00   3.65705e-02  -4.95333e-03  -3.65112e+01
   7  p6          -1.75604e-02   3.12636e-03  -3.21103e-03   3.35479e+01
   8  p7           9.89457e-02   6.56653e-02  -1.29626e-01  -1.62873e-01
                               ERR DEF= 0.5
 FCN=131.304 FROM MIGRAD    STATUS=CALL LIMIT   2127 CALLS        2128 TOTAL
                     EDM=0.0431282    STRATEGY= 1  ERROR MATRIX UNCERTAINTY  27.0 per cent
  EXT PARAMETER                APPROXIMATE        STEP         FIRST   
  NO.   NAME      VALUE            ERROR          SIZE      DERIVATIVE 
   1  p0           4.73065e+01   1.51369e+00  -2.94875e-03   6.12780e-02
   2  p1           9.90509e-01   1.07337e-03  -6.80375e-03  -3.84109e-01
   3  p2           3.00000e-02   5.41453e-05   6.12285e-03  -1.47729e-01
   4  p3           3.33511e+02   3.30967e+01   1.16358e+01   2.82555e-04
   5  p4           7.05316e+00   4.90864e-01   1.72796e-01  -7.65028e+00
   6  p5           1.42936e+00   1.27995e-02  -4.10875e-03  -6.97853e+01
   7  p6          -6.91161e-03   1.98328e-03   8.37073e-03   1.23242e+02
   8  p7           9.87139e-02   8.06798e-02   1.04184e-01  -7.86593e-02
                               ERR DEF= 0.5
 FCN=139.353 FROM HESSE     STATUS=OK             61 CALLS        2239 TOTAL
                     EDM=1.68937e-08    STRATEGY= 1      ERROR MATRIX ACCURATE 
  EXT PARAMETER                                   STEP         FIRST   
  NO.   NAME      VALUE            ERROR          SIZE      DERIVATIVE 
   1  p0           5.52253e+01   1.60812e+00   1.17235e-04   6.11327e-05
   2  p1           9.89533e-01   1.01788e-03   9.00645e-05  -9.98336e-04
   3  p2           3.00000e-02   3.92185e-05   1.29810e-04** at limit **
   4  p3           9.38360e+02   9.99998e-01   1.11415e-02   3.24363e-07
   5  p4           8.32566e+00   5.26489e-01   9.03689e-06   3.14976e-03
   6  p5           1.48557e+00   2.58579e-02   7.23002e-07   3.35521e-02
   7  p6          -1.65169e-03   3.36336e-04   3.16889e-07  -1.07207e-01
   8  p7           8.07486e-03   2.04221e-02   5.00000e-01  -4.74874e-07
                               ERR DEF= 0.5
 FCN=88.42 FROM MIGRAD    STATUS=CALL LIMIT   2136 CALLS        2137 TOTAL
                     EDM=3.22166e-05    STRATEGY= 1  ERROR MATRIX UNCERTAINTY   6.3 per cent
  EXT PARAMETER                APPROXIMATE        STEP         FIRST   
  NO.   NAME      VALUE            ERROR          SIZE      DERIVATIVE 
   1  p0           4.20000e+01   7.33612e-01  -1.90601e-03** at limit **
   2  p1           9.80992e-01   1.40613e-03  -1.81817e-03  -3.87710e-03
   3  p2           3.00000e-02   2.70831e-04  -6.17153e-04** at limit **
   4  p3           7.36249e+01   2.53566e+00   6.99778e-04   1.73927e-04
   5  p4           1.71055e+01   7.05861e-01   3.24260e-03  -1.57271e-02
   6  p5           1.04745e+00   3.63227e-03   4.91269e-05  -7.30070e-01
   7  p6          -6.27644e-03   1.22211e-03   2.17976e-04   2.13935e-01
   8  p7           1.89676e-02   1.24089e-03   9.40133e-04   7.53491e-02
                               ERR DEF= 0.5
 FCN=130.561 FROM MIGRAD    STATUS=CALL LIMIT   2121 CALLS        2122 TOTAL
                     EDM=3.38973    STRATEGY= 1  ERROR MATRIX UNCERTAINTY   8.2 per cent
  EXT PARAMETER                APPROXIMATE        STEP         FIRST   
  NO.   NAME      VALUE            ERROR          SIZE      DERIVATIVE 
   1  p0           6.37051e+01   1.80924e+00  -3.53446e-02   5.07851e+00
   2  p1           9.88520e-01   7.43425e-04  -9.09916e-03   5.34252e+00
   3  p2           2.99406e-02   8.55030e-05   1.28542e-02   1.08613e+01
   4  p3           5.76568e+01   2.18457e+00   3.51727e+00   4.49098e-01
   5  p4           1.24050e+01   5.55072e-01   9.05494e-01  -9.47085e+00
   6  p5           1.07034e+00   5.80264e-03  -6.28422e-03  -1.53914e+02
   7  p6          -1.43971e-02   2.80424e-03   3.53942e-02   1.26595e+02
   8  p7           3.32053e-02   3.83973e-03  -9.64857e-02  -1.68805e+01
                               ERR DEF= 0.5
 FCN=269.581 FROM MIGRAD    STATUS=CALL LIMIT   2120 CALLS        2121 TOTAL
                     EDM=0.737255    STRATEGY= 1  ERROR MATRIX UNCERTAINTY  22.8 per cent
  EXT PARAMETER                APPROXIMATE        STEP         FIRST   
  NO.   NAME      VALUE            ERROR          SIZE      DERIVATIVE 
   1  p0           8.73554e+01   1.92203e+00   3.77784e-03   1.27649e+01
   2  p1           9.94955e-01   7.18204e-04   7.45374e-04   5.05665e+00
   3  p2           2.99998e-02   2.12364e-05  -5.58411e-05  -1.40564e+00
   4  p3           1.18523e+02   8.53068e+00  -1.02374e+00   3.25863e-01
   5  p4           4.66429e+00   3.30562e-02   1.17978e-02  -2.03209e+00
   6  p5           1.33551e+00   1.71292e-02  -3.22964e-03   1.64931e+00
   7  p6          -5.31551e-02   3.15982e-03  -1.62181e-03  -1.90950e+02
   8  p7           3.15922e-02   2.14145e-02  -4.41943e-01   1.18525e-01
                               ERR DEF= 0.5

****************************************
Minimizer is Linear
Chi2                      =        12516
NDf                       =           14
p0                        =      1.02233   +/-   0.000128978 
p1                        = -2.02375e-06   +/-   9.86505e-08 
Calculation of survival fraction for 2104
 FCN=153.134 FROM MIGRAD    STATUS=CONVERGED     104 CALLS         105 TOTAL
                     EDM=1.22693e-07    STRATEGY= 1      ERROR MATRIX ACCURATE 
  EXT PARAMETER                                   STEP         FIRST   
  NO.   NAME      VALUE            ERROR          SIZE      DERIVATIVE 
   1  p0           1.91091e+02   4.50630e+00   3.08373e-02   7.58458e-06
   2  p1           2.10448e+03   5.07600e-02   1.00349e-03  -5.87373e-05
   3  p2           2.32794e+00   4.48106e-02   1.99950e-05  -1.13937e-02
   4  p3           3.42372e+01   3.67977e-01   3.04771e-03  -9.51708e-04
                               ERR DEF= 0.5
Area_tot = 6154
Area_tot_psa = 5565
Area = 3605
Area_psa = 3136
 FCN=150.521 FROM MIGRAD    STATUS=CONVERGED     100 CALLS         101 TOTAL
                     EDM=1.66434e-07    STRATEGY= 1  ERROR MATRIX UNCERTAINTY   7.3 per cent
  EXT PARAMETER                                   STEP         FIRST   
  NO.   NAME      VALUE            ERROR          SIZE      DERIVATIVE 
   1  p0           1.66030e+02   4.24856e+00  -2.31394e-02   4.86881e-05
   2  p1           2.10447e+03   5.51893e-02  -3.34145e-05  -6.15463e-03
   3  p2           2.33722e+00   5.04189e-02   5.55601e-06  -1.59881e-03
   4  p3           3.26245e+01   3.57037e-01  -9.24584e-04  -1.01703e-03
                               ERR DEF= 0.5
Calculation of survival fraction for 2614.5
 FCN=543.252 FROM MIGRAD    STATUS=CONVERGED     137 CALLS         138 TOTAL
                     EDM=6.77593e-10    STRATEGY= 1      ERROR MATRIX ACCURATE 
  EXT PARAMETER                                   STEP         FIRST   
  NO.   NAME      VALUE            ERROR          SIZE      DERIVATIVE 
   1  p0           1.74544e+03   1.17316e+01   1.52610e-01  -2.36691e-06
   2  p1           2.61451e+03   1.28894e-02   1.24669e-03  -4.17475e-04
   3  p2           2.34248e+00   9.57270e-03   8.18402e-06  -4.49651e-02
   4  p3           3.86694e+00   1.40300e-01   2.24255e-03  -3.31839e-05
                               ERR DEF= 0.5
Area_tot = 34521
Area_tot_psa = 32734
Area = 34179
Area_psa = 32417
 FCN=522.212 FROM MIGRAD    STATUS=CONVERGED     128 CALLS         129 TOTAL
                     EDM=8.54197e-09    STRATEGY= 1      ERROR MATRIX ACCURATE 
  EXT PARAMETER                                   STEP         FIRST   
  NO.   NAME      VALUE            ERROR          SIZE      DERIVATIVE 
   1  p0           1.65303e+03   1.14093e+01   1.45492e-01   2.48950e-06
   2  p1           2.61450e+03   1.32521e-02   1.24669e-03   1.89759e-03
   3  p2           2.34600e+00   9.84671e-03   8.24512e-06   1.59426e-01
   4  p3           3.49808e+00   1.34917e-01   2.11410e-03   1.02717e-04
                               ERR DEF= 0.5
Calculation of survival fraction background at 2039
Area = 7408
Area_psa = 7045
