
[1mRooFit v3.60 -- Developed by Wouter Verkerke and David Kirkby[0m 
                Copyright (C) 2000-2013 NIKHEF, University of California & Stanford University
                All rights reserved, please read http://roofit.sourceforge.net/license.txt

Using file /nfs/gerda6/users/burlac/psd/analysis/run0098-cal_dplms_10.tier.root
Analizing channel 26
Standard analysis 
Total events = 17201607
event n.1000000
event n.2000000
event n.3000000
event n.4000000
event n.5000000
event n.6000000
event n.7000000
event n.8000000
event n.9000000
event n.10000000
event n.11000000
event n.12000000
event n.13000000
event n.14000000
event n.15000000
event n.16000000
event n.17000000
Selected events: 183136
The time to read waveforms: 26.71 s
Initialization of DEP&FEP background  = 21
 FCN=118.079 FROM MIGRAD    STATUS=CONVERGED     212 CALLS         213 TOTAL
                     EDM=7.55055e-07    STRATEGY= 1      ERROR MATRIX ACCURATE 
  EXT PARAMETER                                   STEP         FIRST   
  NO.   NAME      VALUE            ERROR          SIZE      DERIVATIVE 
   1  p0           2.25875e+02   6.51716e+00   3.90216e-02   3.87511e-05
   2  p1           1.59301e+03   3.04821e-02   7.59608e-04   1.04120e-02
   3  p2           1.18755e+00   2.61484e-02   1.42815e-05  -1.04126e-01
   4  p3           1.14056e+02   4.90524e+00   2.90311e-02  -7.16820e-06
   5  p4           1.62118e+03   4.91395e-02   7.73039e-04  -1.22131e-02
   6  p5           1.23177e+00   4.60575e-02   2.42876e-05  -9.00367e-03
   7  p6           2.13960e+01   3.44921e-01   2.47527e-03   7.74141e-04
                               ERR DEF= 0.5
mean_aoe = 0.0435
AoE: max = 1.71283 max = 0.0670266
 FCN=0.521356 FROM MIGRAD    STATUS=CONVERGED     352 CALLS         353 TOTAL
                     EDM=5.0894e-10    STRATEGY= 1  ERROR MATRIX UNCERTAINTY   2.0 per cent
  EXT PARAMETER                                   STEP         FIRST   
  NO.   NAME      VALUE            ERROR          SIZE      DERIVATIVE 
   1  p0           1.00051e+00   5.43405e-01   3.54738e-04  -6.16363e-05
   2  p1           1.00125e+00   3.63418e-03   1.39383e-06   1.13787e-03
   3  p2           7.91517e-03   2.83438e-03  -4.60992e-05  -2.80402e-04
   4  p3           3.60717e-03   5.01529e-03   3.77065e-06   1.94786e-01
   5  p4           2.56416e-03   3.56112e-03   2.67801e-06  -2.71434e-01
                               ERR DEF= 0.5
Total integral = 2223
Bin number = 100  AoE_lowCut = 52 -> 1.03
CutIntegral = 1160
SF_dep = 0.521817
sigma_aoe = 0.00791517
Total integral = 2223
Bin number = 250  AoE_lowCut = 125 -> 0.996
CutIntegral = 2008
SF_dep = 0.903284
sigma_aoe = 0.00791517
Total integral = 2223
Bin number = 500  AoE_lowCut = 248 -> 0.99
CutIntegral = 2008
SF_dep = 0.903284
sigma_aoe = 0.00791517
Total integral = 2223
Bin number = 1000  AoE_lowCut = 494 -> 0.987
CutIntegral = 2008
SF_dep = 0.903284
sigma_aoe = 0.00791517
Total integral = 2223
Bin number = 1500  AoE_lowCut = 740 -> 0.986
CutIntegral = 2008
SF_dep = 0.903284
sigma_aoe = 0.00791517
Total integral = 2223
Bin number = 2000  AoE_lowCut = 986 -> 0.9855
CutIntegral = 2008
SF_dep = 0.903284
sigma_aoe = 0.00791517
Total integral = 2223
Bin number = 2500  AoE_lowCut = 1232 -> 0.9852
CutIntegral = 2008
SF_dep = 0.903284
sigma_aoe = 0.00791517
Total integral = 2223
Bin number = 3000  AoE_lowCut = 1478 -> 0.985
CutIntegral = 2008
SF_dep = 0.903284
sigma_aoe = 0.00791517
Total integral = 2223
Bin number = 3500  AoE_lowCut = 1724 -> 0.984857
CutIntegral = 2008
SF_dep = 0.903284
sigma_aoe = 0.00791517
Total integral = 2223
Bin number = 4000  AoE_lowCut = 1970 -> 0.98475
CutIntegral = 2008
SF_dep = 0.903284
sigma_aoe = 0.00791517
Total integral = 2223
Bin number = 4500  AoE_lowCut = 2215 -> 0.984222
CutIntegral = 2011
SF_dep = 0.904633
sigma_aoe = 0.00791517
Total integral = 2223
Bin number = 5000  AoE_lowCut = 2461 -> 0.9842
CutIntegral = 2010
SF_dep = 0.904184
sigma_aoe = 0.00791517
Total integral = 2223
Bin number = 6000  AoE_lowCut = 2953 -> 0.984167
CutIntegral = 2010
SF_dep = 0.904184
sigma_aoe = 0.00791517
Total integral = 2223
Bin number = 7000  AoE_lowCut = 3446 -> 0.984429
CutIntegral = 2008
SF_dep = 0.903284
sigma_aoe = 0.00791517
Total integral = 2223
Bin number = 8000  AoE_lowCut = 3938 -> 0.984375
CutIntegral = 2008
SF_dep = 0.903284
sigma_aoe = 0.00791517
Total integral = 2223
Bin number = 9000  AoE_lowCut = 4428 -> 0.983889
CutIntegral = 2011
SF_dep = 0.904633
sigma_aoe = 0.00791517
Total integral = 2223
Bin number = 10000  AoE_lowCut = 4920 -> 0.9839
CutIntegral = 2010
SF_dep = 0.904184
sigma_aoe = 0.00791517
