
[1mRooFit v3.60 -- Developed by Wouter Verkerke and David Kirkby[0m 
                Copyright (C) 2000-2013 NIKHEF, University of California & Stanford University
                All rights reserved, please read http://roofit.sourceforge.net/license.txt

Using file /nfs/gerda6/users/burlac/psd/analysis/run0098-cal_dplms_1000.tier.root
Analizing channel 9
DPLMS analysis with weight 1000
Total events = 17201607
event n.1000000
event n.2000000
event n.3000000
event n.4000000
event n.5000000
event n.6000000
event n.7000000
event n.8000000
event n.9000000
event n.10000000
event n.11000000
event n.12000000
event n.13000000
event n.14000000
event n.15000000
event n.16000000
event n.17000000
Selected events: 274356
The time to read waveforms: 32.37 s
Initialization of DEP&FEP background  = 32
 FCN=123.82 FROM MIGRAD    STATUS=CONVERGED     214 CALLS         215 TOTAL
                     EDM=9.45101e-08    STRATEGY= 1      ERROR MATRIX ACCURATE 
  EXT PARAMETER                                   STEP         FIRST   
  NO.   NAME      VALUE            ERROR          SIZE      DERIVATIVE 
   1  p0           9.66629e+01   4.20318e+00   2.46433e-02  -3.84499e-05
   2  p1           1.59275e+03   7.19363e-02   7.59484e-04  -3.02693e-03
   3  p2           1.74852e+00   7.68138e-02   3.28447e-05  -1.12240e-02
   4  p3           1.36056e+02   4.71961e+00   2.91020e-02   1.15695e-05
   5  p4           1.62101e+03   5.25145e-02   7.72956e-04   2.71414e-03
   6  p5           1.60535e+00   4.68872e-02   2.25727e-05   3.02704e-02
   7  p6           3.13645e+01   4.38658e-01   3.07378e-03   1.04691e-04
                               ERR DEF= 0.5
mean_aoe = 0.0307
AoE: max = 2.99388 max = 0.0537801
 FCN=8.09374 FROM MIGRAD    STATUS=CONVERGED     431 CALLS         432 TOTAL
                     EDM=2.44404e-08    STRATEGY= 1      ERROR MATRIX ACCURATE 
  EXT PARAMETER                                   STEP         FIRST   
  NO.   NAME      VALUE            ERROR          SIZE      DERIVATIVE 
   1  p0           4.43816e-01   1.96015e-01   2.44086e-04  -1.67235e-04
   2  p1           1.05541e+00   8.46213e-02   6.52249e-05  -2.74743e-03
   3  p2           9.16626e-02   6.46224e-02   1.54052e-04   6.16679e-04
   4  p3          -1.55231e-01   2.93354e-01   5.30279e-05  -1.42876e-03
   5  p4           2.40829e-01   4.01754e-01   6.73296e-05  -1.13383e-03
                               ERR DEF= 0.5
Analysis with a fixed bin for LowCut
Total integral = 1414
AoE_lowCut = 1906 -> 0.95275
CutIntegral = 1279
SF_dep = 0.904526
sigma_aoe = 0.0916626
 FCN=119.217 FROM MIGRAD    STATUS=CONVERGED     224 CALLS         225 TOTAL
                     EDM=9.38585e-07    STRATEGY= 1  ERROR MATRIX UNCERTAINTY   4.0 per cent
  EXT PARAMETER                                   STEP         FIRST   
  NO.   NAME      VALUE            ERROR          SIZE      DERIVATIVE 
   1  p0           8.94349e+01   3.96097e+00   8.19353e-03  -8.73081e-05
   2  p1           1.59272e+03   7.18289e-02  -1.81821e-04   1.22472e-02
   3  p2           1.76018e+00   7.53784e-02   6.66633e-06  -4.80124e-02
   4  p3           1.08854e+02   4.21985e+00   2.83943e-02  -1.32315e-04
   5  p4           1.62094e+03   5.94459e-02   1.56734e-04   5.93452e-03
   6  p5           1.62015e+00   5.29987e-02  -2.95698e-05  -1.93501e-01
   7  p6           2.60533e+01   4.00260e-01  -1.71417e-04  -2.11105e-03
                               ERR DEF= 0.5
AreaDEP_tot = 3149
Area_DEP_tot_psa = 2758
AreaDEP = 1325
Area_DEP_psa = 1203
Area_FEP_tot = 3419
Area_FEP_tot_psa = 2798
Area_FEP = 1848
Area_FEP_psa = 1482
Calculation of AoE vs E correction
 FCN=128.678 FROM MIGRAD    STATUS=CALL LIMIT   2121 CALLS        2122 TOTAL
                     EDM=2.74033    STRATEGY= 1  ERROR MATRIX UNCERTAINTY  16.2 per cent
  EXT PARAMETER                APPROXIMATE        STEP         FIRST   
  NO.   NAME      VALUE            ERROR          SIZE      DERIVATIVE 
   1  p0           2.52023e+01   2.69364e-01  -9.56112e-03   4.50093e-01
   2  p1           9.80079e-01   6.03199e-04  -9.11703e-03   1.46309e+00
   3  p2           5.00000e-03   4.08633e-04  -2.29331e-03** at limit **
   4  p3           6.76198e+01   2.35706e+00   2.00482e+00   6.82608e-02
   5  p4           5.68397e+00   4.66236e-01   2.10032e-01   4.61649e+00
   6  p5           1.07685e+00   7.70364e-03  -2.49480e-03   1.34844e+02
   7  p6          -1.13301e-01   1.95346e-02   1.40609e-02  -3.95490e+01
   8  p7           5.20986e-02   8.18949e-03  -1.03027e-01   1.00469e+00
                               ERR DEF= 0.5
 FCN=483.847 FROM MIGRAD    STATUS=CONVERGED     818 CALLS         819 TOTAL
                     EDM=2.05391e-07    STRATEGY= 1      ERROR MATRIX ACCURATE 
  EXT PARAMETER                                   STEP         FIRST   
  NO.   NAME      VALUE            ERROR          SIZE      DERIVATIVE 
   1  p0           4.25207e+01   1.16993e+00   1.66927e-03  -1.92492e-03
   2  p1           1.02000e+00   2.30479e-05   7.29718e-04** at limit **
   3  p2           3.00000e-02   1.12827e-05   6.45729e-04** at limit **
   4  p3           3.15548e+01   1.69797e+00   1.44651e-02   1.08425e-04
   5  p4           1.20664e+01   1.52861e+00   3.93127e-03  -5.25999e-04
   6  p5           9.68500e-01   2.85525e-03   2.37053e-05  -5.24878e-02
   7  p6          -2.25072e-02   2.13557e-02   4.80706e-04   1.79990e-03
   8  p7           7.74829e-03   1.14962e-03   8.38439e-04   3.96101e-03
                               ERR DEF= 0.5
 FCN=130.56 FROM HESSE     STATUS=NOT POSDEF     61 CALLS        1498 TOTAL
                     EDM=4.52653e-06    STRATEGY= 1      ERR MATRIX NOT POS-DEF
  EXT PARAMETER                APPROXIMATE        STEP         FIRST   
  NO.   NAME      VALUE            ERROR          SIZE      DERIVATIVE 
   1  p0           1.86000e+01   1.05150e-01   2.38466e-04** at limit **
   2  p1           9.80000e-01   2.42235e-03   7.87961e-04** at limit **
   3  p2           3.00000e-02   9.79836e-04   6.31627e-04** at limit **
   4  p3           7.07322e+01   1.16984e+01   3.00269e-03   1.67495e-05
   5  p4           3.14784e+00   2.59087e-01   3.18770e-05   5.84083e-03
   6  p5           1.28079e+00   3.94186e-02   4.69732e-06   2.89410e-02
   7  p6          -1.59614e-01   2.27574e-02   8.63106e-06  -2.09797e-02
   8  p7           9.89783e-02   4.89676e-02   6.47878e-04  -3.09457e-04
                               ERR DEF= 0.5
 FCN=488.939 FROM MIGRAD    STATUS=CONVERGED     662 CALLS         663 TOTAL
                     EDM=9.93009e-07    STRATEGY= 1  ERROR MATRIX UNCERTAINTY   4.1 per cent
  EXT PARAMETER                                   STEP         FIRST   
  NO.   NAME      VALUE            ERROR          SIZE      DERIVATIVE 
   1  p0           3.58093e+01   1.04910e+00   3.05719e-04  -3.62799e-03
   2  p1           1.02000e+00   1.87448e-05   1.08991e-05** at limit **
   3  p2           3.00000e-02   1.15459e-05  -1.73513e-04** at limit **
   4  p3           2.32743e+01   1.28784e+00   2.70007e-03  -1.18602e-03
   5  p4           1.02351e+01   1.45133e+00   4.44291e-03   1.11105e-03
   6  p5           9.66499e-01   2.42011e-03   2.31217e-06  -1.40415e-01
   7  p6          -4.84663e-02   3.15333e-02   3.65887e-04  -1.04588e-02
   8  p7           6.35415e-03   1.35367e-03  -4.28234e-04  -2.36861e-03
                               ERR DEF= 0.5
 FCN=184.526 FROM HESSE     STATUS=NOT POSDEF     65 CALLS        1717 TOTAL
                     EDM=8.1328e-09    STRATEGY= 1      ERR MATRIX NOT POS-DEF
  EXT PARAMETER                APPROXIMATE        STEP         FIRST   
  NO.   NAME      VALUE            ERROR          SIZE      DERIVATIVE 
   1  p0           2.16000e+01   6.54585e-02   2.07298e-04** at limit **
   2  p1           9.85519e-01   3.79184e-03   1.01161e-04  -1.02949e-05
   3  p2           3.00000e-02   3.61261e-04   4.53526e-04** at limit **
   4  p3           1.06248e+02   1.54112e+01   1.10809e-03  -7.32478e-07
   5  p4           2.48664e+00   1.78642e-01   5.11749e-06   1.97245e-04
   6  p5           1.46186e+00   4.77569e-02   1.25680e-06  -2.93037e-04
   7  p6          -1.46305e-01   2.08470e-02   1.77426e-06   5.23217e-04
   8  p7           2.35481e-02   6.38500e-02   4.16574e-01  -3.25418e-06
                               ERR DEF= 0.5
 FCN=129.432 FROM HESSE     STATUS=OK             61 CALLS        1002 TOTAL
                     EDM=2.86566e-07    STRATEGY= 1      ERROR MATRIX ACCURATE 
  EXT PARAMETER                                   STEP         FIRST   
  NO.   NAME      VALUE            ERROR          SIZE      DERIVATIVE 
   1  p0           1.92000e+01   1.18820e-01   2.47957e-04** at limit **
   2  p1           9.80000e-01   6.35979e-04   3.98042e-04** at limit **
   3  p2           3.00000e-02   2.35401e-04   3.05955e-04** at limit **
   4  p3           3.89662e+01   7.36685e+00   1.75642e-03   2.79015e-04
   5  p4           1.76934e+00   5.91731e-01   3.73611e-06   1.18350e-03
   6  p5           1.10557e+00   1.14587e-02   6.85040e-07  -3.82164e-03
   7  p6          -4.89593e-01   1.17081e-01   1.42812e-06   7.54428e-03
   8  p7           5.34015e-03   6.43183e-02   1.42624e-04   5.28706e-04
                               ERR DEF= 0.5
 FCN=356.358 FROM MIGRAD    STATUS=CONVERGED     820 CALLS         821 TOTAL
                     EDM=5.29486e-07    STRATEGY= 1      ERROR MATRIX ACCURATE 
  EXT PARAMETER                                   STEP         FIRST   
  NO.   NAME      VALUE            ERROR          SIZE      DERIVATIVE 
   1  p0           3.10451e+01   1.50223e+00   7.80101e-03  -4.01701e-04
   2  p1           1.02000e+00   3.28353e-05   7.47572e-04** at limit **
   3  p2           3.00000e-02   1.59587e-05   6.59194e-04** at limit **
   4  p3           2.43230e+01   1.44305e+00   1.10516e-02  -6.61373e-04
   5  p4           1.23519e+01   1.45859e+00   3.73364e-03   1.39113e-03
   6  p5           9.66600e-01   2.62298e-03   2.12162e-05   3.19903e-04
   7  p6          -2.70318e-02   1.87443e-02   3.78781e-04  -1.27209e-02
   8  p7           7.11520e-03   1.28982e-03   9.66089e-04   1.58485e-03
                               ERR DEF= 0.5
 FCN=363.858 FROM MIGRAD    STATUS=CONVERGED    1069 CALLS        1070 TOTAL
                     EDM=5.25236e-08    STRATEGY= 1      ERROR MATRIX ACCURATE 
  EXT PARAMETER                                   STEP         FIRST   
  NO.   NAME      VALUE            ERROR          SIZE      DERIVATIVE 
   1  p0           3.36174e+01   1.02606e+00   1.25182e-03   2.07156e-04
   2  p1           1.02000e+00   3.10068e-05   7.34079e-04** at limit **
   3  p2           3.00000e-02   1.55913e-05   6.58378e-04** at limit **
   4  p3           2.28985e+01   1.36935e+00   1.08118e-02  -5.56923e-05
   5  p4           1.21238e+01   1.44837e+00   3.71524e-03   4.44787e-04
   6  p5           9.63985e-01   2.85471e-03   2.33793e-05   8.41320e-02
   7  p6          -3.10263e-02   1.91142e-02   3.60940e-04  -4.73259e-03
   8  p7           7.84783e-03   1.32236e-03   8.96889e-04   4.87056e-04
                               ERR DEF= 0.5
 FCN=401.669 FROM MIGRAD    STATUS=CONVERGED     824 CALLS         825 TOTAL
                     EDM=9.86708e-07    STRATEGY= 1  ERROR MATRIX UNCERTAINTY   3.9 per cent
  EXT PARAMETER                                   STEP         FIRST   
  NO.   NAME      VALUE            ERROR          SIZE      DERIVATIVE 
   1  p0           3.49838e+01   1.07066e+00  -4.62868e-04  -2.92673e-05
   2  p1           1.02000e+00   1.58389e-05  -2.86808e-05** at limit **
   3  p2           3.00000e-02   1.38171e-05   8.64935e-05** at limit **
   4  p3           2.70568e+01   1.77890e+00   3.12006e-03  -7.14519e-04
   5  p4           1.38185e+01   1.71239e+00   1.43446e-03   1.15613e-03
   6  p5           9.70463e-01   3.58573e-03   3.28937e-06  -4.06369e-02
   7  p6          -2.16314e-03   2.59285e-02   7.39106e-04   2.83827e-04
   8  p7           6.82350e-03   1.73244e-03  -6.06520e-05   4.54053e-03
                               ERR DEF= 0.5
 FCN=419.284 FROM MIGRAD    STATUS=CONVERGED     974 CALLS         975 TOTAL
                     EDM=1.29836e-07    STRATEGY= 1  ERROR MATRIX UNCERTAINTY   4.0 per cent
  EXT PARAMETER                                   STEP         FIRST   
  NO.   NAME      VALUE            ERROR          SIZE      DERIVATIVE 
   1  p0           3.82321e+01   1.09409e+00  -8.76477e-05  -2.65182e-04
   2  p1           1.02000e+00   2.45574e-05  -5.60085e-05** at limit **
   3  p2           3.00000e-02   1.22941e-05   5.16516e-05** at limit **
   4  p3           2.84305e+01   1.56763e+00   2.45370e-03  -5.44333e-04
   5  p4           1.25093e+01   1.26044e+00   1.78637e-03   1.60648e-03
   6  p5           9.71774e-01   2.64602e-03   6.99862e-07   1.38057e-01
   7  p6          -2.27010e-02   1.40150e-02   1.59147e-04  -1.41469e-02
   8  p7           6.70860e-03   1.27521e-03  -3.29001e-05  -1.41969e-03
                               ERR DEF= 0.5
 FCN=458.682 FROM MIGRAD    STATUS=CONVERGED     740 CALLS         741 TOTAL
                     EDM=7.20044e-08    STRATEGY= 1  ERROR MATRIX UNCERTAINTY   3.3 per cent
  EXT PARAMETER                                   STEP         FIRST   
  NO.   NAME      VALUE            ERROR          SIZE      DERIVATIVE 
   1  p0           3.61269e+01   1.07651e+00   1.43875e-05   6.67054e-04
   2  p1           1.02000e+00   2.11862e-05   1.90537e-06** at limit **
   3  p2           3.00000e-02   1.26123e-05  -1.24770e-05** at limit **
   4  p3           2.64568e+01   1.42536e+00  -2.72731e-03  -4.41073e-05
   5  p4           1.12449e+01   1.26940e+00  -2.91156e-04   1.36561e-04
   6  p5           9.70952e-01   2.74574e-03   5.60586e-06  -1.02415e-01
   7  p6          -3.66251e-02   1.97380e-02   3.61523e-05  -7.69873e-05
   8  p7           7.09875e-03   1.16453e-03  -1.71250e-04  -1.58932e-03
                               ERR DEF= 0.5
 FCN=425.405 FROM MIGRAD    STATUS=CONVERGED    1224 CALLS        1225 TOTAL
                     EDM=6.14036e-07    STRATEGY= 1  ERROR MATRIX UNCERTAINTY   2.8 per cent
  EXT PARAMETER                                   STEP         FIRST   
  NO.   NAME      VALUE            ERROR          SIZE      DERIVATIVE 
   1  p0           3.57019e+01   1.03885e+00  -3.84273e-04   4.72481e-04
   2  p1           1.02000e+00   2.11885e-05  -9.70954e-06** at limit **
   3  p2           3.00000e-02   1.31526e-05  -7.20494e-05** at limit **
   4  p3           2.63155e+01   1.61797e+00   2.65022e-04   3.51233e-04
   5  p4           1.41193e+01   1.37763e+00   1.94896e-03  -7.44317e-04
   6  p5           9.71139e-01   1.70845e-03   1.76348e-06   4.00570e-02
   7  p6          -7.31770e-03   1.28674e-02  -2.40623e-04   1.05464e-03
   8  p7           5.00000e-03   2.02879e-03  -9.87163e-04** at limit **
                               ERR DEF= 0.5
 FCN=459.779 FROM MIGRAD    STATUS=CONVERGED    1176 CALLS        1177 TOTAL
                     EDM=2.01557e-07    STRATEGY= 1  ERROR MATRIX UNCERTAINTY   2.2 per cent
  EXT PARAMETER                                   STEP         FIRST   
  NO.   NAME      VALUE            ERROR          SIZE      DERIVATIVE 
   1  p0           4.31592e+01   1.17753e+00  -1.20886e-04  -1.72327e-04
   2  p1           1.02000e+00   2.40639e-05   6.55509e-05** at limit **
   3  p2           3.00000e-02   1.07782e-05   6.66577e-05** at limit **
   4  p3           3.40868e+01   1.72319e+00  -1.94195e-03  -7.79541e-05
   5  p4           1.66369e+01   7.76666e-01  -2.57672e-03   3.41158e-04
   6  p5           9.63938e-01   2.42524e-03   2.91228e-06   8.95389e-02
   7  p6          -2.82967e-09   1.22464e-02   1.26338e-04** at limit **
   8  p7           8.71854e-03   1.16803e-03  -3.34348e-05   3.11879e-03
                               ERR DEF= 0.5
 FCN=501.477 FROM MIGRAD    STATUS=CONVERGED     888 CALLS         889 TOTAL
                     EDM=6.45792e-08    STRATEGY= 1      ERROR MATRIX ACCURATE 
  EXT PARAMETER                                   STEP         FIRST   
  NO.   NAME      VALUE            ERROR          SIZE      DERIVATIVE 
   1  p0           4.44000e+01   2.66400e-01   3.39595e-03** at limit **
   2  p1           1.02000e+00   2.09249e-05   7.07789e-04** at limit **
   3  p2           3.00000e-02   9.88024e-06   6.15169e-04** at limit **
   4  p3           3.48069e+01   1.97077e+00   1.66203e-02  -2.67879e-05
   5  p4           1.48104e+01   1.34395e+00   5.07535e-03   3.90422e-05
   6  p5           9.69696e-01   2.68429e-03   2.28923e-05  -5.62935e-02
   7  p6          -6.37174e-03   9.62020e-03   6.88018e-04   6.49661e-04
   8  p7           7.90476e-03   1.24000e-03   8.73245e-04   8.06984e-04
                               ERR DEF= 0.5
 FCN=546.305 FROM MIGRAD    STATUS=CONVERGED    1072 CALLS        1073 TOTAL
                     EDM=2.01817e-08    STRATEGY= 1  ERROR MATRIX UNCERTAINTY   2.9 per cent
  EXT PARAMETER                                   STEP         FIRST   
  NO.   NAME      VALUE            ERROR          SIZE      DERIVATIVE 
   1  p0           5.58486e+01   1.25917e+00  -1.18912e-05  -1.47436e-04
   2  p1           1.02000e+00   1.74752e-05   3.24123e-05** at limit **
   3  p2           3.00000e-02   8.85857e-06   1.34043e-05** at limit **
   4  p3           4.08517e+01   1.89392e+00  -3.86850e-04   2.81888e-06
   5  p4           1.67999e+01   6.72517e-01  -5.98415e-06   1.20102e-04
   6  p5           9.64176e-01   1.64786e-03   1.68036e-08   3.03211e-02
   7  p6          -9.20424e-11   2.26136e-02  -3.10862e-04** at limit **
   8  p7           6.79167e-03   9.05113e-04  -1.19854e-05  -1.40874e-03
                               ERR DEF= 0.5
 FCN=601.635 FROM MIGRAD    STATUS=CONVERGED    1316 CALLS        1317 TOTAL
                     EDM=2.10408e-08    STRATEGY= 1  ERROR MATRIX UNCERTAINTY   2.0 per cent
  EXT PARAMETER                                   STEP         FIRST   
  NO.   NAME      VALUE            ERROR          SIZE      DERIVATIVE 
   1  p0           6.00000e+01   1.94704e-01   9.99827e-05** at limit **
   2  p1           1.02000e+00   1.55531e-05  -2.28371e-05** at limit **
   3  p2           3.00000e-02   7.08241e-06   3.23684e-05** at limit **
   4  p3           4.96883e+01   2.24888e+00   1.22231e-03  -9.23545e-05
   5  p4           1.63714e+01   1.29225e+00   1.04795e-05   3.09180e-04
   6  p5           9.66705e-01   2.61653e-03   3.60032e-07  -2.26937e-03
   7  p6          -1.46222e-02   7.21188e-03  -2.35751e-05  -5.67150e-03
   8  p7           9.08062e-03   1.01509e-03  -4.45398e-06  -3.13117e-04
                               ERR DEF= 0.5

****************************************
Minimizer is Linear
Chi2                      =      8683.56
NDf                       =           14
p0                        =      1.01992   +/-   2.86613e-05 
p1                        =  3.56803e-08   +/-   1.46171e-08 
Calculation of survival fraction for 2104
 FCN=169.56 FROM MIGRAD    STATUS=CONVERGED     118 CALLS         119 TOTAL
                     EDM=1.12141e-09    STRATEGY= 1      ERROR MATRIX ACCURATE 
  EXT PARAMETER                                   STEP         FIRST   
  NO.   NAME      VALUE            ERROR          SIZE      DERIVATIVE 
   1  p0           2.20453e+02   5.25516e+00   3.72252e-02   7.53333e-07
   2  p1           2.10358e+03   4.41605e-02   1.00306e-03   5.64159e-04
   3  p2           2.01710e+00   4.10624e-02   2.02679e-05  -5.81901e-03
   4  p3           3.74068e+01   3.82047e-01   3.33209e-03  -3.08678e-05
                               ERR DEF= 0.5
Area_tot = 6077
Area_tot_psa = 4553
Area = 3741
Area_psa = 2624
 FCN=171.967 FROM MIGRAD    STATUS=CONVERGED      93 CALLS          94 TOTAL
                     EDM=1.38213e-08    STRATEGY= 1  ERROR MATRIX UNCERTAINTY   5.1 per cent
  EXT PARAMETER                                   STEP         FIRST   
  NO.   NAME      VALUE            ERROR          SIZE      DERIVATIVE 
   1  p0           1.48215e+02   4.35671e+00   8.52799e-03   9.88984e-06
   2  p1           2.10351e+03   5.90924e-02  -2.53149e-06  -8.42810e-05
   3  p2           2.07438e+00   5.32513e-02  -2.86063e-06   4.88192e-02
   4  p3           3.10985e+01   3.51282e-01   4.71258e-04   1.09583e-04
                               ERR DEF= 0.5
Calculation of survival fraction for 2614.5
 FCN=964.111 FROM MIGRAD    STATUS=CONVERGED     104 CALLS         105 TOTAL
                     EDM=8.70475e-10    STRATEGY= 1  ERROR MATRIX UNCERTAINTY   4.1 per cent
  EXT PARAMETER                                   STEP         FIRST   
  NO.   NAME      VALUE            ERROR          SIZE      DERIVATIVE 
   1  p0           2.31290e+03   1.53244e+01  -6.91543e-03   1.97900e-06
   2  p1           2.61433e+03   1.00664e-02  -9.97788e-06   1.55389e-03
   3  p2           1.85807e+00   7.73465e-03  -1.02566e-06   7.61538e-02
   4  p3           5.52912e+00   1.61222e-01   6.42977e-05   1.70672e-06
                               ERR DEF= 0.5
Area_tot = 36399
Area_tot_psa = 29929
Area = 36013
Area_psa = 29614
 FCN=842.757 FROM MIGRAD    STATUS=CONVERGED     125 CALLS         126 TOTAL
                     EDM=5.64231e-08    STRATEGY= 1      ERROR MATRIX ACCURATE 
  EXT PARAMETER                                   STEP         FIRST   
  NO.   NAME      VALUE            ERROR          SIZE      DERIVATIVE 
   1  p0           1.87472e+03   1.36992e+01   2.19631e-01   4.93850e-06
   2  p1           2.61426e+03   1.12696e-02   1.24658e-03  -1.35061e-02
   3  p2           1.88596e+00   8.66384e-03   1.01007e-05  -1.11849e-01
   4  p3           4.26844e+00   1.44756e-01   2.86781e-03   9.35091e-04
                               ERR DEF= 0.5
Calculation of survival fraction background at 2039
Area = 8161
Area_psa = 6810
Calculation of survival fraction background at 2380
Area = 3618
Area_psa = 3069
