
[1mRooFit v3.60 -- Developed by Wouter Verkerke and David Kirkby[0m 
                Copyright (C) 2000-2013 NIKHEF, University of California & Stanford University
                All rights reserved, please read http://roofit.sourceforge.net/license.txt

Using file /nfs/gerda6/users/burlac/psd/analysis/run0098-cal_dplms_10.tier.root
Analizing channel 20
Standard analysis 
Total events = 17201607
event n.1000000
event n.2000000
event n.3000000
event n.4000000
event n.5000000
event n.6000000
event n.7000000
event n.8000000
event n.9000000
event n.10000000
event n.11000000
event n.12000000
event n.13000000
event n.14000000
event n.15000000
event n.16000000
event n.17000000
Selected events: 200469
The time to read waveforms: 27.92 s
Initialization of DEP&FEP background  = 22.5
 FCN=124.057 FROM MIGRAD    STATUS=CONVERGED     197 CALLS         198 TOTAL
                     EDM=3.11205e-09    STRATEGY= 1  ERROR MATRIX UNCERTAINTY   2.1 per cent
  EXT PARAMETER                                   STEP         FIRST   
  NO.   NAME      VALUE            ERROR          SIZE      DERIVATIVE 
   1  p0           2.81473e+02   8.10928e+00   7.95733e-05   1.67423e-06
   2  p1           1.59258e+03   2.41384e-02  -1.00837e-05  -9.86779e-04
   3  p2           9.42852e-01   2.06818e-02  -3.16451e-06   1.42534e-02
   4  p3           1.60121e+02   6.67989e+00  -7.41495e-04   6.10471e-06
   5  p4           1.62076e+03   3.31652e-02   3.88839e-05   5.23885e-04
   6  p5           8.65797e-01   2.93011e-02  -3.00855e-06   3.16688e-03
   7  p6           2.35605e+01   3.50634e-01  -2.22098e-04  -1.35093e-04
                               ERR DEF= 0.5
mean_aoe = 0.0475
AoE: max = 1.86136 max = 0.133054
 FCN=0.53438 FROM MIGRAD    STATUS=CONVERGED     335 CALLS         336 TOTAL
                     EDM=4.59024e-07    STRATEGY= 1  ERROR MATRIX UNCERTAINTY   1.8 per cent
  EXT PARAMETER                                   STEP         FIRST   
  NO.   NAME      VALUE            ERROR          SIZE      DERIVATIVE 
   1  p0           9.49452e-01   5.49583e-01  -3.35835e-03   7.51576e-04
   2  p1           1.00058e+00   3.68657e-03  -2.69293e-06  -1.54075e-01
   3  p2           7.61288e-03   2.90793e-03   2.13875e-04   2.01459e-02
   4  p3           3.68069e-03   5.14495e-03   2.97762e-05  -1.41296e-01
   5  p4           2.38545e-03   3.33023e-03   1.92684e-05   9.52136e-02
                               ERR DEF= 0.5
Total integral = 2281
Bin number = 100  AoE_lowCut = 51 -> 1.01
CutIntegral = 2061
SF_dep = 0.903551
sigma_aoe = 0.00761288
Total integral = 2281
Bin number = 250  AoE_lowCut = 125 -> 0.996
CutIntegral = 2023
SF_dep = 0.886892
sigma_aoe = 0.00761288
Total integral = 2281
Bin number = 500  AoE_lowCut = 247 -> 0.986
CutIntegral = 2061
SF_dep = 0.903551
sigma_aoe = 0.00761288
Total integral = 2281
Bin number = 1000  AoE_lowCut = 492 -> 0.983
CutIntegral = 2061
SF_dep = 0.903551
sigma_aoe = 0.00761288
Total integral = 2281
Bin number = 1500  AoE_lowCut = 737 -> 0.982
CutIntegral = 2061
SF_dep = 0.903551
sigma_aoe = 0.00761288
Total integral = 2281
Bin number = 2000  AoE_lowCut = 982 -> 0.9815
CutIntegral = 2061
SF_dep = 0.903551
sigma_aoe = 0.00761288
Total integral = 2281
Bin number = 2500  AoE_lowCut = 1227 -> 0.9812
CutIntegral = 2061
SF_dep = 0.903551
sigma_aoe = 0.00761288
Total integral = 2281
Bin number = 3000  AoE_lowCut = 1472 -> 0.981
CutIntegral = 2061
SF_dep = 0.903551
sigma_aoe = 0.00761288
Total integral = 2281
Bin number = 3500  AoE_lowCut = 1717 -> 0.980857
CutIntegral = 2061
SF_dep = 0.903551
sigma_aoe = 0.00761288
Total integral = 2281
Bin number = 4000  AoE_lowCut = 1962 -> 0.98075
CutIntegral = 2061
SF_dep = 0.903551
sigma_aoe = 0.00761288
Total integral = 2281
Bin number = 4500  AoE_lowCut = 2207 -> 0.980667
CutIntegral = 2061
SF_dep = 0.903551
sigma_aoe = 0.00761288
Total integral = 2281
Bin number = 5000  AoE_lowCut = 2452 -> 0.9806
CutIntegral = 2061
SF_dep = 0.903551
sigma_aoe = 0.00761288
Total integral = 2281
Bin number = 6000  AoE_lowCut = 2942 -> 0.9805
CutIntegral = 2061
SF_dep = 0.903551
sigma_aoe = 0.00761288
Total integral = 2281
Bin number = 7000  AoE_lowCut = 3432 -> 0.980429
CutIntegral = 2061
SF_dep = 0.903551
sigma_aoe = 0.00761288
Total integral = 2281
Bin number = 8000  AoE_lowCut = 3922 -> 0.980375
CutIntegral = 2061
SF_dep = 0.903551
sigma_aoe = 0.00761288
Total integral = 2281
Bin number = 9000  AoE_lowCut = 4412 -> 0.980333
CutIntegral = 2061
SF_dep = 0.903551
sigma_aoe = 0.00761288
Total integral = 2281
Bin number = 10000  AoE_lowCut = 4902 -> 0.9803
CutIntegral = 2061
SF_dep = 0.903551
sigma_aoe = 0.00761288
