
[1mRooFit v3.60 -- Developed by Wouter Verkerke and David Kirkby[0m 
                Copyright (C) 2000-2013 NIKHEF, University of California & Stanford University
                All rights reserved, please read http://roofit.sourceforge.net/license.txt

Using file /nfs/gerda6/users/burlac/psd/analysis/run0098-cal_dplms_1000.tier.root
Analizing channel 37
DPLMS analysis with weight 1000
Total events = 17201607
event n.1000000
event n.2000000
event n.3000000
event n.4000000
event n.5000000
event n.6000000
event n.7000000
event n.8000000
event n.9000000
event n.10000000
event n.11000000
event n.12000000
event n.13000000
event n.14000000
event n.15000000
event n.16000000
event n.17000000
Selected events: 240939
The time to read waveforms: 31.9 s
Initialization of DEP&FEP background  = 24.5
 FCN=118.554 FROM MIGRAD    STATUS=CONVERGED     178 CALLS         179 TOTAL
                     EDM=2.96018e-08    STRATEGY= 1  ERROR MATRIX UNCERTAINTY   4.4 per cent
  EXT PARAMETER                                   STEP         FIRST   
  NO.   NAME      VALUE            ERROR          SIZE      DERIVATIVE 
   1  p0           1.18995e+02   5.26630e+00  -1.46413e-03   1.39725e-05
   2  p1           1.59396e+03   4.77684e-02   3.07557e-06   2.70883e-03
   3  p2           1.12977e+00   4.26147e-02   1.32970e-06   2.65049e-02
   4  p3           1.71223e+02   6.21662e+00  -1.22578e-02   1.69036e-05
   5  p4           1.62221e+03   3.63282e-02  -3.16858e-06   1.19620e-03
   6  p5           1.08678e+00   3.19316e-02   5.33386e-06   5.97696e-02
   7  p6           2.74036e+01   3.82403e-01  -4.98542e-04   2.57757e-04
                               ERR DEF= 0.5
mean_aoe = 0.0407
AoE: max = 2.69591 max = 0.183343
 FCN=1.53957 FROM MIGRAD    STATUS=CONVERGED     436 CALLS         437 TOTAL
                     EDM=2.56919e-08    STRATEGY= 1  ERROR MATRIX UNCERTAINTY   1.4 per cent
  EXT PARAMETER                                   STEP         FIRST   
  NO.   NAME      VALUE            ERROR          SIZE      DERIVATIVE 
   1  p0           7.16654e-01   3.79527e-01  -4.04737e-05   1.48335e-05
   2  p1           9.98440e-01   5.73485e-03   6.74648e-07  -1.06921e-03
   3  p2           1.30426e-02   4.70699e-03  -3.47356e-07   8.14139e-04
   4  p3           1.44940e-02   1.31965e-01   1.34010e-04  -4.07190e-03
   5  p4          -3.72644e-03   1.49966e-01  -1.06514e-04  -2.08397e-03
                               ERR DEF= 0.5
Analysis with a fixed bin for LowCut
Total integral = 1163
AoE_lowCut = 1948 -> 0.97375
CutIntegral = 1048
SF_dep = 0.901118
sigma_aoe = 0.0130426
 FCN=104.86 FROM MIGRAD    STATUS=CONVERGED     169 CALLS         170 TOTAL
                     EDM=3.35793e-07    STRATEGY= 1      ERROR MATRIX ACCURATE 
  EXT PARAMETER                                   STEP         FIRST   
  NO.   NAME      VALUE            ERROR          SIZE      DERIVATIVE 
   1  p0           1.08032e+02   4.65180e+00   2.63495e-02   3.64390e-05
   2  p1           1.59398e+03   4.43265e-02   7.60070e-04  -1.00567e-03
   3  p2           1.13655e+00   3.80637e-02   2.00712e-05   1.47101e-02
   4  p3           2.72071e+01   2.86642e+00   1.63121e-02   1.16777e-04
   5  p4           1.62228e+03   1.14057e-01   8.04645e-04   1.17211e-03
   6  p5           1.08792e+00   1.05042e-01   5.67720e-05  -2.23914e-02
   7  p6           1.19725e+01   2.56866e-01   1.73746e-03   6.72867e-04
                               ERR DEF= 0.5
AreaDEP_tot = 2092
Area_DEP_tot_psa = 1458
AreaDEP = 1114
Area_DEP_psa = 1025
Area_FEP_tot = 2519
Area_FEP_tot_psa = 685
Area_FEP = 1551
Area_FEP_psa = 219
Calculation of AoE vs E correction
 FCN=102.25 FROM MIGRAD    STATUS=CONVERGED     415 CALLS         416 TOTAL
                     EDM=2.74183e-07    STRATEGY= 1  ERROR MATRIX UNCERTAINTY   1.2 per cent
  EXT PARAMETER                                   STEP         FIRST   
  NO.   NAME      VALUE            ERROR          SIZE      DERIVATIVE 
   1  p0           8.63948e+01   4.57028e+00   1.08640e-04  -3.18193e-03
   2  p1           1.00169e+00   7.90890e-04  -2.55296e-05  -4.19930e-03
   3  p2           2.01262e-02   7.45637e-04   8.48586e-05  -2.40299e-03
   4  p3           6.05349e+01   1.54154e+00   4.71017e-04  -9.16975e-04
   5  p4           6.13496e-01   1.27735e-01   1.27845e-04   9.78773e-03
   6  p5           9.94810e-01   1.88860e-02  -1.78956e-05   2.29659e-02
   7  p6          -6.04849e-01   1.07875e-02  -1.54754e-05   7.07828e-03
   8  p7           2.17205e-02   4.22591e-03   3.13709e-05   4.35144e-03
                               ERR DEF= 0.5
 FCN=95.5577 FROM MIGRAD    STATUS=CONVERGED    2081 CALLS        2082 TOTAL
                     EDM=1.82244e-07    STRATEGY= 1      ERROR MATRIX ACCURATE 
  EXT PARAMETER                                   STEP         FIRST   
  NO.   NAME      VALUE            ERROR          SIZE      DERIVATIVE 
   1  p0           8.00749e+01   5.20745e+00   4.94780e-04  -2.60979e-03
   2  p1           1.00429e+00   6.66321e-04   1.74689e-04  -3.30092e-03
   3  p2           1.90119e-02   5.82759e-04   1.69228e-04  -8.24632e-03
   4  p3           2.09774e+01   1.25956e+00   3.09311e-03  -7.74437e-04
   5  p4           1.88847e+00   3.17099e-01   8.36825e-04   2.87404e-03
   6  p5           1.00733e+00   7.25432e-03   2.14356e-05   1.50802e-02
   7  p6          -3.60453e-09   7.51421e-01   1.02381e-02** at limit **
   8  p7           5.00000e-03   1.02609e-02   4.53681e-03** at limit **
                               ERR DEF= 0.5
 FCN=100.643 FROM MIGRAD    STATUS=CONVERGED     361 CALLS         362 TOTAL
                     EDM=7.52398e-07    STRATEGY= 1  ERROR MATRIX UNCERTAINTY   4.4 per cent
  EXT PARAMETER                                   STEP         FIRST   
  NO.   NAME      VALUE            ERROR          SIZE      DERIVATIVE 
   1  p0           7.91428e+01   4.97264e+00  -1.79958e-04  -4.78054e-04
   2  p1           1.00042e+00   9.58961e-04  -7.01344e-05  -1.21280e-02
   3  p2           1.62752e-02   5.58851e-04  -1.97696e-05   1.33320e-03
   4  p3           5.44582e+01   1.59052e+00  -8.31430e-04   1.32783e-03
   5  p4           6.73736e-01   8.38004e-02  -3.87645e-05  -2.19103e-02
   6  p5           1.01758e+00   1.11730e-02   1.39512e-05  -4.65673e-02
   7  p6          -6.43666e-01   1.48066e-02   3.15505e-05  -3.23670e-03
   8  p7           9.45388e-03   2.61007e-03  -1.09851e-04  -9.15890e-04
                               ERR DEF= 0.5
 FCN=90.4211 FROM MIGRAD    STATUS=CALL LIMIT   2126 CALLS        2127 TOTAL
                     EDM=0.000393585    STRATEGY= 1  ERROR MATRIX UNCERTAINTY  18.1 per cent
  EXT PARAMETER                APPROXIMATE        STEP         FIRST   
  NO.   NAME      VALUE            ERROR          SIZE      DERIVATIVE 
   1  p0           8.67085e+01   4.39132e+00  -1.04091e-03  -1.35459e-01
   2  p1           9.99532e-01   5.54911e-04  -3.61687e-04  -1.74102e-01
   3  p2           1.59053e-02   4.93336e-04  -1.54684e-04  -3.95234e-01
   4  p3           4.11499e+02   4.02091e+02   6.57992e+00  -1.18389e-03
   5  p4           9.55957e-02   1.00325e-01  -1.59171e-03   5.40615e-01
   6  p5           1.00011e+00   1.14079e-02   5.10740e-05   1.21819e+00
   7  p6          -9.53417e-01   4.67119e-02  -3.51421e-03  -2.30407e+00
   8  p7           1.47580e-02   2.59053e-03   7.89550e-04   2.61609e-01
                               ERR DEF= 0.5
 FCN=92.9533 FROM MIGRAD    STATUS=CONVERGED    1149 CALLS        1150 TOTAL
                     EDM=4.02539e-08    STRATEGY= 1      ERROR MATRIX ACCURATE 
  EXT PARAMETER                                   STEP         FIRST   
  NO.   NAME      VALUE            ERROR          SIZE      DERIVATIVE 
   1  p0           8.58782e+01   3.45141e+00   5.21937e-04  -1.40408e-03
   2  p1           9.97850e-01   5.78523e-04   1.46604e-04   5.09220e-04
   3  p2           1.45252e-02   4.91073e-04   1.54689e-04  -2.67028e-03
   4  p3           2.32984e+01   1.22728e+00   3.78491e-03  -1.67721e-04
   5  p4           4.50005e+00   4.16737e-01   1.10675e-03   2.89288e-04
   6  p5           9.86642e-01   8.87525e-03   2.02847e-05   6.08360e-03
   7  p6          -2.25685e-09   2.04449e-01   6.17051e-03** at limit **
   8  p7           1.69722e-02   1.94835e-03   2.38185e-04   1.18892e-03
                               ERR DEF= 0.5
 FCN=90.9284 FROM MIGRAD    STATUS=CONVERGED    1575 CALLS        1576 TOTAL
                     EDM=7.14348e-07    STRATEGY= 1      ERROR MATRIX ACCURATE 
  EXT PARAMETER                                   STEP         FIRST   
  NO.   NAME      VALUE            ERROR          SIZE      DERIVATIVE 
   1  p0           6.66931e+01   5.26649e+00   8.55665e-04  -1.85885e-03
   2  p1           9.97378e-01   1.13111e-03   1.81972e-04  -1.46534e-02
   3  p2           1.46612e-02   5.50284e-04   1.87246e-04  -1.24530e-02
   4  p3           2.46291e+01   1.74013e+00   3.84426e-03  -9.76350e-05
   5  p4           4.09530e+00   3.53817e-01   9.45462e-04  -4.22641e-04
   6  p5           1.01265e+00   7.52115e-03   1.25656e-05  -2.68631e-01
   7  p6          -2.07986e-07   7.24478e-01   8.65725e-03** at limit **
   8  p7           7.20239e-03   1.74591e-03   3.81368e-04  -5.73581e-03
                               ERR DEF= 0.5
 FCN=113.676 FROM MIGRAD    STATUS=CONVERGED    1087 CALLS        1088 TOTAL
                     EDM=6.51128e-07    STRATEGY= 1      ERROR MATRIX ACCURATE 
  EXT PARAMETER                                   STEP         FIRST   
  NO.   NAME      VALUE            ERROR          SIZE      DERIVATIVE 
   1  p0           8.27415e+01   3.98643e+00   6.12317e-04  -2.45924e-03
   2  p1           9.96574e-01   5.65465e-04   1.62210e-04   1.26835e-02
   3  p2           1.34384e-02   4.73522e-04   1.75083e-04   6.16505e-03
   4  p3           2.25057e+01   4.68458e+00   4.22485e-03  -2.93722e-04
   5  p4           4.02771e+00   2.04033e+00   1.07919e-03   1.69480e-03
   6  p5           9.93788e-01   8.34888e-03   2.11769e-05   2.08112e-02
   7  p6          -5.57003e-02   7.17074e-01   3.84369e-04  -4.94142e-03
   8  p7           1.33297e-02   1.87357e-03   2.85691e-04   4.25536e-03
                               ERR DEF= 0.5
 FCN=115.255 FROM MIGRAD    STATUS=CONVERGED     774 CALLS         775 TOTAL
                     EDM=1.41176e-08    STRATEGY= 1  ERROR MATRIX UNCERTAINTY   0.6 per cent
  EXT PARAMETER                                   STEP         FIRST   
  NO.   NAME      VALUE            ERROR          SIZE      DERIVATIVE 
   1  p0           8.94464e+01   4.08915e+00   8.64313e-05  -1.11807e-03
   2  p1           9.95991e-01   5.34704e-04  -1.30009e-05   1.22642e-03
   3  p2           1.22462e-02   4.18475e-04  -5.13963e-05  -4.08957e-03
   4  p3           3.15075e+01   1.59291e+00  -1.98283e-04  -3.50953e-05
   5  p4           6.64673e+00   3.72671e-01  -1.78311e-04   1.64784e-04
   6  p5           9.86885e-01   5.60379e-03   2.06203e-06  -1.56190e-02
   7  p6          -6.67497e-11   1.02572e-02   2.76588e-04** at limit **
   8  p7           1.26152e-02   1.16533e-03  -6.58136e-07  -1.59971e-04
                               ERR DEF= 0.5
 FCN=100.226 FROM MIGRAD    STATUS=CONVERGED    1028 CALLS        1029 TOTAL
                     EDM=1.42078e-08    STRATEGY= 1      ERROR MATRIX ACCURATE 
  EXT PARAMETER                                   STEP         FIRST   
  NO.   NAME      VALUE            ERROR          SIZE      DERIVATIVE 
   1  p0           1.00650e+02   3.67298e+00   5.54965e-04  -7.56317e-05
   2  p1           9.95347e-01   5.20927e-04   1.26017e-04  -1.12458e-03
   3  p2           1.16146e-02   4.01928e-04   1.41765e-04   4.78957e-04
   4  p3           3.48128e+01   1.75448e+00   5.42480e-03   4.15230e-05
   5  p4           6.84994e+00   1.52063e+00   1.17919e-03   1.78540e-04
   6  p5           9.74607e-01   6.30554e-03   1.45654e-05   9.78096e-03
   7  p6          -1.62439e-02   7.41648e-02   4.40587e-04  -4.39601e-04
   8  p7           1.36688e-02   1.31183e-03   2.34674e-04   6.41488e-04
                               ERR DEF= 0.5
 FCN=119.184 FROM MIGRAD    STATUS=CONVERGED     745 CALLS         746 TOTAL
                     EDM=8.33107e-07    STRATEGY= 1      ERROR MATRIX ACCURATE 
  EXT PARAMETER                                   STEP         FIRST   
  NO.   NAME      VALUE            ERROR          SIZE      DERIVATIVE 
   1  p0           9.93268e+01   5.28724e+00   6.28539e-04  -5.13181e-04
   2  p1           9.94368e-01   5.66008e-04   1.41216e-04  -1.50694e-02
   3  p2           1.12095e-02   4.09941e-04   1.59021e-04  -1.39904e-02
   4  p3           5.23115e+01   1.79009e+01   8.68335e-03  -4.22143e-04
   5  p4           2.51778e+00   1.41771e+00   3.52342e-04   1.65963e-02
   6  p5           9.87508e-01   7.50998e-03   1.56982e-05   1.93415e-01
   7  p6          -4.10881e-01   2.18455e-01   8.33111e-05  -6.60565e-02
   8  p7           1.06341e-02   1.47319e-03   2.98147e-04  -2.22497e-03
                               ERR DEF= 0.5
 FCN=104.034 FROM MIGRAD    STATUS=CONVERGED     298 CALLS         299 TOTAL
                     EDM=1.3701e-07    STRATEGY= 1  ERROR MATRIX UNCERTAINTY   1.8 per cent
  EXT PARAMETER                                   STEP         FIRST   
  NO.   NAME      VALUE            ERROR          SIZE      DERIVATIVE 
   1  p0           1.04622e+02   5.16306e+00  -8.24619e-05   2.11561e-03
   2  p1           9.93970e-01   4.83469e-04   2.50077e-06   2.28279e-03
   3  p2           1.04361e-02   4.00886e-04  -4.48829e-05   8.92779e-03
   4  p3           7.23307e+01   1.36004e+00   5.76560e-04   3.85384e-04
   5  p4           1.32727e+00   6.73522e-02   3.74029e-05   2.80235e-03
   6  p5           9.90337e-01   6.89129e-03   9.36202e-06   9.60393e-02
   7  p6          -6.13212e-01   1.09329e-02   2.06794e-05  -3.22382e-02
   8  p7           9.99302e-03   1.46267e-03  -4.40663e-05  -2.15365e-04
                               ERR DEF= 0.5
 FCN=91.6605 FROM MIGRAD    STATUS=CONVERGED    1145 CALLS        1146 TOTAL
                     EDM=2.18737e-07    STRATEGY= 1      ERROR MATRIX ACCURATE 
  EXT PARAMETER                                   STEP         FIRST   
  NO.   NAME      VALUE            ERROR          SIZE      DERIVATIVE 
   1  p0           9.45812e+01   5.60398e+00   5.52498e-04  -4.90740e-04
   2  p1           9.93783e-01   6.66418e-04   1.29231e-04   8.31950e-04
   3  p2           1.15873e-02   3.92920e-04   1.38801e-04   1.76206e-03
   4  p3           3.10273e+01   1.80249e+00   4.65161e-03  -1.87402e-04
   5  p4           5.94532e+00   3.35973e-01   1.09792e-03   7.06199e-04
   6  p5           9.86594e-01   6.47470e-03   1.46133e-05   3.19396e-02
   7  p6          -3.79745e-08   6.69076e-01   8.24822e-03** at limit **
   8  p7           8.72336e-03   1.28544e-03   3.37537e-04   3.86373e-03
                               ERR DEF= 0.5
 FCN=114.403 FROM MIGRAD    STATUS=CONVERGED    1049 CALLS        1050 TOTAL
                     EDM=4.04428e-07    STRATEGY= 1      ERROR MATRIX ACCURATE 
  EXT PARAMETER                                   STEP         FIRST   
  NO.   NAME      VALUE            ERROR          SIZE      DERIVATIVE 
   1  p0           1.09062e+02   4.54848e+00   6.07718e-04  -1.13722e-03
   2  p1           9.91565e-01   4.69969e-04   1.43680e-04  -3.31692e-03
   3  p2           1.10902e-02   3.83354e-04   1.57858e-04   8.54726e-03
   4  p3           3.45711e+01   1.62960e+00   5.29673e-03  -3.63666e-04
   5  p4           5.22852e+00   3.09425e-01   1.07840e-03   2.59116e-03
   6  p5           9.88004e-01   4.32176e-03   1.42508e-05   5.24471e-02
   7  p6          -5.55232e-09   5.84208e-02   3.54887e-03** at limit **
   8  p7           1.17071e-02   1.07302e-03   2.12302e-04  -4.38568e-03
                               ERR DEF= 0.5
 FCN=104.853 FROM MIGRAD    STATUS=CONVERGED     786 CALLS         787 TOTAL
                     EDM=7.95766e-09    STRATEGY= 1  ERROR MATRIX UNCERTAINTY   1.7 per cent
  EXT PARAMETER                                   STEP         FIRST   
  NO.   NAME      VALUE            ERROR          SIZE      DERIVATIVE 
   1  p0           1.24689e+02   5.17058e+00   1.76780e-05   3.47859e-04
   2  p1           9.91434e-01   4.12648e-04  -2.81062e-06   9.74952e-04
   3  p2           1.05360e-02   3.29806e-04  -2.40383e-05   3.03779e-03
   4  p3           4.13925e+01   1.73256e+00  -1.73532e-04   4.87361e-05
   5  p4           5.52748e+00   2.72615e-01  -2.73226e-04  -1.52428e-04
   6  p5           9.88983e-01   3.56250e-03   1.19150e-06  -9.66097e-03
   7  p6          -1.08144e-10   1.48404e-02  -1.05964e-05** at limit **
   8  p7           1.03262e-02   8.71350e-04  -1.20123e-05  -7.67184e-04
                               ERR DEF= 0.5
 FCN=103.412 FROM MIGRAD    STATUS=CONVERGED     888 CALLS         889 TOTAL
                     EDM=1.19981e-08    STRATEGY= 1  ERROR MATRIX UNCERTAINTY   2.9 per cent
  EXT PARAMETER                                   STEP         FIRST   
  NO.   NAME      VALUE            ERROR          SIZE      DERIVATIVE 
   1  p0           1.54530e+02   5.75607e+00  -2.49008e-05  -7.52725e-04
   2  p1           9.90580e-01   4.05251e-04   2.53573e-05   1.86439e-03
   3  p2           1.08893e-02   2.91366e-04  -3.16664e-05  -3.11430e-04
   4  p3           4.55089e+01   1.95295e+00   1.56714e-03  -4.76542e-05
   5  p4           6.03767e+00   2.73516e-01   1.87520e-04   6.44154e-04
   6  p5           9.85478e-01   4.09613e-03   1.99424e-06   1.04117e-02
   7  p6          -1.21458e-13   1.87153e-02   5.05988e-04** at limit **
   8  p7           9.86296e-03   9.38487e-04  -1.77452e-05   1.35115e-03
                               ERR DEF= 0.5
 FCN=111.879 FROM MIGRAD    STATUS=CONVERGED     841 CALLS         842 TOTAL
                     EDM=1.63453e-09    STRATEGY= 1  ERROR MATRIX UNCERTAINTY   1.7 per cent
  EXT PARAMETER                                   STEP         FIRST   
  NO.   NAME      VALUE            ERROR          SIZE      DERIVATIVE 
   1  p0           1.81922e+02   8.99159e+00  -1.04477e-04  -5.22187e-04
   2  p1           9.90547e-01   3.50311e-04  -7.60383e-06  -6.50024e-04
   3  p2           1.03728e-02   2.76710e-04  -2.30164e-06  -2.35428e-03
   4  p3           5.88104e+01   2.86891e+00   2.59240e-03  -1.85674e-05
   5  p4           6.84442e+00   2.66546e-01   1.27819e-04   3.40593e-05
   6  p5           9.91129e-01   4.23373e-03   3.20399e-06  -1.00408e-02
   7  p6          -1.19738e-12   6.17516e-03   1.67965e-04** at limit **
   8  p7           7.98413e-03   8.32169e-04  -3.27660e-05  -5.87039e-04
                               ERR DEF= 0.5

****************************************
Minimizer is Linear
Chi2                      =        23.34
NDf                       =           14
p0                        =      1.01051   +/-   0.00059515  
p1                        = -8.55223e-06   +/-   3.07056e-07 
Calculation of survival fraction for 2104
 FCN=145.063 FROM MIGRAD    STATUS=CONVERGED     103 CALLS         104 TOTAL
                     EDM=3.75482e-07    STRATEGY= 1      ERROR MATRIX ACCURATE 
  EXT PARAMETER                                   STEP         FIRST   
  NO.   NAME      VALUE            ERROR          SIZE      DERIVATIVE 
   1  p0           2.55415e+02   6.07919e+00   4.01136e-02   3.82051e-05
   2  p1           2.10433e+03   3.49969e-02   1.00342e-03  -8.26585e-03
   3  p2           1.62834e+00   3.11402e-02   1.60260e-05   2.65377e-01
   4  p3           3.20800e+01   3.48737e-01   2.84390e-03   3.25110e-04
                               ERR DEF= 0.5
Area_tot = 5159
Area_tot_psa = 1025
Area = 3556
Area_psa = 369
 FCN=146.58 FROM MIGRAD    STATUS=CONVERGED     132 CALLS         133 TOTAL
                     EDM=1.0476e-07    STRATEGY= 1      ERROR MATRIX ACCURATE 
  EXT PARAMETER                                   STEP         FIRST   
  NO.   NAME      VALUE            ERROR          SIZE      DERIVATIVE 
   1  p0           2.19850e+01   2.15607e+00   1.40553e-02  -1.67298e-04
   2  p1           2.10468e+03   1.78096e-01   1.49104e-03  -3.89109e-04
   3  p2           1.82351e+00   1.82716e-01   8.76837e-05  -2.73234e-02
   4  p3           1.29916e+01   2.25681e-01   1.81004e-03  -5.39273e-04
                               ERR DEF= 0.5
Calculation of survival fraction for 2614.5
 FCN=759.228 FROM MIGRAD    STATUS=CONVERGED     150 CALLS         151 TOTAL
                     EDM=1.40579e-10    STRATEGY= 1  ERROR MATRIX UNCERTAINTY   1.6 per cent
  EXT PARAMETER                                   STEP         FIRST   
  NO.   NAME      VALUE            ERROR          SIZE      DERIVATIVE 
   1  p0           2.67595e+03   1.86483e+01   7.02141e-03   7.52080e-07
   2  p1           2.61444e+03   8.13532e-03  -8.20573e-06  -5.83770e-04
   3  p2           1.43793e+00   6.02895e-03  -5.38011e-07   2.62758e-04
   4  p3           3.66501e+00   1.31855e-01   6.96947e-05  -5.13738e-05
                               ERR DEF= 0.5
Area_tot = 32395
Area_tot_psa = 4342
Area = 32119
Area_psa = 4312
 FCN=134.235 FROM MIGRAD    STATUS=CONVERGED     182 CALLS         183 TOTAL
                     EDM=4.76696e-07    STRATEGY= 1  ERROR MATRIX UNCERTAINTY   2.5 per cent
  EXT PARAMETER                                   STEP         FIRST   
  NO.   NAME      VALUE            ERROR          SIZE      DERIVATIVE 
   1  p0           3.57895e+02   6.85392e+00  -7.98440e-02  -1.04337e-05
   2  p1           2.61478e+03   2.43448e-02  -2.90473e-05  -2.08048e-03
   3  p2           1.43842e+00   1.73174e-02   7.00392e-06   3.89246e-01
   4  p3           3.31813e-02   1.61114e-02   1.10874e-04   4.16830e-02
                               ERR DEF= 0.5
Calculation of survival fraction background at 2039
Area = 7068
Area_psa = 2981
Calculation of survival fraction background at 2350
Area = 15834
Area_psa = 6965
