
[1mRooFit v3.60 -- Developed by Wouter Verkerke and David Kirkby[0m 
                Copyright (C) 2000-2013 NIKHEF, University of California & Stanford University
                All rights reserved, please read http://roofit.sourceforge.net/license.txt

Using file /nfs/gerda6/users/burlac/psd/analysis/run0098-cal_dplms_100.tier.root
Analizing channel 39
DPLMS analysis with weight 100
Total events = 17201607
event n.1000000
event n.2000000
event n.3000000
event n.4000000
event n.5000000
event n.6000000
event n.7000000
event n.8000000
event n.9000000
event n.10000000
event n.11000000
event n.12000000
event n.13000000
event n.14000000
event n.15000000
event n.16000000
event n.17000000
Selected events: 247655
The time to read waveforms: 30.72 s
Initialization of DEP&FEP background  = 31.5
 FCN=116.25 FROM MIGRAD    STATUS=CONVERGED     197 CALLS         198 TOTAL
                     EDM=1.10464e-07    STRATEGY= 1      ERROR MATRIX ACCURATE 
  EXT PARAMETER                                   STEP         FIRST   
  NO.   NAME      VALUE            ERROR          SIZE      DERIVATIVE 
   1  p0           1.11090e+02   4.88777e+00   2.90501e-02  -4.09259e-05
   2  p1           1.59216e+03   5.34493e-02   7.59201e-04   1.26000e-03
   3  p2           1.27441e+00   4.91480e-02   2.56101e-05  -1.99883e-02
   4  p3           1.60530e+02   5.86943e+00   3.52250e-02  -3.33999e-05
   5  p4           1.62022e+03   3.90988e-02   7.72583e-04  -5.84274e-04
   6  p5           1.14661e+00   3.38200e-02   1.88561e-05  -1.20598e-02
   7  p6           2.90836e+01   3.98427e-01   2.82343e-03   4.67328e-04
                               ERR DEF= 0.5
mean_aoe = 0.0707
AoE: max = 1.95984 max = 0.115464
 FCN=1.62346 FROM MIGRAD    STATUS=CONVERGED     349 CALLS         350 TOTAL
                     EDM=5.41634e-08    STRATEGY= 1  ERROR MATRIX UNCERTAINTY   7.0 per cent
  EXT PARAMETER                                   STEP         FIRST   
  NO.   NAME      VALUE            ERROR          SIZE      DERIVATIVE 
   1  p0           9.26322e-01   4.99335e-01   1.39161e-03  -9.02706e-05
   2  p1           9.97763e-01   4.38554e-03   5.88851e-06   1.85424e-02
   3  p2           9.92919e-03   3.70100e-03  -8.73909e-05  -1.39085e-03
   4  p3           7.04201e-03   7.15112e-03  -2.89516e-06  -6.51476e-01
   5  p4           4.11187e-03   4.17220e-03  -1.68570e-06   1.18225e+00
                               ERR DEF= 0.5
Analysis with a fixed bin for LowCut
Total integral = 1206
AoE_lowCut = 1949 -> 0.97425
CutIntegral = 1091
SF_dep = 0.904643
sigma_aoe = 0.00992919
 FCN=111.926 FROM MIGRAD    STATUS=CONVERGED     208 CALLS         209 TOTAL
                     EDM=4.28362e-09    STRATEGY= 1      ERROR MATRIX ACCURATE 
  EXT PARAMETER                                   STEP         FIRST   
  NO.   NAME      VALUE            ERROR          SIZE      DERIVATIVE 
   1  p0           1.02304e+02   4.35195e+00   2.52905e-02   8.00392e-06
   2  p1           1.59212e+03   4.80351e-02   7.59184e-04   6.78804e-04
   3  p2           1.25434e+00   4.22771e-02   2.17664e-05   6.05644e-03
   4  p3           1.73764e+01   2.46222e+00   1.46487e-02  -1.49932e-06
   5  p4           1.62024e+03   1.65262e-01   1.20933e-03   2.65126e-05
   6  p5           1.11737e+00   1.53247e-01   8.56146e-05   1.98606e-03
   7  p6           1.18057e+01   2.57482e-01   1.78392e-03  -1.13238e-04
                               ERR DEF= 0.5
AreaDEP_tot = 2340
Area_DEP_tot_psa = 1565
AreaDEP = 1196
Area_DEP_psa = 1082
Area_FEP_tot = 2577
Area_FEP_tot_psa = 610
Area_FEP = 1423
Area_FEP_psa = 140
Calculation of AoE vs E correction
 FCN=122.269 FROM MIGRAD    STATUS=CONVERGED     250 CALLS         251 TOTAL
                     EDM=8.00783e-08    STRATEGY= 1  ERROR MATRIX UNCERTAINTY   3.4 per cent
  EXT PARAMETER                                   STEP         FIRST   
  NO.   NAME      VALUE            ERROR          SIZE      DERIVATIVE 
   1  p0           1.09639e+02   3.58618e+00   1.05421e-04  -1.80655e-03
   2  p1           1.00189e+00   4.38909e-04   3.75804e-05  -1.60705e-03
   3  p2           1.49647e-02   3.99915e-04  -3.27316e-05  -4.71352e-03
   4  p3           6.35192e+01   1.51259e+00   2.31970e-03   3.87641e-04
   5  p4           2.99165e-01   8.27050e-02   1.46784e-04  -5.73151e-03
   6  p5           1.00878e+00   6.58054e-03  -9.41591e-06  -3.14001e-02
   7  p6          -6.72506e-01   9.38893e-03   3.35205e-05  -7.85996e-03
   8  p7           1.89674e-02   2.19445e-03   6.93885e-06   3.58406e-04
                               ERR DEF= 0.5
 FCN=114.434 FROM MIGRAD    STATUS=CONVERGED     289 CALLS         290 TOTAL
                     EDM=6.4606e-07    STRATEGY= 1  ERROR MATRIX UNCERTAINTY   3.0 per cent
  EXT PARAMETER                                   STEP         FIRST   
  NO.   NAME      VALUE            ERROR          SIZE      DERIVATIVE 
   1  p0           1.15439e+02   3.83382e+00   3.76570e-06   3.74626e-03
   2  p1           1.00141e+00   4.00799e-04   2.08906e-08   6.22483e-03
   3  p2           1.35401e-02   3.64653e-04  -4.47728e-06   1.40405e-02
   4  p3           6.68540e+01   1.80028e+00   1.74641e-04  -8.82802e-04
   5  p4           4.03639e-01   7.42826e-02  -5.29956e-05   1.46032e-02
   6  p5           1.00082e+00   8.28354e-03   9.30295e-06   1.76501e-01
   7  p6          -7.13799e-01   8.68366e-03  -1.99767e-05   2.33196e-02
   8  p7           1.78818e-02   2.42031e-03  -1.85901e-05   1.03247e-02
                               ERR DEF= 0.5
 FCN=111.71 FROM MIGRAD    STATUS=CALL LIMIT   2121 CALLS        2122 TOTAL
                     EDM=0.000410061    STRATEGY= 1  ERROR MATRIX UNCERTAINTY  38.5 per cent
  EXT PARAMETER                APPROXIMATE        STEP         FIRST   
  NO.   NAME      VALUE            ERROR          SIZE      DERIVATIVE 
   1  p0           1.06974e+02   3.88222e+00  -4.58758e-04  -5.11253e-02
   2  p1           1.00059e+00   4.06472e-04  -7.58724e-05   1.19699e-01
   3  p2           1.23203e-02   3.84819e-04  -7.89295e-05  -2.09509e-01
   4  p3           3.34213e+02   3.64899e+02   8.20502e+00  -2.36063e-03
   5  p4           8.56370e-02   1.00481e-01  -2.14514e-03   3.32794e+00
   6  p5           1.00123e+00   7.55136e-03   1.82585e-05   1.27342e+00
   7  p6          -9.46516e-01   5.94302e-02  -5.97882e-03  -4.43243e+00
   8  p7           1.50442e-02   2.14416e-03  -3.98698e-04   3.82453e-03
                               ERR DEF= 0.5
 FCN=100.168 FROM MIGRAD    STATUS=CONVERGED    1406 CALLS        1407 TOTAL
                     EDM=3.85917e-08    STRATEGY= 1      ERROR MATRIX ACCURATE 
  EXT PARAMETER                                   STEP         FIRST   
  NO.   NAME      VALUE            ERROR          SIZE      DERIVATIVE 
   1  p0           1.10596e+02   3.77034e+00   5.74723e-04  -5.47955e-04
   2  p1           9.99083e-01   3.67140e-04   1.17157e-04  -8.12147e-04
   3  p2           1.14707e-02   3.20243e-04   1.38096e-04  -2.34413e-03
   4  p3           2.06912e+01   1.08393e+00   3.35964e-03  -2.73142e-04
   5  p4           3.07148e+00   3.73120e-01   1.03018e-03   4.09760e-04
   6  p5           9.93182e-01   6.22501e-03   2.01220e-05  -2.36555e-02
   7  p6          -2.03859e-09   7.26660e-01   9.56177e-03** at limit **
   8  p7           2.03276e-02   1.89890e-03   2.31532e-04  -2.03028e-03
                               ERR DEF= 0.5
 FCN=91.2008 FROM MIGRAD    STATUS=CONVERGED     249 CALLS         250 TOTAL
                     EDM=8.83111e-07    STRATEGY= 1  ERROR MATRIX UNCERTAINTY   1.0 per cent
  EXT PARAMETER                                   STEP         FIRST   
  NO.   NAME      VALUE            ERROR          SIZE      DERIVATIVE 
   1  p0           1.18545e+02   4.02580e+00   7.92525e-04  -9.69845e-04
   2  p1           9.98034e-01   3.46994e-04   5.20519e-05   5.58107e-02
   3  p2           1.06311e-02   3.31388e-04   6.61494e-06  -2.69797e-03
   4  p3           6.91312e+01   1.62156e+00   1.54157e-03  -4.11790e-04
   5  p4           7.75089e-01   6.31172e-02   1.58908e-04   2.34434e-02
   6  p5           9.89988e-01   6.57680e-03  -3.92600e-05   1.90549e-01
   7  p6          -7.05867e-01   6.95489e-03  -3.38355e-05  -7.86623e-02
   8  p7           1.84299e-02   1.96314e-03  -5.38970e-05   7.39541e-03
                               ERR DEF= 0.5
 FCN=83.4604 FROM MIGRAD    STATUS=CALL LIMIT   2128 CALLS        2129 TOTAL
                     EDM=9.63456e-05    STRATEGY= 1  ERROR MATRIX UNCERTAINTY  25.5 per cent
  EXT PARAMETER                APPROXIMATE        STEP         FIRST   
  NO.   NAME      VALUE            ERROR          SIZE      DERIVATIVE 
   1  p0           1.01347e+02   4.14473e+00  -1.51046e-04  -1.66943e-02
   2  p1           9.98541e-01   3.96585e-04   3.58886e-06   2.76688e-02
   3  p2           1.04181e-02   3.54626e-04   3.63808e-05  -9.80431e-02
   4  p3           2.44616e+02   3.57144e+02   3.92625e+00  -1.67763e-03
   5  p4           1.90367e-01   2.96459e-01  -3.23045e-03   1.05402e+00
   6  p5           9.98276e-01   5.93776e-03   3.99807e-07   2.08409e-01
   7  p6          -9.17335e-01   1.19621e-01  -4.93955e-03  -2.02335e+00
   8  p7           1.32779e-02   1.71591e-03   3.90318e-05  -7.59537e-02
                               ERR DEF= 0.5
 FCN=99.2035 FROM MIGRAD    STATUS=CALL LIMIT   2123 CALLS        2124 TOTAL
                     EDM=0.000398866    STRATEGY= 1  ERROR MATRIX UNCERTAINTY  29.5 per cent
  EXT PARAMETER                APPROXIMATE        STEP         FIRST   
  NO.   NAME      VALUE            ERROR          SIZE      DERIVATIVE 
   1  p0           1.00923e+02   3.98989e+00  -2.32032e-05   2.62418e-02
   2  p1           9.96467e-01   3.71361e-04  -7.84667e-06   3.50172e-01
   3  p2           1.01020e-02   3.30466e-04   8.78119e-06  -1.25472e-01
   4  p3           3.87324e+02   3.39223e+02  -2.08602e-01   7.88131e-05
   5  p4           1.34330e-01   1.21806e-01   1.49979e-04  -1.02660e+00
   6  p5           9.94933e-01   5.07850e-03  -4.46367e-07  -1.90308e+00
   7  p6          -9.47566e-01   4.58416e-02   2.21728e-04   7.96510e-01
   8  p7           1.39179e-02   1.56764e-03   1.87041e-05  -1.28160e-01
                               ERR DEF= 0.5
 FCN=129.566 FROM MIGRAD    STATUS=CONVERGED     683 CALLS         684 TOTAL
                     EDM=1.26769e-07    STRATEGY= 1  ERROR MATRIX UNCERTAINTY   2.0 per cent
  EXT PARAMETER                                   STEP         FIRST   
  NO.   NAME      VALUE            ERROR          SIZE      DERIVATIVE 
   1  p0           1.07135e+02   4.23789e+00  -6.62798e-05   1.54286e-04
   2  p1           9.94986e-01   3.68131e-04   1.43283e-05  -2.24098e-02
   3  p2           9.48571e-03   3.19972e-04  -1.78926e-05   5.16887e-03
   4  p3           3.30988e+01   1.40001e+00   2.91039e-03  -3.47197e-05
   5  p4           6.57178e+00   3.70928e-01   1.04744e-04   3.02553e-04
   6  p5           9.83778e-01   4.06282e-03   8.99652e-06   4.15321e-03
   7  p6          -1.77411e-11   1.21422e-02   3.68943e-04** at limit **
   8  p7           1.54096e-02   1.05559e-03  -5.10882e-05  -1.00740e-02
                               ERR DEF= 0.5
 FCN=121.405 FROM MIGRAD    STATUS=CONVERGED     696 CALLS         697 TOTAL
                     EDM=5.93925e-07    STRATEGY= 1      ERROR MATRIX ACCURATE 
  EXT PARAMETER                                   STEP         FIRST   
  NO.   NAME      VALUE            ERROR          SIZE      DERIVATIVE 
   1  p0           9.62755e+01   3.88253e+00   6.99211e-04  -7.05712e-04
   2  p1           9.93244e-01   4.67402e-04   1.44862e-04   2.37447e-02
   3  p2           1.02364e-02   3.94699e-04   1.74734e-04   4.83846e-03
   4  p3           3.96036e+01   5.19833e+00   6.58939e-03  -1.80376e-04
   5  p4           4.36639e+00   1.50218e+00   7.27375e-04  -2.68588e-04
   6  p5           9.81265e-01   5.40223e-03   1.46853e-05   3.40682e-02
   7  p6          -1.73434e-01   1.41116e-01   1.48056e-04  -1.78936e-05
   8  p7           1.60211e-02   1.32778e-03   1.99734e-04   1.32262e-02
                               ERR DEF= 0.5
 FCN=142.557 FROM MIGRAD    STATUS=CONVERGED     697 CALLS         698 TOTAL
                     EDM=7.50885e-07    STRATEGY= 1      ERROR MATRIX ACCURATE 
  EXT PARAMETER                                   STEP         FIRST   
  NO.   NAME      VALUE            ERROR          SIZE      DERIVATIVE 
   1  p0           1.03158e+02   4.08032e+00   7.75983e-04   3.44760e-03
   2  p1           9.93497e-01   4.11720e-04   1.44241e-04   6.50503e-03
   3  p2           9.68882e-03   3.42105e-04   1.80395e-04  -2.76134e-03
   4  p3           4.08024e+01   8.35624e+00   7.15681e-03  -1.75875e-04
   5  p4           3.56124e+00   1.54586e+00   6.90368e-04   4.40034e-03
   6  p5           9.82063e-01   5.13789e-03   1.62121e-05   2.86388e-01
   7  p6          -2.22553e-01   1.87352e-01   1.49838e-04  -1.66048e-02
   8  p7           1.51564e-02   1.29628e-03   2.28465e-04   1.19250e-02
                               ERR DEF= 0.5
 FCN=134.125 FROM MIGRAD    STATUS=CONVERGED     975 CALLS         976 TOTAL
                     EDM=1.06648e-06    STRATEGY= 1      ERROR MATRIX ACCURATE 
  EXT PARAMETER                                   STEP         FIRST   
  NO.   NAME      VALUE            ERROR          SIZE      DERIVATIVE 
   1  p0           1.02152e+02   4.10065e+00   7.40441e-04  -3.50808e-03
   2  p1           9.92659e-01   4.20791e-04   1.43298e-04  -7.64629e-03
   3  p2           9.52776e-03   3.48159e-04   1.78822e-04  -1.20531e-02
   4  p3           3.23360e+01   3.74191e+00   5.60946e-03  -1.30091e-03
   5  p4           4.91282e+00   1.64681e+00   1.11196e-03   5.56172e-03
   6  p5           9.83524e-01   4.55178e-03   1.57457e-05   1.60458e-01
   7  p6          -4.27682e-02   1.35585e-01   3.74028e-04  -1.85128e-02
   8  p7           1.48441e-02   1.19105e-03   2.13521e-04   3.83940e-03
                               ERR DEF= 0.5
 FCN=106.061 FROM MIGRAD    STATUS=CONVERGED     938 CALLS         939 TOTAL
                     EDM=7.61268e-07    STRATEGY= 1  ERROR MATRIX UNCERTAINTY   2.8 per cent
  EXT PARAMETER                                   STEP         FIRST   
  NO.   NAME      VALUE            ERROR          SIZE      DERIVATIVE 
   1  p0           9.40143e+01   3.91506e+00   6.49138e-05  -5.70745e-03
   2  p1           9.91800e-01   4.32468e-04  -2.11362e-05  -5.42430e-04
   3  p2           1.01994e-02   3.66620e-04   9.13009e-06  -9.66308e-03
   4  p3           3.14452e+01   1.28655e+00   2.76857e-04  -1.18346e-03
   5  p4           5.63748e+00   3.42317e-01   2.51203e-04   5.32996e-03
   6  p5           9.82433e-01   4.45878e-03   1.02875e-06   2.61609e-03
   7  p6          -1.74602e-09   1.06102e-01   3.52975e-03** at limit **
   8  p7           1.49497e-02   1.22641e-03   2.16408e-05   3.07810e-03
                               ERR DEF= 0.5
 FCN=129.887 FROM MIGRAD    STATUS=CONVERGED     918 CALLS         919 TOTAL
                     EDM=1.51512e-07    STRATEGY= 1  ERROR MATRIX UNCERTAINTY   2.3 per cent
  EXT PARAMETER                                   STEP         FIRST   
  NO.   NAME      VALUE            ERROR          SIZE      DERIVATIVE 
   1  p0           1.15699e+02   4.47951e+00  -3.95703e-05   5.24156e-04
   2  p1           9.91111e-01   3.64447e-04  -1.09303e-06   4.90092e-03
   3  p2           9.21447e-03   3.05599e-04  -3.90627e-06   8.78414e-04
   4  p3           3.78359e+01   1.48899e+00   1.72661e-03   1.13017e-04
   5  p4           5.42381e+00   3.06840e-01  -5.03527e-06  -3.73150e-04
   6  p5           9.85577e-01   3.01482e-03  -4.82542e-07   6.44416e-04
   7  p6          -7.77972e-09   3.85540e-02   3.25529e-04** at limit **
   8  p7           1.33384e-02   8.83405e-04  -2.95132e-05   6.71012e-03
                               ERR DEF= 0.5
 FCN=134.45 FROM MIGRAD    STATUS=CONVERGED     747 CALLS         748 TOTAL
                     EDM=5.7402e-08    STRATEGY= 1  ERROR MATRIX UNCERTAINTY   2.0 per cent
  EXT PARAMETER                                   STEP         FIRST   
  NO.   NAME      VALUE            ERROR          SIZE      DERIVATIVE 
   1  p0           1.29048e+02   4.57025e+00  -2.15559e-04  -6.00918e-04
   2  p1           9.89919e-01   3.90793e-04  -5.10429e-05  -8.31183e-03
   3  p2           1.02349e-02   3.21847e-04   2.45544e-05  -9.56523e-03
   4  p3           4.26664e+01   1.60213e+00  -3.80453e-03   5.59591e-05
   5  p4           5.60275e+00   2.83855e-01  -8.58822e-04   6.02008e-05
   6  p5           9.85976e-01   2.88404e-03   6.22362e-07  -1.10441e-01
   7  p6          -3.65930e-12   1.17810e-02   4.89154e-04** at limit **
   8  p7           1.33926e-02   8.49409e-04  -2.59104e-05  -1.61896e-03
                               ERR DEF= 0.5
 FCN=180.765 FROM MIGRAD    STATUS=CONVERGED     640 CALLS         641 TOTAL
                     EDM=6.85649e-08    STRATEGY= 1  ERROR MATRIX UNCERTAINTY   2.3 per cent
  EXT PARAMETER                                   STEP         FIRST   
  NO.   NAME      VALUE            ERROR          SIZE      DERIVATIVE 
   1  p0           1.56859e+02   5.20512e+00  -4.60824e-05  -1.14648e-03
   2  p1           9.90475e-01   3.51310e-04   1.36753e-05   1.13329e-02
   3  p2           9.47476e-03   2.82129e-04  -3.86092e-06  -7.38318e-04
   4  p3           5.19863e+01   1.85197e+00  -1.77620e-03  -2.38384e-04
   5  p4           6.48881e+00   2.72515e-01  -2.99918e-04   1.20914e-03
   6  p5           9.85210e-01   2.50180e-03  -1.80066e-07   4.56555e-02
   7  p6          -4.02039e-10   4.63004e-03   2.07426e-04** at limit **
   8  p7           1.29296e-02   7.32198e-04   2.49508e-05   5.44799e-03
                               ERR DEF= 0.5
 FCN=191.825 FROM MIGRAD    STATUS=CONVERGED     695 CALLS         696 TOTAL
                     EDM=4.43253e-07    STRATEGY= 1  ERROR MATRIX UNCERTAINTY   1.2 per cent
  EXT PARAMETER                                   STEP         FIRST   
  NO.   NAME      VALUE            ERROR          SIZE      DERIVATIVE 
   1  p0           1.85476e+02   6.02213e+00   1.43961e-03   6.24163e-04
   2  p1           9.90232e-01   3.38288e-04   4.14661e-05  -8.88465e-03
   3  p2           9.56343e-03   2.65263e-04  -5.17710e-04  -1.02127e-02
   4  p3           6.45130e+01   2.37702e+00   2.03487e-02  -6.42421e-04
   5  p4           7.38741e+00   2.79230e-01   5.86960e-04   6.22492e-03
   6  p5           9.87612e-01   2.23672e-03   1.45743e-05   3.94827e-01
   7  p6          -2.25961e-10   3.74741e-03   1.51602e-03** at limit **
   8  p7           1.10016e-02   6.17150e-04   2.24753e-05   9.64507e-03
                               ERR DEF= 0.5

****************************************
Minimizer is Linear
Chi2                      =      22.2662
NDf                       =           14
p0                        =      1.01011   +/-   0.000374357 
p1                        = -8.73779e-06   +/-   2.10434e-07 
Calculation of survival fraction for 2104
 FCN=164.43 FROM MIGRAD    STATUS=CONVERGED     114 CALLS         115 TOTAL
                     EDM=1.40594e-09    STRATEGY= 1      ERROR MATRIX ACCURATE 
  EXT PARAMETER                                   STEP         FIRST   
  NO.   NAME      VALUE            ERROR          SIZE      DERIVATIVE 
   1  p0           2.47772e+02   6.05289e+00   4.24704e-02  -7.40724e-06
   2  p1           2.10298e+03   3.57934e-02   1.00278e-03   8.65802e-05
   3  p2           1.61576e+00   3.21200e-02   1.76346e-05  -1.15500e-02
   4  p3           3.33246e+01   3.55353e-01   3.08216e-03  -4.71764e-05
                               ERR DEF= 0.5
Area_tot = 5016
Area_tot_psa = 911
Area = 3208
Area_psa = 271
 FCN=138.572 FROM MIGRAD    STATUS=CONVERGED     195 CALLS         196 TOTAL
                     EDM=1.24576e-08    STRATEGY= 1      ERROR MATRIX ACCURATE 
  EXT PARAMETER                                   STEP         FIRST   
  NO.   NAME      VALUE            ERROR          SIZE      DERIVATIVE 
   1  p0           1.91047e+01   1.95596e+00   1.26347e-02   5.65748e-07
   2  p1           2.10345e+03   2.01739e-01   1.62872e-03   3.91443e-04
   3  p2           1.92798e+00   2.01000e-01   9.18703e-05   4.82713e-03
   4  p3           1.20156e+01   2.18192e-01   1.69878e-03   3.26207e-06
                               ERR DEF= 0.5
Calculation of survival fraction for 2614.5
 FCN=903.447 FROM MIGRAD    STATUS=CONVERGED     109 CALLS         110 TOTAL
                     EDM=9.75404e-07    STRATEGY= 1      ERROR MATRIX ACCURATE 
  EXT PARAMETER                                   STEP         FIRST   
  NO.   NAME      VALUE            ERROR          SIZE      DERIVATIVE 
   1  p0           2.79932e+03   1.93752e+01   3.25086e-01  -2.67944e-05
   2  p1           2.61462e+03   7.77672e-03   1.24675e-03  -5.18544e-03
   3  p2           1.37452e+00   5.74384e-03   8.24971e-06   1.18742e+00
   4  p3           4.71742e+00   1.46344e-01   3.03371e-03   8.74044e-04
                               ERR DEF= 0.5
Area_tot = 32431
Area_tot_psa = 3849
Area = 32106
Area_psa = 3819
 FCN=103.858 FROM MIGRAD    STATUS=CONVERGED     376 CALLS         377 TOTAL
                     EDM=5.38634e-08    STRATEGY= 1  ERROR MATRIX UNCERTAINTY   1.8 per cent
  EXT PARAMETER                                   STEP         FIRST   
  NO.   NAME      VALUE            ERROR          SIZE      DERIVATIVE 
   1  p0           3.28002e+02   6.50719e+00   1.57971e-02   1.25688e-05
   2  p1           2.61487e+03   2.28194e-02  -7.30282e-05  -8.28063e-03
   3  p2           1.39421e+00   1.65999e-02  -1.70422e-06   1.71677e-01
   4  p3           1.51557e-02   1.05492e-02   4.81216e-05  -1.35015e-02
                               ERR DEF= 0.5
Calculation of survival fraction background at 2039
Area = 7068
Area_psa = 2718
Calculation of survival fraction background at 2350
Area = 16034
Area_psa = 6407
