
[1mRooFit v3.60 -- Developed by Wouter Verkerke and David Kirkby[0m 
                Copyright (C) 2000-2013 NIKHEF, University of California & Stanford University
                All rights reserved, please read http://roofit.sourceforge.net/license.txt

Using file /nfs/gerda6/users/burlac/psd/analysis/run0098-cal_dplms_100.tier.root
Analizing channel 23
DPLMS analysis with weight 100
Total events = 17201607
event n.1000000
event n.2000000
event n.3000000
event n.4000000
event n.5000000
event n.6000000
event n.7000000
event n.8000000
event n.9000000
event n.10000000
event n.11000000
event n.12000000
event n.13000000
event n.14000000
event n.15000000
event n.16000000
event n.17000000
Selected events: 175307
The time to read waveforms: 44.61 s
Initialization of DEP&FEP background  = 21
 FCN=102.259 FROM MIGRAD    STATUS=CONVERGED     236 CALLS         237 TOTAL
                     EDM=1.03445e-09    STRATEGY= 1      ERROR MATRIX ACCURATE 
  EXT PARAMETER                                   STEP         FIRST   
  NO.   NAME      VALUE            ERROR          SIZE      DERIVATIVE 
   1  p0           1.86117e+02   5.99914e+00   3.30101e-02  -1.07521e-06
   2  p1           1.59176e+03   3.50809e-02   7.59009e-04   5.05761e-04
   3  p2           1.21646e+00   3.17163e-02   1.56591e-05   2.79265e-03
   4  p3           1.03356e+02   5.19686e+00   2.87111e-02   1.38783e-06
   5  p4           1.62022e+03   4.71596e-02   7.72581e-04  -1.31112e-04
   6  p5           1.00757e+00   4.37711e-02   2.38952e-05   5.56206e-03
   7  p6           2.09911e+01   3.38860e-01   2.26775e-03   3.94742e-05
                               ERR DEF= 0.5
mean_aoe = 0.0805
AoE: max = 1.57286 max = 0.122604
 FCN=0.668381 FROM MIGRAD    STATUS=CONVERGED     340 CALLS         341 TOTAL
                     EDM=8.53997e-09    STRATEGY= 1  ERROR MATRIX UNCERTAINTY   0.6 per cent
  EXT PARAMETER                                   STEP         FIRST   
  NO.   NAME      VALUE            ERROR          SIZE      DERIVATIVE 
   1  p0           1.00736e+00   5.14590e-01  -1.68797e-05   7.86302e-05
   2  p1           9.98339e-01   3.79401e-03  -5.23764e-06  -7.91868e-03
   3  p2           8.25173e-03   3.02442e-03  -1.69790e-05  -2.72790e-03
   4  p3           4.35216e-03   5.65702e-03   8.25810e-06   3.56784e-01
   5  p4           2.98812e-03   3.88063e-03   5.66501e-06  -5.35673e-01
                               ERR DEF= 0.5
Analysis with a fixed bin for LowCut
Total integral = 2001
AoE_lowCut = 1946 -> 0.97275
CutIntegral = 1810
SF_dep = 0.904548
sigma_aoe = 0.00825173
 FCN=109.913 FROM MIGRAD    STATUS=CONVERGED     205 CALLS         206 TOTAL
                     EDM=1.02706e-08    STRATEGY= 1      ERROR MATRIX ACCURATE 
  EXT PARAMETER                                   STEP         FIRST   
  NO.   NAME      VALUE            ERROR          SIZE      DERIVATIVE 
   1  p0           1.74111e+02   5.59401e+00   3.20153e-02   1.37304e-06
   2  p1           1.59175e+03   3.43509e-02   7.59007e-04   3.10035e-04
   3  p2           1.22115e+00   2.99815e-02   1.53830e-05  -1.19373e-02
   4  p3           1.94384e+01   2.91579e+00   1.58369e-02   3.44799e-05
   5  p4           1.62024e+03   1.47361e-01   1.04164e-03  -1.87117e-04
   6  p5           9.99353e-01   1.66841e-01   8.77578e-05   4.47321e-03
   7  p6           1.19792e+01   2.60810e-01   1.78841e-03   2.26023e-04
                               ERR DEF= 0.5
AreaDEP_tot = 2731
Area_DEP_tot_psa = 2262
AreaDEP = 1978
Area_DEP_psa = 1798
Area_FEP_tot = 1571
Area_FEP_tot_psa = 587
Area_FEP = 799
Area_FEP_psa = 125
Calculation of AoE vs E correction
 FCN=119.001 FROM MIGRAD    STATUS=CONVERGED    1310 CALLS        1311 TOTAL
                     EDM=5.2397e-08    STRATEGY= 1      ERROR MATRIX ACCURATE 
  EXT PARAMETER                                   STEP         FIRST   
  NO.   NAME      VALUE            ERROR          SIZE      DERIVATIVE 
   1  p0           1.00955e+02   3.39277e+00   5.81417e-04  -9.18783e-04
   2  p1           9.99277e-01   4.23349e-04   1.43829e-04   3.82431e-03
   3  p2           1.31227e-02   3.74257e-04   1.59125e-04  -3.51325e-04
   4  p3           1.91643e+01   1.08538e+00   3.62940e-03  -1.30494e-04
   5  p4           3.38983e+00   4.07557e-01   1.20307e-03   8.02068e-04
   6  p5           9.93882e-01   7.25924e-03   2.39787e-05   1.07136e-03
   7  p6          -2.74973e-11   1.94284e-01   6.78041e-03** at limit **
   8  p7           2.22884e-02   2.23861e-03   2.68606e-04  -6.98648e-04
                               ERR DEF= 0.5
 FCN=118.326 FROM MIGRAD    STATUS=CONVERGED    1143 CALLS        1144 TOTAL
                     EDM=3.67526e-07    STRATEGY= 1      ERROR MATRIX ACCURATE 
  EXT PARAMETER                                   STEP         FIRST   
  NO.   NAME      VALUE            ERROR          SIZE      DERIVATIVE 
   1  p0           8.61168e+01   3.60619e+00   6.99411e-04  -3.63336e-03
   2  p1           1.00016e+00   4.43451e-04   1.53633e-04   4.97977e-04
   3  p2           1.17362e-02   4.14720e-04   1.83315e-04  -1.24206e-02
   4  p3           2.03671e+01   1.22994e+00   4.05985e-03  -5.26168e-04
   5  p4           4.69555e+00   3.90926e-01   1.28792e-03   1.05632e-03
   6  p5           1.00546e+00   5.82427e-03   1.82916e-05  -8.82043e-02
   7  p6          -2.58429e-08   1.75955e-01   6.23033e-03** at limit **
   8  p7           1.59795e-02   1.86196e-03   2.39009e-04  -4.19515e-03
                               ERR DEF= 0.5
 FCN=101.577 FROM MIGRAD    STATUS=CONVERGED    1013 CALLS        1014 TOTAL
                     EDM=1.05149e-06    STRATEGY= 1      ERROR MATRIX ACCURATE 
  EXT PARAMETER                                   STEP         FIRST   
  NO.   NAME      VALUE            ERROR          SIZE      DERIVATIVE 
   1  p0           1.06256e+02   3.80495e+00   5.89213e-04   2.02579e-03
   2  p1           9.99714e-01   3.55288e-04   1.11564e-04  -9.90659e-03
   3  p2           1.04027e-02   3.25704e-04   1.40263e-04   5.19049e-03
   4  p3           1.78187e+01   1.88336e+00   3.69677e-03  -3.94147e-04
   5  p4           5.56199e+00   2.20903e+00   1.42792e-03   1.17856e-04
   6  p5           9.86305e-01   9.50814e-03   2.16533e-05  -1.84065e-02
   7  p6          -1.75082e-02   7.03876e-01   6.55846e-04  -1.50084e-03
   8  p7           1.83731e-02   2.06272e-03   2.45043e-04  -8.89348e-03
                               ERR DEF= 0.5
 FCN=115.476 FROM MIGRAD    STATUS=CONVERGED     956 CALLS         957 TOTAL
                     EDM=7.35434e-08    STRATEGY= 1      ERROR MATRIX ACCURATE 
  EXT PARAMETER                                   STEP         FIRST   
  NO.   NAME      VALUE            ERROR          SIZE      DERIVATIVE 
   1  p0           1.15364e+02   4.30345e+00   6.27156e-04  -1.51023e-03
   2  p1           9.98419e-01   3.27617e-04   1.13540e-04   6.61224e-03
   3  p2           9.67194e-03   3.25259e-04   1.54355e-04  -3.25283e-03
   4  p3           1.88844e+01   2.83145e+00   4.30280e-03  -2.27859e-04
   5  p4           4.52396e+00   2.02016e+00   1.08851e-03   8.51627e-04
   6  p5           1.00251e+00   6.30389e-03   1.86176e-05   5.02776e-02
   7  p6          -1.11603e-01   1.77960e-01   2.59786e-04  -3.52594e-03
   8  p7           1.31910e-02   1.80110e-03   2.68467e-04   3.97144e-03
                               ERR DEF= 0.5
 FCN=102.772 FROM MIGRAD    STATUS=CONVERGED     954 CALLS         955 TOTAL
                     EDM=4.73282e-07    STRATEGY= 1      ERROR MATRIX ACCURATE 
  EXT PARAMETER                                   STEP         FIRST   
  NO.   NAME      VALUE            ERROR          SIZE      DERIVATIVE 
   1  p0           1.19425e+02   4.41961e+00   6.09794e-04   1.28026e-03
   2  p1           9.98513e-01   3.15013e-04   1.01112e-04   4.70502e-03
   3  p2           8.93027e-03   2.99535e-04   1.46637e-04   1.09440e-02
   4  p3           2.00750e+01   1.16260e+00   4.12039e-03  -7.99946e-05
   5  p4           6.58972e+00   4.52943e-01   1.50724e-03   1.46152e-03
   6  p5           9.94449e-01   5.22642e-03   1.69474e-05   1.47047e-01
   7  p6          -9.62662e-09   6.87098e-02   3.64620e-03** at limit **
   8  p7           1.49757e-02   1.48685e-03   2.17735e-04   1.11377e-02
                               ERR DEF= 0.5
 FCN=122.323 FROM MIGRAD    STATUS=CONVERGED     745 CALLS         746 TOTAL
                     EDM=1.58945e-08    STRATEGY= 1  ERROR MATRIX UNCERTAINTY   2.2 per cent
  EXT PARAMETER                                   STEP         FIRST   
  NO.   NAME      VALUE            ERROR          SIZE      DERIVATIVE 
   1  p0           1.15800e+02   4.65832e+00   1.86903e-04   5.06378e-04
   2  p1           9.98357e-01   2.90672e-04  -4.67837e-06  -2.05120e-03
   3  p2           7.86570e-03   2.52423e-04   1.88631e-06  -3.96559e-04
   4  p3           2.17602e+01   1.19137e+00  -2.42696e-03   8.08667e-05
   5  p4           7.74747e+00   4.68068e-01  -9.02675e-04   1.41435e-05
   6  p5           9.94462e-01   3.79488e-03  -1.26318e-06   1.53087e-02
   7  p6          -4.22029e-11   8.19339e-03  -1.82493e-06** at limit **
   8  p7           1.57139e-02   1.16228e-03   4.44414e-05  -1.50392e-03
                               ERR DEF= 0.5
 FCN=123.955 FROM MIGRAD    STATUS=CONVERGED     727 CALLS         728 TOTAL
                     EDM=4.71663e-07    STRATEGY= 1  ERROR MATRIX UNCERTAINTY   2.8 per cent
  EXT PARAMETER                                   STEP         FIRST   
  NO.   NAME      VALUE            ERROR          SIZE      DERIVATIVE 
   1  p0           1.10462e+02   4.32985e+00   9.07938e-04   8.36000e-04
   2  p1           9.97049e-01   3.13968e-04  -4.06004e-05   1.19602e-02
   3  p2           8.31161e-03   2.74954e-04  -1.10661e-04   7.23915e-03
   4  p3           2.04707e+01   1.15861e+00  -4.79355e-04  -1.06491e-03
   5  p4           7.20044e+00   4.78437e-01  -2.29170e-03   1.60865e-03
   6  p5           9.92372e-01   4.26002e-03  -6.84149e-06   2.04038e-01
   7  p6          -5.10703e-15   1.89128e-02   3.62441e-03** at limit **
   8  p7           1.50014e-02   1.28430e-03   1.11491e-04   1.13869e-03
                               ERR DEF= 0.5
 FCN=133.078 FROM MIGRAD    STATUS=CONVERGED     893 CALLS         894 TOTAL
                     EDM=3.36725e-08    STRATEGY= 1  ERROR MATRIX UNCERTAINTY   1.3 per cent
  EXT PARAMETER                                   STEP         FIRST   
  NO.   NAME      VALUE            ERROR          SIZE      DERIVATIVE 
   1  p0           1.25860e+02   4.80898e+00   1.17343e-05  -4.21737e-04
   2  p1           9.95833e-01   3.43259e-04   2.22027e-06  -5.76776e-03
   3  p2           7.93865e-03   2.91989e-04  -2.14532e-05  -1.50200e-03
   4  p3           3.33167e+01   1.75541e+00   3.51186e-04   5.03632e-05
   5  p4           1.01430e+01   4.26627e-01   6.42848e-05  -5.92674e-04
   6  p5           9.90848e-01   3.06479e-03   1.19912e-06   2.64676e-03
   7  p6          -2.24953e-12   2.17492e-03   1.25593e-04** at limit **
   8  p7           1.16765e-02   8.64283e-04  -2.00097e-05  -2.23535e-03
                               ERR DEF= 0.5
 FCN=137.329 FROM MIGRAD    STATUS=CONVERGED     762 CALLS         763 TOTAL
                     EDM=9.2086e-09    STRATEGY= 1  ERROR MATRIX UNCERTAINTY   1.6 per cent
  EXT PARAMETER                                   STEP         FIRST   
  NO.   NAME      VALUE            ERROR          SIZE      DERIVATIVE 
   1  p0           1.45856e+02   5.17209e+00  -1.18483e-04   2.93199e-04
   2  p1           9.95128e-01   2.77455e-04   4.35066e-06   2.99614e-03
   3  p2           7.70188e-03   2.39641e-04   2.37398e-05   4.97032e-03
   4  p3           3.53812e+01   1.51923e+00   1.16082e-03  -3.16056e-05
   5  p4           9.98010e+00   4.73024e-01   1.88144e-04   2.84821e-04
   6  p5           9.80579e-01   3.81290e-03  -2.85622e-06   3.50419e-02
   7  p6          -4.61023e-11   4.42494e-02   5.11905e-04** at limit **
   8  p7           1.33975e-02   9.64840e-04   2.01430e-05  -7.63353e-07
                               ERR DEF= 0.5
 FCN=138.644 FROM MIGRAD    STATUS=CONVERGED     693 CALLS         694 TOTAL
                     EDM=1.88848e-08    STRATEGY= 1  ERROR MATRIX UNCERTAINTY   3.7 per cent
  EXT PARAMETER                                   STEP         FIRST   
  NO.   NAME      VALUE            ERROR          SIZE      DERIVATIVE 
   1  p0           1.42801e+02   5.04610e+00   5.87241e-05  -6.26631e-04
   2  p1           9.94133e-01   2.68696e-04  -6.51899e-06  -3.34362e-03
   3  p2           7.73235e-03   2.35264e-04  -1.48804e-05   3.22731e-04
   4  p3           3.26670e+01   1.31463e+00   9.25514e-04   1.38964e-04
   5  p4           8.29429e+00   1.28914e+00   1.11346e-03  -5.27021e-04
   6  p5           9.78518e-01   4.56220e-03   1.35989e-06  -5.65828e-03
   7  p6          -3.31389e-02   4.01096e-02   1.85905e-04   2.31174e-03
   8  p7           1.49814e-02   1.08958e-03  -1.04193e-05   2.31597e-04
                               ERR DEF= 0.5
 FCN=139.583 FROM MIGRAD    STATUS=CONVERGED     797 CALLS         798 TOTAL
                     EDM=7.49169e-08    STRATEGY= 1      ERROR MATRIX ACCURATE 
  EXT PARAMETER                                   STEP         FIRST   
  NO.   NAME      VALUE            ERROR          SIZE      DERIVATIVE 
   1  p0           1.38982e+02   5.11063e+00   7.35701e-04  -9.30254e-04
   2  p1           9.93764e-01   2.85073e-04   1.06892e-04   4.48609e-03
   3  p2           7.71762e-03   2.47336e-04   1.70351e-04  -5.51746e-04
   4  p3           3.07080e+01   1.39755e+00   6.42560e-03  -1.84057e-04
   5  p4           8.34629e+00   1.40205e+00   1.68131e-03   7.36672e-04
   6  p5           9.83603e-01   3.95801e-03   1.49054e-05   5.76084e-02
   7  p6          -7.55257e-03   6.73829e-02   6.88348e-04  -2.07265e-03
   8  p7           1.43931e-02   1.01909e-03   2.00210e-04   2.78985e-03
                               ERR DEF= 0.5
 FCN=143.277 FROM MIGRAD    STATUS=CONVERGED     742 CALLS         743 TOTAL
                     EDM=1.28855e-08    STRATEGY= 1  ERROR MATRIX UNCERTAINTY   1.9 per cent
  EXT PARAMETER                                   STEP         FIRST   
  NO.   NAME      VALUE            ERROR          SIZE      DERIVATIVE 
   1  p0           1.41561e+02   5.17370e+00   1.10693e-04   1.79897e-04
   2  p1           9.93308e-01   3.08337e-04   1.17692e-05   2.43713e-03
   3  p2           7.79738e-03   2.65988e-04   1.00863e-06   3.40655e-03
   4  p3           3.03341e+01   1.55310e+00  -1.15560e-03   4.21432e-05
   5  p4           8.64540e+00   4.11203e-01  -5.45721e-04   5.11627e-05
   6  p5           9.90074e-01   3.11201e-03  -6.67377e-07  -2.35829e-02
   7  p6          -3.04273e-11   1.41031e-02   1.71200e-04** at limit **
   8  p7           1.20245e-02   9.55448e-04  -1.19475e-05  -3.74400e-03
                               ERR DEF= 0.5
 FCN=138.34 FROM MIGRAD    STATUS=CONVERGED     748 CALLS         749 TOTAL
                     EDM=1.01279e-08    STRATEGY= 1  ERROR MATRIX UNCERTAINTY   0.8 per cent
  EXT PARAMETER                                   STEP         FIRST   
  NO.   NAME      VALUE            ERROR          SIZE      DERIVATIVE 
   1  p0           1.77362e+02   6.02134e+00  -5.50888e-05  -3.11042e-04
   2  p1           9.92837e-01   2.38270e-04   3.92916e-06   1.70784e-03
   3  p2           7.25093e-03   2.07126e-04   7.62527e-06  -2.53945e-03
   4  p3           3.50344e+01   1.59240e+00  -4.78305e-04  -5.44676e-05
   5  p4           8.57639e+00   3.80642e-01  -2.56267e-04  -2.67113e-05
   6  p5           9.89493e-01   2.68839e-03   1.43466e-06  -5.22650e-02
   7  p6          -7.41629e-14   4.85876e-03  -3.37989e-04** at limit **
   8  p7           1.17119e-02   7.97122e-04  -6.22529e-06  -4.59169e-03
                               ERR DEF= 0.5
 FCN=140.938 FROM MIGRAD    STATUS=CONVERGED     739 CALLS         740 TOTAL
                     EDM=6.8734e-08    STRATEGY= 1  ERROR MATRIX UNCERTAINTY   1.3 per cent
  EXT PARAMETER                                   STEP         FIRST   
  NO.   NAME      VALUE            ERROR          SIZE      DERIVATIVE 
   1  p0           1.94661e+02   6.07630e+00  -3.97591e-05  -2.73112e-03
   2  p1           9.92102e-01   2.38169e-04   6.85205e-06   2.36348e-04
   3  p2           7.71826e-03   2.05980e-04  -9.45046e-06  -5.42100e-03
   4  p3           3.80405e+01   1.68573e+00  -2.35160e-04   1.85017e-04
   5  p4           8.30056e+00   3.65123e-01   3.34445e-04  -1.33126e-03
   6  p5           9.89464e-01   2.67736e-03  -2.81909e-06  -8.85591e-02
   7  p6          -1.61249e-11   7.99850e-03   2.83647e-04** at limit **
   8  p7           1.33707e-02   8.32769e-04   2.60807e-05   5.86573e-03
                               ERR DEF= 0.5
 FCN=204.346 FROM MIGRAD    STATUS=CONVERGED     756 CALLS         757 TOTAL
                     EDM=4.10658e-08    STRATEGY= 1  ERROR MATRIX UNCERTAINTY   0.6 per cent
  EXT PARAMETER                                   STEP         FIRST   
  NO.   NAME      VALUE            ERROR          SIZE      DERIVATIVE 
   1  p0           2.39471e+02   7.13063e+00   9.59616e-05   1.42773e-03
   2  p1           9.92001e-01   2.18490e-04  -7.24421e-07   6.13564e-03
   3  p2           7.10397e-03   1.89783e-04  -2.95680e-05   4.27387e-03
   4  p3           4.76382e+01   1.89127e+00  -1.41642e-03  -1.02542e-04
   5  p4           8.62124e+00   3.23988e-01  -8.60332e-04   5.52038e-04
   6  p5           9.90305e-01   1.90660e-03   6.60230e-08   1.97875e-01
   7  p6          -1.09868e-11   2.13885e-03  -1.54557e-04** at limit **
   8  p7           1.21928e-02   6.42730e-04   2.93437e-05   6.43582e-03
                               ERR DEF= 0.5
 FCN=210.954 FROM MIGRAD    STATUS=CONVERGED    1046 CALLS        1047 TOTAL
                     EDM=3.21213e-07    STRATEGY= 1  ERROR MATRIX UNCERTAINTY   1.2 per cent
  EXT PARAMETER                                   STEP         FIRST   
  NO.   NAME      VALUE            ERROR          SIZE      DERIVATIVE 
   1  p0           2.69225e+02   7.48137e+00  -6.12106e-05  -4.00191e-03
   2  p1           9.91752e-01   1.99367e-04  -7.28822e-06   1.80789e-02
   3  p2           7.10624e-03   1.71190e-04  -4.79951e-06   1.07945e-02
   4  p3           5.47756e+01   2.07422e+00  -1.94988e-03  -5.04370e-05
   5  p4           9.39865e+00   3.28351e-01  -1.13316e-03   5.70858e-04
   6  p5           9.89779e-01   1.93617e-03   3.41500e-06  -2.66959e-01
   7  p6          -7.29250e-12   1.59628e-03  -3.14566e-04** at limit **
   8  p7           1.28900e-02   6.15312e-04  -5.07329e-05  -3.23330e-02
                               ERR DEF= 0.5

****************************************
Minimizer is Linear
Chi2                      =      38.6581
NDf                       =           14
p0                        =      1.00671   +/-   0.000315551 
p1                        = -6.41963e-06   +/-   1.64718e-07 
Calculation of survival fraction for 2104
 FCN=178.866 FROM MIGRAD    STATUS=CONVERGED      89 CALLS          90 TOTAL
                     EDM=2.32758e-08    STRATEGY= 1  ERROR MATRIX UNCERTAINTY   9.2 per cent
  EXT PARAMETER                                   STEP         FIRST   
  NO.   NAME      VALUE            ERROR          SIZE      DERIVATIVE 
   1  p0           1.57287e+02   4.69904e+00   9.49731e-03   3.27131e-05
   2  p1           2.10327e+03   4.89826e-02  -6.12231e-06   6.52528e-04
   3  p2           1.78947e+00   4.49696e-02  -4.94739e-06   6.63284e-02
   4  p3           2.63530e+01   3.12278e-01  -1.15448e-04  -1.74056e-04
                               ERR DEF= 0.5
Area_tot = 3884
Area_tot_psa = 1158
Area = 2308
Area_psa = 321
 FCN=155.499 FROM MIGRAD    STATUS=CONVERGED     109 CALLS         110 TOTAL
                     EDM=1.31178e-07    STRATEGY= 1      ERROR MATRIX ACCURATE 
  EXT PARAMETER                                   STEP         FIRST   
  NO.   NAME      VALUE            ERROR          SIZE      DERIVATIVE 
   1  p0           2.12450e+01   2.12748e+00   1.39598e-02   6.08257e-05
   2  p1           2.10298e+03   1.95163e-01   1.67730e-03   1.58340e-03
   3  p2           1.99131e+00   2.18164e-01   9.95105e-05   1.34433e-02
   4  p3           1.37623e+01   2.34845e-01   1.92141e-03   7.21927e-04
                               ERR DEF= 0.5
Calculation of survival fraction for 2614.5
 FCN=243.806 FROM MIGRAD    STATUS=CONVERGED     111 CALLS         112 TOTAL
                     EDM=1.38804e-07    STRATEGY= 1  ERROR MATRIX UNCERTAINTY   2.4 per cent
  EXT PARAMETER                                   STEP         FIRST   
  NO.   NAME      VALUE            ERROR          SIZE      DERIVATIVE 
   1  p0           1.34624e+03   1.30826e+01  -1.90492e-01  -2.79675e-05
   2  p1           2.61469e+03   1.15825e-02  -2.40001e-04   8.14747e-03
   3  p2           1.46968e+00   8.43559e-03  -8.15876e-06   2.23064e-01
   4  p3           2.50537e+00   1.08683e-01   2.68049e-03  -6.54273e-04
                               ERR DEF= 0.5
Area_tot = 16674
Area_tot_psa = 3397
Area = 16522
Area_psa = 3377
 FCN=139.612 FROM MIGRAD    STATUS=CONVERGED     218 CALLS         219 TOTAL
                     EDM=6.68739e-07    STRATEGY= 1      ERROR MATRIX ACCURATE 
  EXT PARAMETER                                   STEP         FIRST   
  NO.   NAME      VALUE            ERROR          SIZE      DERIVATIVE 
   1  p0           2.62465e+02   5.58383e+00   3.70791e-02  -1.13144e-04
   2  p1           2.61466e+03   2.68023e-02   1.24677e-03  -1.00108e-02
   3  p2           1.53678e+00   1.94344e-02   1.04765e-05  -5.96251e-02
   4  p3           1.19729e-01   2.49303e-02   2.03782e-04  -2.02516e-02
                               ERR DEF= 0.5
Calculation of survival fraction background at 2039
Area = 5894
Area_psa = 3153
Calculation of survival fraction background at 2350
Area = 13031
Area_psa = 6988
