
[1mRooFit v3.60 -- Developed by Wouter Verkerke and David Kirkby[0m 
                Copyright (C) 2000-2013 NIKHEF, University of California & Stanford University
                All rights reserved, please read http://roofit.sourceforge.net/license.txt

Using file /nfs/gerda6/users/burlac/psd/analysis/run0098-cal_dplms_10.tier.root
Analizing channel 26
DPLMS analysis with weight 10
Total events = 17201607
event n.1000000
event n.2000000
event n.3000000
event n.4000000
event n.5000000
event n.6000000
event n.7000000
event n.8000000
event n.9000000
event n.10000000
event n.11000000
event n.12000000
event n.13000000
event n.14000000
event n.15000000
event n.16000000
event n.17000000
Selected events: 183136
The time to read waveforms: 48.19 s
Initialization of DEP&FEP background  = 21
 FCN=118.079 FROM MIGRAD    STATUS=CONVERGED     212 CALLS         213 TOTAL
                     EDM=7.55055e-07    STRATEGY= 1      ERROR MATRIX ACCURATE 
  EXT PARAMETER                                   STEP         FIRST   
  NO.   NAME      VALUE            ERROR          SIZE      DERIVATIVE 
   1  p0           2.25875e+02   6.51716e+00   3.90216e-02   3.87511e-05
   2  p1           1.59301e+03   3.04821e-02   7.59608e-04   1.04120e-02
   3  p2           1.18755e+00   2.61484e-02   1.42815e-05  -1.04126e-01
   4  p3           1.14056e+02   4.90524e+00   2.90311e-02  -7.16820e-06
   5  p4           1.62118e+03   4.91395e-02   7.73039e-04  -1.22131e-02
   6  p5           1.23177e+00   4.60575e-02   2.42876e-05  -9.00367e-03
   7  p6           2.13960e+01   3.44921e-01   2.47527e-03   7.74141e-04
                               ERR DEF= 0.5
mean_aoe = 0.1025
AoE: max = 1.42705 max = 0.0960627
 FCN=0.343302 FROM MIGRAD    STATUS=CONVERGED     349 CALLS         350 TOTAL
                     EDM=6.1754e-07    STRATEGY= 1  ERROR MATRIX UNCERTAINTY   1.6 per cent
  EXT PARAMETER                                   STEP         FIRST   
  NO.   NAME      VALUE            ERROR          SIZE      DERIVATIVE 
   1  p0           1.03462e+00   7.51702e-01   3.36074e-03  -9.17304e-04
   2  p1           1.00118e+00   2.76896e-03   2.07248e-06   1.45944e-01
   3  p2           4.50747e-03   2.01209e-03  -4.11104e-04  -3.79986e-02
   4  p3           2.26015e-03   3.58332e-03   2.86319e-05   1.26420e+00
   5  p4           1.96402e-03   3.11082e-03   2.48571e-05  -1.56097e+00
                               ERR DEF= 0.5
Analysis with a fixed bin for LowCut
Total integral = 2223
AoE_lowCut = 1987 -> 0.99325
CutIntegral = 2005
SF_dep = 0.901934
sigma_aoe = 0.00450747
 FCN=123.286 FROM MIGRAD    STATUS=CONVERGED     189 CALLS         190 TOTAL
                     EDM=3.79275e-07    STRATEGY= 1      ERROR MATRIX ACCURATE 
  EXT PARAMETER                                   STEP         FIRST   
  NO.   NAME      VALUE            ERROR          SIZE      DERIVATIVE 
   1  p0           2.06263e+02   6.09205e+00   3.70575e-02  -3.03401e-05
   2  p1           1.59301e+03   3.01213e-02   7.59605e-04   9.64792e-04
   3  p2           1.17879e+00   2.56116e-02   1.42437e-05   6.64453e-02
   4  p3           1.38527e+01   1.89431e+00   1.15886e-02   9.60765e-05
   5  p4           1.62121e+03   2.39206e-01   1.83449e-03  -2.03426e-03
   6  p5           1.69003e+00   2.40108e-01   1.11028e-04  -1.72790e-03
   7  p6           1.08414e+01   2.54836e-01   1.81807e-03   6.03460e-04
                               ERR DEF= 0.5
AreaDEP_tot = 3064
Area_DEP_tot_psa = 2480
AreaDEP = 2178
Area_DEP_psa = 1972
Area_FEP_tot = 2030
Area_FEP_tot_psa = 643
Area_FEP = 1135
Area_FEP_psa = 190
Calculation of AoE vs E correction
 FCN=146.062 FROM MIGRAD    STATUS=CONVERGED     918 CALLS         919 TOTAL
                     EDM=3.64973e-08    STRATEGY= 1  ERROR MATRIX UNCERTAINTY   1.1 per cent
  EXT PARAMETER                                   STEP         FIRST   
  NO.   NAME      VALUE            ERROR          SIZE      DERIVATIVE 
   1  p0           1.80866e+02   6.24224e+00   2.15002e-05  -1.34291e-03
   2  p1           1.00251e+00   2.21582e-04   8.91943e-06   1.50611e-02
   3  p2           7.08754e-03   2.18105e-04  -1.04821e-05  -2.78254e-03
   4  p3           2.94619e+01   1.35561e+00   4.55429e-04  -2.10249e-04
   5  p4           6.29884e+00   3.44392e-01   5.06445e-05   8.30677e-04
   6  p5           1.00352e+00   3.09072e-03  -4.08495e-07  -1.47822e-02
   7  p6          -4.31917e-11   1.35782e-02   4.77674e-04** at limit **
   8  p7           1.39951e-02   1.02723e-03   5.34960e-06  -9.25336e-04
                               ERR DEF= 0.5
 FCN=121.944 FROM MIGRAD    STATUS=CONVERGED     928 CALLS         929 TOTAL
                     EDM=1.60021e-07    STRATEGY= 1  ERROR MATRIX UNCERTAINTY   2.3 per cent
  EXT PARAMETER                                   STEP         FIRST   
  NO.   NAME      VALUE            ERROR          SIZE      DERIVATIVE 
   1  p0           1.79747e+02   6.29380e+00  -1.05817e-05  -2.23950e-03
   2  p1           1.00193e+00   2.01695e-04  -1.29735e-05   2.06194e-02
   3  p2           6.30094e-03   1.84274e-04   5.08135e-05   6.65599e-03
   4  p3           2.22450e+01   1.12083e+00  -2.42274e-03  -4.98221e-04
   5  p4           6.19395e+00   3.84429e-01  -5.35086e-04   1.23806e-03
   6  p5           1.00358e+00   3.30795e-03  -1.48253e-06   8.35806e-02
   7  p6          -4.81275e-10   2.65472e-02   1.66035e-03** at limit **
   8  p7           1.28509e-02   1.11674e-03   4.86285e-05   3.18684e-03
                               ERR DEF= 0.5
 FCN=115.762 FROM MIGRAD    STATUS=CONVERGED    1120 CALLS        1121 TOTAL
                     EDM=5.44075e-08    STRATEGY= 1  ERROR MATRIX UNCERTAINTY   2.6 per cent
  EXT PARAMETER                                   STEP         FIRST   
  NO.   NAME      VALUE            ERROR          SIZE      DERIVATIVE 
   1  p0           2.06998e+02   7.22417e+00   9.25801e-05  -3.05948e-03
   2  p1           1.00172e+00   1.69512e-04  -1.56716e-07  -8.80711e-03
   3  p2           5.45303e-03   1.51587e-04   1.86005e-05  -3.35791e-03
   4  p3           2.24499e+01   1.16775e+00  -1.47277e-03  -6.84609e-05
   5  p4           7.80000e+00   4.32959e-01   1.64844e-05   7.69709e-05
   6  p5           1.00165e+00   2.87321e-03  -7.98833e-06  -3.26443e-02
   7  p6          -2.23552e-11   7.94505e-03  -7.76078e-04** at limit **
   8  p7           1.34073e-02   9.76000e-04   8.19948e-05   2.61766e-03
                               ERR DEF= 0.5
 FCN=118.72 FROM MIGRAD    STATUS=CONVERGED    1044 CALLS        1045 TOTAL
                     EDM=1.2236e-07    STRATEGY= 1  ERROR MATRIX UNCERTAINTY   1.6 per cent
  EXT PARAMETER                                   STEP         FIRST   
  NO.   NAME      VALUE            ERROR          SIZE      DERIVATIVE 
   1  p0           2.00623e+02   7.37885e+00   1.87761e-04  -3.23454e-03
   2  p1           1.00151e+00   1.84388e-04  -9.55326e-06   9.71586e-03
   3  p2           5.32548e-03   1.68852e-04  -5.14181e-05  -3.99677e-03
   4  p3           2.60308e+01   1.33476e+00   3.72506e-05  -1.94962e-04
   5  p4           8.69922e+00   4.19838e-01   1.03645e-04   1.21409e-03
   6  p5           1.00110e+00   2.59176e-03  -5.50533e-06   1.73286e-02
   7  p6          -1.84031e-12   5.17448e-03  -5.21658e-04** at limit **
   8  p7           1.01049e-02   8.42154e-04   7.78799e-05   4.73949e-03
                               ERR DEF= 0.5
 FCN=138.263 FROM MIGRAD    STATUS=CONVERGED    1032 CALLS        1033 TOTAL
                     EDM=5.41052e-08    STRATEGY= 1  ERROR MATRIX UNCERTAINTY   0.9 per cent
  EXT PARAMETER                                   STEP         FIRST   
  NO.   NAME      VALUE            ERROR          SIZE      DERIVATIVE 
   1  p0           2.18381e+02   7.87344e+00   1.11961e-04  -1.90932e-03
   2  p1           1.00077e+00   1.65034e-04   5.92111e-06   5.53175e-03
   3  p2           5.17750e-03   1.49689e-04   2.29623e-05   7.96498e-04
   4  p3           2.67281e+01   1.27803e+00  -1.51604e-04   1.17432e-04
   5  p4           9.32577e+00   4.47963e-01  -6.37574e-05   1.05967e-04
   6  p5           9.98604e-01   2.64574e-03  -2.20354e-06   5.23262e-02
   7  p6          -6.28777e-11   3.98594e-03  -2.74319e-04** at limit **
   8  p7           1.25568e-02   8.63044e-04   6.33933e-05  -2.66481e-04
                               ERR DEF= 0.5
 FCN=149.443 FROM MIGRAD    STATUS=CONVERGED    1069 CALLS        1070 TOTAL
                     EDM=2.44356e-08    STRATEGY= 1  ERROR MATRIX UNCERTAINTY   1.4 per cent
  EXT PARAMETER                                   STEP         FIRST   
  NO.   NAME      VALUE            ERROR          SIZE      DERIVATIVE 
   1  p0           2.04211e+02   6.16770e+00   2.74957e-05  -4.20530e-04
   2  p1           1.00022e+00   1.59572e-04   2.91615e-05   9.78082e-03
   3  p2           5.00000e-03   3.53413e-05  -4.16275e-05** at limit **
   4  p3           2.74562e+01   1.26567e+00  -1.78274e-03  -4.09920e-06
   5  p4           9.08727e+00   4.30413e-01  -9.84508e-04   2.72907e-04
   6  p5           9.97318e-01   2.22985e-03   1.21322e-06   9.59689e-02
   7  p6          -3.95638e-11   4.31817e-03  -1.90781e-04** at limit **
   8  p7           1.23291e-02   7.74318e-04   2.43072e-05   1.95171e-03
                               ERR DEF= 0.5
 FCN=146.765 FROM MIGRAD    STATUS=CONVERGED    1160 CALLS        1161 TOTAL
                     EDM=9.1039e-07    STRATEGY= 1  ERROR MATRIX UNCERTAINTY   2.4 per cent
  EXT PARAMETER                                   STEP         FIRST   
  NO.   NAME      VALUE            ERROR          SIZE      DERIVATIVE 
   1  p0           1.97756e+02   6.21634e+00   1.51774e-04  -5.79718e-03
   2  p1           9.99947e-01   1.66821e-04  -3.51532e-05  -7.35574e-02
   3  p2           5.00000e-03   1.05401e-04  -2.22837e-04** at limit **
   4  p3           2.59439e+01   1.25927e+00  -2.29238e-03   2.30260e-04
   5  p4           9.51603e+00   4.55987e-01  -1.83754e-03  -5.47474e-05
   6  p5           9.97289e-01   2.41888e-03  -2.96183e-06   2.69011e-01
   7  p6          -5.36403e-09   1.17942e-02   8.37535e-04** at limit **
   8  p7           1.10199e-02   8.37282e-04   9.92371e-05   1.00607e-02
                               ERR DEF= 0.5
 FCN=192.981 FROM MIGRAD    STATUS=CONVERGED    1173 CALLS        1174 TOTAL
                     EDM=1.92356e-08    STRATEGY= 1  ERROR MATRIX UNCERTAINTY   2.1 per cent
  EXT PARAMETER                                   STEP         FIRST   
  NO.   NAME      VALUE            ERROR          SIZE      DERIVATIVE 
   1  p0           2.19892e+02   6.68924e+00  -3.10635e-04  -8.51657e-04
   2  p1           9.99175e-01   1.58847e-04  -1.22121e-05  -8.02542e-03
   3  p2           5.00000e-03   2.13762e-05   1.39980e-04** at limit **
   4  p3           4.12667e+01   1.67081e+00  -1.81094e-03  -8.06005e-05
   5  p4           1.25768e+01   4.56314e-01  -6.54096e-04   2.06014e-05
   6  p5           9.93365e-01   1.80146e-03   1.61622e-06  -9.05009e-02
   7  p6          -1.80744e-13   7.42062e-04  -2.95977e-05** at limit **
   8  p7           1.10209e-02   5.78986e-04  -1.29565e-05  -5.85652e-03
                               ERR DEF= 0.5
 FCN=178.492 FROM MIGRAD    STATUS=CONVERGED    1095 CALLS        1096 TOTAL
                     EDM=1.60454e-07    STRATEGY= 1  ERROR MATRIX UNCERTAINTY   1.0 per cent
  EXT PARAMETER                                   STEP         FIRST   
  NO.   NAME      VALUE            ERROR          SIZE      DERIVATIVE 
   1  p0           2.37754e+02   6.88311e+00  -2.28424e-04  -3.00491e-03
   2  p1           9.98772e-01   1.50788e-04   1.92184e-05   2.16053e-02
   3  p2           5.00000e-03   1.80176e-05  -1.17227e-04** at limit **
   4  p3           4.53566e+01   1.76070e+00   8.41353e-04   1.64904e-04
   5  p4           1.25431e+01   4.34174e-01  -9.75645e-05  -7.83008e-04
   6  p5           9.93193e-01   1.72829e-03   6.23018e-06  -3.94341e-01
   7  p6          -7.39286e-12   1.04589e-03   1.05482e-04** at limit **
   8  p7           1.05425e-02   5.60755e-04  -1.45409e-04  -8.15357e-03
                               ERR DEF= 0.5
 FCN=180.159 FROM MIGRAD    STATUS=CONVERGED    1168 CALLS        1169 TOTAL
                     EDM=1.99869e-07    STRATEGY= 1  ERROR MATRIX UNCERTAINTY   0.7 per cent
  EXT PARAMETER                                   STEP         FIRST   
  NO.   NAME      VALUE            ERROR          SIZE      DERIVATIVE 
   1  p0           2.45899e+02   7.04520e+00   1.24065e-04  -3.68982e-03
   2  p1           9.98555e-01   1.50703e-04  -1.85408e-05  -3.95456e-02
   3  p2           5.00000e-03   1.48525e-05  -6.00585e-05** at limit **
   4  p3           4.76303e+01   1.78477e+00   2.78449e-03  -1.03533e-04
   5  p4           1.24992e+01   4.32793e-01  -1.88158e-05   1.55360e-03
   6  p5           9.90187e-01   1.92103e-03   3.73307e-06   1.54385e-01
   7  p6          -9.02789e-12   1.84120e-03  -8.77336e-04** at limit **
   8  p7           1.20818e-02   5.97979e-04  -5.88007e-05  -5.41569e-04
                               ERR DEF= 0.5
 FCN=189.603 FROM MIGRAD    STATUS=CONVERGED    1065 CALLS        1066 TOTAL
                     EDM=6.01044e-09    STRATEGY= 1  ERROR MATRIX UNCERTAINTY   1.2 per cent
  EXT PARAMETER                                   STEP         FIRST   
  NO.   NAME      VALUE            ERROR          SIZE      DERIVATIVE 
   1  p0           2.35552e+02   6.84079e+00   7.04859e-05   3.30220e-05
   2  p1           9.98400e-01   1.51027e-04   6.47866e-06   8.98978e-03
   3  p2           5.00000e-03   1.31793e-05   3.96303e-06** at limit **
   4  p3           4.52794e+01   1.76191e+00   2.27279e-03  -6.21280e-05
   5  p4           1.24136e+01   4.47021e-01   3.17630e-04   3.38474e-04
   6  p5           9.91366e-01   1.95647e-03  -9.90184e-07   4.14270e-02
   7  p6          -4.78728e-13   1.62588e-03  -5.50554e-05** at limit **
   8  p7           1.25422e-02   6.22563e-04   1.48852e-05   9.91841e-04
                               ERR DEF= 0.5
 FCN=177.491 FROM MIGRAD    STATUS=CONVERGED     986 CALLS         987 TOTAL
                     EDM=3.41078e-07    STRATEGY= 1  ERROR MATRIX UNCERTAINTY   4.0 per cent
  EXT PARAMETER                                   STEP         FIRST   
  NO.   NAME      VALUE            ERROR          SIZE      DERIVATIVE 
   1  p0           2.53917e+02   7.12420e+00  -1.90935e-04   1.71554e-03
   2  p1           9.98170e-01   1.43718e-04   9.33821e-06  -3.04248e-03
   3  p2           5.00000e-03   1.21720e-05   9.83892e-05** at limit **
   4  p3           3.94341e+01   1.64314e+00   4.47732e-03  -2.91926e-04
   5  p4           1.15812e+01   4.45848e-01   2.82020e-04   2.52615e-04
   6  p5           9.92142e-01   2.04771e-03   6.51163e-06   1.34276e-01
   7  p6          -2.77353e-10   2.05712e-03  -2.36353e-04** at limit **
   8  p7           1.19300e-02   6.72297e-04  -3.32662e-05   1.92649e-02
                               ERR DEF= 0.5
 FCN=195.924 FROM MIGRAD    STATUS=CONVERGED    1005 CALLS        1006 TOTAL
                     EDM=3.81556e-08    STRATEGY= 1  ERROR MATRIX UNCERTAINTY   2.1 per cent
  EXT PARAMETER                                   STEP         FIRST   
  NO.   NAME      VALUE            ERROR          SIZE      DERIVATIVE 
   1  p0           3.01441e+02   7.59896e+00   3.31210e-05  -6.25789e-04
   2  p1           9.97834e-01   1.32381e-04  -1.54577e-06  -3.05948e-03
   3  p2           5.00000e-03   9.44182e-06  -3.75744e-05** at limit **
   4  p3           4.43283e+01   1.69385e+00  -7.57152e-04  -3.65308e-05
   5  p4           1.11131e+01   4.00498e-01  -1.97732e-04   7.03876e-04
   6  p5           9.93331e-01   1.83611e-03   2.79261e-07   4.24306e-02
   7  p6          -5.95524e-13   1.84014e-03  -6.43377e-05** at limit **
   8  p7           1.16214e-02   6.07901e-04  -5.17808e-06   3.38374e-03
                               ERR DEF= 0.5
 FCN=272.066 FROM MIGRAD    STATUS=CONVERGED    1063 CALLS        1064 TOTAL
                     EDM=3.21107e-09    STRATEGY= 1  ERROR MATRIX UNCERTAINTY   1.3 per cent
  EXT PARAMETER                                   STEP         FIRST   
  NO.   NAME      VALUE            ERROR          SIZE      DERIVATIVE 
   1  p0           3.70325e+02   8.34222e+00  -7.10812e-05  -4.60151e-04
   2  p1           9.97475e-01   1.20653e-04  -1.94511e-06   1.08737e-03
   3  p2           5.00000e-03   7.01155e-06  -3.67143e-05** at limit **
   4  p3           5.33732e+01   1.92605e+00  -1.20200e-03  -2.68675e-05
   5  p4           1.14892e+01   3.62287e-01  -2.29799e-04   4.79469e-05
   6  p5           9.94845e-01   1.43159e-03   1.71800e-06  -3.90349e-03
   7  p6          -1.98508e-13   7.33741e-04  -1.25606e-05** at limit **
   8  p7           9.64245e-03   4.79215e-04  -4.35261e-05  -1.52990e-03
                               ERR DEF= 0.5
 FCN=319.216 FROM MIGRAD    STATUS=CONVERGED    1051 CALLS        1052 TOTAL
                     EDM=7.39055e-09    STRATEGY= 1  ERROR MATRIX UNCERTAINTY   1.6 per cent
  EXT PARAMETER                                   STEP         FIRST   
  NO.   NAME      VALUE            ERROR          SIZE      DERIVATIVE 
   1  p0           4.34603e+02   9.17639e+00   3.46905e-05   1.48619e-03
   2  p1           9.97238e-01   1.10249e-04  -4.98136e-06  -2.30356e-03
   3  p2           5.00000e-03   7.18083e-06   2.15343e-06** at limit **
   4  p3           5.84295e+01   1.98622e+00   3.32226e-03  -1.64647e-05
   5  p4           1.11568e+01   3.41587e-01   7.31327e-05   8.72670e-05
   6  p5           9.94146e-01   1.41678e-03   4.27379e-07   1.80199e-02
   7  p6          -2.51599e-12   8.32457e-04   7.32585e-05** at limit **
   8  p7           1.10095e-02   4.94654e-04  -1.25300e-05  -1.86143e-03
                               ERR DEF= 0.5
 FCN=409.5 FROM MIGRAD    STATUS=CONVERGED    1086 CALLS        1087 TOTAL
                     EDM=6.36511e-07    STRATEGY= 1  ERROR MATRIX UNCERTAINTY   1.6 per cent
  EXT PARAMETER                                   STEP         FIRST   
  NO.   NAME      VALUE            ERROR          SIZE      DERIVATIVE 
   1  p0           4.97648e+02   9.88196e+00  -2.33983e-04  -4.46468e-03
   2  p1           9.96875e-01   1.03745e-04   1.37498e-05  -1.07221e-01
   3  p2           5.00000e-03   6.22375e-06  -1.55471e-04** at limit **
   4  p3           6.79181e+01   2.14228e+00  -3.65996e-03   3.91033e-04
   5  p4           1.14928e+01   3.20365e-01  -1.80456e-03  -9.47020e-04
   6  p5           9.93717e-01   1.19090e-03   6.23617e-06  -1.40258e-01
   7  p6          -2.50725e-11   6.50135e-04  -1.98426e-04** at limit **
   8  p7           9.86693e-03   4.13539e-04  -5.25167e-06   2.77314e-02
                               ERR DEF= 0.5

****************************************
Minimizer is Linear
Chi2                      =      14.7614
NDf                       =           14
p0                        =       1.0059   +/-   0.000161135 
p1                        = -3.80422e-06   +/-   8.41627e-08 
Calculation of survival fraction for 2104
 FCN=162.196 FROM MIGRAD    STATUS=CONVERGED     102 CALLS         103 TOTAL
                     EDM=2.8092e-07    STRATEGY= 1      ERROR MATRIX ACCURATE 
  EXT PARAMETER                                   STEP         FIRST   
  NO.   NAME      VALUE            ERROR          SIZE      DERIVATIVE 
   1  p0           1.77124e+02   5.41678e+00   3.71676e-02   1.44261e-05
   2  p1           2.10363e+03   4.26288e-02   1.00309e-03   9.06261e-03
   3  p2           1.53944e+00   4.04738e-02   2.22228e-05   9.53628e-02
   4  p3           2.85173e+01   3.28533e-01   2.82456e-03  -5.84849e-04
                               ERR DEF= 0.5
Area_tot = 3724
Area_tot_psa = 960
Area = 2338
Area_psa = 281
 FCN=145.684 FROM MIGRAD    STATUS=CONVERGED     102 CALLS         103 TOTAL
                     EDM=1.32207e-09    STRATEGY= 1      ERROR MATRIX ACCURATE 
  EXT PARAMETER                                   STEP         FIRST   
  NO.   NAME      VALUE            ERROR          SIZE      DERIVATIVE 
   1  p0           2.53183e+01   2.85588e+00   1.83345e-02   2.45890e-06
   2  p1           2.10376e+03   1.32817e-01   1.08409e-03  -1.11196e-04
   3  p2           1.18936e+00   1.37478e-01   7.92913e-05   2.22116e-04
   4  p3           1.37086e+01   2.26753e-01   1.84186e-03   1.50682e-04
                               ERR DEF= 0.5
Calculation of survival fraction for 2614.5
 FCN=213.57 FROM MIGRAD    STATUS=CONVERGED     136 CALLS         137 TOTAL
                     EDM=1.02663e-09    STRATEGY= 1      ERROR MATRIX ACCURATE 
  EXT PARAMETER                                   STEP         FIRST   
  NO.   NAME      VALUE            ERROR          SIZE      DERIVATIVE 
   1  p0           1.65000e+03   1.54927e+01   1.26702e-01  -1.37896e-06
   2  p1           2.61451e+03   9.69442e-03   1.24669e-03  -7.69121e-04
   3  p2           1.26252e+00   7.11695e-03   5.20146e-06  -4.33649e-02
   4  p3           2.60342e+00   1.09146e-01   1.09970e-03   1.80377e-04
                               ERR DEF= 0.5
Area_tot = 17539
Area_tot_psa = 3251
Area = 17400
Area_psa = 3232
 FCN=145.423 FROM MIGRAD    STATUS=CONVERGED     205 CALLS         206 TOTAL
                     EDM=3.19091e-07    STRATEGY= 1      ERROR MATRIX ACCURATE 
  EXT PARAMETER                                   STEP         FIRST   
  NO.   NAME      VALUE            ERROR          SIZE      DERIVATIVE 
   1  p0           3.04290e+02   6.60464e+00   4.47776e-02  -7.46892e-05
   2  p1           2.61454e+03   2.25839e-02   1.24671e-03  -9.54987e-03
   3  p2           1.27049e+00   1.63253e-02   9.87130e-06  -2.83620e-01
   4  p3           6.90527e-02   1.81914e-02   1.51604e-04  -1.79223e-02
                               ERR DEF= 0.5
Calculation of survival fraction background at 2039
Area = 6215
Area_psa = 3020
Calculation of survival fraction background at 2380
Area = 2701
Area_psa = 1227
