
[1mRooFit v3.60 -- Developed by Wouter Verkerke and David Kirkby[0m 
                Copyright (C) 2000-2013 NIKHEF, University of California & Stanford University
                All rights reserved, please read http://roofit.sourceforge.net/license.txt

Using file /nfs/gerda6/users/burlac/psd/analysis/run0098-cal_dplms_10.tier.root
Analizing channel 34
Standard analysis 
Total events = 17201607
event n.1000000
event n.2000000
event n.3000000
event n.4000000
event n.5000000
event n.6000000
event n.7000000
event n.8000000
event n.9000000
event n.10000000
event n.11000000
event n.12000000
event n.13000000
event n.14000000
event n.15000000
event n.16000000
event n.17000000
Selected events: 134397
The time to read waveforms: 27.17 s
Initialization of DEP&FEP background  = 16
 FCN=126.155 FROM MIGRAD    STATUS=CONVERGED     160 CALLS         161 TOTAL
                     EDM=9.0714e-07    STRATEGY= 1  ERROR MATRIX UNCERTAINTY   4.1 per cent
  EXT PARAMETER                                   STEP         FIRST   
  NO.   NAME      VALUE            ERROR          SIZE      DERIVATIVE 
   1  p0           1.54545e+02   5.70469e+00   1.66739e-02  -1.02753e-04
   2  p1           1.59294e+03   3.55899e-02  -1.14603e-04  -1.70176e-03
   3  p2           1.06319e+00   3.14238e-02  -1.21536e-05  -2.17497e-04
   4  p3           8.46491e+01   3.85189e+00   2.73030e-04   2.08132e-04
   5  p4           1.62114e+03   5.11548e-02   1.82427e-05   3.20557e-03
   6  p5           9.93571e-01   3.94357e-02  -1.20031e-06  -1.47728e-01
   7  p6           1.64010e+01   2.94175e-01   6.27331e-04   1.12772e-03
                               ERR DEF= 0.5
mean_aoe = 0.0511
AoE: max = 1.65225 max = 0.111956
 FCN=1.63269 FROM MIGRAD    STATUS=CONVERGED     487 CALLS         488 TOTAL
                     EDM=6.48349e-08    STRATEGY= 1  ERROR MATRIX UNCERTAINTY   1.4 per cent
  EXT PARAMETER                                   STEP         FIRST   
  NO.   NAME      VALUE            ERROR          SIZE      DERIVATIVE 
   1  p0           9.38106e-01   3.86321e-01  -4.99091e-05   4.88881e-05
   2  p1           9.98073e-01   5.78794e-03   1.70271e-06   1.49038e-03
   3  p2           1.69283e-02   5.11161e-03  -2.29339e-05   2.79018e-03
   4  p3           2.25891e-02   1.52855e-01  -1.13327e-04   3.88596e-03
   5  p4          -5.44592e-03   1.76322e-01   2.19591e-04   5.39631e-03
                               ERR DEF= 0.5
Total integral = 1376
Bin number = 100  AoE_lowCut = 50 -> 0.99
CutIntegral = 1235
SF_dep = 0.897529
sigma_aoe = 0.0169283
Total integral = 1376
Bin number = 250  AoE_lowCut = 122 -> 0.972
CutIntegral = 1235
SF_dep = 0.897529
sigma_aoe = 0.0169283
Total integral = 1376
Bin number = 500  AoE_lowCut = 242 -> 0.966
CutIntegral = 1235
SF_dep = 0.897529
sigma_aoe = 0.0169283
Total integral = 1376
Bin number = 1000  AoE_lowCut = 481 -> 0.961
CutIntegral = 1244
SF_dep = 0.90407
sigma_aoe = 0.0169283
Total integral = 1376
Bin number = 1500  AoE_lowCut = 721 -> 0.960667
CutIntegral = 1241
SF_dep = 0.90189
sigma_aoe = 0.0169283
Total integral = 1376
Bin number = 2000  AoE_lowCut = 960 -> 0.9595
CutIntegral = 1244
SF_dep = 0.90407
sigma_aoe = 0.0169283
Total integral = 1376
Bin number = 2500  AoE_lowCut = 1200 -> 0.9596
CutIntegral = 1243
SF_dep = 0.903343
sigma_aoe = 0.0169283
Total integral = 1376
Bin number = 3000  AoE_lowCut = 1439 -> 0.959
CutIntegral = 1244
SF_dep = 0.90407
sigma_aoe = 0.0169283
Total integral = 1376
Bin number = 3500  AoE_lowCut = 1679 -> 0.959143
CutIntegral = 1244
SF_dep = 0.90407
sigma_aoe = 0.0169283
Total integral = 1376
Bin number = 4000  AoE_lowCut = 1918 -> 0.95875
CutIntegral = 1244
SF_dep = 0.90407
sigma_aoe = 0.0169283
Total integral = 1376
Bin number = 4500  AoE_lowCut = 2158 -> 0.958889
CutIntegral = 1244
SF_dep = 0.90407
sigma_aoe = 0.0169283
Total integral = 1376
Bin number = 5000  AoE_lowCut = 2397 -> 0.9586
CutIntegral = 1244
SF_dep = 0.90407
sigma_aoe = 0.0169283
Total integral = 1376
Bin number = 6000  AoE_lowCut = 2876 -> 0.9585
CutIntegral = 1244
SF_dep = 0.90407
sigma_aoe = 0.0169283
Total integral = 1376
Bin number = 7000  AoE_lowCut = 3355 -> 0.958429
CutIntegral = 1244
SF_dep = 0.90407
sigma_aoe = 0.0169283
Total integral = 1376
Bin number = 8000  AoE_lowCut = 3834 -> 0.958375
CutIntegral = 1244
SF_dep = 0.90407
sigma_aoe = 0.0169283
Total integral = 1376
Bin number = 9000  AoE_lowCut = 4313 -> 0.958333
CutIntegral = 1244
SF_dep = 0.90407
sigma_aoe = 0.0169283
Total integral = 1376
Bin number = 10000  AoE_lowCut = 4792 -> 0.9583
CutIntegral = 1244
SF_dep = 0.90407
sigma_aoe = 0.0169283
