
[1mRooFit v3.60 -- Developed by Wouter Verkerke and David Kirkby[0m 
                Copyright (C) 2000-2013 NIKHEF, University of California & Stanford University
                All rights reserved, please read http://roofit.sourceforge.net/license.txt

Using file /nfs/gerda6/users/burlac/psd/analysis/run0098-cal_dplms_10.tier.root
Analizing channel 31
Standard analysis 
Total events = 17201607
event n.1000000
event n.2000000
event n.3000000
event n.4000000
event n.5000000
event n.6000000
event n.7000000
event n.8000000
event n.9000000
event n.10000000
event n.11000000
event n.12000000
event n.13000000
event n.14000000
event n.15000000
event n.16000000
event n.17000000
Selected events: 162611
The time to read waveforms: 27.79 s
Initialization of DEP&FEP background  = 16.5
 FCN=107.673 FROM MIGRAD    STATUS=CONVERGED     179 CALLS         180 TOTAL
                     EDM=3.91517e-08    STRATEGY= 1  ERROR MATRIX UNCERTAINTY   6.6 per cent
  EXT PARAMETER                                   STEP         FIRST   
  NO.   NAME      VALUE            ERROR          SIZE      DERIVATIVE 
   1  p0           1.98587e+02   6.47546e+00  -1.27889e-02   2.80577e-05
   2  p1           1.59188e+03   3.13635e-02   1.51238e-05   9.32659e-04
   3  p2           1.07603e+00   2.72810e-02   5.01218e-06   7.24127e-02
   4  p3           1.00293e+02   4.81502e+00   7.92698e-04   1.73494e-05
   5  p4           1.62017e+03   4.90996e-02  -5.16881e-06  -2.51110e-03
   6  p5           1.07262e+00   4.05788e-02   6.87876e-07   3.81434e-02
   7  p6           1.95819e+01   3.21717e-01  -1.38938e-04   5.02509e-04
                               ERR DEF= 0.5
mean_aoe = 0.0495
AoE: max = 1.74037 max = 0.0757575
 FCN=0.755669 FROM MIGRAD    STATUS=CONVERGED     338 CALLS         339 TOTAL
                     EDM=1.16011e-07    STRATEGY= 1  ERROR MATRIX UNCERTAINTY   0.7 per cent
  EXT PARAMETER                                   STEP         FIRST   
  NO.   NAME      VALUE            ERROR          SIZE      DERIVATIVE 
   1  p0           1.05190e+00   5.32061e-01   4.29893e-04   8.34497e-04
   2  p1           1.00063e+00   3.48238e-03   1.83186e-05   1.81037e-02
   3  p2           8.16148e-03   2.59229e-03  -1.52678e-04  -7.17534e-04
   4  p3           5.03257e-03   6.11943e-03   6.29368e-05  -1.73988e-01
   5  p4           2.82026e-03   3.42538e-03   3.52335e-05   2.73875e-01
                               ERR DEF= 0.5
Total integral = 1807
Bin number = 100  AoE_lowCut = 52 -> 1.03
CutIntegral = 921
SF_dep = 0.509685
sigma_aoe = 0.00816148
Total integral = 1807
Bin number = 250  AoE_lowCut = 126 -> 1.004
CutIntegral = 1428
SF_dep = 0.79026
sigma_aoe = 0.00816148
Total integral = 1807
Bin number = 500  AoE_lowCut = 249 -> 0.994
CutIntegral = 1561
SF_dep = 0.863863
sigma_aoe = 0.00816148
Total integral = 1807
Bin number = 1000  AoE_lowCut = 495 -> 0.989
CutIntegral = 1607
SF_dep = 0.889319
sigma_aoe = 0.00816148
Total integral = 1807
Bin number = 1500  AoE_lowCut = 741 -> 0.987333
CutIntegral = 1622
SF_dep = 0.89762
sigma_aoe = 0.00816148
Total integral = 1807
Bin number = 2000  AoE_lowCut = 987 -> 0.9865
CutIntegral = 1623
SF_dep = 0.898174
sigma_aoe = 0.00816148
Total integral = 1807
Bin number = 2500  AoE_lowCut = 1233 -> 0.986
CutIntegral = 1625
SF_dep = 0.899281
sigma_aoe = 0.00816148
Total integral = 1807
Bin number = 3000  AoE_lowCut = 1479 -> 0.985667
CutIntegral = 1630
SF_dep = 0.902048
sigma_aoe = 0.00816148
Total integral = 1807
Bin number = 3500  AoE_lowCut = 1725 -> 0.985429
CutIntegral = 1631
SF_dep = 0.902601
sigma_aoe = 0.00816148
Total integral = 1807
Bin number = 4000  AoE_lowCut = 1971 -> 0.98525
CutIntegral = 1632
SF_dep = 0.903154
sigma_aoe = 0.00816148
Total integral = 1807
Bin number = 4500  AoE_lowCut = 2217 -> 0.985111
CutIntegral = 1633
SF_dep = 0.903708
sigma_aoe = 0.00816148
Total integral = 1807
Bin number = 5000  AoE_lowCut = 2463 -> 0.985
CutIntegral = 1633
SF_dep = 0.903708
sigma_aoe = 0.00816148
Total integral = 1807
Bin number = 6000  AoE_lowCut = 2955 -> 0.984833
CutIntegral = 1635
SF_dep = 0.904815
sigma_aoe = 0.00816148
Total integral = 1807
Bin number = 7000  AoE_lowCut = 3448 -> 0.985
CutIntegral = 1631
SF_dep = 0.902601
sigma_aoe = 0.00816148
Total integral = 1807
Bin number = 8000  AoE_lowCut = 3940 -> 0.984875
CutIntegral = 1632
SF_dep = 0.903154
sigma_aoe = 0.00816148
Total integral = 1807
Bin number = 9000  AoE_lowCut = 4432 -> 0.984778
CutIntegral = 1633
SF_dep = 0.903708
sigma_aoe = 0.00816148
Total integral = 1807
Bin number = 10000  AoE_lowCut = 4924 -> 0.9847
CutIntegral = 1633
SF_dep = 0.903708
sigma_aoe = 0.00816148
