
[1mRooFit v3.60 -- Developed by Wouter Verkerke and David Kirkby[0m 
                Copyright (C) 2000-2013 NIKHEF, University of California & Stanford University
                All rights reserved, please read http://roofit.sourceforge.net/license.txt

Using file /nfs/gerda6/users/burlac/psd/analysis/run0098-cal_dplms_10.tier.root
Analizing channel 2
Standard analysis 
Total events = 17201607
event n.1000000
event n.2000000
event n.3000000
event n.4000000
event n.5000000
event n.6000000
event n.7000000
event n.8000000
event n.9000000
event n.10000000
event n.11000000
event n.12000000
event n.13000000
event n.14000000
event n.15000000
event n.16000000
event n.17000000
Selected events: 96207
The time to read waveforms: 33.59 s
Initialization of DEP&FEP background  = 11
 FCN=100.977 FROM MIGRAD    STATUS=CONVERGED     177 CALLS         178 TOTAL
                     EDM=8.48356e-08    STRATEGY= 1  ERROR MATRIX UNCERTAINTY   2.6 per cent
  EXT PARAMETER                                   STEP         FIRST   
  NO.   NAME      VALUE            ERROR          SIZE      DERIVATIVE 
   1  p0           1.19647e+02   5.22408e+00  -2.09928e-02   2.74516e-05
   2  p1           1.59257e+03   3.93897e-02  -5.12710e-06  -5.51516e-03
   3  p2           9.91125e-01   3.31802e-02   1.18055e-05   6.19885e-02
   4  p3           3.55492e+01   3.31203e+00   2.05161e-03   8.21834e-05
   5  p4           1.62062e+03   9.22211e-02  -1.60377e-05  -6.03011e-04
   6  p5           1.01300e+00   8.80146e-02   8.26847e-06   2.76999e-02
   7  p6           1.26929e+01   2.54279e-01  -7.01044e-05   9.10854e-04
                               ERR DEF= 0.5
mean_aoe = 0.0497
AoE: max = 1.74886 max = 0.0551532
 FCN=1.22381 FROM MIGRAD    STATUS=CONVERGED     357 CALLS         358 TOTAL
                     EDM=5.71572e-09    STRATEGY= 1  ERROR MATRIX UNCERTAINTY   6.3 per cent
  EXT PARAMETER                                   STEP         FIRST   
  NO.   NAME      VALUE            ERROR          SIZE      DERIVATIVE 
   1  p0           1.01787e+00   5.30249e-01  -1.35799e-03  -9.76323e-05
   2  p1           1.00446e+00   3.96737e-03  -3.31477e-06  -8.67458e-03
   3  p2           9.35096e-03   3.17647e-03   2.04146e-05   2.15874e-04
   4  p3           6.02381e-03   6.75690e-03  -1.38641e-05   5.35447e-01
   5  p4           3.82862e-03   4.29161e-03  -8.80595e-06  -8.25812e-01
                               ERR DEF= 0.5
Total integral = 970
AoE_lowCut = 52 -> 0x7ffcab865c50
CutIntegral = 631
SF_dep = 0.650515
sigma_aoe = 0.00935096
Total integral = 970
AoE_lowCut = 151 -> 0x7ffcab865c50
CutIntegral = 827
SF_dep = 0.852577
sigma_aoe = 0.00935096
Total integral = 970
AoE_lowCut = 250 -> 0x7ffcab865c50
CutIntegral = 858
SF_dep = 0.884536
sigma_aoe = 0.00935096
Total integral = 970
AoE_lowCut = 349 -> 0x7ffcab865c50
CutIntegral = 867
SF_dep = 0.893814
sigma_aoe = 0.00935096
Total integral = 970
AoE_lowCut = 448 -> 0x7ffcab865c50
CutIntegral = 870
SF_dep = 0.896907
sigma_aoe = 0.00935096
Total integral = 970
AoE_lowCut = 547 -> 0x7ffcab865c50
CutIntegral = 870
SF_dep = 0.896907
sigma_aoe = 0.00935096
Total integral = 970
AoE_lowCut = 646 -> 0x7ffcab865c50
CutIntegral = 870
SF_dep = 0.896907
sigma_aoe = 0.00935096
Total integral = 970
AoE_lowCut = 745 -> 0x7ffcab865c50
CutIntegral = 873
SF_dep = 0.9
sigma_aoe = 0.00935096
Total integral = 970
AoE_lowCut = 844 -> 0x7ffcab865c50
CutIntegral = 873
SF_dep = 0.9
sigma_aoe = 0.00935096
Total integral = 970
AoE_lowCut = 943 -> 0x7ffcab865c50
CutIntegral = 875
SF_dep = 0.902062
sigma_aoe = 0.00935096
Total integral = 970
AoE_lowCut = 1042 -> 0x7ffcab865c50
CutIntegral = 875
SF_dep = 0.902062
sigma_aoe = 0.00935096
Total integral = 970
AoE_lowCut = 1141 -> 0x7ffcab865c50
CutIntegral = 875
SF_dep = 0.902062
sigma_aoe = 0.00935096
Total integral = 970
AoE_lowCut = 1240 -> 0x7ffcab865c50
CutIntegral = 873
SF_dep = 0.9
sigma_aoe = 0.00935096
Total integral = 970
AoE_lowCut = 1339 -> 0x7ffcab865c50
CutIntegral = 875
SF_dep = 0.902062
sigma_aoe = 0.00935096
Total integral = 970
AoE_lowCut = 1438 -> 0x7ffcab865c50
CutIntegral = 875
SF_dep = 0.902062
sigma_aoe = 0.00935096
