-bash: /users/b/burlac/.bash_profile: Permesso negato
Info in <TCanvas::Print>: pdf file /nfs/gerda6/users/burlac/psd_dplms/analysis_standard/chn2/chn2_spectrum.pdf has been created
Info in <TCanvas::Print>: pdf file /nfs/gerda6/users/burlac/psd_dplms/analysis_standard/chn2/chn2_DEP_FEP.pdf has been created
Info in <TCanvas::Print>: pdf file /nfs/gerda6/users/burlac/psd_dplms/analysis_standard/chn2/chn2_AoE_all.pdf has been created
Warning in <TFile::Append>: Replacing existing TH1: h_AoE (Potential memory leak).
Warning in <TFile::Append>: Replacing existing TH1: h_AoE1 (Potential memory leak).
Warning in <TFile::Append>: Replacing existing TH1: h_AoE2 (Potential memory leak).
Warning in <TFile::Append>: Replacing existing TH1: h_AoE3 (Potential memory leak).
Warning in <TFile::Append>: Replacing existing TH1: h_AoE (Potential memory leak).
Warning in <TFile::Append>: Replacing existing TH1: h_AoE1 (Potential memory leak).
Warning in <TFile::Append>: Replacing existing TH1: h_AoE2 (Potential memory leak).
Warning in <TFile::Append>: Replacing existing TH1: h_AoE3 (Potential memory leak).
Warning in <TFile::Append>: Replacing existing TH1: h_AoE (Potential memory leak).
Warning in <TFile::Append>: Replacing existing TH1: h_AoE1 (Potential memory leak).
Warning in <TFile::Append>: Replacing existing TH1: h_AoE2 (Potential memory leak).
Warning in <TFile::Append>: Replacing existing TH1: h_AoE3 (Potential memory leak).
Warning in <TFile::Append>: Replacing existing TH1: h_AoE (Potential memory leak).
Warning in <TFile::Append>: Replacing existing TH1: h_AoE1 (Potential memory leak).
Warning in <TFile::Append>: Replacing existing TH1: h_AoE2 (Potential memory leak).
Warning in <TFile::Append>: Replacing existing TH1: h_AoE3 (Potential memory leak).
Warning in <TFile::Append>: Replacing existing TH1: h_AoE (Potential memory leak).
Warning in <TFile::Append>: Replacing existing TH1: h_AoE1 (Potential memory leak).
Warning in <TFile::Append>: Replacing existing TH1: h_AoE2 (Potential memory leak).
Warning in <TFile::Append>: Replacing existing TH1: h_AoE3 (Potential memory leak).
Warning in <TFile::Append>: Replacing existing TH1: h_AoE (Potential memory leak).
Warning in <TFile::Append>: Replacing existing TH1: h_AoE1 (Potential memory leak).
Warning in <TFile::Append>: Replacing existing TH1: h_AoE2 (Potential memory leak).
Warning in <TFile::Append>: Replacing existing TH1: h_AoE3 (Potential memory leak).
Warning in <TFile::Append>: Replacing existing TH1: h_AoE (Potential memory leak).
Warning in <TFile::Append>: Replacing existing TH1: h_AoE1 (Potential memory leak).
Warning in <TFile::Append>: Replacing existing TH1: h_AoE2 (Potential memory leak).
Warning in <TFile::Append>: Replacing existing TH1: h_AoE3 (Potential memory leak).
Warning in <TFile::Append>: Replacing existing TH1: h_AoE (Potential memory leak).
Warning in <TFile::Append>: Replacing existing TH1: h_AoE1 (Potential memory leak).
Warning in <TFile::Append>: Replacing existing TH1: h_AoE2 (Potential memory leak).
Warning in <TFile::Append>: Replacing existing TH1: h_AoE3 (Potential memory leak).
Warning in <TFile::Append>: Replacing existing TH1: h_AoE (Potential memory leak).
Warning in <TFile::Append>: Replacing existing TH1: h_AoE1 (Potential memory leak).
Warning in <TFile::Append>: Replacing existing TH1: h_AoE2 (Potential memory leak).
Warning in <TFile::Append>: Replacing existing TH1: h_AoE3 (Potential memory leak).
Warning in <TFile::Append>: Replacing existing TH1: h_AoE (Potential memory leak).
Warning in <TFile::Append>: Replacing existing TH1: h_AoE1 (Potential memory leak).
Warning in <TFile::Append>: Replacing existing TH1: h_AoE2 (Potential memory leak).
Warning in <TFile::Append>: Replacing existing TH1: h_AoE3 (Potential memory leak).
Warning in <TFile::Append>: Replacing existing TH1: h_AoE (Potential memory leak).
Warning in <TFile::Append>: Replacing existing TH1: h_AoE1 (Potential memory leak).
Warning in <TFile::Append>: Replacing existing TH1: h_AoE2 (Potential memory leak).
Warning in <TFile::Append>: Replacing existing TH1: h_AoE3 (Potential memory leak).
Warning in <TFile::Append>: Replacing existing TH1: h_AoE (Potential memory leak).
Warning in <TFile::Append>: Replacing existing TH1: h_AoE1 (Potential memory leak).
Warning in <TFile::Append>: Replacing existing TH1: h_AoE2 (Potential memory leak).
Warning in <TFile::Append>: Replacing existing TH1: h_AoE3 (Potential memory leak).
Warning in <TFile::Append>: Replacing existing TH1: h_AoE (Potential memory leak).
Warning in <TFile::Append>: Replacing existing TH1: h_AoE1 (Potential memory leak).
Warning in <TFile::Append>: Replacing existing TH1: h_AoE2 (Potential memory leak).
Warning in <TFile::Append>: Replacing existing TH1: h_AoE3 (Potential memory leak).
Warning in <TFile::Append>: Replacing existing TH1: h_AoE (Potential memory leak).
Warning in <TFile::Append>: Replacing existing TH1: h_AoE1 (Potential memory leak).
Warning in <TFile::Append>: Replacing existing TH1: h_AoE2 (Potential memory leak).
Warning in <TFile::Append>: Replacing existing TH1: h_AoE3 (Potential memory leak).

 *** Break *** segmentation violation



===========================================================
There was a crash.
This is the entire stack trace of all threads:
===========================================================
#0  0x00007f4771f7a12c in waitpid () from /lib64/libc.so.6
#1  0x00007f4771eff152 in do_system () from /lib64/libc.so.6
#2  0x00007f4776bfe1a9 in TUnixSystem::StackTrace() () from /usr/local/root/lib/libCore.so
#3  0x00007f4776bffd1c in TUnixSystem::DispatchSignals(ESignals) () from /usr/local/root/lib/libCore.so
#4  <signal handler called>
#5  0x00007f4772006636 in __memcpy_ssse3_back () from /lib64/libc.so.6
#6  0x00007f4775e7943d in TGraph::TGraph(int, double const*, double const*) () from /usr/local/root/lib/libHist.so
#7  0x0000000000406c03 in main ()
===========================================================


The lines below might hint at the cause of the crash.
If they do not help you then please submit a bug report at
http://root.cern.ch/bugs. Please post the ENTIRE stack trace
from above as an attachment in addition to anything else
that might help us fixing this issue.
===========================================================
#5  0x00007f4772006636 in __memcpy_ssse3_back () from /lib64/libc.so.6
#6  0x00007f4775e7943d in TGraph::TGraph(int, double const*, double const*) () from /usr/local/root/lib/libHist.so
#7  0x0000000000406c03 in main ()
===========================================================


