
[1mRooFit v3.60 -- Developed by Wouter Verkerke and David Kirkby[0m 
                Copyright (C) 2000-2013 NIKHEF, University of California & Stanford University
                All rights reserved, please read http://roofit.sourceforge.net/license.txt

Using file /nfs/gerda6/users/burlac/psd/analysis/run0098-cal_dplms_100.tier.root
Analizing channel 26
DPLMS analysis with weight 100
Total events = 17201607
event n.1000000
event n.2000000
event n.3000000
event n.4000000
event n.5000000
event n.6000000
event n.7000000
event n.8000000
event n.9000000
event n.10000000
event n.11000000
event n.12000000
event n.13000000
event n.14000000
event n.15000000
event n.16000000
event n.17000000
Selected events: 183136
The time to read waveforms: 33.15 s
Initialization of DEP&FEP background  = 21
 FCN=118.079 FROM MIGRAD    STATUS=CONVERGED     212 CALLS         213 TOTAL
                     EDM=7.55055e-07    STRATEGY= 1      ERROR MATRIX ACCURATE 
  EXT PARAMETER                                   STEP         FIRST   
  NO.   NAME      VALUE            ERROR          SIZE      DERIVATIVE 
   1  p0           2.25875e+02   6.51716e+00   3.90216e-02   3.87511e-05
   2  p1           1.59301e+03   3.04821e-02   7.59608e-04   1.04120e-02
   3  p2           1.18755e+00   2.61484e-02   1.42815e-05  -1.04126e-01
   4  p3           1.14056e+02   4.90524e+00   2.90311e-02  -7.16820e-06
   5  p4           1.62118e+03   4.91395e-02   7.73039e-04  -1.22131e-02
   6  p5           1.23177e+00   4.60575e-02   2.42876e-05  -9.00367e-03
   7  p6           2.13960e+01   3.44921e-01   2.47527e-03   7.74141e-04
                               ERR DEF= 0.5
mean_aoe = 0.0775
AoE: max = 1.63591 max = 0.0678242
 FCN=0.512902 FROM MIGRAD    STATUS=CONVERGED     357 CALLS         358 TOTAL
                     EDM=5.2238e-08    STRATEGY= 1  ERROR MATRIX UNCERTAINTY   2.0 per cent
  EXT PARAMETER                                   STEP         FIRST   
  NO.   NAME      VALUE            ERROR          SIZE      DERIVATIVE 
   1  p0           9.57771e-01   5.84261e-01   1.42727e-03   2.55155e-05
   2  p1           9.99334e-01   3.52665e-03   7.05828e-06  -5.58263e-02
   3  p2           6.92573e-03   2.80135e-03  -7.21301e-05  -5.34666e-03
   4  p3           3.31953e-03   4.82081e-03   9.98798e-06   2.09741e-01
   5  p4           2.26613e-03   3.28651e-03   6.81030e-06  -3.67804e-01
                               ERR DEF= 0.5
Analysis with a fixed bin for LowCut
Total integral = 2223
AoE_lowCut = 1970 -> 0.98475
CutIntegral = 2008
SF_dep = 0.903284
sigma_aoe = 0.00692573
 FCN=120.752 FROM MIGRAD    STATUS=CONVERGED     189 CALLS         190 TOTAL
                     EDM=1.01482e-06    STRATEGY= 1      ERROR MATRIX ACCURATE 
  EXT PARAMETER                                   STEP         FIRST   
  NO.   NAME      VALUE            ERROR          SIZE      DERIVATIVE 
   1  p0           2.07797e+02   6.10846e+00   3.68301e-02  -1.24270e-05
   2  p1           1.59301e+03   3.00341e-02   7.59608e-04  -1.41542e-02
   3  p2           1.17912e+00   2.54200e-02   1.40128e-05   1.52658e-01
   4  p3           1.28814e+01   1.79952e+00   1.08136e-02   5.86779e-05
   5  p4           1.62120e+03   2.68298e-01   2.04051e-03   3.05329e-03
   6  p5           1.86197e+00   2.77929e-01   1.20014e-04  -2.17200e-03
   7  p6           1.11279e+01   2.60532e-01   1.82306e-03   1.09429e-04
                               ERR DEF= 0.5
AreaDEP_tot = 3064
Area_DEP_tot_psa = 2501
AreaDEP = 2178
Area_DEP_psa = 1987
Area_FEP_tot = 2030
Area_FEP_tot_psa = 659
Area_FEP = 1135
Area_FEP_psa = 188
Calculation of AoE vs E correction
 FCN=102.739 FROM MIGRAD    STATUS=CONVERGED    1087 CALLS        1088 TOTAL
                     EDM=3.49079e-08    STRATEGY= 1  ERROR MATRIX UNCERTAINTY   2.9 per cent
  EXT PARAMETER                                   STEP         FIRST   
  NO.   NAME      VALUE            ERROR          SIZE      DERIVATIVE 
   1  p0           1.15693e+02   4.00305e+00   2.71905e-05  -1.30974e-03
   2  p1           1.00128e+00   3.52070e-04   5.63724e-06   3.45192e-03
   3  p2           1.11112e-02   3.17810e-04   1.03568e-05  -2.87058e-03
   4  p3           1.98097e+01   1.04151e+00   1.07458e-04  -4.14168e-04
   5  p4           3.68737e+00   3.52566e-01   1.35504e-04   1.00030e-03
   6  p5           1.00202e+00   5.52965e-03  -5.17489e-06   3.22288e-02
   7  p6          -1.19469e-10   9.70247e-02   1.04024e-03** at limit **
   8  p7           1.60858e-02   1.67670e-03   4.71880e-05   9.22223e-04
                               ERR DEF= 0.5
 FCN=110.45 FROM MIGRAD    STATUS=CONVERGED    1073 CALLS        1074 TOTAL
                     EDM=8.30606e-07    STRATEGY= 1      ERROR MATRIX ACCURATE 
  EXT PARAMETER                                   STEP         FIRST   
  NO.   NAME      VALUE            ERROR          SIZE      DERIVATIVE 
   1  p0           1.12367e+02   4.05729e+00   6.01259e-04  -1.39692e-03
   2  p1           1.00071e+00   3.32291e-04   1.12686e-04  -2.21924e-03
   3  p2           1.00249e-02   3.00184e-04   1.46757e-04  -6.48008e-03
   4  p3           1.55856e+01   9.53491e-01   3.21592e-03  -1.46653e-03
   5  p4           3.79085e+00   4.00302e-01   1.30700e-03   4.52579e-03
   6  p5           1.00167e+00   5.50473e-03   2.09351e-05   1.95127e-01
   7  p6          -5.64287e-10   1.08230e-01   4.89764e-03** at limit **
   8  p7           1.49950e-02   1.70600e-03   2.72941e-04   9.54882e-03
                               ERR DEF= 0.5
 FCN=117.723 FROM MIGRAD    STATUS=CONVERGED     860 CALLS         861 TOTAL
                     EDM=5.98803e-07    STRATEGY= 1      ERROR MATRIX ACCURATE 
  EXT PARAMETER                                   STEP         FIRST   
  NO.   NAME      VALUE            ERROR          SIZE      DERIVATIVE 
   1  p0           1.31187e+02   4.69734e+00   6.10269e-04  -3.38638e-03
   2  p1           1.00034e+00   2.72684e-04   9.81893e-05  -1.45791e-02
   3  p2           8.46260e-03   2.44304e-04   1.48227e-04  -2.15129e-02
   4  p3           1.67030e+01   1.01206e+00   3.78195e-03  -5.59331e-04
   5  p4           5.42126e+00   4.33209e-01   1.54649e-03   6.04130e-04
   6  p5           1.00117e+00   4.50804e-03   1.89312e-05  -2.76199e-02
   7  p6          -8.11027e-09   2.47882e-02   2.36022e-03** at limit **
   8  p7           1.44344e-02   1.41000e-03   2.54337e-04   1.72468e-03
                               ERR DEF= 0.5
 FCN=94.0701 FROM MIGRAD    STATUS=CONVERGED     914 CALLS         915 TOTAL
                     EDM=1.91937e-07    STRATEGY= 1  ERROR MATRIX UNCERTAINTY   1.8 per cent
  EXT PARAMETER                                   STEP         FIRST   
  NO.   NAME      VALUE            ERROR          SIZE      DERIVATIVE 
   1  p0           1.30212e+02   5.40841e+00   3.56141e-04   4.56649e-03
   2  p1           1.00030e+00   2.79702e-04  -2.15295e-05  -1.37506e-02
   3  p2           7.70127e-03   2.51091e-04  -3.44300e-05   8.45210e-03
   4  p3           2.12566e+01   1.30718e+00   1.49689e-05  -3.68583e-04
   5  p4           6.69136e+00   3.97132e-01  -3.81717e-04   1.29677e-03
   6  p5           1.00309e+00   4.38497e-03  -1.96365e-06   1.35627e-01
   7  p6          -2.63858e-09   4.99448e-02   1.62208e-03** at limit **
   8  p7           8.17073e-03   1.19172e-03   1.10060e-04  -3.15216e-03
                               ERR DEF= 0.5
 FCN=121.355 FROM MIGRAD    STATUS=CONVERGED     786 CALLS         787 TOTAL
                     EDM=1.82327e-07    STRATEGY= 1  ERROR MATRIX UNCERTAINTY   0.1 per cent
  EXT PARAMETER                                   STEP         FIRST   
  NO.   NAME      VALUE            ERROR          SIZE      DERIVATIVE 
   1  p0           1.40731e+02   4.96110e+00   1.91169e-05  -2.52669e-04
   2  p1           9.98927e-01   2.62076e-04   2.59189e-06   1.14385e-03
   3  p2           7.97453e-03   2.25511e-04  -4.72567e-06  -1.77950e-03
   4  p3           2.12564e+01   1.15827e+00   3.89603e-03  -7.21181e-04
   5  p4           7.45243e+00   4.56657e-01   2.43048e-03   2.37190e-03
   6  p5           9.91764e-01   4.07132e-03  -8.68194e-06   1.03106e-01
   7  p6          -9.09421e-10   1.85346e-02  -3.60704e-03** at limit **
   8  p7           1.40783e-02   1.16369e-03   3.58067e-05   3.29093e-04
                               ERR DEF= 0.5
 FCN=119.075 FROM MIGRAD    STATUS=CONVERGED     850 CALLS         851 TOTAL
                     EDM=2.86852e-07    STRATEGY= 1  ERROR MATRIX UNCERTAINTY   1.8 per cent
  EXT PARAMETER                                   STEP         FIRST   
  NO.   NAME      VALUE            ERROR          SIZE      DERIVATIVE 
   1  p0           1.36287e+02   5.25327e+00  -1.27893e-04   1.92938e-03
   2  p1           9.98199e-01   2.56094e-04   1.22695e-05   3.29238e-02
   3  p2           7.15811e-03   2.38288e-04  -9.54209e-07   1.94371e-02
   4  p3           2.19634e+01   1.19867e+00  -1.64289e-03  -5.18596e-04
   5  p4           6.92356e+00   4.12192e-01  -6.36841e-04   1.74154e-03
   6  p5           9.96482e-01   3.35589e-03   4.63899e-06   1.18908e-01
   7  p6          -1.37432e-10   1.02104e-02  -1.19688e-03** at limit **
   8  p7           1.13951e-02   1.00835e-03  -4.28796e-05  -6.01578e-03
                               ERR DEF= 0.5
 FCN=105.346 FROM MIGRAD    STATUS=CONVERGED     796 CALLS         797 TOTAL
                     EDM=6.91927e-07    STRATEGY= 1  ERROR MATRIX UNCERTAINTY   2.7 per cent
  EXT PARAMETER                                   STEP         FIRST   
  NO.   NAME      VALUE            ERROR          SIZE      DERIVATIVE 
   1  p0           1.32003e+02   5.14061e+00   1.61774e-04  -2.74203e-03
   2  p1           9.97646e-01   2.70179e-04  -5.21509e-05  -4.19184e-02
   3  p2           7.36900e-03   2.31959e-04   3.84353e-05  -2.38646e-02
   4  p3           1.95792e+01   1.12692e+00   2.10880e-04  -9.52581e-06
   5  p4           6.88610e+00   4.31209e-01   4.51277e-04   8.43783e-04
   6  p5           9.94973e-01   3.95795e-03  -1.07801e-05  -1.57684e-01
   7  p6          -3.29924e-09   2.43244e-02   1.70003e-03** at limit **
   8  p7           1.03386e-02   1.12271e-03   5.07251e-05  -2.09018e-02
                               ERR DEF= 0.5
 FCN=184.325 FROM MIGRAD    STATUS=CONVERGED     907 CALLS         908 TOTAL
                     EDM=1.48576e-07    STRATEGY= 1  ERROR MATRIX UNCERTAINTY   2.5 per cent
  EXT PARAMETER                                   STEP         FIRST   
  NO.   NAME      VALUE            ERROR          SIZE      DERIVATIVE 
   1  p0           1.58570e+02   5.88702e+00   1.10831e-04   3.40537e-04
   2  p1           9.96524e-01   2.30837e-04   4.00504e-05   1.34913e-02
   3  p2           6.47362e-03   1.94020e-04  -4.38303e-05  -9.49852e-04
   4  p3           3.58489e+01   1.55349e+00  -4.98882e-03   8.28238e-05
   5  p4           1.05741e+01   4.35220e-01  -8.58787e-04   2.86850e-04
   6  p5           9.88219e-01   2.49087e-03  -1.64987e-05   2.21665e-01
   7  p6          -2.83706e-12   1.45930e-03  -2.62560e-04** at limit **
   8  p7           1.21278e-02   7.28659e-04   2.38458e-04   1.61038e-02
                               ERR DEF= 0.5
 FCN=143.257 FROM MIGRAD    STATUS=CONVERGED     894 CALLS         895 TOTAL
                     EDM=1.01135e-07    STRATEGY= 1  ERROR MATRIX UNCERTAINTY   2.0 per cent
  EXT PARAMETER                                   STEP         FIRST   
  NO.   NAME      VALUE            ERROR          SIZE      DERIVATIVE 
   1  p0           1.71751e+02   6.23724e+00  -2.25726e-04   2.59386e-03
   2  p1           9.96228e-01   2.42242e-04  -4.35511e-06  -6.93958e-03
   3  p2           6.47882e-03   2.00380e-04   2.68235e-05   5.53297e-03
   4  p3           3.83398e+01   1.65017e+00   6.56861e-04  -1.79343e-04
   5  p4           1.01517e+01   3.84809e-01   5.71127e-04   1.14962e-03
   6  p5           9.89017e-01   2.60506e-03  -2.14564e-06   1.44951e-01
   7  p6          -1.55864e-10   3.34448e-03  -2.50980e-04** at limit **
   8  p7           1.00061e-02   7.40498e-04   2.77372e-05   7.96786e-04
                               ERR DEF= 0.5
 FCN=146.18 FROM MIGRAD    STATUS=CONVERGED    1033 CALLS        1034 TOTAL
                     EDM=6.74274e-08    STRATEGY= 1  ERROR MATRIX UNCERTAINTY   2.4 per cent
  EXT PARAMETER                                   STEP         FIRST   
  NO.   NAME      VALUE            ERROR          SIZE      DERIVATIVE 
   1  p0           1.78166e+02   6.35210e+00   3.01849e-05  -1.53564e-03
   2  p1           9.95795e-01   2.33056e-04   1.35783e-06  -3.91743e-03
   3  p2           6.27867e-03   2.07466e-04  -2.63470e-05  -2.11555e-03
   4  p3           3.94479e+01   1.56212e+00  -1.22087e-03  -2.78501e-04
   5  p4           9.48540e+00   3.84806e-01  -6.01523e-04   8.20023e-04
   6  p5           9.88835e-01   2.71673e-03  -7.21098e-07   4.21429e-02
   7  p6          -2.31788e-09   6.36114e-02   1.47958e-03** at limit **
   8  p7           1.20312e-02   8.11560e-04  -5.33105e-06  -6.48250e-03
                               ERR DEF= 0.5
 FCN=130.419 FROM MIGRAD    STATUS=CONVERGED    1026 CALLS        1027 TOTAL
                     EDM=1.8076e-08    STRATEGY= 1  ERROR MATRIX UNCERTAINTY   1.2 per cent
  EXT PARAMETER                                   STEP         FIRST   
  NO.   NAME      VALUE            ERROR          SIZE      DERIVATIVE 
   1  p0           1.72099e+02   6.38455e+00  -4.07941e-05   4.84474e-04
   2  p1           9.95548e-01   2.23457e-04   2.64574e-06   1.12943e-03
   3  p2           6.20931e-03   2.01283e-04  -2.38468e-05   1.65472e-04
   4  p3           3.80806e+01   1.62923e+00   3.38989e-04  -3.04053e-05
   5  p4           9.56360e+00   3.84576e-01  -3.11839e-04  -1.17037e-04
   6  p5           9.91688e-01   2.52795e-03   2.03208e-06  -4.89251e-02
   7  p6          -3.59046e-12   2.40348e-02  -1.07600e-04** at limit **
   8  p7           1.08872e-02   7.43327e-04  -1.16935e-05   1.75661e-03
                               ERR DEF= 0.5
 FCN=146.13 FROM MIGRAD    STATUS=CONVERGED    1108 CALLS        1109 TOTAL
                     EDM=3.284e-09    STRATEGY= 1  ERROR MATRIX UNCERTAINTY   2.2 per cent
  EXT PARAMETER                                   STEP         FIRST   
  NO.   NAME      VALUE            ERROR          SIZE      DERIVATIVE 
   1  p0           1.89140e+02   6.67898e+00   1.22744e-04   6.01307e-04
   2  p1           9.95442e-01   2.10042e-04  -8.53382e-06   1.30238e-03
   3  p2           6.13017e-03   1.83651e-04  -1.11133e-05   2.67648e-03
   4  p3           3.36084e+01   1.51125e+00  -1.12443e-04   3.93538e-05
   5  p4           9.03348e+00   3.88756e-01  -6.03843e-05  -6.62045e-05
   6  p5           9.91369e-01   2.35176e-03  -1.78461e-06   8.77923e-03
   7  p6          -2.58127e-12   7.68743e-03   4.19843e-05** at limit **
   8  p7           1.08591e-02   7.32028e-04   1.55592e-05  -8.77068e-04
                               ERR DEF= 0.5
 FCN=157.473 FROM MIGRAD    STATUS=CONVERGED     963 CALLS         964 TOTAL
                     EDM=8.95606e-08    STRATEGY= 1  ERROR MATRIX UNCERTAINTY   1.7 per cent
  EXT PARAMETER                                   STEP         FIRST   
  NO.   NAME      VALUE            ERROR          SIZE      DERIVATIVE 
   1  p0           2.23949e+02   7.09697e+00   3.31539e-05  -3.82270e-03
   2  p1           9.94393e-01   1.97089e-04   1.36658e-05   2.48383e-02
   3  p2           6.29890e-03   1.65158e-04  -4.92310e-05  -2.98644e-03
   4  p3           3.65686e+01   1.57815e+00  -1.71828e-03  -7.04917e-05
   5  p4           8.54570e+00   3.62185e-01  -1.00699e-03   1.04848e-04
   6  p5           9.90248e-01   2.22550e-03   2.66630e-06  -5.87346e-02
   7  p6          -1.35792e-10   5.79293e-03  -1.90613e-04** at limit **
   8  p7           1.05537e-02   6.96349e-04  -1.84619e-05   1.52958e-03
                               ERR DEF= 0.5
 FCN=169.944 FROM MIGRAD    STATUS=CONVERGED     982 CALLS         983 TOTAL
                     EDM=2.34281e-07    STRATEGY= 1  ERROR MATRIX UNCERTAINTY   2.4 per cent
  EXT PARAMETER                                   STEP         FIRST   
  NO.   NAME      VALUE            ERROR          SIZE      DERIVATIVE 
   1  p0           2.80442e+02   8.19734e+00   2.07449e-05  -1.82350e-03
   2  p1           9.94269e-01   1.80745e-04  -1.37206e-06  -4.14605e-03
   3  p2           5.89312e-03   1.47912e-04  -1.06708e-05  -1.24203e-02
   4  p3           4.91011e+01   1.92393e+00   1.13652e-03  -5.38743e-05
   5  p4           9.74309e+00   3.05753e-01  -2.88236e-05   1.48066e-03
   6  p5           9.92699e-01   1.64434e-03  -1.18392e-06  -2.90229e-01
   7  p6          -2.20724e-10   1.71736e-03  -9.96659e-05** at limit **
   8  p7           7.64378e-03   5.04437e-04  -6.24313e-06  -9.30842e-03
                               ERR DEF= 0.5
 FCN=244.145 FROM MIGRAD    STATUS=CONVERGED    1072 CALLS        1073 TOTAL
                     EDM=1.81403e-08    STRATEGY= 1  ERROR MATRIX UNCERTAINTY   1.2 per cent
  EXT PARAMETER                                   STEP         FIRST   
  NO.   NAME      VALUE            ERROR          SIZE      DERIVATIVE 
   1  p0           3.21468e+02   8.93432e+00   3.46226e-05  -1.06925e-03
   2  p1           9.93681e-01   1.74177e-04  -1.42316e-05  -3.97722e-03
   3  p2           6.01781e-03   1.49951e-04   6.72094e-05   4.98626e-04
   4  p3           5.40657e+01   2.12760e+00  -3.94774e-03  -5.58071e-05
   5  p4           9.42576e+00   3.20838e-01  -5.95259e-04   4.30724e-04
   6  p5           9.92608e-01   1.50131e-03   1.85704e-06   2.19369e-02
   7  p6          -7.34524e-12   1.47798e-03  -1.66880e-04** at limit **
   8  p7           8.95440e-03   4.95500e-04  -4.36829e-05  -4.76550e-03
                               ERR DEF= 0.5
 FCN=268.75 FROM MIGRAD    STATUS=CONVERGED     973 CALLS         974 TOTAL
                     EDM=2.56654e-08    STRATEGY= 1  ERROR MATRIX UNCERTAINTY   1.7 per cent
  EXT PARAMETER                                   STEP         FIRST   
  NO.   NAME      VALUE            ERROR          SIZE      DERIVATIVE 
   1  p0           3.59551e+02   9.40596e+00  -1.31155e-05   4.57497e-04
   2  p1           9.93427e-01   1.70391e-04  -1.17112e-06   4.87377e-03
   3  p2           6.02437e-03   1.43602e-04  -5.67267e-05  -1.37622e-03
   4  p3           6.42607e+01   2.33884e+00   4.08456e-03  -6.10299e-05
   5  p4           9.76349e+00   2.99933e-01   5.42374e-04   5.00859e-05
   6  p5           9.92319e-01   1.33307e-03  -2.19011e-06  -1.06140e-01
   7  p6          -5.58220e-13   1.00269e-03  -5.76553e-05** at limit **
   8  p7           8.29342e-03   4.28090e-04  -6.81169e-06   1.42165e-03
                               ERR DEF= 0.5

****************************************
Minimizer is Linear
Chi2                      =      18.2023
NDf                       =           14
p0                        =      1.00643   +/-   0.000256472 
p1                        = -5.53126e-06   +/-   1.33669e-07 
Calculation of survival fraction for 2104
 FCN=162.196 FROM MIGRAD    STATUS=CONVERGED     102 CALLS         103 TOTAL
                     EDM=2.8092e-07    STRATEGY= 1      ERROR MATRIX ACCURATE 
  EXT PARAMETER                                   STEP         FIRST   
  NO.   NAME      VALUE            ERROR          SIZE      DERIVATIVE 
   1  p0           1.77124e+02   5.41678e+00   3.71676e-02   1.44261e-05
   2  p1           2.10363e+03   4.26288e-02   1.00309e-03   9.06261e-03
   3  p2           1.53944e+00   4.04738e-02   2.22228e-05   9.53628e-02
   4  p3           2.85173e+01   3.28533e-01   2.82456e-03  -5.84849e-04
                               ERR DEF= 0.5
Area_tot = 3724
Area_tot_psa = 959
Area = 2338
Area_psa = 276
 FCN=146.266 FROM MIGRAD    STATUS=CONVERGED     101 CALLS         102 TOTAL
                     EDM=5.35022e-09    STRATEGY= 1      ERROR MATRIX ACCURATE 
  EXT PARAMETER                                   STEP         FIRST   
  NO.   NAME      VALUE            ERROR          SIZE      DERIVATIVE 
   1  p0           2.45733e+01   2.87937e+00   1.84089e-02   1.75867e-06
   2  p1           2.10371e+03   1.35262e-01   1.10745e-03  -5.31239e-04
   3  p2           1.16789e+00   1.43149e-01   8.29811e-05  -1.88057e-03
   4  p3           1.37970e+01   2.27497e-01   1.85035e-03  -6.85291e-05
                               ERR DEF= 0.5
Calculation of survival fraction for 2614.5
 FCN=213.57 FROM MIGRAD    STATUS=CONVERGED     136 CALLS         137 TOTAL
                     EDM=1.02663e-09    STRATEGY= 1      ERROR MATRIX ACCURATE 
  EXT PARAMETER                                   STEP         FIRST   
  NO.   NAME      VALUE            ERROR          SIZE      DERIVATIVE 
   1  p0           1.65000e+03   1.54927e+01   1.26702e-01  -1.37896e-06
   2  p1           2.61451e+03   9.69442e-03   1.24669e-03  -7.69121e-04
   3  p2           1.26252e+00   7.11695e-03   5.20146e-06  -4.33649e-02
   4  p3           2.60342e+00   1.09146e-01   1.09970e-03   1.80377e-04
                               ERR DEF= 0.5
Area_tot = 17539
Area_tot_psa = 3001
Area = 17400
Area_psa = 2984
 FCN=146.56 FROM MIGRAD    STATUS=CONVERGED     228 CALLS         229 TOTAL
                     EDM=3.00863e-07    STRATEGY= 1      ERROR MATRIX ACCURATE 
  EXT PARAMETER                                   STEP         FIRST   
  NO.   NAME      VALUE            ERROR          SIZE      DERIVATIVE 
   1  p0           2.80549e+02   6.34052e+00   4.31472e-02  -1.56912e-05
   2  p1           2.61453e+03   2.35483e-02   1.24670e-03   4.28595e-04
   3  p2           1.27179e+00   1.70374e-02   1.03344e-05  -3.53275e-01
   4  p3           6.37383e-02   1.74293e-02   1.45970e-04  -1.60116e-02
                               ERR DEF= 0.5
Calculation of survival fraction background at 2039
Area = 6215
Area_psa = 3032
Calculation of survival fraction background at 2380
Area = 2701
Area_psa = 1231
