
[1mRooFit v3.60 -- Developed by Wouter Verkerke and David Kirkby[0m 
                Copyright (C) 2000-2013 NIKHEF, University of California & Stanford University
                All rights reserved, please read http://roofit.sourceforge.net/license.txt

Using file /nfs/gerda6/users/burlac/psd/analysis/run0098-cal_dplms.tier.root
Analizing channel 4
DPLMS analysis 
Total events = 17201607
event n.1000000
event n.2000000
event n.3000000
event n.4000000
event n.5000000
event n.6000000
event n.7000000
event n.8000000
event n.9000000
event n.10000000
event n.11000000
event n.12000000
event n.13000000
event n.14000000
event n.15000000
event n.16000000
event n.17000000
Selected events: 110317
The time to read waveforms: 48.6 s
Initialization of DEP&FEP background  = 13.5
 FCN=128.599 FROM MIGRAD    STATUS=CONVERGED     218 CALLS         219 TOTAL
                     EDM=3.05656e-08    STRATEGY= 1      ERROR MATRIX ACCURATE 
  EXT PARAMETER                                   STEP         FIRST   
  NO.   NAME      VALUE            ERROR          SIZE      DERIVATIVE 
   1  p0           1.11037e+02   4.70085e+00   2.91289e-02   2.65100e-05
   2  p1           1.59262e+03   4.53500e-02   7.59422e-04   1.24123e-04
   3  p2           1.18604e+00   4.07822e-02   2.29793e-05  -2.28536e-03
   4  p3           5.13234e+01   3.48618e+00   2.17445e-02  -3.58671e-06
   5  p4           1.62085e+03   7.61256e-02   7.72881e-04  -6.51759e-04
   6  p5           1.17725e+00   7.03509e-02   4.00861e-05  -6.44581e-03
   7  p6           1.33191e+01   2.73352e-01   2.03988e-03   3.38990e-04
                               ERR DEF= 0.5
mean_aoe = 0.1439
AoE: max = 1.35746 max = 0.103978
 FCN=0.586135 FROM MIGRAD    STATUS=CONVERGED     410 CALLS         411 TOTAL
                     EDM=2.82738e-07    STRATEGY= 1  ERROR MATRIX UNCERTAINTY   3.4 per cent
  EXT PARAMETER                                   STEP         FIRST   
  NO.   NAME      VALUE            ERROR          SIZE      DERIVATIVE 
   1  p0           9.93760e-01   7.73208e-01   2.36343e-03   1.64816e-04
   2  p1           1.00088e+00   2.53848e-03  -6.26674e-06   3.95691e-02
   3  p2           3.95681e-03   1.82540e-03   4.99206e-05   2.35259e-02
   4  p3           2.63301e-03   4.45472e-03   1.98676e-05   5.82579e-01
   5  p4           1.08217e-03   1.82231e-03   8.12464e-06  -1.59798e+00
                               ERR DEF= 0.5
Total integral = 1093
AoE_lowCut = 1495 -> 0.996333
CutIntegral = 976
SF_dep = 0.892955
sigma_aoe = 0.00395681
 FCN=128.673 FROM MIGRAD    STATUS=CONVERGED     191 CALLS         192 TOTAL
                     EDM=6.90499e-09    STRATEGY= 1      ERROR MATRIX ACCURATE 
  EXT PARAMETER                                   STEP         FIRST   
  NO.   NAME      VALUE            ERROR          SIZE      DERIVATIVE 
   1  p0           9.18201e+01   4.07886e+00   2.52720e-02  -7.05798e-06
   2  p1           1.59264e+03   4.64418e-02   7.59431e-04  -7.62943e-04
   3  p2           1.19950e+00   4.03166e-02   2.26299e-05  -1.69956e-02
   4  p3           7.80804e+00   1.59987e+00   1.02875e-02   8.75269e-07
   5  p4           1.62120e+03   2.66730e-01   2.09151e-03  -1.51775e-04
   6  p5           1.25513e+00   2.35362e-01   1.34767e-04  -4.19720e-04
   7  p6           5.59098e+00   1.82060e-01   1.35621e-03  -2.57672e-04
                               ERR DEF= 0.5
AreaDEP_tot = 1629
Area_DEP_tot_psa = 1157
AreaDEP = 1055
Area_DEP_psa = 911
Area_FEP_tot = 1009
Area_FEP_tot_psa = 314
Area_FEP = 483
Area_FEP_psa = 74
Calculation of AoE vs E correction
 FCN=127.612 FROM MIGRAD    STATUS=CONVERGED     765 CALLS         766 TOTAL
                     EDM=3.41206e-07    STRATEGY= 1  ERROR MATRIX UNCERTAINTY   4.4 per cent
  EXT PARAMETER                                   STEP         FIRST   
  NO.   NAME      VALUE            ERROR          SIZE      DERIVATIVE 
   1  p0           1.29639e+02   5.03654e+00   3.11450e-04  -5.70173e-04
   2  p1           1.00056e+00   2.71855e-04  -4.71233e-05  -1.53714e-02
   3  p2           7.47694e-03   2.44677e-04   1.75919e-04   1.18795e-02
   4  p3           2.18519e+01   1.22804e+00   6.64953e-03  -1.47780e-04
   5  p4           7.38430e+00   4.42067e-01   1.96963e-03   6.00946e-04
   6  p5           9.99653e-01   3.23233e-03  -3.44758e-05  -8.65104e-03
   7  p6          -2.80223e-09   1.10113e-02   1.40993e-03** at limit **
   8  p7           1.31359e-02   1.04860e-03   2.51239e-04  -1.51295e-03
                               ERR DEF= 0.5
 FCN=134.867 FROM MIGRAD    STATUS=CONVERGED    1020 CALLS        1021 TOTAL
                     EDM=4.17417e-07    STRATEGY= 1  ERROR MATRIX UNCERTAINTY   2.7 per cent
  EXT PARAMETER                                   STEP         FIRST   
  NO.   NAME      VALUE            ERROR          SIZE      DERIVATIVE 
   1  p0           1.35010e+02   5.42521e+00  -8.42563e-05   1.32059e-03
   2  p1           1.00132e+00   2.42543e-04  -2.94919e-06   1.69856e-03
   3  p2           6.39699e-03   2.18126e-04   4.10765e-05   1.07054e-02
   4  p3           1.77690e+01   1.09418e+00  -1.88520e-03   1.27814e-04
   5  p4           7.84305e+00   5.00242e-01  -1.87781e-03  -2.01061e-05
   6  p5           1.00073e+00   3.58915e-03   5.89570e-06  -2.54252e-03
   7  p6          -8.62952e-09   1.40815e-02  -1.01301e-04** at limit **
   8  p7           1.40103e-02   1.21676e-03  -8.53022e-05  -3.11037e-03
                               ERR DEF= 0.5
 FCN=123.566 FROM MIGRAD    STATUS=CONVERGED    1021 CALLS        1022 TOTAL
                     EDM=1.09036e-08    STRATEGY= 1  ERROR MATRIX UNCERTAINTY   1.4 per cent
  EXT PARAMETER                                   STEP         FIRST   
  NO.   NAME      VALUE            ERROR          SIZE      DERIVATIVE 
   1  p0           1.44970e+02   5.95461e+00   4.30133e-05   8.29526e-04
   2  p1           1.00103e+00   2.17696e-04  -2.10537e-06  -4.29459e-03
   3  p2           5.74232e-03   1.88628e-04  -3.85275e-06   3.09838e-03
   4  p3           1.79459e+01   1.07465e+00   4.12801e-04   3.33288e-05
   5  p4           8.53707e+00   5.26802e-01   1.42883e-04   1.65451e-04
   6  p5           1.00036e+00   3.46345e-03  -2.70728e-06   4.36691e-02
   7  p6          -1.37668e-14   8.37534e-03  -1.70040e-04** at limit **
   8  p7           1.51083e-02   1.18871e-03   3.50687e-05   1.17315e-03
                               ERR DEF= 0.5
 FCN=132.823 FROM MIGRAD    STATUS=CONVERGED     946 CALLS         947 TOTAL
                     EDM=2.23147e-08    STRATEGY= 1  ERROR MATRIX UNCERTAINTY   2.0 per cent
  EXT PARAMETER                                   STEP         FIRST   
  NO.   NAME      VALUE            ERROR          SIZE      DERIVATIVE 
   1  p0           1.44031e+02   5.95895e+00   1.95649e-04   3.64902e-04
   2  p1           1.00064e+00   2.07377e-04   3.61370e-07  -3.92266e-03
   3  p2           5.48680e-03   1.66840e-04  -5.36537e-05   2.06101e-03
   4  p3           1.67698e+01   1.04820e+00   7.40809e-04   2.31880e-05
   5  p4           8.85609e+00   5.50240e-01   4.17798e-04   1.89750e-04
   6  p5           9.99803e-01   3.36456e-03   1.01652e-06   7.58431e-02
   7  p6          -4.10638e-11   8.25090e-03  -5.50307e-04** at limit **
   8  p7           1.34093e-02   1.12258e-03  -1.85669e-05   1.09444e-03
                               ERR DEF= 0.5
 FCN=131.371 FROM MIGRAD    STATUS=CONVERGED    1075 CALLS        1076 TOTAL
                     EDM=6.30818e-09    STRATEGY= 1  ERROR MATRIX UNCERTAINTY   0.7 per cent
  EXT PARAMETER                                   STEP         FIRST   
  NO.   NAME      VALUE            ERROR          SIZE      DERIVATIVE 
   1  p0           1.46920e+02   5.36555e+00   7.32717e-05   4.19441e-04
   2  p1           1.00028e+00   1.94191e-04  -1.55858e-05  -3.45784e-04
   3  p2           5.00000e-03   8.96621e-05  -6.43946e-06** at limit **
   4  p3           1.93702e+01   1.10414e+00   3.25127e-04  -7.81037e-05
   5  p4           1.00701e+01   5.36735e-01   1.04090e-04   9.85537e-05
   6  p5           1.00068e+00   2.46797e-03  -1.46662e-06   3.32687e-02
   7  p6          -2.75557e-13   3.15268e-03  -9.73039e-05** at limit **
   8  p7           1.04373e-02   8.61886e-04   4.18995e-05   5.17118e-04
                               ERR DEF= 0.5
 FCN=131.919 FROM MIGRAD    STATUS=CONVERGED    1137 CALLS        1138 TOTAL
                     EDM=1.00636e-07    STRATEGY= 1  ERROR MATRIX UNCERTAINTY   2.0 per cent
  EXT PARAMETER                                   STEP         FIRST   
  NO.   NAME      VALUE            ERROR          SIZE      DERIVATIVE 
   1  p0           1.36689e+02   5.02389e+00  -1.94937e-06  -9.97072e-04
   2  p1           9.99965e-01   2.01435e-04   4.73732e-06  -3.98955e-03
   3  p2           5.00000e-03   1.20714e-04   4.29400e-05** at limit **
   4  p3           1.87161e+01   1.04573e+00  -3.14654e-04   1.37889e-04
   5  p4           9.63763e+00   5.36234e-01   4.56582e-04  -3.03056e-04
   6  p5           9.97296e-01   2.71702e-03  -3.31779e-06  -1.51762e-01
   7  p6          -2.80466e-10   8.30483e-03  -3.92287e-04** at limit **
   8  p7           1.25155e-02   9.54071e-04   3.33946e-05   1.23360e-03
                               ERR DEF= 0.5
 FCN=127.255 FROM MIGRAD    STATUS=CONVERGED    1035 CALLS        1036 TOTAL
                     EDM=3.06035e-07    STRATEGY= 1  ERROR MATRIX UNCERTAINTY   1.9 per cent
  EXT PARAMETER                                   STEP         FIRST   
  NO.   NAME      VALUE            ERROR          SIZE      DERIVATIVE 
   1  p0           1.25085e+02   4.88117e+00  -1.71409e-04   1.79525e-03
   2  p1           9.99991e-01   2.05702e-04   3.30954e-05   1.18692e-02
   3  p2           5.00000e-03   2.70837e-05  -7.15982e-05** at limit **
   4  p3           1.86186e+01   1.07689e+00  -3.62827e-03   4.07653e-04
   5  p4           1.02861e+01   5.37555e-01  -5.02421e-04  -1.70731e-03
   6  p5           9.97801e-01   2.91912e-03   7.37954e-06  -6.72000e-02
   7  p6          -1.37679e-09   3.53241e-03  -1.95002e-04** at limit **
   8  p7           1.21824e-02   9.79490e-04  -1.46257e-04  -2.88383e-03
                               ERR DEF= 0.5
 FCN=170.762 FROM MIGRAD    STATUS=CONVERGED    1022 CALLS        1023 TOTAL
                     EDM=3.84906e-08    STRATEGY= 1  ERROR MATRIX UNCERTAINTY   2.5 per cent
  EXT PARAMETER                                   STEP         FIRST   
  NO.   NAME      VALUE            ERROR          SIZE      DERIVATIVE 
   1  p0           1.42442e+02   5.18726e+00   3.55950e-05  -1.96687e-03
   2  p1           9.99105e-01   1.93883e-04  -5.73899e-06   2.22023e-03
   3  p2           5.00000e-03   2.17561e-05  -1.80986e-06** at limit **
   4  p3           2.43820e+01   1.34240e+00   9.04365e-04  -7.71551e-06
   5  p4           1.36327e+01   6.45082e-01   5.38491e-04  -2.60014e-04
   6  p5           9.93444e-01   2.33021e-03   2.71740e-07  -4.56241e-02
   7  p6          -8.98481e-12   9.97927e-04   1.15925e-04** at limit **
   8  p7           1.21353e-02   7.44245e-04  -4.10490e-05  -1.85410e-03
                               ERR DEF= 0.5
 FCN=172.739 FROM MIGRAD    STATUS=CONVERGED    1182 CALLS        1183 TOTAL
                     EDM=1.05408e-07    STRATEGY= 1  ERROR MATRIX UNCERTAINTY   1.8 per cent
  EXT PARAMETER                                   STEP         FIRST   
  NO.   NAME      VALUE            ERROR          SIZE      DERIVATIVE 
   1  p0           1.41796e+02   5.22955e+00  -1.43157e-04   1.27254e-03
   2  p1           9.99189e-01   1.91556e-04   1.39877e-05   8.09407e-03
   3  p2           5.00000e-03   1.42203e-05   3.58968e-05** at limit **
   4  p3           3.00863e+01   1.48542e+00  -7.11249e-04  -8.77709e-05
   5  p4           1.40669e+01   6.00987e-01  -9.27534e-04   1.40732e-04
   6  p5           9.92487e-01   2.13663e-03   2.40284e-06  -8.36168e-02
   7  p6          -1.07669e-12   1.33531e-03  -1.42958e-04** at limit **
   8  p7           1.12785e-02   6.87662e-04  -1.89076e-05  -1.57845e-02
                               ERR DEF= 0.5
 FCN=153.267 FROM MIGRAD    STATUS=CONVERGED    1036 CALLS        1037 TOTAL
                     EDM=3.03096e-07    STRATEGY= 1  ERROR MATRIX UNCERTAINTY   1.9 per cent
  EXT PARAMETER                                   STEP         FIRST   
  NO.   NAME      VALUE            ERROR          SIZE      DERIVATIVE 
   1  p0           1.51094e+02   5.37022e+00  -1.70778e-05  -2.46979e-03
   2  p1           9.98942e-01   1.85359e-04   2.03248e-05  -2.14420e-03
   3  p2           5.00000e-03   1.61568e-05   1.68941e-05** at limit **
   4  p3           2.60508e+01   1.30588e+00   1.51732e-03  -3.62097e-04
   5  p4           1.27312e+01   5.93320e-01   4.92028e-04   8.53971e-04
   6  p5           9.90699e-01   2.62479e-03   5.09797e-06  -4.88713e-02
   7  p6          -6.97238e-11   1.55699e-03  -2.80763e-04** at limit **
   8  p7           1.22649e-02   7.89908e-04  -2.23349e-05   1.13985e-02
                               ERR DEF= 0.5
 FCN=159.489 FROM MIGRAD    STATUS=CONVERGED    1376 CALLS        1377 TOTAL
                     EDM=1.77244e-08    STRATEGY= 1  ERROR MATRIX UNCERTAINTY   2.0 per cent
  EXT PARAMETER                                   STEP         FIRST   
  NO.   NAME      VALUE            ERROR          SIZE      DERIVATIVE 
   1  p0           1.48942e+02   5.39252e+00   1.22246e-04  -6.15290e-04
   2  p1           9.98433e-01   1.93990e-04  -8.86118e-06   3.74692e-03
   3  p2           5.00000e-03   1.91143e-05   1.92308e-05** at limit **
   4  p3           2.93852e+01   1.48036e+00   2.40315e-03  -1.40726e-05
   5  p4           1.41285e+01   6.14522e-01   6.87088e-04   2.02500e-04
   6  p5           9.91639e-01   2.31580e-03  -1.54349e-06   8.37723e-02
   7  p6          -4.13825e-12   1.11116e-03   8.27152e-05** at limit **
   8  p7           1.18101e-02   7.13564e-04   9.15957e-06   4.18450e-03
                               ERR DEF= 0.5
 FCN=171.685 FROM MIGRAD    STATUS=CONVERGED    1068 CALLS        1069 TOTAL
                     EDM=4.79709e-07    STRATEGY= 1  ERROR MATRIX UNCERTAINTY   1.3 per cent
  EXT PARAMETER                                   STEP         FIRST   
  NO.   NAME      VALUE            ERROR          SIZE      DERIVATIVE 
   1  p0           1.43565e+02   5.01075e+00   3.52751e-05   7.22098e-03
   2  p1           9.98850e-01   1.91557e-04  -1.35760e-05   1.61564e-02
   3  p2           5.00000e-03   1.57773e-05  -2.60434e-05** at limit **
   4  p3           2.47676e+01   1.27955e+00   1.72697e-04   9.08217e-05
   5  p4           1.18124e+01   5.53234e-01  -1.30380e-03   7.27226e-04
   6  p5           9.94633e-01   2.29782e-03   7.16197e-06   3.26761e-02
   7  p6          -6.03009e-11   1.86066e-03  -4.85185e-04** at limit **
   8  p7           1.20101e-02   7.79001e-04  -3.07343e-05   1.01049e-02
                               ERR DEF= 0.5
 FCN=212.317 FROM MIGRAD    STATUS=CONVERGED    1076 CALLS        1077 TOTAL
                     EDM=6.35122e-08    STRATEGY= 1  ERROR MATRIX UNCERTAINTY   1.6 per cent
  EXT PARAMETER                                   STEP         FIRST   
  NO.   NAME      VALUE            ERROR          SIZE      DERIVATIVE 
   1  p0           1.73126e+02   5.33339e+00  -1.61620e-04  -1.96484e-03
   2  p1           9.98259e-01   1.74177e-04  -1.04223e-05   1.48602e-03
   3  p2           5.00000e-03   1.41189e-05  -5.05532e-05** at limit **
   4  p3           2.60890e+01   1.28325e+00  -1.67837e-03   2.36964e-04
   5  p4           1.17379e+01   5.34307e-01   1.25371e-04  -7.90952e-04
   6  p5           9.93799e-01   2.16853e-03  -7.18420e-06  -1.98757e-02
   7  p6          -5.10703e-15   1.41536e-03  -1.44964e-04** at limit **
   8  p7           1.18624e-02   7.31734e-04   6.05471e-05  -1.17864e-03
                               ERR DEF= 0.5
 FCN=288.435 FROM MIGRAD    STATUS=CONVERGED    1412 CALLS        1413 TOTAL
                     EDM=8.24885e-07    STRATEGY= 1  ERROR MATRIX UNCERTAINTY   3.3 per cent
  EXT PARAMETER                                   STEP         FIRST   
  NO.   NAME      VALUE            ERROR          SIZE      DERIVATIVE 
   1  p0           2.05857e+02   6.28765e+00  -1.13381e-04   2.99480e-04
   2  p1           9.97948e-01   1.53752e-04   1.46726e-05   7.63141e-02
   3  p2           5.00000e-03   8.97123e-06   4.03834e-05** at limit **
   4  p3           3.07755e+01   1.44937e+00   2.07611e-03  -5.03704e-04
   5  p4           1.35178e+01   5.63360e-01  -1.29091e-04   2.88229e-03
   6  p5           9.90210e-01   2.01532e-03   2.29701e-06   1.27937e-01
   7  p6          -6.41336e-11   1.57123e-03  -4.05701e-04** at limit **
   8  p7           1.19801e-02   6.64335e-04  -3.64372e-05   9.15549e-04
                               ERR DEF= 0.5
 FCN=262.07 FROM MIGRAD    STATUS=CONVERGED    1161 CALLS        1162 TOTAL
                     EDM=3.61056e-09    STRATEGY= 1  ERROR MATRIX UNCERTAINTY   1.2 per cent
  EXT PARAMETER                                   STEP         FIRST   
  NO.   NAME      VALUE            ERROR          SIZE      DERIVATIVE 
   1  p0           2.45045e+02   6.91023e+00  -2.02060e-05  -2.90594e-04
   2  p1           9.97794e-01   1.46895e-04  -8.28899e-06  -5.22535e-03
   3  p2           5.00000e-03   6.70155e-06  -2.64795e-05** at limit **
   4  p3           3.77942e+01   1.66576e+00   7.13121e-04  -2.46875e-05
   5  p4           1.43915e+01   5.46135e-01   2.57273e-04   2.68331e-05
   6  p5           9.90750e-01   1.88485e-03  -9.12778e-07  -1.31991e-02
   7  p6          -2.74558e-13   6.34884e-04   1.63115e-05** at limit **
   8  p7           1.07132e-02   5.83726e-04  -1.55367e-05  -2.92218e-03
                               ERR DEF= 0.5
 FCN=263.173 FROM MIGRAD    STATUS=CONVERGED    1499 CALLS        1500 TOTAL
                     EDM=8.39328e-09    STRATEGY= 1  ERROR MATRIX UNCERTAINTY   2.1 per cent
  EXT PARAMETER                                   STEP         FIRST   
  NO.   NAME      VALUE            ERROR          SIZE      DERIVATIVE 
   1  p0           2.74881e+02   7.22550e+00  -1.22572e-05   2.52856e-04
   2  p1           9.97999e-01   1.36559e-04  -9.73002e-07   1.56456e-03
   3  p2           5.00000e-03   5.70512e-06  -1.23910e-06** at limit **
   4  p3           4.04612e+01   1.73842e+00   9.83192e-04  -7.08835e-05
   5  p4           1.39172e+01   5.13327e-01   2.34590e-04   1.13297e-04
   6  p5           9.90914e-01   1.83686e-03  -3.65218e-07   5.45896e-02
   7  p6          -1.76659e-12   1.00779e-03   3.10574e-05** at limit **
   8  p7           1.09173e-02   5.71935e-04   2.29193e-05   8.00797e-04
                               ERR DEF= 0.5

****************************************
Minimizer is Linear
Chi2                      =      23.4537
NDf                       =           14
p0                        =      1.00355   +/-   0.000199112 
p1                        = -2.43993e-06   +/-   1.05443e-07 
Calculation of survival fraction for 2104
 FCN=151.842 FROM MIGRAD    STATUS=CONVERGED     118 CALLS         119 TOTAL
                     EDM=6.98087e-11    STRATEGY= 1      ERROR MATRIX ACCURATE 
  EXT PARAMETER                                   STEP         FIRST   
  NO.   NAME      VALUE            ERROR          SIZE      DERIVATIVE 
   1  p0           1.00286e+02   3.94334e+00   2.66872e-02   1.04604e-06
   2  p1           2.10354e+03   5.65176e-02   1.00304e-03  -9.79363e-06
   3  p2           1.57587e+00   5.02262e-02   2.69835e-05   1.89251e-03
   4  p3           1.56252e+01   2.44344e-01   2.03950e-03  -1.86797e-05
                               ERR DEF= 0.5
Area_tot = 2142
Area_tot_psa = 504
Area = 1385
Area_psa = 180
 FCN=139.353 FROM MIGRAD    STATUS=CONVERGED     107 CALLS         108 TOTAL
                     EDM=2.51453e-08    STRATEGY= 1      ERROR MATRIX ACCURATE 
  EXT PARAMETER                                   STEP         FIRST   
  NO.   NAME      VALUE            ERROR          SIZE      DERIVATIVE 
   1  p0           1.32236e+01   1.61484e+00   1.08358e-02  -6.30144e-05
   2  p1           2.10371e+03   2.04793e-01   1.65942e-03   1.08302e-04
   3  p2           1.64868e+00   1.72266e-01   8.98380e-05   5.82591e-03
   4  p3           6.36392e+00   1.58562e-01   1.25789e-03   1.02285e-04
                               ERR DEF= 0.5
Calculation of survival fraction for 2614.5
 FCN=266.675 FROM MIGRAD    STATUS=CONVERGED     179 CALLS         180 TOTAL
                     EDM=2.4301e-08    STRATEGY= 1  ERROR MATRIX UNCERTAINTY   1.6 per cent
  EXT PARAMETER                                   STEP         FIRST   
  NO.   NAME      VALUE            ERROR          SIZE      DERIVATIVE 
   1  p0           8.65097e+02   1.08948e+01   2.58040e-02   3.55215e-06
   2  p1           2.61459e+03   1.39014e-02   4.64087e-05  -1.31991e-02
   3  p2           1.34824e+00   1.03000e-02  -1.88142e-08  -2.05815e-02
   4  p3           7.97132e-01   7.67312e-02   3.85826e-04   1.27732e-03
                               ERR DEF= 0.5
Area_tot = 9821
Area_tot_psa = 1775
Area = 9725
Area_psa = 1768
 FCN=128.208 FROM MIGRAD    STATUS=CONVERGED     211 CALLS         212 TOTAL
                     EDM=2.18285e-10    STRATEGY= 1  ERROR MATRIX UNCERTAINTY   1.8 per cent
  EXT PARAMETER                                   STEP         FIRST   
  NO.   NAME      VALUE            ERROR          SIZE      DERIVATIVE 
   1  p0           1.52605e+02   4.52083e+00  -5.23238e-03  -5.92861e-07
   2  p1           2.61470e+03   3.36548e-02   2.96297e-05  -2.39534e-05
   3  p2           1.37416e+00   2.47148e-02   2.65777e-06   6.82619e-03
   4  p3           8.80887e-03   6.22172e-03  -7.89400e-06  -1.71894e-03
                               ERR DEF= 0.5
Calculation of survival fraction background at 2039
Area = 3546
Area_psa = 1527
