
[1mRooFit v3.60 -- Developed by Wouter Verkerke and David Kirkby[0m 
                Copyright (C) 2000-2013 NIKHEF, University of California & Stanford University
                All rights reserved, please read http://roofit.sourceforge.net/license.txt

Using file /nfs/gerda6/users/burlac/psd/analysis/run0098-cal_dplms_1000.tier.root
Analizing channel 13
DPLMS analysis with weight 1000
Total events = 17201607
event n.1000000
event n.2000000
event n.3000000
event n.4000000
event n.5000000
event n.6000000
event n.7000000
event n.8000000
event n.9000000
event n.10000000
event n.11000000
event n.12000000
event n.13000000
event n.14000000
event n.15000000
event n.16000000
event n.17000000
Selected events: 55429
The time to read waveforms: 33.66 s
Initialization of DEP&FEP background  = 7
 FCN=112.832 FROM MIGRAD    STATUS=CONVERGED     233 CALLS         234 TOTAL
                     EDM=9.66416e-08    STRATEGY= 1      ERROR MATRIX ACCURATE 
  EXT PARAMETER                                   STEP         FIRST   
  NO.   NAME      VALUE            ERROR          SIZE      DERIVATIVE 
   1  p0           7.47587e+01   4.02545e+00   2.33294e-02   5.90524e-05
   2  p1           1.59252e+03   5.12915e-02   7.59372e-04  -8.90908e-04
   3  p2           1.06511e+00   4.56334e-02   2.53636e-05   7.73410e-03
   4  p3           2.46688e+01   2.73077e+00   1.62539e-02  -5.84111e-05
   5  p4           1.62072e+03   1.01810e-01   7.72822e-04  -7.71625e-05
   6  p5           9.46710e-01   8.89191e-02   5.41812e-05  -2.67605e-02
   7  p6           7.42485e+00   2.03678e-01   1.44061e-03   2.38803e-04
                               ERR DEF= 0.5
mean_aoe = 0.0665
AoE: max = 1.73858 max = 0.0607427
 FCN=0.995426 FROM MIGRAD    STATUS=CONVERGED     343 CALLS         344 TOTAL
                     EDM=2.11937e-08    STRATEGY= 1  ERROR MATRIX UNCERTAINTY   4.8 per cent
  EXT PARAMETER                                   STEP         FIRST   
  NO.   NAME      VALUE            ERROR          SIZE      DERIVATIVE 
   1  p0           9.46791e-01   5.29036e-01  -9.17788e-04   3.82184e-04
   2  p1           9.99105e-01   3.76755e-03  -5.83267e-06  -1.03013e-02
   3  p2           7.92884e-03   2.82060e-03   3.66384e-05   4.19691e-03
   4  p3           4.11191e-03   5.28673e-03   5.04502e-06   1.84980e-01
   5  p4           2.65376e-03   3.40824e-03   3.25138e-06  -2.45232e-01
                               ERR DEF= 0.5
Analysis with a fixed bin for LowCut
Total integral = 658
AoE_lowCut = 1979 -> 0.98925
CutIntegral = 595
SF_dep = 0.904255
sigma_aoe = 0.00792884
 FCN=121.979 FROM MIGRAD    STATUS=CONVERGED     260 CALLS         261 TOTAL
                     EDM=2.94868e-08    STRATEGY= 1  ERROR MATRIX UNCERTAINTY   2.8 per cent
  EXT PARAMETER                                   STEP         FIRST   
  NO.   NAME      VALUE            ERROR          SIZE      DERIVATIVE 
   1  p0           6.35646e+01   3.44988e+00   2.50961e-03   2.41457e-05
   2  p1           1.59250e+03   5.23442e-02  -1.43321e-05   1.49221e-03
   3  p2           1.09942e+00   4.45952e-02   3.53217e-06   2.99918e-02
   4  p3           6.17165e+00   3.09945e+00  -1.52265e-04   8.29873e-05
   5  p4           1.62091e+03   2.56891e-01  -5.69224e-04  -5.13361e-04
   6  p5           3.60782e-01   2.73765e-01  -8.56861e-05   6.91395e-03
   7  p6           3.06070e+00   1.37444e-01   2.09356e-04   7.27358e-04
                               ERR DEF= 0.5
AreaDEP_tot = 935
Area_DEP_tot_psa = 708
AreaDEP = 657
Area_DEP_psa = 592
Area_FEP_tot = 444
Area_FEP_tot_psa = 138
Area_FEP = 208
Area_FEP_psa = 28
Calculation of AoE vs E correction
 FCN=111.456 FROM MIGRAD    STATUS=CONVERGED    1024 CALLS        1025 TOTAL
                     EDM=6.56499e-07    STRATEGY= 1      ERROR MATRIX ACCURATE 
  EXT PARAMETER                                   STEP         FIRST   
  NO.   NAME      VALUE            ERROR          SIZE      DERIVATIVE 
   1  p0           3.50946e+01   2.06711e+00   9.38547e-04  -7.24417e-04
   2  p1           1.00089e+00   7.82301e-04   2.53046e-04  -1.36420e-03
   3  p2           1.37466e-02   7.40904e-04   2.84533e-04  -2.55871e-03
   4  p3           8.61583e+00   8.57668e-01   2.68174e-03  -1.81507e-03
   5  p4           5.31800e+00   6.67291e-01   2.06759e-03   2.46962e-03
   6  p5           1.00246e+00   9.47786e-03   3.04514e-05   1.73232e-02
   7  p6          -6.52653e-10   1.01044e-01   4.73850e-03** at limit **
   8  p7           1.98438e-02   3.01987e-03   3.60320e-04  -3.00523e-03
                               ERR DEF= 0.5
 FCN=112.014 FROM MIGRAD    STATUS=CONVERGED    1370 CALLS        1371 TOTAL
                     EDM=8.7642e-07    STRATEGY= 1      ERROR MATRIX ACCURATE 
  EXT PARAMETER                                   STEP         FIRST   
  NO.   NAME      VALUE            ERROR          SIZE      DERIVATIVE 
   1  p0           4.19519e+01   2.16692e+00   8.53818e-04  -2.72806e-04
   2  p1           9.99693e-01   6.01398e-04   2.07266e-04   1.58529e-02
   3  p2           1.25713e-02   5.69481e-04   2.36962e-04  -3.77468e-03
   4  p3           6.09706e+00   6.42613e-01   2.14116e-03  -1.96056e-03
   5  p4           4.60536e+00   9.46686e-01   2.38231e-03   1.92774e-03
   6  p5           9.88623e-01   1.75080e-02   4.45918e-05   7.67256e-02
   7  p6          -8.52823e-08   8.46017e-01   1.30641e-02** at limit **
   8  p7           2.80496e-02   5.15933e-03   4.76969e-04   5.52121e-03
                               ERR DEF= 0.5
 FCN=100.372 FROM MIGRAD    STATUS=CONVERGED    1139 CALLS        1140 TOTAL
                     EDM=2.13819e-07    STRATEGY= 1      ERROR MATRIX ACCURATE 
  EXT PARAMETER                                   STEP         FIRST   
  NO.   NAME      VALUE            ERROR          SIZE      DERIVATIVE 
   1  p0           3.41715e+01   2.04274e+00   9.42090e-04   1.56807e-04
   2  p1           9.99574e-01   6.93414e-04   2.13649e-04  -7.61408e-04
   3  p2           1.18144e-02   6.84556e-04   2.53069e-04   1.06971e-03
   4  p3           5.79212e+00   1.08973e+00   2.08264e-03  -1.32914e-04
   5  p4           5.21784e+00   3.36974e+00   2.37562e-03  -5.05925e-06
   6  p5           9.90776e-01   1.92144e-02   3.90153e-05   1.52814e-02
   7  p6          -1.84401e-02   8.77681e-01   1.14258e-03  -1.84187e-04
   8  p7           2.25764e-02   4.92806e-03   4.25916e-04  -1.98337e-04
                               ERR DEF= 0.5
 FCN=102.97 FROM MIGRAD    STATUS=CONVERGED    1553 CALLS        1554 TOTAL
                     EDM=3.45477e-07    STRATEGY= 1      ERROR MATRIX ACCURATE 
  EXT PARAMETER                                   STEP         FIRST   
  NO.   NAME      VALUE            ERROR          SIZE      DERIVATIVE 
   1  p0           4.07655e+01   2.39580e+00   9.40295e-04   1.98315e-04
   2  p1           9.99218e-01   5.60969e-04   1.86876e-04  -2.66457e-04
   3  p2           1.03782e-02   5.19284e-04   2.37728e-04   1.89619e-03
   4  p3           5.48306e+00   6.47672e-01   2.02213e-03   3.74077e-04
   5  p4           5.03931e+00   7.89268e-01   2.38685e-03   3.70544e-04
   6  p5           1.00783e+00   9.90835e-03   3.17229e-05   4.02697e-02
   7  p6          -2.82405e-07   9.83179e-01   1.59030e-02  -1.29846e-04
   8  p7           1.67071e-02   3.48170e-03   4.18022e-04   1.98523e-03
                               ERR DEF= 0.5
 FCN=107.826 FROM MIGRAD    STATUS=CONVERGED     791 CALLS         792 TOTAL
                     EDM=1.82346e-08    STRATEGY= 1  ERROR MATRIX UNCERTAINTY   0.6 per cent
  EXT PARAMETER                                   STEP         FIRST   
  NO.   NAME      VALUE            ERROR          SIZE      DERIVATIVE 
   1  p0           4.19392e+01   2.49712e+00  -1.48814e-06   1.23180e-05
   2  p1           9.98341e-01   5.30347e-04  -1.13304e-06   5.83899e-06
   3  p2           9.58220e-03   4.47605e-04   1.73115e-06   7.58972e-05
   4  p3           7.37730e+00   6.93445e-01   1.69752e-05   8.23630e-05
   5  p4           7.02619e+00   7.95261e-01  -8.65399e-04  -5.17918e-05
   6  p5           9.91647e-01   8.13786e-03   1.32657e-06  -4.04167e-03
   7  p6          -1.30288e-09   3.56118e-02   5.05284e-04** at limit **
   8  p7           1.79395e-02   2.41003e-03   1.99790e-06  -1.30182e-05
                               ERR DEF= 0.5
 FCN=97.9304 FROM MIGRAD    STATUS=CONVERGED    1152 CALLS        1153 TOTAL
                     EDM=1.15846e-06    STRATEGY= 1      ERROR MATRIX ACCURATE 
  EXT PARAMETER                                   STEP         FIRST   
  NO.   NAME      VALUE            ERROR          SIZE      DERIVATIVE 
   1  p0           3.71491e+01   2.33277e+00   1.00903e-03   3.77994e-04
   2  p1           9.98804e-01   5.67643e-04   1.84201e-04  -2.66337e-03
   3  p2           9.88738e-03   5.08601e-04   2.41180e-04   1.47552e-03
   4  p3           5.58697e+00   6.06152e-01   2.02228e-03  -1.32012e-03
   5  p4           5.54012e+00   7.84927e-01   2.48714e-03   2.12857e-03
   6  p5           9.98500e-01   9.18956e-03   3.20207e-05   4.48241e-02
   7  p6          -6.98546e-09   1.93683e-01   6.21002e-03** at limit **
   8  p7           1.58808e-02   2.79753e-03   4.04461e-04   3.15589e-03
                               ERR DEF= 0.5
 FCN=109.288 FROM MIGRAD    STATUS=CONVERGED     940 CALLS         941 TOTAL
                     EDM=1.50888e-07    STRATEGY= 1      ERROR MATRIX ACCURATE 
  EXT PARAMETER                                   STEP         FIRST   
  NO.   NAME      VALUE            ERROR          SIZE      DERIVATIVE 
   1  p0           3.66578e+01   2.24339e+00   1.09083e-03   9.81753e-04
   2  p1           9.95574e-01   5.64001e-04   2.00957e-04  -6.91099e-03
   3  p2           1.01016e-02   4.91799e-04   2.51365e-04   1.40533e-03
   4  p3           5.54786e+00   5.91017e-01   2.09995e-03  -5.22503e-04
   5  p4           5.52709e+00   9.68377e-01   2.71872e-03   4.71164e-04
   6  p5           9.86093e-01   1.33941e-02   4.04018e-05   3.33814e-02
   7  p6          -2.12996e-09   1.07248e-01   4.83225e-03** at limit **
   8  p7           2.48797e-02   3.88372e-03   4.28893e-04   2.59476e-03
                               ERR DEF= 0.5
 FCN=112.318 FROM MIGRAD    STATUS=CONVERGED     908 CALLS         909 TOTAL
                     EDM=1.12431e-08    STRATEGY= 1  ERROR MATRIX UNCERTAINTY   3.1 per cent
  EXT PARAMETER                                   STEP         FIRST   
  NO.   NAME      VALUE            ERROR          SIZE      DERIVATIVE 
   1  p0           4.95281e+01   3.08176e+00   8.82586e-05   3.65373e-04
   2  p1           9.97224e-01   4.42252e-04   1.39363e-05  -1.29090e-03
   3  p2           7.61441e-03   3.97808e-04   1.11378e-05  -9.71550e-05
   4  p3           1.05798e+01   8.43045e-01  -9.31972e-04  -7.82011e-05
   5  p4           9.61318e+00   8.03376e-01  -9.04228e-04   1.69187e-04
   6  p5           9.89025e-01   6.32153e-03  -2.60990e-06   1.46826e-02
   7  p6          -1.33773e-11   7.05261e-03  -2.43555e-05** at limit **
   8  p7           1.62018e-02   1.72073e-03   1.03441e-04   1.73162e-03
                               ERR DEF= 0.5
 FCN=107.066 FROM MIGRAD    STATUS=CONVERGED     730 CALLS         731 TOTAL
                     EDM=7.61596e-07    STRATEGY= 1  ERROR MATRIX UNCERTAINTY   2.6 per cent
  EXT PARAMETER                                   STEP         FIRST   
  NO.   NAME      VALUE            ERROR          SIZE      DERIVATIVE 
   1  p0           4.45880e+01   2.73497e+00  -1.24632e-04   3.80247e-03
   2  p1           9.94320e-01   4.90310e-04   4.48976e-05   1.11331e-02
   3  p2           8.39641e-03   4.04352e-04  -2.68901e-05   3.02545e-02
   4  p3           9.49214e+00   7.84726e-01   1.43635e-05   1.50968e-04
   5  p4           8.74746e+00   8.40175e-01  -3.39050e-03   2.10196e-04
   6  p5           9.81005e-01   7.17156e-03   2.71374e-05   7.57921e-02
   7  p6          -5.29619e-09   1.78261e-02  -6.00903e-04** at limit **
   8  p7           1.66916e-02   1.92864e-03  -2.02158e-04  -3.31344e-03
                               ERR DEF= 0.5
 FCN=100.071 FROM MIGRAD    STATUS=CONVERGED     734 CALLS         735 TOTAL
                     EDM=6.56011e-09    STRATEGY= 1      ERROR MATRIX ACCURATE 
  EXT PARAMETER                                   STEP         FIRST   
  NO.   NAME      VALUE            ERROR          SIZE      DERIVATIVE 
   1  p0           4.14884e+01   2.76645e+00   1.03815e-03  -2.63786e-04
   2  p1           9.95262e-01   4.94469e-04   1.67458e-04  -1.29810e-03
   3  p2           8.07765e-03   4.35698e-04   2.57874e-04  -8.06058e-04
   4  p3           1.04048e+01   8.26594e-01   3.23940e-03   4.92657e-05
   5  p4           8.98621e+00   7.78991e-01   2.63284e-03  -3.65429e-05
   6  p5           9.86486e-01   6.54705e-03   2.22418e-05  -7.89104e-03
   7  p6          -1.41281e-11   2.30571e-02   2.10519e-03** at limit **
   8  p7           1.46277e-02   1.70646e-03   2.80170e-04  -1.08487e-03
                               ERR DEF= 0.5
 FCN=100.005 FROM MIGRAD    STATUS=CONVERGED     770 CALLS         771 TOTAL
                     EDM=1.11283e-06    STRATEGY= 1      ERROR MATRIX ACCURATE 
  EXT PARAMETER                                   STEP         FIRST   
  NO.   NAME      VALUE            ERROR          SIZE      DERIVATIVE 
   1  p0           4.35724e+01   2.75898e+00   1.02516e-03   2.50696e-03
   2  p1           9.93462e-01   4.98158e-04   1.64874e-04  -1.41457e-02
   3  p2           8.10015e-03   4.38151e-04   2.46880e-04   7.11919e-03
   4  p3           9.71371e+00   7.79274e-01   3.06730e-03  -1.25369e-03
   5  p4           8.76795e+00   8.58816e-01   2.71614e-03   1.64851e-03
   6  p5           9.77761e-01   7.66292e-03   2.43486e-05   1.78875e-01
   7  p6          -1.12959e-08   3.92500e-02   2.76982e-03** at limit **
   8  p7           1.64153e-02   1.94718e-03   2.89598e-04   2.06185e-03
                               ERR DEF= 0.5
 FCN=109.984 FROM MIGRAD    STATUS=CONVERGED     694 CALLS         695 TOTAL
                     EDM=3.20243e-09    STRATEGY= 1  ERROR MATRIX UNCERTAINTY   1.5 per cent
  EXT PARAMETER                                   STEP         FIRST   
  NO.   NAME      VALUE            ERROR          SIZE      DERIVATIVE 
   1  p0           4.12243e+01   2.71019e+00  -6.31554e-05  -4.04472e-05
   2  p1           9.93762e-01   5.52094e-04  -1.19082e-05  -6.87751e-04
   3  p2           8.45850e-03   5.10085e-04   3.96881e-05   1.02523e-04
   4  p3           1.02650e+01   8.91538e-01  -4.13661e-04  -2.62528e-06
   5  p4           9.46390e+00   7.93312e-01  -6.47273e-04   8.59671e-06
   6  p5           9.88318e-01   6.34860e-03   2.53073e-06   1.56939e-02
   7  p6          -4.90719e-14   1.98541e-02   1.74281e-04** at limit **
   8  p7           1.56382e-02   1.81472e-03   1.68450e-05   1.56479e-03
                               ERR DEF= 0.5
 FCN=110.639 FROM MIGRAD    STATUS=CONVERGED     985 CALLS         986 TOTAL
                     EDM=2.36566e-08    STRATEGY= 1  ERROR MATRIX UNCERTAINTY   1.9 per cent
  EXT PARAMETER                                   STEP         FIRST   
  NO.   NAME      VALUE            ERROR          SIZE      DERIVATIVE 
   1  p0           5.03909e+01   3.06732e+00   1.83014e-04   1.16734e-04
   2  p1           9.93597e-01   4.91543e-04   2.65413e-05   7.37353e-04
   3  p2           8.06639e-03   4.37710e-04  -8.44477e-05  -1.87224e-03
   4  p3           1.18125e+01   1.01168e+00   1.36291e-03  -4.12184e-05
   5  p4           1.06449e+01   8.11389e-01   6.59690e-04   8.31591e-05
   6  p5           9.89121e-01   5.11667e-03  -4.43596e-06  -8.81350e-03
   7  p6          -1.91666e-10   7.73386e-03   2.59953e-04** at limit **
   8  p7           1.48255e-02   1.51354e-03  -9.28471e-06   1.01837e-03
                               ERR DEF= 0.5
 FCN=138.115 FROM MIGRAD    STATUS=CONVERGED    1069 CALLS        1070 TOTAL
                     EDM=6.89944e-09    STRATEGY= 1  ERROR MATRIX UNCERTAINTY   1.7 per cent
  EXT PARAMETER                                   STEP         FIRST   
  NO.   NAME      VALUE            ERROR          SIZE      DERIVATIVE 
   1  p0           5.83188e+01   3.30289e+00   6.85564e-06  -3.89890e-05
   2  p1           9.92298e-01   4.69456e-04  -2.73213e-05  -9.81077e-04
   3  p2           7.81699e-03   3.97045e-04   3.01306e-05   5.02830e-04
   4  p3           1.34435e+01   1.03835e+00  -5.12204e-04  -6.61761e-05
   5  p4           1.07364e+01   7.30638e-01  -1.06067e-04   2.71250e-05
   6  p5           9.84284e-01   4.27010e-03  -2.29292e-06   2.28760e-02
   7  p6          -7.33413e-13   4.09251e-03  -3.27915e-05** at limit **
   8  p7           1.40091e-02   1.27779e-03   5.43500e-05  -5.51735e-04
                               ERR DEF= 0.5
 FCN=118.221 FROM MIGRAD    STATUS=CONVERGED     993 CALLS         994 TOTAL
                     EDM=5.54208e-09    STRATEGY= 1  ERROR MATRIX UNCERTAINTY   2.5 per cent
  EXT PARAMETER                                   STEP         FIRST   
  NO.   NAME      VALUE            ERROR          SIZE      DERIVATIVE 
   1  p0           5.61146e+01   3.15654e+00   1.30252e-05   4.26807e-06
   2  p1           9.91926e-01   5.02726e-04  -1.32954e-05   2.84614e-04
   3  p2           8.31776e-03   4.22118e-04   1.78870e-05  -3.58508e-04
   4  p3           1.30257e+01   1.09865e+00  -8.53424e-04  -2.76858e-05
   5  p4           1.01424e+01   7.49747e-01  -5.83298e-04   2.83032e-05
   6  p5           9.87445e-01   5.04111e-03   3.24370e-06   1.59361e-02
   7  p6          -1.80455e-11   6.22238e-03   5.19781e-05** at limit **
   8  p7           1.40594e-02   1.49191e-03  -3.46656e-06   1.86544e-03
                               ERR DEF= 0.5
 FCN=128.674 FROM MIGRAD    STATUS=CONVERGED     957 CALLS         958 TOTAL
                     EDM=6.28e-08    STRATEGY= 1  ERROR MATRIX UNCERTAINTY   3.1 per cent
  EXT PARAMETER                                   STEP         FIRST   
  NO.   NAME      VALUE            ERROR          SIZE      DERIVATIVE 
   1  p0           6.53224e+01   3.43639e+00   9.26986e-05   9.78868e-05
   2  p1           9.91021e-01   5.07590e-04   1.25631e-05   6.82454e-03
   3  p2           8.39088e-03   4.20518e-04  -7.54363e-05   4.22273e-03
   4  p3           1.64316e+01   1.38940e+00   7.86280e-04   4.03683e-05
   5  p4           1.13080e+01   7.12571e-01   1.18028e-03   5.82130e-05
   6  p5           9.89861e-01   3.73225e-03  -1.22568e-06   1.06720e-02
   7  p6          -1.87281e-11   2.48456e-03   2.25002e-04** at limit **
   8  p7           1.11991e-02   1.12935e-03   5.31825e-05   6.13968e-03
                               ERR DEF= 0.5

****************************************
Minimizer is Linear
Chi2                      =      31.4901
NDf                       =           14
p0                        =      1.00722   +/-   0.000575264 
p1                        = -6.61857e-06   +/-   3.14401e-07 
Calculation of survival fraction for 2104
 FCN=133.524 FROM MIGRAD    STATUS=CONVERGED     102 CALLS         103 TOTAL
                     EDM=1.36189e-07    STRATEGY= 1      ERROR MATRIX ACCURATE 
  EXT PARAMETER                                   STEP         FIRST   
  NO.   NAME      VALUE            ERROR          SIZE      DERIVATIVE 
   1  p0           4.23426e+01   2.80005e+00   1.74414e-02   1.08596e-04
   2  p1           2.10361e+03   8.71985e-02   1.00308e-03   2.15103e-03
   3  p2           1.43157e+00   8.40019e-02   4.33897e-05   5.20172e-02
   4  p3           7.80927e+00   1.74847e-01   1.36374e-03   9.71560e-04
                               ERR DEF= 0.5
Area_tot = 880
Area_tot_psa = 206
Area = 478
Area_psa = 36
 FCN=146.124 FROM MIGRAD    STATUS=CONVERGED     127 CALLS         128 TOTAL
                     EDM=8.27201e-08    STRATEGY= 1      ERROR MATRIX ACCURATE 
  EXT PARAMETER                                   STEP         FIRST   
  NO.   NAME      VALUE            ERROR          SIZE      DERIVATIVE 
   1  p0           4.71582e+00   1.33639e+00   8.75871e-03  -1.70199e-05
   2  p1           2.10327e+03   3.42098e-01   2.69569e-03  -5.71687e-04
   3  p2           1.14092e+00   3.45731e-01   2.01991e-04  -5.29107e-03
   4  p3           3.23501e+00   1.14442e-01   9.31642e-04  -1.17606e-04
                               ERR DEF= 0.5
Calculation of survival fraction for 2614.5
 FCN=122.656 FROM MIGRAD    STATUS=CONVERGED     276 CALLS         277 TOTAL
                     EDM=1.8331e-08    STRATEGY= 1      ERROR MATRIX ACCURATE 
  EXT PARAMETER                                   STEP         FIRST   
  NO.   NAME      VALUE            ERROR          SIZE      DERIVATIVE 
   1  p0           3.44553e+02   7.23447e+00   4.48305e-02   2.01542e-06
   2  p1           2.61465e+03   2.08025e-02   1.24676e-03  -5.35068e-04
   3  p2           1.21145e+00   1.53088e-02   8.65437e-06   2.89416e-03
   4  p3           1.24327e-01   3.25430e-02   2.48912e-04   4.12570e-03
                               ERR DEF= 0.5
Area_tot = 3517
Area_tot_psa = 513
Area = 3484
Area_psa = 510
 FCN=142.301 FROM MIGRAD    STATUS=CONVERGED     152 CALLS         153 TOTAL
                     EDM=1.00241e-08    STRATEGY= 1      ERROR MATRIX ACCURATE 
  EXT PARAMETER                                   STEP         FIRST   
  NO.   NAME      VALUE            ERROR          SIZE      DERIVATIVE 
   1  p0           5.03517e+01   2.79423e+00   1.87881e-02  -3.90092e-05
   2  p1           2.61481e+03   5.44424e-02   1.24684e-03  -5.45627e-04
   3  p2           1.18618e+00   3.92591e-02   2.43402e-05  -2.10284e-02
   4  p3           4.10095e-03   4.09442e-03   3.39932e-05  -9.00886e-03
                               ERR DEF= 0.5
Calculation of survival fraction background at 2039
Area = 1770
Area_psa = 771
Calculation of survival fraction background at 2380
Area = 685
Area_psa = 264
