
[1mRooFit v3.60 -- Developed by Wouter Verkerke and David Kirkby[0m 
                Copyright (C) 2000-2013 NIKHEF, University of California & Stanford University
                All rights reserved, please read http://roofit.sourceforge.net/license.txt

Using file /nfs/gerda6/users/burlac/psd/analysis/run0098-cal_dplms_100.tier.root
Analizing channel 7
DPLMS analysis with weight 100
Total events = 17201607
event n.1000000
event n.2000000
event n.3000000
event n.4000000
event n.5000000
event n.6000000
event n.7000000
event n.8000000
event n.9000000
event n.10000000
event n.11000000
event n.12000000
event n.13000000
event n.14000000
event n.15000000
event n.16000000
event n.17000000
Selected events: 97398
The time to read waveforms: 38.54 s
Initialization of DEP&FEP background  = 14
 FCN=127.659 FROM MIGRAD    STATUS=CONVERGED     165 CALLS         166 TOTAL
                     EDM=3.59339e-07    STRATEGY= 1  ERROR MATRIX UNCERTAINTY   4.7 per cent
  EXT PARAMETER                                   STEP         FIRST   
  NO.   NAME      VALUE            ERROR          SIZE      DERIVATIVE 
   1  p0           1.18593e+02   4.85612e+00   9.27458e-03  -1.30640e-04
   2  p1           1.59239e+03   4.45064e-02  -3.29341e-05   1.92108e-04
   3  p2           1.17676e+00   4.10145e-02  -3.15559e-06   3.47153e-03
   4  p3           4.65981e+01   3.33193e+00  -6.07322e-03   1.19204e-04
   5  p4           1.62054e+03   8.07111e-02  -2.91443e-05   2.77460e-03
   6  p5           1.14844e+00   6.89007e-02   1.64236e-05   6.85660e-02
   7  p6           1.19959e+01   2.59949e-01   7.56349e-04   1.19327e-03
                               ERR DEF= 0.5
mean_aoe = 0.0825
AoE: max = 1.59895 max = 0.0713166
 FCN=4.16298 FROM MIGRAD    STATUS=CONVERGED     343 CALLS         344 TOTAL
                     EDM=5.85819e-09    STRATEGY= 1  ERROR MATRIX UNCERTAINTY   4.3 per cent
  EXT PARAMETER                                   STEP         FIRST   
  NO.   NAME      VALUE            ERROR          SIZE      DERIVATIVE 
   1  p0           8.15692e-01   3.03028e-01  -7.19147e-04   6.33507e-05
   2  p1           9.98476e-01   2.29626e-03  -7.51237e-07  -4.07912e-02
   3  p2           7.70507e-03   1.89218e-03   2.88166e-05  -3.77431e-04
   4  p3           5.49638e-03   3.53602e-03   1.93803e-06   5.38536e-01
   5  p4           3.98142e-03   2.55948e-03   1.40241e-06  -7.23812e-01
                               ERR DEF= 0.5
AoE_lowCut = 0.983066
 FCN=122.134 FROM MIGRAD    STATUS=CONVERGED     210 CALLS         211 TOTAL
                     EDM=3.21059e-09    STRATEGY= 1      ERROR MATRIX ACCURATE 
  EXT PARAMETER                                   STEP         FIRST   
  NO.   NAME      VALUE            ERROR          SIZE      DERIVATIVE 
   1  p0           1.04615e+02   4.42735e+00   2.63501e-02  -5.85355e-06
   2  p1           1.59241e+03   4.35365e-02   7.59319e-04   2.03280e-04
   3  p2           1.19023e+00   3.96194e-02   2.13788e-05  -1.56851e-03
   4  p3           8.87487e+00   1.72088e+00   1.03487e-02  -1.25069e-05
   5  p4           1.61995e+03   2.71147e-01   1.95394e-03   8.78734e-06
   6  p5           1.30890e+00   2.64697e-01   1.31933e-04  -2.68384e-03
   7  p6           6.19533e+00   1.94116e-01   1.39013e-03  -2.08999e-05
                               ERR DEF= 0.5
AreaDEP_tot = 1666
Area_DEP_tot_psa = 1318
AreaDEP = 1232
Area_DEP_psa = 1085
Area_FEP_tot = 910
Area_FEP_tot_psa = 354
Area_FEP = 423
Area_FEP_psa = 81
Calculation of AoE vs E correction
 FCN=112.084 FROM MIGRAD    STATUS=CONVERGED     844 CALLS         845 TOTAL
                     EDM=2.09828e-07    STRATEGY= 1  ERROR MATRIX UNCERTAINTY   2.6 per cent
  EXT PARAMETER                                   STEP         FIRST   
  NO.   NAME      VALUE            ERROR          SIZE      DERIVATIVE 
   1  p0           7.01528e+01   3.03037e+00   9.27533e-05   2.22446e-05
   2  p1           9.99025e-01   4.71550e-04  -1.00408e-05  -7.00601e-04
   3  p2           1.16144e-02   4.28069e-04   1.36215e-05   2.61602e-03
   4  p3           1.19002e+01   8.51608e-01  -1.43391e-04   2.03981e-04
   5  p4           4.28742e+00   4.80615e-01  -1.06736e-03   1.16444e-04
   6  p5           1.00119e+00   6.29323e-03   1.16732e-05   4.42343e-02
   7  p6          -1.70537e-08   6.52053e-02   5.05075e-04** at limit **
   8  p7           1.85224e-02   2.13153e-03  -4.97044e-05  -1.63522e-03
                               ERR DEF= 0.5
 FCN=105.366 FROM MIGRAD    STATUS=CONVERGED    1017 CALLS        1018 TOTAL
                     EDM=5.90982e-08    STRATEGY= 1  ERROR MATRIX UNCERTAINTY   2.9 per cent
  EXT PARAMETER                                   STEP         FIRST   
  NO.   NAME      VALUE            ERROR          SIZE      DERIVATIVE 
   1  p0           7.07386e+01   3.02623e+00  -5.94180e-05  -9.60061e-04
   2  p1           9.98881e-01   4.14864e-04  -2.21383e-05  -1.50797e-03
   3  p2           1.04766e-02   3.63037e-04  -1.54112e-06  -1.52699e-03
   4  p3           1.06854e+01   7.48160e-01   5.05464e-04  -1.19150e-04
   5  p4           4.81230e+00   5.53642e-01  -3.61200e-04   2.14190e-04
   6  p5           9.91877e-01   7.44654e-03  -4.82753e-07   1.04500e-02
   7  p6          -1.10701e-08   1.36499e-01   2.89669e-04** at limit **
   8  p7           2.01055e-02   2.35729e-03   5.83149e-05   2.51268e-03
                               ERR DEF= 0.5
 FCN=112.568 FROM MIGRAD    STATUS=CONVERGED     232 CALLS         233 TOTAL
                     EDM=1.12117e-07    STRATEGY= 1  ERROR MATRIX UNCERTAINTY   2.1 per cent
  EXT PARAMETER                                   STEP         FIRST   
  NO.   NAME      VALUE            ERROR          SIZE      DERIVATIVE 
   1  p0           7.47330e+01   3.41405e+00  -7.78367e-05   8.95973e-04
   2  p1           9.99104e-01   3.74715e-04   2.79800e-06   1.30968e-03
   3  p2           9.58542e-03   3.26598e-04   1.28495e-05   2.70136e-03
   4  p3           3.68539e+01   1.38519e+00   8.90700e-04  -3.83386e-04
   5  p4           7.27814e-01   5.92349e-02   2.05360e-05   1.14884e-02
   6  p5           9.99856e-01   7.13377e-03   5.12888e-06   3.39445e-02
   7  p6          -7.62074e-01   8.61513e-03   1.09412e-06  -4.86625e-03
   8  p7           1.65313e-02   2.38361e-03  -4.58503e-05   6.01550e-04
                               ERR DEF= 0.5
 FCN=112.924 FROM MIGRAD    STATUS=CONVERGED     919 CALLS         920 TOTAL
                     EDM=1.51489e-06    STRATEGY= 1      ERROR MATRIX ACCURATE 
  EXT PARAMETER                                   STEP         FIRST   
  NO.   NAME      VALUE            ERROR          SIZE      DERIVATIVE 
   1  p0           7.22761e+01   3.37883e+00   7.79778e-04   3.73507e-03
   2  p1           9.98674e-01   3.83964e-04   1.32734e-04  -2.75086e-02
   3  p2           8.92125e-03   3.28638e-04   1.87461e-04  -6.57459e-03
   4  p3           9.45139e+00   7.75196e-01   2.84400e-03   2.85762e-04
   5  p4           5.75535e+00   6.04449e-01   2.10346e-03   1.23422e-04
   6  p5           9.97491e-01   6.06766e-03   2.52051e-05   1.00732e-01
   7  p6          -4.48010e-08   6.12932e-02   3.59188e-03** at limit **
   8  p7           1.53379e-02   1.92979e-03   3.28313e-04   5.47432e-03
                               ERR DEF= 0.5
 FCN=113.655 FROM MIGRAD    STATUS=CONVERGED     955 CALLS         956 TOTAL
                     EDM=2.45982e-09    STRATEGY= 1  ERROR MATRIX UNCERTAINTY   0.3 per cent
  EXT PARAMETER                                   STEP         FIRST   
  NO.   NAME      VALUE            ERROR          SIZE      DERIVATIVE 
   1  p0           8.15491e+01   3.92257e+00  -2.38446e-07   1.32080e-05
   2  p1           9.98356e-01   3.45963e-04  -8.59312e-07  -6.42997e-05
   3  p2           7.75475e-03   3.05493e-04   2.19097e-06   9.71504e-05
   4  p3           1.17588e+01   9.19120e-01  -4.13180e-05   4.98298e-05
   5  p4           7.03988e+00   5.77946e-01  -4.22055e-04  -1.21076e-04
   6  p5           9.99421e-01   4.36130e-03   2.69385e-07  -3.54720e-03
   7  p6          -8.25764e-11   2.68901e-02   2.83042e-04** at limit **
   8  p7           1.16804e-02   1.36778e-03   1.56456e-06   1.16591e-05
                               ERR DEF= 0.5
 FCN=119.102 FROM MIGRAD    STATUS=CONVERGED     823 CALLS         824 TOTAL
                     EDM=5.2054e-07    STRATEGY= 1      ERROR MATRIX ACCURATE 
  EXT PARAMETER                                   STEP         FIRST   
  NO.   NAME      VALUE            ERROR          SIZE      DERIVATIVE 
   1  p0           7.99617e+01   3.82996e+00   8.78139e-04   2.59955e-03
   2  p1           9.98369e-01   3.41343e-04   1.20997e-04  -3.59343e-03
   3  p2           7.64729e-03   2.89077e-04   2.01792e-04   2.23360e-03
   4  p3           1.25428e+01   8.86950e-01   3.60332e-03  -6.57782e-04
   5  p4           7.29172e+00   5.79810e-01   2.20277e-03   7.55967e-04
   6  p5           9.93166e-01   4.53807e-03   2.10669e-05  -9.25431e-02
   7  p6          -8.67202e-11   1.25584e-02   1.70010e-03** at limit **
   8  p7           1.42110e-02   1.38709e-03   2.85154e-04  -1.15549e-02
                               ERR DEF= 0.5
 FCN=123.677 FROM MIGRAD    STATUS=CONVERGED     866 CALLS         867 TOTAL
                     EDM=2.00408e-06    STRATEGY= 1      ERROR MATRIX ACCURATE 
  EXT PARAMETER                                   STEP         FIRST   
  NO.   NAME      VALUE            ERROR          SIZE      DERIVATIVE 
   1  p0           7.93421e+01   3.94976e+00   9.10715e-04  -4.71515e-03
   2  p1           9.97225e-01   3.35148e-04   1.21173e-04  -1.58249e-02
   3  p2           7.17845e-03   2.87958e-04   2.21053e-04  -1.01601e-02
   4  p3           1.23169e+01   8.98993e-01   3.74559e-03   1.73963e-03
   5  p4           7.88362e+00   6.07512e-01   2.39810e-03  -3.36265e-03
   6  p5           9.92864e-01   4.28394e-03   2.06193e-05  -1.34206e-01
   7  p6          -2.61738e-09   1.02712e-02   1.56256e-03** at limit **
   8  p7           1.36943e-02   1.35695e-03   2.91843e-04  -6.01279e-03
                               ERR DEF= 0.5
 FCN=140.645 FROM MIGRAD    STATUS=CONVERGED    1081 CALLS        1082 TOTAL
                     EDM=1.14646e-08    STRATEGY= 1  ERROR MATRIX UNCERTAINTY   2.1 per cent
  EXT PARAMETER                                   STEP         FIRST   
  NO.   NAME      VALUE            ERROR          SIZE      DERIVATIVE 
   1  p0           8.68142e+01   4.49649e+00  -1.19161e-04   7.87987e-04
   2  p1           9.96458e-01   3.16577e-04  -1.30145e-05  -1.68773e-03
   3  p2           6.38713e-03   2.97896e-04   3.09758e-05   1.55360e-03
   4  p3           1.79843e+01   1.13708e+00  -4.14650e-04  -5.02965e-05
   5  p4           9.85817e+00   5.76243e-01  -5.78641e-04   1.78463e-04
   6  p5           9.92837e-01   3.57891e-03   1.76964e-06   5.60436e-02
   7  p6          -4.95159e-14   3.11443e-03   7.29104e-05** at limit **
   8  p7           1.19670e-02   1.05310e-03   4.09755e-06   1.87928e-03
                               ERR DEF= 0.5
 FCN=147.422 FROM MIGRAD    STATUS=CONVERGED     961 CALLS         962 TOTAL
                     EDM=3.9615e-08    STRATEGY= 1  ERROR MATRIX UNCERTAINTY   1.9 per cent
  EXT PARAMETER                                   STEP         FIRST   
  NO.   NAME      VALUE            ERROR          SIZE      DERIVATIVE 
   1  p0           8.99406e+01   4.61467e+00  -1.15477e-04   7.36145e-05
   2  p1           9.96030e-01   3.32318e-04   1.05937e-05   3.04738e-03
   3  p2           6.41345e-03   2.94713e-04   4.76548e-05  -2.46048e-04
   4  p3           2.08762e+01   1.24892e+00  -7.08868e-04  -1.39972e-05
   5  p4           1.03658e+01   5.66209e-01  -6.12275e-04  -1.34557e-05
   6  p5           9.90484e-01   3.22211e-03   3.40631e-07  -8.59062e-02
   7  p6          -3.33067e-16   5.12955e-03  -1.83843e-04** at limit **
   8  p7           1.27622e-02   1.01556e-03   1.08266e-05   4.60638e-04
                               ERR DEF= 0.5
 FCN=115.424 FROM MIGRAD    STATUS=CONVERGED    1004 CALLS        1005 TOTAL
                     EDM=1.39819e-07    STRATEGY= 1      ERROR MATRIX ACCURATE 
  EXT PARAMETER                                   STEP         FIRST   
  NO.   NAME      VALUE            ERROR          SIZE      DERIVATIVE 
   1  p0           9.66778e+01   4.66189e+00   8.98240e-04  -1.24203e-03
   2  p1           9.95767e-01   3.21541e-04   1.04526e-04  -6.46117e-03
   3  p2           6.50579e-03   2.84886e-04   2.25602e-04  -4.35414e-03
   4  p3           2.11615e+01   1.21302e+00   5.06113e-03  -3.65180e-04
   5  p4           9.51823e+00   5.33350e-01   2.07251e-03   5.66906e-04
   6  p5           9.88768e-01   3.99531e-03   1.48154e-05  -4.44435e-02
   7  p6          -5.68704e-10   6.94589e-02   3.95669e-03** at limit **
   8  p7           1.13381e-02   1.13703e-03   2.35264e-04  -7.43988e-03
                               ERR DEF= 0.5
 FCN=113.076 FROM MIGRAD    STATUS=CONVERGED    1084 CALLS        1085 TOTAL
                     EDM=5.47636e-07    STRATEGY= 1      ERROR MATRIX ACCURATE 
  EXT PARAMETER                                   STEP         FIRST   
  NO.   NAME      VALUE            ERROR          SIZE      DERIVATIVE 
   1  p0           1.02566e+02   4.86808e+00   8.93372e-04   9.39591e-04
   2  p1           9.95601e-01   2.91419e-04   9.72519e-05   6.94714e-03
   3  p2           6.20278e-03   2.58864e-04   2.33807e-04   8.66855e-04
   4  p3           2.05783e+01   1.18031e+00   5.05816e-03   1.37630e-04
   5  p4           1.02167e+01   5.85988e-01   2.22226e-03   2.01245e-04
   6  p5           9.86038e-01   4.07047e-03   1.50620e-05   2.69453e-01
   7  p6          -2.31403e-10   1.83705e-02   1.99347e-03** at limit **
   8  p7           1.30108e-02   1.16470e-03   2.15581e-04   1.73572e-02
                               ERR DEF= 0.5
 FCN=114.99 FROM MIGRAD    STATUS=CONVERGED    1113 CALLS        1114 TOTAL
                     EDM=1.64923e-08    STRATEGY= 1  ERROR MATRIX UNCERTAINTY   1.5 per cent
  EXT PARAMETER                                   STEP         FIRST   
  NO.   NAME      VALUE            ERROR          SIZE      DERIVATIVE 
   1  p0           1.07145e+02   5.22570e+00   8.52907e-05   5.57926e-05
   2  p1           9.95693e-01   2.78754e-04   1.66594e-05   1.63195e-03
   3  p2           5.73628e-03   2.63009e-04   6.69988e-06   2.15928e-03
   4  p3           1.71504e+01   1.09919e+00   3.65014e-04   5.24254e-05
   5  p4           8.99633e+00   5.38190e-01  -1.61682e-04  -4.44950e-05
   6  p5           9.95890e-01   3.06985e-03  -2.59428e-06  -1.12843e-02
   7  p6          -4.34246e-10   2.94884e-02   2.54140e-04** at limit **
   8  p7           9.95932e-03   1.02191e-03   3.28328e-05  -3.00566e-04
                               ERR DEF= 0.5
 FCN=133.195 FROM MIGRAD    STATUS=CONVERGED     972 CALLS         973 TOTAL
                     EDM=3.79243e-07    STRATEGY= 1  ERROR MATRIX UNCERTAINTY   2.5 per cent
  EXT PARAMETER                                   STEP         FIRST   
  NO.   NAME      VALUE            ERROR          SIZE      DERIVATIVE 
   1  p0           1.16081e+02   4.94001e+00  -3.33266e-04   2.03819e-03
   2  p1           9.94297e-01   2.84824e-04  -1.94304e-05   1.02488e-02
   3  p2           6.48843e-03   2.41512e-04   1.01342e-04   2.71870e-04
   4  p3           2.00517e+01   1.23410e+00   3.34708e-03  -4.16400e-04
   5  p4           9.71219e+00   5.43721e-01   4.30613e-04  -2.64367e-04
   6  p5           9.88913e-01   3.02717e-03  -1.40526e-05  -6.65266e-02
   7  p6          -3.04718e-10   7.03992e-03   8.86307e-05** at limit **
   8  p7           1.09069e-02   9.61106e-04   1.44048e-04  -1.50120e-02
                               ERR DEF= 0.5
 FCN=116.921 FROM MIGRAD    STATUS=CONVERGED     920 CALLS         921 TOTAL
                     EDM=1.0275e-07    STRATEGY= 1  ERROR MATRIX UNCERTAINTY   1.4 per cent
  EXT PARAMETER                                   STEP         FIRST   
  NO.   NAME      VALUE            ERROR          SIZE      DERIVATIVE 
   1  p0           1.28048e+02   5.06216e+00   5.00925e-05   1.35867e-03
   2  p1           9.93714e-01   2.67777e-04   1.12535e-05  -2.40684e-03
   3  p2           6.52734e-03   2.26189e-04  -9.97180e-06   2.90831e-03
   4  p3           2.36127e+01   1.30363e+00   9.71631e-04  -1.59182e-04
   5  p4           9.94348e+00   5.12071e-01  -3.24318e-04   1.17833e-03
   6  p5           9.88792e-01   3.13589e-03   4.78347e-06   1.61486e-01
   7  p6          -4.92373e-12   5.20987e-03  -4.62084e-04** at limit **
   8  p7           1.27763e-02   9.71781e-04  -4.06132e-05   8.80848e-03
                               ERR DEF= 0.5
 FCN=148.039 FROM MIGRAD    STATUS=CONVERGED     952 CALLS         953 TOTAL
                     EDM=1.20968e-07    STRATEGY= 1  ERROR MATRIX UNCERTAINTY   2.0 per cent
  EXT PARAMETER                                   STEP         FIRST   
  NO.   NAME      VALUE            ERROR          SIZE      DERIVATIVE 
   1  p0           1.49385e+02   5.73347e+00   9.69879e-05   1.09151e-03
   2  p1           9.93829e-01   2.57462e-04  -1.70512e-06   2.24811e-03
   3  p2           6.36985e-03   2.24798e-04  -7.32522e-08   7.64423e-03
   4  p3           2.64176e+01   1.43414e+00  -6.15885e-04  -3.27458e-04
   5  p4           9.75243e+00   4.84816e-01  -5.14343e-04   1.69495e-03
   6  p5           9.90827e-01   2.69295e-03   3.34195e-06   1.74354e-01
   7  p6          -2.31426e-12   3.41162e-03  -1.89994e-04** at limit **
   8  p7           1.19771e-02   8.73185e-04  -3.79393e-05  -8.72179e-04
                               ERR DEF= 0.5
 FCN=192.544 FROM MIGRAD    STATUS=CONVERGED    1050 CALLS        1051 TOTAL
                     EDM=6.71344e-07    STRATEGY= 1  ERROR MATRIX UNCERTAINTY   2.5 per cent
  EXT PARAMETER                                   STEP         FIRST   
  NO.   NAME      VALUE            ERROR          SIZE      DERIVATIVE 
   1  p0           1.80400e+02   6.44529e+00  -3.72525e-04  -8.70441e-03
   2  p1           9.93446e-01   2.39015e-04  -2.13656e-05  -9.29125e-04
   3  p2           6.23848e-03   2.02408e-04   1.25049e-04  -3.00425e-02
   4  p3           3.61452e+01   1.75296e+00   5.80850e-03  -1.05414e-03
   5  p4           1.18886e+01   4.72224e-01   2.12819e-03   2.54014e-03
   6  p5           9.88960e-01   2.20060e-03  -3.61972e-06  -1.04887e-01
   7  p6          -1.74758e-11   1.74549e-03  -3.26160e-04** at limit **
   8  p7           1.06191e-02   6.73125e-04  -2.88417e-05  -1.63621e-02
                               ERR DEF= 0.5

****************************************
Minimizer is Linear
Chi2                      =      20.9755
NDf                       =           14
p0                        =       1.0041   +/-   0.000345884 
p1                        = -4.44719e-06   +/-   1.82823e-07 
Calculation of survival fraction for 2104
 FCN=160.206 FROM MIGRAD    STATUS=CONVERGED     103 CALLS         104 TOTAL
                     EDM=2.02074e-07    STRATEGY= 1      ERROR MATRIX ACCURATE 
  EXT PARAMETER                                   STEP         FIRST   
  NO.   NAME      VALUE            ERROR          SIZE      DERIVATIVE 
   1  p0           9.27921e+01   3.92278e+00   2.71649e-02   3.75368e-05
   2  p1           2.10341e+03   5.74833e-02   1.00298e-03   3.30174e-03
   3  p2           1.48115e+00   5.18418e-02   2.92785e-05   8.26167e-02
   4  p3           1.41573e+01   2.32582e-01   1.99262e-03   1.54099e-03
                               ERR DEF= 0.5
Area_tot = 1815
Area_tot_psa = 462
Area = 1145
Area_psa = 114
 FCN=146.23 FROM MIGRAD    STATUS=CONVERGED      89 CALLS          90 TOTAL
                     EDM=1.19015e-06    STRATEGY= 1      ERROR MATRIX ACCURATE 
  EXT PARAMETER                                   STEP         FIRST   
  NO.   NAME      VALUE            ERROR          SIZE      DERIVATIVE 
   1  p0           1.24313e+01   1.89751e+00   1.23635e-02   3.07696e-05
   2  p1           2.10322e+03   2.01849e-01   1.64786e-03  -5.22324e-03
   3  p2           1.31813e+00   1.99936e-01   1.11665e-04   4.29222e-03
   4  p3           6.82868e+00   1.62866e-01   1.32268e-03   1.94482e-03
                               ERR DEF= 0.5
Calculation of survival fraction for 2614.5
 FCN=190.763 FROM MIGRAD    STATUS=CONVERGED     192 CALLS         193 TOTAL
                     EDM=5.04847e-08    STRATEGY= 1  ERROR MATRIX UNCERTAINTY   3.2 per cent
  EXT PARAMETER                                   STEP         FIRST   
  NO.   NAME      VALUE            ERROR          SIZE      DERIVATIVE 
   1  p0           7.00343e+02   9.52426e+00  -3.55482e-02  -1.51479e-05
   2  p1           2.61466e+03   1.55543e-02  -6.22396e-05   1.56114e-02
   3  p2           1.41734e+00   1.14761e-02   5.52728e-07  -1.74902e-01
   4  p3           5.56215e-01   6.46199e-02  -3.61241e-04  -1.55155e-03
                               ERR DEF= 0.5
Area_tot = 8352
Area_tot_psa = 1521
Area = 8287
Area_psa = 1512
 FCN=142.098 FROM MIGRAD    STATUS=CONVERGED     212 CALLS         213 TOTAL
                     EDM=4.9752e-08    STRATEGY= 1      ERROR MATRIX ACCURATE 
  EXT PARAMETER                                   STEP         FIRST   
  NO.   NAME      VALUE            ERROR          SIZE      DERIVATIVE 
   1  p0           1.28405e+02   4.09640e+00   2.74572e-02  -4.71251e-06
   2  p1           2.61479e+03   3.67480e-02   1.24683e-03   3.14643e-03
   3  p2           1.39964e+00   2.66263e-02   1.51738e-05   1.02375e-02
   4  p3           1.29205e-02   7.45174e-03   6.13926e-05   2.52513e-02
                               ERR DEF= 0.5
Calculation of survival fraction background at 2039
Area = 3190
Area_psa = 1603
