
[1mRooFit v3.60 -- Developed by Wouter Verkerke and David Kirkby[0m 
                Copyright (C) 2000-2013 NIKHEF, University of California & Stanford University
                All rights reserved, please read http://roofit.sourceforge.net/license.txt

Using file /nfs/gerda6/users/burlac/psd/analysis/run0098-cal_dplms_100.tier.root
Analizing channel 4
DPLMS analysis with weight 100
Total events = 17201607
event n.1000000
event n.2000000
event n.3000000
event n.4000000
event n.5000000
event n.6000000
event n.7000000
event n.8000000
event n.9000000
event n.10000000
event n.11000000
event n.12000000
event n.13000000
event n.14000000
event n.15000000
event n.16000000
event n.17000000
Selected events: 110317
The time to read waveforms: 33.19 s
Initialization of DEP&FEP background  = 13.5
 FCN=128.599 FROM MIGRAD    STATUS=CONVERGED     218 CALLS         219 TOTAL
                     EDM=3.05656e-08    STRATEGY= 1      ERROR MATRIX ACCURATE 
  EXT PARAMETER                                   STEP         FIRST   
  NO.   NAME      VALUE            ERROR          SIZE      DERIVATIVE 
   1  p0           1.11037e+02   4.70085e+00   2.91289e-02   2.65100e-05
   2  p1           1.59262e+03   4.53500e-02   7.59422e-04   1.24123e-04
   3  p2           1.18604e+00   4.07822e-02   2.29793e-05  -2.28536e-03
   4  p3           5.13234e+01   3.48618e+00   2.17445e-02  -3.58671e-06
   5  p4           1.62085e+03   7.61256e-02   7.72881e-04  -6.51759e-04
   6  p5           1.17725e+00   7.03509e-02   4.00861e-05  -6.44581e-03
   7  p6           1.33191e+01   2.73352e-01   2.03988e-03   3.38990e-04
                               ERR DEF= 0.5
mean_aoe = 0.0725
AoE: max = 1.63702 max = 0.0765847
 FCN=1.08583 FROM MIGRAD    STATUS=CONVERGED     353 CALLS         354 TOTAL
                     EDM=2.65135e-08    STRATEGY= 1  ERROR MATRIX UNCERTAINTY   2.6 per cent
  EXT PARAMETER                                   STEP         FIRST   
  NO.   NAME      VALUE            ERROR          SIZE      DERIVATIVE 
   1  p0           1.05966e+00   5.78541e-01  -3.31780e-03   1.44310e-04
   2  p1           1.00111e+00   3.25601e-03  -9.71230e-06   5.67631e-02
   3  p2           7.21600e-03   2.39540e-03   1.24007e-04   2.45059e-03
   4  p3           4.18509e-03   5.23869e-03   2.76337e-05   4.63462e-03
   5  p4           2.70283e-03   3.37914e-03   1.78220e-05   2.95823e-02
                               ERR DEF= 0.5
Analysis with a fixed bin for LowCut
Total integral = 1093
AoE_lowCut = 1984 -> 0.99175
CutIntegral = 982
SF_dep = 0.898445
sigma_aoe = 0.007216
 FCN=115.672 FROM MIGRAD    STATUS=CONVERGED     189 CALLS         190 TOTAL
                     EDM=1.63444e-08    STRATEGY= 1      ERROR MATRIX ACCURATE 
  EXT PARAMETER                                   STEP         FIRST   
  NO.   NAME      VALUE            ERROR          SIZE      DERIVATIVE 
   1  p0           9.43408e+01   4.10937e+00   2.41388e-02   1.00863e-05
   2  p1           1.59263e+03   4.60138e-02   7.59428e-04  -1.49199e-03
   3  p2           1.21324e+00   3.99541e-02   2.11398e-05   1.33558e-02
   4  p3           7.49673e+00   1.56848e+00   9.65669e-03   1.15393e-05
   5  p4           1.62125e+03   2.81400e-01   2.07438e-03   2.63779e-04
   6  p5           1.26549e+00   2.39995e-01   1.30324e-04   1.84567e-03
   7  p6           5.67527e+00   1.83471e-01   1.29512e-03   4.26371e-04
                               ERR DEF= 0.5
AreaDEP_tot = 1629
Area_DEP_tot_psa = 1199
AreaDEP = 1055
Area_DEP_psa = 938
Area_FEP_tot = 1009
Area_FEP_tot_psa = 311
Area_FEP = 483
Area_FEP_psa = 66
Calculation of AoE vs E correction
 FCN=112.363 FROM MIGRAD    STATUS=CONVERGED     929 CALLS         930 TOTAL
                     EDM=7.24441e-07    STRATEGY= 1  ERROR MATRIX UNCERTAINTY   2.6 per cent
  EXT PARAMETER                                   STEP         FIRST   
  NO.   NAME      VALUE            ERROR          SIZE      DERIVATIVE 
   1  p0           7.10013e+01   3.01495e+00   2.18398e-04   3.27988e-03
   2  p1           1.00200e+00   5.00329e-04  -4.31022e-05  -6.96605e-05
   3  p2           1.28959e-02   4.46295e-04  -3.17124e-05   7.04958e-03
   4  p3           1.41843e+01   1.00947e+00   1.69947e-03  -3.21686e-04
   5  p4           4.12338e+00   4.38344e-01  -5.59540e-04   2.04125e-03
   6  p5           1.00439e+00   6.76633e-03   3.94876e-06   1.50985e-01
   7  p6          -8.50857e-08   8.68740e-02   5.60442e-04** at limit **
   8  p7           1.50716e-02   1.93034e-03   1.21177e-04   1.18617e-02
                               ERR DEF= 0.5
 FCN=93.7814 FROM MIGRAD    STATUS=CONVERGED    1046 CALLS        1047 TOTAL
                     EDM=2.77239e-08    STRATEGY= 1      ERROR MATRIX ACCURATE 
  EXT PARAMETER                                   STEP         FIRST   
  NO.   NAME      VALUE            ERROR          SIZE      DERIVATIVE 
   1  p0           7.52274e+01   3.21529e+00   6.25598e-04  -7.85629e-04
   2  p1           1.00262e+00   4.31941e-04   1.34032e-04   3.86332e-06
   3  p2           1.11544e-02   3.73302e-04   1.57839e-04   1.19327e-04
   4  p3           1.16794e+01   8.45463e-01   2.68757e-03  -1.38151e-04
   5  p4           4.48224e+00   4.99988e-01   1.50279e-03   3.63799e-04
   6  p5           1.00034e+00   7.74598e-03   2.42044e-05  -1.82594e-03
   7  p6          -3.55566e-10   1.03880e-01   4.41199e-03** at limit **
   8  p7           1.52151e-02   2.15430e-03   2.97900e-04  -1.57585e-03
                               ERR DEF= 0.5
 FCN=95.2334 FROM MIGRAD    STATUS=CONVERGED     895 CALLS         896 TOTAL
                     EDM=8.11324e-08    STRATEGY= 1  ERROR MATRIX UNCERTAINTY   4.0 per cent
  EXT PARAMETER                                   STEP         FIRST   
  NO.   NAME      VALUE            ERROR          SIZE      DERIVATIVE 
   1  p0           8.24340e+01   3.51789e+00  -3.84800e-06   9.21752e-04
   2  p1           1.00222e+00   3.78815e-04  -1.47037e-05   3.89861e-03
   3  p2           9.83593e-03   3.47906e-04   9.15362e-06   2.97982e-05
   4  p3           1.23263e+01   8.69462e-01  -8.88949e-04   2.34439e-04
   5  p4           5.37796e+00   5.30406e-01  -1.04760e-03  -3.56156e-04
   6  p5           9.99840e-01   7.32355e-03   3.56574e-06  -4.55288e-03
   7  p6          -3.46515e-09   5.73862e-02   1.71016e-04** at limit **
   8  p7           1.62690e-02   2.15499e-03   1.74290e-06   3.40245e-03
                               ERR DEF= 0.5
 FCN=116.725 FROM MIGRAD    STATUS=CONVERGED     882 CALLS         883 TOTAL
                     EDM=3.22428e-08    STRATEGY= 1      ERROR MATRIX ACCURATE 
  EXT PARAMETER                                   STEP         FIRST   
  NO.   NAME      VALUE            ERROR          SIZE      DERIVATIVE 
   1  p0           8.12753e+01   3.45770e+00   7.29577e-04  -1.50978e-05
   2  p1           1.00131e+00   3.82040e-04   1.31461e-04   1.37033e-04
   3  p2           9.58579e-03   3.25129e-04   1.72664e-04   3.74001e-04
   4  p3           1.10559e+01   8.21626e-01   3.04800e-03   1.15261e-04
   5  p4           5.32241e+00   5.45669e-01   1.89242e-03  -4.10043e-04
   6  p5           9.97509e-01   6.70210e-03   2.56128e-05  -8.45252e-03
   7  p6          -1.06632e-09   7.42019e-02   4.09961e-03** at limit **
   8  p7           1.53232e-02   1.97433e-03   3.22008e-04  -4.09153e-05
                               ERR DEF= 0.5
 FCN=96.5279 FROM MIGRAD    STATUS=CONVERGED     860 CALLS         861 TOTAL
                     EDM=2.82574e-07    STRATEGY= 1      ERROR MATRIX ACCURATE 
  EXT PARAMETER                                   STEP         FIRST   
  NO.   NAME      VALUE            ERROR          SIZE      DERIVATIVE 
   1  p0           8.39198e+01   3.80081e+00   7.20130e-04   2.93892e-04
   2  p1           1.00093e+00   3.78237e-04   1.12710e-04   3.75154e-03
   3  p2           8.52281e-03   3.33254e-04   1.69048e-04   3.06755e-03
   4  p3           1.41450e+01   9.99743e-01   3.45215e-03  -3.65010e-04
   5  p4           7.18213e+00   5.34154e-01   1.83707e-03   2.16965e-04
   6  p5           9.96268e-01   5.10383e-03   1.86608e-05   3.12027e-02
   7  p6          -1.01192e-08   5.28561e-02   3.10598e-03** at limit **
   8  p7           1.20269e-02   1.42307e-03   2.74670e-04  -4.21288e-04
                               ERR DEF= 0.5
 FCN=103.605 FROM MIGRAD    STATUS=CONVERGED     685 CALLS         686 TOTAL
                     EDM=1.59934e-08    STRATEGY= 1  ERROR MATRIX UNCERTAINTY   3.1 per cent
  EXT PARAMETER                                   STEP         FIRST   
  NO.   NAME      VALUE            ERROR          SIZE      DERIVATIVE 
   1  p0           7.87077e+01   3.67948e+00  -1.25480e-04  -5.26561e-04
   2  p1           1.00013e+00   3.64313e-04  -1.17698e-05  -1.95599e-03
   3  p2           8.26158e-03   3.06195e-04   1.49813e-05  -2.93219e-03
   4  p3           1.35941e+01   9.17465e-01  -4.47991e-04  -1.94883e-04
   5  p4           6.51876e+00   5.22942e-01  -8.45199e-04   2.24166e-04
   6  p5           9.95213e-01   4.38820e-03  -1.29027e-07   1.83707e-02
   7  p6          -2.95009e-10   2.86028e-02   2.08712e-04** at limit **
   8  p7           1.41669e-02   1.39817e-03  -4.83692e-06  -5.41142e-05
                               ERR DEF= 0.5
 FCN=106.761 FROM MIGRAD    STATUS=CONVERGED     783 CALLS         784 TOTAL
                     EDM=8.05463e-09    STRATEGY= 1  ERROR MATRIX UNCERTAINTY   1.6 per cent
  EXT PARAMETER                                   STEP         FIRST   
  NO.   NAME      VALUE            ERROR          SIZE      DERIVATIVE 
   1  p0           7.98503e+01   3.98394e+00  -3.43899e-05   2.21970e-04
   2  p1           1.00085e+00   3.53648e-04  -5.58304e-06  -1.33734e-03
   3  p2           7.36395e-03   3.37797e-04   1.06607e-05   9.27202e-04
   4  p3           1.37354e+01   9.48089e-01   2.43204e-04  -1.13330e-04
   5  p4           6.99336e+00   5.19944e-01   2.77958e-04   2.86347e-04
   6  p5           9.98050e-01   5.00372e-03  -1.90464e-06   6.77517e-03
   7  p6          -8.27360e-12   3.00602e-02   4.41716e-04** at limit **
   8  p7           1.15580e-02   1.42795e-03  -3.49568e-06  -1.93836e-03
                               ERR DEF= 0.5
 FCN=103.975 FROM MIGRAD    STATUS=CONVERGED     898 CALLS         899 TOTAL
                     EDM=6.63072e-09    STRATEGY= 1  ERROR MATRIX UNCERTAINTY   2.6 per cent
  EXT PARAMETER                                   STEP         FIRST   
  NO.   NAME      VALUE            ERROR          SIZE      DERIVATIVE 
   1  p0           8.69607e+01   4.04327e+00  -1.90460e-05   2.55854e-05
   2  p1           9.99082e-01   3.49356e-04  -4.72632e-06  -4.43499e-03
   3  p2           7.53812e-03   2.97726e-04  -2.74709e-06   9.53295e-04
   4  p3           1.95777e+01   1.20671e+00  -3.82381e-04   9.54761e-05
   5  p4           1.01334e+01   5.72361e-01   1.13067e-04  -1.05837e-04
   6  p5           9.91647e-01   4.05087e-03   9.47851e-07  -9.74546e-05
   7  p6          -3.82239e-12   4.53732e-03  -1.99344e-04** at limit **
   8  p7           1.22421e-02   1.09664e-03   1.19716e-05  -7.18835e-04
                               ERR DEF= 0.5
 FCN=119.714 FROM MIGRAD    STATUS=CONVERGED     863 CALLS         864 TOTAL
                     EDM=5.31237e-08    STRATEGY= 1  ERROR MATRIX UNCERTAINTY   2.9 per cent
  EXT PARAMETER                                   STEP         FIRST   
  NO.   NAME      VALUE            ERROR          SIZE      DERIVATIVE 
   1  p0           9.44799e+01   4.39531e+00   5.79576e-06  -5.57381e-04
   2  p1           9.98459e-01   3.05869e-04  -6.19151e-06   5.62074e-03
   3  p2           6.94618e-03   2.56912e-04   3.67009e-05  -2.66888e-04
   4  p3           2.27125e+01   1.19941e+00   3.02027e-04  -2.61828e-04
   5  p4           1.00043e+01   5.17751e-01   5.92551e-04   9.95667e-04
   6  p5           9.88009e-01   3.70001e-03  -6.10968e-06   7.83618e-02
   7  p6          -2.37571e-11   5.95756e-03  -2.92087e-04** at limit **
   8  p7           1.30643e-02   1.00481e-03   5.45127e-05   2.40835e-03
                               ERR DEF= 0.5
 FCN=96.7734 FROM MIGRAD    STATUS=CONVERGED     756 CALLS         757 TOTAL
                     EDM=1.72891e-07    STRATEGY= 1  ERROR MATRIX UNCERTAINTY   4.3 per cent
  EXT PARAMETER                                   STEP         FIRST   
  NO.   NAME      VALUE            ERROR          SIZE      DERIVATIVE 
   1  p0           1.00080e+02   4.60938e+00   1.58555e-04   3.88791e-04
   2  p1           9.98604e-01   3.01755e-04  -5.04939e-06   6.73142e-03
   3  p2           6.69929e-03   2.57991e-04  -3.96700e-05  -4.33906e-03
   4  p3           1.93493e+01   1.14002e+00  -8.26894e-04  -2.80624e-04
   5  p4           8.15241e+00   4.75717e-01  -7.31543e-04   6.54678e-04
   6  p5           9.95551e-01   3.88955e-03  -5.78892e-07   7.44979e-02
   7  p6          -2.21345e-08   1.35619e-01   5.54002e-04** at limit **
   8  p7           9.23537e-03   1.07041e-03   4.05099e-05   8.16833e-03
                               ERR DEF= 0.5
 FCN=125.911 FROM MIGRAD    STATUS=CONVERGED     752 CALLS         753 TOTAL
                     EDM=2.10293e-07    STRATEGY= 1      ERROR MATRIX ACCURATE 
  EXT PARAMETER                                   STEP         FIRST   
  NO.   NAME      VALUE            ERROR          SIZE      DERIVATIVE 
   1  p0           9.06305e+01   4.37191e+00   8.60148e-04   2.04683e-03
   2  p1           9.98139e-01   3.54464e-04   1.18102e-04   8.30361e-03
   3  p2           7.15516e-03   3.00146e-04   2.18196e-04   9.02090e-03
   4  p3           2.32629e+01   1.32365e+00   5.65143e-03  -1.42784e-04
   5  p4           9.84918e+00   5.11402e-01   2.11522e-03   7.84744e-04
   6  p5           9.92013e-01   3.37410e-03   1.45592e-05   1.06609e-01
   7  p6          -4.53838e-10   6.39920e-03   1.23856e-03** at limit **
   8  p7           1.18431e-02   9.84583e-04   2.21953e-04  -1.80283e-03
                               ERR DEF= 0.5
 FCN=116.133 FROM MIGRAD    STATUS=CONVERGED     981 CALLS         982 TOTAL
                     EDM=5.21714e-08    STRATEGY= 1  ERROR MATRIX UNCERTAINTY   2.8 per cent
  EXT PARAMETER                                   STEP         FIRST   
  NO.   NAME      VALUE            ERROR          SIZE      DERIVATIVE 
   1  p0           9.94142e+01   4.72749e+00   2.45472e-04   1.89106e-03
   2  p1           9.98089e-01   2.93359e-04   1.85551e-05   9.27400e-03
   3  p2           6.38098e-03   2.65441e-04  -3.39129e-05   4.64091e-03
   4  p3           2.00939e+01   1.11750e+00   2.30707e-03  -2.72287e-04
   5  p4           8.73916e+00   4.76763e-01   1.01235e-04   6.41781e-04
   6  p5           9.94987e-01   3.41294e-03   2.96262e-06   7.09060e-02
   7  p6          -1.36880e-10   1.03862e-02  -2.43241e-04** at limit **
   8  p7           1.10242e-02   1.02245e-03  -5.61474e-05  -1.02779e-04
                               ERR DEF= 0.5
 FCN=132.705 FROM MIGRAD    STATUS=CONVERGED    1030 CALLS        1031 TOTAL
                     EDM=4.18571e-07    STRATEGY= 1  ERROR MATRIX UNCERTAINTY   2.8 per cent
  EXT PARAMETER                                   STEP         FIRST   
  NO.   NAME      VALUE            ERROR          SIZE      DERIVATIVE 
   1  p0           1.16485e+02   5.06320e+00   2.59860e-04   1.08724e-03
   2  p1           9.97273e-01   2.80967e-04  -1.60367e-05  -3.87646e-02
   3  p2           6.36821e-03   2.46108e-04  -5.65901e-05  -1.58351e-02
   4  p3           2.29355e+01   1.31557e+00  -7.81600e-04  -3.89169e-04
   5  p4           9.21289e+00   4.75551e-01  -5.31152e-04   1.70748e-03
   6  p5           9.93811e-01   2.79294e-03  -3.51255e-06  -1.77021e-02
   7  p6          -4.78232e-10   4.26426e-03  -5.06629e-04** at limit **
   8  p7           1.12053e-02   8.93507e-04   4.19838e-05  -8.46982e-04
                               ERR DEF= 0.5
 FCN=149.834 FROM MIGRAD    STATUS=CONVERGED    1039 CALLS        1040 TOTAL
                     EDM=1.8741e-07    STRATEGY= 1      ERROR MATRIX ACCURATE 
  EXT PARAMETER                                   STEP         FIRST   
  NO.   NAME      VALUE            ERROR          SIZE      DERIVATIVE 
   1  p0           1.46754e+02   6.28294e+00   8.34831e-04   1.09667e-03
   2  p1           9.96965e-01   2.49123e-04   9.03721e-05   6.13772e-03
   3  p2           5.68194e-03   2.23530e-04   2.95523e-04  -1.92251e-03
   4  p3           2.69341e+01   1.48933e+00   6.59484e-03   2.17492e-04
   5  p4           9.57017e+00   4.50131e-01   2.07568e-03  -6.36335e-04
   6  p5           9.96570e-01   2.07292e-03   1.21822e-05  -1.58513e-01
   7  p6          -2.04993e-10   4.27670e-03   1.10946e-03** at limit **
   8  p7           8.62648e-03   6.84944e-04   2.57819e-04  -7.05115e-06
                               ERR DEF= 0.5
 FCN=143.993 FROM MIGRAD    STATUS=CONVERGED     953 CALLS         954 TOTAL
                     EDM=2.80821e-08    STRATEGY= 1  ERROR MATRIX UNCERTAINTY   1.2 per cent
  EXT PARAMETER                                   STEP         FIRST   
  NO.   NAME      VALUE            ERROR          SIZE      DERIVATIVE 
   1  p0           1.69863e+02   6.33013e+00   8.32906e-05   5.88649e-04
   2  p1           9.95990e-01   2.32671e-04   3.49862e-06   4.05963e-03
   3  p2           6.14881e-03   1.95569e-04  -1.87033e-05  -2.04884e-04
   4  p3           3.20104e+01   1.60184e+00  -6.97799e-04   1.43769e-04
   5  p4           1.03516e+01   4.25616e-01  -1.31953e-04  -8.18491e-04
   6  p5           9.92361e-01   2.35267e-03  -1.05072e-08  -1.95972e-02
   7  p6          -1.52141e-11   2.77592e-03   1.22193e-04** at limit **
   8  p7           1.01684e-02   7.36128e-04   1.57714e-05   5.28798e-04
                               ERR DEF= 0.5
 FCN=154.56 FROM MIGRAD    STATUS=CONVERGED     982 CALLS         983 TOTAL
                     EDM=5.01486e-08    STRATEGY= 1  ERROR MATRIX UNCERTAINTY   2.3 per cent
  EXT PARAMETER                                   STEP         FIRST   
  NO.   NAME      VALUE            ERROR          SIZE      DERIVATIVE 
   1  p0           1.88651e+02   6.66845e+00  -9.91110e-05  -2.85569e-04
   2  p1           9.96141e-01   2.21462e-04   3.74288e-06  -1.41602e-02
   3  p2           6.24495e-03   1.84715e-04   1.74140e-05  -1.54404e-03
   4  p3           3.31000e+01   1.61173e+00  -1.16545e-03  -1.04600e-04
   5  p4           9.67726e+00   3.94499e-01   6.10222e-05   5.90939e-04
   6  p5           9.93441e-01   2.31784e-03   2.36396e-06   1.20536e-01
   7  p6          -5.25552e-11   2.50197e-03  -1.98687e-04** at limit **
   8  p7           8.76529e-03   6.91625e-04  -4.78562e-05   1.92845e-03
                               ERR DEF= 0.5

****************************************
Minimizer is Linear
Chi2                      =      19.9676
NDf                       =           14
p0                        =      1.00731   +/-   0.000351473 
p1                        = -4.71551e-06   +/-   1.82348e-07 
Calculation of survival fraction for 2104
 FCN=151.842 FROM MIGRAD    STATUS=CONVERGED     118 CALLS         119 TOTAL
                     EDM=6.98087e-11    STRATEGY= 1      ERROR MATRIX ACCURATE 
  EXT PARAMETER                                   STEP         FIRST   
  NO.   NAME      VALUE            ERROR          SIZE      DERIVATIVE 
   1  p0           1.00286e+02   3.94334e+00   2.66872e-02   1.04604e-06
   2  p1           2.10354e+03   5.65176e-02   1.00304e-03  -9.79363e-06
   3  p2           1.57587e+00   5.02262e-02   2.69835e-05   1.89251e-03
   4  p3           1.56252e+01   2.44344e-01   2.03950e-03  -1.86797e-05
                               ERR DEF= 0.5
Area_tot = 2142
Area_tot_psa = 499
Area = 1385
Area_psa = 183
 FCN=130.227 FROM MIGRAD    STATUS=CONVERGED     111 CALLS         112 TOTAL
                     EDM=3.04718e-07    STRATEGY= 1      ERROR MATRIX ACCURATE 
  EXT PARAMETER                                   STEP         FIRST   
  NO.   NAME      VALUE            ERROR          SIZE      DERIVATIVE 
   1  p0           1.22159e+01   1.56251e+00   1.00686e-02   1.58338e-04
   2  p1           2.10369e+03   2.20014e-01   1.72354e-03  -1.15197e-03
   3  p2           1.69059e+00   1.89428e-01   9.37585e-05   3.26564e-02
   4  p3           6.25820e+00   1.57670e-01   1.20677e-03  -1.08443e-03
                               ERR DEF= 0.5
Calculation of survival fraction for 2614.5
 FCN=266.675 FROM MIGRAD    STATUS=CONVERGED     179 CALLS         180 TOTAL
                     EDM=2.4301e-08    STRATEGY= 1  ERROR MATRIX UNCERTAINTY   1.6 per cent
  EXT PARAMETER                                   STEP         FIRST   
  NO.   NAME      VALUE            ERROR          SIZE      DERIVATIVE 
   1  p0           8.65097e+02   1.08948e+01   2.58040e-02   3.55215e-06
   2  p1           2.61459e+03   1.39014e-02   4.64087e-05  -1.31991e-02
   3  p2           1.34824e+00   1.03000e-02  -1.88142e-08  -2.05815e-02
   4  p3           7.97132e-01   7.67312e-02   3.85826e-04   1.27732e-03
                               ERR DEF= 0.5
Area_tot = 9821
Area_tot_psa = 1427
Area = 9725
Area_psa = 1421
 FCN=139.978 FROM MIGRAD    STATUS=CONVERGED     162 CALLS         163 TOTAL
                     EDM=2.69209e-07    STRATEGY= 1      ERROR MATRIX ACCURATE 
  EXT PARAMETER                                   STEP         FIRST   
  NO.   NAME      VALUE            ERROR          SIZE      DERIVATIVE 
   1  p0           1.22297e+02   4.06855e+00   2.68801e-02  -6.83888e-06
   2  p1           2.61468e+03   3.77271e-02   1.24678e-03  -1.00994e-02
   3  p2           1.37341e+00   2.80861e-02   1.58818e-05  -8.65837e-02
   4  p3           8.65893e-03   6.11845e-03   4.94342e-05   5.13270e-02
                               ERR DEF= 0.5
Calculation of survival fraction background at 2039
Area = 3546
Area_psa = 1493
Calculation of survival fraction background at 2350
Area = 7661
Area_psa = 3344
