
[1mRooFit v3.60 -- Developed by Wouter Verkerke and David Kirkby[0m 
                Copyright (C) 2000-2013 NIKHEF, University of California & Stanford University
                All rights reserved, please read http://roofit.sourceforge.net/license.txt

Using file /nfs/gerda6/users/burlac/psd/analysis/run0098-cal_dplms_10.tier.root
Analizing channel 14
Standard analysis 
Total events = 17201607
event n.1000000
event n.2000000
event n.3000000
event n.4000000
event n.5000000
event n.6000000
event n.7000000
event n.8000000
event n.9000000
event n.10000000
event n.11000000
event n.12000000
event n.13000000
event n.14000000
event n.15000000
event n.16000000
event n.17000000
Selected events: 91527
The time to read waveforms: 30.72 s
Initialization of DEP&FEP background  = 9
 FCN=128.553 FROM MIGRAD    STATUS=CONVERGED     180 CALLS         181 TOTAL
                     EDM=1.45701e-07    STRATEGY= 1  ERROR MATRIX UNCERTAINTY   3.6 per cent
  EXT PARAMETER                                   STEP         FIRST   
  NO.   NAME      VALUE            ERROR          SIZE      DERIVATIVE 
   1  p0           1.08583e+02   4.80665e+00  -1.14004e-04   3.37084e-05
   2  p1           1.59245e+03   4.01112e-02   5.12821e-05   6.41943e-03
   3  p2           9.59236e-01   3.55410e-02   1.73823e-06  -6.02523e-02
   4  p3           5.89639e+01   3.74833e+00   4.21258e-03  -6.14978e-05
   5  p4           1.62070e+03   5.67662e-02   4.05560e-06   7.72877e-04
   6  p5           8.74913e-01   4.55799e-02  -1.15608e-06   5.02170e-02
   7  p6           1.08399e+01   2.35154e-01   1.58562e-04   5.64606e-04
                               ERR DEF= 0.5
mean_aoe = 0.0485
AoE: max = 1.78768 max = 0.0610252
 FCN=1.0754 FROM MIGRAD    STATUS=CONVERGED     342 CALLS         343 TOTAL
                     EDM=1.0492e-09    STRATEGY= 1  ERROR MATRIX UNCERTAINTY   2.2 per cent
  EXT PARAMETER                                   STEP         FIRST   
  NO.   NAME      VALUE            ERROR          SIZE      DERIVATIVE 
   1  p0           9.76595e-01   5.43747e-01  -1.49340e-03   4.72765e-05
   2  p1           9.99547e-01   3.64083e-03  -8.37937e-06  -5.26779e-03
   3  p2           7.74514e-03   2.69939e-03   3.78674e-05   1.42758e-03
   4  p3           4.08900e-03   5.35217e-03   1.32719e-05  -3.24971e-02
   5  p4           2.65207e-03   3.46742e-03   8.59740e-06   4.60949e-02
                               ERR DEF= 0.5
Total integral = 0
AoE_lowCut = 2 -> 0x7fff219c0db0
CutIntegral = 0
SF_dep = -nan
sigma_aoe = 0.00774514
Total integral = 0
AoE_lowCut = 2 -> 0x7fff219c0db0
CutIntegral = 0
SF_dep = -nan
sigma_aoe = 0.00774514
Total integral = 0
AoE_lowCut = 2 -> 0x7fff219c0db0
CutIntegral = 0
SF_dep = -nan
sigma_aoe = 0.00774514
Total integral = 0
AoE_lowCut = 2 -> 0x7fff219c0db0
CutIntegral = 0
SF_dep = -nan
sigma_aoe = 0.00774514
Total integral = 0
AoE_lowCut = 2 -> 0x7fff219c0db0
CutIntegral = 0
SF_dep = -nan
sigma_aoe = 0.00774514
Total integral = 0
AoE_lowCut = 2 -> 0x7fff219c0db0
CutIntegral = 0
SF_dep = -nan
sigma_aoe = 0.00774514
Total integral = 0
AoE_lowCut = 2 -> 0x7fff219c0db0
CutIntegral = 0
SF_dep = -nan
sigma_aoe = 0.00774514
Total integral = 0
AoE_lowCut = 2 -> 0x7fff219c0db0
CutIntegral = 0
SF_dep = -nan
sigma_aoe = 0.00774514
Total integral = 0
AoE_lowCut = 2 -> 0x7fff219c0db0
CutIntegral = 0
SF_dep = -nan
sigma_aoe = 0.00774514
Total integral = 0
AoE_lowCut = 2 -> 0x7fff219c0db0
CutIntegral = 0
SF_dep = -nan
sigma_aoe = 0.00774514
Total integral = 0
AoE_lowCut = 2 -> 0x7fff219c0db0
CutIntegral = 0
SF_dep = -nan
sigma_aoe = 0.00774514
Total integral = 0
AoE_lowCut = 2 -> 0x7fff219c0db0
CutIntegral = 0
SF_dep = -nan
sigma_aoe = 0.00774514
Total integral = 0
AoE_lowCut = 2 -> 0x7fff219c0db0
CutIntegral = 0
SF_dep = -nan
sigma_aoe = 0.00774514
Total integral = 0
AoE_lowCut = 2 -> 0x7fff219c0db0
CutIntegral = 0
SF_dep = -nan
sigma_aoe = 0.00774514
Total integral = 0
AoE_lowCut = 2 -> 0x7fff219c0db0
CutIntegral = 0
SF_dep = -nan
sigma_aoe = 0.00774514
Total integral = 0
AoE_lowCut = 2 -> 0x7fff219c0db0
CutIntegral = 0
SF_dep = -nan
sigma_aoe = 0.00774514
Total integral = 0
AoE_lowCut = 2 -> 0x7fff219c0db0
CutIntegral = 0
SF_dep = -nan
sigma_aoe = 0.00774514
Total integral = 0
AoE_lowCut = 2 -> 0x7fff219c0db0
CutIntegral = 0
SF_dep = -nan
sigma_aoe = 0.00774514
Total integral = 0
AoE_lowCut = 2 -> 0x7fff219c0db0
CutIntegral = 0
SF_dep = -nan
sigma_aoe = 0.00774514
Total integral = 0
AoE_lowCut = 2 -> 0x7fff219c0db0
CutIntegral = 0
SF_dep = -nan
sigma_aoe = 0.00774514
Total integral = 0
AoE_lowCut = 2 -> 0x7fff219c0db0
CutIntegral = 0
SF_dep = -nan
sigma_aoe = 0.00774514
Total integral = 0
AoE_lowCut = 2 -> 0x7fff219c0db0
CutIntegral = 0
SF_dep = -nan
sigma_aoe = 0.00774514
Total integral = 0
AoE_lowCut = 2 -> 0x7fff219c0db0
CutIntegral = 0
SF_dep = -nan
sigma_aoe = 0.00774514
Total integral = 0
AoE_lowCut = 2 -> 0x7fff219c0db0
CutIntegral = 0
SF_dep = -nan
sigma_aoe = 0.00774514
Total integral = 0
AoE_lowCut = 2 -> 0x7fff219c0db0
CutIntegral = 0
SF_dep = -nan
sigma_aoe = 0.00774514
Total integral = 0
AoE_lowCut = 2 -> 0x7fff219c0db0
CutIntegral = 0
SF_dep = -nan
sigma_aoe = 0.00774514
Total integral = 0
AoE_lowCut = 2 -> 0x7fff219c0db0
CutIntegral = 0
SF_dep = -nan
sigma_aoe = 0.00774514
Total integral = 0
AoE_lowCut = 2 -> 0x7fff219c0db0
CutIntegral = 0
SF_dep = -nan
sigma_aoe = 0.00774514
Total integral = 0
AoE_lowCut = 2 -> 0x7fff219c0db0
CutIntegral = 0
SF_dep = -nan
sigma_aoe = 0.00774514
Total integral = 0
AoE_lowCut = 2 -> 0x7fff219c0db0
CutIntegral = 0
SF_dep = -nan
sigma_aoe = 0.00774514
