
[1mRooFit v3.60 -- Developed by Wouter Verkerke and David Kirkby[0m 
                Copyright (C) 2000-2013 NIKHEF, University of California & Stanford University
                All rights reserved, please read http://roofit.sourceforge.net/license.txt

Using file /nfs/gerda6/users/burlac/psd/analysis/run0098-cal_dplms_10.tier.root
Analizing channel 32
Standard analysis 
Total events = 17201607
event n.1000000
event n.2000000
event n.3000000
event n.4000000
event n.5000000
event n.6000000
event n.7000000
event n.8000000
event n.9000000
event n.10000000
event n.11000000
event n.12000000
event n.13000000
event n.14000000
event n.15000000
event n.16000000
event n.17000000
Selected events: 0
The time to read waveforms: 30.87 s
Initialization of DEP&FEP background  = 0
 FCN=0 FROM HESSE     STATUS=FAILED         11 CALLS         405 TOTAL
                     EDM=0    STRATEGY= 1  ERROR MATRIX UNCERTAINTY 100.0 per cent
  EXT PARAMETER                APPROXIMATE        STEP         FIRST   
  NO.   NAME      VALUE            ERROR          SIZE      DERIVATIVE 
   1  p0          -1.11431e+05   4.24264e-01  -7.90319e-06   0.00000e+00
   2  p1           1.58069e+03   1.00000e+00   2.32618e+00   0.00000e+00
   3  p2           7.33216e+01   3.72164e+01   1.46318e+02   0.00000e+00
   4  p3          -1.34151e+01   1.00000e+00  -1.34151e+01   0.00000e+00
   5  p4           1.60502e+03   1.00000e+00  -0.00000e+00   0.00000e+00
   6  p5           1.60502e+00   2.22471e+01  -0.00000e+00   0.00000e+00
   7  p6          -5.37472e+01   1.00000e+00  -5.37472e+01   0.00000e+00
                               ERR DEF= 0.5
mean_aoe = 0.0001
