
[1mRooFit v3.60 -- Developed by Wouter Verkerke and David Kirkby[0m 
                Copyright (C) 2000-2013 NIKHEF, University of California & Stanford University
                All rights reserved, please read http://roofit.sourceforge.net/license.txt

Using file /nfs/gerda6/users/burlac/psd/analysis/run0098-cal_dplms_100.tier.root
Analizing channel 28
DPLMS analysis with weight 100
Total events = 17201607
event n.1000000
event n.2000000
event n.3000000
event n.4000000
event n.5000000
event n.6000000
event n.7000000
event n.8000000
event n.9000000
event n.10000000
event n.11000000
event n.12000000
event n.13000000
event n.14000000
event n.15000000
event n.16000000
event n.17000000
Selected events: 253860
The time to read waveforms: 31.38 s
Initialization of DEP&FEP background  = 32
 FCN=113.466 FROM MIGRAD    STATUS=CONVERGED     214 CALLS         215 TOTAL
                     EDM=2.8844e-07    STRATEGY= 1      ERROR MATRIX ACCURATE 
  EXT PARAMETER                                   STEP         FIRST   
  NO.   NAME      VALUE            ERROR          SIZE      DERIVATIVE 
   1  p0           7.19416e+01   3.40869e+00   1.99605e-02  -1.84518e-05
   2  p1           1.59340e+03   9.08872e-02   7.59792e-04   5.90662e-04
   3  p2           1.96297e+00   8.78513e-02   3.60056e-05  -5.97301e-02
   4  p3           1.19034e+02   4.29933e+00   2.53471e-02   6.57137e-06
   5  p4           1.62181e+03   5.91473e-02   7.73340e-04   4.11907e-03
   6  p5           1.72512e+00   5.37305e-02   2.38008e-05  -4.08689e-02
   7  p6           2.90482e+01   4.25909e-01   2.84234e-03   3.56198e-04
                               ERR DEF= 0.5
mean_aoe = 0.0445
AoE: max = 2.25166 max = 0.326035
 FCN=5.58913 FROM MIGRAD    STATUS=CONVERGED     486 CALLS         487 TOTAL
                     EDM=2.86643e-07    STRATEGY= 1      ERROR MATRIX ACCURATE 
  EXT PARAMETER                                   STEP         FIRST   
  NO.   NAME      VALUE            ERROR          SIZE      DERIVATIVE 
   1  p0           4.86399e-01   1.82536e-01   2.20057e-04  -5.98608e-04
   2  p1           1.00489e+00   2.03199e-02   3.19409e-05   5.77739e-03
   3  p2           5.86876e-02   2.30057e-02   9.86953e-05   4.74869e-03
   4  p3          -7.43663e-02   3.07475e-01   4.26452e-05   9.83148e-03
   5  p4           1.33089e-01   4.04659e-01   5.32895e-05   7.56284e-03
                               ERR DEF= 0.5
Analysis with a fixed bin for LowCut
Total integral = 1295
AoE_lowCut = 1856 -> 0.92775
CutIntegral = 1168
SF_dep = 0.901931
sigma_aoe = 0.0586876
 FCN=113.722 FROM MIGRAD    STATUS=CONVERGED     255 CALLS         256 TOTAL
                     EDM=5.82894e-07    STRATEGY= 1      ERROR MATRIX ACCURATE 
  EXT PARAMETER                                   STEP         FIRST   
  NO.   NAME      VALUE            ERROR          SIZE      DERIVATIVE 
   1  p0           6.11240e+01   3.03723e+00   1.77636e-02   2.05223e-04
   2  p1           1.59336e+03   9.75126e-02   7.59772e-04  -1.00734e-03
   3  p2           2.02617e+00   9.44397e-02   3.79961e-05   1.09417e-01
   4  p3           8.48014e+01   3.62247e+00   2.14595e-02  -1.50937e-04
   5  p4           1.62174e+03   7.14835e-02   7.73307e-04  -1.48429e-03
   6  p5           1.74967e+00   6.43971e-02   2.84902e-05  -4.45247e-02
   7  p6           2.18799e+01   3.72920e-01   2.48627e-03   1.94935e-04
                               ERR DEF= 0.5
AreaDEP_tot = 2959
Area_DEP_tot_psa = 2374
AreaDEP = 1372
Area_DEP_psa = 1243
Area_FEP_tot = 3259
Area_FEP_tot_psa = 2416
Area_FEP = 1576
Area_FEP_psa = 1113
Calculation of AoE vs E correction
 FCN=320.8 FROM MIGRAD    STATUS=CONVERGED     937 CALLS         938 TOTAL
                     EDM=1.96346e-07    STRATEGY= 1      ERROR MATRIX ACCURATE 
  EXT PARAMETER                                   STEP         FIRST   
  NO.   NAME      VALUE            ERROR          SIZE      DERIVATIVE 
   1  p0           4.96373e+01   1.37179e+00   9.19542e-04   1.21517e-03
   2  p1           1.02000e+00   3.19570e-05   6.99825e-04** at limit **
   3  p2           3.00000e-02   1.45197e-05   5.96660e-04** at limit **
   4  p3           6.70194e+01   2.70975e+00   1.68288e-02  -4.58612e-05
   5  p4           1.25669e+01   1.09649e+00   2.48092e-03   6.10055e-04
   6  p5           9.67434e-01   2.49984e-03   1.39890e-05   1.97870e-01
   7  p6          -8.52877e-03   1.25566e-02   4.52016e-04  -2.64526e-03
   8  p7           1.04948e-02   1.11875e-03   4.01848e-04   4.19262e-03
                               ERR DEF= 0.5
 FCN=199.897 FROM MIGRAD    STATUS=CONVERGED    1086 CALLS        1087 TOTAL
                     EDM=2.68415e-07    STRATEGY= 1  ERROR MATRIX UNCERTAINTY   2.2 per cent
  EXT PARAMETER                                   STEP         FIRST   
  NO.   NAME      VALUE            ERROR          SIZE      DERIVATIVE 
   1  p0           3.18000e+01   8.49289e-02   8.99370e-05** at limit **
   2  p1           1.02000e+00   6.24350e-04   1.32067e-03** at limit **
   3  p2           3.00000e-02   1.64442e-04  -2.89052e-04** at limit **
   4  p3           6.12235e+01   1.76727e+00   6.21849e-03   2.75597e-04
   5  p4           1.70524e+01   7.61612e-01   1.61244e-03   9.04532e-05
   6  p5           9.32318e-01   4.97440e-03  -5.88938e-06  -4.57301e-02
   7  p6          -3.19312e-11   8.43109e-04   1.18916e-04** at limit **
   8  p7           3.07205e-02   8.65837e-04  -1.37589e-04   3.94998e-02
                               ERR DEF= 0.5
 FCN=152.662 FROM MIGRAD    STATUS=CONVERGED    1235 CALLS        1236 TOTAL
                     EDM=3.127e-07    STRATEGY= 1  ERROR MATRIX UNCERTAINTY   2.9 per cent
  EXT PARAMETER                                   STEP         FIRST   
  NO.   NAME      VALUE            ERROR          SIZE      DERIVATIVE 
   1  p0           2.64000e+01   1.04565e-01   2.81534e-05** at limit **
   2  p1           9.80000e-01   1.18081e-03   1.28168e-04** at limit **
   3  p2           3.00000e-02   2.30467e-04   2.10211e-04** at limit **
   4  p3           3.02971e+01   2.35498e+00   1.68888e-03  -1.61362e-04
   5  p4           2.01838e+01   1.52045e+00  -3.26991e-03  -2.13642e-06
   6  p5           8.76910e-01   1.03466e-02   1.05582e-05   3.51987e-02
   7  p6          -2.20767e-10   3.40572e-03  -1.39353e-04** at limit **
   8  p7           4.13982e-02   2.01482e-03   8.41211e-05  -6.75286e-03
                               ERR DEF= 0.5
 FCN=139.714 FROM MIGRAD    STATUS=CONVERGED    1447 CALLS        1448 TOTAL
                     EDM=1.21224e-08    STRATEGY= 1  ERROR MATRIX UNCERTAINTY   1.7 per cent
  EXT PARAMETER                                   STEP         FIRST   
  NO.   NAME      VALUE            ERROR          SIZE      DERIVATIVE 
   1  p0           2.34000e+01   1.13112e-01  -2.36155e-05** at limit **
   2  p1           1.02000e+00   1.00161e-03  -1.12085e-04** at limit **
   3  p2           3.00000e-02   2.20647e-04  -7.32412e-05** at limit **
   4  p3           4.93651e+01   1.63208e+00   1.20598e-04  -6.20890e-07
   5  p4           1.74222e+01   8.23695e-01   4.18449e-04   2.43060e-04
   6  p5           9.36382e-01   5.37728e-03  -8.07190e-07   1.96225e-02
   7  p6          -1.15397e-12   1.42881e-03   6.62626e-05** at limit **
   8  p7           3.00483e-02   9.30464e-04  -7.18384e-06   5.02747e-03
                               ERR DEF= 0.5
 FCN=256.81 FROM MIGRAD    STATUS=CONVERGED     629 CALLS         630 TOTAL
                     EDM=2.0645e-07    STRATEGY= 1  ERROR MATRIX UNCERTAINTY   2.4 per cent
  EXT PARAMETER                                   STEP         FIRST   
  NO.   NAME      VALUE            ERROR          SIZE      DERIVATIVE 
   1  p0           3.46353e+01   1.10504e+00   1.47540e-04   1.49186e-03
   2  p1           1.02000e+00   4.51929e-05   3.02898e-04** at limit **
   3  p2           3.00000e-02   2.07091e-05   7.98777e-05** at limit **
   4  p3           4.52905e+01   1.82452e+00   2.27051e-03   4.08418e-04
   5  p4           1.10056e+01   1.12717e+00   1.66110e-03  -1.26494e-03
   6  p5           9.70554e-01   2.49039e-03  -1.17051e-05   4.28435e-02
   7  p6          -3.53892e-02   1.85691e-02   6.07429e-05   1.30487e-02
   8  p7           9.35726e-03   1.21068e-03  -1.86331e-04   1.79922e-03
                               ERR DEF= 0.5
 FCN=159.865 FROM MIGRAD    STATUS=CONVERGED    1149 CALLS        1150 TOTAL
                     EDM=1.44536e-07    STRATEGY= 1  ERROR MATRIX UNCERTAINTY   2.1 per cent
  EXT PARAMETER                                   STEP         FIRST   
  NO.   NAME      VALUE            ERROR          SIZE      DERIVATIVE 
   1  p0           2.52000e+01   9.87030e-02   1.35505e-04** at limit **
   2  p1           9.80008e-01   3.91993e-04   1.24955e-05  -1.17376e-03
   3  p2           3.00000e-02   2.78917e-04   3.20646e-04** at limit **
   4  p3           2.82322e+01   2.17870e+00  -4.43510e-03   3.02640e-04
   5  p4           1.97689e+01   1.55205e+00  -2.20030e-03  -3.76216e-04
   6  p5           8.84013e-01   1.07226e-02  -1.24032e-05  -8.81215e-02
   7  p6          -3.28626e-14   2.36570e-03   1.89853e-04** at limit **
   8  p7           4.13678e-02   2.05299e-03   1.40986e-04  -7.88870e-03
                               ERR DEF= 0.5
 FCN=141.46 FROM MIGRAD    STATUS=CONVERGED    1330 CALLS        1331 TOTAL
                     EDM=1.06611e-06    STRATEGY= 1      ERROR MATRIX ACCURATE 
  EXT PARAMETER                                   STEP         FIRST   
  NO.   NAME      VALUE            ERROR          SIZE      DERIVATIVE 
   1  p0           2.28000e+01   9.19415e-02   1.04573e-03** at limit **
   2  p1           9.84671e-01   5.26133e-03   1.91691e-03   1.81572e-03
   3  p2           3.00000e-02   5.20936e-04   2.38190e-03** at limit **
   4  p3           2.60403e+01   2.82223e+00   5.24902e-03  -6.53082e-04
   5  p4           2.03942e+01   1.54722e+00   1.85519e-03  -2.18440e-03
   6  p5           8.76364e-01   1.14946e-02   2.31437e-05  -8.36507e-02
   7  p6          -1.04924e-11   3.21929e-03   9.34337e-04** at limit **
   8  p7           4.01683e-02   2.31151e-03   7.09951e-05  -3.96673e-02
                               ERR DEF= 0.5
 FCN=154.338 FROM MIGRAD    STATUS=CALL LIMIT   2130 CALLS        2131 TOTAL
                     EDM=3.41833    STRATEGY= 1  ERROR MATRIX UNCERTAINTY  15.8 per cent
  EXT PARAMETER                APPROXIMATE        STEP         FIRST   
  NO.   NAME      VALUE            ERROR          SIZE      DERIVATIVE 
   1  p0           2.04065e+01   8.49351e-02  -4.64773e-02  -2.32959e+00
   2  p1           1.01999e+00   2.40075e-03  -9.06462e-01   8.59581e-02
   3  p2           2.98353e-02   5.47121e-04  -8.65965e-03   7.49998e-01
   4  p3           4.38755e+01   2.35494e+00   4.74382e+00   9.76187e-01
   5  p4           1.89080e+01   1.06919e+00  -1.67147e+00   2.24840e+00
   6  p5           9.24263e-01   7.40758e-03   1.22443e-02   1.36726e+02
   7  p6          -1.19892e-03   2.38892e-03   2.99116e-02   1.29315e+00
   8  p7           3.22989e-02   8.56921e-04  -9.48797e-03   2.01616e+02
                               ERR DEF= 0.5
 FCN=136.612 FROM MIGRAD    STATUS=CONVERGED    1648 CALLS        1649 TOTAL
                     EDM=2.77254e-07    STRATEGY= 1  ERROR MATRIX UNCERTAINTY   4.4 per cent
  EXT PARAMETER                                   STEP         FIRST   
  NO.   NAME      VALUE            ERROR          SIZE      DERIVATIVE 
   1  p0           2.58000e+01   8.93133e-02   2.65943e-05** at limit **
   2  p1           1.02000e+00   4.99891e-04   1.72739e-04** at limit **
   3  p2           3.00000e-02   1.56859e-04   1.04019e-04** at limit **
   4  p3           5.54855e+01   1.81604e+00   2.44385e-03  -4.32535e-04
   5  p4           2.01844e+01   8.69476e-01   1.46255e-03   1.66694e-04
   6  p5           9.31360e-01   4.50711e-03  -4.98781e-07   1.64192e-01
   7  p6          -3.84930e-11   1.52443e-03  -1.71758e-04** at limit **
   8  p7           2.57533e-02   7.95357e-04   5.54462e-05   9.86501e-03
                               ERR DEF= 0.5
 FCN=120.476 FROM MIGRAD    STATUS=CONVERGED    1698 CALLS        1699 TOTAL
                     EDM=2.1739e-08    STRATEGY= 1  ERROR MATRIX UNCERTAINTY   1.0 per cent
  EXT PARAMETER                                   STEP         FIRST   
  NO.   NAME      VALUE            ERROR          SIZE      DERIVATIVE 
   1  p0           2.58000e+01   2.95276e-01  -3.94682e-05** at limit **
   2  p1           9.92092e-01   2.03254e-03   6.37462e-05   1.02683e-03
   3  p2           5.00000e-03   1.33959e-04   1.14797e-06** at limit **
   4  p3           5.13489e+01   2.32760e+00  -2.21212e-03  -7.20071e-06
   5  p4           2.00611e+01   1.10694e+00   1.52590e-03  -4.04411e-04
   6  p5           9.20792e-01   7.02845e-03  -7.30251e-06  -3.85045e-02
   7  p6          -1.91465e-11   2.40442e-03   3.44350e-05** at limit **
   8  p7           3.52948e-02   1.00820e-03   3.09754e-05   9.20696e-03
                               ERR DEF= 0.5
 FCN=216.451 FROM MIGRAD    STATUS=CONVERGED     807 CALLS         808 TOTAL
                     EDM=4.20567e-08    STRATEGY= 1  ERROR MATRIX UNCERTAINTY   2.5 per cent
  EXT PARAMETER                                   STEP         FIRST   
  NO.   NAME      VALUE            ERROR          SIZE      DERIVATIVE 
   1  p0           3.39284e+01   1.39302e+00  -8.95229e-05  -4.61626e-04
   2  p1           1.02000e+00   5.46417e-05   7.24240e-05** at limit **
   3  p2           3.00000e-02   2.59691e-05  -6.38350e-05** at limit **
   4  p3           5.28917e+01   2.19157e+00  -2.96809e-04   1.98560e-05
   5  p4           1.61751e+01   8.24796e-01  -1.17814e-03   7.94865e-05
   6  p5           9.54678e-01   3.66123e-03   3.44495e-06   1.97421e-02
   7  p6          -9.17888e-10   2.60166e-02   2.73317e-04** at limit **
   8  p7           1.38417e-02   1.99228e-03  -6.88025e-05   1.54016e-03
                               ERR DEF= 0.5
 FCN=222.908 FROM MIGRAD    STATUS=CONVERGED     872 CALLS         873 TOTAL
                     EDM=7.15596e-08    STRATEGY= 1  ERROR MATRIX UNCERTAINTY   5.5 per cent
  EXT PARAMETER                                   STEP         FIRST   
  NO.   NAME      VALUE            ERROR          SIZE      DERIVATIVE 
   1  p0           3.26995e+01   1.17249e+00   8.93980e-05  -1.14324e-03
   2  p1           1.02000e+00   6.02662e-05  -4.58733e-05** at limit **
   3  p2           3.00000e-02   2.59092e-05   5.77312e-05** at limit **
   4  p3           4.77686e+01   2.43657e+00  -4.75141e-03  -1.74846e-04
   5  p4           1.18766e+01   1.29494e+00  -1.53356e-03   1.29655e-03
   6  p5           9.71266e-01   3.95720e-03   2.60550e-06  -1.56176e-02
   7  p6          -3.13708e-02   1.51155e-02  -7.36908e-05  -1.21715e-02
   8  p7           1.13918e-02   2.06730e-03   9.95391e-05   3.25371e-03
                               ERR DEF= 0.5
 FCN=173.313 FROM MIGRAD    STATUS=CONVERGED    1337 CALLS        1338 TOTAL
                     EDM=5.775e-09    STRATEGY= 1  ERROR MATRIX UNCERTAINTY   1.2 per cent
  EXT PARAMETER                                   STEP         FIRST   
  NO.   NAME      VALUE            ERROR          SIZE      DERIVATIVE 
   1  p0           2.76000e+01   1.06619e-01  -9.71574e-05** at limit **
   2  p1           1.02000e+00   6.26732e-04   1.64616e-04** at limit **
   3  p2           3.00000e-02   1.54120e-04  -4.17058e-05** at limit **
   4  p3           5.98070e+01   1.98584e+00  -4.76273e-04  -4.08403e-05
   5  p4           2.13045e+01   9.45041e-01  -5.20619e-04   3.07609e-05
   6  p5           9.27313e-01   4.56577e-03   2.93586e-07  -4.18807e-04
   7  p6          -3.74811e-13   1.27347e-03  -1.21587e-04** at limit **
   8  p7           2.69864e-02   7.42307e-04   9.75971e-06  -5.51546e-03
                               ERR DEF= 0.5
 FCN=178.375 FROM MIGRAD    STATUS=CONVERGED    1696 CALLS        1697 TOTAL
                     EDM=3.61471e-10    STRATEGY= 1  ERROR MATRIX UNCERTAINTY   1.8 per cent
  EXT PARAMETER                                   STEP         FIRST   
  NO.   NAME      VALUE            ERROR          SIZE      DERIVATIVE 
   1  p0           3.42000e+01   9.16253e-02   5.53422e-05** at limit **
   2  p1           9.80000e-01   1.31219e-03   1.02145e-04** at limit **
   3  p2           3.00000e-02   3.47332e-04  -6.86849e-05** at limit **
   4  p3           3.54999e+01   2.22133e+00  -8.93983e-05   8.58944e-07
   5  p4           2.43220e+01   1.40105e+00   1.30459e-04  -2.09284e-05
   6  p5           8.75283e-01   6.58579e-03  -4.58778e-07  -3.15230e-03
   7  p6          -1.82521e-13   1.14144e-03  -8.33737e-05** at limit **
   8  p7           3.53284e-02   1.49072e-03   3.20284e-08   4.25817e-04
                               ERR DEF= 0.5
 FCN=183.025 FROM MIGRAD    STATUS=CONVERGED    1114 CALLS        1115 TOTAL
                     EDM=3.17434e-09    STRATEGY= 1  ERROR MATRIX UNCERTAINTY   3.2 per cent
  EXT PARAMETER                                   STEP         FIRST   
  NO.   NAME      VALUE            ERROR          SIZE      DERIVATIVE 
   1  p0           3.96000e+01   1.00507e-01  -9.99050e-05** at limit **
   2  p1           1.02000e+00   4.32944e-04   7.34846e-06** at limit **
   3  p2           3.00000e-02   1.13813e-04   2.72519e-05** at limit **
   4  p3           7.58807e+01   2.23549e+00   2.19422e-03  -2.58653e-06
   5  p4           2.19317e+01   8.46372e-01  -1.59648e-04  -3.04177e-05
   6  p5           9.25350e-01   3.92187e-03   1.11771e-06  -2.98153e-03
   7  p6          -1.44107e-13   6.21926e-04  -3.21656e-05** at limit **
   8  p7           2.64728e-02   6.26810e-04   1.32885e-05  -1.92059e-03
                               ERR DEF= 0.5
 FCN=197.428 FROM MIGRAD    STATUS=CONVERGED    1426 CALLS        1427 TOTAL
                     EDM=1.25954e-06    STRATEGY= 1      ERROR MATRIX ACCURATE 
  EXT PARAMETER                                   STEP         FIRST   
  NO.   NAME      VALUE            ERROR          SIZE      DERIVATIVE 
   1  p0           4.32000e+01   9.89413e-02   9.30253e-04** at limit **
   2  p1           1.02000e+00   2.49772e-04   1.53752e-03** at limit **
   3  p2           3.00000e-02   1.02836e-04   1.24692e-03** at limit **
   4  p3           9.09699e+01   2.58098e+00   1.58572e-02  -2.86613e-04
   5  p4           2.39819e+01   8.48122e-01   2.80740e-03  -1.56625e-03
   6  p5           9.24781e-01   3.41699e-03   1.22195e-05  -1.10551e-01
   7  p6          -2.88098e-11   4.01814e-04   3.89381e-04** at limit **
   8  p7           2.51851e-02   5.41748e-04   6.81529e-05   7.03060e-02
                               ERR DEF= 0.5

****************************************
Minimizer is Linear
Chi2                      =      12666.9
NDf                       =           14
p0                        =      1.01997   +/-   6.58442e-05 
p1                        = -8.88847e-08   +/-   4.63462e-08 
Calculation of survival fraction for 2104
 FCN=153.134 FROM MIGRAD    STATUS=CONVERGED     104 CALLS         105 TOTAL
                     EDM=1.22693e-07    STRATEGY= 1      ERROR MATRIX ACCURATE 
  EXT PARAMETER                                   STEP         FIRST   
  NO.   NAME      VALUE            ERROR          SIZE      DERIVATIVE 
   1  p0           1.91091e+02   4.50630e+00   3.08373e-02   7.58458e-06
   2  p1           2.10448e+03   5.07600e-02   1.00349e-03  -5.87373e-05
   3  p2           2.32794e+00   4.48106e-02   1.99950e-05  -1.13937e-02
   4  p3           3.42372e+01   3.67977e-01   3.04771e-03  -9.51708e-04
                               ERR DEF= 0.5
Area_tot = 6154
Area_tot_psa = 4092
Area = 3605
Area_psa = 2159
 FCN=148.708 FROM MIGRAD    STATUS=CONVERGED     106 CALLS         107 TOTAL
                     EDM=5.82932e-07    STRATEGY= 1      ERROR MATRIX ACCURATE 
  EXT PARAMETER                                   STEP         FIRST   
  NO.   NAME      VALUE            ERROR          SIZE      DERIVATIVE 
   1  p0           1.14547e+02   3.59178e+00   2.41287e-02   1.94700e-04
   2  p1           2.10435e+03   6.87229e-02   1.00343e-03   4.19905e-03
   3  p2           2.33956e+00   6.24800e-02   2.72464e-05   1.96376e-02
   4  p3           2.58040e+01   3.20432e-01   2.60490e-03   9.61898e-04
                               ERR DEF= 0.5
Calculation of survival fraction for 2614.5
 FCN=543.252 FROM MIGRAD    STATUS=CONVERGED     137 CALLS         138 TOTAL
                     EDM=6.77593e-10    STRATEGY= 1      ERROR MATRIX ACCURATE 
  EXT PARAMETER                                   STEP         FIRST   
  NO.   NAME      VALUE            ERROR          SIZE      DERIVATIVE 
   1  p0           1.74544e+03   1.17316e+01   1.52610e-01  -2.36691e-06
   2  p1           2.61451e+03   1.28894e-02   1.24669e-03  -4.17475e-04
   3  p2           2.34248e+00   9.57270e-03   8.18402e-06  -4.49651e-02
   4  p3           3.86694e+00   1.40300e-01   2.24255e-03  -3.31839e-05
                               ERR DEF= 0.5
Area_tot = 34521
Area_tot_psa = 25413
Area = 34179
Area_psa = 25174
 FCN=383.352 FROM MIGRAD    STATUS=CONVERGED      99 CALLS         100 TOTAL
                     EDM=4.86836e-09    STRATEGY= 1  ERROR MATRIX UNCERTAINTY   2.5 per cent
  EXT PARAMETER                                   STEP         FIRST   
  NO.   NAME      VALUE            ERROR          SIZE      DERIVATIVE 
   1  p0           1.27229e+03   9.92710e+00  -2.35345e-02   2.68658e-06
   2  p1           2.61443e+03   1.51228e-02  -9.60514e-06   3.89722e-03
   3  p2           2.36832e+00   1.11731e-02  -4.09933e-07  -6.01589e-02
   4  p3           2.35514e+00   1.16022e-01   2.36087e-04   2.36431e-04
                               ERR DEF= 0.5
Calculation of survival fraction background at 2039
Area = 7408
Area_psa = 5609
Calculation of survival fraction background at 2350
Area = 16491
Area_psa = 12669
