
[1mRooFit v3.60 -- Developed by Wouter Verkerke and David Kirkby[0m 
                Copyright (C) 2000-2013 NIKHEF, University of California & Stanford University
                All rights reserved, please read http://roofit.sourceforge.net/license.txt

Using file /nfs/gerda6/users/burlac/psd/analysis/run0098-cal_dplms.tier.root
Analizing channel 24
Standard analysis 
Total events = 17201607
event n.1000000
event n.2000000
event n.3000000
event n.4000000
event n.5000000
event n.6000000
event n.7000000
event n.8000000
event n.9000000
event n.10000000
event n.11000000
event n.12000000
event n.13000000
event n.14000000
event n.15000000
event n.16000000
event n.17000000
Selected events: 129576
The time to read waveforms: 37.61 s
Initialization of DEP&FEP background  = 16.5
 FCN=145.887 FROM MIGRAD    STATUS=CONVERGED     165 CALLS         166 TOTAL
                     EDM=2.94937e-08    STRATEGY= 1  ERROR MATRIX UNCERTAINTY   3.1 per cent
  EXT PARAMETER                                   STEP         FIRST   
  NO.   NAME      VALUE            ERROR          SIZE      DERIVATIVE 
   1  p0           1.28608e+02   5.28192e+00   4.16119e-03  -2.30602e-05
   2  p1           1.59244e+03   4.04250e-02   1.67125e-05   2.12611e-03
   3  p2           1.05780e+00   3.69859e-02  -2.22493e-06  -8.11360e-03
   4  p3           7.44676e+01   3.60078e+00   1.17035e-03   3.24459e-05
   5  p4           1.62068e+03   5.86152e-02   7.20212e-05   5.03910e-04
   6  p5           1.08069e+00   4.03936e-02  -6.59754e-07  -2.44672e-02
   7  p6           1.65952e+01   2.98532e-01   1.45588e-04  -3.40450e-04
                               ERR DEF= 0.5
mean_aoe = 0.0493
AoE: max = 1.70659 max = 0.0657233
 FCN=1.11537 FROM MIGRAD    STATUS=CONVERGED     360 CALLS         361 TOTAL
                     EDM=8.47976e-08    STRATEGY= 1  ERROR MATRIX UNCERTAINTY   5.7 per cent
  EXT PARAMETER                                   STEP         FIRST   
  NO.   NAME      VALUE            ERROR          SIZE      DERIVATIVE 
   1  p0           9.38974e-01   4.48782e-01  -1.06692e-03   4.47127e-04
   2  p1           9.96349e-01   4.47043e-03   7.17159e-06   4.08165e-02
   3  p2           1.11022e-02   3.49621e-03  -1.17296e-05  -5.13506e-03
   4  p3           6.06058e-03   6.71856e-03   9.36470e-06  -3.71511e-01
   5  p4           4.22297e-03   4.67848e-03   6.52127e-06   5.52897e-01
                               ERR DEF= 0.5
Total integral = 1232
AoE_lowCut = 1451 -> 0.967
CutIntegral = 1110
SF_dep = 0.900974
sigma_aoe = 0.0111022
 FCN=134.597 FROM MIGRAD    STATUS=CONVERGED     188 CALLS         189 TOTAL
                     EDM=1.75078e-08    STRATEGY= 1      ERROR MATRIX ACCURATE 
  EXT PARAMETER                                   STEP         FIRST   
  NO.   NAME      VALUE            ERROR          SIZE      DERIVATIVE 
   1  p0           1.20162e+02   5.01250e+00   3.15518e-02   1.30175e-05
   2  p1           1.59247e+03   3.91217e-02   7.59350e-04   6.60797e-05
   3  p2           1.06995e+00   3.48049e-02   2.09705e-05   2.38288e-02
   4  p3           1.40930e+01   2.15585e+00   1.40929e-02   5.05582e-05
   5  p4           1.62046e+03   1.85554e-01   1.43378e-03   1.97661e-04
   6  p5           1.14000e+00   1.62455e-01   9.62878e-05   7.40853e-03
   7  p6           8.71811e+00   2.22181e-01   1.69726e-03   2.84133e-04
                               ERR DEF= 0.5
AreaDEP_tot = 1743
Area_DEP_tot_psa = 1413
AreaDEP = 1227
Area_DEP_psa = 1106
Area_FEP_tot = 1240
Area_FEP_tot_psa = 447
Area_FEP = 621
Area_FEP_psa = 99
Calculation of AoE vs E correction
 FCN=100.175 FROM MIGRAD    STATUS=CONVERGED    1487 CALLS        1488 TOTAL
                     EDM=7.92623e-07    STRATEGY= 1      ERROR MATRIX ACCURATE 
  EXT PARAMETER                                   STEP         FIRST   
  NO.   NAME      VALUE            ERROR          SIZE      DERIVATIVE 
   1  p0           6.12196e+01   3.23928e+00   6.37599e-04  -1.64429e-03
   2  p1           9.98669e-01   6.50731e-04   2.00456e-04   3.05037e-03
   3  p2           1.66642e-02   7.01751e-04   2.13009e-04   3.44536e-03
   4  p3           1.41367e+01   1.17529e+00   2.83903e-03  -1.24093e-03
   5  p4           2.92615e+00   4.37011e-01   1.16461e-03   4.24833e-03
   6  p5           1.00910e+00   1.32804e-02   2.43616e-05   7.01582e-02
   7  p6          -1.94169e-08   7.40275e-01   9.95221e-03** at limit **
   8  p7           1.74473e-02   3.84636e-03   3.04027e-04   9.01816e-04
                               ERR DEF= 0.5
 FCN=95.7839 FROM MIGRAD    STATUS=CONVERGED    1316 CALLS        1317 TOTAL
                     EDM=2.76218e-08    STRATEGY= 1      ERROR MATRIX ACCURATE 
  EXT PARAMETER                                   STEP         FIRST   
  NO.   NAME      VALUE            ERROR          SIZE      DERIVATIVE 
   1  p0           6.34379e+01   2.88729e+00   5.97437e-04  -4.70932e-04
   2  p1           9.97818e-01   5.92023e-04   1.76662e-04  -2.24461e-04
   3  p2           1.53696e-02   5.15514e-04   1.82881e-04  -1.33228e-03
   4  p3           1.18336e+01   9.60756e-01   2.62181e-03  -9.98014e-05
   5  p4           3.46737e+00   4.92732e-01   1.36183e-03   1.04317e-04
   6  p5           9.99339e-01   1.08249e-02   2.77579e-05   5.00831e-03
   7  p6          -8.01526e-09   6.73578e-01   8.25255e-03** at limit **
   8  p7           1.69150e-02   2.92082e-03   3.20505e-04   2.90880e-04
                               ERR DEF= 0.5
 FCN=109.385 FROM MIGRAD    STATUS=CONVERGED    1170 CALLS        1171 TOTAL
                     EDM=3.70742e-08    STRATEGY= 1      ERROR MATRIX ACCURATE 
  EXT PARAMETER                                   STEP         FIRST   
  NO.   NAME      VALUE            ERROR          SIZE      DERIVATIVE 
   1  p0           6.28544e+01   2.84410e+00   6.93869e-04  -1.65303e-04
   2  p1           9.96561e-01   5.51441e-04   1.81169e-04   1.67984e-03
   3  p2           1.32311e-02   5.11946e-04   1.99507e-04  -8.30031e-04
   4  p3           1.26444e+01   9.99110e-01   3.09159e-03  -3.09073e-04
   5  p4           4.61751e+00   5.17611e-01   1.59102e-03   7.37199e-04
   6  p5           9.98419e-01   8.50047e-03   2.50601e-05   2.60223e-02
   7  p6          -2.61207e-10   1.34017e-01   5.41437e-03** at limit **
   8  p7           1.74833e-02   2.52171e-03   2.98224e-04  -2.48700e-05
                               ERR DEF= 0.5
 FCN=94.2954 FROM MIGRAD    STATUS=CONVERGED    1198 CALLS        1199 TOTAL
                     EDM=3.81963e-08    STRATEGY= 1      ERROR MATRIX ACCURATE 
  EXT PARAMETER                                   STEP         FIRST   
  NO.   NAME      VALUE            ERROR          SIZE      DERIVATIVE 
   1  p0           6.69391e+01   2.85551e+00   6.29787e-04  -1.65380e-04
   2  p1           9.95990e-01   4.97144e-04   1.59017e-04  -5.72138e-04
   3  p2           1.29343e-02   4.75658e-04   1.77273e-04  -3.70401e-04
   4  p3           1.03535e+01   8.56060e-01   2.43707e-03  -1.54981e-04
   5  p4           3.57675e+00   5.22140e-01   1.45174e-03   1.19556e-04
   6  p5           1.00130e+00   8.83578e-03   2.58497e-05  -3.16350e-03
   7  p6          -8.18641e-09   6.26130e-01   6.92440e-03** at limit **
   8  p7           1.79800e-02   2.79372e-03   3.11764e-04  -2.46411e-04
                               ERR DEF= 0.5
 FCN=122.632 FROM MIGRAD    STATUS=CONVERGED     935 CALLS         936 TOTAL
                     EDM=1.29745e-06    STRATEGY= 1      ERROR MATRIX ACCURATE 
  EXT PARAMETER                                   STEP         FIRST   
  NO.   NAME      VALUE            ERROR          SIZE      DERIVATIVE 
   1  p0           6.88636e+01   3.00676e+00   7.30922e-04   3.31761e-04
   2  p1           9.95698e-01   5.07713e-04   1.72074e-04   2.46266e-02
   3  p2           1.18219e-02   4.68932e-04   1.97285e-04   8.59130e-03
   4  p3           1.39192e+01   9.84161e-01   3.56897e-03  -1.50712e-03
   5  p4           5.52394e+00   5.34972e-01   1.80424e-03   3.81810e-03
   6  p5           9.89281e-01   8.13484e-03   2.57365e-05   2.38103e-01
   7  p6          -7.76081e-10   7.79367e-02   4.30357e-03** at limit **
   8  p7           1.68774e-02   2.13063e-03   3.02092e-04   8.28728e-03
                               ERR DEF= 0.5
 FCN=110.006 FROM MIGRAD    STATUS=CONVERGED     836 CALLS         837 TOTAL
                     EDM=2.11564e-07    STRATEGY= 1  ERROR MATRIX UNCERTAINTY   2.0 per cent
  EXT PARAMETER                                   STEP         FIRST   
  NO.   NAME      VALUE            ERROR          SIZE      DERIVATIVE 
   1  p0           6.56145e+01   3.14611e+00  -9.22812e-05  -2.48097e-03
   2  p1           9.95914e-01   4.95226e-04  -1.85004e-05  -4.09176e-03
   3  p2           1.12432e-02   4.39634e-04   2.07578e-05  -9.47438e-03
   4  p3           1.44559e+01   1.01452e+00  -7.99428e-04  -7.72069e-04
   5  p4           5.78606e+00   5.00818e-01  -6.15687e-04   1.14926e-03
   6  p5           9.93223e-01   6.61802e-03   1.03687e-05   3.88764e-02
   7  p6          -1.92103e-09   4.39097e-02   1.76465e-03** at limit **
   8  p7           1.41812e-02   1.75830e-03  -1.02879e-04  -4.31126e-03
                               ERR DEF= 0.5
 FCN=123.018 FROM MIGRAD    STATUS=CONVERGED     895 CALLS         896 TOTAL
                     EDM=1.31528e-07    STRATEGY= 1      ERROR MATRIX ACCURATE 
  EXT PARAMETER                                   STEP         FIRST   
  NO.   NAME      VALUE            ERROR          SIZE      DERIVATIVE 
   1  p0           6.81031e+01   2.96440e+00   7.63364e-04   8.70504e-04
   2  p1           9.93649e-01   4.51088e-04   1.65740e-04   3.93254e-03
   3  p2           1.08676e-02   3.84333e-04   1.89568e-04   9.15963e-04
   4  p3           1.30113e+01   8.93387e-01   3.58501e-03  -9.32197e-05
   5  p4           6.50992e+00   6.66756e-01   2.12662e-03   2.36369e-05
   6  p5           9.76468e-01   8.01230e-03   2.73897e-05   1.56723e-02
   7  p6          -4.22710e-09   5.56622e-02   3.62057e-03** at limit **
   8  p7           1.92162e-02   1.98899e-03   2.99396e-04   4.66242e-03
                               ERR DEF= 0.5
 FCN=116.387 FROM MIGRAD    STATUS=CONVERGED     670 CALLS         671 TOTAL
                     EDM=3.26038e-09    STRATEGY= 1  ERROR MATRIX UNCERTAINTY   1.1 per cent
  EXT PARAMETER                                   STEP         FIRST   
  NO.   NAME      VALUE            ERROR          SIZE      DERIVATIVE 
   1  p0           7.46872e+01   3.63808e+00   4.89929e-05   6.02260e-04
   2  p1           9.93450e-01   4.52255e-04  -1.48337e-05   1.46449e-03
   3  p2           9.35199e-03   3.95421e-04  -1.31577e-05   1.13975e-03
   4  p3           2.14676e+01   1.30834e+00   2.92166e-04   3.48384e-06
   5  p4           8.41052e+00   5.05028e-01   8.46616e-05   4.25151e-05
   6  p5           9.87521e-01   4.70934e-03  -2.05318e-06   7.85351e-03
   7  p6          -2.84817e-12   5.79803e-03  -1.22103e-04** at limit **
   8  p7           1.25929e-02   1.20676e-03   1.59343e-06  -3.89026e-04
                               ERR DEF= 0.5
 FCN=102.839 FROM MIGRAD    STATUS=CONVERGED     805 CALLS         806 TOTAL
                     EDM=4.98392e-07    STRATEGY= 1      ERROR MATRIX ACCURATE 
  EXT PARAMETER                                   STEP         FIRST   
  NO.   NAME      VALUE            ERROR          SIZE      DERIVATIVE 
   1  p0           7.19075e+01   3.25729e+00   7.38235e-04  -3.32781e-04
   2  p1           9.91453e-01   4.65942e-04   1.53121e-04  -6.30522e-03
   3  p2           1.00008e-02   4.07015e-04   1.80074e-04   9.65484e-03
   4  p3           2.16027e+01   1.16530e+00   4.62615e-03   1.99100e-04
   5  p4           8.42653e+00   1.99946e+00   1.77737e-03   2.00166e-04
   6  p5           9.71712e-01   7.76595e-03   1.78259e-05   2.26106e-02
   7  p6          -8.33039e-03   1.07460e-01   6.96349e-04  -1.22986e-03
   8  p7           1.67250e-02   1.50153e-03   2.13134e-04  -2.35684e-03
                               ERR DEF= 0.5
 FCN=103.822 FROM MIGRAD    STATUS=CONVERGED     711 CALLS         712 TOTAL
                     EDM=1.03521e-06    STRATEGY= 1      ERROR MATRIX ACCURATE 
  EXT PARAMETER                                   STEP         FIRST   
  NO.   NAME      VALUE            ERROR          SIZE      DERIVATIVE 
   1  p0           8.54857e+01   3.64752e+00   7.30608e-04   6.32047e-04
   2  p1           9.92253e-01   4.07451e-04   1.30244e-04   6.89894e-03
   3  p2           9.10584e-03   3.47650e-04   1.67371e-04   8.40368e-03
   4  p3           2.58417e+01   1.99299e+00   5.26180e-03  -2.59284e-04
   5  p4           5.65541e+00   1.69194e+00   9.02878e-04   3.13300e-03
   6  p5           9.73406e-01   6.60262e-03   1.62801e-05   2.92004e-01
   7  p6          -1.53332e-01   1.03804e-01   1.50120e-04  -1.40768e-02
   8  p7           1.62636e-02   1.46232e-03   2.23339e-04   1.96205e-02
                               ERR DEF= 0.5
 FCN=111.768 FROM MIGRAD    STATUS=CONVERGED     714 CALLS         715 TOTAL
                     EDM=7.43228e-07    STRATEGY= 1  ERROR MATRIX UNCERTAINTY   3.2 per cent
  EXT PARAMETER                                   STEP         FIRST   
  NO.   NAME      VALUE            ERROR          SIZE      DERIVATIVE 
   1  p0           8.10092e+01   3.63114e+00   1.50433e-04  -2.47982e-04
   2  p1           9.90875e-01   4.70013e-04   5.62755e-05   1.66664e-02
   3  p2           9.69727e-03   3.99418e-04  -9.52577e-05  -9.25625e-03
   4  p3           2.03032e+01   1.20568e+00  -3.88396e-03  -1.33425e-03
   5  p4           6.99056e+00   4.87691e-01  -1.90116e-03   3.62614e-03
   6  p5           9.82671e-01   5.37912e-03   7.38760e-07   1.14109e-01
   7  p6          -6.05227e-12   3.05074e-02   2.40255e-03** at limit **
   8  p7           1.32056e-02   1.39527e-03   9.55289e-05  -7.37290e-03
                               ERR DEF= 0.5
 FCN=112.348 FROM MIGRAD    STATUS=CONVERGED     715 CALLS         716 TOTAL
                     EDM=1.92996e-07    STRATEGY= 1  ERROR MATRIX UNCERTAINTY   2.5 per cent
  EXT PARAMETER                                   STEP         FIRST   
  NO.   NAME      VALUE            ERROR          SIZE      DERIVATIVE 
   1  p0           7.63353e+01   3.72743e+00  -7.64823e-05   1.55410e-03
   2  p1           9.90726e-01   4.92901e-04   7.13243e-06   5.62640e-03
   3  p2           9.23642e-03   4.27163e-04  -6.13943e-05   1.28675e-02
   4  p3           2.28148e+01   1.42067e+00   3.69787e-04   3.00936e-04
   5  p4           8.03629e+00   4.70709e-01  -5.79873e-04  -8.94451e-04
   6  p5           9.87019e-01   4.08596e-03   1.49794e-06   6.42754e-02
   7  p6          -1.38260e-09   1.29646e-02  -1.39108e-04** at limit **
   8  p7           1.14427e-02   1.10502e-03  -1.87792e-05   2.26384e-03
                               ERR DEF= 0.5
 FCN=139.887 FROM MIGRAD    STATUS=CONVERGED     710 CALLS         711 TOTAL
                     EDM=3.87887e-10    STRATEGY= 1  ERROR MATRIX UNCERTAINTY   0.0 per cent
  EXT PARAMETER                                   STEP         FIRST   
  NO.   NAME      VALUE            ERROR          SIZE      DERIVATIVE 
   1  p0           9.24513e+01   4.20233e+00  -1.62733e-05  -4.69681e-06
   2  p1           9.90155e-01   4.03633e-04  -1.51060e-05   1.50463e-05
   3  p2           8.48517e-03   3.41714e-04   2.00408e-05   5.86999e-06
   4  p3           2.49138e+01   1.37789e+00  -3.26452e-03   2.94485e-06
   5  p4           7.41110e+00   4.19268e-01  -1.37295e-03  -1.07220e-05
   6  p5           9.86950e-01   3.32901e-03   2.38592e-06   1.89478e-04
   7  p6          -9.63385e-12   1.24581e-02   1.78240e-03** at limit **
   8  p7           1.12771e-02   9.65474e-04  -5.68212e-06   1.63319e-05
                               ERR DEF= 0.5
 FCN=131.529 FROM MIGRAD    STATUS=CONVERGED     715 CALLS         716 TOTAL
                     EDM=8.80309e-08    STRATEGY= 1  ERROR MATRIX UNCERTAINTY   1.8 per cent
  EXT PARAMETER                                   STEP         FIRST   
  NO.   NAME      VALUE            ERROR          SIZE      DERIVATIVE 
   1  p0           1.11992e+02   4.35375e+00  -2.32150e-04  -9.89960e-04
   2  p1           9.88602e-01   3.58124e-04  -2.75663e-05  -5.94547e-03
   3  p2           9.04013e-03   2.98794e-04   6.75521e-05  -3.32647e-03
   4  p3           2.69887e+01   1.39735e+00  -1.52059e-03  -2.66569e-04
   5  p4           7.84056e+00   4.29205e-01  -1.21630e-03   8.36936e-04
   6  p5           9.82915e-01   3.77369e-03   4.28381e-07   2.97694e-02
   7  p6          -1.43337e-09   1.06683e-02  -2.57955e-04** at limit **
   8  p7           1.35567e-02   1.07008e-03  -3.71700e-06  -8.82891e-04
                               ERR DEF= 0.5
 FCN=140.571 FROM MIGRAD    STATUS=CONVERGED     773 CALLS         774 TOTAL
                     EDM=1.41339e-07    STRATEGY= 1      ERROR MATRIX ACCURATE 
  EXT PARAMETER                                   STEP         FIRST   
  NO.   NAME      VALUE            ERROR          SIZE      DERIVATIVE 
   1  p0           1.31319e+02   4.79787e+00   7.24080e-04  -5.21268e-04
   2  p1           9.88568e-01   3.40204e-04   1.39013e-04   6.03866e-04
   3  p2           8.82312e-03   2.79893e-04   1.63672e-04   6.86085e-03
   4  p3           3.30592e+01   1.64494e+00   6.83116e-03  -1.49160e-04
   5  p4           8.69852e+00   4.07665e-01   1.71914e-03   5.06821e-04
   6  p5           9.82494e-01   2.98029e-03   1.38365e-05  -4.90257e-03
   7  p6          -2.34205e-11   3.58596e-03   9.80326e-04** at limit **
   8  p7           1.19935e-02   8.37529e-04   2.05462e-04  -1.00779e-02
                               ERR DEF= 0.5
 FCN=145.644 FROM MIGRAD    STATUS=CONVERGED     769 CALLS         770 TOTAL
                     EDM=3.13011e-07    STRATEGY= 1  ERROR MATRIX UNCERTAINTY   1.6 per cent
  EXT PARAMETER                                   STEP         FIRST   
  NO.   NAME      VALUE            ERROR          SIZE      DERIVATIVE 
   1  p0           1.56348e+02   5.20963e+00   1.34751e-04   3.48352e-03
   2  p1           9.88306e-01   3.10102e-04  -2.43816e-05  -6.37607e-03
   3  p2           8.77893e-03   2.57312e-04   7.09248e-06   5.93022e-03
   4  p3           3.56434e+01   1.73987e+00   2.09648e-03   1.81926e-04
   5  p4           8.47265e+00   3.81311e-01  -9.88796e-04   8.48856e-04
   6  p5           9.86162e-01   2.58935e-03   1.37181e-06   5.91932e-02
   7  p6          -8.69258e-10   3.28155e-03  -4.09949e-04** at limit **
   8  p7           1.14825e-02   7.75012e-04   5.95011e-05   4.64257e-03
                               ERR DEF= 0.5

****************************************
Minimizer is Linear
Chi2                      =      15.0224
NDf                       =           14
p0                        =      1.00533   +/-   0.000480089 
p1                        = -7.24174e-06   +/-   2.51896e-07 
Calculation of survival fraction for 2104
 FCN=161.486 FROM MIGRAD    STATUS=CONVERGED     103 CALLS         104 TOTAL
                     EDM=5.21564e-08    STRATEGY= 1      ERROR MATRIX ACCURATE 
  EXT PARAMETER                                   STEP         FIRST   
  NO.   NAME      VALUE            ERROR          SIZE      DERIVATIVE 
   1  p0           1.22382e+02   4.38102e+00   3.04938e-02   1.88738e-05
   2  p1           2.10330e+03   5.09766e-02   1.00293e-03   2.24570e-03
   3  p2           1.55714e+00   4.59511e-02   2.55019e-05  -2.41262e-02
   4  p3           1.85038e+01   2.65650e-01   2.28344e-03   4.15769e-04
                               ERR DEF= 0.5
Area_tot = 2504
Area_tot_psa = 690
Area = 1602
Area_psa = 237
 FCN=146.107 FROM MIGRAD    STATUS=CONVERGED      86 CALLS          87 TOTAL
                     EDM=9.78924e-07    STRATEGY= 1      ERROR MATRIX ACCURATE 
  EXT PARAMETER                                   STEP         FIRST   
  NO.   NAME      VALUE            ERROR          SIZE      DERIVATIVE 
   1  p0           1.83820e+01   2.14136e+00   1.42141e-02  -3.08414e-05
   2  p1           2.10314e+03   1.64774e-01   1.36951e-03  -5.84698e-03
   3  p2           1.41520e+00   1.58335e-01   8.75916e-05  -2.85183e-02
   4  p3           9.38350e+00   1.90044e-01   1.54318e-03  -3.97666e-04
                               ERR DEF= 0.5
Calculation of survival fraction for 2614.5
 FCN=256.602 FROM MIGRAD    STATUS=CONVERGED     163 CALLS         164 TOTAL
                     EDM=6.99649e-08    STRATEGY= 1      ERROR MATRIX ACCURATE 
  EXT PARAMETER                                   STEP         FIRST   
  NO.   NAME      VALUE            ERROR          SIZE      DERIVATIVE 
   1  p0           1.16440e+03   1.32509e+01   1.18731e-01  -1.18244e-05
   2  p1           2.61468e+03   1.13232e-02   1.24678e-03  -5.72235e-03
   3  p2           1.21740e+00   8.31303e-03   6.77671e-06   1.48230e-01
   4  p3           1.26916e+00   8.62692e-02   9.51738e-04  -8.75159e-04
                               ERR DEF= 0.5
Area_tot = 11922
Area_tot_psa = 2330
Area = 11829
Area_psa = 2319
 FCN=127.958 FROM MIGRAD    STATUS=CONVERGED     206 CALLS         207 TOTAL
                     EDM=2.81237e-08    STRATEGY= 1  ERROR MATRIX UNCERTAINTY   2.0 per cent
  EXT PARAMETER                                   STEP         FIRST   
  NO.   NAME      VALUE            ERROR          SIZE      DERIVATIVE 
   1  p0           2.28227e+02   5.85427e+00  -3.84961e-02  -2.29394e-05
   2  p1           2.61476e+03   2.54640e-02  -3.29902e-04  -1.74219e-03
   3  p2           1.21388e+00   1.83112e-02   7.56942e-06  -1.11846e-01
   4  p3           2.72249e-02   1.10675e-02  -3.90357e-05   1.39987e-02
                               ERR DEF= 0.5
Calculation of survival fraction background at 2039
Area = 4173
Area_psa = 2143
