
[1mRooFit v3.60 -- Developed by Wouter Verkerke and David Kirkby[0m 
                Copyright (C) 2000-2013 NIKHEF, University of California & Stanford University
                All rights reserved, please read http://roofit.sourceforge.net/license.txt

Using file /nfs/gerda6/users/burlac/psd/analysis/run0098-cal_dplms_10.tier.root
Analizing channel 30
Standard analysis 
Total events = 17201607
event n.1000000
event n.2000000
event n.3000000
event n.4000000
event n.5000000
event n.6000000
event n.7000000
event n.8000000
event n.9000000
event n.10000000
event n.11000000
event n.12000000
event n.13000000
event n.14000000
event n.15000000
event n.16000000
event n.17000000
Selected events: 86230
The time to read waveforms: 27.17 s
Initialization of DEP&FEP background  = 8.5
 FCN=108.455 FROM MIGRAD    STATUS=CONVERGED     227 CALLS         228 TOTAL
                     EDM=7.0256e-07    STRATEGY= 1      ERROR MATRIX ACCURATE 
  EXT PARAMETER                                   STEP         FIRST   
  NO.   NAME      VALUE            ERROR          SIZE      DERIVATIVE 
   1  p0           1.47255e+02   5.93839e+00   3.38675e-02  -1.53460e-05
   2  p1           1.59278e+03   3.25584e-02   7.59495e-04   1.21493e-02
   3  p2           9.17110e-01   2.80926e-02   1.65876e-05  -4.38650e-02
   4  p3           4.82933e+01   3.98045e+00   2.19992e-02   5.30545e-05
   5  p4           1.62094e+03   6.72390e-02   7.72924e-04   5.22431e-03
   6  p5           8.79208e-01   6.91949e-02   4.03127e-05   3.24975e-02
   7  p6           1.06891e+01   2.41110e-01   1.67232e-03  -2.43126e-03
                               ERR DEF= 0.5
mean_aoe = 0.0517
AoE: max = 1.68653 max = 0.0391279
 FCN=0.873518 FROM MIGRAD    STATUS=CONVERGED     321 CALLS         322 TOTAL
                     EDM=5.84022e-07    STRATEGY= 1  ERROR MATRIX UNCERTAINTY   3.4 per cent
  EXT PARAMETER                                   STEP         FIRST   
  NO.   NAME      VALUE            ERROR          SIZE      DERIVATIVE 
   1  p0           8.77528e-01   5.07130e-01   5.33259e-03  -7.24206e-04
   2  p1           9.99803e-01   4.10903e-03  -9.87998e-06  -4.89807e-02
   3  p2           8.48778e-03   3.17037e-03  -2.23335e-04  -3.20901e-02
   4  p3           4.38210e-03   5.38920e-03   4.12262e-05   9.71305e-01
   5  p4           3.41087e-03   4.19200e-03   3.20693e-05  -1.38390e+00
                               ERR DEF= 0.5
Total integral = 1083
Bin number = 100  AoE_lowCut = 52 -> 1.03
CutIntegral = 525
SF_dep = 0.484765
sigma_aoe = 0.00848778
Total integral = 1083
Bin number = 250  AoE_lowCut = 125 -> 0.996
CutIntegral = 971
SF_dep = 0.896584
sigma_aoe = 0.00848778
Total integral = 1083
Bin number = 500  AoE_lowCut = 248 -> 0.99
CutIntegral = 971
SF_dep = 0.896584
sigma_aoe = 0.00848778
Total integral = 1083
Bin number = 1000  AoE_lowCut = 494 -> 0.987
CutIntegral = 971
SF_dep = 0.896584
sigma_aoe = 0.00848778
Total integral = 1083
Bin number = 1500  AoE_lowCut = 740 -> 0.986
CutIntegral = 971
SF_dep = 0.896584
sigma_aoe = 0.00848778
Total integral = 1083
Bin number = 2000  AoE_lowCut = 985 -> 0.9845
CutIntegral = 977
SF_dep = 0.902124
sigma_aoe = 0.00848778
Total integral = 1083
Bin number = 2500  AoE_lowCut = 1231 -> 0.9844
CutIntegral = 978
SF_dep = 0.903047
sigma_aoe = 0.00848778
Total integral = 1083
Bin number = 3000  AoE_lowCut = 1477 -> 0.984333
CutIntegral = 976
SF_dep = 0.9012
sigma_aoe = 0.00848778
Total integral = 1083
Bin number = 3500  AoE_lowCut = 1723 -> 0.984286
CutIntegral = 976
SF_dep = 0.9012
sigma_aoe = 0.00848778
Total integral = 1083
Bin number = 4000  AoE_lowCut = 1968 -> 0.98375
CutIntegral = 977
SF_dep = 0.902124
sigma_aoe = 0.00848778
Total integral = 1083
Bin number = 4500  AoE_lowCut = 2214 -> 0.983778
CutIntegral = 976
SF_dep = 0.9012
sigma_aoe = 0.00848778
Total integral = 1083
Bin number = 5000  AoE_lowCut = 2460 -> 0.9838
CutIntegral = 978
SF_dep = 0.903047
sigma_aoe = 0.00848778
Total integral = 1083
Bin number = 6000  AoE_lowCut = 2951 -> 0.9835
CutIntegral = 977
SF_dep = 0.902124
sigma_aoe = 0.00848778
Total integral = 1083
Bin number = 7000  AoE_lowCut = 3443 -> 0.983571
CutIntegral = 976
SF_dep = 0.9012
sigma_aoe = 0.00848778
Total integral = 1083
Bin number = 8000  AoE_lowCut = 3934 -> 0.983375
CutIntegral = 977
SF_dep = 0.902124
sigma_aoe = 0.00848778
Total integral = 1083
Bin number = 9000  AoE_lowCut = 4426 -> 0.983444
CutIntegral = 976
SF_dep = 0.9012
sigma_aoe = 0.00848778
Total integral = 1083
Bin number = 10000  AoE_lowCut = 4917 -> 0.9833
CutIntegral = 977
SF_dep = 0.902124
sigma_aoe = 0.00848778
