
[1mRooFit v3.60 -- Developed by Wouter Verkerke and David Kirkby[0m 
                Copyright (C) 2000-2013 NIKHEF, University of California & Stanford University
                All rights reserved, please read http://roofit.sourceforge.net/license.txt

Using file /nfs/gerda6/users/burlac/psd/analysis/run0098-cal_dplms_10.tier.root
Analizing channel 14
DPLMS analysis with weight 10
Total events = 17201607
event n.1000000
event n.2000000
event n.3000000
event n.4000000
event n.5000000
event n.6000000
event n.7000000
event n.8000000
event n.9000000
event n.10000000
event n.11000000
event n.12000000
event n.13000000
event n.14000000
event n.15000000
event n.16000000
event n.17000000
Selected events: 91527
The time to read waveforms: 47.93 s
Initialization of DEP&FEP background  = 9
 FCN=128.553 FROM MIGRAD    STATUS=CONVERGED     180 CALLS         181 TOTAL
                     EDM=1.45701e-07    STRATEGY= 1  ERROR MATRIX UNCERTAINTY   3.6 per cent
  EXT PARAMETER                                   STEP         FIRST   
  NO.   NAME      VALUE            ERROR          SIZE      DERIVATIVE 
   1  p0           1.08583e+02   4.80665e+00  -1.14004e-04   3.37084e-05
   2  p1           1.59245e+03   4.01112e-02   5.12821e-05   6.41943e-03
   3  p2           9.59236e-01   3.55410e-02   1.73823e-06  -6.02523e-02
   4  p3           5.89639e+01   3.74833e+00   4.21258e-03  -6.14978e-05
   5  p4           1.62070e+03   5.67662e-02   4.05560e-06   7.72877e-04
   6  p5           8.74913e-01   4.55799e-02  -1.15608e-06   5.02170e-02
   7  p6           1.08399e+01   2.35154e-01   1.58562e-04   5.64606e-04
                               ERR DEF= 0.5
mean_aoe = 0.1523
AoE: max = 1.41756 max = 0.0725416
 FCN=0.589147 FROM MIGRAD    STATUS=CONVERGED     334 CALLS         335 TOTAL
                     EDM=7.16602e-09    STRATEGY= 1  ERROR MATRIX UNCERTAINTY   1.3 per cent
  EXT PARAMETER                                   STEP         FIRST   
  NO.   NAME      VALUE            ERROR          SIZE      DERIVATIVE 
   1  p0           1.08915e+00   7.65705e-01   3.57500e-04  -1.39861e-04
   2  p1           9.99946e-01   2.54141e-03  -1.85513e-06  -1.87513e-02
   3  p2           4.28215e-03   1.94032e-03  -3.97628e-05  -3.93579e-03
   4  p3           2.13946e-03   3.51405e-03   2.84868e-06   9.83151e-01
   5  p4           1.83023e-03   3.00258e-03   2.43417e-06  -1.16499e+00
                               ERR DEF= 0.5
Analysis with a fixed bin for LowCut
Total integral = 823
AoE_lowCut = 1991 -> 0.99525
CutIntegral = 744
SF_dep = 0.90401
sigma_aoe = 0.00428215
 FCN=123.287 FROM MIGRAD    STATUS=CONVERGED     187 CALLS         188 TOTAL
                     EDM=4.28516e-07    STRATEGY= 1      ERROR MATRIX ACCURATE 
  EXT PARAMETER                                   STEP         FIRST   
  NO.   NAME      VALUE            ERROR          SIZE      DERIVATIVE 
   1  p0           8.73282e+01   4.37064e+00   2.65107e-02  -9.98239e-05
   2  p1           1.59242e+03   4.25440e-02   7.59327e-04  -4.07890e-03
   3  p2           9.78956e-01   3.65337e-02   2.22260e-05  -1.27858e-01
   4  p3           8.17712e+00   2.05222e+00   1.30901e-02  -1.53961e-04
   5  p4           1.62039e+03   1.85863e-01   1.38959e-03   1.82590e-03
   6  p5           6.93160e-01   1.53909e-01   1.15297e-04  -2.66404e-02
   7  p6           4.46845e+00   1.59265e-01   1.18661e-03  -1.03184e-03
                               ERR DEF= 0.5
AreaDEP_tot = 1227
Area_DEP_tot_psa = 876
AreaDEP = 782
Area_DEP_psa = 688
Area_FEP_tot = 739
Area_FEP_tot_psa = 179
Area_FEP = 408
Area_FEP_psa = 37
Calculation of AoE vs E correction
 FCN=102.827 FROM MIGRAD    STATUS=CONVERGED     774 CALLS         775 TOTAL
                     EDM=3.10185e-08    STRATEGY= 1  ERROR MATRIX UNCERTAINTY   2.3 per cent
  EXT PARAMETER                                   STEP         FIRST   
  NO.   NAME      VALUE            ERROR          SIZE      DERIVATIVE 
   1  p0           1.16717e+02   4.88845e+00  -4.21741e-05  -3.42006e-04
   2  p1           1.00047e+00   2.68100e-04   9.87200e-07   7.32267e-04
   3  p2           6.99579e-03   2.48972e-04  -1.20798e-05  -1.82705e-03
   4  p3           1.72315e+01   1.04517e+00   4.23677e-04  -2.53320e-04
   5  p4           6.52417e+00   4.39886e-01   2.18821e-04   8.34030e-04
   6  p5           1.00245e+00   3.89916e-03  -7.35344e-07  -1.55936e-02
   7  p6          -3.89562e-11   1.45196e-02  -4.58243e-04** at limit **
   8  p7           1.27951e-02   1.26908e-03  -2.33145e-05  -2.55273e-03
                               ERR DEF= 0.5
 FCN=127.74 FROM MIGRAD    STATUS=CONVERGED    1069 CALLS        1070 TOTAL
                     EDM=5.16122e-07    STRATEGY= 1  ERROR MATRIX UNCERTAINTY   2.8 per cent
  EXT PARAMETER                                   STEP         FIRST   
  NO.   NAME      VALUE            ERROR          SIZE      DERIVATIVE 
   1  p0           1.18639e+02   5.50696e+00   1.10450e-07  -1.79424e-01
   2  p1           1.00045e+00   2.45064e-04   1.58480e-05  -6.92515e-01
   3  p2           6.03658e-03   2.22050e-04   2.35605e-05  -4.78005e-01
   4  p3           1.55698e+01   9.24167e-01   1.77874e-03   1.81267e-02
   5  p4           6.75837e+00   2.29043e-01   5.36605e-04  -1.15365e+00
   6  p5           1.00165e+00   3.23894e-03  -9.00843e-06  -8.75198e+00
   7  p6          -1.40615e-02   9.03706e-03   1.63894e-04   3.13092e+00
   8  p7           1.47234e-02   1.20080e-03   5.81015e-05   2.94778e-01
                               ERR DEF= 0.5
 FCN=123.073 FROM MIGRAD    STATUS=CONVERGED    1023 CALLS        1024 TOTAL
                     EDM=4.48967e-07    STRATEGY= 1  ERROR MATRIX UNCERTAINTY   2.0 per cent
  EXT PARAMETER                                   STEP         FIRST   
  NO.   NAME      VALUE            ERROR          SIZE      DERIVATIVE 
   1  p0           1.19380e+02   5.30456e+00  -3.32251e-04  -1.72773e-03
   2  p1           1.00062e+00   2.38536e-04  -2.19342e-05  -1.77101e-04
   3  p2           5.66751e-03   2.09997e-04   6.23681e-05   8.45432e-03
   4  p3           1.40325e+01   9.42144e-01   8.17732e-04  -4.65733e-04
   5  p4           7.41796e+00   5.28512e-01   1.71071e-04   2.07104e-03
   6  p5           1.00129e+00   3.55180e-03   4.05352e-06   1.53366e-01
   7  p6          -2.16897e-09   1.41747e-02  -1.19794e-03** at limit **
   8  p7           1.29256e-02   1.24737e-03   3.45258e-05   6.64458e-03
                               ERR DEF= 0.5
 FCN=122.744 FROM MIGRAD    STATUS=CONVERGED    1181 CALLS        1182 TOTAL
                     EDM=3.79584e-08    STRATEGY= 1      ERROR MATRIX ACCURATE 
  EXT PARAMETER                                   STEP         FIRST   
  NO.   NAME      VALUE            ERROR          SIZE      DERIVATIVE 
   1  p0           1.27604e+02   5.82014e+00   8.33656e-04   3.46760e-04
   2  p1           1.00013e+00   2.23796e-04   8.13058e-05   5.19776e-04
   3  p2           5.37354e-03   2.04993e-04   3.57908e-04  -5.26043e-04
   4  p3           1.53556e+01   1.02081e+00   4.35728e-03  -2.54054e-04
   5  p4           8.92283e+00   5.74858e-01   2.33324e-03   4.92239e-04
   6  p5           9.99014e-01   3.47764e-03   1.65567e-05   4.89582e-02
   7  p6          -4.22564e-11   1.86497e-02   2.08937e-03** at limit **
   8  p7           1.26268e-02   1.17866e-03   2.56794e-04  -1.02576e-04
                               ERR DEF= 0.5
 FCN=127.91 FROM MIGRAD    STATUS=CONVERGED    1139 CALLS        1140 TOTAL
                     EDM=3.01669e-08    STRATEGY= 1  ERROR MATRIX UNCERTAINTY   2.2 per cent
  EXT PARAMETER                                   STEP         FIRST   
  NO.   NAME      VALUE            ERROR          SIZE      DERIVATIVE 
   1  p0           1.13619e+02   4.73490e+00  -7.38792e-05   8.11213e-04
   2  p1           9.99835e-01   2.19284e-04   5.49438e-06   1.77367e-02
   3  p2           5.00000e-03   2.15069e-04  -2.65758e-04** at limit **
   4  p3           1.52976e+01   9.01137e-01   1.06948e-03   7.67695e-05
   5  p4           8.81854e+00   5.50793e-01   8.42751e-04  -9.37731e-05
   6  p5           9.98856e-01   2.92072e-03  -8.36016e-07   3.99503e-02
   7  p6          -8.45324e-12   6.34080e-03  -1.68882e-05** at limit **
   8  p7           1.23156e-02   1.05834e-03   1.45838e-05   3.88146e-04
                               ERR DEF= 0.5
 FCN=129.18 FROM MIGRAD    STATUS=CONVERGED    1165 CALLS        1166 TOTAL
                     EDM=1.17177e-07    STRATEGY= 1      ERROR MATRIX ACCURATE 
  EXT PARAMETER                                   STEP         FIRST   
  NO.   NAME      VALUE            ERROR          SIZE      DERIVATIVE 
   1  p0           1.12381e+02   4.67081e+00   9.75807e-04   1.00750e-03
   2  p1           9.99620e-01   2.20300e-04   8.57415e-05   6.89081e-03
   3  p2           5.00000e-03   1.17434e-04   1.07794e-03** at limit **
   4  p3           1.60131e+01   1.00236e+00   4.77120e-03   1.68940e-04
   5  p4           1.02298e+01   6.24958e-01   2.65767e-03  -2.13245e-04
   6  p5           9.94811e-01   3.17969e-03   1.66496e-05   3.57921e-02
   7  p6          -1.85224e-10   5.62554e-03   1.18547e-03** at limit **
   8  p7           1.35166e-02   1.07311e-03   2.45252e-04   1.89030e-03
                               ERR DEF= 0.5
 FCN=133.085 FROM MIGRAD    STATUS=CONVERGED     985 CALLS         986 TOTAL
                     EDM=2.56686e-08    STRATEGY= 1  ERROR MATRIX UNCERTAINTY   1.9 per cent
  EXT PARAMETER                                   STEP         FIRST   
  NO.   NAME      VALUE            ERROR          SIZE      DERIVATIVE 
   1  p0           1.04752e+02   4.41673e+00  -1.96692e-05   2.38285e-04
   2  p1           9.99290e-01   2.23724e-04   2.10609e-06  -4.90593e-04
   3  p2           5.00000e-03   3.64884e-05   6.42451e-06** at limit **
   4  p3           1.56944e+01   9.77195e-01   8.45952e-04   4.29632e-05
   5  p4           1.03141e+01   6.28705e-01   8.16699e-04  -2.71601e-05
   6  p5           9.92650e-01   2.99606e-03  -6.71606e-07   3.04234e-02
   7  p6          -2.33641e-10   5.56928e-03  -5.11565e-05** at limit **
   8  p7           1.15827e-02   1.00032e-03   6.51544e-06   1.61748e-03
                               ERR DEF= 0.5
 FCN=124.489 FROM MIGRAD    STATUS=CONVERGED    1161 CALLS        1162 TOTAL
                     EDM=1.68727e-08    STRATEGY= 1  ERROR MATRIX UNCERTAINTY   2.2 per cent
  EXT PARAMETER                                   STEP         FIRST   
  NO.   NAME      VALUE            ERROR          SIZE      DERIVATIVE 
   1  p0           1.08490e+02   4.50340e+00  -5.52367e-05   1.13315e-03
   2  p1           9.98516e-01   2.19450e-04   1.15767e-05  -3.48560e-03
   3  p2           5.00000e-03   2.83289e-05   5.26843e-05** at limit **
   4  p3           1.94128e+01   1.10953e+00   7.50562e-04  -9.65636e-05
   5  p4           1.20386e+01   6.58504e-01   3.69145e-04   1.37345e-04
   6  p5           9.90437e-01   2.96238e-03  -2.49364e-06   1.93970e-03
   7  p6          -1.51434e-12   4.78331e-03  -8.09988e-05** at limit **
   8  p7           1.22793e-02   9.29175e-04   1.79890e-05  -1.33567e-03
                               ERR DEF= 0.5
 FCN=153.264 FROM MIGRAD    STATUS=CONVERGED    1142 CALLS        1143 TOTAL
                     EDM=1.08187e-06    STRATEGY= 1      ERROR MATRIX ACCURATE 
  EXT PARAMETER                                   STEP         FIRST   
  NO.   NAME      VALUE            ERROR          SIZE      DERIVATIVE 
   1  p0           1.13310e+02   4.70942e+00   9.64748e-04   1.13089e-03
   2  p1           9.98135e-01   2.17861e-04   9.19973e-05  -1.09356e-03
   3  p2           5.00000e-03   2.88679e-05   5.82342e-04** at limit **
   4  p3           2.14234e+01   1.19388e+00   6.50484e-03   4.46694e-04
   5  p4           1.26700e+01   6.71106e-01   3.11760e-03  -4.59422e-04
   6  p5           9.86724e-01   3.05159e-03   1.58438e-05   8.16800e-02
   7  p6          -1.76920e-09   2.27118e-03   8.18751e-04** at limit **
   8  p7           1.29018e-02   9.26178e-04   2.27591e-04   1.65750e-02
                               ERR DEF= 0.5
 FCN=135.738 FROM MIGRAD    STATUS=CONVERGED    1161 CALLS        1162 TOTAL
                     EDM=8.76193e-08    STRATEGY= 1      ERROR MATRIX ACCURATE 
  EXT PARAMETER                                   STEP         FIRST   
  NO.   NAME      VALUE            ERROR          SIZE      DERIVATIVE 
   1  p0           1.17817e+02   4.85244e+00   8.89525e-04   4.74254e-04
   2  p1           9.97457e-01   2.12677e-04   8.50265e-05  -8.05005e-03
   3  p2           5.00000e-03   2.55215e-05   5.15181e-04** at limit **
   4  p3           2.13107e+01   1.17470e+00   5.87301e-03  -1.56287e-04
   5  p4           1.13605e+01   5.91860e-01   2.62741e-03   5.65488e-04
   6  p5           9.90249e-01   2.71971e-03   1.43004e-05   1.42605e-02
   7  p6          -2.09632e-11   4.01718e-03   1.02110e-03** at limit **
   8  p7           1.12185e-02   8.71871e-04   2.34502e-04  -4.02238e-03
                               ERR DEF= 0.5
 FCN=174.873 FROM MIGRAD    STATUS=CONVERGED     987 CALLS         988 TOTAL
                     EDM=5.86096e-07    STRATEGY= 1  ERROR MATRIX UNCERTAINTY   2.4 per cent
  EXT PARAMETER                                   STEP         FIRST   
  NO.   NAME      VALUE            ERROR          SIZE      DERIVATIVE 
   1  p0           1.23608e+02   4.93133e+00   2.23523e-03   3.69544e-04
   2  p1           9.97723e-01   2.09122e-04   1.88736e-05  -6.08308e-02
   3  p2           5.00000e-03   1.66466e-05   7.27513e-04** at limit **
   4  p3           2.13464e+01   1.19371e+00  -1.12964e-02  -7.52295e-04
   5  p4           1.21511e+01   6.27908e-01  -2.56839e-03   1.46617e-03
   6  p5           9.89182e-01   2.75015e-03  -1.78686e-05   2.65367e-01
   7  p6          -5.44813e-11   3.45504e-03  -8.00612e-04** at limit **
   8  p7           1.15214e-02   8.79653e-04   1.57370e-04  -6.20785e-03
                               ERR DEF= 0.5
 FCN=137.679 FROM MIGRAD    STATUS=CONVERGED    1399 CALLS        1400 TOTAL
                     EDM=1.434e-08    STRATEGY= 1  ERROR MATRIX UNCERTAINTY   3.1 per cent
  EXT PARAMETER                                   STEP         FIRST   
  NO.   NAME      VALUE            ERROR          SIZE      DERIVATIVE 
   1  p0           1.20507e+02   4.73969e+00   2.43680e-05   3.56792e-04
   2  p1           9.97451e-01   2.05946e-04  -4.84829e-06   9.16567e-04
   3  p2           5.00000e-03   2.56554e-05  -2.50946e-05** at limit **
   4  p3           1.83743e+01   1.08808e+00  -1.09471e-03  -2.07269e-05
   5  p4           1.24189e+01   7.27563e-01  -1.17877e-03   7.11674e-05
   6  p5           9.84058e-01   3.46339e-03   1.87254e-06   2.56385e-02
   7  p6          -3.44298e-10   4.18836e-02   1.78685e-04** at limit **
   8  p7           1.39651e-02   1.04487e-03   5.00243e-06   1.89107e-03
                               ERR DEF= 0.5
 FCN=168.836 FROM MIGRAD    STATUS=CONVERGED    1156 CALLS        1157 TOTAL
                     EDM=3.86546e-08    STRATEGY= 1  ERROR MATRIX UNCERTAINTY   4.6 per cent
  EXT PARAMETER                                   STEP         FIRST   
  NO.   NAME      VALUE            ERROR          SIZE      DERIVATIVE 
   1  p0           1.28328e+02   4.84401e+00  -4.55073e-05   1.86278e-04
   2  p1           9.96816e-01   2.11609e-04   3.81057e-05  -4.29654e-03
   3  p2           5.00000e-03   3.58182e-05   5.47752e-04** at limit **
   4  p3           2.15017e+01   1.20967e+00   5.97179e-03  -1.84670e-04
   5  p4           1.11739e+01   5.75713e-01   2.58865e-03   7.09370e-05
   6  p5           9.92988e-01   2.65839e-03  -7.54162e-06  -1.53965e-02
   7  p6          -2.15352e-11   5.70164e-03  -6.87422e-04** at limit **
   8  p7           1.20657e-02   8.95977e-04  -1.00918e-04  -5.75369e-03
                               ERR DEF= 0.5
 FCN=191.209 FROM MIGRAD    STATUS=CONVERGED    1066 CALLS        1067 TOTAL
                     EDM=2.42558e-08    STRATEGY= 1  ERROR MATRIX UNCERTAINTY   1.3 per cent
  EXT PARAMETER                                   STEP         FIRST   
  NO.   NAME      VALUE            ERROR          SIZE      DERIVATIVE 
   1  p0           1.46851e+02   5.39220e+00   1.76453e-04   6.66307e-04
   2  p1           9.96842e-01   1.88131e-04  -1.54854e-05   7.85946e-03
   3  p2           5.00000e-03   1.82514e-05  -6.57634e-05** at limit **
   4  p3           2.41158e+01   1.26187e+00   8.98216e-04  -1.60714e-04
   5  p4           1.15773e+01   5.45413e-01   4.25573e-05   2.66739e-04
   6  p5           9.93817e-01   2.05913e-03   1.19910e-06   5.76664e-03
   7  p6          -1.63802e-12   1.78307e-03  -8.50078e-05** at limit **
   8  p7           1.04145e-02   6.90255e-04  -3.01168e-05  -4.48400e-03
                               ERR DEF= 0.5
 FCN=191.565 FROM MIGRAD    STATUS=CONVERGED    1276 CALLS        1277 TOTAL
                     EDM=5.79953e-08    STRATEGY= 1  ERROR MATRIX UNCERTAINTY   2.7 per cent
  EXT PARAMETER                                   STEP         FIRST   
  NO.   NAME      VALUE            ERROR          SIZE      DERIVATIVE 
   1  p0           1.78237e+02   5.66057e+00   1.07856e-04  -5.48141e-04
   2  p1           9.96215e-01   1.74960e-04  -4.52556e-06   2.07602e-02
   3  p2           5.00000e-03   1.56887e-05   3.62626e-05** at limit **
   4  p3           3.00537e+01   1.37620e+00   2.19683e-03  -5.21505e-05
   5  p4           1.37104e+01   5.71765e-01   2.30218e-05   3.93212e-04
   6  p5           9.89071e-01   2.21338e-03   4.88650e-06   1.34402e-01
   7  p6          -8.15703e-12   1.10450e-03   1.94294e-04** at limit **
   8  p7           1.20296e-02   6.97897e-04  -1.85066e-05   9.47096e-03
                               ERR DEF= 0.5
 FCN=241.549 FROM MIGRAD    STATUS=CONVERGED    1216 CALLS        1217 TOTAL
                     EDM=2.93772e-07    STRATEGY= 1  ERROR MATRIX UNCERTAINTY   1.7 per cent
  EXT PARAMETER                                   STEP         FIRST   
  NO.   NAME      VALUE            ERROR          SIZE      DERIVATIVE 
   1  p0           2.10132e+02   6.63570e+00   7.99661e-05  -1.79168e-03
   2  p1           9.95823e-01   1.62822e-04   1.79104e-05   4.03286e-03
   3  p2           5.00000e-03   1.80812e-05   2.23310e-04** at limit **
   4  p3           3.18881e+01   1.52975e+00  -1.27378e-03   2.11262e-04
   5  p4           1.33232e+01   4.80546e-01  -2.56114e-04  -1.64977e-03
   6  p5           9.90531e-01   1.97742e-03   6.09794e-06  -3.88950e-01
   7  p6          -3.60152e-11   6.51459e-04  -5.21829e-05** at limit **
   8  p7           1.19894e-02   6.70521e-04  -8.85657e-05  -5.30253e-03
                               ERR DEF= 0.5

****************************************
Minimizer is Linear
Chi2                      =      28.3891
NDf                       =           14
p0                        =      1.00438   +/-   0.000215842 
p1                        = -3.48565e-06   +/-   1.16655e-07 
Calculation of survival fraction for 2104
 FCN=156.727 FROM MIGRAD    STATUS=CONVERGED     106 CALLS         107 TOTAL
                     EDM=2.76836e-07    STRATEGY= 1      ERROR MATRIX ACCURATE 
  EXT PARAMETER                                   STEP         FIRST   
  NO.   NAME      VALUE            ERROR          SIZE      DERIVATIVE 
   1  p0           7.88341e+01   3.60382e+00   2.44739e-02   1.68262e-04
   2  p1           2.10346e+03   6.41122e-02   1.00301e-03   1.34994e-04
   3  p2           1.52930e+00   5.99052e-02   3.26326e-05   6.59997e-02
   4  p3           1.24973e+01   2.19733e-01   1.85693e-03  -7.28473e-04
                               ERR DEF= 0.5
Area_tot = 1638
Area_tot_psa = 382
Area = 1027
Area_psa = 127
 FCN=168.299 FROM MIGRAD    STATUS=CONVERGED     116 CALLS         117 TOTAL
                     EDM=8.01392e-10    STRATEGY= 1      ERROR MATRIX ACCURATE 
  EXT PARAMETER                                   STEP         FIRST   
  NO.   NAME      VALUE            ERROR          SIZE      DERIVATIVE 
   1  p0           1.00830e+01   1.61681e+00   1.14903e-02   6.61639e-06
   2  p1           2.10346e+03   2.25228e-01   2.01497e-03  -6.43132e-05
   3  p2           1.39969e+00   2.21700e-01   1.32228e-04   6.19851e-04
   4  p3           5.22109e+00   1.43715e-01   1.25077e-03  -1.40968e-04
                               ERR DEF= 0.5
Calculation of survival fraction for 2614.5
 FCN=184.307 FROM MIGRAD    STATUS=CONVERGED     203 CALLS         204 TOTAL
                     EDM=4.90688e-08    STRATEGY= 1      ERROR MATRIX ACCURATE 
  EXT PARAMETER                                   STEP         FIRST   
  NO.   NAME      VALUE            ERROR          SIZE      DERIVATIVE 
   1  p0           8.16786e+02   1.13264e+01   8.63545e-02  -1.59008e-05
   2  p1           2.61467e+03   1.31524e-02   1.24677e-03   8.12970e-03
   3  p2           1.15965e+00   9.52270e-03   6.77232e-06  -2.30905e-01
   4  p3           5.99667e-01   6.44305e-02   6.03854e-04   1.05789e-03
                               ERR DEF= 0.5
Area_tot = 7956
Area_tot_psa = 1209
Area = 7908
Area_psa = 1205
 FCN=127.5 FROM MIGRAD    STATUS=CONVERGED     348 CALLS         349 TOTAL
                     EDM=1.3071e-08    STRATEGY= 1      ERROR MATRIX ACCURATE 
  EXT PARAMETER                                   STEP         FIRST   
  NO.   NAME      VALUE            ERROR          SIZE      DERIVATIVE 
   1  p0           1.19194e+02   4.26390e+00   2.70692e-02   1.61737e-05
   2  p1           2.61480e+03   3.53247e-02   1.24683e-03  -3.63106e-04
   3  p2           1.20022e+00   2.56272e-02   1.49156e-05  -2.18721e-02
   4  p3           4.65954e-03   4.60443e-03   3.58444e-05  -9.23470e-03
                               ERR DEF= 0.5
Calculation of survival fraction background at 2039
Area = 2859
Area_psa = 1278
Calculation of survival fraction background at 2350
Area = 6168
Area_psa = 2615
