
[1mRooFit v3.60 -- Developed by Wouter Verkerke and David Kirkby[0m 
                Copyright (C) 2000-2013 NIKHEF, University of California & Stanford University
                All rights reserved, please read http://roofit.sourceforge.net/license.txt

Using file /nfs/gerda6/users/burlac/psd/analysis/run0098-cal_dplms_10.tier.root
Analizing channel 39
Standard analysis 
Total events = 17201607
event n.1000000
event n.2000000
event n.3000000
event n.4000000
event n.5000000
event n.6000000
event n.7000000
event n.8000000
event n.9000000
event n.10000000
event n.11000000
event n.12000000
event n.13000000
event n.14000000
event n.15000000
event n.16000000
event n.17000000
Selected events: 247655
The time to read waveforms: 26.26 s
Initialization of DEP&FEP background  = 31.5
 FCN=116.25 FROM MIGRAD    STATUS=CONVERGED     197 CALLS         198 TOTAL
                     EDM=1.10464e-07    STRATEGY= 1      ERROR MATRIX ACCURATE 
  EXT PARAMETER                                   STEP         FIRST   
  NO.   NAME      VALUE            ERROR          SIZE      DERIVATIVE 
   1  p0           1.11090e+02   4.88777e+00   2.90501e-02  -4.09259e-05
   2  p1           1.59216e+03   5.34493e-02   7.59201e-04   1.26000e-03
   3  p2           1.27441e+00   4.91480e-02   2.56101e-05  -1.99883e-02
   4  p3           1.60530e+02   5.86943e+00   3.52250e-02  -3.33999e-05
   5  p4           1.62022e+03   3.90988e-02   7.72583e-04  -5.84274e-04
   6  p5           1.14661e+00   3.38200e-02   1.88561e-05  -1.20598e-02
   7  p6           2.90836e+01   3.98427e-01   2.82343e-03   4.67328e-04
                               ERR DEF= 0.5
mean_aoe = 0.0407
AoE: max = 2.14369 max = 0.112432
 FCN=2.20593 FROM MIGRAD    STATUS=CONVERGED     486 CALLS         487 TOTAL
                     EDM=2.41233e-09    STRATEGY= 1  ERROR MATRIX UNCERTAINTY   0.8 per cent
  EXT PARAMETER                                   STEP         FIRST   
  NO.   NAME      VALUE            ERROR          SIZE      DERIVATIVE 
   1  p0           9.48377e-01   4.60443e-01   5.08303e-05   1.45086e-05
   2  p1           1.00153e+00   4.87160e-03   3.29441e-07  -2.02386e-03
   3  p2           1.22672e-02   4.22348e-03   2.18961e-06   1.10733e-03
   4  p3           3.10723e-02   1.39951e-01   2.45647e-04   1.71859e-04
   5  p4          -1.56846e-02   1.57977e-01  -2.83291e-04   5.77408e-04
                               ERR DEF= 0.5
Total integral = 1203
Bin number = 100  AoE_lowCut = 51 -> 1.01
CutIntegral = 1052
SF_dep = 0.87448
sigma_aoe = 0.0122672
Total integral = 1203
Bin number = 250  AoE_lowCut = 124 -> 0.988
CutIntegral = 1078
SF_dep = 0.896093
sigma_aoe = 0.0122672
Total integral = 1203
Bin number = 500  AoE_lowCut = 246 -> 0.982
CutIntegral = 1078
SF_dep = 0.896093
sigma_aoe = 0.0122672
Total integral = 1203
Bin number = 1000  AoE_lowCut = 487 -> 0.973
CutIntegral = 1088
SF_dep = 0.904406
sigma_aoe = 0.0122672
Total integral = 1203
Bin number = 1500  AoE_lowCut = 729 -> 0.971333
CutIntegral = 1088
SF_dep = 0.904406
sigma_aoe = 0.0122672
Total integral = 1203
Bin number = 2000  AoE_lowCut = 972 -> 0.9715
CutIntegral = 1088
SF_dep = 0.904406
sigma_aoe = 0.0122672
Total integral = 1203
Bin number = 2500  AoE_lowCut = 1215 -> 0.9716
CutIntegral = 1086
SF_dep = 0.902743
sigma_aoe = 0.0122672
Total integral = 1203
Bin number = 3000  AoE_lowCut = 1455 -> 0.969667
CutIntegral = 1087
SF_dep = 0.903574
sigma_aoe = 0.0122672
Total integral = 1203
Bin number = 3500  AoE_lowCut = 1697 -> 0.969429
CutIntegral = 1086
SF_dep = 0.902743
sigma_aoe = 0.0122672
Total integral = 1203
Bin number = 4000  AoE_lowCut = 1939 -> 0.96925
CutIntegral = 1087
SF_dep = 0.903574
sigma_aoe = 0.0122672
Total integral = 1203
Bin number = 4500  AoE_lowCut = 2181 -> 0.969111
CutIntegral = 1087
SF_dep = 0.903574
sigma_aoe = 0.0122672
Total integral = 1203
Bin number = 5000  AoE_lowCut = 2423 -> 0.969
CutIntegral = 1088
SF_dep = 0.904406
sigma_aoe = 0.0122672
Total integral = 1203
Bin number = 6000  AoE_lowCut = 2907 -> 0.968833
CutIntegral = 1088
SF_dep = 0.904406
sigma_aoe = 0.0122672
Total integral = 1203
Bin number = 7000  AoE_lowCut = 3391 -> 0.968714
CutIntegral = 1088
SF_dep = 0.904406
sigma_aoe = 0.0122672
Total integral = 1203
Bin number = 8000  AoE_lowCut = 3875 -> 0.968625
CutIntegral = 1088
SF_dep = 0.904406
sigma_aoe = 0.0122672
Total integral = 1203
Bin number = 9000  AoE_lowCut = 4360 -> 0.968778
CutIntegral = 1087
SF_dep = 0.903574
sigma_aoe = 0.0122672
Total integral = 1203
Bin number = 10000  AoE_lowCut = 4844 -> 0.9687
CutIntegral = 1088
SF_dep = 0.904406
sigma_aoe = 0.0122672
