
[1mRooFit v3.60 -- Developed by Wouter Verkerke and David Kirkby[0m 
                Copyright (C) 2000-2013 NIKHEF, University of California & Stanford University
                All rights reserved, please read http://roofit.sourceforge.net/license.txt

Using file /nfs/gerda6/users/burlac/psd/analysis/run0098-cal_dplms_10.tier.root
Analizing channel 28
Standard analysis 
Total events = 17201607
event n.1000000
event n.2000000
event n.3000000
event n.4000000
event n.5000000
event n.6000000
event n.7000000
event n.8000000
event n.9000000
event n.10000000
event n.11000000
event n.12000000
event n.13000000
event n.14000000
event n.15000000
event n.16000000
event n.17000000
Selected events: 253860
The time to read waveforms: 27.52 s
Initialization of DEP&FEP background  = 32
 FCN=113.466 FROM MIGRAD    STATUS=CONVERGED     214 CALLS         215 TOTAL
                     EDM=2.8844e-07    STRATEGY= 1      ERROR MATRIX ACCURATE 
  EXT PARAMETER                                   STEP         FIRST   
  NO.   NAME      VALUE            ERROR          SIZE      DERIVATIVE 
   1  p0           7.19416e+01   3.40869e+00   1.99605e-02  -1.84518e-05
   2  p1           1.59340e+03   9.08872e-02   7.59792e-04   5.90662e-04
   3  p2           1.96297e+00   8.78513e-02   3.60056e-05  -5.97301e-02
   4  p3           1.19034e+02   4.29933e+00   2.53471e-02   6.57137e-06
   5  p4           1.62181e+03   5.91473e-02   7.73340e-04   4.11907e-03
   6  p5           1.72512e+00   5.37305e-02   2.38008e-05  -4.08689e-02
   7  p6           2.90482e+01   4.25909e-01   2.84234e-03   3.56198e-04
                               ERR DEF= 0.5
mean_aoe = 0.0277
AoE: max = 2.95621 max = 0.304024
 FCN=7.31624 FROM MIGRAD    STATUS=CONVERGED     523 CALLS         524 TOTAL
                     EDM=3.38223e-09    STRATEGY= 1      ERROR MATRIX ACCURATE 
  EXT PARAMETER                                   STEP         FIRST   
  NO.   NAME      VALUE            ERROR          SIZE      DERIVATIVE 
   1  p0           5.41083e-01   2.12260e-01   1.97000e-04  -2.66002e-04
   2  p1           1.01131e+00   3.04399e-02   3.94306e-05   9.40336e-04
   3  p2           8.57531e-02   3.44960e-02   1.02284e-04  -5.02816e-04
   4  p3           3.43901e-01   4.66860e-01   6.18620e-05   2.69248e-04
   5  p4          -4.04037e-01   6.30174e-01   7.56364e-05   7.18294e-05
                               ERR DEF= 0.5
Total integral = 1277
Bin number = 100  AoE_lowCut = 48 -> 0.95
CutIntegral = 1111
SF_dep = 0.870008
sigma_aoe = 0.0857531
Total integral = 1277
Bin number = 250  AoE_lowCut = 116 -> 0.924
CutIntegral = 1134
SF_dep = 0.888019
sigma_aoe = 0.0857531
Total integral = 1277
Bin number = 500  AoE_lowCut = 229 -> 0.914
CutIntegral = 1132
SF_dep = 0.886453
sigma_aoe = 0.0857531
Total integral = 1277
Bin number = 1000  AoE_lowCut = 455 -> 0.909
CutIntegral = 1143
SF_dep = 0.895067
sigma_aoe = 0.0857531
Total integral = 1277
Bin number = 1500  AoE_lowCut = 681 -> 0.907333
CutIntegral = 1146
SF_dep = 0.897416
sigma_aoe = 0.0857531
Total integral = 1277
Bin number = 2000  AoE_lowCut = 907 -> 0.9065
CutIntegral = 1150
SF_dep = 0.900548
sigma_aoe = 0.0857531
Total integral = 1277
Bin number = 2500  AoE_lowCut = 1133 -> 0.906
CutIntegral = 1150
SF_dep = 0.900548
sigma_aoe = 0.0857531
Total integral = 1277
Bin number = 3000  AoE_lowCut = 1359 -> 0.905667
CutIntegral = 1151
SF_dep = 0.901331
sigma_aoe = 0.0857531
Total integral = 1277
Bin number = 3500  AoE_lowCut = 1585 -> 0.905429
CutIntegral = 1152
SF_dep = 0.902114
sigma_aoe = 0.0857531
Total integral = 1277
Bin number = 4000  AoE_lowCut = 1811 -> 0.90525
CutIntegral = 1155
SF_dep = 0.904464
sigma_aoe = 0.0857531
Total integral = 1277
Bin number = 4500  AoE_lowCut = 2037 -> 0.905111
CutIntegral = 1155
SF_dep = 0.904464
sigma_aoe = 0.0857531
Total integral = 1277
Bin number = 5000  AoE_lowCut = 2264 -> 0.9054
CutIntegral = 1150
SF_dep = 0.900548
sigma_aoe = 0.0857531
Total integral = 1277
Bin number = 6000  AoE_lowCut = 2716 -> 0.905167
CutIntegral = 1151
SF_dep = 0.901331
sigma_aoe = 0.0857531
Total integral = 1277
Bin number = 7000  AoE_lowCut = 3168 -> 0.905
CutIntegral = 1152
SF_dep = 0.902114
sigma_aoe = 0.0857531
Total integral = 1277
Bin number = 8000  AoE_lowCut = 3620 -> 0.904875
CutIntegral = 1155
SF_dep = 0.904464
sigma_aoe = 0.0857531
Total integral = 1277
Bin number = 9000  AoE_lowCut = 4072 -> 0.904778
CutIntegral = 1155
SF_dep = 0.904464
sigma_aoe = 0.0857531
Total integral = 1277
Bin number = 10000  AoE_lowCut = 4525 -> 0.9049
CutIntegral = 1152
SF_dep = 0.902114
sigma_aoe = 0.0857531
