
[1mRooFit v3.60 -- Developed by Wouter Verkerke and David Kirkby[0m 
                Copyright (C) 2000-2013 NIKHEF, University of California & Stanford University
                All rights reserved, please read http://roofit.sourceforge.net/license.txt

Using file /nfs/gerda6/users/burlac/psd/analysis/run0098-cal_dplms_10.tier.root
Analizing channel 29
DPLMS analysis with weight 10
Total events = 17201607
event n.1000000
event n.2000000
event n.3000000
event n.4000000
event n.5000000
event n.6000000
event n.7000000
event n.8000000
event n.9000000
event n.10000000
event n.11000000
event n.12000000
event n.13000000
event n.14000000
event n.15000000
event n.16000000
event n.17000000
Selected events: 282383
The time to read waveforms: 49.03 s
Initialization of DEP&FEP background  = 32
 FCN=106.466 FROM MIGRAD    STATUS=CONVERGED     180 CALLS         181 TOTAL
                     EDM=1.33779e-08    STRATEGY= 1  ERROR MATRIX UNCERTAINTY   3.4 per cent
  EXT PARAMETER                                   STEP         FIRST   
  NO.   NAME      VALUE            ERROR          SIZE      DERIVATIVE 
   1  p0           6.48031e+01   3.07781e+00   5.19909e-03   2.10194e-05
   2  p1           1.59431e+03   1.11883e-01  -2.29167e-04  -3.04634e-04
   3  p2           2.45539e+00   1.18753e-01  -1.99234e-05   5.66025e-03
   4  p3           9.23005e+01   3.33351e+00   6.61810e-03  -5.62366e-06
   5  p4           1.62272e+03   7.46151e-02   2.78934e-05  -1.16160e-03
   6  p5           2.45302e+00   8.05569e-02  -1.77605e-05   1.24550e-02
   7  p6           3.18247e+01   4.79272e-01   9.42943e-04   2.37078e-04
                               ERR DEF= 0.5
mean_aoe = 0.1327
AoE: max = 1.3675 max = 0.153628
 FCN=2.36481 FROM MIGRAD    STATUS=CONVERGED     368 CALLS         369 TOTAL
                     EDM=3.61628e-09    STRATEGY= 1  ERROR MATRIX UNCERTAINTY   2.0 per cent
  EXT PARAMETER                                   STEP         FIRST   
  NO.   NAME      VALUE            ERROR          SIZE      DERIVATIVE 
   1  p0           8.14846e-01   2.18092e-01  -2.10001e-04   2.78064e-04
   2  p1           1.01827e+00   1.09395e-02  -9.40263e-06  -2.00846e-03
   3  p2           4.46730e-02   9.35715e-03  -5.28587e-05  -4.65579e-04
   4  p3           4.48525e-03   7.61276e-03   1.71424e-05   3.11773e-01
   5  p4           3.98588e-03   6.75664e-03   1.52144e-05  -3.50891e-01
                               ERR DEF= 0.5
Analysis with a fixed bin for LowCut
Total integral = 3166
AoE_lowCut = 1935 -> 0.96725
CutIntegral = 2865
SF_dep = 0.904927
sigma_aoe = 0.044673
 FCN=104.582 FROM MIGRAD    STATUS=CONVERGED     279 CALLS         280 TOTAL
                     EDM=9.22632e-07    STRATEGY= 1      ERROR MATRIX ACCURATE 
  EXT PARAMETER                                   STEP         FIRST   
  NO.   NAME      VALUE            ERROR          SIZE      DERIVATIVE 
   1  p0           6.02459e+01   2.91752e+00   1.60002e-02  -2.13855e-04
   2  p1           1.59436e+03   1.14312e-01   8.09150e-04  -5.99176e-03
   3  p2           2.44371e+00   1.22627e-01   4.12590e-05  -2.92471e-02
   4  p3           8.18390e+01   3.12198e+00   1.76493e-02  -1.95024e-06
   5  p4           1.62278e+03   9.07292e-02   7.73800e-04   3.33249e-03
   6  p5           2.46163e+00   8.49987e-02   2.99058e-05   3.03348e-02
   7  p6           2.67607e+01   4.44228e-01   2.67356e-03  -6.56756e-04
                               ERR DEF= 0.5
AreaDEP_tot = 3803
Area_DEP_tot_psa = 3317
AreaDEP = 3194
Area_DEP_psa = 2878
Area_FEP_tot = 4349
Area_FEP_tot_psa = 3774
Area_FEP = 1768
Area_FEP_psa = 1593
Calculation of AoE vs E correction
 FCN=125.514 FROM MIGRAD    STATUS=CONVERGED    1182 CALLS        1183 TOTAL
                     EDM=1.703e-07    STRATEGY= 1  ERROR MATRIX UNCERTAINTY   1.6 per cent
  EXT PARAMETER                                   STEP         FIRST   
  NO.   NAME      VALUE            ERROR          SIZE      DERIVATIVE 
   1  p0           7.77394e+01   1.95455e+00   4.95712e-06   2.43421e-03
   2  p1           9.99362e-01   8.25823e-04  -4.29695e-05   5.66155e-03
   3  p2           3.00000e-02   8.65010e-05  -9.40929e-05** at limit **
   4  p3           4.41488e+02   5.38250e+01   3.75312e-02   8.63186e-04
   5  p4           8.68743e+00   6.23421e-01   4.14295e-04  -7.87021e-02
   6  p5           1.34851e+00   9.54954e-03  -6.74178e-07  -6.99810e-02
   7  p6          -1.09217e-03   1.41548e-03   4.19507e-05   1.50015e-01
   8  p7           9.99617e-02   8.67324e-02   8.52500e-04  -7.90826e-03
                               ERR DEF= 0.5
 FCN=122.136 FROM MIGRAD    STATUS=CONVERGED    1163 CALLS        1164 TOTAL
                     EDM=7.98458e-07    STRATEGY= 1  ERROR MATRIX UNCERTAINTY   1.6 per cent
  EXT PARAMETER                                   STEP         FIRST   
  NO.   NAME      VALUE            ERROR          SIZE      DERIVATIVE 
   1  p0           6.63158e+01   1.79739e+00   1.93375e-04   2.33074e-03
   2  p1           1.00093e+00   8.78284e-04  -1.37293e-04   1.20083e-02
   3  p2           3.00000e-02   8.21470e-05  -1.12828e-04** at limit **
   4  p3           2.89829e+02   2.83358e+01  -5.21738e-02   3.49968e-05
   5  p4           7.83743e+00   6.24871e-01  -1.14786e-03   9.44110e-04
   6  p5           1.35311e+00   1.04398e-02   5.65314e-06  -6.91556e-02
   7  p6          -2.42860e-03   2.36408e-03  -1.34568e-04  -4.71763e-02
   8  p7           8.97857e-03   1.31447e-02   1.50026e-03   5.24147e-07
                               ERR DEF= 0.5
 FCN=113.816 FROM MIGRAD    STATUS=CONVERGED    1335 CALLS        1336 TOTAL
                     EDM=5.38435e-07    STRATEGY= 1      ERROR MATRIX ACCURATE 
  EXT PARAMETER                                   STEP         FIRST   
  NO.   NAME      VALUE            ERROR          SIZE      DERIVATIVE 
   1  p0           5.70659e+01   1.69435e+00   5.80590e-04  -4.84801e-03
   2  p1           9.98756e-01   9.72685e-04   3.35405e-04  -7.85207e-03
   3  p2           3.00000e-02   1.41343e-04   1.12406e-03** at limit **
   4  p3           3.06868e+02   9.99547e-01   7.21801e-02  -1.92141e-05
   5  p4           6.85534e+00   5.10632e-01   3.66720e-04  -7.52591e-04
   6  p5           1.40128e+00   2.31452e-02   2.44080e-05   3.12626e-02
   7  p6          -7.17553e-03   2.14524e-03   4.21907e-05   2.29303e-02
   8  p7           1.70282e-02   2.65830e-02   1.68396e-01   1.00192e-05
                               ERR DEF= 0.5
 FCN=111.162 FROM MIGRAD    STATUS=CONVERGED    1258 CALLS        1259 TOTAL
                     EDM=2.86179e-07    STRATEGY= 1      ERROR MATRIX ACCURATE 
  EXT PARAMETER                                   STEP         FIRST   
  NO.   NAME      VALUE            ERROR          SIZE      DERIVATIVE 
   1  p0           5.38224e+01   1.66739e+00   5.64509e-04  -3.24776e-03
   2  p1           1.00041e+00   1.02347e-03   3.49083e-04   2.37381e-03
   3  p2           3.00000e-02   1.16223e-04   1.00521e-03** at limit **
   4  p3           1.33685e+02   9.99966e-01   3.07235e-02  -8.18080e-05
   5  p4           6.98453e+00   4.76403e-01   4.72483e-04   3.91868e-03
   6  p5           1.28722e+00   1.49683e-02   2.37661e-05   1.01308e-01
   7  p6          -1.37969e-02   3.79327e-03   6.05494e-05  -1.99066e-02
   8  p7           9.03543e-03   1.99805e-02   5.35260e-02   5.11093e-07
                               ERR DEF= 0.5
 FCN=104.523 FROM MIGRAD    STATUS=CALL LIMIT   2120 CALLS        2121 TOTAL
                     EDM=0.1202    STRATEGY= 1  ERROR MATRIX UNCERTAINTY  20.9 per cent
  EXT PARAMETER                APPROXIMATE        STEP         FIRST   
  NO.   NAME      VALUE            ERROR          SIZE      DERIVATIVE 
   1  p0           4.84891e+01   1.74232e+00  -3.49294e-02   6.00237e-01
   2  p1           9.97363e-01   1.29599e-03  -4.45390e-02  -2.13652e+00
   3  p2           2.99967e-02   1.35039e-04   4.75685e-03   3.30175e-01
   4  p3           4.20355e+01   2.20423e+00   6.16920e-02   4.64618e-02
   5  p4           1.05634e+01   6.60738e-01   2.98421e-01  -2.50545e+00
   6  p5           1.09019e+00   9.97759e-03  -1.61228e-03  -3.60143e+01
   7  p6          -7.14197e-03   4.60033e-03   2.74264e-02   2.04303e+01
   8  p7           3.03543e-02   1.28906e-02   8.52970e-02   4.40432e-01
                               ERR DEF= 0.5
 FCN=123.89 FROM MIGRAD    STATUS=CONVERGED    1310 CALLS        1311 TOTAL
                     EDM=3.66992e-07    STRATEGY= 1  ERROR MATRIX UNCERTAINTY   2.1 per cent
  EXT PARAMETER                                   STEP         FIRST   
  NO.   NAME      VALUE            ERROR          SIZE      DERIVATIVE 
   1  p0           5.12760e+01   1.57123e+00  -3.90352e-04  -3.03735e-03
   2  p1           9.97561e-01   9.99734e-04  -6.41858e-05   5.60935e-03
   3  p2           3.00000e-02   8.40527e-05   2.94219e-04** at limit **
   4  p3           1.80672e+02   1.55274e+01   2.51292e-02  -3.39480e-05
   5  p4           7.82298e+00   5.61351e-01   8.41524e-04   5.44917e-03
   6  p5           1.31574e+00   8.66350e-03  -2.80197e-05   9.24316e-02
   7  p6          -7.00649e-03   2.69750e-03   4.79548e-06  -6.17296e-02
   8  p7           5.11634e-03   2.13675e-02  -1.82915e-03   3.20806e-07
                               ERR DEF= 0.5
 FCN=113.512 FROM MIGRAD    STATUS=CALL LIMIT   2139 CALLS        2140 TOTAL
                     EDM=1.27511    STRATEGY= 1  ERROR MATRIX UNCERTAINTY  23.6 per cent
  EXT PARAMETER                APPROXIMATE        STEP         FIRST   
  NO.   NAME      VALUE            ERROR          SIZE      DERIVATIVE 
   1  p0           4.68646e+01   1.36694e+00  -7.18598e-02   1.50350e+01
   2  p1           9.95648e-01   1.17619e-03  -3.14008e-02   7.07478e+00
   3  p2           2.92733e-02   6.44314e-04  -9.39580e-02  -1.06617e+01
   4  p3           3.55346e+01   2.31193e+00   1.33002e-01  -1.16159e-01
   5  p4           1.16454e+01   5.51152e-01   2.63203e-01  -5.95766e-01
   6  p5           1.07018e+00   8.20240e-03  -3.24481e-03  -7.45031e+01
   7  p6          -9.74914e-03   3.15908e-03  -4.65153e-03  -3.54226e+01
   8  p7           4.21800e-02   1.58200e-02  -2.72173e-01   1.18986e+00
                               ERR DEF= 0.5
 FCN=390.507 FROM MIGRAD    STATUS=CALL LIMIT   2123 CALLS        2124 TOTAL
                     EDM=5.14184    STRATEGY= 1  ERROR MATRIX UNCERTAINTY  27.4 per cent
  EXT PARAMETER                APPROXIMATE        STEP         FIRST   
  NO.   NAME      VALUE            ERROR          SIZE      DERIVATIVE 
   1  p0           6.60640e+01   1.51129e+00   5.69340e-02   1.30573e+01
   2  p1           1.01931e+00   5.36714e-04  -2.56318e-01  -1.29794e+01
   3  p2           2.99985e-02   1.14334e-05   4.31286e-02   7.59525e+00
   4  p3           1.93135e+01   7.95533e-01   9.82386e-01   2.12682e+00
   5  p4           7.09712e+00   3.61606e-01   1.03673e+00  -4.34321e+01
   6  p5           9.94816e-01   2.86283e-03  -2.15042e-03  -1.16285e+03
   7  p6          -1.34401e-01   1.57296e-02   1.29166e-01   2.77512e+02
   8  p7           5.00871e-03   3.61057e-04   1.53579e-03   1.33464e+00
                               ERR DEF= 0.5
 FCN=150.988 FROM MIGRAD    STATUS=CALL LIMIT   2121 CALLS        2122 TOTAL
                     EDM=2.27192    STRATEGY= 1  ERROR MATRIX UNCERTAINTY  10.8 per cent
  EXT PARAMETER                APPROXIMATE        STEP         FIRST   
  NO.   NAME      VALUE            ERROR          SIZE      DERIVATIVE 
   1  p0           5.92016e+01   1.58137e+00   1.04055e-01   4.55319e+00
   2  p1           9.99371e-01   7.65943e-04   2.15999e-02   1.27763e+01
   3  p2           2.99966e-02   5.98828e-05   7.23508e-02   2.13748e+00
   4  p3           4.88294e+02   2.45366e+01   7.16249e+01   7.89734e-03
   5  p4           4.31972e+00   1.26502e-01   3.79103e-01  -1.35938e+02
   6  p5           1.70950e+00   8.44991e-03  -8.70788e-03  -5.20347e+02
   7  p6          -1.26227e-02   1.58708e-03   4.36836e-02   1.02665e+03
   8  p7           2.27054e-02   5.33729e-02   4.07883e+00   7.04819e-08
                               ERR DEF= 0.5
 FCN=99.7977 FROM MIGRAD    STATUS=CALL LIMIT   2131 CALLS        2132 TOTAL
                     EDM=2.83897    STRATEGY= 1  ERROR MATRIX UNCERTAINTY 100.0 per cent
  EXT PARAMETER                APPROXIMATE        STEP         FIRST   
  NO.   NAME      VALUE            ERROR          SIZE      DERIVATIVE 
   1  p0           5.81512e+01   1.51251e+00   6.98045e-03   3.98404e+00
   2  p1           9.96947e-01   9.18402e-04   6.54590e-03   7.57166e+00
   3  p2           2.99852e-02   1.16025e-04  -2.85887e-02  -2.38611e+00
   4  p3           6.03389e+01   2.70725e+01  -3.91169e+01  -2.72596e-01
   5  p4           1.17089e+01   6.76972e-01   8.06914e-01  -1.36747e+00
   6  p5           1.12186e+00   3.17435e-02  -5.03424e-02   1.19335e+02
   7  p6          -7.20407e-03   5.30673e-04  -8.04117e-03   1.00236e+02
   8  p7           6.17824e-02   1.74760e-02   1.20142e+00  -3.22689e+00
                               ERR DEF= 0.5
 FCN=112.265 FROM MIGRAD    STATUS=CALL LIMIT   2127 CALLS        2128 TOTAL
                     EDM=3.7612e-05    STRATEGY= 1  ERROR MATRIX UNCERTAINTY   4.2 per cent
  EXT PARAMETER                APPROXIMATE        STEP         FIRST   
  NO.   NAME      VALUE            ERROR          SIZE      DERIVATIVE 
   1  p0           6.11078e+01   1.54145e+00   3.67031e-04   3.45783e-02
   2  p1           9.96167e-01   8.23616e-04   5.11647e-04   1.11455e-01
   3  p2           3.00000e-02   1.12588e-04   2.51271e-04** at limit **
   4  p3           3.11441e+02   2.04167e+01  -9.40727e-02   1.07108e-03
   5  p4           9.65743e+00   5.62097e-01  -2.74258e-03  -4.00386e-02
   6  p5           1.32802e+00   1.02158e-02  -1.66532e-05   3.86173e-01
   7  p6          -2.40209e-03   7.67812e-04  -1.18860e-04   4.72332e-01
   8  p7           9.99975e-02   7.81363e-02  -6.55472e-03   2.42401e-03
                               ERR DEF= 0.5
 FCN=318.365 FROM MIGRAD    STATUS=FAILED       2009 CALLS        2010 TOTAL
                     EDM=4.3496e-05    STRATEGY= 1      ERR MATRIX APPROXIMATE
  EXT PARAMETER                APPROXIMATE        STEP         FIRST   
  NO.   NAME      VALUE            ERROR          SIZE      DERIVATIVE 
   1  p0           6.54365e+01   1.61205e+00   8.13555e-04   1.39876e-03
   2  p1           1.02000e+00   3.51197e-05   7.30822e-04** at limit **
   3  p2           3.00000e-02   1.34635e-05   5.72359e-04** at limit **
   4  p3           4.91807e+01   3.05206e+00   2.36875e-02   2.77556e-04
   5  p4           2.85614e+01   1.36925e+00   8.62996e-03  -1.37972e-03
   6  p5           9.82064e-01   2.24678e-03   1.56594e-05  -2.27885e-01
   7  p6          -2.29119e-07   5.61412e-03   1.82884e-03** at limit **
   8  p7           6.62402e-03   9.94736e-04   7.72274e-04   1.09710e-04
                               ERR DEF= 0.5
 FCN=108.411 FROM MIGRAD    STATUS=CALL LIMIT   2120 CALLS        2121 TOTAL
                     EDM=0.209976    STRATEGY= 1  ERROR MATRIX UNCERTAINTY  18.0 per cent
  EXT PARAMETER                APPROXIMATE        STEP         FIRST   
  NO.   NAME      VALUE            ERROR          SIZE      DERIVATIVE 
   1  p0           7.33816e+01   1.65036e+00   2.94024e-03   9.88354e+00
   2  p1           9.98111e-01   8.25748e-04  -3.86445e-03   8.76610e+00
   3  p2           2.99653e-02   1.15303e-04   2.26207e-03  -4.65197e+00
   4  p3           1.63021e+02   2.54171e+00   5.18829e-01  -5.83935e-03
   5  p4           1.41476e+01   2.25893e-01   4.35464e-02   4.17785e+00
   6  p5           1.18067e+00   3.84368e-03  -5.03480e-04   8.41260e+01
   7  p6          -7.54744e-04   4.65215e-04   6.02885e-03  -1.31885e+01
   8  p7           7.51487e-02   7.48399e-03   2.09169e-02  -1.91055e+00
                               ERR DEF= 0.5
 FCN=107.077 FROM MIGRAD    STATUS=CALL LIMIT   2137 CALLS        2138 TOTAL
                     EDM=0.0372521    STRATEGY= 1  ERROR MATRIX UNCERTAINTY   4.4 per cent
  EXT PARAMETER                APPROXIMATE        STEP         FIRST   
  NO.   NAME      VALUE            ERROR          SIZE      DERIVATIVE 
   1  p0           6.66986e+01   2.11965e+00  -2.20691e-02   3.14992e-02
   2  p1           9.94779e-01   7.67129e-04   6.20605e-03   4.32125e-01
   3  p2           2.99918e-02   1.87468e-04  -2.84446e-02  -9.30322e-01
   4  p3           5.84482e+01   3.97943e+00   1.61758e-02  -7.36924e-02
   5  p4           2.47201e+01   2.16082e+00   1.94579e-02  -1.89912e-01
   6  p5           1.02139e+00   1.30798e-02  -4.88084e-04   8.00710e+00
   7  p6          -6.74515e-04   6.59994e-04  -3.70479e-03   7.01027e+00
   8  p7           2.89205e-02   1.12127e-03  -2.30500e-03  -2.91719e+00
                               ERR DEF= 0.5
 FCN=129.818 FROM MIGRAD    STATUS=CALL LIMIT   2135 CALLS        2136 TOTAL
                     EDM=3.92748e-05    STRATEGY= 1  ERROR MATRIX UNCERTAINTY  12.1 per cent
  EXT PARAMETER                APPROXIMATE        STEP         FIRST   
  NO.   NAME      VALUE            ERROR          SIZE      DERIVATIVE 
   1  p0           9.66310e+01   2.05768e+00   1.71204e-04  -4.75527e-02
   2  p1           9.99176e-01   6.84808e-04  -1.20780e-04  -7.38404e-02
   3  p2           3.00000e-02   4.68489e-05  -1.52757e-05  -1.89679e-01
   4  p3           2.09024e+02   1.15137e+01   6.41918e-02   1.02783e-02
   5  p4           1.35848e+01   7.29216e-01   1.70010e-03  -6.02585e-02
   6  p5           1.19783e+00   8.57286e-03  -1.71501e-05   2.98884e+00
   7  p6          -1.51896e-03   4.47186e-04   3.88638e-05  -1.16992e+00
   8  p7           8.09339e-02   2.66191e-02  -7.01465e-03   6.63622e-02
                               ERR DEF= 0.5
 FCN=211.124 FROM MIGRAD    STATUS=CALL LIMIT   2126 CALLS        2127 TOTAL
                     EDM=9.3546    STRATEGY= 1  ERROR MATRIX UNCERTAINTY  16.4 per cent
  EXT PARAMETER                APPROXIMATE        STEP         FIRST   
  NO.   NAME      VALUE            ERROR          SIZE      DERIVATIVE 
   1  p0           1.06668e+02   2.02135e+00  -1.26763e-02  -2.69421e+01
   2  p1           1.00077e+00   6.35849e-04  -1.95721e-02  -2.09933e+01
   3  p2           2.99971e-02   2.75308e-05  -1.12002e-03  -2.92939e+00
   4  p3           1.50592e+02   3.86800e+00   9.64822e+00   3.14880e-02
   5  p4           7.43025e+00   2.07119e-01   7.93298e-01  -9.90006e+01
   6  p5           1.27094e+00   8.17276e-03  -2.12871e-02  -1.02885e+03
   7  p6          -1.53828e-02   2.11730e-03   5.17978e-02   9.92394e+02
   8  p7           5.70153e-02   1.00369e-02  -4.28993e-01  -1.05484e+01
                               ERR DEF= 0.5

****************************************
Minimizer is Linear
Chi2                      =      7559.56
NDf                       =           14
p0                        =     0.991141   +/-   0.000810634 
p1                        =  1.41534e-05   +/-   4.04207e-07 
Calculation of survival fraction for 2104
 FCN=150.458 FROM MIGRAD    STATUS=CONVERGED     118 CALLS         119 TOTAL
                     EDM=1.48479e-07    STRATEGY= 1      ERROR MATRIX ACCURATE 
  EXT PARAMETER                                   STEP         FIRST   
  NO.   NAME      VALUE            ERROR          SIZE      DERIVATIVE 
   1  p0           1.71642e+02   3.88583e+00   2.61468e-02   5.91819e-05
   2  p1           2.10468e+03   6.37560e-02   1.00359e-03  -2.76413e-03
   3  p2           3.00302e+00   5.90496e-02   2.25997e-05   1.07399e-02
   4  p3           3.80510e+01   3.98521e-01   3.21384e-03   6.99142e-04
                               ERR DEF= 0.5
Area_tot = 7861
Area_tot_psa = 6183
Area = 4326
Area_psa = 3264
 FCN=166.285 FROM MIGRAD    STATUS=CONVERGED     117 CALLS         118 TOTAL
                     EDM=4.69585e-07    STRATEGY= 1      ERROR MATRIX ACCURATE 
  EXT PARAMETER                                   STEP         FIRST   
  NO.   NAME      VALUE            ERROR          SIZE      DERIVATIVE 
   1  p0           1.27581e+02   3.38733e+00   2.39090e-02  -4.23818e-05
   2  p1           2.10465e+03   7.60525e-02   1.00358e-03   8.94540e-03
   3  p2           3.03495e+00   7.15183e-02   2.84824e-05  -3.94762e-02
   4  p3           3.13863e+01   3.63039e-01   3.06767e-03   1.61863e-05
                               ERR DEF= 0.5
Calculation of survival fraction for 2614.5
 FCN=840.978 FROM MIGRAD    STATUS=CONVERGED     122 CALLS         123 TOTAL
                     EDM=1.18556e-09    STRATEGY= 1  ERROR MATRIX UNCERTAINTY   2.5 per cent
  EXT PARAMETER                                   STEP         FIRST   
  NO.   NAME      VALUE            ERROR          SIZE      DERIVATIVE 
   1  p0           1.63204e+03   1.03582e+01   1.66307e-02  -2.56290e-06
   2  p1           2.61455e+03   1.48314e-02  -4.53580e-06   9.48924e-04
   3  p2           2.85385e+00   1.12641e-02  -3.89681e-07  -1.88060e-02
   4  p3           5.08610e+00   1.63415e-01   1.36766e-04   2.32479e-04
                               ERR DEF= 0.5
Area_tot = 39490
Area_tot_psa = 32857
Area = 39009
Area_psa = 32497
 FCN=653.598 FROM MIGRAD    STATUS=CONVERGED     103 CALLS         104 TOTAL
                     EDM=5.66949e-08    STRATEGY= 1  ERROR MATRIX UNCERTAINTY   2.9 per cent
  EXT PARAMETER                                   STEP         FIRST   
  NO.   NAME      VALUE            ERROR          SIZE      DERIVATIVE 
   1  p0           1.36188e+03   9.44330e+00  -4.52348e-02   1.50611e-05
   2  p1           2.61456e+03   1.61771e-02   6.45773e-05  -9.79183e-03
   3  p2           2.85004e+00   1.22467e-02   3.59238e-06  -1.50886e-01
   4  p3           3.62225e+00   1.40095e-01  -5.33793e-04   9.40060e-04
                               ERR DEF= 0.5
Calculation of survival fraction background at 2039
Area = 8334
Area_psa = 6917
Calculation of survival fraction background at 2380
Area = 3733
Area_psa = 3076
