
[1mRooFit v3.60 -- Developed by Wouter Verkerke and David Kirkby[0m 
                Copyright (C) 2000-2013 NIKHEF, University of California & Stanford University
                All rights reserved, please read http://roofit.sourceforge.net/license.txt

Using file /nfs/gerda6/users/burlac/psd/analysis/run0098-cal_dplms_10.tier.root
Analizing channel 16
DPLMS analysis with weight 10
Total events = 17201607
event n.1000000
event n.2000000
event n.3000000
event n.4000000
event n.5000000
event n.6000000
event n.7000000
event n.8000000
event n.9000000
event n.10000000
event n.11000000
event n.12000000
event n.13000000
event n.14000000
event n.15000000
event n.16000000
event n.17000000
Selected events: 96932
The time to read waveforms: 81.72 s
Initialization of DEP&FEP background  = 11.5
 FCN=103.562 FROM MIGRAD    STATUS=CONVERGED     229 CALLS         230 TOTAL
                     EDM=2.26645e-07    STRATEGY= 1      ERROR MATRIX ACCURATE 
  EXT PARAMETER                                   STEP         FIRST   
  NO.   NAME      VALUE            ERROR          SIZE      DERIVATIVE 
   1  p0           1.27871e+02   5.25606e+00   2.93807e-02  -3.50184e-05
   2  p1           1.59242e+03   3.81767e-02   7.59326e-04   4.41133e-03
   3  p2           1.04305e+00   3.31377e-02   1.80259e-05  -9.54431e-02
   4  p3           4.97459e+01   3.86897e+00   2.15216e-02   7.02328e-05
   5  p4           1.62066e+03   6.78749e-02   7.72791e-04   8.42482e-04
   6  p5           9.23045e-01   6.37392e-02   3.66253e-05   5.51528e-02
   7  p6           1.20600e+01   2.55801e-01   1.73477e-03   9.81494e-04
                               ERR DEF= 0.5
mean_aoe = 0.1521
AoE: max = 1.35156 max = 0.114665
 FCN=0.578392 FROM MIGRAD    STATUS=CONVERGED     376 CALLS         377 TOTAL
                     EDM=3.80813e-08    STRATEGY= 1  ERROR MATRIX UNCERTAINTY   1.1 per cent
  EXT PARAMETER                                   STEP         FIRST   
  NO.   NAME      VALUE            ERROR          SIZE      DERIVATIVE 
   1  p0           9.59460e-01   6.18641e-01   1.07700e-03  -4.70525e-04
   2  p1           9.99850e-01   2.80406e-03   2.00932e-06   3.90869e-02
   3  p2           4.50112e-03   2.15366e-03  -1.28700e-04  -5.12954e-03
   4  p3           2.47177e-03   3.86191e-03   1.07679e-05   1.68585e+00
   5  p4           2.15589e-03   3.36588e-03   9.38519e-06  -1.96966e+00
                               ERR DEF= 0.5
Analysis with a fixed bin for LowCut
Total integral = 1079
AoE_lowCut = 1989 -> 0.99425
CutIntegral = 964
SF_dep = 0.89342
sigma_aoe = 0.00450112
 FCN=106.117 FROM MIGRAD    STATUS=CONVERGED     171 CALLS         172 TOTAL
                     EDM=1.42215e-06    STRATEGY= 1      ERROR MATRIX ACCURATE 
  EXT PARAMETER                                   STEP         FIRST   
  NO.   NAME      VALUE            ERROR          SIZE      DERIVATIVE 
   1  p0           1.08060e+02   4.63334e+00   2.63372e-02   1.32931e-04
   2  p1           1.59240e+03   3.93564e-02   7.59318e-04  -1.02302e-02
   3  p2           1.05639e+00   3.27632e-02   1.80476e-05   1.05542e-01
   4  p3           6.05454e+00   1.77988e+00   1.03446e-02   1.29134e-04
   5  p4           1.62080e+03   2.85249e-01   2.03402e-03  -1.64271e-03
   6  p5           9.19618e-01   2.61627e-01   1.58235e-04   3.74402e-02
   7  p6           5.65240e+00   1.79142e-01   1.22719e-03   8.83026e-04
                               ERR DEF= 0.5
AreaDEP_tot = 1538
Area_DEP_tot_psa = 1161
AreaDEP = 1110
Area_DEP_psa = 956
Area_FEP_tot = 763
Area_FEP_tot_psa = 236
Area_FEP = 372
Area_FEP_psa = 40
Calculation of AoE vs E correction
 FCN=103.207 FROM MIGRAD    STATUS=CONVERGED    1011 CALLS        1012 TOTAL
                     EDM=2.69511e-07    STRATEGY= 1  ERROR MATRIX UNCERTAINTY   2.6 per cent
  EXT PARAMETER                                   STEP         FIRST   
  NO.   NAME      VALUE            ERROR          SIZE      DERIVATIVE 
   1  p0           1.19463e+02   4.82938e+00  -7.27778e-06   3.02304e-03
   2  p1           9.99808e-01   2.69965e-04   7.80863e-07   2.89503e-03
   3  p2           7.31559e-03   2.74051e-04  -1.44326e-06   7.96885e-03
   4  p3           2.03684e+01   1.16436e+00   6.77609e-06   2.14017e-05
   5  p4           7.85439e+00   4.94272e-01  -4.53287e-04   3.48140e-04
   6  p5           9.98092e-01   4.71600e-03   1.10842e-06   1.18056e-01
   7  p6          -2.29294e-08   5.38776e-02  -1.02193e-04** at limit **
   8  p7           1.60517e-02   1.46336e-03  -9.94412e-06   6.81903e-03
                               ERR DEF= 0.5
 FCN=110.983 FROM MIGRAD    STATUS=CONVERGED    1043 CALLS        1044 TOTAL
                     EDM=4.6226e-08    STRATEGY= 1  ERROR MATRIX UNCERTAINTY   2.3 per cent
  EXT PARAMETER                                   STEP         FIRST   
  NO.   NAME      VALUE            ERROR          SIZE      DERIVATIVE 
   1  p0           1.24248e+02   5.30570e+00   8.22500e-05  -8.52002e-04
   2  p1           9.99966e-01   2.44725e-04   1.13512e-05   9.33213e-03
   3  p2           6.29410e-03   2.22624e-04   1.24560e-05  -2.42869e-03
   4  p3           1.83394e+01   1.13026e+00  -2.41470e-03  -8.25163e-05
   5  p4           7.89759e+00   5.00994e-01  -5.59629e-04   4.65909e-05
   6  p5           1.00521e+00   3.43213e-03  -3.09877e-06  -3.63445e-03
   7  p6          -5.88758e-11   8.15507e-03  -3.81145e-05** at limit **
   8  p7           1.47861e-02   1.22101e-03  -2.66287e-05  -4.97182e-03
                               ERR DEF= 0.5
 FCN=96.3489 FROM MIGRAD    STATUS=CONVERGED     988 CALLS         989 TOTAL
                     EDM=3.75952e-07    STRATEGY= 1  ERROR MATRIX UNCERTAINTY   2.8 per cent
  EXT PARAMETER                                   STEP         FIRST   
  NO.   NAME      VALUE            ERROR          SIZE      DERIVATIVE 
   1  p0           1.20778e+02   5.49930e+00   1.03737e-04   1.68363e-03
   2  p1           9.99424e-01   2.36059e-04   2.61257e-05   2.20067e-02
   3  p2           5.79594e-03   2.11622e-04  -1.93138e-04   5.69554e-03
   4  p3           1.72030e+01   1.02084e+00  -2.51365e-03  -4.95185e-04
   5  p4           8.73015e+00   5.74884e-01  -2.04569e-03   6.14557e-04
   6  p5           1.00239e+00   3.73130e-03   5.90874e-06  -4.76243e-02
   7  p6          -1.22662e-09   1.76219e-02   5.39646e-04** at limit **
   8  p7           1.60293e-02   1.27926e-03   1.45582e-04   7.74802e-03
                               ERR DEF= 0.5
 FCN=126.54 FROM MIGRAD    STATUS=CONVERGED     935 CALLS         936 TOTAL
                     EDM=1.40495e-07    STRATEGY= 1  ERROR MATRIX UNCERTAINTY   5.0 per cent
  EXT PARAMETER                                   STEP         FIRST   
  NO.   NAME      VALUE            ERROR          SIZE      DERIVATIVE 
   1  p0           1.21811e+02   5.72243e+00   6.03997e-06   2.31001e-05
   2  p1           9.98898e-01   2.29149e-04   3.35061e-06   8.13597e-04
   3  p2           5.39872e-03   2.12959e-04   8.51110e-06   1.14321e-04
   4  p3           1.73764e+01   1.06114e+00  -8.69565e-04   1.65969e-04
   5  p4           1.00308e+01   5.22074e-01  -3.48832e-04  -1.04754e-03
   6  p5           1.00164e+00   3.60764e-03   3.69657e-06   3.61687e-02
   7  p6          -4.08642e-10   5.66293e-03   1.87915e-04** at limit **
   8  p7           1.57672e-02   1.30945e-03  -2.16374e-05   1.81822e-03
                               ERR DEF= 0.5
 FCN=120.555 FROM MIGRAD    STATUS=CONVERGED    1208 CALLS        1209 TOTAL
                     EDM=1.42056e-07    STRATEGY= 1  ERROR MATRIX UNCERTAINTY   2.6 per cent
  EXT PARAMETER                                   STEP         FIRST   
  NO.   NAME      VALUE            ERROR          SIZE      DERIVATIVE 
   1  p0           1.31145e+02   6.31296e+00   4.57734e-05  -4.55675e-05
   2  p1           9.98715e-01   2.15469e-04   7.60024e-06   5.19181e-03
   3  p2           5.04231e-03   2.87612e-04  -2.94234e-04  -1.77981e-03
   4  p3           1.83778e+01   1.21369e+00  -7.69144e-04   3.72022e-04
   5  p4           1.03961e+01   6.07070e-01   2.83358e-04  -1.92872e-04
   6  p5           1.00446e+00   3.13386e-03  -3.36751e-06   1.57059e-01
   7  p6          -2.66609e-12   3.61843e-03   9.05968e-05** at limit **
   8  p7           1.32621e-02   1.12235e-03   4.82885e-05   1.15709e-02
                               ERR DEF= 0.5
 FCN=126.979 FROM MIGRAD    STATUS=CONVERGED    1199 CALLS        1200 TOTAL
                     EDM=4.91966e-07    STRATEGY= 1  ERROR MATRIX UNCERTAINTY   8.4 per cent
  EXT PARAMETER                                   STEP         FIRST   
  NO.   NAME      VALUE            ERROR          SIZE      DERIVATIVE 
   1  p0           1.22232e+02   6.50025e+00   9.32376e-05   1.20223e-03
   2  p1           9.98558e-01   2.29156e-04  -8.43982e-07   4.66403e-03
   3  p2           5.00216e-03   1.53101e-02  -1.45765e-03   1.46658e-03
   4  p3           1.94375e+01   1.27640e+00   6.39032e-04  -1.08893e-06
   5  p4           1.17345e+01   6.60953e-01   2.95002e-04   1.53873e-04
   6  p5           9.97675e-01   3.65151e-03   7.63908e-07   9.76764e-02
   7  p6          -5.97244e-12   3.62657e-03  -1.76614e-05** at limit **
   8  p7           1.46313e-02   1.22014e-03  -3.71057e-05   2.48526e-03
                               ERR DEF= 0.5
 FCN=136.34 FROM MIGRAD    STATUS=CONVERGED    1181 CALLS        1182 TOTAL
                     EDM=5.11652e-08    STRATEGY= 1  ERROR MATRIX UNCERTAINTY   1.9 per cent
  EXT PARAMETER                                   STEP         FIRST   
  NO.   NAME      VALUE            ERROR          SIZE      DERIVATIVE 
   1  p0           1.16705e+02   4.74006e+00   1.99631e-04   1.35518e-03
   2  p1           9.98759e-01   2.16074e-04   2.47181e-06   3.38395e-03
   3  p2           5.00000e-03   5.91007e-05  -6.46660e-05** at limit **
   4  p3           1.85317e+01   1.08484e+00   8.41188e-04  -6.96298e-06
   5  p4           1.15964e+01   6.60684e-01   4.54417e-04   4.60395e-04
   6  p5           9.93628e-01   3.61611e-03  -3.22161e-06   4.70602e-02
   7  p6          -1.25672e-10   7.66353e-03   4.96238e-04** at limit **
   8  p7           1.48463e-02   1.10043e-03  -2.25546e-05  -3.91116e-04
                               ERR DEF= 0.5
 FCN=143.734 FROM MIGRAD    STATUS=CONVERGED    1335 CALLS        1336 TOTAL
                     EDM=2.91846e-09    STRATEGY= 1  ERROR MATRIX UNCERTAINTY   1.5 per cent
  EXT PARAMETER                                   STEP         FIRST   
  NO.   NAME      VALUE            ERROR          SIZE      DERIVATIVE 
   1  p0           1.39997e+02   5.13566e+00  -8.74567e-05   2.89294e-04
   2  p1           9.97908e-01   2.01243e-04   2.44951e-06  -9.07910e-04
   3  p2           5.00000e-03   2.33975e-05  -1.17840e-05** at limit **
   4  p3           2.57247e+01   1.37983e+00   8.69728e-04  -1.02303e-05
   5  p4           1.41567e+01   6.79140e-01   5.53916e-04   6.85357e-05
   6  p5           9.92936e-01   2.78249e-03  -3.68411e-06   3.01485e-02
   7  p6          -1.33671e-13   1.11211e-03   2.22271e-05** at limit **
   8  p7           1.38951e-02   8.36031e-04   2.48799e-05  -1.96815e-04
                               ERR DEF= 0.5
 FCN=159.221 FROM MIGRAD    STATUS=CONVERGED    1138 CALLS        1139 TOTAL
                     EDM=2.11626e-08    STRATEGY= 1  ERROR MATRIX UNCERTAINTY   2.5 per cent
  EXT PARAMETER                                   STEP         FIRST   
  NO.   NAME      VALUE            ERROR          SIZE      DERIVATIVE 
   1  p0           1.34387e+02   5.16216e+00   5.08072e-05  -2.11929e-04
   2  p1           9.97439e-01   1.98265e-04  -8.54953e-07  -5.35423e-03
   3  p2           5.00000e-03   2.62599e-05  -1.16738e-05** at limit **
   4  p3           2.18324e+01   1.22628e+00  -1.21459e-03   1.20446e-04
   5  p4           1.29830e+01   6.64796e-01  -3.03974e-04   1.34102e-06
   6  p5           9.91625e-01   2.84343e-03  -4.24711e-07  -1.01486e-02
   7  p6          -3.73035e-13   1.49914e-03   3.61629e-05** at limit **
   8  p7           1.38493e-02   8.90030e-04  -2.61304e-05  -1.66078e-03
                               ERR DEF= 0.5
 FCN=152.52 FROM MIGRAD    STATUS=CONVERGED    1166 CALLS        1167 TOTAL
                     EDM=5.49111e-09    STRATEGY= 1  ERROR MATRIX UNCERTAINTY   2.6 per cent
  EXT PARAMETER                                   STEP         FIRST   
  NO.   NAME      VALUE            ERROR          SIZE      DERIVATIVE 
   1  p0           1.30709e+02   5.24568e+00   7.42575e-05  -5.13868e-04
   2  p1           9.96964e-01   2.07837e-04  -3.52664e-06  -8.77523e-06
   3  p2           5.00000e-03   2.53380e-05   1.20085e-06** at limit **
   4  p3           2.62291e+01   1.38467e+00  -1.98882e-04  -6.43256e-05
   5  p4           1.39178e+01   6.60930e-01  -2.19662e-04   4.69505e-05
   6  p5           9.91132e-01   2.78946e-03  -1.01392e-06  -1.12329e-02
   7  p6          -2.26597e-13   2.04817e-03  -1.86202e-05** at limit **
   8  p7           1.22917e-02   8.31853e-04  -2.95644e-05  -2.44536e-03
                               ERR DEF= 0.5
 FCN=148.383 FROM MIGRAD    STATUS=CONVERGED    1246 CALLS        1247 TOTAL
                     EDM=6.30411e-09    STRATEGY= 1  ERROR MATRIX UNCERTAINTY   1.2 per cent
  EXT PARAMETER                                   STEP         FIRST   
  NO.   NAME      VALUE            ERROR          SIZE      DERIVATIVE 
   1  p0           1.37397e+02   5.10889e+00  -1.49613e-04   4.81939e-04
   2  p1           9.97322e-01   1.95534e-04   1.07528e-05   1.47207e-03
   3  p2           5.00000e-03   1.68543e-05   4.75322e-05** at limit **
   4  p3           2.26693e+01   1.22130e+00   7.39938e-04   1.15930e-04
   5  p4           1.31123e+01   6.99321e-01   3.51785e-04  -1.77482e-04
   6  p5           9.88112e-01   3.42166e-03  -6.70656e-07  -2.13121e-02
   7  p6          -1.55431e-13   4.48392e-03   2.50423e-05** at limit **
   8  p7           1.49534e-02   9.80644e-04   6.83346e-06  -1.14895e-03
                               ERR DEF= 0.5
 FCN=129.765 FROM MIGRAD    STATUS=CONVERGED    1039 CALLS        1040 TOTAL
                     EDM=2.90282e-07    STRATEGY= 1  ERROR MATRIX UNCERTAINTY   4.3 per cent
  EXT PARAMETER                                   STEP         FIRST   
  NO.   NAME      VALUE            ERROR          SIZE      DERIVATIVE 
   1  p0           1.35064e+02   4.99610e+00   8.93682e-05  -3.39904e-03
   2  p1           9.97199e-01   1.97521e-04   6.01455e-06   1.90718e-02
   3  p2           5.00000e-03   2.04906e-05   2.70972e-04** at limit **
   4  p3           2.04403e+01   1.18759e+00  -3.45319e-03  -6.16755e-04
   5  p4           1.23933e+01   6.98785e-01  -1.96115e-03   4.98196e-04
   6  p5           9.93169e-01   3.57096e-03   1.26947e-06  -3.28386e-02
   7  p6          -2.32561e-10   2.04210e-03  -6.01938e-05** at limit **
   8  p7           1.52707e-02   1.08168e-03   4.04470e-05  -1.04819e-02
                               ERR DEF= 0.5
 FCN=154.985 FROM MIGRAD    STATUS=CONVERGED    1448 CALLS        1449 TOTAL
                     EDM=5.19017e-07    STRATEGY= 1  ERROR MATRIX UNCERTAINTY   2.2 per cent
  EXT PARAMETER                                   STEP         FIRST   
  NO.   NAME      VALUE            ERROR          SIZE      DERIVATIVE 
   1  p0           1.66417e+02   5.76469e+00  -2.87388e-04  -4.66958e-03
   2  p1           9.96478e-01   1.79395e-04   6.17389e-06  -5.62669e-02
   3  p2           5.00000e-03   1.62290e-05   5.24326e-05** at limit **
   4  p3           2.59748e+01   1.37311e+00   9.88412e-04   1.98855e-04
   5  p4           1.40615e+01   6.50143e-01  -2.22605e-03  -3.61541e-05
   6  p5           9.93741e-01   2.54101e-03   3.60427e-06  -2.36659e-01
   7  p6          -3.66184e-10   1.31886e-03  -1.03080e-04** at limit **
   8  p7           1.22343e-02   7.88896e-04  -5.04903e-05  -1.00069e-02
                               ERR DEF= 0.5
 FCN=190.324 FROM MIGRAD    STATUS=CONVERGED    1121 CALLS        1122 TOTAL
                     EDM=9.31764e-09    STRATEGY= 1  ERROR MATRIX UNCERTAINTY   1.3 per cent
  EXT PARAMETER                                   STEP         FIRST   
  NO.   NAME      VALUE            ERROR          SIZE      DERIVATIVE 
   1  p0           1.84105e+02   6.02635e+00  -3.04336e-05  -3.77082e-04
   2  p1           9.96163e-01   1.70591e-04  -3.34552e-06  -7.62733e-03
   3  p2           5.00000e-03   1.19406e-05  -1.85303e-05** at limit **
   4  p3           2.85733e+01   1.45387e+00   1.43420e-04  -7.49124e-06
   5  p4           1.34403e+01   6.13924e-01   4.53480e-04  -1.46665e-04
   6  p5           9.89946e-01   2.56305e-03  -6.41771e-07  -4.94401e-02
   7  p6          -2.51277e-12   1.12119e-03   6.57505e-05** at limit **
   8  p7           1.33051e-02   7.78758e-04  -7.11259e-06  -2.96012e-03
                               ERR DEF= 0.5
 FCN=213.897 FROM MIGRAD    STATUS=CONVERGED    1126 CALLS        1127 TOTAL
                     EDM=6.78324e-08    STRATEGY= 1  ERROR MATRIX UNCERTAINTY   1.5 per cent
  EXT PARAMETER                                   STEP         FIRST   
  NO.   NAME      VALUE            ERROR          SIZE      DERIVATIVE 
   1  p0           2.22445e+02   6.52499e+00  -1.39189e-04   3.33458e-03
   2  p1           9.95853e-01   1.54186e-04   1.10289e-05  -9.87059e-04
   3  p2           5.00000e-03   1.82223e-05  -1.48981e-04** at limit **
   4  p3           3.01182e+01   1.52691e+00   2.40719e-03   1.46101e-04
   5  p4           1.29804e+01   5.70187e-01  -1.37780e-05  -1.20714e-08
   6  p5           9.94597e-01   2.25955e-03   5.52175e-06   9.44974e-02
   7  p6          -3.56914e-12   9.86813e-04  -7.40187e-06** at limit **
   8  p7           1.29995e-02   7.40904e-04  -3.47451e-05   7.61408e-04
                               ERR DEF= 0.5
 FCN=214.791 FROM MIGRAD    STATUS=CONVERGED    1482 CALLS        1483 TOTAL
                     EDM=2.61467e-07    STRATEGY= 1  ERROR MATRIX UNCERTAINTY   1.1 per cent
  EXT PARAMETER                                   STEP         FIRST   
  NO.   NAME      VALUE            ERROR          SIZE      DERIVATIVE 
   1  p0           2.50925e+02   7.02975e+00   1.94130e-04   2.53952e-03
   2  p1           9.95740e-01   1.52120e-04  -8.92358e-06   5.84800e-03
   3  p2           5.00000e-03   3.64140e-05  -1.49645e-04** at limit **
   4  p3           3.51158e+01   1.66689e+00  -1.36600e-03  -2.59000e-04
   5  p4           1.43034e+01   5.79346e-01  -1.39815e-03   1.09831e-03
   6  p5           9.91654e-01   2.19181e-03   1.80296e-06   8.72771e-02
   7  p6          -4.93152e-11   8.62592e-04  -1.05053e-04** at limit **
   8  p7           1.34198e-02   6.92793e-04   7.75653e-06   5.74105e-03
                               ERR DEF= 0.5

****************************************
Minimizer is Linear
Chi2                      =       17.361
NDf                       =           14
p0                        =      1.00286   +/-   0.000211441 
p1                        = -2.97149e-06   +/-   1.12212e-07 
Calculation of survival fraction for 2104
 FCN=139.877 FROM MIGRAD    STATUS=CONVERGED     103 CALLS         104 TOTAL
                     EDM=1.94133e-07    STRATEGY= 1      ERROR MATRIX ACCURATE 
  EXT PARAMETER                                   STEP         FIRST   
  NO.   NAME      VALUE            ERROR          SIZE      DERIVATIVE 
   1  p0           9.11949e+01   4.00912e+00   2.59453e-02  -4.71647e-05
   2  p1           2.10347e+03   5.59293e-02   1.00301e-03   3.85830e-03
   3  p2           1.39885e+00   5.01728e-02   2.73581e-05   1.58278e-02
   4  p3           1.42625e+01   2.32245e-01   1.86503e-03  -1.30377e-03
                               ERR DEF= 0.5
Area_tot = 1707
Area_tot_psa = 409
Area = 1041
Area_psa = 71
 FCN=151.717 FROM MIGRAD    STATUS=CONVERGED     115 CALLS         116 TOTAL
                     EDM=4.39558e-08    STRATEGY= 1      ERROR MATRIX ACCURATE 
  EXT PARAMETER                                   STEP         FIRST   
  NO.   NAME      VALUE            ERROR          SIZE      DERIVATIVE 
   1  p0           1.01229e+01   1.66975e+00   1.17703e-02  -4.75032e-05
   2  p1           2.10318e+03   2.27302e-01   1.93332e-03  -5.49445e-04
   3  p2           1.33022e+00   1.90424e-01   1.16988e-04  -1.15281e-02
   4  p3           6.59033e+00   1.59289e-01   1.32472e-03   3.83494e-05
                               ERR DEF= 0.5
Calculation of survival fraction for 2614.5
 FCN=179.842 FROM MIGRAD    STATUS=CONVERGED     225 CALLS         226 TOTAL
                     EDM=3.95477e-09    STRATEGY= 1      ERROR MATRIX ACCURATE 
  EXT PARAMETER                                   STEP         FIRST   
  NO.   NAME      VALUE            ERROR          SIZE      DERIVATIVE 
   1  p0           7.74221e+02   1.08911e+01   8.18881e-02  -5.65978e-06
   2  p1           2.61467e+03   1.37070e-02   1.24677e-03   2.59054e-03
   3  p2           1.19257e+00   9.98394e-03   6.90135e-06  -3.59337e-02
   4  p3           3.93195e-01   5.77713e-02   5.34734e-04  -2.43511e-04
                               ERR DEF= 0.5
Area_tot = 7756
Area_tot_psa = 1409
Area = 7704
Area_psa = 1400
 FCN=142.548 FROM MIGRAD    STATUS=CONVERGED     236 CALLS         237 TOTAL
                     EDM=4.54606e-07    STRATEGY= 1      ERROR MATRIX ACCURATE 
  EXT PARAMETER                                   STEP         FIRST   
  NO.   NAME      VALUE            ERROR          SIZE      DERIVATIVE 
   1  p0           1.40448e+02   4.65300e+00   3.12256e-02   1.21748e-05
   2  p1           2.61468e+03   3.23811e-02   1.24678e-03  -7.33215e-05
   3  p2           1.18738e+00   2.35158e-02   1.45501e-05  -6.87863e-02
   4  p3           1.69989e-02   8.48582e-03   7.02745e-05  -7.66385e-02
                               ERR DEF= 0.5
Calculation of survival fraction background at 2039
Area = 3116
Area_psa = 1488
Calculation of survival fraction background at 2350
Area = 6845
Area_psa = 3271
