
[1mRooFit v3.60 -- Developed by Wouter Verkerke and David Kirkby[0m 
                Copyright (C) 2000-2013 NIKHEF, University of California & Stanford University
                All rights reserved, please read http://roofit.sourceforge.net/license.txt

Using file /nfs/gerda6/users/burlac/psd/analysis/run0098-cal_dplms_100.tier.root
Analizing channel 21
DPLMS analysis with weight 100
Total events = 17201607
event n.1000000
event n.2000000
event n.3000000
event n.4000000
event n.5000000
event n.6000000
event n.7000000
event n.8000000
event n.9000000
event n.10000000
event n.11000000
event n.12000000
event n.13000000
event n.14000000
event n.15000000
event n.16000000
event n.17000000
Selected events: 67381
The time to read waveforms: 33.75 s
Initialization of DEP&FEP background  = 9.5
 FCN=109.475 FROM MIGRAD    STATUS=CONVERGED     182 CALLS         183 TOTAL
                     EDM=7.74153e-09    STRATEGY= 1  ERROR MATRIX UNCERTAINTY   2.3 per cent
  EXT PARAMETER                                   STEP         FIRST   
  NO.   NAME      VALUE            ERROR          SIZE      DERIVATIVE 
   1  p0           9.76547e+01   4.73864e+00  -2.07289e-03  -7.78342e-07
   2  p1           1.59334e+03   4.20440e-02  -4.97104e-05  -2.80420e-04
   3  p2           9.76082e-01   3.62290e-02   1.97921e-06  -3.19369e-03
   4  p3           2.56693e+01   2.71349e+00  -1.08930e-03   3.86601e-05
   5  p4           1.62168e+03   1.15440e-01  -1.08585e-04   3.75021e-04
   6  p5           1.06574e+00   1.05401e-01   9.84416e-07   4.16202e-03
   7  p6           8.71178e+00   2.26498e-01  -3.24301e-04  -2.21049e-04
                               ERR DEF= 0.5
mean_aoe = 0.0887
AoE: max = 1.52605 max = 0.111427
 FCN=4.47148 FROM MIGRAD    STATUS=CONVERGED     364 CALLS         365 TOTAL
                     EDM=2.86269e-07    STRATEGY= 1  ERROR MATRIX UNCERTAINTY   2.2 per cent
  EXT PARAMETER                                   STEP         FIRST   
  NO.   NAME      VALUE            ERROR          SIZE      DERIVATIVE 
   1  p0           8.65118e-01   2.55460e-01   8.31365e-04   2.72562e-03
   2  p1           9.96106e-01   2.17518e-03  -4.78128e-06  -1.92196e-01
   3  p2           7.71550e-03   1.63815e-03  -1.00726e-04   1.82902e-02
   4  p3           4.31554e-03   3.05108e-03   1.63329e-05   1.67747e+00
   5  p4           3.28769e-03   2.32262e-03   1.24339e-05  -2.31350e+00
                               ERR DEF= 0.5
AoE_lowCut = 0.980675
 FCN=109.128 FROM MIGRAD    STATUS=CONVERGED     170 CALLS         171 TOTAL
                     EDM=3.97608e-07    STRATEGY= 1      ERROR MATRIX ACCURATE 
  EXT PARAMETER                                   STEP         FIRST   
  NO.   NAME      VALUE            ERROR          SIZE      DERIVATIVE 
   1  p0           9.06050e+01   4.40989e+00   2.51800e-02   8.45071e-05
   2  p1           1.59334e+03   4.19885e-02   7.59764e-04   4.75811e-04
   3  p2           9.97951e-01   3.60324e-02   2.04929e-05  -6.05168e-02
   4  p3           5.82408e+00   1.59610e+00   9.84294e-03   6.38279e-05
   5  p4           1.62155e+03   2.98755e-01   2.02665e-03  -7.26929e-04
   6  p5           9.48705e-01   2.17566e-01   1.31255e-04   1.64581e-02
   7  p6           4.73725e+00   1.65060e-01   1.14922e-03   5.01789e-04
                               ERR DEF= 0.5
AreaDEP_tot = 1068
Area_DEP_tot_psa = 918
AreaDEP = 811
Area_DEP_psa = 771
Area_FEP_tot = 552
Area_FEP_tot_psa = 229
Area_FEP = 216
Area_FEP_psa = 34
Calculation of AoE vs E correction
 FCN=102.832 FROM MIGRAD    STATUS=CONVERGED    1100 CALLS        1101 TOTAL
                     EDM=7.16047e-07    STRATEGY= 1      ERROR MATRIX ACCURATE 
  EXT PARAMETER                                   STEP         FIRST   
  NO.   NAME      VALUE            ERROR          SIZE      DERIVATIVE 
   1  p0           6.23300e+01   2.83095e+00   7.35022e-04   5.86334e-04
   2  p1           9.98633e-01   4.56664e-04   1.53786e-04   6.90674e-04
   3  p2           1.11643e-02   4.07466e-04   1.83670e-04   1.91040e-03
   4  p3           9.74775e+00   7.69878e-01   2.62345e-03   1.61165e-04
   5  p4           4.85368e+00   6.36494e-01   1.82545e-03  -8.51515e-04
   6  p5           9.93348e-01   9.62984e-03   2.90353e-05  -8.42875e-03
   7  p6          -1.47802e-07   6.15603e-01   6.70959e-03** at limit **
   8  p7           2.08351e-02   2.81302e-03   3.23374e-04   8.63405e-04
                               ERR DEF= 0.5
 FCN=108.688 FROM MIGRAD    STATUS=CONVERGED     896 CALLS         897 TOTAL
                     EDM=6.32338e-08    STRATEGY= 1  ERROR MATRIX UNCERTAINTY   3.6 per cent
  EXT PARAMETER                                   STEP         FIRST   
  NO.   NAME      VALUE            ERROR          SIZE      DERIVATIVE 
   1  p0           6.14890e+01   2.91023e+00  -3.60643e-05  -1.88554e-04
   2  p1           9.96964e-01   4.68945e-04   9.86490e-06  -1.41784e-03
   3  p2           1.04224e-02   4.18338e-04   9.03491e-06  -3.34400e-05
   4  p3           9.65571e+00   7.98595e-01  -3.31342e-04  -6.39708e-04
   5  p4           5.52466e+00   6.56434e-01  -1.04549e-04   9.07632e-04
   6  p5           9.94815e-01   8.06670e-03  -1.55630e-06   2.32496e-03
   7  p6          -2.43428e-12   9.95704e-02   9.23921e-04** at limit **
   8  p7           2.08897e-02   2.68065e-03   3.67598e-05  -2.90887e-03
                               ERR DEF= 0.5
 FCN=112.975 FROM MIGRAD    STATUS=CONVERGED     782 CALLS         783 TOTAL
                     EDM=2.13377e-08    STRATEGY= 1  ERROR MATRIX UNCERTAINTY   0.2 per cent
  EXT PARAMETER                                   STEP         FIRST   
  NO.   NAME      VALUE            ERROR          SIZE      DERIVATIVE 
   1  p0           6.00946e+01   3.10153e+00   2.24295e-05  -9.71398e-05
   2  p1           9.97085e-01   4.30912e-04   4.76396e-06   2.71321e-04
   3  p2           9.05294e-03   3.97351e-04  -2.07766e-05  -6.59957e-04
   4  p3           8.83496e+00   7.69535e-01   1.75249e-03  -4.47106e-04
   5  p4           5.84275e+00   6.62575e-01   1.89610e-03   6.33687e-04
   6  p5           9.98919e-01   7.21384e-03  -7.91905e-06   1.89247e-02
   7  p6          -2.04841e-10   4.37715e-02  -2.34050e-03** at limit **
   8  p7           1.94471e-02   2.46512e-03   3.68452e-06  -6.01724e-05
                               ERR DEF= 0.5
 FCN=110.853 FROM MIGRAD    STATUS=CONVERGED    1031 CALLS        1032 TOTAL
                     EDM=2.72653e-08    STRATEGY= 1      ERROR MATRIX ACCURATE 
  EXT PARAMETER                                   STEP         FIRST   
  NO.   NAME      VALUE            ERROR          SIZE      DERIVATIVE 
   1  p0           6.09366e+01   3.23315e+00   8.64613e-04  -5.02968e-04
   2  p1           9.96703e-01   4.20500e-04   1.48354e-04   6.92681e-06
   3  p2           8.67930e-03   4.26469e-04   2.27455e-04  -1.17946e-03
   4  p3           8.54454e+00   7.66098e-01   2.64175e-03  -2.34672e-04
   5  p4           5.49130e+00   6.47237e-01   2.10914e-03   4.40910e-04
   6  p5           1.00194e+00   7.13449e-03   2.61108e-05   1.00086e-02
   7  p6          -2.70517e-12   9.59194e-02   4.56536e-03** at limit **
   8  p7           1.83509e-02   2.54115e-03   3.38415e-04   9.13893e-04
                               ERR DEF= 0.5
 FCN=109.221 FROM MIGRAD    STATUS=CONVERGED    1039 CALLS        1040 TOTAL
                     EDM=6.51458e-07    STRATEGY= 1  ERROR MATRIX UNCERTAINTY   5.0 per cent
  EXT PARAMETER                                   STEP         FIRST   
  NO.   NAME      VALUE            ERROR          SIZE      DERIVATIVE 
   1  p0           6.86916e+01   3.61662e+00   2.00486e-04  -6.07658e-03
   2  p1           9.96554e-01   3.51018e-04   1.90345e-05  -2.28673e-02
   3  p2           7.39471e-03   3.11660e-04  -9.99599e-05  -1.73342e-02
   4  p3           1.04279e+01   8.10437e-01   1.62951e-03  -1.03876e-03
   5  p4           8.02067e+00   7.01594e-01   5.43077e-04   1.42941e-03
   6  p5           9.91288e-01   6.15577e-03   2.26609e-06  -8.98907e-02
   7  p6          -1.87212e-11   7.23157e-02   4.46538e-03** at limit **
   8  p7           1.59410e-02   1.82897e-03   2.21747e-05  -6.42009e-03
                               ERR DEF= 0.5
 FCN=116.643 FROM MIGRAD    STATUS=CONVERGED     955 CALLS         956 TOTAL
                     EDM=4.50704e-07    STRATEGY= 1  ERROR MATRIX UNCERTAINTY   5.4 per cent
  EXT PARAMETER                                   STEP         FIRST   
  NO.   NAME      VALUE            ERROR          SIZE      DERIVATIVE 
   1  p0           6.54681e+01   3.53369e+00   9.11312e-04  -1.33036e-03
   2  p1           9.96297e-01   3.60003e-04   6.38477e-05  -1.05302e-02
   3  p2           7.25345e-03   3.07630e-04  -3.81927e-04  -1.18240e-02
   4  p3           9.75821e+00   7.73965e-01   6.13963e-03   1.33801e-04
   5  p4           8.07091e+00   7.80212e-01   1.17005e-03  -2.22126e-04
   6  p5           9.88461e-01   6.93536e-03  -1.32758e-06  -3.10471e-02
   7  p6          -1.77908e-08   3.17772e-02   2.25464e-03** at limit **
   8  p7           1.91921e-02   2.08908e-03  -1.72785e-04  -1.42390e-03
                               ERR DEF= 0.5
 FCN=120.598 FROM MIGRAD    STATUS=CONVERGED    1027 CALLS        1028 TOTAL
                     EDM=4.41701e-09    STRATEGY= 1  ERROR MATRIX UNCERTAINTY   3.5 per cent
  EXT PARAMETER                                   STEP         FIRST   
  NO.   NAME      VALUE            ERROR          SIZE      DERIVATIVE 
   1  p0           5.66781e+01   3.11789e+00   3.78377e-05   2.24049e-04
   2  p1           9.94462e-01   4.02436e-04  -2.61320e-05  -2.24980e-03
   3  p2           7.92252e-03   3.35267e-04  -1.98880e-05  -1.41456e-05
   4  p3           8.18633e+00   7.09733e-01  -8.93210e-04  -7.85785e-05
   5  p4           7.90803e+00   8.70911e-01  -1.41147e-03   9.06787e-05
   6  p5           9.82898e-01   8.34522e-03   5.08629e-06   7.54874e-03
   7  p6          -2.14165e-10   6.64598e-02   4.73337e-04** at limit **
   8  p7           2.03669e-02   2.38465e-03   3.00049e-05   1.36419e-04
                               ERR DEF= 0.5
 FCN=121.055 FROM MIGRAD    STATUS=CONVERGED     988 CALLS         989 TOTAL
                     EDM=2.13326e-07    STRATEGY= 1      ERROR MATRIX ACCURATE 
  EXT PARAMETER                                   STEP         FIRST   
  NO.   NAME      VALUE            ERROR          SIZE      DERIVATIVE 
   1  p0           6.25379e+01   3.45667e+00   9.71934e-04  -8.55788e-05
   2  p1           9.94726e-01   4.36057e-04   1.43652e-04  -8.66921e-03
   3  p2           7.54515e-03   3.93410e-04   2.42621e-04   4.88512e-03
   4  p3           1.32729e+01   1.02266e+00   4.37587e-03   2.23245e-04
   5  p4           1.10064e+01   7.73905e-01   3.07946e-03   1.29767e-04
   6  p5           9.83358e-01   5.41366e-03   2.04033e-05   4.10161e-02
   7  p6          -6.85969e-10   8.61731e-03   1.41233e-03** at limit **
   8  p7           1.26744e-02   1.39774e-03   2.87348e-04  -9.12418e-04
                               ERR DEF= 0.5
 FCN=123.569 FROM MIGRAD    STATUS=CONVERGED    1048 CALLS        1049 TOTAL
                     EDM=3.18455e-09    STRATEGY= 1  ERROR MATRIX UNCERTAINTY   2.6 per cent
  EXT PARAMETER                                   STEP         FIRST   
  NO.   NAME      VALUE            ERROR          SIZE      DERIVATIVE 
   1  p0           6.54855e+01   3.71516e+00   1.11617e-04   1.38558e-04
   2  p1           9.93933e-01   3.82458e-04   1.82794e-05   2.51535e-04
   3  p2           6.88128e-03   3.54773e-04  -5.13922e-05  -2.79765e-04
   4  p3           1.43096e+01   9.83917e-01  -8.68296e-04   3.96207e-05
   5  p4           1.08021e+01   8.24857e-01  -9.75541e-04  -5.78105e-05
   6  p5           9.80236e-01   6.75626e-03   4.41498e-06  -9.78072e-03
   7  p6          -3.65518e-11   2.13594e-02   9.22408e-05** at limit **
   8  p7           1.73084e-02   1.73285e-03  -2.78886e-06   3.41136e-04
                               ERR DEF= 0.5
 FCN=124.515 FROM MIGRAD    STATUS=CONVERGED    1140 CALLS        1141 TOTAL
                     EDM=7.62547e-08    STRATEGY= 1  ERROR MATRIX UNCERTAINTY   2.1 per cent
  EXT PARAMETER                                   STEP         FIRST   
  NO.   NAME      VALUE            ERROR          SIZE      DERIVATIVE 
   1  p0           6.76009e+01   3.64133e+00   2.64567e-05  -1.60909e-04
   2  p1           9.93276e-01   3.96670e-04   1.78169e-05   4.32029e-03
   3  p2           7.27293e-03   3.27332e-04  -2.51153e-05   3.12371e-03
   4  p3           1.37571e+01   8.27337e-01  -2.16126e-04  -1.58526e-04
   5  p4           8.33058e+00   2.09332e+00  -3.54132e-04  -1.67257e-04
   6  p5           9.75098e-01   8.79163e-03   1.08070e-05  -5.96695e-02
   7  p6          -8.20468e-02   6.20736e-02   3.64261e-05   1.15403e-03
   8  p7           2.03315e-02   2.01056e-03  -8.63446e-05  -5.79354e-03
                               ERR DEF= 0.5
 FCN=112.725 FROM MIGRAD    STATUS=CONVERGED    1068 CALLS        1069 TOTAL
                     EDM=2.31439e-09    STRATEGY= 1  ERROR MATRIX UNCERTAINTY   2.0 per cent
  EXT PARAMETER                                   STEP         FIRST   
  NO.   NAME      VALUE            ERROR          SIZE      DERIVATIVE 
   1  p0           6.52622e+01   4.01659e+00  -6.68878e-05   1.12574e-04
   2  p1           9.93635e-01   3.46158e-04   3.24573e-06  -9.65215e-04
   3  p2           5.96960e-03   3.30604e-04  -1.23573e-05   5.54840e-04
   4  p3           1.23395e+01   9.14731e-01  -2.04698e-04  -5.52157e-05
   5  p4           8.96786e+00   6.88266e-01  -1.95826e-04   1.17437e-04
   6  p5           9.91010e-01   4.67843e-03  -2.02463e-06   1.59316e-02
   7  p6          -3.73443e-11   3.32350e-02   1.48222e-04** at limit **
   8  p7           1.55553e-02   1.51068e-03   2.31321e-05   4.12816e-04
                               ERR DEF= 0.5
 FCN=113.942 FROM MIGRAD    STATUS=CONVERGED    1000 CALLS        1001 TOTAL
                     EDM=8.51252e-08    STRATEGY= 1  ERROR MATRIX UNCERTAINTY   2.3 per cent
  EXT PARAMETER                                   STEP         FIRST   
  NO.   NAME      VALUE            ERROR          SIZE      DERIVATIVE 
   1  p0           6.06767e+01   3.37995e+00  -4.82098e-05   6.68197e-04
   2  p1           9.92558e-01   4.27356e-04  -1.07725e-05   4.55116e-03
   3  p2           7.31831e-03   4.00359e-04  -1.20721e-05   2.67005e-03
   4  p3           1.10082e+01   9.09790e-01   1.57439e-03  -6.40939e-04
   5  p4           9.56337e+00   7.87943e-01   1.99806e-03   8.42350e-04
   6  p5           9.84945e-01   6.20775e-03  -1.19951e-05   8.02492e-02
   7  p6          -6.23213e-11   2.21751e-02   2.75774e-03** at limit **
   8  p7           1.73794e-02   1.83087e-03   1.16242e-05   2.37251e-03
                               ERR DEF= 0.5
 FCN=116.687 FROM MIGRAD    STATUS=CONVERGED    1033 CALLS        1034 TOTAL
                     EDM=3.23899e-08    STRATEGY= 1  ERROR MATRIX UNCERTAINTY   3.0 per cent
  EXT PARAMETER                                   STEP         FIRST   
  NO.   NAME      VALUE            ERROR          SIZE      DERIVATIVE 
   1  p0           6.61982e+01   3.67250e+00   5.99453e-04  -4.96656e-04
   2  p1           9.92122e-01   3.65497e-04   8.64476e-05   8.77132e-03
   3  p2           6.96666e-03   2.99874e-04  -2.01225e-04   4.69026e-04
   4  p3           1.48641e+01   1.03019e+00   3.32206e-03  -1.20202e-04
   5  p4           1.11447e+01   7.16086e-01   2.16686e-03  -4.34163e-05
   6  p5           9.85220e-01   4.08106e-03   2.50376e-06  -4.03386e-02
   7  p6          -1.03701e-11   8.87847e-03   1.21733e-04** at limit **
   8  p7           1.32540e-02   1.17354e-03  -9.68979e-05  -1.84390e-03
                               ERR DEF= 0.5
 FCN=132 FROM MIGRAD    STATUS=CONVERGED     922 CALLS         923 TOTAL
                     EDM=1.84106e-07    STRATEGY= 1  ERROR MATRIX UNCERTAINTY   2.7 per cent
  EXT PARAMETER                                   STEP         FIRST   
  NO.   NAME      VALUE            ERROR          SIZE      DERIVATIVE 
   1  p0           7.98231e+01   4.35857e+00   9.26090e-04  -1.60856e-04
   2  p1           9.92213e-01   3.66878e-04   5.94897e-06   2.34261e-02
   3  p2           6.39126e-03   3.25051e-04  -2.33436e-04   7.80860e-03
   4  p3           1.93582e+01   1.34655e+00   1.31381e-03  -2.71734e-04
   5  p4           1.20329e+01   6.76017e-01   1.58120e-03   3.78504e-04
   6  p5           9.89393e-01   3.21909e-03  -1.19423e-06   1.70974e-01
   7  p6          -1.77636e-15   3.20101e-03   2.70776e-04** at limit **
   8  p7           1.14235e-02   1.01914e-03  -2.66647e-05   5.36211e-03
                               ERR DEF= 0.5
 FCN=137.755 FROM MIGRAD    STATUS=CONVERGED    1133 CALLS        1134 TOTAL
                     EDM=9.63866e-08    STRATEGY= 1  ERROR MATRIX UNCERTAINTY   2.2 per cent
  EXT PARAMETER                                   STEP         FIRST   
  NO.   NAME      VALUE            ERROR          SIZE      DERIVATIVE 
   1  p0           8.36388e+01   4.04180e+00   5.71983e-05  -1.99191e-03
   2  p1           9.90448e-01   3.87879e-04   1.98523e-05   1.25706e-02
   3  p2           7.31890e-03   3.28736e-04   7.35188e-06   1.57342e-04
   4  p3           1.87458e+01   1.36960e+00   2.25212e-03  -2.48041e-04
   5  p4           1.20769e+01   6.94502e-01   8.54091e-04   1.87739e-04
   6  p5           9.87108e-01   3.44650e-03  -3.39549e-06  -7.12344e-02
   7  p6          -7.88059e-12   2.59297e-03  -3.41478e-05** at limit **
   8  p7           1.19584e-02   1.04743e-03  -3.65188e-05  -3.52640e-03
                               ERR DEF= 0.5
 FCN=140.231 FROM MIGRAD    STATUS=CONVERGED    1015 CALLS        1016 TOTAL
                     EDM=2.80244e-07    STRATEGY= 1  ERROR MATRIX UNCERTAINTY   1.0 per cent
  EXT PARAMETER                                   STEP         FIRST   
  NO.   NAME      VALUE            ERROR          SIZE      DERIVATIVE 
   1  p0           9.71918e+01   4.33869e+00   4.80444e-04  -7.86070e-05
   2  p1           9.89952e-01   3.75886e-04   6.23921e-05   2.53213e-02
   3  p2           7.77315e-03   3.30020e-04   1.31874e-04  -9.60564e-03
   4  p3           1.92463e+01   1.37987e+00   2.57780e-03  -3.04469e-04
   5  p4           1.06395e+01   5.73756e-01  -2.08570e-04   2.00140e-05
   6  p5           9.88233e-01   3.34090e-03   4.29355e-06   4.46972e-02
   7  p6          -3.23358e-11   2.45848e-03   3.06626e-04** at limit **
   8  p7           1.35949e-02   1.12724e-03   5.28833e-06   7.66438e-03
                               ERR DEF= 0.5

****************************************
Minimizer is Linear
Chi2                      =      31.7249
NDf                       =           14
p0                        =      1.00337   +/-   0.000399768 
p1                        = -5.29271e-06   +/-   2.2277e-07  
Calculation of survival fraction for 2104
 FCN=157.204 FROM MIGRAD    STATUS=CONVERGED     101 CALLS         102 TOTAL
                     EDM=9.57874e-07    STRATEGY= 1      ERROR MATRIX ACCURATE 
  EXT PARAMETER                                   STEP         FIRST   
  NO.   NAME      VALUE            ERROR          SIZE      DERIVATIVE 
   1  p0           5.37233e+01   3.04628e+00   2.06695e-02  -2.39329e-04
   2  p1           2.10389e+03   7.70729e-02   1.00321e-03  -6.86563e-03
   3  p2           1.48518e+00   7.27810e-02   4.02282e-05   1.50568e-02
   4  p3           8.92262e+00   1.86514e-01   1.57938e-03  -1.18262e-03
                               ERR DEF= 0.5
Area_tot = 1100
Area_tot_psa = 314
Area = 668
Area_psa = 96
 FCN=149.317 FROM MIGRAD    STATUS=CONVERGED     110 CALLS         111 TOTAL
                     EDM=1.08944e-07    STRATEGY= 1      ERROR MATRIX ACCURATE 
  EXT PARAMETER                                   STEP         FIRST   
  NO.   NAME      VALUE            ERROR          SIZE      DERIVATIVE 
   1  p0           7.26285e+00   1.99449e+00   1.11239e-02  -1.21070e-04
   2  p1           2.10349e+03   2.95215e-01   2.05748e-03   3.14639e-04
   3  p2           1.05661e+00   3.52230e-01   1.73975e-04  -7.57104e-03
   4  p3           4.61002e+00   1.36059e-01   1.10585e-03  -2.26706e-03
                               ERR DEF= 0.5
Calculation of survival fraction for 2614.5
 FCN=127.951 FROM MIGRAD    STATUS=CONVERGED     264 CALLS         265 TOTAL
                     EDM=6.94164e-09    STRATEGY= 1      ERROR MATRIX ACCURATE 
  EXT PARAMETER                                   STEP         FIRST   
  NO.   NAME      VALUE            ERROR          SIZE      DERIVATIVE 
   1  p0           4.42252e+02   8.51565e+00   5.41254e-02   2.26470e-06
   2  p1           2.61459e+03   1.74886e-02   1.24674e-03  -8.69329e-04
   3  p2           1.11066e+00   1.26479e-02   7.66598e-06  -1.05001e-02
   4  p3           5.70779e-02   2.42235e-02   1.89585e-04   3.15575e-03
                               ERR DEF= 0.5
Area_tot = 4125
Area_tot_psa = 890
Area = 4101
Area_psa = 885
 FCN=130.054 FROM MIGRAD    STATUS=CONVERGED     203 CALLS         204 TOTAL
                     EDM=6.72401e-10    STRATEGY= 1  ERROR MATRIX UNCERTAINTY   1.1 per cent
  EXT PARAMETER                                   STEP         FIRST   
  NO.   NAME      VALUE            ERROR          SIZE      DERIVATIVE 
   1  p0           9.66311e+01   4.06262e+00  -3.13296e-03   2.95339e-06
   2  p1           2.61460e+03   3.79092e-02  -3.34911e-05  -7.85254e-04
   3  p2           1.08470e+00   2.71319e-02   3.71462e-06   8.24846e-03
   4  p3           3.99194e-03   3.98296e-03  -5.33605e-06   1.17832e-04
                               ERR DEF= 0.5
Calculation of survival fraction background at 2039
Area = 2092
Area_psa = 1096
