
[1mRooFit v3.60 -- Developed by Wouter Verkerke and David Kirkby[0m 
                Copyright (C) 2000-2013 NIKHEF, University of California & Stanford University
                All rights reserved, please read http://roofit.sourceforge.net/license.txt

Using file /nfs/gerda6/users/burlac/psd/analysis/run0098-cal_dplms_10.tier.root
Analizing channel 18
Standard analysis 
Total events = 17201607
event n.1000000
event n.2000000
event n.3000000
event n.4000000
event n.5000000
event n.6000000
event n.7000000
event n.8000000
event n.9000000
event n.10000000
event n.11000000
event n.12000000
event n.13000000
event n.14000000
event n.15000000
event n.16000000
event n.17000000
Selected events: 134299
The time to read waveforms: 33.46 s
Initialization of DEP&FEP background  = 17
 FCN=129.588 FROM MIGRAD    STATUS=CONVERGED     230 CALLS         231 TOTAL
                     EDM=3.50265e-08    STRATEGY= 1      ERROR MATRIX ACCURATE 
  EXT PARAMETER                                   STEP         FIRST   
  NO.   NAME      VALUE            ERROR          SIZE      DERIVATIVE 
   1  p0           1.70892e+02   6.20308e+00   3.89777e-02   1.32514e-05
   2  p1           1.59241e+03   3.21901e-02   7.59322e-04   2.58535e-04
   3  p2           9.91749e-01   2.75193e-02   1.72820e-05   2.15521e-02
   4  p3           9.11123e+01   4.80931e+00   3.04512e-02   3.25454e-05
   5  p4           1.62066e+03   4.81271e-02   7.72789e-04   2.49059e-03
   6  p5           9.74799e-01   4.16348e-02   2.65553e-05   1.86883e-02
   7  p6           1.64265e+01   2.95619e-01   2.25170e-03   1.13734e-04
                               ERR DEF= 0.5
mean_aoe = 0.0521
AoE: max = 1.67051 max = 0.0702688
 FCN=0.758602 FROM MIGRAD    STATUS=CONVERGED     335 CALLS         336 TOTAL
                     EDM=5.24041e-08    STRATEGY= 1  ERROR MATRIX UNCERTAINTY   0.4 per cent
  EXT PARAMETER                                   STEP         FIRST   
  NO.   NAME      VALUE            ERROR          SIZE      DERIVATIVE 
   1  p0           9.58522e-01   4.80134e-01  -6.00936e-04   2.58478e-04
   2  p1           1.00140e+00   3.68972e-03  -2.43572e-05  -5.74737e-02
   3  p2           7.68455e-03   2.82420e-03   1.68118e-04  -2.43282e-04
   4  p3           3.45482e-03   5.03898e-03   4.56668e-05  -2.10084e-01
   5  p4           2.18328e-03   3.17903e-03   2.88039e-05   2.66563e-01
                               ERR DEF= 0.5
Total integral = 0
AoE_lowCut = 2 -> 0x7ffef4a81910
CutIntegral = 0
SF_dep = -nan
sigma_aoe = 0.00768455
Total integral = 0
AoE_lowCut = 2 -> 0x7ffef4a81910
CutIntegral = 0
SF_dep = -nan
sigma_aoe = 0.00768455
Total integral = 0
AoE_lowCut = 2 -> 0x7ffef4a81910
CutIntegral = 0
SF_dep = -nan
sigma_aoe = 0.00768455
Total integral = 0
AoE_lowCut = 2 -> 0x7ffef4a81910
CutIntegral = 0
SF_dep = -nan
sigma_aoe = 0.00768455
Total integral = 0
AoE_lowCut = 2 -> 0x7ffef4a81910
CutIntegral = 0
SF_dep = -nan
sigma_aoe = 0.00768455
Total integral = 0
AoE_lowCut = 2 -> 0x7ffef4a81910
CutIntegral = 0
SF_dep = -nan
sigma_aoe = 0.00768455
Total integral = 0
AoE_lowCut = 2 -> 0x7ffef4a81910
CutIntegral = 0
SF_dep = -nan
sigma_aoe = 0.00768455
Total integral = 0
AoE_lowCut = 2 -> 0x7ffef4a81910
CutIntegral = 0
SF_dep = -nan
sigma_aoe = 0.00768455
Total integral = 0
AoE_lowCut = 2 -> 0x7ffef4a81910
CutIntegral = 0
SF_dep = -nan
sigma_aoe = 0.00768455
Total integral = 0
AoE_lowCut = 2 -> 0x7ffef4a81910
CutIntegral = 0
SF_dep = -nan
sigma_aoe = 0.00768455
Total integral = 0
AoE_lowCut = 2 -> 0x7ffef4a81910
CutIntegral = 0
SF_dep = -nan
sigma_aoe = 0.00768455
Total integral = 0
AoE_lowCut = 2 -> 0x7ffef4a81910
CutIntegral = 0
SF_dep = -nan
sigma_aoe = 0.00768455
Total integral = 0
AoE_lowCut = 2 -> 0x7ffef4a81910
CutIntegral = 0
SF_dep = -nan
sigma_aoe = 0.00768455
Total integral = 0
AoE_lowCut = 2 -> 0x7ffef4a81910
CutIntegral = 0
SF_dep = -nan
sigma_aoe = 0.00768455
Total integral = 0
AoE_lowCut = 2 -> 0x7ffef4a81910
CutIntegral = 0
SF_dep = -nan
sigma_aoe = 0.00768455
Total integral = 0
AoE_lowCut = 2 -> 0x7ffef4a81910
CutIntegral = 0
SF_dep = -nan
sigma_aoe = 0.00768455
Total integral = 0
AoE_lowCut = 2 -> 0x7ffef4a81910
CutIntegral = 0
SF_dep = -nan
sigma_aoe = 0.00768455
Total integral = 0
AoE_lowCut = 2 -> 0x7ffef4a81910
CutIntegral = 0
SF_dep = -nan
sigma_aoe = 0.00768455
Total integral = 0
AoE_lowCut = 2 -> 0x7ffef4a81910
CutIntegral = 0
SF_dep = -nan
sigma_aoe = 0.00768455
Total integral = 0
AoE_lowCut = 2 -> 0x7ffef4a81910
CutIntegral = 0
SF_dep = -nan
sigma_aoe = 0.00768455
Total integral = 0
AoE_lowCut = 2 -> 0x7ffef4a81910
CutIntegral = 0
SF_dep = -nan
sigma_aoe = 0.00768455
Total integral = 0
AoE_lowCut = 2 -> 0x7ffef4a81910
CutIntegral = 0
SF_dep = -nan
sigma_aoe = 0.00768455
Total integral = 0
AoE_lowCut = 2 -> 0x7ffef4a81910
CutIntegral = 0
SF_dep = -nan
sigma_aoe = 0.00768455
Total integral = 0
AoE_lowCut = 2 -> 0x7ffef4a81910
CutIntegral = 0
SF_dep = -nan
sigma_aoe = 0.00768455
Total integral = 0
AoE_lowCut = 2 -> 0x7ffef4a81910
CutIntegral = 0
SF_dep = -nan
sigma_aoe = 0.00768455
Total integral = 0
AoE_lowCut = 2 -> 0x7ffef4a81910
CutIntegral = 0
SF_dep = -nan
sigma_aoe = 0.00768455
Total integral = 0
AoE_lowCut = 2 -> 0x7ffef4a81910
CutIntegral = 0
SF_dep = -nan
sigma_aoe = 0.00768455
Total integral = 0
AoE_lowCut = 2 -> 0x7ffef4a81910
CutIntegral = 0
SF_dep = -nan
sigma_aoe = 0.00768455
Total integral = 0
AoE_lowCut = 2 -> 0x7ffef4a81910
CutIntegral = 0
SF_dep = -nan
sigma_aoe = 0.00768455
Total integral = 0
AoE_lowCut = 2 -> 0x7ffef4a81910
CutIntegral = 0
SF_dep = -nan
sigma_aoe = 0.00768455
