
[1mRooFit v3.60 -- Developed by Wouter Verkerke and David Kirkby[0m 
                Copyright (C) 2000-2013 NIKHEF, University of California & Stanford University
                All rights reserved, please read http://roofit.sourceforge.net/license.txt

Using file /nfs/gerda6/users/burlac/psd/analysis/run0098-cal_dplms_10.tier.root
Analizing channel 5
DPLMS analysis with weight 10
Total events = 17201607
event n.1000000
event n.2000000
event n.3000000
event n.4000000
event n.5000000
event n.6000000
event n.7000000
event n.8000000
event n.9000000
event n.10000000
event n.11000000
event n.12000000
event n.13000000
event n.14000000
event n.15000000
event n.16000000
event n.17000000
Selected events: 95594
The time to read waveforms: 30.62 s
Initialization of DEP&FEP background  = 11.5
 FCN=101.679 FROM MIGRAD    STATUS=CONVERGED     179 CALLS         180 TOTAL
                     EDM=3.92749e-07    STRATEGY= 1  ERROR MATRIX UNCERTAINTY   6.0 per cent
  EXT PARAMETER                                   STEP         FIRST   
  NO.   NAME      VALUE            ERROR          SIZE      DERIVATIVE 
   1  p0           1.34588e+02   5.55085e+00   6.98795e-03   4.76106e-05
   2  p1           1.59241e+03   3.51528e-02   1.96315e-05   7.15588e-03
   3  p2           9.48407e-01   2.94413e-02   2.97025e-07   1.13266e-01
   4  p3           4.57623e+01   3.85361e+00  -2.57169e-02  -1.56552e-04
   5  p4           1.62071e+03   7.31519e-02   3.92171e-05   2.81469e-03
   6  p5           8.85936e-01   6.65772e-02   3.61145e-05  -1.39067e-01
   7  p6           1.28779e+01   2.60497e-01  -7.16045e-04  -5.93847e-04
                               ERR DEF= 0.5
mean_aoe = 0.1415
AoE: max = 1.30709 max = 0.0442182
 FCN=2.5881 FROM MIGRAD    STATUS=CONVERGED     434 CALLS         435 TOTAL
                     EDM=5.04468e-07    STRATEGY= 1  ERROR MATRIX UNCERTAINTY   1.8 per cent
  EXT PARAMETER                                   STEP         FIRST   
  NO.   NAME      VALUE            ERROR          SIZE      DERIVATIVE 
   1  p0           8.78547e-01   4.10556e-01  -4.24512e-03  -5.16811e-04
   2  p1           1.00245e+00   1.71168e-03   6.49062e-06   4.36699e-01
   3  p2           4.42609e-03   1.37058e-03   2.34570e-04  -1.18206e-03
   4  p3           3.59199e-03   2.94208e-03   2.81068e-05   3.04791e+00
   5  p4           1.92088e-03   1.57060e-03   1.49980e-05  -6.05986e+00
                               ERR DEF= 0.5
AoE_lowCut = 0.993598
 FCN=99.6466 FROM MIGRAD    STATUS=CONVERGED     204 CALLS         205 TOTAL
                     EDM=2.97001e-07    STRATEGY= 1      ERROR MATRIX ACCURATE 
  EXT PARAMETER                                   STEP         FIRST   
  NO.   NAME      VALUE            ERROR          SIZE      DERIVATIVE 
   1  p0           1.26637e+02   5.28442e+00   2.91425e-02   1.26010e-05
   2  p1           1.59243e+03   3.43070e-02   7.59331e-04  -2.09058e-03
   3  p2           9.49141e-01   2.83165e-02   1.59891e-05   1.27106e-02
   4  p3           1.33024e+01   2.55056e+00   1.45244e-02   8.06960e-05
   5  p4           1.62058e+03   1.39379e-01   9.37842e-04   1.67641e-03
   6  p5           6.93381e-01   1.15761e-01   7.76220e-05  -1.89729e-03
   7  p6           6.71385e+00   1.90704e-01   1.28274e-03   2.44804e-03
                               ERR DEF= 0.5
AreaDEP_tot = 1461
Area_DEP_tot_psa = 1229
AreaDEP = 1068
Area_DEP_psa = 1013
Area_FEP_tot = 713
Area_FEP_tot_psa = 277
Area_FEP = 327
Area_FEP_psa = 65
Calculation of AoE vs E correction
 FCN=127.452 FROM MIGRAD    STATUS=CONVERGED     979 CALLS         980 TOTAL
                     EDM=6.67223e-07    STRATEGY= 1  ERROR MATRIX UNCERTAINTY   1.8 per cent
  EXT PARAMETER                                   STEP         FIRST   
  NO.   NAME      VALUE            ERROR          SIZE      DERIVATIVE 
   1  p0           1.19678e+02   4.82661e+00   3.30742e-04   2.11131e-03
   2  p1           1.00262e+00   2.85321e-04   2.39293e-05  -4.00124e-03
   3  p2           7.61107e-03   2.88222e-04   2.33974e-05  -5.65974e-03
   4  p3           2.00664e+01   1.21875e+00  -7.60243e-04  -8.08382e-04
   5  p4           7.58528e+00   4.82059e-01  -1.05264e-03   3.42132e-03
   6  p5           1.00651e+00   4.02400e-03  -2.16343e-06   2.06426e-01
   7  p6          -1.40076e-09   1.13915e-02  -1.42718e-03** at limit **
   8  p7           1.52750e-02   1.34833e-03   5.09506e-05   9.24165e-04
                               ERR DEF= 0.5
 FCN=116.728 FROM MIGRAD    STATUS=CONVERGED    1083 CALLS        1084 TOTAL
                     EDM=5.59333e-07    STRATEGY= 1  ERROR MATRIX UNCERTAINTY   1.5 per cent
  EXT PARAMETER                                   STEP         FIRST   
  NO.   NAME      VALUE            ERROR          SIZE      DERIVATIVE 
   1  p0           1.24748e+02   5.18736e+00   1.30951e-04   7.74523e-04
   2  p1           1.00269e+00   2.56074e-04  -3.07715e-05  -1.77528e-02
   3  p2           6.84010e-03   2.46144e-04   7.27372e-05   1.45601e-03
   4  p3           1.65741e+01   1.06632e+00   1.08391e-03  -1.04557e-03
   5  p4           7.36411e+00   4.73925e-01   1.09287e-03   3.79905e-03
   6  p5           1.00765e+00   4.01203e-03  -5.71865e-06   3.42344e-01
   7  p6          -4.66571e-09   6.95996e-03  -4.47314e-04** at limit **
   8  p7           1.65460e-02   1.47714e-03   7.04102e-05   1.26349e-02
                               ERR DEF= 0.5
 FCN=126.446 FROM MIGRAD    STATUS=CONVERGED    1074 CALLS        1075 TOTAL
                     EDM=1.99526e-08    STRATEGY= 1  ERROR MATRIX UNCERTAINTY   3.6 per cent
  EXT PARAMETER                                   STEP         FIRST   
  NO.   NAME      VALUE            ERROR          SIZE      DERIVATIVE 
   1  p0           1.20638e+02   5.58558e+00   8.16934e-05  -5.06584e-04
   2  p1           1.00237e+00   2.34706e-04   1.73110e-06  -5.11686e-04
   3  p2           5.78811e-03   2.41751e-04  -6.38174e-05   1.01174e-05
   4  p3           1.50494e+01   1.03068e+00   1.00968e-03  -5.97192e-05
   5  p4           8.79332e+00   6.04601e-01   1.58836e-04   1.45098e-04
   6  p5           1.00541e+00   4.66205e-03   7.18180e-07  -3.08861e-02
   7  p6          -7.26149e-11   1.57515e-02  -2.76666e-04** at limit **
   8  p7           1.61815e-02   1.62224e-03  -1.17154e-05  -7.75296e-04
                               ERR DEF= 0.5
 FCN=114.851 FROM MIGRAD    STATUS=CONVERGED     990 CALLS         991 TOTAL
                     EDM=3.44098e-07    STRATEGY= 1  ERROR MATRIX UNCERTAINTY   3.1 per cent
  EXT PARAMETER                                   STEP         FIRST   
  NO.   NAME      VALUE            ERROR          SIZE      DERIVATIVE 
   1  p0           1.23599e+02   5.55296e+00   5.92051e-04   5.10130e-04
   2  p1           1.00212e+00   2.21993e-04  -1.99455e-06  -2.39019e-03
   3  p2           5.58991e-03   2.05223e-04  -4.13146e-04   7.36416e-03
   4  p3           1.55809e+01   1.00581e+00   8.59156e-04   6.40765e-04
   5  p4           9.36026e+00   6.36772e-01  -2.56440e-05  -1.38120e-03
   6  p5           9.99185e-01   5.11332e-03   1.47905e-05   5.16442e-02
   7  p6          -1.37605e-09   1.15178e-02  -4.27476e-04** at limit **
   8  p7           1.57289e-02   1.54660e-03   4.55244e-05   1.24975e-02
                               ERR DEF= 0.5
 FCN=98.5805 FROM MIGRAD    STATUS=CONVERGED    1147 CALLS        1148 TOTAL
                     EDM=3.38922e-07    STRATEGY= 1      ERROR MATRIX ACCURATE 
  EXT PARAMETER                                   STEP         FIRST   
  NO.   NAME      VALUE            ERROR          SIZE      DERIVATIVE 
   1  p0           1.30107e+02   6.08882e+00   7.55187e-04   1.63684e-03
   2  p1           1.00196e+00   2.09090e-04   7.10420e-05  -2.97411e-03
   3  p2           5.01294e-03   7.33873e-04   1.66472e-03  -1.24093e-03
   4  p3           1.72097e+01   1.12845e+00   4.52719e-03  -3.50592e-04
   5  p4           1.12626e+01   6.85599e-01   2.42941e-03   1.16582e-03
   6  p5           1.00238e+00   4.13164e-03   1.49183e-05   9.84455e-02
   7  p6          -3.26787e-11   4.40925e-03   9.13531e-04** at limit **
   8  p7           1.58286e-02   1.32963e-03   1.93426e-04   4.24177e-03
                               ERR DEF= 0.5
 FCN=104.676 FROM MIGRAD    STATUS=CONVERGED     994 CALLS         995 TOTAL
                     EDM=2.92408e-08    STRATEGY= 1  ERROR MATRIX UNCERTAINTY   3.0 per cent
  EXT PARAMETER                                   STEP         FIRST   
  NO.   NAME      VALUE            ERROR          SIZE      DERIVATIVE 
   1  p0           1.23560e+02   5.91254e+00  -8.36571e-05   3.88432e-04
   2  p1           1.00137e+00   2.36412e-04   1.34243e-06  -1.18211e-03
   3  p2           5.36151e-03   2.24578e-04   2.10371e-05  -7.60352e-05
   4  p3           1.60139e+01   1.10700e+00  -1.13274e-03   1.88412e-04
   5  p4           9.47483e+00   6.12791e-01  -9.11790e-04  -3.39067e-04
   6  p5           1.00672e+00   3.89558e-03   1.66207e-06  -1.38088e-02
   7  p6          -1.93935e-10   8.38633e-03  -1.91988e-05** at limit **
   8  p7           1.42955e-02   1.39220e-03  -8.07725e-06   9.83201e-04
                               ERR DEF= 0.5
 FCN=117.008 FROM MIGRAD    STATUS=CONVERGED    1259 CALLS        1260 TOTAL
                     EDM=3.65116e-08    STRATEGY= 1      ERROR MATRIX ACCURATE 
  EXT PARAMETER                                   STEP         FIRST   
  NO.   NAME      VALUE            ERROR          SIZE      DERIVATIVE 
   1  p0           1.08212e+02   5.74467e+00   8.89670e-04  -5.05455e-04
   2  p1           1.00165e+00   2.49266e-04   8.82969e-05   3.93900e-03
   3  p2           5.05572e-03   2.54934e-04   1.03340e-03  -4.39327e-04
   4  p3           1.83469e+01   1.22987e+00   5.04512e-03  -7.19949e-05
   5  p4           1.06826e+01   6.09515e-01   2.42663e-03  -1.19560e-04
   6  p5           1.00650e+00   2.86075e-03   1.35292e-05  -8.68107e-02
   7  p6          -1.08025e-12   2.96435e-03   8.16002e-04** at limit **
   8  p7           1.20845e-02   1.01765e-03   2.18351e-04  -4.38625e-03
                               ERR DEF= 0.5
 FCN=142.113 FROM MIGRAD    STATUS=CONVERGED    1143 CALLS        1144 TOTAL
                     EDM=3.37939e-07    STRATEGY= 1  ERROR MATRIX UNCERTAINTY   1.4 per cent
  EXT PARAMETER                                   STEP         FIRST   
  NO.   NAME      VALUE            ERROR          SIZE      DERIVATIVE 
   1  p0           1.27147e+02   4.74212e+00   2.41682e-04   2.06191e-03
   2  p1           1.00077e+00   2.01803e-04   1.18377e-05  -5.24191e-02
   3  p2           5.00000e-03   3.89884e-05   8.92412e-05** at limit **
   4  p3           2.28837e+01   1.27960e+00  -2.98040e-04  -1.14473e-04
   5  p4           1.34471e+01   6.46614e-01   1.58290e-04   1.18407e-03
   6  p5           9.96176e-01   2.99092e-03   2.47026e-06   1.83038e-01
   7  p6          -1.72894e-11   1.30089e-03  -3.30756e-04** at limit **
   8  p7           1.48215e-02   9.19734e-04   3.05124e-06   1.34248e-02
                               ERR DEF= 0.5
 FCN=141.194 FROM MIGRAD    STATUS=CONVERGED    1114 CALLS        1115 TOTAL
                     EDM=4.08915e-07    STRATEGY= 1  ERROR MATRIX UNCERTAINTY   3.1 per cent
  EXT PARAMETER                                   STEP         FIRST   
  NO.   NAME      VALUE            ERROR          SIZE      DERIVATIVE 
   1  p0           1.27232e+02   5.13145e+00   5.91488e-06  -9.52447e-04
   2  p1           1.00045e+00   2.08024e-04   7.93881e-07  -4.07714e-02
   3  p2           5.00000e-03   3.15606e-05  -1.42084e-04** at limit **
   4  p3           2.37017e+01   1.18982e+00   1.31610e-03   4.00827e-04
   5  p4           1.31541e+01   6.42171e-01  -1.16275e-03  -4.58320e-05
   6  p5           9.93990e-01   3.34047e-03   2.18806e-06  -1.58490e-01
   7  p6          -2.49539e-10   2.82089e-03  -2.24051e-04** at limit **
   8  p7           1.46753e-02   9.89069e-04   1.04697e-05  -1.98116e-03
                               ERR DEF= 0.5
 FCN=118.65 FROM MIGRAD    STATUS=CONVERGED    1362 CALLS        1363 TOTAL
                     EDM=2.62784e-07    STRATEGY= 1  ERROR MATRIX UNCERTAINTY   4.1 per cent
  EXT PARAMETER                                   STEP         FIRST   
  NO.   NAME      VALUE            ERROR          SIZE      DERIVATIVE 
   1  p0           1.28779e+02   5.27268e+00   1.00300e-04   7.24361e-04
   2  p1           1.00040e+00   2.11013e-04   6.47899e-06   5.50852e-03
   3  p2           5.00000e-03   3.20556e-05   5.55172e-05** at limit **
   4  p3           2.72645e+01   1.41613e+00  -2.90281e-03   4.55567e-04
   5  p4           1.46435e+01   6.84498e-01  -6.01660e-05  -9.17221e-05
   6  p5           9.94378e-01   2.85852e-03  -1.94467e-06  -3.02543e-02
   7  p6          -5.90250e-11   1.40281e-03  -2.93168e-04** at limit **
   8  p7           1.27220e-02   8.34728e-04   4.63327e-05   9.09089e-03
                               ERR DEF= 0.5
 FCN=137.557 FROM MIGRAD    STATUS=CONVERGED    1490 CALLS        1491 TOTAL
                     EDM=5.76662e-07    STRATEGY= 1  ERROR MATRIX UNCERTAINTY   3.7 per cent
  EXT PARAMETER                                   STEP         FIRST   
  NO.   NAME      VALUE            ERROR          SIZE      DERIVATIVE 
   1  p0           1.28876e+02   5.21355e+00   5.67760e-04   3.55798e-04
   2  p1           1.00023e+00   2.13033e-04   3.66891e-06   6.17298e-02
   3  p2           5.00000e-03   4.30876e-05   1.47099e-04** at limit **
   4  p3           2.55571e+01   1.38038e+00  -4.18731e-03  -3.94151e-05
   5  p4           1.40051e+01   5.97529e-01   1.83644e-04   4.57650e-04
   6  p5           9.96773e-01   2.96006e-03  -9.56007e-06   3.91527e-01
   7  p6          -1.62767e-10   1.18456e-03  -1.02159e-04** at limit **
   8  p7           1.40014e-02   9.08894e-04   1.50517e-04   2.18100e-02
                               ERR DEF= 0.5
 FCN=139.875 FROM MIGRAD    STATUS=CONVERGED    1163 CALLS        1164 TOTAL
                     EDM=1.24665e-08    STRATEGY= 1  ERROR MATRIX UNCERTAINTY   3.7 per cent
  EXT PARAMETER                                   STEP         FIRST   
  NO.   NAME      VALUE            ERROR          SIZE      DERIVATIVE 
   1  p0           1.37368e+02   5.20732e+00   4.69248e-05   1.67518e-04
   2  p1           1.00012e+00   1.99322e-04  -5.38305e-06   3.92510e-03
   3  p2           5.00000e-03   2.81453e-05   1.04426e-04** at limit **
   4  p3           2.08675e+01   1.19777e+00  -1.10760e-03   1.22113e-04
   5  p4           1.24589e+01   6.82115e-01  -5.47297e-04  -7.47014e-05
   6  p5           9.97289e-01   3.56097e-03  -9.05237e-07  -7.81667e-03
   7  p6          -6.66134e-16   2.51370e-03  -5.17248e-05** at limit **
   8  p7           1.50088e-02   1.08268e-03   1.41931e-05   2.16277e-03
                               ERR DEF= 0.5
 FCN=141.841 FROM MIGRAD    STATUS=CONVERGED    1167 CALLS        1168 TOTAL
                     EDM=4.77007e-08    STRATEGY= 1  ERROR MATRIX UNCERTAINTY   4.6 per cent
  EXT PARAMETER                                   STEP         FIRST   
  NO.   NAME      VALUE            ERROR          SIZE      DERIVATIVE 
   1  p0           1.54777e+02   5.44741e+00  -5.93477e-05  -1.54562e-03
   2  p1           9.99573e-01   1.83939e-04  -5.54843e-06   4.19216e-03
   3  p2           5.00000e-03   2.20879e-05  -1.72321e-05** at limit **
   4  p3           2.29017e+01   1.27156e+00   1.08354e-03  -1.45713e-04
   5  p4           1.27461e+01   6.60987e-01   1.25805e-03  -1.69280e-07
   6  p5           9.97778e-01   3.18469e-03  -3.35541e-06  -4.20039e-02
   7  p6          -1.81478e-11   1.83564e-03   6.37996e-05** at limit **
   8  p7           1.56232e-02   1.01327e-03   4.45259e-06  -5.99173e-03
                               ERR DEF= 0.5
 FCN=186.754 FROM MIGRAD    STATUS=CONVERGED    1722 CALLS        1723 TOTAL
                     EDM=1.75921e-08    STRATEGY= 1  ERROR MATRIX UNCERTAINTY   1.9 per cent
  EXT PARAMETER                                   STEP         FIRST   
  NO.   NAME      VALUE            ERROR          SIZE      DERIVATIVE 
   1  p0           1.72156e+02   5.85101e+00  -1.86460e-04   2.46447e-04
   2  p1           9.99116e-01   1.80735e-04   6.23736e-06  -1.56671e-02
   3  p2           5.00000e-03   2.19621e-05   1.38962e-05** at limit **
   4  p3           3.05526e+01   1.51899e+00   1.02747e-03  -3.44926e-05
   5  p4           1.47340e+01   6.61618e-01   5.27703e-04   2.76799e-05
   6  p5           9.93116e-01   2.92921e-03  -2.78045e-06   4.23007e-03
   7  p6          -8.36442e-13   1.55138e-03   2.46141e-05** at limit **
   8  p7           1.62357e-02   8.52739e-04   8.95808e-06  -5.64036e-04
                               ERR DEF= 0.5
 FCN=188.798 FROM MIGRAD    STATUS=CONVERGED    1475 CALLS        1476 TOTAL
                     EDM=8.79573e-09    STRATEGY= 1  ERROR MATRIX UNCERTAINTY   2.4 per cent
  EXT PARAMETER                                   STEP         FIRST   
  NO.   NAME      VALUE            ERROR          SIZE      DERIVATIVE 
   1  p0           2.06050e+02   6.37255e+00   2.12213e-05   5.68316e-04
   2  p1           9.99233e-01   1.61429e-04   3.51131e-06  -3.85843e-03
   3  p2           5.00000e-03   1.47556e-05   1.03149e-04** at limit **
   4  p3           2.98455e+01   1.51588e+00  -1.29506e-03   3.62854e-05
   5  p4           1.34653e+01   5.88441e-01  -2.96088e-04   1.31622e-05
   6  p5           9.99434e-01   2.31191e-03   3.95628e-07  -1.92886e-02
   7  p6          -4.34985e-12   1.23934e-03   1.65471e-04** at limit **
   8  p7           1.27936e-02   7.49869e-04  -1.12973e-05   6.29887e-04
                               ERR DEF= 0.5
 FCN=200.334 FROM MIGRAD    STATUS=CONVERGED    1485 CALLS        1486 TOTAL
                     EDM=2.10733e-08    STRATEGY= 1  ERROR MATRIX UNCERTAINTY   1.0 per cent
  EXT PARAMETER                                   STEP         FIRST   
  NO.   NAME      VALUE            ERROR          SIZE      DERIVATIVE 
   1  p0           2.29818e+02   6.64591e+00  -2.33974e-05   1.76490e-04
   2  p1           9.99077e-01   1.55241e-04  -1.86048e-06   4.57713e-03
   3  p2           5.00000e-03   1.89867e-05  -6.07602e-06** at limit **
   4  p3           3.08089e+01   1.51242e+00   8.18359e-04  -4.46454e-05
   5  p4           1.38936e+01   6.16294e-01   9.97871e-05   4.64014e-05
   6  p5           9.95180e-01   2.66025e-03  -2.59065e-06  -4.04546e-02
   7  p6          -4.80149e-12   1.01060e-03  -4.87010e-05** at limit **
   8  p7           1.51580e-02   8.12615e-04  -1.06451e-05  -5.03144e-03
                               ERR DEF= 0.5

****************************************
Minimizer is Linear
Chi2                      =       9.4209
NDf                       =           14
p0                        =      1.00548   +/-   0.000216702 
p1                        = -2.72098e-06   +/-   1.15335e-07 
Calculation of survival fraction for 2104
 FCN=172.572 FROM MIGRAD    STATUS=CONVERGED      80 CALLS          81 TOTAL
                     EDM=1.73927e-07    STRATEGY= 1  ERROR MATRIX UNCERTAINTY   3.6 per cent
  EXT PARAMETER                                   STEP         FIRST   
  NO.   NAME      VALUE            ERROR          SIZE      DERIVATIVE 
   1  p0           8.27910e+01   3.77619e+00  -2.32842e-02   2.78124e-06
   2  p1           2.10335e+03   5.96909e-02  -3.20509e-04   4.33966e-03
   3  p2           1.41897e+00   5.15132e-02   3.39726e-06   9.36415e-02
   4  p3           1.41802e+01   2.30004e-01  -1.03718e-03  -1.11448e-03
                               ERR DEF= 0.5
Area_tot = 1643
Area_tot_psa = 560
Area = 1020
Area_psa = 217
 FCN=168.806 FROM MIGRAD    STATUS=CONVERGED      95 CALLS          96 TOTAL
                     EDM=1.16106e-08    STRATEGY= 1      ERROR MATRIX ACCURATE 
  EXT PARAMETER                                   STEP         FIRST   
  NO.   NAME      VALUE            ERROR          SIZE      DERIVATIVE 
   1  p0           1.72504e+01   1.97816e+00   1.43848e-02   4.02011e-05
   2  p1           2.10331e+03   1.61620e-01   1.44912e-03   4.74595e-04
   3  p2           1.41852e+00   1.43707e-01   8.76089e-05   1.52924e-03
   4  p3           7.62991e+00   1.71574e-01   1.50345e-03   1.23061e-04
                               ERR DEF= 0.5
Calculation of survival fraction for 2614.5
 FCN=177.837 FROM MIGRAD    STATUS=CONVERGED     231 CALLS         232 TOTAL
                     EDM=4.24278e-11    STRATEGY= 1      ERROR MATRIX ACCURATE 
  EXT PARAMETER                                   STEP         FIRST   
  NO.   NAME      VALUE            ERROR          SIZE      DERIVATIVE 
   1  p0           6.92852e+02   1.03427e+01   7.75288e-02   4.90239e-07
   2  p1           2.61467e+03   1.43769e-02   1.24677e-03   4.29064e-05
   3  p2           1.17748e+00   1.03708e-02   7.19936e-06  -1.45482e-03
   4  p3           4.22506e-01   6.16402e-02   5.67702e-04  -4.17006e-05
                               ERR DEF= 0.5
Area_tot = 6852
Area_tot_psa = 1792
Area = 6789
Area_psa = 1781
 FCN=127.101 FROM MIGRAD    STATUS=CONVERGED     120 CALLS         121 TOTAL
                     EDM=1.28734e-08    STRATEGY= 1  ERROR MATRIX UNCERTAINTY   1.2 per cent
  EXT PARAMETER                                   STEP         FIRST   
  NO.   NAME      VALUE            ERROR          SIZE      DERIVATIVE 
   1  p0           1.81958e+02   5.31239e+00   6.45049e-03   1.29920e-05
   2  p1           2.61468e+03   2.80419e-02  -1.05941e-04  -4.86569e-03
   3  p2           1.16937e+00   1.99466e-02   4.80750e-07   1.24908e-02
   4  p3           1.31509e-02   7.69799e-03   6.99906e-06   4.51582e-03
                               ERR DEF= 0.5
Calculation of survival fraction background at 2039
Area = 3205
Area_psa = 1796
