
[1mRooFit v3.60 -- Developed by Wouter Verkerke and David Kirkby[0m 
                Copyright (C) 2000-2013 NIKHEF, University of California & Stanford University
                All rights reserved, please read http://roofit.sourceforge.net/license.txt

Using file /nfs/gerda6/users/burlac/psd/analysis/run0098-cal_dplms.tier.root
Analizing channel 0
DPLMS analysis 
Total events = 17201607
event n.1000000
event n.2000000
event n.3000000
event n.4000000
event n.5000000
event n.6000000
event n.7000000
event n.8000000
event n.9000000
event n.10000000
event n.11000000
event n.12000000
event n.13000000
event n.14000000
event n.15000000
event n.16000000
event n.17000000
Selected events: 86868
The time to read waveforms: 39.37 s
Initialization of DEP&FEP background  = 11.5
 FCN=125.656 FROM MIGRAD    STATUS=CONVERGED     233 CALLS         234 TOTAL
                     EDM=1.36917e-06    STRATEGY= 1      ERROR MATRIX ACCURATE 
  EXT PARAMETER                                   STEP         FIRST   
  NO.   NAME      VALUE            ERROR          SIZE      DERIVATIVE 
   1  p0           1.13568e+02   5.17144e+00   3.22686e-02   6.36005e-05
   2  p1           1.59288e+03   3.79895e-02   7.59544e-04  -9.83088e-03
   3  p2           9.33468e-01   3.13458e-02   2.01649e-05  -1.37743e-01
   4  p3           4.61332e+01   4.01741e+00   2.39544e-02  -1.01477e-04
   5  p4           1.62098e+03   6.77639e-02   7.72942e-04   5.09883e-03
   6  p5           8.32679e-01   6.83687e-02   4.40382e-05  -7.51275e-02
   7  p6           1.08860e+01   2.41174e-01   1.80800e-03  -3.21714e-03
                               ERR DEF= 0.5
mean_aoe = 0.1135
AoE: max = 1.65555 max = 0.0602323
 FCN=1.07823 FROM MIGRAD    STATUS=CONVERGED     377 CALLS         378 TOTAL
                     EDM=1.25767e-07    STRATEGY= 1  ERROR MATRIX UNCERTAINTY   1.9 per cent
  EXT PARAMETER                                   STEP         FIRST   
  NO.   NAME      VALUE            ERROR          SIZE      DERIVATIVE 
   1  p0           9.50860e-01   5.31543e-01  -5.18481e-04   8.52074e-04
   2  p1           9.99261e-01   3.48566e-03  -1.54508e-05  -5.89061e-02
   3  p2           7.04858e-03   2.62602e-03   1.31917e-04   5.24994e-03
   4  p3           4.29960e-03   5.29881e-03   2.96053e-05   6.45083e-01
   5  p4           3.24462e-03   3.99566e-03   2.23228e-05  -9.14516e-01
                               ERR DEF= 0.5
Total integral = 844
AoE_lowCut = 1483 -> 0.988333
CutIntegral = 756
SF_dep = 0.895735
sigma_aoe = 0.00704858
 FCN=118.047 FROM MIGRAD    STATUS=CONVERGED     185 CALLS         186 TOTAL
                     EDM=2.92896e-08    STRATEGY= 1      ERROR MATRIX ACCURATE 
  EXT PARAMETER                                   STEP         FIRST   
  NO.   NAME      VALUE            ERROR          SIZE      DERIVATIVE 
   1  p0           9.62840e+01   4.62154e+00   2.76436e-02   1.97715e-05
   2  p1           1.59286e+03   3.93289e-02   7.59535e-04  -1.77435e-03
   3  p2           9.48835e-01   3.26928e-02   2.00185e-05   2.46604e-02
   4  p3           6.74104e+00   1.98080e+00   1.26047e-02   3.19392e-05
   5  p4           1.62097e+03   2.11271e-01   1.58182e-03   3.55460e-04
   6  p5           6.83442e-01   1.62662e-01   1.25118e-04   6.45834e-03
   7  p6           4.98939e+00   1.65854e-01   1.21481e-03   4.68431e-04
                               ERR DEF= 0.5
AreaDEP_tot = 1222
Area_DEP_tot_psa = 936
AreaDEP = 827
Area_DEP_psa = 731
Area_FEP_tot = 653
Area_FEP_tot_psa = 195
Area_FEP = 319
Area_FEP_psa = 42
Calculation of AoE vs E correction
 FCN=101.879 FROM MIGRAD    STATUS=CALL LIMIT   2140 CALLS        2141 TOTAL
                     EDM=0.000252966    STRATEGY= 1  ERROR MATRIX UNCERTAINTY  27.3 per cent
  EXT PARAMETER                APPROXIMATE        STEP         FIRST   
  NO.   NAME      VALUE            ERROR          SIZE      DERIVATIVE 
   1  p0           6.73799e+01   2.80834e+00   1.53635e-04  -3.11966e-03
   2  p1           9.99677e-01   4.53965e-04  -4.87808e-05   1.48290e-01
   3  p2           1.17325e-02   3.96631e-04   1.37925e-04  -2.01575e-01
   4  p3           3.28311e+02   5.05844e+02   9.07710e+00  -1.25738e-03
   5  p4           6.75877e-02   1.09635e-01  -1.96403e-03   2.65100e+00
   6  p5           9.95127e-01   8.55961e-03  -1.69977e-05   8.57425e-01
   7  p6          -9.72075e-01   4.38291e-02  -4.87823e-03  -3.41709e+00
   8  p7           1.87299e-02   2.72388e-03   6.13687e-05   1.12306e-02
                               ERR DEF= 0.5
 FCN=81.1366 FROM MIGRAD    STATUS=CONVERGED     906 CALLS         907 TOTAL
                     EDM=5.03583e-08    STRATEGY= 1      ERROR MATRIX ACCURATE 
  EXT PARAMETER                                   STEP         FIRST   
  NO.   NAME      VALUE            ERROR          SIZE      DERIVATIVE 
   1  p0           6.58904e+01   3.15558e+00   7.24350e-04  -1.42418e-03
   2  p1           9.99568e-01   4.24454e-04   1.24291e-04  -1.65666e-03
   3  p2           9.82111e-03   3.75718e-04   1.62767e-04  -2.02553e-03
   4  p3           8.61501e+00   7.40085e-01   2.13770e-03  -2.04511e-04
   5  p4           4.37064e+00   5.62423e-01   1.59958e-03   3.10221e-04
   6  p5           1.00248e+00   7.49151e-03   2.30406e-05  -2.04571e-03
   7  p6          -4.88520e-10   9.62244e-02   3.90330e-03** at limit **
   8  p7           1.37478e-02   2.31191e-03   3.12405e-04   9.90256e-04
                               ERR DEF= 0.5
 FCN=98.3349 FROM MIGRAD    STATUS=CONVERGED     916 CALLS         917 TOTAL
                     EDM=5.54358e-07    STRATEGY= 1      ERROR MATRIX ACCURATE 
  EXT PARAMETER                                   STEP         FIRST   
  NO.   NAME      VALUE            ERROR          SIZE      DERIVATIVE 
   1  p0           6.66428e+01   3.31801e+00   7.97420e-04   4.24456e-04
   2  p1           9.99157e-01   3.73548e-04   1.25160e-04  -2.14207e-03
   3  p2           8.43086e-03   3.32149e-04   1.88296e-04   4.46904e-03
   4  p3           8.81876e+00   7.02828e-01   2.43185e-03  -8.92529e-04
   5  p4           4.99796e+00   6.19039e-01   1.89091e-03   2.18284e-03
   6  p5           9.95783e-01   7.45752e-03   2.62430e-05   6.83155e-02
   7  p6          -1.38880e-09   6.22677e-02   3.46732e-03** at limit **
   8  p7           1.77754e-02   2.26959e-03   3.16869e-04  -2.51327e-03
                               ERR DEF= 0.5
 FCN=105.817 FROM MIGRAD    STATUS=CONVERGED     830 CALLS         831 TOTAL
                     EDM=7.40533e-08    STRATEGY= 1  ERROR MATRIX UNCERTAINTY   3.2 per cent
  EXT PARAMETER                                   STEP         FIRST   
  NO.   NAME      VALUE            ERROR          SIZE      DERIVATIVE 
   1  p0           7.04635e+01   3.45363e+00  -3.59795e-04  -5.46230e-04
   2  p1           9.99346e-01   3.86899e-04  -3.89987e-08   6.00453e-03
   3  p2           8.41002e-03   3.53003e-04   4.40309e-05   1.69743e-03
   4  p3           9.47887e+00   7.90851e-01  -4.69471e-04  -4.30345e-05
   5  p4           5.81917e+00   5.99739e-01  -1.33109e-03   7.60053e-05
   6  p5           9.99023e-01   6.81622e-03   3.24774e-06   1.19990e-02
   7  p6          -6.69509e-09   6.11773e-02   3.49070e-04** at limit **
   8  p7           1.34305e-02   2.09190e-03   1.29936e-05   3.80535e-04
                               ERR DEF= 0.5
 FCN=115.888 FROM MIGRAD    STATUS=CONVERGED     989 CALLS         990 TOTAL
                     EDM=9.83342e-09    STRATEGY= 1      ERROR MATRIX ACCURATE 
  EXT PARAMETER                                   STEP         FIRST   
  NO.   NAME      VALUE            ERROR          SIZE      DERIVATIVE 
   1  p0           7.21202e+01   3.78764e+00   8.83916e-04  -4.78915e-04
   2  p1           9.98530e-01   3.61475e-04   1.24530e-04  -3.01705e-03
   3  p2           7.31782e-03   3.40411e-04   2.31088e-04  -8.48792e-04
   4  p3           9.26962e+00   7.63154e-01   2.81778e-03   3.72480e-05
   5  p4           5.69593e+00   5.99323e-01   2.12576e-03  -4.14826e-06
   6  p5           9.99741e-01   5.43618e-03   2.36485e-05   5.72130e-03
   7  p6          -1.11242e-10   5.54272e-02   3.52235e-03** at limit **
   8  p7           1.54537e-02   1.91624e-03   3.29396e-04   1.39627e-04
                               ERR DEF= 0.5
 FCN=108.431 FROM MIGRAD    STATUS=CONVERGED     933 CALLS         934 TOTAL
                     EDM=7.3619e-08    STRATEGY= 1      ERROR MATRIX ACCURATE 
  EXT PARAMETER                                   STEP         FIRST   
  NO.   NAME      VALUE            ERROR          SIZE      DERIVATIVE 
   1  p0           6.52400e+01   3.42647e+00   8.58241e-04   4.78674e-04
   2  p1           9.98497e-01   3.87044e-04   1.30992e-04  -5.03308e-04
   3  p2           7.89688e-03   3.46521e-04   2.12876e-04  -2.82673e-03
   4  p3           1.02480e+01   1.12040e+00   3.00150e-03  -3.57890e-04
   5  p4           5.87502e+00   2.44018e+00   1.89409e-03   3.25532e-04
   6  p5           9.95760e-01   6.83371e-03   2.33964e-05   1.44215e-02
   7  p6          -3.29813e-02   1.64765e-01   6.02497e-04  -1.01828e-03
   8  p7           1.49282e-02   1.95142e-03   3.14910e-04  -5.90602e-05
                               ERR DEF= 0.5
 FCN=96.5286 FROM MIGRAD    STATUS=CONVERGED    1083 CALLS        1084 TOTAL
                     EDM=1.07017e-08    STRATEGY= 1  ERROR MATRIX UNCERTAINTY   3.1 per cent
  EXT PARAMETER                                   STEP         FIRST   
  NO.   NAME      VALUE            ERROR          SIZE      DERIVATIVE 
   1  p0           7.28355e+01   3.73668e+00   4.87107e-06  -1.15803e-04
   2  p1           9.98477e-01   3.48506e-04  -2.01880e-06  -2.19784e-03
   3  p2           7.10029e-03   2.95061e-04   8.81392e-06  -2.02099e-04
   4  p3           9.10360e+00   7.45519e-01  -1.57156e-04   8.55850e-06
   5  p4           6.61567e+00   6.27455e-01  -8.01065e-04   9.31753e-05
   6  p5           9.94776e-01   5.01232e-03  -1.05183e-06   1.92290e-02
   7  p6          -2.28699e-10   3.48904e-02   2.69242e-04** at limit **
   8  p7           1.17176e-02   1.52393e-03   2.08654e-05   1.88139e-03
                               ERR DEF= 0.5
 FCN=140.12 FROM MIGRAD    STATUS=CONVERGED    1025 CALLS        1026 TOTAL
                     EDM=2.55314e-07    STRATEGY= 1  ERROR MATRIX UNCERTAINTY   3.6 per cent
  EXT PARAMETER                                   STEP         FIRST   
  NO.   NAME      VALUE            ERROR          SIZE      DERIVATIVE 
   1  p0           7.43477e+01   4.05883e+00  -5.35434e-04   1.57843e-03
   2  p1           9.97198e-01   3.70102e-04  -3.86077e-05  -1.66198e-02
   3  p2           6.57497e-03   3.14224e-04   3.44028e-04   1.07504e-02
   4  p3           1.67606e+01   1.11223e+00  -7.99952e-03   4.27256e-04
   5  p4           1.00133e+01   6.00369e-01  -1.98717e-03  -2.15841e-04
   6  p5           9.92402e-01   3.30075e-03   2.46791e-06  -6.27290e-02
   7  p6          -2.29239e-12   3.53912e-03   1.81273e-04** at limit **
   8  p7           1.15787e-02   1.01469e-03   3.07530e-05  -7.28196e-03
                               ERR DEF= 0.5
 FCN=126.828 FROM MIGRAD    STATUS=CONVERGED    1008 CALLS        1009 TOTAL
                     EDM=3.43982e-07    STRATEGY= 1  ERROR MATRIX UNCERTAINTY   5.2 per cent
  EXT PARAMETER                                   STEP         FIRST   
  NO.   NAME      VALUE            ERROR          SIZE      DERIVATIVE 
   1  p0           8.53018e+01   4.38694e+00  -1.04684e-03   1.73833e-03
   2  p1           9.97236e-01   2.98805e-04   1.75577e-05   2.63790e-03
   3  p2           6.17223e-03   2.61787e-04   1.85992e-04   3.29640e-03
   4  p3           1.62170e+01   9.92165e-01   5.15812e-03   6.59190e-04
   5  p4           9.61504e+00   6.90510e-01   4.53560e-05  -1.25488e-03
   6  p5           9.79912e-01   5.36344e-03   1.39618e-05  -4.37732e-02
   7  p6          -3.95756e-09   1.57438e-02  -3.02103e-04** at limit **
   8  p7           1.68340e-02   1.44511e-03  -1.72392e-04   5.70034e-03
                               ERR DEF= 0.5
 FCN=124.238 FROM MIGRAD    STATUS=CONVERGED     819 CALLS         820 TOTAL
                     EDM=4.80721e-07    STRATEGY= 1      ERROR MATRIX ACCURATE 
  EXT PARAMETER                                   STEP         FIRST   
  NO.   NAME      VALUE            ERROR          SIZE      DERIVATIVE 
   1  p0           8.19458e+01   4.34693e+00   9.72557e-04   1.80415e-03
   2  p1           9.96354e-01   3.49537e-04   1.16883e-04   6.31675e-03
   3  p2           6.40584e-03   3.11797e-04   2.64856e-04   5.05467e-03
   4  p3           1.70332e+01   1.07802e+00   4.54668e-03  -9.28721e-04
   5  p4           8.69529e+00   5.47375e-01   2.21340e-03   1.54994e-03
   6  p5           9.91082e-01   3.93762e-03   1.66183e-05   4.93007e-02
   7  p6          -8.76057e-10   7.68516e-02   4.28996e-03** at limit **
   8  p7           1.18314e-02   1.21816e-03   2.62833e-04  -5.18648e-03
                               ERR DEF= 0.5
 FCN=108.455 FROM MIGRAD    STATUS=CONVERGED     986 CALLS         987 TOTAL
                     EDM=1.55273e-08    STRATEGY= 1  ERROR MATRIX UNCERTAINTY   2.2 per cent
  EXT PARAMETER                                   STEP         FIRST   
  NO.   NAME      VALUE            ERROR          SIZE      DERIVATIVE 
   1  p0           8.00810e+01   4.08613e+00  -1.20371e-04   5.10847e-04
   2  p1           9.96189e-01   3.25644e-04   5.33649e-06  -2.69215e-03
   3  p2           6.57796e-03   2.68370e-04   4.25766e-05  -5.78341e-04
   4  p3           1.55178e+01   9.93525e-01  -4.28877e-04  -1.72063e-05
   5  p4           8.91324e+00   5.70368e-01  -1.32392e-04   2.90915e-04
   6  p5           9.89933e-01   4.11276e-03   3.44828e-07   2.76035e-02
   7  p6          -2.64342e-11   1.81146e-02   4.50276e-04** at limit **
   8  p7           1.04369e-02   1.14917e-03  -3.02850e-05   7.65141e-04
                               ERR DEF= 0.5
 FCN=171.095 FROM MIGRAD    STATUS=CONVERGED     764 CALLS         765 TOTAL
                     EDM=8.65363e-07    STRATEGY= 1  ERROR MATRIX UNCERTAINTY   3.0 per cent
  EXT PARAMETER                                   STEP         FIRST   
  NO.   NAME      VALUE            ERROR          SIZE      DERIVATIVE 
   1  p0           7.90697e+01   4.11579e+00  -4.22934e-04   5.09471e-04
   2  p1           9.95166e-01   3.48134e-04   1.61379e-05   1.84102e-02
   3  p2           6.63761e-03   2.94267e-04  -6.43119e-05   4.37508e-03
   4  p3           1.50266e+01   9.65373e-01   6.31982e-03  -1.28408e-03
   5  p4           8.46072e+00   6.15301e-01   2.68480e-03   3.61569e-03
   6  p5           9.85604e-01   4.56460e-03  -6.48800e-06   2.64752e-01
   7  p6          -3.04468e-12   1.99375e-02   1.67224e-03** at limit **
   8  p7           1.74640e-02   1.46271e-03   3.97901e-05   5.56194e-03
                               ERR DEF= 0.5
 FCN=127.139 FROM MIGRAD    STATUS=CONVERGED     982 CALLS         983 TOTAL
                     EDM=8.74875e-08    STRATEGY= 1  ERROR MATRIX UNCERTAINTY   1.8 per cent
  EXT PARAMETER                                   STEP         FIRST   
  NO.   NAME      VALUE            ERROR          SIZE      DERIVATIVE 
   1  p0           9.62672e+01   4.64485e+00   6.42784e-04  -1.79406e-03
   2  p1           9.94601e-01   3.23011e-04  -1.13926e-04  -7.81880e-03
   3  p2           6.47743e-03   2.92887e-04   5.11503e-05  -2.09971e-03
   4  p3           1.65209e+01   1.10425e+00  -2.45222e-03   1.92756e-04
   5  p4           8.93116e+00   5.62164e-01  -9.35761e-06  -7.54720e-04
   6  p5           9.89764e-01   3.77267e-03  -2.00786e-05  -2.35243e-02
   7  p6          -8.78526e-11   1.24834e-02  -1.71689e-04** at limit **
   8  p7           1.18080e-02   1.19252e-03   2.46375e-04   1.70309e-03
                               ERR DEF= 0.5
 FCN=120.663 FROM MIGRAD    STATUS=CONVERGED     719 CALLS         720 TOTAL
                     EDM=3.62087e-07    STRATEGY= 1  ERROR MATRIX UNCERTAINTY   1.5 per cent
  EXT PARAMETER                                   STEP         FIRST   
  NO.   NAME      VALUE            ERROR          SIZE      DERIVATIVE 
   1  p0           1.00568e+02   4.69451e+00  -4.15664e-04   1.45509e-03
   2  p1           9.94141e-01   3.25394e-04  -1.25333e-05   9.11033e-03
   3  p2           6.72112e-03   2.65937e-04   9.18030e-05   2.05580e-02
   4  p3           2.11934e+01   1.28101e+00  -8.49747e-04  -3.59508e-04
   5  p4           8.95055e+00   4.83910e-01  -9.44788e-04   1.62271e-03
   6  p5           9.91259e-01   2.98447e-03   2.40677e-06   1.89851e-01
   7  p6          -9.50749e-10   6.08255e-03  -2.40944e-04** at limit **
   8  p7           1.02079e-02   9.27110e-04   2.85295e-05   7.25631e-03
                               ERR DEF= 0.5
 FCN=139.622 FROM MIGRAD    STATUS=CONVERGED     985 CALLS         986 TOTAL
                     EDM=5.15866e-08    STRATEGY= 1  ERROR MATRIX UNCERTAINTY   2.3 per cent
  EXT PARAMETER                                   STEP         FIRST   
  NO.   NAME      VALUE            ERROR          SIZE      DERIVATIVE 
   1  p0           1.14669e+02   4.70914e+00   1.10312e-04   5.97489e-04
   2  p1           9.93860e-01   3.08965e-04  -1.26078e-05  -1.19569e-02
   3  p2           6.90271e-03   2.45534e-04   2.33432e-05  -7.38419e-03
   4  p3           2.23832e+01   1.29818e+00  -1.16298e-04  -1.20875e-04
   5  p4           9.30144e+00   5.03030e-01   1.45339e-04   4.31722e-04
   6  p5           9.88014e-01   3.14440e-03  -2.21836e-06   2.64337e-02
   7  p6          -1.18410e-11   7.19948e-03  -5.06707e-04** at limit **
   8  p7           1.20338e-02   9.66709e-04   2.71918e-05   6.93063e-04
                               ERR DEF= 0.5
 FCN=172.537 FROM MIGRAD    STATUS=CONVERGED    1021 CALLS        1022 TOTAL
                     EDM=3.09048e-07    STRATEGY= 1  ERROR MATRIX UNCERTAINTY   2.0 per cent
  EXT PARAMETER                                   STEP         FIRST   
  NO.   NAME      VALUE            ERROR          SIZE      DERIVATIVE 
   1  p0           1.37674e+02   5.60446e+00  -8.14412e-04   1.82984e-03
   2  p1           9.93656e-01   3.03016e-04  -4.62711e-05   2.61025e-02
   3  p2           6.67230e-03   2.56789e-04   1.63267e-04  -5.68684e-04
   4  p3           2.49413e+01   1.47867e+00  -1.14080e-03  -7.19752e-04
   5  p4           9.69767e+00   4.83086e-01  -2.06600e-03   1.05905e-03
   6  p5           9.91676e-01   2.40674e-03   8.94027e-06  -3.85098e-02
   7  p6          -9.98320e-11   2.42055e-03  -2.17885e-05** at limit **
   8  p7           9.84364e-03   7.71196e-04   1.17063e-04  -1.87917e-03
                               ERR DEF= 0.5

****************************************
Minimizer is Linear
Chi2                      =      31.9377
NDf                       =           14
p0                        =      1.00485   +/-   0.000366349 
p1                        = -4.61939e-06   +/-   1.99473e-07 
Calculation of survival fraction for 2104
 FCN=174.549 FROM MIGRAD    STATUS=CONVERGED     101 CALLS         102 TOTAL
                     EDM=6.36225e-08    STRATEGY= 1      ERROR MATRIX ACCURATE 
  EXT PARAMETER                                   STEP         FIRST   
  NO.   NAME      VALUE            ERROR          SIZE      DERIVATIVE 
   1  p0           8.41194e+01   3.69501e+00   2.71288e-02  -3.93595e-05
   2  p1           2.10378e+03   5.90273e-02   1.00316e-03  -2.94674e-03
   3  p2           1.46001e+00   5.04066e-02   3.05501e-05  -3.15145e-03
   4  p3           1.25284e+01   2.18427e-01   1.95959e-03  -5.39422e-04
                               ERR DEF= 0.5
Area_tot = 1599
Area_tot_psa = 354
Area = 971
Area_psa = 78
 FCN=151.791 FROM MIGRAD    STATUS=CONVERGED     127 CALLS         128 TOTAL
                     EDM=2.00495e-09    STRATEGY= 1      ERROR MATRIX ACCURATE 
  EXT PARAMETER                                   STEP         FIRST   
  NO.   NAME      VALUE            ERROR          SIZE      DERIVATIVE 
   1  p0           8.11877e+00   1.40123e+00   9.87933e-03  -7.02003e-06
   2  p1           2.10386e+03   2.77304e-01   2.35205e-03  -9.48552e-05
   3  p2           1.53543e+00   2.33351e-01   1.33255e-04  -1.39176e-04
   4  p3           5.32153e+00   1.45006e-01   1.19986e-03  -2.43646e-04
                               ERR DEF= 0.5
Calculation of survival fraction for 2614.5
 FCN=197.61 FROM MIGRAD    STATUS=CONVERGED     215 CALLS         216 TOTAL
                     EDM=2.0431e-07    STRATEGY= 1      ERROR MATRIX ACCURATE 
  EXT PARAMETER                                   STEP         FIRST   
  NO.   NAME      VALUE            ERROR          SIZE      DERIVATIVE 
   1  p0           7.53198e+02   1.09710e+01   8.64415e-02   2.95316e-06
   2  p1           2.61462e+03   1.36163e-02   1.24675e-03   1.73148e-02
   3  p2           1.14403e+00   9.92157e-03   7.33728e-06   2.03033e-01
   4  p3           4.62172e-01   6.23563e-02   6.03972e-04   5.72824e-03
                               ERR DEF= 0.5
Area_tot = 7241
Area_tot_psa = 1096
Area = 7166
Area_psa = 1095
 FCN=151.015 FROM MIGRAD    STATUS=CONVERGED     207 CALLS         208 TOTAL
                     EDM=1.53073e-06    STRATEGY= 1      ERROR MATRIX ACCURATE 
  EXT PARAMETER                                   STEP         FIRST   
  NO.   NAME      VALUE            ERROR          SIZE      DERIVATIVE 
   1  p0           1.11228e+02   4.18968e+00   2.89327e-02  -3.02522e-04
   2  p1           2.61475e+03   3.60653e-02   1.24681e-03  -5.34557e-03
   3  p2           1.16245e+00   2.62392e-02   1.68697e-05  -4.26605e-01
   4  p3           1.24163e-02   7.14749e-03   6.12997e-05  -8.55246e-02
                               ERR DEF= 0.5
Calculation of survival fraction background at 2039
Area = 2840
Area_psa = 1299
