
[1mRooFit v3.60 -- Developed by Wouter Verkerke and David Kirkby[0m 
                Copyright (C) 2000-2013 NIKHEF, University of California & Stanford University
                All rights reserved, please read http://roofit.sourceforge.net/license.txt

Using file /nfs/gerda6/users/burlac/psd/analysis/run0098-cal_dplms_10.tier.root
Analizing channel 15
Standard analysis 
Total events = 17201607
event n.1000000
event n.2000000
event n.3000000
event n.4000000
event n.5000000
event n.6000000
event n.7000000
event n.8000000
event n.9000000
event n.10000000
event n.11000000
event n.12000000
event n.13000000
event n.14000000
event n.15000000
event n.16000000
event n.17000000
Selected events: 90639
The time to read waveforms: 56.71 s
Initialization of DEP&FEP background  = 11.5
 FCN=128.062 FROM MIGRAD    STATUS=CONVERGED     181 CALLS         182 TOTAL
                     EDM=6.01486e-08    STRATEGY= 1  ERROR MATRIX UNCERTAINTY   2.8 per cent
  EXT PARAMETER                                   STEP         FIRST   
  NO.   NAME      VALUE            ERROR          SIZE      DERIVATIVE 
   1  p0           1.35259e+02   5.02485e+00  -1.40456e-03   5.29991e-05
   2  p1           1.59199e+03   3.73650e-02  -1.24613e-05  -1.68417e-04
   3  p2           1.08166e+00   3.20929e-02  -1.84838e-06  -2.11219e-02
   4  p3           4.79668e+01   3.48073e+00  -2.18615e-03  -3.35798e-06
   5  p4           1.62008e+03   7.20531e-02   4.01313e-05   7.99571e-05
   6  p5           1.04272e+00   6.19633e-02  -1.61142e-06  -1.80650e-02
   7  p6           1.12842e+01   2.51843e-01  -1.53202e-04   2.37781e-05
                               ERR DEF= 0.5
mean_aoe = 0.0489
AoE: max = 1.71061 max = 0.0971272
 FCN=3.58932 FROM MIGRAD    STATUS=CONVERGED     340 CALLS         341 TOTAL
                     EDM=4.35132e-07    STRATEGY= 1  ERROR MATRIX UNCERTAINTY   5.7 per cent
  EXT PARAMETER                                   STEP         FIRST   
  NO.   NAME      VALUE            ERROR          SIZE      DERIVATIVE 
   1  p0           7.95551e-01   2.61674e-01  -1.23854e-03   2.55441e-03
   2  p1           9.98823e-01   2.54219e-03  -1.19102e-05  -9.29278e-02
   3  p2           8.95434e-03   1.87878e-03   7.25530e-05  -2.60340e-04
   4  p3           4.29578e-03   3.08812e-03   1.00222e-05   3.11795e-01
   5  p4           2.95815e-03   2.12461e-03   6.89369e-06  -1.55876e-01
                               ERR DEF= 0.5
AoE_lowCut = 0.980914
 FCN=137.849 FROM MIGRAD    STATUS=CONVERGED     171 CALLS         172 TOTAL
                     EDM=4.51701e-07    STRATEGY= 1      ERROR MATRIX ACCURATE 
  EXT PARAMETER                                   STEP         FIRST   
  NO.   NAME      VALUE            ERROR          SIZE      DERIVATIVE 
   1  p0           1.23757e+02   4.93426e+00   3.14760e-02   6.86074e-05
   2  p1           1.59201e+03   3.73172e-02   7.59131e-04  -4.23611e-04
   3  p2           1.08909e+00   3.24180e-02   1.96550e-05  -1.16570e-01
   4  p3           9.56783e+00   1.99541e+00   1.27635e-02   7.79802e-05
   5  p4           1.61994e+03   2.20689e-01   1.66924e-03   8.34881e-04
   6  p5           9.79147e-01   2.10230e-01   1.28320e-04   8.22513e-03
   7  p6           5.80014e+00   1.83659e-01   1.42356e-03   3.83244e-04
                               ERR DEF= 0.5
AreaDEP_tot = 1627
Area_DEP_tot_psa = 1357
AreaDEP = 1255
Area_DEP_psa = 1169
Area_FEP_tot = 809
Area_FEP_tot_psa = 294
Area_FEP = 404
Area_FEP_psa = 73
Calculation of AoE vs E correction
 FCN=114.593 FROM MIGRAD    STATUS=CONVERGED    1334 CALLS        1335 TOTAL
                     EDM=7.3365e-08    STRATEGY= 1  ERROR MATRIX UNCERTAINTY   8.1 per cent
  EXT PARAMETER                                   STEP         FIRST   
  NO.   NAME      VALUE            ERROR          SIZE      DERIVATIVE 
   1  p0           5.06818e+01   2.76817e+00  -1.62198e-05  -4.88914e-04
   2  p1           1.00116e+00   6.81805e-04   7.03005e-06   7.99984e-04
   3  p2           1.51733e-02   6.98835e-04  -1.74512e-05  -2.48329e-03
   4  p3           1.18665e+01   1.01530e+01  -1.31258e-02  -7.84743e-04
   5  p4           2.75800e+00   4.42343e+00   5.05733e-03   1.78935e-03
   6  p5           1.00880e+00   1.55500e-02  -5.00373e-08   2.76958e-02
   7  p6          -1.45803e-01   9.27007e-01   2.96268e-03  -6.59261e-03
   8  p7           1.76769e-02   4.43872e-03  -3.78777e-05  -1.03832e-04
                               ERR DEF= 0.5
 FCN=106.925 FROM MIGRAD    STATUS=CONVERGED    1181 CALLS        1182 TOTAL
                     EDM=6.66177e-07    STRATEGY= 1      ERROR MATRIX ACCURATE 
  EXT PARAMETER                                   STEP         FIRST   
  NO.   NAME      VALUE            ERROR          SIZE      DERIVATIVE 
   1  p0           5.43820e+01   2.35111e+00   7.20986e-04  -3.10803e-04
   2  p1           9.99827e-01   5.88245e-04   1.86763e-04  -7.52664e-03
   3  p2           1.39829e-02   5.19411e-04   2.00528e-04   2.37998e-04
   4  p3           1.02367e+01   8.20165e-01   2.78490e-03  -1.29179e-03
   5  p4           5.12679e+00   7.69617e-01   1.94517e-03   2.49060e-03
   6  p5           9.79560e-01   1.28049e-02   3.41653e-05   8.28515e-02
   7  p6          -2.21165e-09   6.53025e-01   7.99291e-03** at limit **
   8  p7           2.42420e-02   3.13080e-03   3.50171e-04  -3.98104e-03
                               ERR DEF= 0.5
 FCN=110.526 FROM MIGRAD    STATUS=CONVERGED    1022 CALLS        1023 TOTAL
                     EDM=1.04737e-06    STRATEGY= 1      ERROR MATRIX ACCURATE 
  EXT PARAMETER                                   STEP         FIRST   
  NO.   NAME      VALUE            ERROR          SIZE      DERIVATIVE 
   1  p0           5.08463e+01   2.49618e+00   7.94775e-04  -1.01965e-03
   2  p1           9.99427e-01   5.71482e-04   1.89794e-04  -1.12582e-03
   3  p2           1.22833e-02   5.23103e-04   2.19651e-04   1.23697e-02
   4  p3           9.35386e+00   8.05231e-01   2.71123e-03  -8.38247e-04
   5  p4           5.00734e+00   6.20603e-01   1.94112e-03   1.15036e-03
   6  p5           9.97098e-01   8.84886e-03   2.96617e-05   6.38768e-02
   7  p6          -4.64257e-08   1.38128e-01   5.47953e-03** at limit **
   8  p7           1.97949e-02   2.72459e-03   3.44035e-04   5.25683e-03
                               ERR DEF= 0.5
 FCN=106.742 FROM MIGRAD    STATUS=CONVERGED    1474 CALLS        1475 TOTAL
                     EDM=1.85572e-06    STRATEGY= 1      ERROR MATRIX ACCURATE 
  EXT PARAMETER                                   STEP         FIRST   
  NO.   NAME      VALUE            ERROR          SIZE      DERIVATIVE 
   1  p0           4.97272e+01   2.46147e+00   8.20102e-04  -2.21919e-04
   2  p1           9.98949e-01   6.02706e-04   1.83690e-04   5.88150e-03
   3  p2           1.21519e-02   5.39105e-04   2.10236e-04  -4.40164e-03
   4  p3           8.97923e+00   7.66354e-01   2.65857e-03  -2.08074e-03
   5  p4           5.45031e+00   7.47611e-01   2.08389e-03   2.51416e-03
   6  p5           9.88851e-01   1.17116e-02   3.16048e-05   1.44314e-01
   7  p6          -2.99758e-07   8.45298e-01   1.86573e-02  -4.15211e-05
   8  p7           1.88295e-02   3.08430e-03   3.53135e-04   3.68542e-03
                               ERR DEF= 0.5
 FCN=101.697 FROM MIGRAD    STATUS=CONVERGED     919 CALLS         920 TOTAL
                     EDM=3.73225e-08    STRATEGY= 1      ERROR MATRIX ACCURATE 
  EXT PARAMETER                                   STEP         FIRST   
  NO.   NAME      VALUE            ERROR          SIZE      DERIVATIVE 
   1  p0           6.54770e+01   3.06023e+00   7.34102e-04  -7.54604e-04
   2  p1           9.98692e-01   4.57575e-04   1.42379e-04   2.48371e-03
   3  p2           1.00515e-02   3.99784e-04   1.83328e-04   2.48448e-04
   4  p3           1.11130e+01   8.79229e-01   3.12572e-03   9.86479e-05
   5  p4           6.99546e+00   6.46010e-01   2.11079e-03   2.96144e-07
   6  p5           9.91400e-01   7.18167e-03   2.38108e-05   8.16561e-03
   7  p6          -9.27066e-10   8.97229e-02   4.21233e-03** at limit **
   8  p7           1.67865e-02   2.06315e-03   2.86834e-04   2.90196e-04
                               ERR DEF= 0.5
 FCN=120.796 FROM MIGRAD    STATUS=CONVERGED     968 CALLS         969 TOTAL
                     EDM=8.45618e-07    STRATEGY= 1      ERROR MATRIX ACCURATE 
  EXT PARAMETER                                   STEP         FIRST   
  NO.   NAME      VALUE            ERROR          SIZE      DERIVATIVE 
   1  p0           5.59709e+01   2.86150e+00   8.80052e-04   1.89911e-03
   2  p1           9.98108e-01   4.81052e-04   1.70391e-04  -9.35311e-03
   3  p2           1.00153e-02   4.30071e-04   2.21078e-04   1.24851e-03
   4  p3           1.08930e+01   8.37982e-01   3.27571e-03  -4.00419e-04
   5  p4           6.51728e+00   6.40018e-01   2.21749e-03   5.42857e-04
   6  p5           9.91424e-01   7.47559e-03   2.64970e-05   7.84191e-02
   7  p6          -1.67262e-07   6.22792e-01   7.36639e-03** at limit **
   8  p7           1.78415e-02   2.17108e-03   3.15478e-04   3.21014e-03
                               ERR DEF= 0.5
 FCN=98.969 FROM MIGRAD    STATUS=CONVERGED     731 CALLS         732 TOTAL
                     EDM=9.27297e-07    STRATEGY= 1      ERROR MATRIX ACCURATE 
  EXT PARAMETER                                   STEP         FIRST   
  NO.   NAME      VALUE            ERROR          SIZE      DERIVATIVE 
   1  p0           5.52447e+01   3.01360e+00   8.00820e-04   2.54810e-05
   2  p1           9.97084e-01   5.08034e-04   1.55560e-04   4.45803e-03
   3  p2           9.91795e-03   4.56953e-04   2.02246e-04   5.85658e-03
   4  p3           1.07674e+01   9.58358e-01   3.09662e-03  -5.02574e-04
   5  p4           7.24093e+00   6.35285e-01   2.15248e-03   8.83456e-04
   6  p5           9.94535e-01   7.23770e-03   2.27680e-05  -2.81684e-04
   7  p6          -1.82954e-08   3.52752e-02   2.62230e-03** at limit **
   8  p7           1.22024e-02   1.86744e-03   3.23050e-04   2.00787e-03
                               ERR DEF= 0.5
 FCN=110.128 FROM MIGRAD    STATUS=CONVERGED     686 CALLS         687 TOTAL
                     EDM=9.49965e-08    STRATEGY= 1  ERROR MATRIX UNCERTAINTY   1.2 per cent
  EXT PARAMETER                                   STEP         FIRST   
  NO.   NAME      VALUE            ERROR          SIZE      DERIVATIVE 
   1  p0           6.25770e+01   3.60115e+00  -1.06984e-04   1.89194e-03
   2  p1           9.96243e-01   4.71458e-04  -2.48302e-05   1.73433e-03
   3  p2           8.77297e-03   4.34382e-04  -9.92416e-05  -9.35992e-04
   4  p3           1.84465e+01   1.36046e+00   8.43414e-05   1.99233e-04
   5  p4           1.01149e+01   6.01471e-01  -1.25948e-03  -2.52723e-04
   6  p5           9.93220e-01   5.55318e-03   3.99604e-06  -4.31254e-02
   7  p6          -1.76774e-10   4.66987e-03  -7.47678e-06** at limit **
   8  p7           1.12719e-02   1.41116e-03  -1.96806e-06  -2.93198e-03
                               ERR DEF= 0.5
 FCN=123.234 FROM MIGRAD    STATUS=CONVERGED     699 CALLS         700 TOTAL
                     EDM=4.05022e-07    STRATEGY= 1      ERROR MATRIX ACCURATE 
  EXT PARAMETER                                   STEP         FIRST   
  NO.   NAME      VALUE            ERROR          SIZE      DERIVATIVE 
   1  p0           6.73985e+01   3.47653e+00   9.02662e-04  -1.07696e-03
   2  p1           9.94953e-01   4.35915e-04   1.47013e-04  -1.19817e-02
   3  p2           8.15306e-03   3.85943e-04   2.25319e-04  -3.84764e-03
   4  p3           1.66188e+01   1.07209e+00   4.62626e-03   3.46112e-04
   5  p4           9.50798e+00   6.49158e-01   2.43847e-03  -8.35239e-04
   6  p5           9.82516e-01   5.49021e-03   1.95045e-05  -5.76132e-02
   7  p6          -4.94108e-09   1.85986e-02   2.09783e-03** at limit **
   8  p7           1.51115e-02   1.45898e-03   2.46826e-04  -6.01429e-04
                               ERR DEF= 0.5
 FCN=99.6648 FROM MIGRAD    STATUS=CONVERGED     725 CALLS         726 TOTAL
                     EDM=1.49789e-08    STRATEGY= 1      ERROR MATRIX ACCURATE 
  EXT PARAMETER                                   STEP         FIRST   
  NO.   NAME      VALUE            ERROR          SIZE      DERIVATIVE 
   1  p0           6.23708e+01   3.36670e+00   8.51402e-04   8.93563e-05
   2  p1           9.95151e-01   4.84964e-04   1.44284e-04  -8.43043e-05
   3  p2           8.84780e-03   4.15169e-04   2.01328e-04   2.05850e-03
   4  p3           1.82542e+01   1.79141e+00   4.31030e-03   6.49199e-05
   5  p4           5.02817e+00   1.60879e+00   9.23997e-04   2.65318e-04
   6  p5           9.90927e-01   5.78291e-03   1.73541e-05   8.49330e-03
   7  p6          -1.68894e-01   1.19320e-01   1.67432e-04  -1.06626e-03
   8  p7           1.21048e-02   1.54193e-03   2.74034e-04  -4.64710e-04
                               ERR DEF= 0.5
 FCN=127.237 FROM MIGRAD    STATUS=CONVERGED     785 CALLS         786 TOTAL
                     EDM=2.75584e-07    STRATEGY= 1  ERROR MATRIX UNCERTAINTY   2.4 per cent
  EXT PARAMETER                                   STEP         FIRST   
  NO.   NAME      VALUE            ERROR          SIZE      DERIVATIVE 
   1  p0           6.77067e+01   3.46978e+00  -8.03443e-06   1.44735e-03
   2  p1           9.94569e-01   4.74958e-04  -8.79539e-06  -1.84863e-02
   3  p2           8.46146e-03   4.61585e-04  -2.82630e-05   3.42504e-03
   4  p3           1.65164e+01   1.12170e+00   1.64020e-04  -1.36750e-04
   5  p4           8.83079e+00   6.03381e-01  -1.01641e-03   6.74213e-04
   6  p5           9.85089e-01   5.67161e-03   4.36755e-06   1.21009e-01
   7  p6          -1.79185e-08   5.26658e-02  -1.35276e-04** at limit **
   8  p7           1.53873e-02   1.57285e-03  -1.78124e-05   1.36855e-03
                               ERR DEF= 0.5
 FCN=113.515 FROM MIGRAD    STATUS=CONVERGED     734 CALLS         735 TOTAL
                     EDM=5.86916e-07    STRATEGY= 1  ERROR MATRIX UNCERTAINTY   1.6 per cent
  EXT PARAMETER                                   STEP         FIRST   
  NO.   NAME      VALUE            ERROR          SIZE      DERIVATIVE 
   1  p0           6.36931e+01   3.84824e+00   9.00224e-05  -3.99997e-03
   2  p1           9.94660e-01   4.69108e-04  -1.33624e-06   3.63503e-03
   3  p2           7.99949e-03   4.21165e-04  -5.22174e-05   5.35841e-03
   4  p3           1.81885e+01   1.36808e+00  -4.79641e-04  -3.35378e-04
   5  p4           9.48974e+00   5.71966e-01   2.06310e-04   1.65754e-03
   6  p5           9.94825e-01   4.55149e-03   3.97827e-06  -2.58578e-02
   7  p6          -4.17166e-12   8.10028e-03  -8.09796e-04** at limit **
   8  p7           9.59572e-03   1.25017e-03  -5.91100e-05  -2.71285e-03
                               ERR DEF= 0.5
 FCN=123.042 FROM MIGRAD    STATUS=CONVERGED     730 CALLS         731 TOTAL
                     EDM=6.47473e-08    STRATEGY= 1  ERROR MATRIX UNCERTAINTY   2.8 per cent
  EXT PARAMETER                                   STEP         FIRST   
  NO.   NAME      VALUE            ERROR          SIZE      DERIVATIVE 
   1  p0           7.92377e+01   3.65102e+00  -1.10783e-03   1.38176e-03
   2  p1           9.93276e-01   4.34306e-04   1.31759e-04  -3.80760e-03
   3  p2           8.78423e-03   3.56192e-04  -1.02700e-05   2.59650e-04
   4  p3           1.69394e+01   1.19482e+00   5.74795e-03  -2.17422e-04
   5  p4           9.01633e+00   5.84830e-01  -3.01031e-04   8.43716e-04
   6  p5           9.86551e-01   4.61242e-03   4.63576e-05   9.58281e-02
   7  p6          -2.98872e-13   1.25876e-02  -6.71173e-04** at limit **
   8  p7           1.30265e-02   1.31524e-03  -3.48997e-04   2.51187e-03
                               ERR DEF= 0.5
 FCN=125.49 FROM MIGRAD    STATUS=CONVERGED     738 CALLS         739 TOTAL
                     EDM=1.09487e-09    STRATEGY= 1  ERROR MATRIX UNCERTAINTY   1.3 per cent
  EXT PARAMETER                                   STEP         FIRST   
  NO.   NAME      VALUE            ERROR          SIZE      DERIVATIVE 
   1  p0           8.77146e+01   3.95475e+00   1.43475e-05   1.63841e-04
   2  p1           9.92549e-01   4.18212e-04   2.05876e-05   1.26605e-03
   3  p2           8.60347e-03   3.58646e-04  -1.66925e-05   1.74177e-04
   4  p3           2.07783e+01   1.42686e+00   1.03603e-03   1.38225e-05
   5  p4           8.96326e+00   5.17489e-01   6.02166e-05  -4.55079e-05
   6  p5           9.90410e-01   3.54158e-03   3.64003e-06  -4.08775e-03
   7  p6          -2.17604e-13   3.77321e-03  -2.95136e-05** at limit **
   8  p7           1.09283e-02   1.00866e-03  -3.53471e-05  -5.26790e-04
                               ERR DEF= 0.5
 FCN=105.258 FROM MIGRAD    STATUS=CONVERGED     817 CALLS         818 TOTAL
                     EDM=1.8462e-08    STRATEGY= 1  ERROR MATRIX UNCERTAINTY   2.2 per cent
  EXT PARAMETER                                   STEP         FIRST   
  NO.   NAME      VALUE            ERROR          SIZE      DERIVATIVE 
   1  p0           1.05177e+02   5.00283e+00  -3.42020e-05  -9.80614e-04
   2  p1           9.92132e-01   3.53664e-04  -1.81470e-05  -6.01369e-04
   3  p2           8.07242e-03   3.02185e-04   7.78220e-05  -2.81828e-03
   4  p3           2.35134e+01   1.62752e+00  -3.97926e-03   6.55661e-06
   5  p4           8.73352e+00   4.89456e-01  -6.47176e-04   2.22965e-04
   6  p5           9.94371e-01   3.85542e-03  -5.29754e-06  -8.08804e-03
   7  p6          -1.94700e-12   4.81667e-03  -2.62018e-04** at limit **
   8  p7           8.08676e-03   1.03653e-03  -4.08827e-05  -2.28170e-04
                               ERR DEF= 0.5
 FCN=143.861 FROM MIGRAD    STATUS=CONVERGED     871 CALLS         872 TOTAL
                     EDM=1.49331e-08    STRATEGY= 1  ERROR MATRIX UNCERTAINTY   1.3 per cent
  EXT PARAMETER                                   STEP         FIRST   
  NO.   NAME      VALUE            ERROR          SIZE      DERIVATIVE 
   1  p0           1.21108e+02   4.82745e+00   2.98159e-05   1.12190e-03
   2  p1           9.91752e-01   3.25367e-04   3.64721e-05  -1.65788e-03
   3  p2           8.09602e-03   2.87914e-04   6.65412e-06   1.73483e-03
   4  p3           2.73122e+01   1.51277e+00   1.69733e-03  -4.73916e-05
   5  p4           9.50668e+00   4.81178e-01  -1.86709e-04   1.96728e-04
   6  p5           9.87868e-01   3.05662e-03  -2.28543e-07   1.71515e-02
   7  p6          -4.18374e-11   3.64658e-03  -1.06003e-04** at limit **
   8  p7           1.35957e-02   9.53877e-04  -4.95190e-05  -1.25758e-03
                               ERR DEF= 0.5

****************************************
Minimizer is Linear
Chi2                      =      6.04703
NDf                       =           14
p0                        =      1.00702   +/-   0.000499281 
p1                        = -6.40207e-06   +/-   2.63578e-07 
Calculation of survival fraction for 2104
 FCN=153.122 FROM MIGRAD    STATUS=CONVERGED     104 CALLS         105 TOTAL
                     EDM=6.70633e-07    STRATEGY= 1      ERROR MATRIX ACCURATE 
  EXT PARAMETER                                   STEP         FIRST   
  NO.   NAME      VALUE            ERROR          SIZE      DERIVATIVE 
   1  p0           7.32978e+01   3.58196e+00   2.38523e-02   6.86063e-05
   2  p1           2.10339e+03   6.80498e-02   1.00298e-03   1.00152e-02
   3  p2           1.51805e+00   6.57987e-02   3.52694e-05   7.78781e-02
   4  p3           1.38345e+01   2.30653e-01   1.92352e-03  -1.05429e-03
                               ERR DEF= 0.5
Area_tot = 1637
Area_tot_psa = 476
Area = 961
Area_psa = 142
 FCN=151.982 FROM MIGRAD    STATUS=CONVERGED      98 CALLS          99 TOTAL
                     EDM=3.96384e-07    STRATEGY= 1      ERROR MATRIX ACCURATE 
  EXT PARAMETER                                   STEP         FIRST   
  NO.   NAME      VALUE            ERROR          SIZE      DERIVATIVE 
   1  p0           1.00205e+01   1.90117e+00   1.19418e-02  -2.61954e-04
   2  p1           2.10314e+03   2.41735e-01   2.04269e-03  -1.50167e-03
   3  p2           1.31529e+00   2.96272e-01   1.58460e-04   8.37798e-04
   4  p3           6.91562e+00   1.65394e-01   1.35451e-03   6.57407e-04
                               ERR DEF= 0.5
Calculation of survival fraction for 2614.5
 FCN=172.289 FROM MIGRAD    STATUS=CONVERGED     180 CALLS         181 TOTAL
                     EDM=9.25478e-09    STRATEGY= 1  ERROR MATRIX UNCERTAINTY   1.9 per cent
  EXT PARAMETER                                   STEP         FIRST   
  NO.   NAME      VALUE            ERROR          SIZE      DERIVATIVE 
   1  p0           6.28411e+02   9.46142e+00  -1.21214e-02  -6.51787e-07
   2  p1           2.61468e+03   1.58895e-02  -3.75319e-05   7.66562e-03
   3  p2           1.28155e+00   1.14557e-02   3.63621e-06   1.84499e-03
   4  p3           5.72147e-01   5.99976e-02   3.46852e-04   7.07561e-04
                               ERR DEF= 0.5
Area_tot = 6771
Area_tot_psa = 1203
Area = 6720
Area_psa = 1200
 FCN=143.513 FROM MIGRAD    STATUS=CONVERGED     123 CALLS         124 TOTAL
                     EDM=3.26657e-09    STRATEGY= 1  ERROR MATRIX UNCERTAINTY   2.8 per cent
  EXT PARAMETER                                   STEP         FIRST   
  NO.   NAME      VALUE            ERROR          SIZE      DERIVATIVE 
   1  p0           1.10494e+02   3.96355e+00   9.49664e-03  -3.77900e-06
   2  p1           2.61471e+03   3.79225e-02   2.54778e-05  -1.28342e-03
   3  p2           1.28319e+00   2.73850e-02  -4.83530e-06  -1.26999e-02
   4  p3           1.65287e-02   8.32377e-03  -1.30093e-06   6.22404e-03
                               ERR DEF= 0.5
Calculation of survival fraction background at 2039
Area = 3085
Area_psa = 1547
