
[1mRooFit v3.60 -- Developed by Wouter Verkerke and David Kirkby[0m 
                Copyright (C) 2000-2013 NIKHEF, University of California & Stanford University
                All rights reserved, please read http://roofit.sourceforge.net/license.txt

Using file /nfs/gerda6/users/burlac/psd/analysis/run0098-cal_dplms_1000.tier.root
Analizing channel 29
DPLMS analysis with weight 1000
Total events = 17201607
event n.1000000
event n.2000000
event n.3000000
event n.4000000
event n.5000000
event n.6000000
event n.7000000
event n.8000000
event n.9000000
event n.10000000
event n.11000000
event n.12000000
event n.13000000
event n.14000000
event n.15000000
event n.16000000
event n.17000000
Selected events: 282383
The time to read waveforms: 59.66 s
Initialization of DEP&FEP background  = 32
 FCN=106.466 FROM MIGRAD    STATUS=CONVERGED     180 CALLS         181 TOTAL
                     EDM=1.33779e-08    STRATEGY= 1  ERROR MATRIX UNCERTAINTY   3.4 per cent
  EXT PARAMETER                                   STEP         FIRST   
  NO.   NAME      VALUE            ERROR          SIZE      DERIVATIVE 
   1  p0           6.48031e+01   3.07781e+00   5.19909e-03   2.10194e-05
   2  p1           1.59431e+03   1.11883e-01  -2.29167e-04  -3.04634e-04
   3  p2           2.45539e+00   1.18753e-01  -1.99234e-05   5.66025e-03
   4  p3           9.23005e+01   3.33351e+00   6.61810e-03  -5.62366e-06
   5  p4           1.62272e+03   7.46151e-02   2.78934e-05  -1.16160e-03
   6  p5           2.45302e+00   8.05569e-02  -1.77605e-05   1.24550e-02
   7  p6           3.18247e+01   4.79272e-01   9.42943e-04   2.37078e-04
                               ERR DEF= 0.5
mean_aoe = 0.0171
AoE: max = 4.24151 max = 0.246285
 FCN=18.2587 FROM MIGRAD    STATUS=CONVERGED     529 CALLS         530 TOTAL
                     EDM=3.64214e-08    STRATEGY= 1      ERROR MATRIX ACCURATE 
  EXT PARAMETER                                   STEP         FIRST   
  NO.   NAME      VALUE            ERROR          SIZE      DERIVATIVE 
   1  p0           2.70064e-01   1.00095e-01   2.17090e-04  -4.15480e-04
   2  p1           9.77185e-01   1.83182e-02   4.83749e-05   4.76489e-03
   3  p2           4.89503e-02   2.08182e-02   1.62932e-04  -1.05207e-03
   4  p3          -2.52451e-01   1.97124e-01   5.31938e-05   6.46084e-03
   5  p4           3.96419e-01   2.58988e-01   6.50945e-05   4.84068e-03
                               ERR DEF= 0.5
AoE_lowCut = 0.879284
 FCN=103.99 FROM MIGRAD    STATUS=CONVERGED     275 CALLS         276 TOTAL
                     EDM=4.65365e-07    STRATEGY= 1      ERROR MATRIX ACCURATE 
  EXT PARAMETER                                   STEP         FIRST   
  NO.   NAME      VALUE            ERROR          SIZE      DERIVATIVE 
   1  p0           6.48608e+01   3.01656e+00   1.65240e-02   1.32510e-04
   2  p1           1.59431e+03   1.10029e-01   7.76044e-04  -1.41243e-03
   3  p2           2.44625e+00   1.17238e-01   3.93991e-05   7.06379e-02
   4  p3           7.93503e+01   3.11427e+00   1.75601e-02   1.55126e-05
   5  p4           1.62274e+03   9.44522e-02   7.73784e-04   3.53061e-03
   6  p5           2.47816e+00   8.89638e-02   3.11103e-05   7.14586e-02
   7  p6           2.86438e+01   4.59049e-01   2.75151e-03   1.01678e-03
                               ERR DEF= 0.5
AreaDEP_tot = 3803
Area_DEP_tot_psa = 3549
AreaDEP = 3194
Area_DEP_psa = 2934
Area_FEP_tot = 4349
Area_FEP_tot_psa = 3870
Area_FEP = 1768
Area_FEP_psa = 1521
Calculation of AoE vs E correction
 FCN=151.486 FROM MIGRAD    STATUS=CONVERGED    1983 CALLS        1984 TOTAL
                     EDM=3.31246e-08    STRATEGY= 1  ERROR MATRIX UNCERTAINTY   2.5 per cent
  EXT PARAMETER                                   STEP         FIRST   
  NO.   NAME      VALUE            ERROR          SIZE      DERIVATIVE 
   1  p0           2.94000e+01   9.33958e-02   1.46055e-04** at limit **
   2  p1           9.80000e-01   8.18902e-04  -2.40840e-04** at limit **
   3  p2           3.00000e-02   3.18900e-04   4.84914e-04** at limit **
   4  p3           2.28816e+01   2.74285e+00   3.10122e-03  -5.02264e-05
   5  p4           1.88220e+01   1.85066e+00  -1.05219e-03  -5.98978e-04
   6  p5           8.35229e-01   1.45753e-02   2.04870e-05  -9.25642e-03
   7  p6          -1.68107e-10   8.87723e-03  -7.99479e-05** at limit **
   8  p7           5.29051e-02   4.25955e-03   3.73838e-05  -8.86613e-03
                               ERR DEF= 0.5
 FCN=507.804 FROM MIGRAD    STATUS=CONVERGED     996 CALLS         997 TOTAL
                     EDM=6.65369e-07    STRATEGY= 1  ERROR MATRIX UNCERTAINTY   9.9 per cent
  EXT PARAMETER                                   STEP         FIRST   
  NO.   NAME      VALUE            ERROR          SIZE      DERIVATIVE 
   1  p0           4.45379e+01   1.21817e+00  -1.81144e-04  -6.52817e-04
   2  p1           1.02000e+00   1.91624e-05   1.16048e-06** at limit **
   3  p2           3.00000e-02   1.06213e-05   9.74837e-06** at limit **
   4  p3           3.73596e+01   1.66222e+00   4.11447e-03  -2.21980e-04
   5  p4           1.06409e+01   4.93557e-01   8.87856e-04   9.89195e-04
   6  p5           9.68895e-01   2.38834e-03  -1.55549e-06   1.02910e-01
   7  p6          -9.50002e-08   1.85923e-01   2.71460e-04** at limit **
   8  p7           9.09513e-03   1.20238e-03   6.17464e-05   1.06520e-03
                               ERR DEF= 0.5
 FCN=409.98 FROM MIGRAD    STATUS=CONVERGED     840 CALLS         841 TOTAL
                     EDM=3.86243e-07    STRATEGY= 1  ERROR MATRIX UNCERTAINTY   2.5 per cent
  EXT PARAMETER                                   STEP         FIRST   
  NO.   NAME      VALUE            ERROR          SIZE      DERIVATIVE 
   1  p0           3.77228e+01   1.14160e+00  -4.94941e-05   1.51193e-03
   2  p1           1.02000e+00   2.83111e-05   2.93775e-04** at limit **
   3  p2           3.00000e-02   1.31261e-05  -1.64179e-04** at limit **
   4  p3           3.60766e+01   1.58197e+00   4.04652e-03   1.28308e-04
   5  p4           9.70697e+00   1.21448e+00  -2.62406e-03   1.06230e-03
   6  p5           9.75475e-01   2.35638e-03   7.39460e-07   4.00632e-02
   7  p6          -2.32930e-02   2.79236e-02  -5.11025e-04  -5.99279e-03
   8  p7           7.19582e-03   1.10003e-03  -2.78284e-04   5.92550e-03
                               ERR DEF= 0.5
 FCN=354.297 FROM MIGRAD    STATUS=CONVERGED     720 CALLS         721 TOTAL
                     EDM=3.11521e-07    STRATEGY= 1      ERROR MATRIX ACCURATE 
  EXT PARAMETER                                   STEP         FIRST   
  NO.   NAME      VALUE            ERROR          SIZE      DERIVATIVE 
   1  p0           3.65020e+01   1.13407e+00   1.06326e-03   5.06681e-04
   2  p1           1.02000e+00   3.63118e-05   7.83905e-04** at limit **
   3  p2           3.00000e-02   1.59289e-05   6.56689e-04** at limit **
   4  p3           3.38823e+01   1.53444e+00   1.15988e-02  -5.63114e-04
   5  p4           9.75980e+00   1.40776e+00   2.79795e-03   2.16757e-03
   6  p5           9.72887e-01   2.68867e-03   2.05914e-05   1.10849e-01
   7  p6          -2.08497e-02   3.25920e-02   5.40620e-04  -1.14166e-02
   8  p7           8.43449e-03   1.20246e-03   7.07852e-04   8.48424e-04
                               ERR DEF= 0.5
 FCN=168.763 FROM MIGRAD    STATUS=CONVERGED    1779 CALLS        1780 TOTAL
                     EDM=3.27048e-08    STRATEGY= 1  ERROR MATRIX UNCERTAINTY   3.1 per cent
  EXT PARAMETER                                   STEP         FIRST   
  NO.   NAME      VALUE            ERROR          SIZE      DERIVATIVE 
   1  p0           2.16000e+01   8.32723e-02  -3.85419e-05** at limit **
   2  p1           9.80000e-01   6.80365e-04  -4.10642e-05** at limit **
   3  p2           3.00000e-02   5.13675e-04   4.46943e-04** at limit **
   4  p3           1.30280e+01   2.02485e+00  -9.75152e-04  -8.57419e-05
   5  p4           2.02672e+01   2.59288e+00   1.89660e-03   1.53880e-04
   6  p5           8.20241e-01   1.73033e-02  -8.17480e-06   7.80842e-03
   7  p6          -2.94025e-11   1.76413e-02   2.14788e-04** at limit **
   8  p7           5.16712e-02   5.88179e-03  -8.28900e-05   2.34237e-03
                               ERR DEF= 0.5
 FCN=331.927 FROM MIGRAD    STATUS=CONVERGED     628 CALLS         629 TOTAL
                     EDM=5.82855e-08    STRATEGY= 1  ERROR MATRIX UNCERTAINTY   3.0 per cent
  EXT PARAMETER                                   STEP         FIRST   
  NO.   NAME      VALUE            ERROR          SIZE      DERIVATIVE 
   1  p0           3.30716e+01   1.09265e+00   3.56426e-04  -5.06793e-04
   2  p1           1.02000e+00   3.91162e-05   9.50351e-05** at limit **
   3  p2           3.00000e-02   1.62649e-05   1.27989e-05** at limit **
   4  p3           3.38448e+01   1.72880e+00  -2.57110e-03  -1.70763e-04
   5  p4           1.08635e+01   1.53291e+00  -2.13844e-03   5.27819e-04
   6  p5           9.70300e-01   3.41119e-03   3.67134e-06  -2.90286e-02
   7  p6          -1.61788e-02   2.61393e-02  -3.36764e-04  -2.61506e-03
   8  p7           9.82455e-03   1.49445e-03   1.36369e-04   3.29864e-03
                               ERR DEF= 0.5
 FCN=298.582 FROM MIGRAD    STATUS=CONVERGED     654 CALLS         655 TOTAL
                     EDM=7.02715e-08    STRATEGY= 1      ERROR MATRIX ACCURATE 
  EXT PARAMETER                                   STEP         FIRST   
  NO.   NAME      VALUE            ERROR          SIZE      DERIVATIVE 
   1  p0           2.98656e+01   1.02117e+00   1.06416e-03  -5.86191e-04
   2  p1           1.02000e+00   4.34361e-05   7.87262e-04** at limit **
   3  p2           3.00000e-02   1.94572e-05   6.66437e-04** at limit **
   4  p3           3.01652e+01   1.28039e+00   1.01896e-02  -2.53683e-04
   5  p4           8.77991e+00   1.24178e+00   2.13413e-03   1.05429e-03
   6  p5           9.75940e-01   2.29902e-03   1.81978e-05   6.68244e-02
   7  p6          -5.91455e-02   3.56899e-02   2.89552e-04  -7.24678e-03
   8  p7           6.99299e-03   1.31822e-03   9.59815e-04  -2.39090e-04
                               ERR DEF= 0.5
 FCN=140.102 FROM MIGRAD    STATUS=CONVERGED    2094 CALLS        2095 TOTAL
                     EDM=1.40031e-06    STRATEGY= 1      ERROR MATRIX ACCURATE 
  EXT PARAMETER                                   STEP         FIRST   
  NO.   NAME      VALUE            ERROR          SIZE      DERIVATIVE 
   1  p0           2.16000e+01   1.11621e-01   1.17831e-03** at limit **
   2  p1           9.80000e-01   3.59351e-04   1.55506e-03** at limit **
   3  p2           3.00000e-02   3.20256e-04   1.85706e-03** at limit **
   4  p3           1.38631e+01   2.04917e+00   2.80760e-03  -9.15964e-04
   5  p4           2.20885e+01   2.65838e+00   1.29206e-03  -3.67266e-03
   6  p5           8.31820e-01   1.56857e-02   2.93445e-05  -5.07947e-02
   7  p6          -1.07524e-08   2.11152e-02   2.36458e-03** at limit **
   8  p7           4.63057e-02   4.78164e-03   6.02823e-05   7.18894e-02
                               ERR DEF= 0.5
 FCN=341.198 FROM MIGRAD    STATUS=CONVERGED     756 CALLS         757 TOTAL
                     EDM=6.54363e-07    STRATEGY= 1  ERROR MATRIX UNCERTAINTY   2.4 per cent
  EXT PARAMETER                                   STEP         FIRST   
  NO.   NAME      VALUE            ERROR          SIZE      DERIVATIVE 
   1  p0           3.52463e+01   1.08960e+00   1.02950e-04   5.93910e-03
   2  p1           1.02000e+00   3.74329e-05   3.11997e-04** at limit **
   3  p2           3.00000e-02   1.54444e-05   1.83366e-04** at limit **
   4  p3           3.88931e+01   1.70813e+00  -2.77917e-03   1.31247e-05
   5  p4           1.26474e+01   5.66765e-01  -1.69250e-03   4.12639e-04
   6  p5           9.69454e-01   2.34428e-03  -4.46195e-06   8.74493e-02
   7  p6          -1.68925e-08   2.31781e-02   1.71699e-03** at limit **
   8  p7           9.64024e-03   1.20221e-03  -1.28272e-04  -5.01656e-03
                               ERR DEF= 0.5
 FCN=138.247 FROM MIGRAD    STATUS=CONVERGED    1921 CALLS        1922 TOTAL
                     EDM=6.27129e-07    STRATEGY= 1  ERROR MATRIX UNCERTAINTY   3.5 per cent
  EXT PARAMETER                                   STEP         FIRST   
  NO.   NAME      VALUE            ERROR          SIZE      DERIVATIVE 
   1  p0           2.40000e+01   8.95969e-02  -1.77287e-05** at limit **
   2  p1           9.80000e-01   4.03303e-04  -5.47148e-04** at limit **
   3  p2           3.00000e-02   4.79920e-04   2.42075e-04** at limit **
   4  p3           1.56094e+01   1.90197e+00   3.13527e-03  -1.24429e-03
   5  p4           2.28921e+01   2.35070e+00   3.24339e-03  -1.78794e-04
   6  p5           8.29156e-01   1.25432e-02   6.25571e-06   2.07960e-01
   7  p6          -2.90412e-12   2.30467e-02  -1.16260e-03** at limit **
   8  p7           4.41173e-02   3.89140e-03  -1.66207e-04  -1.87108e-02
                               ERR DEF= 0.5
 FCN=298.876 FROM MIGRAD    STATUS=CONVERGED     693 CALLS         694 TOTAL
                     EDM=3.05517e-08    STRATEGY= 1  ERROR MATRIX UNCERTAINTY   3.2 per cent
  EXT PARAMETER                                   STEP         FIRST   
  NO.   NAME      VALUE            ERROR          SIZE      DERIVATIVE 
   1  p0           3.54668e+01   1.12610e+00  -4.81918e-05  -9.99284e-04
   2  p1           1.02000e+00   4.54078e-05  -2.78569e-05** at limit **
   3  p2           3.00000e-02   1.74999e-05  -9.52837e-05** at limit **
   4  p3           3.90037e+01   1.95628e+00  -3.56880e-03  -6.47381e-05
   5  p4           1.21023e+01   1.32390e+00  -1.96033e-03   6.33465e-05
   6  p5           9.70229e-01   2.66334e-03   3.53079e-06  -9.24927e-03
   7  p6          -8.19919e-03   1.73024e-02  -2.14974e-04   1.82823e-06
   8  p7           9.14644e-03   1.22160e-03   1.10772e-04   2.60838e-03
                               ERR DEF= 0.5
 FCN=369.064 FROM MIGRAD    STATUS=CONVERGED     665 CALLS         666 TOTAL
                     EDM=6.78701e-08    STRATEGY= 1      ERROR MATRIX ACCURATE 
  EXT PARAMETER                                   STEP         FIRST   
  NO.   NAME      VALUE            ERROR          SIZE      DERIVATIVE 
   1  p0           3.59145e+01   1.11147e+00   1.09646e-03  -5.93983e-04
   2  p1           1.02000e+00   3.38492e-05   7.72457e-04** at limit **
   3  p2           3.00000e-02   1.52974e-05   6.56821e-04** at limit **
   4  p3           3.36692e+01   1.38998e+00   1.20791e-02  -6.96009e-07
   5  p4           9.06714e+00   1.26104e+00   2.32684e-03  -7.55792e-05
   6  p5           9.74796e-01   2.44611e-03   1.97651e-05   6.01390e-02
   7  p6          -5.52496e-02   3.38819e-02   3.10509e-04   1.08446e-03
   8  p7           7.37481e-03   1.27510e-03   9.02744e-04   2.47068e-03
                               ERR DEF= 0.5
 FCN=404.802 FROM MIGRAD    STATUS=CONVERGED     777 CALLS         778 TOTAL
                     EDM=1.98665e-07    STRATEGY= 1  ERROR MATRIX UNCERTAINTY   1.4 per cent
  EXT PARAMETER                                   STEP         FIRST   
  NO.   NAME      VALUE            ERROR          SIZE      DERIVATIVE 
   1  p0           4.43175e+01   1.27046e+00  -3.62845e-04   2.59491e-03
   2  p1           1.02000e+00   2.88248e-05  -2.37469e-04** at limit **
   3  p2           3.00000e-02   1.27420e-05   1.16598e-04** at limit **
   4  p3           4.81086e+01   1.98063e+00  -7.87472e-03  -1.61568e-04
   5  p4           1.35897e+01   5.41272e-01  -1.65270e-03   1.25569e-03
   6  p5           9.70743e-01   2.16910e-03  -9.55835e-06   2.10166e-01
   7  p6          -8.97948e-13   5.00122e-03  -1.15771e-03** at limit **
   8  p7           9.18879e-03   1.03696e-03   3.99117e-04   9.27060e-03
                               ERR DEF= 0.5
 FCN=559.734 FROM MIGRAD    STATUS=CONVERGED     831 CALLS         832 TOTAL
                     EDM=8.23416e-08    STRATEGY= 1      ERROR MATRIX ACCURATE 
  EXT PARAMETER                                   STEP         FIRST   
  NO.   NAME      VALUE            ERROR          SIZE      DERIVATIVE 
   1  p0           5.00571e+01   1.29290e+00   1.68338e-03  -1.66099e-03
   2  p1           1.02000e+00   2.07541e-05   7.44702e-04** at limit **
   3  p2           3.00000e-02   9.47884e-06   6.36551e-04** at limit **
   4  p3           5.16253e+01   2.18594e+00   1.99495e-02  -6.49626e-06
   5  p4           1.21476e+01   1.10502e+00   3.21585e-03  -4.58515e-06
   6  p5           9.69576e-01   2.34236e-03   1.94688e-05   5.03875e-02
   7  p6          -2.50774e-02   1.41764e-02   3.50722e-04   2.39915e-03
   8  p7           8.30511e-03   1.03559e-03   6.78631e-04   2.94802e-03
                               ERR DEF= 0.5
 FCN=186.61 FROM MIGRAD    STATUS=CONVERGED    1604 CALLS        1605 TOTAL
                     EDM=2.61248e-09    STRATEGY= 1  ERROR MATRIX UNCERTAINTY   1.7 per cent
  EXT PARAMETER                                   STEP         FIRST   
  NO.   NAME      VALUE            ERROR          SIZE      DERIVATIVE 
   1  p0           3.30000e+01   1.19702e-01   6.74684e-05** at limit **
   2  p1           9.80000e-01   1.96411e-04   1.29220e-06** at limit **
   3  p2           3.00000e-02   1.69868e-04  -1.32781e-04** at limit **
   4  p3           2.93824e+01   3.21103e+00  -3.41644e-04   3.99061e-05
   5  p4           1.99336e+01   1.52524e+00   1.30845e-06   1.20824e-04
   6  p5           8.70724e-01   1.23526e-02   9.62480e-07  -1.50712e-03
   7  p6          -7.11242e-12   5.00759e-03   3.63416e-05** at limit **
   8  p7           4.83983e-02   2.77883e-03   4.61143e-06  -1.86246e-03
                               ERR DEF= 0.5
 FCN=645.094 FROM MIGRAD    STATUS=CONVERGED     735 CALLS         736 TOTAL
                     EDM=6.31511e-07    STRATEGY= 1  ERROR MATRIX UNCERTAINTY   2.6 per cent
  EXT PARAMETER                                   STEP         FIRST   
  NO.   NAME      VALUE            ERROR          SIZE      DERIVATIVE 
   1  p0           6.40024e+01   1.47150e+00   1.36568e-04  -5.26728e-03
   2  p1           1.02000e+00   1.83417e-05  -2.89792e-05** at limit **
   3  p2           3.00000e-02   7.17189e-06  -5.10848e-05** at limit **
   4  p3           7.10733e+01   2.75327e+00  -1.51847e-03   9.87430e-05
   5  p4           1.37216e+01   1.03114e+00   9.85869e-04  -9.11755e-05
   6  p5           9.70049e-01   1.98683e-03  -3.16852e-06  -3.85367e-01
   7  p6          -1.25601e-02   9.61899e-03   1.55848e-04  -1.01698e-02
   8  p7           8.98673e-03   8.81485e-04  -8.79840e-05  -1.21558e-02
                               ERR DEF= 0.5

****************************************
Minimizer is Linear
Chi2                      =      69283.6
NDf                       =           14
p0                        =      1.02008   +/-   2.85988e-05 
p1                        = -1.12361e-07   +/-   1.5424e-08  
Calculation of survival fraction for 2104
 FCN=150.458 FROM MIGRAD    STATUS=CONVERGED     118 CALLS         119 TOTAL
                     EDM=1.48479e-07    STRATEGY= 1      ERROR MATRIX ACCURATE 
  EXT PARAMETER                                   STEP         FIRST   
  NO.   NAME      VALUE            ERROR          SIZE      DERIVATIVE 
   1  p0           1.71642e+02   3.88583e+00   2.61468e-02   5.91819e-05
   2  p1           2.10468e+03   6.37560e-02   1.00359e-03  -2.76413e-03
   3  p2           3.00302e+00   5.90496e-02   2.25997e-05   1.07399e-02
   4  p3           3.80510e+01   3.98521e-01   3.21384e-03   6.99142e-04
                               ERR DEF= 0.5
Area_tot = 7861
Area_tot_psa = 6506
Area = 4326
Area_psa = 3293
 FCN=147.349 FROM MIGRAD    STATUS=CONVERGED     120 CALLS         121 TOTAL
                     EDM=1.25245e-06    STRATEGY= 1      ERROR MATRIX ACCURATE 
  EXT PARAMETER                                   STEP         FIRST   
  NO.   NAME      VALUE            ERROR          SIZE      DERIVATIVE 
   1  p0           1.29346e+02   3.45206e+00   2.29443e-02  -1.11091e-05
   2  p1           2.10465e+03   7.66529e-02   1.00358e-03  -2.39042e-03
   3  p2           3.02669e+00   7.24529e-02   2.72419e-05   1.92337e-01
   4  p3           3.45688e+01   3.80500e-01   3.02312e-03  -1.50675e-03
                               ERR DEF= 0.5
Calculation of survival fraction for 2614.5
 FCN=840.978 FROM MIGRAD    STATUS=CONVERGED     122 CALLS         123 TOTAL
                     EDM=1.18556e-09    STRATEGY= 1  ERROR MATRIX UNCERTAINTY   2.5 per cent
  EXT PARAMETER                                   STEP         FIRST   
  NO.   NAME      VALUE            ERROR          SIZE      DERIVATIVE 
   1  p0           1.63204e+03   1.03582e+01   1.66307e-02  -2.56290e-06
   2  p1           2.61455e+03   1.48314e-02  -4.53580e-06   9.48924e-04
   3  p2           2.85385e+00   1.12641e-02  -3.89681e-07  -1.88060e-02
   4  p3           5.08610e+00   1.63415e-01   1.36766e-04   2.32479e-04
                               ERR DEF= 0.5
Area_tot = 39490
Area_tot_psa = 35295
Area = 39009
Area_psa = 34885
 FCN=717.849 FROM MIGRAD    STATUS=CONVERGED     132 CALLS         133 TOTAL
                     EDM=1.23277e-10    STRATEGY= 1      ERROR MATRIX ACCURATE 
  EXT PARAMETER                                   STEP         FIRST   
  NO.   NAME      VALUE            ERROR          SIZE      DERIVATIVE 
   1  p0           1.45961e+03   9.77622e+00   1.45466e-01   3.68592e-07
   2  p1           2.61455e+03   1.56531e-02   1.24671e-03   3.10824e-04
   3  p2           2.85423e+00   1.18759e-02   1.04880e-05  -2.55451e-03
   4  p3           4.23278e+00   1.49397e-01   2.72442e-03   5.67079e-05
                               ERR DEF= 0.5
Calculation of survival fraction background at 2039
Area = 8334
Area_psa = 7559
