
[1mRooFit v3.60 -- Developed by Wouter Verkerke and David Kirkby[0m 
                Copyright (C) 2000-2013 NIKHEF, University of California & Stanford University
                All rights reserved, please read http://roofit.sourceforge.net/license.txt

Using file /nfs/gerda6/users/burlac/psd/analysis/run0098-cal_dplms_1000.tier.root
Analizing channel 28
DPLMS analysis with weight 1000
Total events = 17201607
event n.1000000
event n.2000000
event n.3000000
event n.4000000
event n.5000000
event n.6000000
event n.7000000
event n.8000000
event n.9000000
event n.10000000
event n.11000000
event n.12000000
event n.13000000
event n.14000000
event n.15000000
event n.16000000
event n.17000000
Selected events: 253860
The time to read waveforms: 50.46 s
Initialization of DEP&FEP background  = 32
 FCN=113.466 FROM MIGRAD    STATUS=CONVERGED     214 CALLS         215 TOTAL
                     EDM=2.8844e-07    STRATEGY= 1      ERROR MATRIX ACCURATE 
  EXT PARAMETER                                   STEP         FIRST   
  NO.   NAME      VALUE            ERROR          SIZE      DERIVATIVE 
   1  p0           7.19416e+01   3.40869e+00   1.99605e-02  -1.84518e-05
   2  p1           1.59340e+03   9.08872e-02   7.59792e-04   5.90662e-04
   3  p2           1.96297e+00   8.78513e-02   3.60056e-05  -5.97301e-02
   4  p3           1.19034e+02   4.29933e+00   2.53471e-02   6.57137e-06
   5  p4           1.62181e+03   5.91473e-02   7.73340e-04   4.11907e-03
   6  p5           1.72512e+00   5.37305e-02   2.38008e-05  -4.08689e-02
   7  p6           2.90482e+01   4.25909e-01   2.84234e-03   3.56198e-04
                               ERR DEF= 0.5
mean_aoe = 0.0239
AoE: max = 2.92162 max = 0.314661
 FCN=5.70086 FROM MIGRAD    STATUS=CONVERGED     493 CALLS         494 TOTAL
                     EDM=8.02987e-08    STRATEGY= 1      ERROR MATRIX ACCURATE 
  EXT PARAMETER                                   STEP         FIRST   
  NO.   NAME      VALUE            ERROR          SIZE      DERIVATIVE 
   1  p0           5.06563e-01   1.77992e-01   1.74971e-04  -1.60729e-03
   2  p1           1.00870e+00   2.60810e-02   3.30332e-05  -2.41486e-03
   3  p2           7.84892e-02   2.93646e-02   8.74024e-05  -2.36332e-03
   4  p3           2.76450e-01   3.72828e-01   4.68604e-05   1.30900e-03
   5  p4          -3.26884e-01   4.98459e-01   5.76081e-05   2.29301e-04
                               ERR DEF= 0.5
Analysis with a fixed bin for LowCut
Total integral = 1282
AoE_lowCut = 1820 -> 0.90975
CutIntegral = 1160
SF_dep = 0.904836
sigma_aoe = 0.0784892
 FCN=113.81 FROM MIGRAD    STATUS=CONVERGED     254 CALLS         255 TOTAL
                     EDM=1.97528e-07    STRATEGY= 1      ERROR MATRIX ACCURATE 
  EXT PARAMETER                                   STEP         FIRST   
  NO.   NAME      VALUE            ERROR          SIZE      DERIVATIVE 
   1  p0           6.30121e+01   3.08574e+00   1.80023e-02  -9.43903e-05
   2  p1           1.59337e+03   9.46264e-02   7.59777e-04   4.38048e-04
   3  p2           2.00381e+00   9.21533e-02   3.71680e-05  -6.80198e-02
   4  p3           8.04791e+01   3.56476e+00   2.11983e-02  -2.67385e-05
   5  p4           1.62174e+03   7.33665e-02   7.73304e-04  -2.53782e-03
   6  p5           1.72305e+00   6.55227e-02   2.93366e-05  -3.14590e-02
   7  p6           2.15631e+01   3.69303e-01   2.46708e-03  -8.95163e-04
                               ERR DEF= 0.5
AreaDEP_tot = 2959
Area_DEP_tot_psa = 2384
AreaDEP = 1372
Area_DEP_psa = 1236
Area_FEP_tot = 3259
Area_FEP_tot_psa = 2314
Area_FEP = 1576
Area_FEP_psa = 1044
Calculation of AoE vs E correction
 FCN=410.179 FROM MIGRAD    STATUS=CONVERGED     570 CALLS         571 TOTAL
                     EDM=1.05579e-08    STRATEGY= 1      ERROR MATRIX ACCURATE 
  EXT PARAMETER                                   STEP         FIRST   
  NO.   NAME      VALUE            ERROR          SIZE      DERIVATIVE 
   1  p0           4.58455e+01   1.24318e+00   1.06213e-03   3.28951e-05
   2  p1           1.02000e+00   2.77824e-05   7.37677e-04** at limit **
   3  p2           3.00000e-02   1.28339e-05   6.34186e-04** at limit **
   4  p3           5.28558e+01   2.06257e+00   1.45337e-02   8.61034e-06
   5  p4           6.73046e+00   1.27790e+00   1.62790e-03  -2.67187e-04
   6  p5           9.67179e-01   2.60031e-03   1.79089e-05  -1.52515e-02
   7  p6          -9.02807e-02   6.29410e-02   2.76949e-04   1.80794e-03
   8  p7           9.66764e-03   1.26833e-03   5.82580e-04  -1.39206e-03
                               ERR DEF= 0.5
 FCN=307.04 FROM MIGRAD    STATUS=CONVERGED     520 CALLS         521 TOTAL
                     EDM=5.35462e-08    STRATEGY= 1  ERROR MATRIX UNCERTAINTY   0.9 per cent
  EXT PARAMETER                                   STEP         FIRST   
  NO.   NAME      VALUE            ERROR          SIZE      DERIVATIVE 
   1  p0           3.91155e+01   1.16194e+00  -1.68996e-05  -1.47440e-05
   2  p1           1.02000e+00   3.48626e-05   2.59547e-06** at limit **
   3  p2           3.00000e-02   1.66239e-05  -5.86601e-07** at limit **
   4  p3           4.70906e+01   1.97420e+00  -8.72328e-03  -1.31095e-05
   5  p4           6.30912e+00   1.22380e+00   6.76084e-03  -5.10138e-05
   6  p5           9.70173e-01   2.62811e-03  -1.02006e-05  -1.53242e-02
   7  p6          -1.18893e-01   6.55752e-02   1.16766e-03  -1.57463e-03
   8  p7           9.17635e-03   1.44041e-03  -2.16717e-04  -1.38148e-04
                               ERR DEF= 0.5
 FCN=291.165 FROM MIGRAD    STATUS=CONVERGED     390 CALLS         391 TOTAL
                     EDM=7.86959e-07    STRATEGY= 1  ERROR MATRIX UNCERTAINTY   2.3 per cent
  EXT PARAMETER                                   STEP         FIRST   
  NO.   NAME      VALUE            ERROR          SIZE      DERIVATIVE 
   1  p0           3.47260e+01   1.10482e+00   6.22498e-05   3.10074e-03
   2  p1           1.02000e+00   3.88696e-05  -2.23334e-04** at limit **
   3  p2           3.00000e-02   1.52894e-05   5.93123e-05** at limit **
   4  p3           4.33065e+01   9.03259e-01   1.26624e-03   1.44008e-03
   5  p4           5.44074e+00   2.45621e-01   3.90518e-04  -1.10420e-02
   6  p5           9.67979e-01   1.96446e-03   7.86345e-07   1.38633e-01
   7  p6          -1.88451e-01   1.27583e-02   6.59430e-05   2.07704e-02
   8  p7           1.00491e-02   1.27600e-03  -1.51636e-04  -4.41553e-03
                               ERR DEF= 0.5
 FCN=146.921 FROM MIGRAD    STATUS=CONVERGED    1929 CALLS        1930 TOTAL
                     EDM=7.55768e-07    STRATEGY= 1  ERROR MATRIX UNCERTAINTY   5.0 per cent
  EXT PARAMETER                                   STEP         FIRST   
  NO.   NAME      VALUE            ERROR          SIZE      DERIVATIVE 
   1  p0           2.22000e+01   7.49198e-02   1.55073e-04** at limit **
   2  p1           9.80000e-01   1.69938e-03  -1.51674e-03** at limit **
   3  p2           3.00000e-02   5.55609e-04  -4.63417e-04** at limit **
   4  p3           2.11320e+01   1.94661e+00   1.73422e-04   8.80498e-04
   5  p4           2.04184e+01   2.06179e+00  -1.13526e-02   5.33951e-03
   6  p5           8.26710e-01   1.20421e-02   3.87460e-05   1.76172e-01
   7  p6          -7.04237e-10   1.05915e-02  -1.66971e-03** at limit **
   8  p7           4.46872e-02   3.48959e-03   5.00602e-04   1.06903e-01
                               ERR DEF= 0.5
 FCN=244.897 FROM MIGRAD    STATUS=FAILED       1198 CALLS        1199 TOTAL
                     EDM=153.153    STRATEGY= 1      ERR MATRIX NOT POS-DEF
  EXT PARAMETER                APPROXIMATE        STEP         FIRST   
  NO.   NAME      VALUE            ERROR          SIZE      DERIVATIVE 
   1  p0           2.68534e+01   1.97577e+01  -0.00000e+00   6.64336e+01
   2  p1           1.01998e+00   3.75142e-02  -0.00000e+00   3.67989e+00
   3  p2           2.99996e-02   2.32231e-02   0.00000e+00  -6.00967e-01
   4  p3           3.96773e+01   2.27274e+00  -0.00000e+00  -2.85596e+00
   5  p4           9.57974e+00   9.55050e+00  -0.00000e+00   1.38067e+01
   6  p5           9.72628e-01   1.64663e+01  -0.00000e+00   1.91156e+03
   7  p6          -1.02536e-02   9.59675e-01  -0.00000e+00   4.39484e+01
   8  p7           3.06317e-02   8.08789e-02   0.00000e+00  -9.96771e+01
                               ERR DEF= 0.5
 FCN=132.306 FROM MIGRAD    STATUS=CONVERGED    1415 CALLS        1416 TOTAL
                     EDM=8.72693e-08    STRATEGY= 1  ERROR MATRIX UNCERTAINTY   2.7 per cent
  EXT PARAMETER                                   STEP         FIRST   
  NO.   NAME      VALUE            ERROR          SIZE      DERIVATIVE 
   1  p0           2.34000e+01   2.46875e-01  -1.63838e-04** at limit **
   2  p1           1.00122e+00   1.70039e-03  -8.26186e-05   9.39499e-05
   3  p2           5.00000e-03   8.42865e-05   1.52970e-04** at limit **
   4  p3           4.87008e+01   1.80701e+00   1.37273e-03   1.27883e-04
   5  p4           1.33180e+01   8.73414e-01  -5.08934e-05   3.83766e-04
   6  p5           9.40605e-01   1.02320e-02  -5.52484e-07   2.47408e-02
   7  p6          -7.74489e-11   4.54006e-03   5.88751e-05** at limit **
   8  p7           4.35666e-02   1.41224e-03   4.86616e-05  -1.35681e-02
                               ERR DEF= 0.5
 FCN=241.596 FROM MIGRAD    STATUS=CONVERGED     781 CALLS         782 TOTAL
                     EDM=2.27109e-07    STRATEGY= 1      ERROR MATRIX ACCURATE 
  EXT PARAMETER                                   STEP         FIRST   
  NO.   NAME      VALUE            ERROR          SIZE      DERIVATIVE 
   1  p0           2.76660e+01   1.02540e+00   1.01417e-03   1.84016e-03
   2  p1           1.02000e+00   5.09597e-05   7.67144e-04** at limit **
   3  p2           3.00000e-02   2.32459e-05   6.55364e-04** at limit **
   4  p3           3.37413e+01   1.63567e+00   9.03701e-03  -1.62847e-05
   5  p4           8.48550e+00   1.96136e+00   2.07898e-03  -4.67478e-04
   6  p5           9.68442e-01   5.22458e-03   1.85405e-05   3.96457e-02
   7  p6          -2.89592e-02   5.58943e-02   4.35587e-04   2.47869e-03
   8  p7           1.15914e-02   2.41699e-03   5.14336e-04   5.99145e-03
                               ERR DEF= 0.5
 FCN=116.258 FROM MIGRAD    STATUS=CONVERGED    1323 CALLS        1324 TOTAL
                     EDM=7.69618e-07    STRATEGY= 1  ERROR MATRIX UNCERTAINTY   2.3 per cent
  EXT PARAMETER                                   STEP         FIRST   
  NO.   NAME      VALUE            ERROR          SIZE      DERIVATIVE 
   1  p0           2.16000e+01   2.56766e-01   5.55549e-05** at limit **
   2  p1           1.00312e+00   2.00478e-03  -8.81876e-05   5.18101e-03
   3  p2           5.00000e-03   1.12780e-04  -8.42288e-05** at limit **
   4  p3           4.40263e+01   1.99156e+00   1.77626e-03   2.48959e-04
   5  p4           1.44561e+01   9.90222e-01  -1.07408e-03   8.95580e-04
   6  p5           9.30039e-01   1.08002e-02   4.70047e-06   4.82753e-02
   7  p6          -8.08695e-10   4.48842e-03  -9.98931e-05** at limit **
   8  p7           4.36697e-02   1.41673e-03   1.69055e-05   4.28853e-02
                               ERR DEF= 0.5
 FCN=144.084 FROM MIGRAD    STATUS=CONVERGED    1062 CALLS        1063 TOTAL
                     EDM=5.40021e-08    STRATEGY= 1      ERROR MATRIX ACCURATE 
  EXT PARAMETER                                   STEP         FIRST   
  NO.   NAME      VALUE            ERROR          SIZE      DERIVATIVE 
   1  p0           2.04000e+01   8.92610e-02   1.09918e-03** at limit **
   2  p1           1.02000e+00   5.49578e-04   1.95316e-03** at limit **
   3  p2           3.00000e-02   2.89428e-04   1.79122e-03** at limit **
   4  p3           4.74619e+01   1.61717e+00   8.47664e-03   9.86794e-05
   5  p4           1.72014e+01   9.33522e-01   2.34515e-03  -4.86490e-04
   6  p5           9.11243e-01   6.32706e-03   1.69688e-05  -6.76225e-02
   7  p6          -1.40070e-11   2.47129e-03   8.25189e-04** at limit **
   8  p7           3.38265e-02   1.00681e-03   9.49297e-05  -4.09672e-03
                               ERR DEF= 0.5
 FCN=269.544 FROM MIGRAD    STATUS=CONVERGED     646 CALLS         647 TOTAL
                     EDM=5.77991e-08    STRATEGY= 1      ERROR MATRIX ACCURATE 
  EXT PARAMETER                                   STEP         FIRST   
  NO.   NAME      VALUE            ERROR          SIZE      DERIVATIVE 
   1  p0           3.11208e+01   1.16089e+00   1.00276e-03   6.97186e-04
   2  p1           1.02000e+00   5.01477e-05   8.03726e-04** at limit **
   3  p2           3.00000e-02   2.17999e-05   6.70286e-04** at limit **
   4  p3           4.07887e+01   1.53540e+00   1.09507e-02   3.60735e-05
   5  p4           6.93116e+00   1.74743e+00   1.33924e-03  -1.26744e-03
   6  p5           9.65395e-01   4.83509e-03   1.80950e-05  -2.15824e-02
   7  p6          -1.20031e-01   7.53778e-02   1.92616e-04   8.67995e-03
   8  p7           1.25107e-02   2.77811e-03   5.77964e-04   5.69820e-04
                               ERR DEF= 0.5
 FCN=137.556 FROM MIGRAD    STATUS=CONVERGED    1070 CALLS        1071 TOTAL
                     EDM=3.61389e-08    STRATEGY= 1  ERROR MATRIX UNCERTAINTY   1.1 per cent
  EXT PARAMETER                                   STEP         FIRST   
  NO.   NAME      VALUE            ERROR          SIZE      DERIVATIVE 
   1  p0           2.10000e+01   2.30427e-01   4.50762e-04** at limit **
   2  p1           1.01106e+00   1.79457e-03  -8.89778e-06   1.19553e-03
   3  p2           5.00000e-03   8.07629e-05  -1.27129e-04** at limit **
   4  p3           4.62661e+01   2.25682e+00  -7.72492e-05   9.84068e-05
   5  p4           1.58645e+01   1.07434e+00   1.00033e-04   4.46484e-04
   6  p5           9.11859e-01   1.02029e-02  -1.60809e-06   2.24920e-03
   7  p6          -3.73379e-11   3.81896e-03   6.01248e-04** at limit **
   8  p7           4.34796e-02   1.38490e-03   1.35836e-05   1.42558e-02
                               ERR DEF= 0.5
 FCN=177.365 FROM MIGRAD    STATUS=CONVERGED     890 CALLS         891 TOTAL
                     EDM=3.44105e-07    STRATEGY= 1      ERROR MATRIX ACCURATE 
  EXT PARAMETER                                   STEP         FIRST   
  NO.   NAME      VALUE            ERROR          SIZE      DERIVATIVE 
   1  p0           2.46000e+01   7.62357e-02   1.02564e-03** at limit **
   2  p1           1.02000e+00   5.18990e-04   2.10287e-03** at limit **
   3  p2           3.00000e-02   1.59621e-04   1.47432e-03** at limit **
   4  p3           4.65888e+01   1.51517e+00   9.60368e-03  -1.73833e-04
   5  p4           1.60710e+01   8.77461e-01   2.73409e-03   9.80586e-04
   6  p5           9.19771e-01   6.26989e-03   1.90240e-05   9.84561e-02
   7  p6          -8.47696e-11   2.65945e-03   9.52655e-04** at limit **
   8  p7           3.24881e-02   1.05699e-03   1.29216e-04  -9.99641e-05
                               ERR DEF= 0.5
 FCN=139.06 FROM MIGRAD    STATUS=CONVERGED    1130 CALLS        1131 TOTAL
                     EDM=4.55666e-08    STRATEGY= 1  ERROR MATRIX UNCERTAINTY   2.4 per cent
  EXT PARAMETER                                   STEP         FIRST   
  NO.   NAME      VALUE            ERROR          SIZE      DERIVATIVE 
   1  p0           2.40000e+01   8.26806e-02  -1.61644e-05** at limit **
   2  p1           1.02000e+00   5.64824e-04   2.42672e-05** at limit **
   3  p2           3.00000e-02   2.31065e-04  -6.48567e-05** at limit **
   4  p3           5.24159e+01   1.61409e+00   2.04044e-03  -7.50995e-06
   5  p4           1.61421e+01   8.36097e-01   1.30422e-03   8.78597e-04
   6  p5           9.18099e-01   6.11403e-03  -5.80035e-06   9.80898e-02
   7  p6          -4.60298e-13   1.98779e-03  -1.74757e-04** at limit **
   8  p7           3.45310e-02   9.81717e-04   4.43599e-05  -1.12905e-02
                               ERR DEF= 0.5
 FCN=192.679 FROM MIGRAD    STATUS=CONVERGED     937 CALLS         938 TOTAL
                     EDM=7.85436e-07    STRATEGY= 1  ERROR MATRIX UNCERTAINTY   2.2 per cent
  EXT PARAMETER                                   STEP         FIRST   
  NO.   NAME      VALUE            ERROR          SIZE      DERIVATIVE 
   1  p0           2.76000e+01   7.72548e-02  -4.00441e-04** at limit **
   2  p1           1.02000e+00   3.98686e-04   8.58040e-04** at limit **
   3  p2           3.00000e-02   1.73308e-04  -1.32118e-04** at limit **
   4  p3           5.94227e+01   1.77310e+00  -2.89651e-03  -1.79043e-04
   5  p4           1.71195e+01   8.22174e-01  -4.17856e-03   1.27719e-03
   6  p5           9.12654e-01   5.65844e-03   2.23750e-05   2.83390e-01
   7  p6          -1.47000e-10   1.51376e-03  -2.20695e-04** at limit **
   8  p7           3.46246e-02   9.21933e-04   9.86842e-05   1.53852e-02
                               ERR DEF= 0.5
 FCN=150.712 FROM MIGRAD    STATUS=CONVERGED    1191 CALLS        1192 TOTAL
                     EDM=7.80802e-07    STRATEGY= 1  ERROR MATRIX UNCERTAINTY   2.5 per cent
  EXT PARAMETER                                   STEP         FIRST   
  NO.   NAME      VALUE            ERROR          SIZE      DERIVATIVE 
   1  p0           3.00000e+01   9.15752e-02   1.04506e-05** at limit **
   2  p1           1.02000e+00   4.28131e-04   2.83151e-04** at limit **
   3  p2           3.00000e-02   2.33151e-04   4.96135e-04** at limit **
   4  p3           6.90085e+01   1.97675e+00  -3.84478e-03  -8.74736e-05
   5  p4           1.77278e+01   7.88805e-01  -1.00296e-03  -5.23177e-04
   6  p5           9.15356e-01   5.17454e-03   1.81204e-06   8.24714e-02
   7  p6          -4.51193e-10   1.23924e-03   7.89584e-05** at limit **
   8  p7           3.34783e-02   8.34797e-04   1.89275e-05  -3.58830e-02
                               ERR DEF= 0.5
 FCN=144.112 FROM MIGRAD    STATUS=CONVERGED    1144 CALLS        1145 TOTAL
                     EDM=3.91702e-07    STRATEGY= 1  ERROR MATRIX UNCERTAINTY   1.6 per cent
  EXT PARAMETER                                   STEP         FIRST   
  NO.   NAME      VALUE            ERROR          SIZE      DERIVATIVE 
   1  p0           3.60000e+01   2.68865e-01   2.98250e-05** at limit **
   2  p1           9.91465e-01   2.52494e-03   8.92730e-04  -1.33042e-03
   3  p2           5.00000e-03   7.29832e-05  -4.49765e-04** at limit **
   4  p3           8.29467e+01   3.00656e+00   7.74729e-03   2.75072e-04
   5  p4           1.85397e+01   8.45008e-01  -1.29836e-04   2.03733e-03
   6  p5           9.15356e-01   6.20041e-03  -1.80621e-06  -1.51693e-02
   7  p6          -4.47569e-11   4.17164e-03  -5.35886e-04** at limit **
   8  p7           3.80543e-02   8.83281e-04  -2.64777e-06  -5.95193e-02
                               ERR DEF= 0.5

****************************************
Minimizer is Linear
Chi2                      =      898.724
NDf                       =           14
p0                        =      1.02003   +/-   5.97382e-05 
p1                        = -3.17932e-08   +/-   4.95455e-08 
Calculation of survival fraction for 2104
 FCN=153.134 FROM MIGRAD    STATUS=CONVERGED     104 CALLS         105 TOTAL
                     EDM=1.22693e-07    STRATEGY= 1      ERROR MATRIX ACCURATE 
  EXT PARAMETER                                   STEP         FIRST   
  NO.   NAME      VALUE            ERROR          SIZE      DERIVATIVE 
   1  p0           1.91091e+02   4.50630e+00   3.08373e-02   7.58458e-06
   2  p1           2.10448e+03   5.07600e-02   1.00349e-03  -5.87373e-05
   3  p2           2.32794e+00   4.48106e-02   1.99950e-05  -1.13937e-02
   4  p3           3.42372e+01   3.67977e-01   3.04771e-03  -9.51708e-04
                               ERR DEF= 0.5
Area_tot = 6154
Area_tot_psa = 3897
Area = 3605
Area_psa = 1989
 FCN=146.1 FROM MIGRAD    STATUS=CONVERGED     106 CALLS         107 TOTAL
                     EDM=9.48853e-08    STRATEGY= 1      ERROR MATRIX ACCURATE 
  EXT PARAMETER                                   STEP         FIRST   
  NO.   NAME      VALUE            ERROR          SIZE      DERIVATIVE 
   1  p0           1.06050e+02   3.48573e+00   2.32182e-02   6.59516e-05
   2  p1           2.10437e+03   7.22475e-02   1.00344e-03  -3.03815e-03
   3  p2           2.33604e+00   6.58847e-02   2.85116e-05   2.99860e-02
   4  p3           2.54294e+01   3.18028e-01   2.56085e-03   4.75174e-04
                               ERR DEF= 0.5
Calculation of survival fraction for 2614.5
 FCN=543.252 FROM MIGRAD    STATUS=CONVERGED     137 CALLS         138 TOTAL
                     EDM=6.77593e-10    STRATEGY= 1      ERROR MATRIX ACCURATE 
  EXT PARAMETER                                   STEP         FIRST   
  NO.   NAME      VALUE            ERROR          SIZE      DERIVATIVE 
   1  p0           1.74544e+03   1.17316e+01   1.52610e-01  -2.36691e-06
   2  p1           2.61451e+03   1.28894e-02   1.24669e-03  -4.17475e-04
   3  p2           2.34248e+00   9.57270e-03   8.18402e-06  -4.49651e-02
   4  p3           3.86694e+00   1.40300e-01   2.24255e-03  -3.31839e-05
                               ERR DEF= 0.5
Area_tot = 34521
Area_tot_psa = 23979
Area = 34179
Area_psa = 23758
 FCN=375.095 FROM MIGRAD    STATUS=CONVERGED     115 CALLS         116 TOTAL
                     EDM=3.39781e-07    STRATEGY= 1      ERROR MATRIX ACCURATE 
  EXT PARAMETER                                   STEP         FIRST   
  NO.   NAME      VALUE            ERROR          SIZE      DERIVATIVE 
   1  p0           1.20075e+03   9.67861e+00   1.04626e-01   3.92054e-05
   2  p1           2.61440e+03   1.56105e-02   1.24665e-03  -3.27642e-03
   3  p2           2.36751e+00   1.15982e-02   8.19426e-06   3.97960e-01
   4  p3           2.20518e+00   1.12895e-01   1.50114e-03  -4.11160e-03
                               ERR DEF= 0.5
Calculation of survival fraction background at 2039
Area = 7408
Area_psa = 5509
Calculation of survival fraction background at 2380
Area = 3261
Area_psa = 2454
