
[1mRooFit v3.60 -- Developed by Wouter Verkerke and David Kirkby[0m 
                Copyright (C) 2000-2013 NIKHEF, University of California & Stanford University
                All rights reserved, please read http://roofit.sourceforge.net/license.txt

Using file /nfs/gerda6/users/burlac/psd/analysis/run0098-cal_dplms_10.tier.root
Analizing channel 24
DPLMS analysis with weight 10
Total events = 17201607
event n.1000000
event n.2000000
event n.3000000
event n.4000000
event n.5000000
event n.6000000
event n.7000000
event n.8000000
event n.9000000
event n.10000000
event n.11000000
event n.12000000
event n.13000000
event n.14000000
event n.15000000
event n.16000000
event n.17000000
Selected events: 129576
The time to read waveforms: 33.31 s
Initialization of DEP&FEP background  = 16.5
 FCN=145.887 FROM MIGRAD    STATUS=CONVERGED     165 CALLS         166 TOTAL
                     EDM=2.94937e-08    STRATEGY= 1  ERROR MATRIX UNCERTAINTY   3.1 per cent
  EXT PARAMETER                                   STEP         FIRST   
  NO.   NAME      VALUE            ERROR          SIZE      DERIVATIVE 
   1  p0           1.28608e+02   5.28192e+00   4.16119e-03  -2.30602e-05
   2  p1           1.59244e+03   4.04250e-02   1.67125e-05   2.12611e-03
   3  p2           1.05780e+00   3.69859e-02  -2.22493e-06  -8.11360e-03
   4  p3           7.44676e+01   3.60078e+00   1.17035e-03   3.24459e-05
   5  p4           1.62068e+03   5.86152e-02   7.20212e-05   5.03910e-04
   6  p5           1.08069e+00   4.03936e-02  -6.59754e-07  -2.44672e-02
   7  p6           1.65952e+01   2.98532e-01   1.45588e-04  -3.40450e-04
                               ERR DEF= 0.5
mean_aoe = 0.1487
AoE: max = 1.34851 max = 0.0782339
 FCN=3.01648 FROM MIGRAD    STATUS=CONVERGED     401 CALLS         402 TOTAL
                     EDM=5.39612e-08    STRATEGY= 1  ERROR MATRIX UNCERTAINTY   1.0 per cent
  EXT PARAMETER                                   STEP         FIRST   
  NO.   NAME      VALUE            ERROR          SIZE      DERIVATIVE 
   1  p0           8.28847e-01   3.39630e-01   2.40956e-05  -3.35476e-04
   2  p1           1.00112e+00   1.83701e-03  -8.51290e-06  -9.83053e-02
   3  p2           5.14357e-03   1.35109e-03  -4.31835e-05   9.55552e-03
   4  p3           3.57535e-03   2.68937e-03   1.21783e-05   1.92488e+00
   5  p4           2.98585e-03   2.24420e-03   1.01625e-05  -2.34943e+00
                               ERR DEF= 0.5
AoE_lowCut = 0.990832
 FCN=132.067 FROM MIGRAD    STATUS=CONVERGED     171 CALLS         172 TOTAL
                     EDM=2.94407e-06    STRATEGY= 1      ERROR MATRIX ACCURATE 
  EXT PARAMETER                                   STEP         FIRST   
  NO.   NAME      VALUE            ERROR          SIZE      DERIVATIVE 
   1  p0           1.19066e+02   4.98887e+00   3.10239e-02  -2.09201e-04
   2  p1           1.59248e+03   3.91672e-02   7.59351e-04   7.10484e-03
   3  p2           1.07032e+00   3.51027e-02   2.08848e-05   2.29595e-01
   4  p3           1.45712e+01   2.18764e+00   1.42883e-02   5.22984e-05
   5  p4           1.62050e+03   1.71224e-01   1.32126e-03   1.11562e-03
   6  p5           1.07838e+00   1.45606e-01   8.93010e-05  -1.69362e-02
   7  p6           8.18105e+00   2.15029e-01   1.63202e-03   9.42487e-05
                               ERR DEF= 0.5
AreaDEP_tot = 1743
Area_DEP_tot_psa = 1389
AreaDEP = 1227
Area_DEP_psa = 1079
Area_FEP_tot = 1240
Area_FEP_tot_psa = 420
Area_FEP = 621
Area_FEP_psa = 98
Calculation of AoE vs E correction
 FCN=122.571 FROM MIGRAD    STATUS=CONVERGED     795 CALLS         796 TOTAL
                     EDM=6.62431e-09    STRATEGY= 1  ERROR MATRIX UNCERTAINTY   1.6 per cent
  EXT PARAMETER                                   STEP         FIRST   
  NO.   NAME      VALUE            ERROR          SIZE      DERIVATIVE 
   1  p0           1.32537e+02   4.94778e+00   1.80277e-04  -4.50758e-04
   2  p1           1.00113e+00   2.84891e-04  -4.68349e-06   1.28623e-03
   3  p2           8.22715e-03   2.80463e-04  -3.25215e-05   1.99364e-03
   4  p3           2.53400e+01   1.35207e+00  -1.27535e-03  -9.40103e-07
   5  p4           7.22012e+00   4.11541e-01  -3.75601e-04   1.46256e-04
   6  p5           1.00225e+00   3.81989e-03  -1.61847e-07   9.99595e-03
   7  p6          -2.15878e-11   1.10737e-02  -6.45001e-05** at limit **
   8  p7           1.52127e-02   1.21387e-03   3.24630e-05  -4.45012e-04
                               ERR DEF= 0.5
 FCN=134.976 FROM MIGRAD    STATUS=CONVERGED     960 CALLS         961 TOTAL
                     EDM=7.2955e-07    STRATEGY= 1  ERROR MATRIX UNCERTAINTY   0.2 per cent
  EXT PARAMETER                                   STEP         FIRST   
  NO.   NAME      VALUE            ERROR          SIZE      DERIVATIVE 
   1  p0           1.33501e+02   5.02401e+00  -4.25367e-06  -5.75880e-04
   2  p1           1.00062e+00   2.69829e-04   9.32578e-06   2.07866e-03
   3  p2           7.71742e-03   2.62223e-04  -3.03377e-05  -3.93930e-03
   4  p3           1.94808e+01   1.15393e+00   6.21428e-03  -1.48651e-03
   5  p4           7.16803e+00   4.68045e-01   3.84805e-03   4.61629e-03
   6  p5           9.99069e-01   4.54439e-03  -1.26957e-05   1.83247e-01
   7  p6          -4.54445e-09   2.11088e-02  -5.42015e-03** at limit **
   8  p7           1.56890e-02   1.44992e-03   3.97477e-05   8.91848e-05
                               ERR DEF= 0.5
 FCN=109.078 FROM MIGRAD    STATUS=CONVERGED     999 CALLS        1000 TOTAL
                     EDM=5.66265e-08    STRATEGY= 1  ERROR MATRIX UNCERTAINTY   1.7 per cent
  EXT PARAMETER                                   STEP         FIRST   
  NO.   NAME      VALUE            ERROR          SIZE      DERIVATIVE 
   1  p0           1.35230e+02   5.38711e+00  -4.27008e-05  -1.55899e-03
   2  p1           1.00041e+00   2.41444e-04   1.13294e-05   6.38718e-03
   3  p2           6.52849e-03   2.24621e-04   3.29007e-05  -9.10458e-03
   4  p3           2.00021e+01   1.17617e+00   6.16179e-04  -2.36835e-04
   5  p4           8.61424e+00   4.93219e-01   3.96716e-04   6.20139e-04
   6  p5           9.98986e-01   3.89029e-03   3.58119e-07   3.51716e-03
   7  p6          -1.64269e-12   9.48689e-03  -3.74715e-04** at limit **
   8  p7           1.44860e-02   1.23705e-03  -2.51370e-05   4.25192e-03
                               ERR DEF= 0.5
 FCN=135.045 FROM MIGRAD    STATUS=CONVERGED    1031 CALLS        1032 TOTAL
                     EDM=4.1747e-07    STRATEGY= 1  ERROR MATRIX UNCERTAINTY   1.8 per cent
  EXT PARAMETER                                   STEP         FIRST   
  NO.   NAME      VALUE            ERROR          SIZE      DERIVATIVE 
   1  p0           1.40374e+02   5.44245e+00  -3.04939e-04   8.60994e-04
   2  p1           1.00013e+00   2.34025e-04  -3.35958e-05  -2.96877e-04
   3  p2           6.52565e-03   2.05713e-04   2.80651e-06  -2.11935e-03
   4  p3           1.67526e+01   1.00795e+00   3.95656e-03  -1.17448e-03
   5  p4           7.39012e+00   5.12409e-01   1.84782e-03   3.03567e-03
   6  p5           9.96829e-01   4.26377e-03  -5.56068e-06   1.13119e-01
   7  p6          -2.13463e-09   1.12168e-02  -1.79948e-03** at limit **
   8  p7           1.81706e-02   1.45738e-03  -1.29406e-05  -3.04189e-03
                               ERR DEF= 0.5
 FCN=128.203 FROM MIGRAD    STATUS=CONVERGED    1031 CALLS        1032 TOTAL
                     EDM=8.76644e-08    STRATEGY= 1  ERROR MATRIX UNCERTAINTY   2.6 per cent
  EXT PARAMETER                                   STEP         FIRST   
  NO.   NAME      VALUE            ERROR          SIZE      DERIVATIVE 
   1  p0           1.51760e+02   6.38373e+00  -6.46336e-04  -8.70538e-04
   2  p1           1.00043e+00   2.06453e-04   6.06498e-06  -1.60691e-02
   3  p2           5.37735e-03   1.81897e-04   1.74525e-04  -4.62962e-03
   4  p3           2.20590e+01   1.21582e+00   3.85401e-04  -4.55483e-04
   5  p4           9.21398e+00   4.91975e-01   4.59620e-05   7.62922e-04
   6  p5           1.00104e+00   2.89832e-03   1.09839e-07   1.01544e-02
   7  p6          -4.11974e-11   4.00591e-03  -6.41779e-04** at limit **
   8  p7           1.33181e-02   9.95937e-04  -3.48335e-05  -4.69504e-04
                               ERR DEF= 0.5
 FCN=115.748 FROM MIGRAD    STATUS=CONVERGED    1134 CALLS        1135 TOTAL
                     EDM=6.65606e-08    STRATEGY= 1  ERROR MATRIX UNCERTAINTY   1.6 per cent
  EXT PARAMETER                                   STEP         FIRST   
  NO.   NAME      VALUE            ERROR          SIZE      DERIVATIVE 
   1  p0           1.40891e+02   5.92928e+00  -3.21430e-04   1.46530e-03
   2  p1           9.99797e-01   2.19360e-04   4.26430e-05   1.65889e-02
   3  p2           5.70380e-03   2.04965e-04  -9.66382e-05  -4.23108e-04
   4  p3           1.93310e+01   1.17624e+00  -2.66282e-03   1.45522e-04
   5  p4           8.35136e+00   4.99864e-01  -1.37948e-03  -1.23706e-05
   6  p5           1.00064e+00   3.24338e-03  -4.74045e-06  -3.40082e-02
   7  p6          -1.09316e-11   6.78686e-03  -4.42830e-04** at limit **
   8  p7           1.28457e-02   1.10143e-03  -2.12252e-05  -6.06389e-04
                               ERR DEF= 0.5
 FCN=134.94 FROM MIGRAD    STATUS=CONVERGED    1032 CALLS        1033 TOTAL
                     EDM=5.10218e-07    STRATEGY= 1  ERROR MATRIX UNCERTAINTY   1.7 per cent
  EXT PARAMETER                                   STEP         FIRST   
  NO.   NAME      VALUE            ERROR          SIZE      DERIVATIVE 
   1  p0           1.41935e+02   6.36646e+00   5.24767e-04   2.27055e-03
   2  p1           9.99633e-01   2.08330e-04  -1.72150e-05  -2.62004e-03
   3  p2           5.13322e-03   1.85388e-04  -4.38557e-04   5.61534e-03
   4  p3           1.98877e+01   1.12237e+00  -1.37522e-03   2.72893e-04
   5  p4           9.82397e+00   5.40116e-01  -1.74611e-04  -8.88227e-04
   6  p5           9.95659e-01   3.35755e-03   7.81859e-06   1.89300e-02
   7  p6          -4.43158e-09   5.67791e-03  -9.07841e-05** at limit **
   8  p7           1.43255e-02   1.08226e-03  -1.33342e-04  -4.03660e-03
                               ERR DEF= 0.5
 FCN=152.423 FROM MIGRAD    STATUS=CONVERGED    1093 CALLS        1094 TOTAL
                     EDM=3.41075e-07    STRATEGY= 1  ERROR MATRIX UNCERTAINTY   2.1 per cent
  EXT PARAMETER                                   STEP         FIRST   
  NO.   NAME      VALUE            ERROR          SIZE      DERIVATIVE 
   1  p0           1.54499e+02   5.64184e+00   3.98501e-04  -1.50967e-03
   2  p1           9.99038e-01   1.94664e-04  -9.57814e-06   2.17015e-02
   3  p2           5.00000e-03   7.02971e-05   1.33656e-04** at limit **
   4  p3           2.79485e+01   1.40244e+00   2.47053e-03  -5.12055e-05
   5  p4           1.16157e+01   5.13145e-01   2.98237e-04   2.16875e-04
   6  p5           9.97086e-01   2.17604e-03   4.31388e-06   1.62950e-01
   7  p6          -1.79676e-10   1.22639e-03   8.54270e-05** at limit **
   8  p7           1.10022e-02   7.25868e-04  -6.71854e-05   2.40856e-03
                               ERR DEF= 0.5
 FCN=150.44 FROM MIGRAD    STATUS=CONVERGED    1092 CALLS        1093 TOTAL
                     EDM=2.45865e-07    STRATEGY= 1  ERROR MATRIX UNCERTAINTY   1.7 per cent
  EXT PARAMETER                                   STEP         FIRST   
  NO.   NAME      VALUE            ERROR          SIZE      DERIVATIVE 
   1  p0           1.50373e+02   5.21591e+00   1.24172e-04  -2.23679e-03
   2  p1           9.98796e-01   1.94564e-04   3.50348e-06  -2.73996e-02
   3  p2           5.00000e-03   3.08295e-05  -6.14850e-05** at limit **
   4  p3           2.90724e+01   1.36913e+00   1.52865e-03   2.00757e-04
   5  p4           1.15268e+01   4.88955e-01   1.78793e-03   1.49724e-04
   6  p5           9.92503e-01   2.23052e-03  -4.76622e-06   6.47864e-02
   7  p6          -4.32243e-11   1.93411e-03  -5.39724e-04** at limit **
   8  p7           1.20391e-02   7.42856e-04   7.82973e-05  -1.19927e-02
                               ERR DEF= 0.5
 FCN=150.549 FROM MIGRAD    STATUS=CONVERGED    1181 CALLS        1182 TOTAL
                     EDM=3.28339e-07    STRATEGY= 1  ERROR MATRIX UNCERTAINTY   2.1 per cent
  EXT PARAMETER                                   STEP         FIRST   
  NO.   NAME      VALUE            ERROR          SIZE      DERIVATIVE 
   1  p0           1.66229e+02   5.73733e+00  -1.70831e-04   3.89435e-03
   2  p1           9.98927e-01   1.80531e-04  -7.77328e-06   2.31686e-03
   3  p2           5.00000e-03   2.50555e-05   5.25197e-05** at limit **
   4  p3           3.34498e+01   1.46940e+00   2.27222e-03  -2.23937e-04
   5  p4           1.27936e+01   5.05824e-01   1.11789e-03   1.28053e-03
   6  p5           9.88968e-01   2.31481e-03  -2.93441e-06   2.97956e-01
   7  p6          -3.08975e-10   2.06207e-03  -1.43089e-04** at limit **
   8  p7           1.24474e-02   7.07102e-04   2.12005e-05  -2.23064e-03
                               ERR DEF= 0.5
 FCN=161.79 FROM MIGRAD    STATUS=CONVERGED    1225 CALLS        1226 TOTAL
                     EDM=2.9472e-07    STRATEGY= 1  ERROR MATRIX UNCERTAINTY   2.2 per cent
  EXT PARAMETER                                   STEP         FIRST   
  NO.   NAME      VALUE            ERROR          SIZE      DERIVATIVE 
   1  p0           1.68942e+02   5.75609e+00  -2.47773e-05  -2.79450e-03
   2  p1           9.98410e-01   1.82013e-04   2.27768e-06  -4.15305e-03
   3  p2           5.00000e-03   2.69788e-05   2.52719e-05** at limit **
   4  p3           3.12793e+01   1.44755e+00   8.72975e-04   1.52211e-04
   5  p4           1.21160e+01   5.14335e-01   8.74181e-04  -9.14660e-04
   6  p5           9.92168e-01   2.24935e-03  -2.34475e-06  -3.51466e-01
   7  p6          -1.25783e-09   2.77724e-03   7.03256e-05** at limit **
   8  p7           1.17795e-02   7.23041e-04  -7.12583e-06  -1.83605e-02
                               ERR DEF= 0.5
 FCN=165.81 FROM MIGRAD    STATUS=CONVERGED    1186 CALLS        1187 TOTAL
                     EDM=2.52914e-07    STRATEGY= 1      ERROR MATRIX ACCURATE 
  EXT PARAMETER                                   STEP         FIRST   
  NO.   NAME      VALUE            ERROR          SIZE      DERIVATIVE 
   1  p0           1.62900e+02   5.83722e+00   8.45609e-04   1.70411e-03
   2  p1           9.98189e-01   1.87438e-04   8.23348e-05   1.00324e-02
   3  p2           5.00000e-03   3.80427e-05   6.94949e-04** at limit **
   4  p3           3.01503e+01   1.44850e+00   7.91397e-03   2.94234e-04
   5  p4           1.17255e+01   4.98893e-01   2.50521e-03  -1.26468e-03
   6  p5           9.94811e-01   2.04981e-03   1.25549e-05  -1.25203e-02
   7  p6          -1.17466e-10   1.89629e-03   7.75580e-04** at limit **
   8  p7           1.06015e-02   6.80011e-04   2.17300e-04   5.06744e-03
                               ERR DEF= 0.5
 FCN=169.237 FROM MIGRAD    STATUS=CONVERGED    1214 CALLS        1215 TOTAL
                     EDM=1.98861e-07    STRATEGY= 1  ERROR MATRIX UNCERTAINTY   2.6 per cent
  EXT PARAMETER                                   STEP         FIRST   
  NO.   NAME      VALUE            ERROR          SIZE      DERIVATIVE 
   1  p0           1.88880e+02   5.82958e+00   2.18946e-04   5.73429e-03
   2  p1           9.97710e-01   1.69713e-04  -1.25275e-05  -2.33449e-02
   3  p2           5.00000e-03   4.74471e-05   3.03246e-04** at limit **
   4  p3           3.36121e+01   1.39293e+00  -5.83702e-03   4.43637e-04
   5  p4           1.16431e+01   4.41015e-01  -1.36206e-03  -2.45609e-03
   6  p5           9.91715e-01   1.92720e-03   8.28771e-06  -1.44656e-01
   7  p6          -1.48910e-08   7.04328e-04  -9.39776e-05** at limit **
   8  p7           1.15741e-02   6.64925e-04  -4.95377e-05  -3.36812e-04
                               ERR DEF= 0.5
 FCN=208.148 FROM MIGRAD    STATUS=CONVERGED    1092 CALLS        1093 TOTAL
                     EDM=1.57004e-08    STRATEGY= 1  ERROR MATRIX UNCERTAINTY   2.4 per cent
  EXT PARAMETER                                   STEP         FIRST   
  NO.   NAME      VALUE            ERROR          SIZE      DERIVATIVE 
   1  p0           2.26723e+02   6.68217e+00   4.53114e-06   1.24261e-03
   2  p1           9.97607e-01   1.53721e-04   4.22212e-06  -7.90258e-03
   3  p2           5.00000e-03   1.47554e-05   8.81337e-05** at limit **
   4  p3           3.85301e+01   1.62986e+00  -1.64017e-03   8.31233e-05
   5  p4           1.24811e+01   4.74505e-01  -2.93923e-04  -1.74529e-04
   6  p5           9.90646e-01   1.97087e-03   9.68180e-07  -3.69982e-02
   7  p6          -1.86051e-12   1.29842e-03   8.18824e-06** at limit **
   8  p7           1.21938e-02   6.30325e-04  -3.06036e-05  -1.69587e-03
                               ERR DEF= 0.5
 FCN=195.526 FROM MIGRAD    STATUS=CONVERGED    1087 CALLS        1088 TOTAL
                     EDM=8.89993e-07    STRATEGY= 1  ERROR MATRIX UNCERTAINTY   1.8 per cent
  EXT PARAMETER                                   STEP         FIRST   
  NO.   NAME      VALUE            ERROR          SIZE      DERIVATIVE 
   1  p0           2.61173e+02   7.38746e+00  -3.23223e-04   3.19869e-03
   2  p1           9.97504e-01   1.44644e-04  -1.85325e-06   2.16027e-02
   3  p2           5.00000e-03   1.38554e-05   1.35623e-04** at limit **
   4  p3           4.54168e+01   1.78660e+00  -4.87001e-03  -8.11618e-04
   5  p4           1.31097e+01   4.06551e-01  -1.31888e-03   3.67362e-03
   6  p5           9.93832e-01   1.64104e-03  -1.01009e-06   5.64094e-01
   7  p6          -4.66467e-10   8.52319e-04   1.10343e-04** at limit **
   8  p7           1.04470e-02   5.39686e-04   1.62203e-04   3.31998e-02
                               ERR DEF= 0.5
 FCN=237.275 FROM MIGRAD    STATUS=CONVERGED    1124 CALLS        1125 TOTAL
                     EDM=2.25543e-08    STRATEGY= 1  ERROR MATRIX UNCERTAINTY   0.6 per cent
  EXT PARAMETER                                   STEP         FIRST   
  NO.   NAME      VALUE            ERROR          SIZE      DERIVATIVE 
   1  p0           3.15599e+02   7.73515e+00   1.60410e-05  -1.01298e-03
   2  p1           9.97379e-01   1.28366e-04  -7.20502e-06   1.98124e-03
   3  p2           5.00000e-03   1.19304e-05   1.52687e-05** at limit **
   4  p3           4.81126e+01   1.86579e+00  -3.00720e-03   2.89585e-05
   5  p4           1.32602e+01   4.70432e-01  -1.26026e-04   9.18705e-05
   6  p5           9.90672e-01   1.93571e-03  -9.55033e-07   9.23587e-02
   7  p6          -1.24567e-13   9.28419e-04   2.31058e-06** at limit **
   8  p7           1.31814e-02   5.87311e-04   1.61500e-05   5.38526e-03
                               ERR DEF= 0.5

****************************************
Minimizer is Linear
Chi2                      =      13.6535
NDf                       =           14
p0                        =      1.00361   +/-   0.000210669 
p1                        = -2.64719e-06   +/-   1.09479e-07 
Calculation of survival fraction for 2104
 FCN=161.486 FROM MIGRAD    STATUS=CONVERGED     103 CALLS         104 TOTAL
                     EDM=5.21564e-08    STRATEGY= 1      ERROR MATRIX ACCURATE 
  EXT PARAMETER                                   STEP         FIRST   
  NO.   NAME      VALUE            ERROR          SIZE      DERIVATIVE 
   1  p0           1.22382e+02   4.38102e+00   3.04938e-02   1.88738e-05
   2  p1           2.10330e+03   5.09766e-02   1.00293e-03   2.24570e-03
   3  p2           1.55714e+00   4.59511e-02   2.55019e-05  -2.41262e-02
   4  p3           1.85038e+01   2.65650e-01   2.28344e-03   4.15769e-04
                               ERR DEF= 0.5
Area_tot = 2504
Area_tot_psa = 678
Area = 1602
Area_psa = 251
 FCN=142.353 FROM MIGRAD    STATUS=CONVERGED      91 CALLS          92 TOTAL
                     EDM=2.99645e-07    STRATEGY= 1      ERROR MATRIX ACCURATE 
  EXT PARAMETER                                   STEP         FIRST   
  NO.   NAME      VALUE            ERROR          SIZE      DERIVATIVE 
   1  p0           1.87837e+01   2.19110e+00   1.42034e-02   1.08945e-04
   2  p1           2.10316e+03   1.58197e-01   1.30205e-03   7.28986e-04
   3  p2           1.37661e+00   1.57331e-01   8.61846e-05  -2.31926e-02
   4  p3           9.02473e+00   1.86509e-01   1.49446e-03  -1.27597e-03
                               ERR DEF= 0.5
Calculation of survival fraction for 2614.5
 FCN=256.602 FROM MIGRAD    STATUS=CONVERGED     163 CALLS         164 TOTAL
                     EDM=6.99649e-08    STRATEGY= 1      ERROR MATRIX ACCURATE 
  EXT PARAMETER                                   STEP         FIRST   
  NO.   NAME      VALUE            ERROR          SIZE      DERIVATIVE 
   1  p0           1.16440e+03   1.32509e+01   1.18731e-01  -1.18244e-05
   2  p1           2.61468e+03   1.13232e-02   1.24678e-03  -5.72235e-03
   3  p2           1.21740e+00   8.31303e-03   6.77671e-06   1.48230e-01
   4  p3           1.26916e+00   8.62692e-02   9.51738e-04  -8.75159e-04
                               ERR DEF= 0.5
Area_tot = 11922
Area_tot_psa = 2396
Area = 11829
Area_psa = 2387
 FCN=135.253 FROM MIGRAD    STATUS=CONVERGED     222 CALLS         223 TOTAL
                     EDM=1.76996e-11    STRATEGY= 1  ERROR MATRIX UNCERTAINTY   0.9 per cent
  EXT PARAMETER                                   STEP         FIRST   
  NO.   NAME      VALUE            ERROR          SIZE      DERIVATIVE 
   1  p0           2.34327e+02   5.94338e+00   6.93186e-03   9.84346e-07
   2  p1           2.61478e+03   2.52456e-02   2.55512e-05  -9.06664e-05
   3  p2           1.21562e+00   1.81426e-02  -1.09695e-06   3.30662e-03
   4  p3           2.54351e-02   1.05498e-02  -5.67954e-06   1.15922e-04
                               ERR DEF= 0.5
Calculation of survival fraction background at 2039
Area = 4173
Area_psa = 2061
