
[1mRooFit v3.60 -- Developed by Wouter Verkerke and David Kirkby[0m 
                Copyright (C) 2000-2013 NIKHEF, University of California & Stanford University
                All rights reserved, please read http://roofit.sourceforge.net/license.txt

Using file /nfs/gerda6/users/burlac/psd/analysis/run0098-cal_dplms_100.tier.root
Analizing channel 35
DPLMS analysis with weight 100
Total events = 17201607
event n.1000000
event n.2000000
event n.3000000
event n.4000000
event n.5000000
event n.6000000
event n.7000000
event n.8000000
event n.9000000
event n.10000000
event n.11000000
event n.12000000
event n.13000000
event n.14000000
event n.15000000
event n.16000000
event n.17000000
Selected events: 98189
The time to read waveforms: 40.31 s
Initialization of DEP&FEP background  = 13
 FCN=115.002 FROM MIGRAD    STATUS=CONVERGED     230 CALLS         231 TOTAL
                     EDM=2.06292e-08    STRATEGY= 1      ERROR MATRIX ACCURATE 
  EXT PARAMETER                                   STEP         FIRST   
  NO.   NAME      VALUE            ERROR          SIZE      DERIVATIVE 
   1  p0           1.33599e+02   5.44146e+00   3.22128e-02   6.20485e-06
   2  p1           1.59268e+03   3.68654e-02   7.59448e-04   1.37624e-03
   3  p2           1.00770e+00   3.13249e-02   1.82895e-05   1.48169e-03
   4  p3           5.18468e+01   3.87740e+00   2.24898e-02   2.19909e-05
   5  p4           1.62080e+03   6.86663e-02   7.72859e-04   7.58761e-04
   6  p5           9.80085e-01   6.65417e-02   3.86530e-05   1.89009e-02
   7  p6           1.27486e+01   2.62850e-01   1.87602e-03   3.51561e-04
                               ERR DEF= 0.5
mean_aoe = 0.0641
AoE: max = 1.60609 max = 0.0389054
 FCN=3.51347 FROM MIGRAD    STATUS=CONVERGED     355 CALLS         356 TOTAL
                     EDM=7.31533e-09    STRATEGY= 1  ERROR MATRIX UNCERTAINTY   4.1 per cent
  EXT PARAMETER                                   STEP         FIRST   
  NO.   NAME      VALUE            ERROR          SIZE      DERIVATIVE 
   1  p0           6.74039e-01   2.48224e-01  -4.20019e-04  -2.23273e-04
   2  p1           9.98589e-01   2.87375e-03   4.92113e-06   2.74717e-02
   3  p2           9.57279e-03   2.36674e-03   4.01752e-05  -1.20409e-03
   4  p3           4.19394e-03   3.26654e-03  -9.14563e-06   6.45387e-02
   5  p4           2.85350e-03   2.22000e-03  -6.21603e-06  -6.74378e-02
                               ERR DEF= 0.5
AoE_lowCut = 0.979443
 FCN=129.025 FROM MIGRAD    STATUS=CONVERGED     190 CALLS         191 TOTAL
                     EDM=1.90043e-08    STRATEGY= 1      ERROR MATRIX ACCURATE 
  EXT PARAMETER                                   STEP         FIRST   
  NO.   NAME      VALUE            ERROR          SIZE      DERIVATIVE 
   1  p0           1.25183e+02   5.09436e+00   3.17689e-02   6.61123e-06
   2  p1           1.59270e+03   3.65759e-02   7.59460e-04   3.53940e-04
   3  p2           1.02831e+00   3.09363e-02   1.88620e-05   4.04312e-03
   4  p3           1.00195e+01   1.82567e+00   1.19320e-02  -1.10437e-05
   5  p4           1.62092e+03   2.28289e-01   1.79039e-03  -5.54949e-04
   6  p5           1.17578e+00   1.94552e-01   1.16773e-04  -1.55192e-03
   7  p6           7.10883e+00   2.01213e-01   1.51004e-03  -1.98891e-04
                               ERR DEF= 0.5
AreaDEP_tot = 1554
Area_DEP_tot_psa = 1324
AreaDEP = 1145
Area_DEP_psa = 1068
Area_FEP_tot = 839
Area_FEP_tot_psa = 330
Area_FEP = 413
Area_FEP_psa = 69
Calculation of AoE vs E correction
 FCN=87.8632 FROM MIGRAD    STATUS=CONVERGED    1027 CALLS        1028 TOTAL
                     EDM=9.07754e-07    STRATEGY= 1      ERROR MATRIX ACCURATE 
  EXT PARAMETER                                   STEP         FIRST   
  NO.   NAME      VALUE            ERROR          SIZE      DERIVATIVE 
   1  p0           5.55563e+01   2.76642e+00   6.23567e-04  -1.97312e-03
   2  p1           9.99569e-01   6.35814e-04   1.87463e-04  -3.14302e-03
   3  p2           1.54488e-02   6.01367e-04   1.99400e-04   1.40356e-03
   4  p3           1.39953e+01   1.21291e+00   3.16250e-03   2.00201e-04
   5  p4           5.74605e+00   5.54747e-01   1.50637e-03  -1.12561e-03
   6  p5           1.00272e+00   1.01746e-02   2.19142e-05  -5.73109e-02
   7  p6          -9.89040e-08   1.35085e-01   4.70947e-03** at limit **
   8  p7           1.85777e-02   2.88677e-03   2.56132e-04  -1.71400e-03
                               ERR DEF= 0.5
 FCN=117.616 FROM MIGRAD    STATUS=CONVERGED    1069 CALLS        1070 TOTAL
                     EDM=4.10904e-08    STRATEGY= 1      ERROR MATRIX ACCURATE 
  EXT PARAMETER                                   STEP         FIRST   
  NO.   NAME      VALUE            ERROR          SIZE      DERIVATIVE 
   1  p0           5.32453e+01   3.17023e+00   7.56387e-04  -4.13544e-04
   2  p1           1.00019e+00   6.43398e-04   2.12774e-04   1.29082e-03
   3  p2           1.44298e-02   5.99129e-04   2.29013e-04  -1.34179e-03
   4  p3           1.31741e+01   1.34688e+00   3.67219e-03  -7.32834e-05
   5  p4           6.33154e+00   5.78129e-01   1.90093e-03   3.52565e-05
   6  p5           1.00375e+00   1.10030e-02   2.47692e-05   1.31854e-02
   7  p6          -6.05938e-09   1.90103e-01   6.58808e-03** at limit **
   8  p7           1.47252e-02   2.84008e-03   3.15170e-04   1.67525e-03
                               ERR DEF= 0.5
 FCN=106.839 FROM MIGRAD    STATUS=CONVERGED     871 CALLS         872 TOTAL
                     EDM=1.59567e-07    STRATEGY= 1      ERROR MATRIX ACCURATE 
  EXT PARAMETER                                   STEP         FIRST   
  NO.   NAME      VALUE            ERROR          SIZE      DERIVATIVE 
   1  p0           5.78094e+01   2.66905e+00   7.33724e-04  -3.65051e-04
   2  p1           9.98412e-01   5.40940e-04   1.77991e-04   2.52669e-03
   3  p2           1.23540e-02   5.05206e-04   2.05908e-04   1.25580e-03
   4  p3           1.17364e+01   9.76455e-01   3.32373e-03  -1.27807e-04
   5  p4           6.89963e+00   6.72504e-01   2.06747e-03   3.94961e-04
   6  p5           9.94910e-01   8.90653e-03   2.56790e-05   1.14558e-02
   7  p6          -5.17567e-09   3.90421e-02   2.82975e-03** at limit **
   8  p7           2.15041e-02   2.68459e-03   2.84507e-04  -2.88583e-04
                               ERR DEF= 0.5
 FCN=118.254 FROM MIGRAD    STATUS=CONVERGED     819 CALLS         820 TOTAL
                     EDM=2.44103e-08    STRATEGY= 1  ERROR MATRIX UNCERTAINTY   3.6 per cent
  EXT PARAMETER                                   STEP         FIRST   
  NO.   NAME      VALUE            ERROR          SIZE      DERIVATIVE 
   1  p0           5.65458e+01   2.72364e+00  -6.00335e-05  -9.63613e-04
   2  p1           9.99252e-01   5.74440e-04  -9.65246e-06  -4.50700e-03
   3  p2           1.18705e-02   5.56040e-04   2.60745e-05  -2.11660e-03
   4  p3           1.22343e+01   1.11411e+00  -8.23727e-04  -7.92506e-05
   5  p4           6.95357e+00   6.29214e-01  -7.84184e-04   5.01790e-05
   6  p5           1.00109e+00   6.89649e-03   3.40927e-07  -2.46065e-02
   7  p6          -3.15737e-10   2.03961e-02  -1.04709e-04** at limit **
   8  p7           1.76021e-02   2.20801e-03   9.75540e-06  -1.64515e-03
                               ERR DEF= 0.5
 FCN=114.631 FROM MIGRAD    STATUS=CONVERGED     732 CALLS         733 TOTAL
                     EDM=2.03613e-08    STRATEGY= 1  ERROR MATRIX UNCERTAINTY   3.4 per cent
  EXT PARAMETER                                   STEP         FIRST   
  NO.   NAME      VALUE            ERROR          SIZE      DERIVATIVE 
   1  p0           6.74600e+01   3.11412e+00   4.75619e-05   1.10136e-04
   2  p1           9.97973e-01   4.47008e-04  -5.92181e-06   5.24570e-03
   3  p2           1.03749e-02   4.19652e-04  -4.13930e-06   3.29459e-03
   4  p3           1.15437e+01   9.76422e-01  -2.32947e-05  -6.04357e-05
   5  p4           6.95276e+00   6.34571e-01  -4.67108e-04   2.61418e-05
   6  p5           9.99100e-01   6.60699e-03   1.54318e-07   1.66305e-02
   7  p6          -1.84556e-10   2.39357e-02   1.80487e-04** at limit **
   8  p7           1.75006e-02   2.06075e-03   1.72254e-05  -1.28687e-04
                               ERR DEF= 0.5
 FCN=113.4 FROM MIGRAD    STATUS=CONVERGED     774 CALLS         775 TOTAL
                     EDM=8.89489e-07    STRATEGY= 1  ERROR MATRIX UNCERTAINTY   0.2 per cent
  EXT PARAMETER                                   STEP         FIRST   
  NO.   NAME      VALUE            ERROR          SIZE      DERIVATIVE 
   1  p0           6.30309e+01   2.96475e+00  -5.41565e-05  -6.18934e-04
   2  p1           9.97830e-01   4.63182e-04  -1.82865e-05   1.61558e-03
   3  p2           1.06963e-02   4.39623e-04   2.81599e-05  -3.97130e-03
   4  p3           1.12197e+01   9.28272e-01  -5.91687e-03  -2.14724e-03
   5  p4           7.01484e+00   6.69480e-01  -4.97741e-03   3.87860e-03
   6  p5           9.96543e-01   7.93201e-03   2.90992e-05   1.52455e-01
   7  p6          -2.88861e-08   4.33943e-02   9.55244e-03** at limit **
   8  p7           1.91298e-02   2.41025e-03  -9.59216e-05   3.43717e-04
                               ERR DEF= 0.5
 FCN=118.129 FROM MIGRAD    STATUS=CONVERGED     867 CALLS         868 TOTAL
                     EDM=1.40713e-06    STRATEGY= 1      ERROR MATRIX ACCURATE 
  EXT PARAMETER                                   STEP         FIRST   
  NO.   NAME      VALUE            ERROR          SIZE      DERIVATIVE 
   1  p0           5.84165e+01   3.02302e+00   8.68621e-04   2.38883e-03
   2  p1           9.98477e-01   4.74410e-04   1.67088e-04   2.08675e-02
   3  p2           9.76448e-03   4.41046e-04   2.25946e-04   2.08228e-02
   4  p3           1.35093e+01   1.00675e+00   3.90225e-03   8.53297e-07
   5  p4           8.02098e+00   6.27808e-01   2.26052e-03   1.62270e-03
   6  p5           9.94111e-01   6.06258e-03   2.20127e-05   4.48243e-02
   7  p6          -1.85016e-11   1.13800e-02   1.60289e-03** at limit **
   8  p7           1.69653e-02   1.73417e-03   2.63825e-04  -6.97060e-04
                               ERR DEF= 0.5
 FCN=118.431 FROM MIGRAD    STATUS=CONVERGED     938 CALLS         939 TOTAL
                     EDM=5.79045e-08    STRATEGY= 1  ERROR MATRIX UNCERTAINTY   2.4 per cent
  EXT PARAMETER                                   STEP         FIRST   
  NO.   NAME      VALUE            ERROR          SIZE      DERIVATIVE 
   1  p0           7.48419e+01   3.47726e+00   1.52193e-04   8.63643e-04
   2  p1           9.96206e-01   4.14507e-04  -1.07249e-05  -1.72413e-03
   3  p2           9.04188e-03   3.72707e-04   2.75133e-05   2.93853e-03
   4  p3           1.60408e+01   1.20071e+00  -6.68925e-04  -5.69111e-05
   5  p4           1.01550e+01   6.57084e-01  -1.03703e-03   3.51614e-04
   6  p5           9.90620e-01   5.00131e-03   5.54319e-06   2.00846e-02
   7  p6          -6.04056e-10   7.60289e-03  -8.43999e-05** at limit **
   8  p7           1.46200e-02   1.36639e-03  -9.43079e-05  -1.44674e-03
                               ERR DEF= 0.5
 FCN=118.681 FROM MIGRAD    STATUS=CONVERGED     964 CALLS         965 TOTAL
                     EDM=1.42955e-07    STRATEGY= 1  ERROR MATRIX UNCERTAINTY   2.2 per cent
  EXT PARAMETER                                   STEP         FIRST   
  NO.   NAME      VALUE            ERROR          SIZE      DERIVATIVE 
   1  p0           7.55943e+01   3.72536e+00  -3.57295e-05  -2.54535e-03
   2  p1           9.96347e-01   4.03713e-04   3.03166e-05  -1.92037e-02
   3  p2           8.30695e-03   3.51466e-04  -8.27620e-05  -8.72555e-03
   4  p3           1.97868e+01   1.30781e+00  -3.20879e-06   1.03386e-05
   5  p4           1.07221e+01   6.25705e-01  -1.21192e-03   7.56906e-05
   6  p5           9.90652e-01   4.45979e-03   6.47750e-06  -1.19990e-01
   7  p6          -2.75557e-13   2.78716e-03  -1.88383e-04** at limit **
   8  p7           1.41919e-02   1.23077e-03  -8.39433e-05  -7.41324e-03
                               ERR DEF= 0.5
 FCN=124.413 FROM MIGRAD    STATUS=CONVERGED     917 CALLS         918 TOTAL
                     EDM=2.7908e-08    STRATEGY= 1  ERROR MATRIX UNCERTAINTY   1.4 per cent
  EXT PARAMETER                                   STEP         FIRST   
  NO.   NAME      VALUE            ERROR          SIZE      DERIVATIVE 
   1  p0           7.85341e+01   3.60991e+00  -1.26432e-05  -1.27439e-03
   2  p1           9.95053e-01   4.28508e-04  -4.03239e-06  -2.64496e-03
   3  p2           9.35344e-03   4.10359e-04   4.21905e-05  -7.64241e-04
   4  p3           2.17952e+01   1.39410e+00   3.05583e-04   4.76204e-05
   5  p4           1.09383e+01   6.34616e-01   3.66567e-04   1.60829e-04
   6  p5           9.86022e-01   5.78782e-03  -7.47351e-06   4.60861e-04
   7  p6          -2.53785e-11   8.56467e-03   4.99158e-04** at limit **
   8  p7           1.62553e-02   1.47483e-03   3.61407e-05   1.84067e-03
                               ERR DEF= 0.5
 FCN=129.844 FROM MIGRAD    STATUS=CONVERGED     966 CALLS         967 TOTAL
                     EDM=3.07933e-09    STRATEGY= 1  ERROR MATRIX UNCERTAINTY   1.0 per cent
  EXT PARAMETER                                   STEP         FIRST   
  NO.   NAME      VALUE            ERROR          SIZE      DERIVATIVE 
   1  p0           8.40933e+01   4.00290e+00  -4.03988e-05   5.85138e-04
   2  p1           9.95830e-01   3.69807e-04   1.57757e-05   1.84951e-04
   3  p2           8.06333e-03   3.37846e-04   1.44518e-05   2.15753e-03
   4  p3           1.98318e+01   1.26421e+00  -1.05361e-04   4.24805e-05
   5  p4           1.02131e+01   5.85616e-01  -3.07649e-05   1.05602e-05
   6  p5           9.90485e-01   4.23312e-03  -1.27178e-06   9.40132e-03
   7  p6          -1.08946e-12   7.80262e-03  -6.97696e-05** at limit **
   8  p7           1.38335e-02   1.20251e-03   2.99621e-05  -3.15605e-04
                               ERR DEF= 0.5
 FCN=119.753 FROM MIGRAD    STATUS=CONVERGED     924 CALLS         925 TOTAL
                     EDM=2.93745e-07    STRATEGY= 1  ERROR MATRIX UNCERTAINTY   3.4 per cent
  EXT PARAMETER                                   STEP         FIRST   
  NO.   NAME      VALUE            ERROR          SIZE      DERIVATIVE 
   1  p0           8.29113e+01   4.11435e+00   5.96967e-04  -2.57207e-03
   2  p1           9.96298e-01   3.61226e-04  -1.24428e-05   1.33708e-02
   3  p2           7.44841e-03   3.45103e-04  -3.11245e-04   7.57781e-03
   4  p3           1.93984e+01   1.30261e+00  -1.20858e-02  -4.69758e-04
   5  p4           9.51847e+00   5.56777e-01  -2.24358e-03   1.25377e-03
   6  p5           9.96110e-01   3.91106e-03   1.23476e-05   1.14315e-01
   7  p6          -1.02805e-10   7.04994e-03   2.04323e-03** at limit **
   8  p7           1.20886e-02   1.17181e-03   2.63630e-05  -1.26763e-03
                               ERR DEF= 0.5
 FCN=100.856 FROM MIGRAD    STATUS=CONVERGED     900 CALLS         901 TOTAL
                     EDM=2.05976e-08    STRATEGY= 1  ERROR MATRIX UNCERTAINTY   2.9 per cent
  EXT PARAMETER                                   STEP         FIRST   
  NO.   NAME      VALUE            ERROR          SIZE      DERIVATIVE 
   1  p0           1.02661e+02   4.36034e+00  -4.09627e-05  -5.78779e-04
   2  p1           9.94729e-01   3.11275e-04   1.31521e-05   3.82417e-03
   3  p2           7.67762e-03   2.89031e-04  -3.63544e-05  -3.66404e-03
   4  p3           2.06559e+01   1.26439e+00  -2.82930e-04  -1.66814e-04
   5  p4           1.09620e+01   5.56347e-01  -4.64514e-04   1.11053e-03
   6  p5           9.87465e-01   4.16967e-03   7.95880e-06   1.17017e-02
   7  p6          -3.35935e-09   1.22751e-03  -3.16514e-05** at limit **
   8  p7           1.45496e-02   1.14620e-03  -4.39781e-05   8.05394e-05
                               ERR DEF= 0.5
 FCN=136.451 FROM MIGRAD    STATUS=CONVERGED    1008 CALLS        1009 TOTAL
                     EDM=1.79364e-07    STRATEGY= 1  ERROR MATRIX UNCERTAINTY   0.8 per cent
  EXT PARAMETER                                   STEP         FIRST   
  NO.   NAME      VALUE            ERROR          SIZE      DERIVATIVE 
   1  p0           1.17555e+02   4.93818e+00  -3.82156e-05  -4.78808e-03
   2  p1           9.94805e-01   2.95020e-04  -6.60810e-06  -2.50668e-03
   3  p2           7.36521e-03   2.53669e-04   3.15452e-05  -1.84981e-02
   4  p3           2.67408e+01   1.54476e+00   1.67127e-04  -3.93727e-04
   5  p4           1.15167e+01   5.54738e-01  -5.02061e-04   4.33987e-04
   6  p5           9.93726e-01   3.22306e-03   3.51412e-07  -1.49962e-01
   7  p6          -4.98512e-11   2.28479e-03  -1.03115e-04** at limit **
   8  p7           1.27503e-02   9.37804e-04  -6.53818e-05  -1.34642e-02
                               ERR DEF= 0.5
 FCN=141.104 FROM MIGRAD    STATUS=CONVERGED    1049 CALLS        1050 TOTAL
                     EDM=9.95633e-07    STRATEGY= 1      ERROR MATRIX ACCURATE 
  EXT PARAMETER                                   STEP         FIRST   
  NO.   NAME      VALUE            ERROR          SIZE      DERIVATIVE 
   1  p0           1.32913e+02   5.15313e+00   7.11180e-04  -5.04176e-03
   2  p1           9.93928e-01   2.99118e-04   1.13802e-04   1.70457e-03
   3  p2           7.68635e-03   2.85280e-04   1.89003e-04  -2.73547e-03
   4  p3           3.16837e+01   1.83464e+00   7.80950e-03   2.78806e-04
   5  p4           1.23416e+01   5.56320e-01   2.38585e-03  -1.11238e-03
   6  p5           9.89820e-01   3.37161e-03   1.34526e-05  -4.11707e-01
   7  p6          -2.01856e-11   1.71370e-03   6.82270e-04** at limit **
   8  p7           1.36631e-02   9.43409e-04   1.74030e-04  -4.96009e-03
                               ERR DEF= 0.5
 FCN=146.581 FROM MIGRAD    STATUS=CONVERGED     948 CALLS         949 TOTAL
                     EDM=9.99743e-07    STRATEGY= 1  ERROR MATRIX UNCERTAINTY   1.0 per cent
  EXT PARAMETER                                   STEP         FIRST   
  NO.   NAME      VALUE            ERROR          SIZE      DERIVATIVE 
   1  p0           1.54571e+02   5.47754e+00   5.20059e-05   7.09429e-03
   2  p1           9.93821e-01   2.75203e-04   3.17806e-05   5.02336e-02
   3  p2           7.46824e-03   2.40138e-04  -4.35336e-05   5.20559e-02
   4  p3           3.35967e+01   1.86310e+00  -2.47097e-03   8.19781e-04
   5  p4           1.18352e+01   5.06601e-01  -9.38599e-05  -1.41480e-03
   6  p5           9.91894e-01   2.66383e-03   5.77145e-06   3.48071e-01
   7  p6          -1.41174e-11   1.41826e-03   3.29563e-04** at limit **
   8  p7           1.15869e-02   7.91944e-04   6.14493e-05   1.05174e-02
                               ERR DEF= 0.5

****************************************
Minimizer is Linear
Chi2                      =      23.4195
NDf                       =           14
p0                        =      1.00398   +/-   0.000467983 
p1                        = -4.23544e-06   +/-   2.3919e-07  
Calculation of survival fraction for 2104
 FCN=142.209 FROM MIGRAD    STATUS=CONVERGED     105 CALLS         106 TOTAL
                     EDM=9.99711e-10    STRATEGY= 1      ERROR MATRIX ACCURATE 
  EXT PARAMETER                                   STEP         FIRST   
  NO.   NAME      VALUE            ERROR          SIZE      DERIVATIVE 
   1  p0           9.37307e+01   3.99177e+00   2.59987e-02  -5.79123e-06
   2  p1           2.10385e+03   5.62794e-02   1.00319e-03  -3.89870e-04
   3  p2           1.44916e+00   5.10571e-02   2.74907e-05  -1.48980e-03
   4  p3           1.42907e+01   2.33272e-01   1.88535e-03  -5.31632e-05
                               ERR DEF= 0.5
Area_tot = 1834
Area_tot_psa = 660
Area = 1160
Area_psa = 293
 FCN=137.201 FROM MIGRAD    STATUS=CONVERGED      88 CALLS          89 TOTAL
                     EDM=5.89696e-07    STRATEGY= 1      ERROR MATRIX ACCURATE 
  EXT PARAMETER                                   STEP         FIRST   
  NO.   NAME      VALUE            ERROR          SIZE      DERIVATIVE 
   1  p0           2.21925e+01   2.13703e+00   1.36568e-02   1.23708e-05
   2  p1           2.10378e+03   1.42275e-01   1.13202e-03  -5.00111e-03
   3  p2           1.51010e+00   1.36181e-01   6.93482e-05   2.19806e-02
   4  p3           7.77186e+00   1.74392e-01   1.37336e-03  -1.62917e-03
                               ERR DEF= 0.5
Calculation of survival fraction for 2614.5
 FCN=196.556 FROM MIGRAD    STATUS=CONVERGED     205 CALLS         206 TOTAL
                     EDM=1.16018e-06    STRATEGY= 1      ERROR MATRIX ACCURATE 
  EXT PARAMETER                                   STEP         FIRST   
  NO.   NAME      VALUE            ERROR          SIZE      DERIVATIVE 
   1  p0           8.07427e+02   1.15137e+01   9.06267e-02  -8.97673e-05
   2  p1           2.61463e+03   1.29385e-02   1.24675e-03   2.00728e-02
   3  p2           1.10966e+00   9.37295e-03   7.03307e-06  -1.34453e+00
   4  p3           5.28785e-01   6.47420e-02   6.26354e-04   1.62663e-03
                               ERR DEF= 0.5
Area_tot = 7525
Area_tot_psa = 2164
Area = 7455
Area_psa = 2151
 FCN=142.148 FROM MIGRAD    STATUS=CONVERGED     171 CALLS         172 TOTAL
                     EDM=4.34634e-09    STRATEGY= 1  ERROR MATRIX UNCERTAINTY   3.0 per cent
  EXT PARAMETER                                   STEP         FIRST   
  NO.   NAME      VALUE            ERROR          SIZE      DERIVATIVE 
   1  p0           2.29834e+02   6.10700e+00   6.67827e-03   1.30021e-05
   2  p1           2.61468e+03   2.43869e-02  -3.82182e-05  -1.90380e-03
   3  p2           1.11803e+00   1.74228e-02  -3.48746e-07   2.63064e-02
   4  p3           2.19885e-02   9.74670e-03   5.61403e-06   2.96550e-03
                               ERR DEF= 0.5
Calculation of survival fraction background at 2039
Area = 3192
Area_psa = 1730
