
[1mRooFit v3.60 -- Developed by Wouter Verkerke and David Kirkby[0m 
                Copyright (C) 2000-2013 NIKHEF, University of California & Stanford University
                All rights reserved, please read http://roofit.sourceforge.net/license.txt

Using file /nfs/gerda6/users/burlac/psd/analysis/run0098-cal_dplms_10.tier.root
Analizing channel 17
Standard analysis 
Total events = 17201607
event n.1000000
event n.2000000
event n.3000000
event n.4000000
event n.5000000
event n.6000000
event n.7000000
event n.8000000
event n.9000000
event n.10000000
event n.11000000
event n.12000000
event n.13000000
event n.14000000
event n.15000000
event n.16000000
event n.17000000
Selected events: 50559
The time to read waveforms: 35.08 s
Initialization of DEP&FEP background  = 7.5
 FCN=130.385 FROM MIGRAD    STATUS=CONVERGED     230 CALLS         231 TOTAL
                     EDM=2.39163e-07    STRATEGY= 1      ERROR MATRIX ACCURATE 
  EXT PARAMETER                                   STEP         FIRST   
  NO.   NAME      VALUE            ERROR          SIZE      DERIVATIVE 
   1  p0           8.12135e+01   4.14800e+00   2.61892e-02   3.17512e-05
   2  p1           1.59252e+03   4.66004e-02   7.59373e-04   8.81089e-04
   3  p2           1.03200e+00   3.89909e-02   2.41292e-05  -3.21835e-02
   4  p3           2.64640e+01   2.88055e+00   1.83086e-02  -5.26966e-05
   5  p4           1.62083e+03   9.22685e-02   7.72872e-04  -3.16489e-05
   6  p5           8.77328e-01   8.15159e-02   5.48623e-05  -2.16969e-02
   7  p6           6.64650e+00   1.91962e-01   1.46881e-03   1.86434e-03
                               ERR DEF= 0.5
mean_aoe = 0.0467
AoE: max = 1.75398 max = 0.0893365
 FCN=1.04072 FROM MIGRAD    STATUS=CONVERGED     351 CALLS         352 TOTAL
                     EDM=8.58709e-07    STRATEGY= 1  ERROR MATRIX UNCERTAINTY   1.9 per cent
  EXT PARAMETER                                   STEP         FIRST   
  NO.   NAME      VALUE            ERROR          SIZE      DERIVATIVE 
   1  p0           1.03962e+00   4.67741e-01  -7.63015e-04   1.52281e-03
   2  p1           1.00128e+00   3.57085e-03  -3.16751e-06  -2.81571e-02
   3  p2           9.05521e-03   2.58515e-03  -1.44180e-04  -2.73052e-02
   4  p3           5.53557e-03   6.20527e-03   6.02267e-05   9.89730e-01
   5  p4           4.01615e-03   4.49999e-03   4.36770e-05  -1.44086e+00
                               ERR DEF= 0.5
Total integral = 0
AoE_lowCut = 2 -> 0x7ffc00ed18c0
CutIntegral = 0
SF_dep = -nan
sigma_aoe = 0.00905521
Total integral = 0
AoE_lowCut = 2 -> 0x7ffc00ed18c0
CutIntegral = 0
SF_dep = -nan
sigma_aoe = 0.00905521
Total integral = 0
AoE_lowCut = 2 -> 0x7ffc00ed18c0
CutIntegral = 0
SF_dep = -nan
sigma_aoe = 0.00905521
Total integral = 0
AoE_lowCut = 2 -> 0x7ffc00ed18c0
CutIntegral = 0
SF_dep = -nan
sigma_aoe = 0.00905521
Total integral = 0
AoE_lowCut = 2 -> 0x7ffc00ed18c0
CutIntegral = 0
SF_dep = -nan
sigma_aoe = 0.00905521
Total integral = 0
AoE_lowCut = 2 -> 0x7ffc00ed18c0
CutIntegral = 0
SF_dep = -nan
sigma_aoe = 0.00905521
Total integral = 0
AoE_lowCut = 2 -> 0x7ffc00ed18c0
CutIntegral = 0
SF_dep = -nan
sigma_aoe = 0.00905521
Total integral = 0
AoE_lowCut = 2 -> 0x7ffc00ed18c0
CutIntegral = 0
SF_dep = -nan
sigma_aoe = 0.00905521
Total integral = 0
AoE_lowCut = 2 -> 0x7ffc00ed18c0
CutIntegral = 0
SF_dep = -nan
sigma_aoe = 0.00905521
Total integral = 0
AoE_lowCut = 2 -> 0x7ffc00ed18c0
CutIntegral = 0
SF_dep = -nan
sigma_aoe = 0.00905521
Total integral = 0
AoE_lowCut = 2 -> 0x7ffc00ed18c0
CutIntegral = 0
SF_dep = -nan
sigma_aoe = 0.00905521
Total integral = 0
AoE_lowCut = 2 -> 0x7ffc00ed18c0
CutIntegral = 0
SF_dep = -nan
sigma_aoe = 0.00905521
Total integral = 0
AoE_lowCut = 2 -> 0x7ffc00ed18c0
CutIntegral = 0
SF_dep = -nan
sigma_aoe = 0.00905521
Total integral = 0
AoE_lowCut = 2 -> 0x7ffc00ed18c0
CutIntegral = 0
SF_dep = -nan
sigma_aoe = 0.00905521
Total integral = 0
AoE_lowCut = 2 -> 0x7ffc00ed18c0
CutIntegral = 0
SF_dep = -nan
sigma_aoe = 0.00905521
Total integral = 0
AoE_lowCut = 2 -> 0x7ffc00ed18c0
CutIntegral = 0
SF_dep = -nan
sigma_aoe = 0.00905521
Total integral = 0
AoE_lowCut = 2 -> 0x7ffc00ed18c0
CutIntegral = 0
SF_dep = -nan
sigma_aoe = 0.00905521
Total integral = 0
AoE_lowCut = 2 -> 0x7ffc00ed18c0
CutIntegral = 0
SF_dep = -nan
sigma_aoe = 0.00905521
Total integral = 0
AoE_lowCut = 2 -> 0x7ffc00ed18c0
CutIntegral = 0
SF_dep = -nan
sigma_aoe = 0.00905521
Total integral = 0
AoE_lowCut = 2 -> 0x7ffc00ed18c0
CutIntegral = 0
SF_dep = -nan
sigma_aoe = 0.00905521
Total integral = 0
AoE_lowCut = 2 -> 0x7ffc00ed18c0
CutIntegral = 0
SF_dep = -nan
sigma_aoe = 0.00905521
Total integral = 0
AoE_lowCut = 2 -> 0x7ffc00ed18c0
CutIntegral = 0
SF_dep = -nan
sigma_aoe = 0.00905521
Total integral = 0
AoE_lowCut = 2 -> 0x7ffc00ed18c0
CutIntegral = 0
SF_dep = -nan
sigma_aoe = 0.00905521
Total integral = 0
AoE_lowCut = 2 -> 0x7ffc00ed18c0
CutIntegral = 0
SF_dep = -nan
sigma_aoe = 0.00905521
Total integral = 0
AoE_lowCut = 2 -> 0x7ffc00ed18c0
CutIntegral = 0
SF_dep = -nan
sigma_aoe = 0.00905521
Total integral = 0
AoE_lowCut = 2 -> 0x7ffc00ed18c0
CutIntegral = 0
SF_dep = -nan
sigma_aoe = 0.00905521
Total integral = 0
AoE_lowCut = 2 -> 0x7ffc00ed18c0
CutIntegral = 0
SF_dep = -nan
sigma_aoe = 0.00905521
Total integral = 0
AoE_lowCut = 2 -> 0x7ffc00ed18c0
CutIntegral = 0
SF_dep = -nan
sigma_aoe = 0.00905521
Total integral = 0
AoE_lowCut = 2 -> 0x7ffc00ed18c0
CutIntegral = 0
SF_dep = -nan
sigma_aoe = 0.00905521
Total integral = 0
AoE_lowCut = 2 -> 0x7ffc00ed18c0
CutIntegral = 0
SF_dep = -nan
sigma_aoe = 0.00905521
