
[1mRooFit v3.60 -- Developed by Wouter Verkerke and David Kirkby[0m 
                Copyright (C) 2000-2013 NIKHEF, University of California & Stanford University
                All rights reserved, please read http://roofit.sourceforge.net/license.txt

Using file /nfs/gerda6/users/burlac/psd/analysis/run0098-cal_dplms_10.tier.root
Analizing channel 10
Standard analysis 
Total events = 17201607
event n.1000000
event n.2000000
event n.3000000
event n.4000000
event n.5000000
event n.6000000
event n.7000000
event n.8000000
event n.9000000
event n.10000000
event n.11000000
event n.12000000
event n.13000000
event n.14000000
event n.15000000
event n.16000000
event n.17000000
Selected events: 321134
The time to read waveforms: 30.58 s
Initialization of DEP&FEP background  = 35
 FCN=115.632 FROM MIGRAD    STATUS=CONVERGED     146 CALLS         147 TOTAL
                     EDM=4.19022e-07    STRATEGY= 1  ERROR MATRIX UNCERTAINTY   6.1 per cent
  EXT PARAMETER                                   STEP         FIRST   
  NO.   NAME      VALUE            ERROR          SIZE      DERIVATIVE 
   1  p0           1.30591e+02   5.03211e+00   7.83913e-03   3.97541e-05
   2  p1           1.59310e+03   5.05173e-02   5.47761e-05   7.29790e-03
   3  p2           1.41244e+00   4.51389e-02  -5.75127e-06   2.02385e-01
   4  p3           1.97110e+02   5.98057e+00   4.93462e-03   6.62499e-05
   5  p4           1.62110e+03   3.91376e-02  -3.06249e-05  -9.97919e-03
   6  p5           1.33435e+00   3.28081e-02  -1.21599e-06   1.57054e-01
   7  p6           3.59325e+01   4.42118e-01   1.69233e-04   4.85764e-05
                               ERR DEF= 0.5
mean_aoe = 0.0269
AoE: max = 2.8591 max = 0.22259
 FCN=7.4156 FROM MIGRAD    STATUS=CONVERGED     469 CALLS         470 TOTAL
                     EDM=7.43989e-08    STRATEGY= 1      ERROR MATRIX ACCURATE 
  EXT PARAMETER                                   STEP         FIRST   
  NO.   NAME      VALUE            ERROR          SIZE      DERIVATIVE 
   1  p0           5.30366e-01   1.59993e-01   2.16405e-04  -2.04975e-03
   2  p1           1.03698e+00   4.29220e-02   4.24035e-05   1.58029e-03
   3  p2           8.38673e-02   3.63370e-02   1.01916e-04  -8.41844e-04
   4  p3           1.49065e-01   2.55182e-01   4.39247e-05   2.34553e-03
   5  p4          -1.71681e-01   3.38553e-01   5.48912e-05   1.09562e-03
                               ERR DEF= 0.5
Total integral = 0
AoE_lowCut = 2 -> 0x7fff7aad85d0
CutIntegral = 0
SF_dep = -nan
sigma_aoe = 0.0838673
Total integral = 0
AoE_lowCut = 2 -> 0x7fff7aad85d0
CutIntegral = 0
SF_dep = -nan
sigma_aoe = 0.0838673
Total integral = 0
AoE_lowCut = 2 -> 0x7fff7aad85d0
CutIntegral = 0
SF_dep = -nan
sigma_aoe = 0.0838673
Total integral = 0
AoE_lowCut = 2 -> 0x7fff7aad85d0
CutIntegral = 0
SF_dep = -nan
sigma_aoe = 0.0838673
Total integral = 0
AoE_lowCut = 2 -> 0x7fff7aad85d0
CutIntegral = 0
SF_dep = -nan
sigma_aoe = 0.0838673
Total integral = 0
AoE_lowCut = 2 -> 0x7fff7aad85d0
CutIntegral = 0
SF_dep = -nan
sigma_aoe = 0.0838673
Total integral = 0
AoE_lowCut = 2 -> 0x7fff7aad85d0
CutIntegral = 0
SF_dep = -nan
sigma_aoe = 0.0838673
Total integral = 0
AoE_lowCut = 2 -> 0x7fff7aad85d0
CutIntegral = 0
SF_dep = -nan
sigma_aoe = 0.0838673
Total integral = 0
AoE_lowCut = 2 -> 0x7fff7aad85d0
CutIntegral = 0
SF_dep = -nan
sigma_aoe = 0.0838673
Total integral = 0
AoE_lowCut = 2 -> 0x7fff7aad85d0
CutIntegral = 0
SF_dep = -nan
sigma_aoe = 0.0838673
Total integral = 0
AoE_lowCut = 2 -> 0x7fff7aad85d0
CutIntegral = 0
SF_dep = -nan
sigma_aoe = 0.0838673
Total integral = 0
AoE_lowCut = 2 -> 0x7fff7aad85d0
CutIntegral = 0
SF_dep = -nan
sigma_aoe = 0.0838673
Total integral = 0
AoE_lowCut = 2 -> 0x7fff7aad85d0
CutIntegral = 0
SF_dep = -nan
sigma_aoe = 0.0838673
Total integral = 0
AoE_lowCut = 2 -> 0x7fff7aad85d0
CutIntegral = 0
SF_dep = -nan
sigma_aoe = 0.0838673
Total integral = 0
AoE_lowCut = 2 -> 0x7fff7aad85d0
CutIntegral = 0
SF_dep = -nan
sigma_aoe = 0.0838673
Total integral = 0
AoE_lowCut = 2 -> 0x7fff7aad85d0
CutIntegral = 0
SF_dep = -nan
sigma_aoe = 0.0838673
Total integral = 0
AoE_lowCut = 2 -> 0x7fff7aad85d0
CutIntegral = 0
SF_dep = -nan
sigma_aoe = 0.0838673
Total integral = 0
AoE_lowCut = 2 -> 0x7fff7aad85d0
CutIntegral = 0
SF_dep = -nan
sigma_aoe = 0.0838673
Total integral = 0
AoE_lowCut = 2 -> 0x7fff7aad85d0
CutIntegral = 0
SF_dep = -nan
sigma_aoe = 0.0838673
Total integral = 0
AoE_lowCut = 2 -> 0x7fff7aad85d0
CutIntegral = 0
SF_dep = -nan
sigma_aoe = 0.0838673
Total integral = 0
AoE_lowCut = 2 -> 0x7fff7aad85d0
CutIntegral = 0
SF_dep = -nan
sigma_aoe = 0.0838673
Total integral = 0
AoE_lowCut = 2 -> 0x7fff7aad85d0
CutIntegral = 0
SF_dep = -nan
sigma_aoe = 0.0838673
Total integral = 0
AoE_lowCut = 2 -> 0x7fff7aad85d0
CutIntegral = 0
SF_dep = -nan
sigma_aoe = 0.0838673
Total integral = 0
AoE_lowCut = 2 -> 0x7fff7aad85d0
CutIntegral = 0
SF_dep = -nan
sigma_aoe = 0.0838673
Total integral = 0
AoE_lowCut = 2 -> 0x7fff7aad85d0
CutIntegral = 0
SF_dep = -nan
sigma_aoe = 0.0838673
Total integral = 0
AoE_lowCut = 2 -> 0x7fff7aad85d0
CutIntegral = 0
SF_dep = -nan
sigma_aoe = 0.0838673
Total integral = 0
AoE_lowCut = 2 -> 0x7fff7aad85d0
CutIntegral = 0
SF_dep = -nan
sigma_aoe = 0.0838673
Total integral = 0
AoE_lowCut = 2 -> 0x7fff7aad85d0
CutIntegral = 0
SF_dep = -nan
sigma_aoe = 0.0838673
Total integral = 0
AoE_lowCut = 2 -> 0x7fff7aad85d0
CutIntegral = 0
SF_dep = -nan
sigma_aoe = 0.0838673
Total integral = 0
AoE_lowCut = 2 -> 0x7fff7aad85d0
CutIntegral = 0
SF_dep = -nan
sigma_aoe = 0.0838673
