-bash: /users/b/burlac/.bash_profile: Permesso negato
Info in <TCanvas::Print>: pdf file /nfs/gerda6/users/burlac/psd_dplms/analysis_standard/chn10/chn10_spectrum.pdf has been created
Info in <TCanvas::Print>: pdf file /nfs/gerda6/users/burlac/psd_dplms/analysis_standard/chn10/chn10_DEP_FEP.pdf has been created
Info in <TCanvas::Print>: pdf file /nfs/gerda6/users/burlac/psd_dplms/analysis_standard/chn10/chn10_AoE_all.pdf has been created
Warning in <TFile::Append>: Replacing existing TH1: h_AoE (Potential memory leak).
Warning in <TFile::Append>: Replacing existing TH1: h_AoE1 (Potential memory leak).
Warning in <TFile::Append>: Replacing existing TH1: h_AoE2 (Potential memory leak).
Warning in <TFile::Append>: Replacing existing TH1: h_AoE3 (Potential memory leak).
Warning in <TFile::Append>: Replacing existing TH1: h_AoE (Potential memory leak).
Warning in <TFile::Append>: Replacing existing TH1: h_AoE1 (Potential memory leak).
Warning in <TFile::Append>: Replacing existing TH1: h_AoE2 (Potential memory leak).
Warning in <TFile::Append>: Replacing existing TH1: h_AoE3 (Potential memory leak).
Warning in <TFile::Append>: Replacing existing TH1: h_AoE (Potential memory leak).
Warning in <TFile::Append>: Replacing existing TH1: h_AoE1 (Potential memory leak).
Warning in <TFile::Append>: Replacing existing TH1: h_AoE2 (Potential memory leak).
Warning in <TFile::Append>: Replacing existing TH1: h_AoE3 (Potential memory leak).
Warning in <TFile::Append>: Replacing existing TH1: h_AoE (Potential memory leak).
Warning in <TFile::Append>: Replacing existing TH1: h_AoE1 (Potential memory leak).
Warning in <TFile::Append>: Replacing existing TH1: h_AoE2 (Potential memory leak).
Warning in <TFile::Append>: Replacing existing TH1: h_AoE3 (Potential memory leak).
Warning in <TFile::Append>: Replacing existing TH1: h_AoE (Potential memory leak).
Warning in <TFile::Append>: Replacing existing TH1: h_AoE1 (Potential memory leak).
Warning in <TFile::Append>: Replacing existing TH1: h_AoE2 (Potential memory leak).
Warning in <TFile::Append>: Replacing existing TH1: h_AoE3 (Potential memory leak).
Warning in <TFile::Append>: Replacing existing TH1: h_AoE (Potential memory leak).
Warning in <TFile::Append>: Replacing existing TH1: h_AoE1 (Potential memory leak).
Warning in <TFile::Append>: Replacing existing TH1: h_AoE2 (Potential memory leak).
Warning in <TFile::Append>: Replacing existing TH1: h_AoE3 (Potential memory leak).
Warning in <TFile::Append>: Replacing existing TH1: h_AoE (Potential memory leak).
Warning in <TFile::Append>: Replacing existing TH1: h_AoE1 (Potential memory leak).
Warning in <TFile::Append>: Replacing existing TH1: h_AoE2 (Potential memory leak).
Warning in <TFile::Append>: Replacing existing TH1: h_AoE3 (Potential memory leak).
Warning in <TFile::Append>: Replacing existing TH1: h_AoE (Potential memory leak).
Warning in <TFile::Append>: Replacing existing TH1: h_AoE1 (Potential memory leak).
Warning in <TFile::Append>: Replacing existing TH1: h_AoE2 (Potential memory leak).
Warning in <TFile::Append>: Replacing existing TH1: h_AoE3 (Potential memory leak).
Warning in <TFile::Append>: Replacing existing TH1: h_AoE (Potential memory leak).
Warning in <TFile::Append>: Replacing existing TH1: h_AoE1 (Potential memory leak).
Warning in <TFile::Append>: Replacing existing TH1: h_AoE2 (Potential memory leak).
Warning in <TFile::Append>: Replacing existing TH1: h_AoE3 (Potential memory leak).
Warning in <TFile::Append>: Replacing existing TH1: h_AoE (Potential memory leak).
Warning in <TFile::Append>: Replacing existing TH1: h_AoE1 (Potential memory leak).
Warning in <TFile::Append>: Replacing existing TH1: h_AoE2 (Potential memory leak).
Warning in <TFile::Append>: Replacing existing TH1: h_AoE3 (Potential memory leak).
Warning in <TFile::Append>: Replacing existing TH1: h_AoE (Potential memory leak).
Warning in <TFile::Append>: Replacing existing TH1: h_AoE1 (Potential memory leak).
Warning in <TFile::Append>: Replacing existing TH1: h_AoE2 (Potential memory leak).
Warning in <TFile::Append>: Replacing existing TH1: h_AoE3 (Potential memory leak).
Warning in <TFile::Append>: Replacing existing TH1: h_AoE (Potential memory leak).
Warning in <TFile::Append>: Replacing existing TH1: h_AoE1 (Potential memory leak).
Warning in <TFile::Append>: Replacing existing TH1: h_AoE2 (Potential memory leak).
Warning in <TFile::Append>: Replacing existing TH1: h_AoE3 (Potential memory leak).
Warning in <TFile::Append>: Replacing existing TH1: h_AoE (Potential memory leak).
Warning in <TFile::Append>: Replacing existing TH1: h_AoE1 (Potential memory leak).
Warning in <TFile::Append>: Replacing existing TH1: h_AoE2 (Potential memory leak).
Warning in <TFile::Append>: Replacing existing TH1: h_AoE3 (Potential memory leak).
Warning in <TFile::Append>: Replacing existing TH1: h_AoE (Potential memory leak).
Warning in <TFile::Append>: Replacing existing TH1: h_AoE1 (Potential memory leak).
Warning in <TFile::Append>: Replacing existing TH1: h_AoE2 (Potential memory leak).
Warning in <TFile::Append>: Replacing existing TH1: h_AoE3 (Potential memory leak).
Warning in <TFile::Append>: Replacing existing TH1: h_AoE (Potential memory leak).
Warning in <TFile::Append>: Replacing existing TH1: h_AoE1 (Potential memory leak).
Warning in <TFile::Append>: Replacing existing TH1: h_AoE2 (Potential memory leak).
Warning in <TFile::Append>: Replacing existing TH1: h_AoE3 (Potential memory leak).
Warning in <TFile::Append>: Replacing existing TH1: h_AoE (Potential memory leak).
Warning in <TFile::Append>: Replacing existing TH1: h_AoE1 (Potential memory leak).
Warning in <TFile::Append>: Replacing existing TH1: h_AoE2 (Potential memory leak).
Warning in <TFile::Append>: Replacing existing TH1: h_AoE3 (Potential memory leak).
Warning in <TFile::Append>: Replacing existing TH1: h_AoE (Potential memory leak).
Warning in <TFile::Append>: Replacing existing TH1: h_AoE1 (Potential memory leak).
Warning in <TFile::Append>: Replacing existing TH1: h_AoE2 (Potential memory leak).
Warning in <TFile::Append>: Replacing existing TH1: h_AoE3 (Potential memory leak).
Warning in <TFile::Append>: Replacing existing TH1: h_AoE (Potential memory leak).
Warning in <TFile::Append>: Replacing existing TH1: h_AoE1 (Potential memory leak).
Warning in <TFile::Append>: Replacing existing TH1: h_AoE2 (Potential memory leak).
Warning in <TFile::Append>: Replacing existing TH1: h_AoE3 (Potential memory leak).
Warning in <TFile::Append>: Replacing existing TH1: h_AoE (Potential memory leak).
Warning in <TFile::Append>: Replacing existing TH1: h_AoE1 (Potential memory leak).
Warning in <TFile::Append>: Replacing existing TH1: h_AoE2 (Potential memory leak).
Warning in <TFile::Append>: Replacing existing TH1: h_AoE3 (Potential memory leak).
Warning in <TFile::Append>: Replacing existing TH1: h_AoE (Potential memory leak).
Warning in <TFile::Append>: Replacing existing TH1: h_AoE1 (Potential memory leak).
Warning in <TFile::Append>: Replacing existing TH1: h_AoE2 (Potential memory leak).
Warning in <TFile::Append>: Replacing existing TH1: h_AoE3 (Potential memory leak).
Warning in <TFile::Append>: Replacing existing TH1: h_AoE (Potential memory leak).
Warning in <TFile::Append>: Replacing existing TH1: h_AoE1 (Potential memory leak).
Warning in <TFile::Append>: Replacing existing TH1: h_AoE2 (Potential memory leak).
Warning in <TFile::Append>: Replacing existing TH1: h_AoE3 (Potential memory leak).
Warning in <TFile::Append>: Replacing existing TH1: h_AoE (Potential memory leak).
Warning in <TFile::Append>: Replacing existing TH1: h_AoE1 (Potential memory leak).
Warning in <TFile::Append>: Replacing existing TH1: h_AoE2 (Potential memory leak).
Warning in <TFile::Append>: Replacing existing TH1: h_AoE3 (Potential memory leak).
Warning in <TFile::Append>: Replacing existing TH1: h_AoE (Potential memory leak).
Warning in <TFile::Append>: Replacing existing TH1: h_AoE1 (Potential memory leak).
Warning in <TFile::Append>: Replacing existing TH1: h_AoE2 (Potential memory leak).
Warning in <TFile::Append>: Replacing existing TH1: h_AoE3 (Potential memory leak).
Warning in <TFile::Append>: Replacing existing TH1: h_AoE (Potential memory leak).
Warning in <TFile::Append>: Replacing existing TH1: h_AoE1 (Potential memory leak).
Warning in <TFile::Append>: Replacing existing TH1: h_AoE2 (Potential memory leak).
Warning in <TFile::Append>: Replacing existing TH1: h_AoE3 (Potential memory leak).
Warning in <TFile::Append>: Replacing existing TH1: h_AoE (Potential memory leak).
Warning in <TFile::Append>: Replacing existing TH1: h_AoE1 (Potential memory leak).
Warning in <TFile::Append>: Replacing existing TH1: h_AoE2 (Potential memory leak).
Warning in <TFile::Append>: Replacing existing TH1: h_AoE3 (Potential memory leak).
Warning in <TFile::Append>: Replacing existing TH1: h_AoE (Potential memory leak).
Warning in <TFile::Append>: Replacing existing TH1: h_AoE1 (Potential memory leak).
Warning in <TFile::Append>: Replacing existing TH1: h_AoE2 (Potential memory leak).
Warning in <TFile::Append>: Replacing existing TH1: h_AoE3 (Potential memory leak).
Warning in <TFile::Append>: Replacing existing TH1: h_AoE (Potential memory leak).
Warning in <TFile::Append>: Replacing existing TH1: h_AoE1 (Potential memory leak).
Warning in <TFile::Append>: Replacing existing TH1: h_AoE2 (Potential memory leak).
Warning in <TFile::Append>: Replacing existing TH1: h_AoE3 (Potential memory leak).
Warning in <TFile::Append>: Replacing existing TH1: h_AoE (Potential memory leak).
Warning in <TFile::Append>: Replacing existing TH1: h_AoE1 (Potential memory leak).
Warning in <TFile::Append>: Replacing existing TH1: h_AoE2 (Potential memory leak).
Warning in <TFile::Append>: Replacing existing TH1: h_AoE3 (Potential memory leak).
Warning in <TFile::Append>: Replacing existing TH1: h_AoE (Potential memory leak).
Warning in <TFile::Append>: Replacing existing TH1: h_AoE1 (Potential memory leak).
Warning in <TFile::Append>: Replacing existing TH1: h_AoE2 (Potential memory leak).
Warning in <TFile::Append>: Replacing existing TH1: h_AoE3 (Potential memory leak).
Warning in <TFile::Append>: Replacing existing TH1: h_AoE (Potential memory leak).
Warning in <TFile::Append>: Replacing existing TH1: h_AoE1 (Potential memory leak).
Warning in <TFile::Append>: Replacing existing TH1: h_AoE2 (Potential memory leak).
Warning in <TFile::Append>: Replacing existing TH1: h_AoE3 (Potential memory leak).

 *** Break *** segmentation violation
/var/lib/torque/mom_priv/jobs/4645225.xmaster.lngs.infn.it.SC: line 6:  6953 Errore di segmentazione (core dumped) /nfs/gerda6/users/burlac/psd_dplms/processPSD /nfs/gerda6/users/burlac/psd_dplms/analysis_standard/chn10 /nfs/gerda6/users/burlac/psd/analysis/run0098-cal_dplms_10.tier.root 10 0 0 > /nfs/gerda6/users/burlac/psd_dplms/analysis_standard/chn10/psd_chn10.out
