
[1mRooFit v3.60 -- Developed by Wouter Verkerke and David Kirkby[0m 
                Copyright (C) 2000-2013 NIKHEF, University of California & Stanford University
                All rights reserved, please read http://roofit.sourceforge.net/license.txt

Using file /nfs/gerda6/users/burlac/psd/analysis/run0098-cal_dplms_100.tier.root
Analizing channel 17
DPLMS analysis with weight 100
Total events = 17201607
event n.1000000
event n.2000000
event n.3000000
event n.4000000
event n.5000000
event n.6000000
event n.7000000
event n.8000000
event n.9000000
event n.10000000
event n.11000000
event n.12000000
event n.13000000
event n.14000000
event n.15000000
event n.16000000
event n.17000000
Selected events: 50559
The time to read waveforms: 63.31 s
Initialization of DEP&FEP background  = 7.5
 FCN=130.385 FROM MIGRAD    STATUS=CONVERGED     230 CALLS         231 TOTAL
                     EDM=2.39163e-07    STRATEGY= 1      ERROR MATRIX ACCURATE 
  EXT PARAMETER                                   STEP         FIRST   
  NO.   NAME      VALUE            ERROR          SIZE      DERIVATIVE 
   1  p0           8.12135e+01   4.14800e+00   2.61892e-02   3.17512e-05
   2  p1           1.59252e+03   4.66004e-02   7.59373e-04   8.81089e-04
   3  p2           1.03200e+00   3.89909e-02   2.41292e-05  -3.21835e-02
   4  p3           2.64640e+01   2.88055e+00   1.83086e-02  -5.26966e-05
   5  p4           1.62083e+03   9.22685e-02   7.72872e-04  -3.16489e-05
   6  p5           8.77328e-01   8.15159e-02   5.48623e-05  -2.16969e-02
   7  p6           6.64650e+00   1.91962e-01   1.46881e-03   1.86434e-03
                               ERR DEF= 0.5
mean_aoe = 0.0811
AoE: max = 1.63522 max = 0.094758
 FCN=0.964276 FROM MIGRAD    STATUS=CONVERGED     355 CALLS         356 TOTAL
                     EDM=1.92045e-07    STRATEGY= 1  ERROR MATRIX UNCERTAINTY   3.3 per cent
  EXT PARAMETER                                   STEP         FIRST   
  NO.   NAME      VALUE            ERROR          SIZE      DERIVATIVE 
   1  p0           9.17557e-01   5.37788e-01  -2.32493e-03   4.14380e-04
   2  p1           1.00014e+00   3.72056e-03   5.16145e-06   5.51692e-02
   3  p2           7.71604e-03   2.84049e-03  -2.20088e-05  -1.27589e-02
   4  p3           4.75783e-03   5.61207e-03   4.31869e-05   1.35411e+00
   5  p4           3.65640e-03   4.31050e-03   3.31710e-05  -1.75766e+00
                               ERR DEF= 0.5
Analysis with a fixed bin for LowCut
Total integral = 689
AoE_lowCut = 1978 -> 0.98875
CutIntegral = 623
SF_dep = 0.904209
sigma_aoe = 0.00771604
 FCN=130.995 FROM MIGRAD    STATUS=CONVERGED     191 CALLS         192 TOTAL
                     EDM=6.68114e-07    STRATEGY= 1      ERROR MATRIX ACCURATE 
  EXT PARAMETER                                   STEP         FIRST   
  NO.   NAME      VALUE            ERROR          SIZE      DERIVATIVE 
   1  p0           7.30761e+01   3.87909e+00   2.43859e-02   8.36164e-05
   2  p1           1.59250e+03   4.67227e-02   7.59365e-04  -1.42581e-02
   3  p2           1.02140e+00   3.90945e-02   2.42118e-05   9.80901e-03
   4  p3           5.77489e+00   1.96160e+00   1.21060e-02   1.99159e-04
   5  p4           1.62104e+03   2.48495e-01   1.73809e-03  -9.03378e-04
   6  p5           6.47626e-01   2.33212e-01   1.63040e-04   1.11985e-02
   7  p6           3.41854e+00   1.41547e-01   1.08522e-03   2.63830e-05
                               ERR DEF= 0.5
AreaDEP_tot = 928
Area_DEP_tot_psa = 755
AreaDEP = 691
Area_DEP_psa = 610
Area_FEP_tot = 409
Area_FEP_tot_psa = 149
Area_FEP = 207
Area_FEP_psa = 46
Calculation of AoE vs E correction
 FCN=93.3175 FROM MIGRAD    STATUS=CONVERGED     993 CALLS         994 TOTAL
                     EDM=3.20549e-08    STRATEGY= 1      ERROR MATRIX ACCURATE 
  EXT PARAMETER                                   STEP         FIRST   
  NO.   NAME      VALUE            ERROR          SIZE      DERIVATIVE 
   1  p0           3.90290e+01   2.28204e+00   8.66241e-04  -3.81786e-05
   2  p1           1.00131e+00   6.19676e-04   1.98726e-04   7.19920e-04
   3  p2           1.17362e-02   6.08609e-04   2.38016e-04  -1.17100e-03
   4  p3           6.84055e+00   7.35648e-01   2.14335e-03   1.09478e-04
   5  p4           4.93353e+00   6.98767e-01   1.99204e-03  -2.01711e-04
   6  p5           1.01172e+00   1.04134e-02   2.81167e-05  -4.80553e-03
   7  p6          -1.99167e-09   1.36488e-01   5.01733e-03** at limit **
   8  p7           1.79677e-02   3.65741e-03   3.68512e-04   1.17584e-03
                               ERR DEF= 0.5
 FCN=98.0017 FROM MIGRAD    STATUS=CONVERGED     955 CALLS         956 TOTAL
                     EDM=9.35717e-07    STRATEGY= 1      ERROR MATRIX ACCURATE 
  EXT PARAMETER                                   STEP         FIRST   
  NO.   NAME      VALUE            ERROR          SIZE      DERIVATIVE 
   1  p0           3.89704e+01   2.20948e+00   8.77178e-04   2.46473e-03
   2  p1           1.00005e+00   5.80222e-04   1.88648e-04   3.64600e-03
   3  p2           1.12984e-02   4.82724e-04   2.20464e-04   7.58490e-03
   4  p3           5.66710e+00   6.03154e-01   2.03871e-03  -2.40443e-04
   5  p4           5.52605e+00   8.44918e-01   2.48074e-03   5.60398e-04
   6  p5           9.96202e-01   1.10789e-02   3.57061e-05   6.41558e-02
   7  p6          -9.83124e-08   1.64923e-01   5.56673e-03** at limit **
   8  p7           2.11315e-02   3.49389e-03   4.06410e-04   7.37358e-03
                               ERR DEF= 0.5
 FCN=94.6847 FROM MIGRAD    STATUS=CONVERGED    1150 CALLS        1151 TOTAL
                     EDM=2.00201e-07    STRATEGY= 1  ERROR MATRIX UNCERTAINTY   1.3 per cent
  EXT PARAMETER                                   STEP         FIRST   
  NO.   NAME      VALUE            ERROR          SIZE      DERIVATIVE 
   1  p0           4.02048e+01   2.47911e+00   4.85610e-06  -3.03990e-05
   2  p1           1.00034e+00   5.43261e-04   1.27383e-06   1.80265e-04
   3  p2           9.57537e-03   5.28653e-04   1.41963e-06  -1.94680e-04
   4  p3           6.55262e+00   6.64574e-01   6.13269e-04   9.32576e-05
   5  p4           6.56788e+00   8.79913e-01  -7.18699e-04   9.68889e-05
   6  p5           9.99056e-01   1.13536e-02  -3.78090e-06  -6.21313e-03
   7  p6          -3.15135e-08   8.30235e-02  -8.45842e-06** at limit **
   8  p7           2.39886e-02   3.76187e-03   3.24730e-05  -1.43968e-04
                               ERR DEF= 0.5
 FCN=93.3556 FROM MIGRAD    STATUS=CONVERGED    1499 CALLS        1500 TOTAL
                     EDM=1.72123e-08    STRATEGY= 1      ERROR MATRIX ACCURATE 
  EXT PARAMETER                                   STEP         FIRST   
  NO.   NAME      VALUE            ERROR          SIZE      DERIVATIVE 
   1  p0           3.97939e+01   2.41372e+00   9.19571e-04   8.68559e-05
   2  p1           9.99978e-01   5.21954e-04   1.68359e-04   7.55834e-04
   3  p2           9.62134e-03   4.68635e-04   2.23552e-04  -1.54916e-04
   4  p3           4.72239e+00   5.56369e-01   1.81641e-03  -3.12492e-04
   5  p4           5.51682e+00   9.28678e-01   2.60402e-03   2.23679e-04
   6  p5           1.00300e+00   1.35014e-02   3.50488e-05   8.12585e-04
   7  p6          -5.70580e-10   1.93168e-01   6.02663e-03** at limit **
   8  p7           1.92878e-02   4.49473e-03   4.25028e-04  -1.24691e-04
                               ERR DEF= 0.5
 FCN=101.117 FROM MIGRAD    STATUS=CONVERGED    1083 CALLS        1084 TOTAL
                     EDM=7.09749e-08    STRATEGY= 1      ERROR MATRIX ACCURATE 
  EXT PARAMETER                                   STEP         FIRST   
  NO.   NAME      VALUE            ERROR          SIZE      DERIVATIVE 
   1  p0           3.92169e+01   2.55766e+00   1.03884e-03   8.92470e-04
   2  p1           9.98074e-01   5.09975e-04   1.71957e-04   3.43023e-03
   3  p2           8.52654e-03   4.56886e-04   2.58853e-04   2.37799e-03
   4  p3           6.39382e+00   6.47398e-01   2.40794e-03   1.60136e-04
   5  p4           7.71749e+00   1.00853e+00   2.94471e-03  -4.49276e-05
   6  p5           9.94044e-01   1.17982e-02   3.31625e-05   9.12002e-03
   7  p6          -4.22734e-09   9.37197e-02   4.28126e-03** at limit **
   8  p7           2.45648e-02   3.69279e-03   3.65981e-04   1.15303e-03
                               ERR DEF= 0.5
 FCN=111.096 FROM MIGRAD    STATUS=CONVERGED    1294 CALLS        1295 TOTAL
                     EDM=2.14519e-08    STRATEGY= 1      ERROR MATRIX ACCURATE 
  EXT PARAMETER                                   STEP         FIRST   
  NO.   NAME      VALUE            ERROR          SIZE      DERIVATIVE 
   1  p0           4.25452e+01   2.70300e+00   1.13567e-03   2.36754e-04
   2  p1           9.98661e-01   4.86284e-04   1.68259e-04   6.03219e-04
   3  p2           8.24998e-03   4.35094e-04   2.63938e-04  -6.95898e-04
   4  p3           7.78293e+00   6.98533e-01   3.00658e-03  -1.73790e-04
   5  p4           9.92604e+00   1.09421e+00   3.49563e-03   1.59489e-04
   6  p5           9.80143e-01   1.04107e-02   3.12356e-05   1.11453e-02
   7  p6          -2.79345e-10   1.02002e-01   4.74822e-03** at limit **
   8  p7           2.35546e-02   2.67965e-03   3.10049e-04  -7.65342e-04
                               ERR DEF= 0.5
 FCN=103.788 FROM MIGRAD    STATUS=CONVERGED    1005 CALLS        1006 TOTAL
                     EDM=1.74426e-07    STRATEGY= 1      ERROR MATRIX ACCURATE 
  EXT PARAMETER                                   STEP         FIRST   
  NO.   NAME      VALUE            ERROR          SIZE      DERIVATIVE 
   1  p0           4.13588e+01   3.09885e+00   1.20489e-03   1.17988e-03
   2  p1           9.98693e-01   4.59002e-04   1.54822e-04   2.89617e-03
   3  p2           6.58081e-03   4.59943e-04   3.54245e-04   1.99102e-03
   4  p3           8.83628e+00   7.81468e-01   3.02589e-03  -2.23467e-04
   5  p4           8.96067e+00   8.13025e-01   2.84978e-03   5.85242e-05
   6  p5           9.96158e-01   6.22417e-03   2.28183e-05  -2.29516e-02
   7  p6          -9.68623e-10   1.27815e-02   1.58781e-03** at limit **
   8  p7           1.65939e-02   1.94233e-03   2.89234e-04  -4.60885e-03
                               ERR DEF= 0.5
 FCN=111.962 FROM MIGRAD    STATUS=CONVERGED     893 CALLS         894 TOTAL
                     EDM=2.89261e-08    STRATEGY= 1  ERROR MATRIX UNCERTAINTY   2.5 per cent
  EXT PARAMETER                                   STEP         FIRST   
  NO.   NAME      VALUE            ERROR          SIZE      DERIVATIVE 
   1  p0           4.13721e+01   2.93371e+00   1.63979e-04  -4.00849e-04
   2  p1           9.97409e-01   5.18612e-04  -4.28092e-06  -2.66271e-03
   3  p2           7.45037e-03   4.52838e-04  -3.89565e-06  -1.95890e-03
   4  p3           1.25415e+01   9.82440e-01  -4.05125e-04  -1.61395e-04
   5  p4           1.21128e+01   8.51735e-01  -6.84306e-05   1.36390e-04
   6  p5           9.91430e-01   4.91378e-03  -3.31427e-06   4.86672e-02
   7  p6          -8.36886e-13   2.76649e-03  -2.63357e-05** at limit **
   8  p7           1.53866e-02   1.38789e-03   6.87469e-05   3.82851e-03
                               ERR DEF= 0.5
 FCN=130.418 FROM MIGRAD    STATUS=CONVERGED     982 CALLS         983 TOTAL
                     EDM=8.26141e-08    STRATEGY= 1  ERROR MATRIX UNCERTAINTY   3.4 per cent
  EXT PARAMETER                                   STEP         FIRST   
  NO.   NAME      VALUE            ERROR          SIZE      DERIVATIVE 
   1  p0           4.82379e+01   3.37094e+00  -1.98550e-04   7.28238e-05
   2  p1           9.97250e-01   4.09049e-04  -2.23227e-06  -2.18261e-03
   3  p2           6.21660e-03   3.56455e-04   6.16283e-05   4.07705e-03
   4  p3           1.12207e+01   8.93265e-01  -8.08298e-04   3.43657e-04
   5  p4           1.09185e+01   7.73433e-01  -4.08557e-04  -6.31570e-04
   6  p5           9.94151e-01   4.78347e-03   2.97207e-06  -8.30756e-03
   7  p6          -1.85263e-10   7.24030e-03   2.12790e-04** at limit **
   8  p7           1.41209e-02   1.45150e-03  -2.65715e-05  -2.70471e-04
                               ERR DEF= 0.5
 FCN=103.083 FROM MIGRAD    STATUS=CONVERGED    1117 CALLS        1118 TOTAL
                     EDM=8.91229e-06    STRATEGY= 1      ERROR MATRIX ACCURATE 
  EXT PARAMETER                                   STEP         FIRST   
  NO.   NAME      VALUE            ERROR          SIZE      DERIVATIVE 
   1  p0           4.86208e+01   3.07997e+00   1.06664e-03   4.20055e-04
   2  p1           9.95266e-01   4.52927e-04   1.48349e-04  -1.10139e-02
   3  p2           7.33804e-03   4.10494e-04   2.63348e-04  -8.81881e-03
   4  p3           1.14047e+01   8.82438e-01   3.83972e-03   9.80441e-04
   5  p4           1.27244e+01   1.55333e+00   3.55437e-03  -1.16241e-03
   6  p5           9.71523e-01   8.57032e-03   2.28958e-05  -1.55450e-01
   7  p6          -1.23564e-04   6.92018e-01   4.96590e-03  -1.62510e-03
   8  p7           1.94557e-02   1.79762e-03   2.24142e-04  -4.21671e-03
                               ERR DEF= 0.5
 FCN=117.457 FROM MIGRAD    STATUS=CONVERGED     974 CALLS         975 TOTAL
                     EDM=9.83558e-07    STRATEGY= 1  ERROR MATRIX UNCERTAINTY   3.6 per cent
  EXT PARAMETER                                   STEP         FIRST   
  NO.   NAME      VALUE            ERROR          SIZE      DERIVATIVE 
   1  p0           4.49706e+01   3.08167e+00  -3.59433e-04  -3.75196e-05
   2  p1           9.95977e-01   4.88010e-04  -5.37721e-05  -1.64955e-02
   3  p2           7.13371e-03   4.57244e-04  -1.56308e-04  -4.31204e-04
   4  p3           1.06930e+01   8.84538e-01  -7.07232e-03   8.78587e-04
   5  p4           1.09315e+01   9.04038e-01  -1.01017e-02  -1.13825e-03
   6  p5           9.85875e-01   7.03632e-03   4.96922e-05  -1.68542e-01
   7  p6          -8.40950e-09   7.98881e-03   8.67837e-04** at limit **
   8  p7           2.01662e-02   2.00721e-03  -2.24421e-04  -1.14943e-02
                               ERR DEF= 0.5
 FCN=101.661 FROM MIGRAD    STATUS=CONVERGED    1106 CALLS        1107 TOTAL
                     EDM=1.10053e-07    STRATEGY= 1  ERROR MATRIX UNCERTAINTY   2.9 per cent
  EXT PARAMETER                                   STEP         FIRST   
  NO.   NAME      VALUE            ERROR          SIZE      DERIVATIVE 
   1  p0           5.49518e+01   3.68950e+00   2.01676e-04  -1.47775e-04
   2  p1           9.96482e-01   3.63664e-04   4.33277e-06  -9.40152e-03
   3  p2           5.86857e-03   3.27474e-04  -1.24352e-04  -1.79900e-03
   4  p3           1.00211e+01   8.41018e-01  -1.33998e-03  -2.55716e-04
   5  p4           1.04694e+01   8.46582e-01  -2.81353e-03   4.80584e-04
   6  p5           9.94915e-01   5.76887e-03   2.80956e-06   4.38024e-02
   7  p6          -2.66419e-09   3.00030e-02  -1.77828e-04** at limit **
   8  p7           1.43243e-02   1.79266e-03  -1.24213e-05  -1.75735e-03
                               ERR DEF= 0.5
 FCN=132.102 FROM MIGRAD    STATUS=CONVERGED    1043 CALLS        1044 TOTAL
                     EDM=3.08496e-07    STRATEGY= 1  ERROR MATRIX UNCERTAINTY   4.2 per cent
  EXT PARAMETER                                   STEP         FIRST   
  NO.   NAME      VALUE            ERROR          SIZE      DERIVATIVE 
   1  p0           6.33195e+01   3.64777e+00  -1.61855e-04  -2.57859e-03
   2  p1           9.95004e-01   3.46714e-04   2.48552e-06   9.56466e-03
   3  p2           6.11847e-03   2.94572e-04  -3.51249e-05  -6.75123e-03
   4  p3           1.19937e+01   9.34861e-01  -1.44053e-05   1.43038e-04
   5  p4           1.14130e+01   8.21136e-01  -1.92243e-03   3.29804e-04
   6  p5           9.90682e-01   4.32931e-03   8.62902e-06   7.16710e-02
   7  p6          -8.87806e-10   5.29465e-03  -1.92818e-04** at limit **
   8  p7           1.49900e-02   1.32874e-03  -2.72428e-05   4.16622e-03
                               ERR DEF= 0.5
 FCN=138.022 FROM MIGRAD    STATUS=CONVERGED    1027 CALLS        1028 TOTAL
                     EDM=1.02116e-07    STRATEGY= 1  ERROR MATRIX UNCERTAINTY   3.7 per cent
  EXT PARAMETER                                   STEP         FIRST   
  NO.   NAME      VALUE            ERROR          SIZE      DERIVATIVE 
   1  p0           6.27511e+01   3.56870e+00  -8.40176e-07  -6.19307e-05
   2  p1           9.93992e-01   3.94951e-04   1.38768e-06   5.07947e-03
   3  p2           7.17359e-03   3.56425e-04   6.00888e-06  -3.61570e-03
   4  p3           1.20379e+01   9.51222e-01  -2.24261e-04   1.86794e-04
   5  p4           1.11720e+01   8.28379e-01  -9.15233e-04  -6.30544e-05
   6  p5           9.88620e-01   5.47506e-03   3.09703e-06  -7.78552e-03
   7  p6          -8.30572e-10   7.08008e-03   8.25790e-05** at limit **
   8  p7           1.74451e-02   1.61499e-03  -1.86782e-05   1.44939e-04
                               ERR DEF= 0.5
 FCN=132.853 FROM MIGRAD    STATUS=CONVERGED     965 CALLS         966 TOTAL
                     EDM=4.10849e-08    STRATEGY= 1  ERROR MATRIX UNCERTAINTY   3.1 per cent
  EXT PARAMETER                                   STEP         FIRST   
  NO.   NAME      VALUE            ERROR          SIZE      DERIVATIVE 
   1  p0           7.31137e+01   4.09828e+00   1.10537e-05  -1.54680e-04
   2  p1           9.94183e-01   3.89400e-04   6.90629e-06  -2.67266e-03
   3  p2           6.31997e-03   3.90699e-04  -5.37586e-05  -8.35068e-04
   4  p3           1.52858e+01   1.25635e+00   7.65564e-04   2.35063e-04
   5  p4           1.24866e+01   7.78245e-01   2.46400e-04  -5.99020e-04
   6  p5           9.91445e-01   4.24828e-03   2.53684e-06  -5.80041e-02
   7  p6          -8.73241e-11   2.49039e-03   6.14485e-05** at limit **
   8  p7           1.63941e-02   1.36179e-03  -5.77889e-05  -3.24930e-03
                               ERR DEF= 0.5
 FCN=109.98 FROM MIGRAD    STATUS=CONVERGED     980 CALLS         981 TOTAL
                     EDM=1.75006e-07    STRATEGY= 1  ERROR MATRIX UNCERTAINTY   3.0 per cent
  EXT PARAMETER                                   STEP         FIRST   
  NO.   NAME      VALUE            ERROR          SIZE      DERIVATIVE 
   1  p0           8.17257e+01   4.03847e+00   4.75129e-04   3.46957e-03
   2  p1           9.92832e-01   3.66308e-04   2.18383e-05   8.10064e-03
   3  p2           7.26559e-03   3.27589e-04  -9.73776e-05   1.39688e-02
   4  p3           1.40375e+01   1.09763e+00  -2.76953e-03  -6.36901e-05
   5  p4           1.20460e+01   8.65340e-01  -1.62017e-03   4.08342e-04
   6  p5           9.83116e-01   5.65830e-03  -1.76408e-06   1.34985e-01
   7  p6          -9.76996e-13   3.74798e-03  -3.16173e-04** at limit **
   8  p7           1.87000e-02   1.59379e-03   5.53498e-05   3.90169e-03
                               ERR DEF= 0.5

****************************************
Minimizer is Linear
Chi2                      =      29.7064
NDf                       =           14
p0                        =      1.00633   +/-   0.000488488 
p1                        =  -5.3463e-06   +/-   2.59587e-07 
Calculation of survival fraction for 2104
 FCN=168.448 FROM MIGRAD    STATUS=CONVERGED     104 CALLS         105 TOTAL
                     EDM=1.93919e-07    STRATEGY= 1      ERROR MATRIX ACCURATE 
  EXT PARAMETER                                   STEP         FIRST   
  NO.   NAME      VALUE            ERROR          SIZE      DERIVATIVE 
   1  p0           3.87555e+01   2.45657e+00   1.77735e-02   2.02909e-04
   2  p1           2.10343e+03   9.37344e-02   1.00299e-03  -1.53731e-03
   3  p2           1.58026e+00   8.02107e-02   4.60741e-05   6.33054e-02
   4  p3           6.91778e+00   1.65051e-01   1.45024e-03   3.81670e-04
                               ERR DEF= 0.5
Area_tot = 857
Area_tot_psa = 239
Area = 488
Area_psa = 54
 FCN=177.624 FROM MIGRAD    STATUS=CONVERGED      90 CALLS          91 TOTAL
                     EDM=1.09621e-06    STRATEGY= 1      ERROR MATRIX ACCURATE 
  EXT PARAMETER                                   STEP         FIRST   
  NO.   NAME      VALUE            ERROR          SIZE      DERIVATIVE 
   1  p0           5.92548e+00   1.13658e+00   8.83840e-03   5.28320e-04
   2  p1           2.10302e+03   3.09502e-01   2.83155e-03  -1.68658e-03
   3  p2           1.54832e+00   2.31671e-01   1.46481e-04   4.46175e-02
   4  p3           3.27391e+00   1.15607e-01   1.03909e-03  -3.29254e-03
                               ERR DEF= 0.5
Calculation of survival fraction for 2614.5
 FCN=131.723 FROM MIGRAD    STATUS=CONVERGED     235 CALLS         236 TOTAL
                     EDM=2.97308e-08    STRATEGY= 1      ERROR MATRIX ACCURATE 
  EXT PARAMETER                                   STEP         FIRST   
  NO.   NAME      VALUE            ERROR          SIZE      DERIVATIVE 
   1  p0           3.39195e+02   7.35863e+00   4.72786e-02  -2.18503e-05
   2  p1           2.61469e+03   2.04640e-02   1.24678e-03   1.97480e-03
   3  p2           1.15140e+00   1.50240e-02   9.03516e-06  -8.79011e-02
   4  p3           1.04105e-01   2.65831e-02   2.10908e-04  -3.88678e-03
                               ERR DEF= 0.5
Area_tot = 3292
Area_tot_psa = 689
Area = 3257
Area_psa = 685
 FCN=144.833 FROM MIGRAD    STATUS=CONVERGED     160 CALLS         161 TOTAL
                     EDM=6.78646e-09    STRATEGY= 1  ERROR MATRIX UNCERTAINTY   2.5 per cent
  EXT PARAMETER                                   STEP         FIRST   
  NO.   NAME      VALUE            ERROR          SIZE      DERIVATIVE 
   1  p0           6.98288e+01   3.35105e+00   2.25521e-03   1.58527e-05
   2  p1           2.61475e+03   4.58457e-02  -2.47368e-05  -5.43645e-04
   3  p2           1.15195e+00   3.37231e-02  -6.04576e-07  -1.49164e-02
   4  p3           7.69135e-03   5.42798e-03   8.67384e-06  -1.25055e-02
                               ERR DEF= 0.5
Calculation of survival fraction background at 2039
Area = 1674
Area_psa = 859
Calculation of survival fraction background at 2380
Area = 663
Area_psa = 297
