
[1mRooFit v3.60 -- Developed by Wouter Verkerke and David Kirkby[0m 
                Copyright (C) 2000-2013 NIKHEF, University of California & Stanford University
                All rights reserved, please read http://roofit.sourceforge.net/license.txt

Using file /nfs/gerda6/users/burlac/psd/analysis/run0098-cal_dplms_10.tier.root
Analizing channel 35
Standard analysis 
Total events = 17201607
event n.1000000
event n.2000000
event n.3000000
event n.4000000
event n.5000000
event n.6000000
event n.7000000
event n.8000000
event n.9000000
event n.10000000
event n.11000000
event n.12000000
event n.13000000
event n.14000000
event n.15000000
event n.16000000
event n.17000000
Selected events: 98189
The time to read waveforms: 27.97 s
Initialization of DEP&FEP background  = 13
 FCN=115.002 FROM MIGRAD    STATUS=CONVERGED     230 CALLS         231 TOTAL
                     EDM=2.06292e-08    STRATEGY= 1      ERROR MATRIX ACCURATE 
  EXT PARAMETER                                   STEP         FIRST   
  NO.   NAME      VALUE            ERROR          SIZE      DERIVATIVE 
   1  p0           1.33599e+02   5.44146e+00   3.22128e-02   6.20485e-06
   2  p1           1.59268e+03   3.68654e-02   7.59448e-04   1.37624e-03
   3  p2           1.00770e+00   3.13249e-02   1.82895e-05   1.48169e-03
   4  p3           5.18468e+01   3.87740e+00   2.24898e-02   2.19909e-05
   5  p4           1.62080e+03   6.86663e-02   7.72859e-04   7.58761e-04
   6  p5           9.80085e-01   6.65417e-02   3.86530e-05   1.89009e-02
   7  p6           1.27486e+01   2.62850e-01   1.87602e-03   3.51561e-04
                               ERR DEF= 0.5
mean_aoe = 0.0463
AoE: max = 1.89478 max = 0.0967542
 FCN=1.4521 FROM MIGRAD    STATUS=CONVERGED     344 CALLS         345 TOTAL
                     EDM=4.2976e-08    STRATEGY= 1  ERROR MATRIX UNCERTAINTY   2.0 per cent
  EXT PARAMETER                                   STEP         FIRST   
  NO.   NAME      VALUE            ERROR          SIZE      DERIVATIVE 
   1  p0           8.29023e-01   3.27325e-01   9.00849e-04   1.23672e-04
   2  p1           9.98537e-01   6.68120e-03   5.97585e-06   1.97228e-02
   3  p2           1.92730e-02   5.04433e-03  -2.02279e-05  -5.21170e-03
   4  p3           6.25789e-03   7.22599e-03   1.79539e-05  -2.64202e-01
   5  p4           5.05658e-03   5.83486e-03   1.44975e-05   3.02988e-01
                               ERR DEF= 0.5
Total integral = 1160
Bin number = 100  AoE_lowCut = 51 -> 1.01
CutIntegral = 925
SF_dep = 0.797414
sigma_aoe = 0.019273
Total integral = 1160
Bin number = 250  AoE_lowCut = 123 -> 0.98
CutIntegral = 1041
SF_dep = 0.897414
sigma_aoe = 0.019273
Total integral = 1160
Bin number = 500  AoE_lowCut = 244 -> 0.974
CutIntegral = 1041
SF_dep = 0.897414
sigma_aoe = 0.019273
Total integral = 1160
Bin number = 1000  AoE_lowCut = 486 -> 0.971
CutIntegral = 1041
SF_dep = 0.897414
sigma_aoe = 0.019273
Total integral = 1160
Bin number = 1500  AoE_lowCut = 728 -> 0.97
CutIntegral = 1041
SF_dep = 0.897414
sigma_aoe = 0.019273
Total integral = 1160
Bin number = 2000  AoE_lowCut = 969 -> 0.9685
CutIntegral = 1048
SF_dep = 0.903448
sigma_aoe = 0.019273
Total integral = 1160
Bin number = 2500  AoE_lowCut = 1211 -> 0.9684
CutIntegral = 1048
SF_dep = 0.903448
sigma_aoe = 0.019273
Total integral = 1160
Bin number = 3000  AoE_lowCut = 1453 -> 0.968333
CutIntegral = 1048
SF_dep = 0.903448
sigma_aoe = 0.019273
Total integral = 1160
Bin number = 3500  AoE_lowCut = 1694 -> 0.967714
CutIntegral = 1049
SF_dep = 0.90431
sigma_aoe = 0.019273
Total integral = 1160
Bin number = 4000  AoE_lowCut = 1936 -> 0.96775
CutIntegral = 1048
SF_dep = 0.903448
sigma_aoe = 0.019273
Total integral = 1160
Bin number = 4500  AoE_lowCut = 2178 -> 0.967778
CutIntegral = 1048
SF_dep = 0.903448
sigma_aoe = 0.019273
Total integral = 1160
Bin number = 5000  AoE_lowCut = 2419 -> 0.9674
CutIntegral = 1049
SF_dep = 0.90431
sigma_aoe = 0.019273
Total integral = 1160
Bin number = 6000  AoE_lowCut = 2903 -> 0.9675
CutIntegral = 1048
SF_dep = 0.903448
sigma_aoe = 0.019273
Total integral = 1160
Bin number = 7000  AoE_lowCut = 3386 -> 0.967286
CutIntegral = 1049
SF_dep = 0.90431
sigma_aoe = 0.019273
Total integral = 1160
Bin number = 8000  AoE_lowCut = 3869 -> 0.967125
CutIntegral = 1049
SF_dep = 0.90431
sigma_aoe = 0.019273
Total integral = 1160
Bin number = 9000  AoE_lowCut = 4353 -> 0.967222
CutIntegral = 1049
SF_dep = 0.90431
sigma_aoe = 0.019273
Total integral = 1160
Bin number = 10000  AoE_lowCut = 4836 -> 0.9671
CutIntegral = 1049
SF_dep = 0.90431
sigma_aoe = 0.019273
