
[1mRooFit v3.60 -- Developed by Wouter Verkerke and David Kirkby[0m 
                Copyright (C) 2000-2013 NIKHEF, University of California & Stanford University
                All rights reserved, please read http://roofit.sourceforge.net/license.txt

Using file /nfs/gerda6/users/burlac/psd/analysis/run0098-cal_dplms_100.tier.root
Analizing channel 27
DPLMS analysis with weight 100
Total events = 17201607
event n.1000000
event n.2000000
event n.3000000
event n.4000000
event n.5000000
event n.6000000
event n.7000000
event n.8000000
event n.9000000
event n.10000000
event n.11000000
event n.12000000
event n.13000000
event n.14000000
event n.15000000
event n.16000000
event n.17000000
Selected events: 350431
The time to read waveforms: 32.91 s
Initialization of DEP&FEP background  = 38
 FCN=107.062 FROM MIGRAD    STATUS=CONVERGED     196 CALLS         197 TOTAL
                     EDM=1.91633e-09    STRATEGY= 1  ERROR MATRIX UNCERTAINTY   2.4 per cent
  EXT PARAMETER                                   STEP         FIRST   
  NO.   NAME      VALUE            ERROR          SIZE      DERIVATIVE 
   1  p0           6.11765e+01   2.92597e+00   2.06882e-03  -1.40861e-06
   2  p1           1.59489e+03   9.77516e-02   1.92985e-05  -5.96001e-04
   3  p2           2.69189e+00   1.30093e-01  -7.43657e-06  -9.16833e-04
   4  p3           1.23762e+02   3.64446e+00   1.46140e-03  -1.82750e-06
   5  p4           1.62306e+03   7.51355e-02   1.11883e-05   9.64361e-05
   6  p5           2.65669e+00   7.00805e-02  -4.79696e-06  -1.49820e-03
   7  p6           3.74802e+01   5.35343e-01   2.51212e-04   4.59688e-06
                               ERR DEF= 0.5
mean_aoe = 0.0389
AoE: max = 2.50557 max = 0.104273
 FCN=19.2028 FROM MIGRAD    STATUS=CONVERGED     525 CALLS         526 TOTAL
                     EDM=1.27926e-09    STRATEGY= 1      ERROR MATRIX ACCURATE 
  EXT PARAMETER                                   STEP         FIRST   
  NO.   NAME      VALUE            ERROR          SIZE      DERIVATIVE 
   1  p0           2.41286e-01   8.80317e-02   2.06978e-04  -3.80042e-04
   2  p1           9.94208e-01   2.17578e-02   5.99975e-05   1.44375e-04
   3  p2           5.53229e-02   2.17268e-02   1.94960e-04  -3.64245e-04
   4  p3          -3.55215e-01   8.85483e-02   3.55138e-05  -5.51437e-04
   5  p4           5.06239e-01   1.20797e-01   4.65323e-05  -4.08804e-04
                               ERR DEF= 0.5
AoE_lowCut = 0.883563
 FCN=107.201 FROM MIGRAD    STATUS=CONVERGED     250 CALLS         251 TOTAL
                     EDM=1.54268e-08    STRATEGY= 1  ERROR MATRIX UNCERTAINTY   2.5 per cent
  EXT PARAMETER                                   STEP         FIRST   
  NO.   NAME      VALUE            ERROR          SIZE      DERIVATIVE 
   1  p0           6.09270e+01   2.88738e+00  -4.50823e-04   3.19348e-05
   2  p1           1.59492e+03   1.26158e-01  -9.93228e-05   5.42639e-04
   3  p2           2.70343e+00   1.23963e-01  -2.47438e-07   2.53216e-02
   4  p3           1.16044e+02   3.51327e+00   1.09699e-03  -9.73773e-06
   5  p4           1.62304e+03   7.77516e-02   6.08472e-05   6.49626e-04
   6  p5           2.66982e+00   7.26874e-02  -6.36959e-07  -2.84425e-03
   7  p6           3.52586e+01   5.20104e-01   4.02811e-04   1.07843e-04
                               ERR DEF= 0.5
AreaDEP_tot = 4499
Area_DEP_tot_psa = 4325
AreaDEP = 3631
Area_DEP_psa = 3512
Area_FEP_tot = 5870
Area_FEP_tot_psa = 5528
Area_FEP = 2546
Area_FEP_psa = 2385
Calculation of AoE vs E correction
 FCN=772.775 FROM MIGRAD    STATUS=CONVERGED     786 CALLS         787 TOTAL
                     EDM=1.25193e-07    STRATEGY= 1  ERROR MATRIX UNCERTAINTY   2.4 per cent
  EXT PARAMETER                                   STEP         FIRST   
  NO.   NAME      VALUE            ERROR          SIZE      DERIVATIVE 
   1  p0           6.60000e+01   4.79811e-01   1.21130e-04** at limit **
   2  p1           1.02000e+00   1.08145e-05   1.23348e-05** at limit **
   3  p2           3.00000e-02   6.49257e-06  -5.08623e-06** at limit **
   4  p3           4.33124e+01   2.10052e+00  -1.21714e-03  -1.82301e-04
   5  p4           1.35667e+01   1.10639e+00  -1.84190e-03   9.47839e-04
   6  p5           9.72251e-01   2.03971e-03  -3.42835e-06  -5.87462e-03
   7  p6          -4.31522e-03   1.03978e-02   4.70816e-04   5.26280e-03
   8  p7           6.00109e-03   1.04073e-03   3.94992e-05  -4.38886e-04
                               ERR DEF= 0.5
 FCN=631.045 FROM MIGRAD    STATUS=CONVERGED     755 CALLS         756 TOTAL
                     EDM=5.22377e-08    STRATEGY= 1  ERROR MATRIX UNCERTAINTY   1.6 per cent
  EXT PARAMETER                                   STEP         FIRST   
  NO.   NAME      VALUE            ERROR          SIZE      DERIVATIVE 
   1  p0           5.73117e+01   1.23814e+00  -6.09653e-05  -2.12577e-03
   2  p1           1.02000e+00   1.71349e-05   2.40175e-06** at limit **
   3  p2           3.00000e-02   8.27547e-06   1.14578e-05** at limit **
   4  p3           3.33288e+01   1.59628e+00  -1.69752e-03   7.81660e-05
   5  p4           1.26906e+01   5.59165e-01  -6.56496e-04   2.66467e-05
   6  p5           9.70362e-01   2.13090e-03  -1.11685e-06   5.58045e-02
   7  p6          -1.09647e-10   9.01712e-03  -3.82171e-05** at limit **
   8  p7           6.74268e-03   1.07190e-03   3.74312e-05  -1.69610e-03
                               ERR DEF= 0.5
 FCN=507.512 FROM MIGRAD    STATUS=CONVERGED     952 CALLS         953 TOTAL
                     EDM=3.93053e-07    STRATEGY= 1      ERROR MATRIX ACCURATE 
  EXT PARAMETER                                   STEP         FIRST   
  NO.   NAME      VALUE            ERROR          SIZE      DERIVATIVE 
   1  p0           4.67547e+01   1.20630e+00   3.38025e-03  -1.05078e-03
   2  p1           1.02000e+00   2.06869e-05   7.07956e-04** at limit **
   3  p2           3.00000e-02   1.03866e-05   6.34514e-04** at limit **
   4  p3           2.85116e+01   1.48413e+00   1.37315e-02  -4.77180e-04
   5  p4           1.22200e+01   6.15221e-01   4.83166e-03   1.14938e-03
   6  p5           9.73205e-01   2.27658e-03   2.36316e-05   4.08003e-02
   7  p6          -1.66737e-08   1.64751e-01   1.18976e-02** at limit **
   8  p7           5.77846e-03   1.16258e-03   1.65321e-03   6.09086e-04
                               ERR DEF= 0.5
 FCN=544.044 FROM MIGRAD    STATUS=CONVERGED     715 CALLS         716 TOTAL
                     EDM=6.52864e-08    STRATEGY= 1  ERROR MATRIX UNCERTAINTY   1.2 per cent
  EXT PARAMETER                                   STEP         FIRST   
  NO.   NAME      VALUE            ERROR          SIZE      DERIVATIVE 
   1  p0           4.68000e+01   4.04479e-01  -1.22298e-05** at limit **
   2  p1           1.02000e+00   1.65036e-05  -5.71950e-05** at limit **
   3  p2           3.00000e-02   9.22561e-06   1.19886e-05** at limit **
   4  p3           2.59324e+01   1.39773e+00  -2.55697e-04   7.16536e-05
   5  p4           1.20874e+01   5.92655e-01  -1.25349e-03  -2.61244e-04
   6  p5           9.73162e-01   2.12121e-03   1.52650e-06  -1.17239e-02
   7  p6          -1.26279e-09   1.61987e-02   4.94107e-05** at limit **
   8  p7           5.59114e-03   1.10316e-03   2.34327e-05  -1.17131e-04
                               ERR DEF= 0.5
 FCN=548.556 FROM MIGRAD    STATUS=CONVERGED     967 CALLS         968 TOTAL
                     EDM=6.86931e-08    STRATEGY= 1  ERROR MATRIX UNCERTAINTY   5.7 per cent
  EXT PARAMETER                                   STEP         FIRST   
  NO.   NAME      VALUE            ERROR          SIZE      DERIVATIVE 
   1  p0           4.55892e+01   1.16080e+00   4.83463e-05   7.54298e-04
   2  p1           1.02000e+00   1.99777e-05   5.61687e-05** at limit **
   3  p2           3.00000e-02   9.44954e-06  -2.23412e-05** at limit **
   4  p3           2.80393e+01   1.47520e+00  -1.77322e-03   2.61021e-04
   5  p4           1.24572e+01   1.24349e+00  -1.71998e-03  -3.86969e-04
   6  p5           9.71171e-01   2.22664e-03   1.65938e-06   6.13556e-03
   7  p6          -2.06480e-02   1.52461e-02  -1.21794e-04   4.64330e-03
   8  p7           5.91998e-03   1.26633e-03  -1.12920e-04  -1.01352e-03
                               ERR DEF= 0.5
 FCN=620.45 FROM MIGRAD    STATUS=CONVERGED     950 CALLS         951 TOTAL
                     EDM=8.40233e-07    STRATEGY= 1      ERROR MATRIX ACCURATE 
  EXT PARAMETER                                   STEP         FIRST   
  NO.   NAME      VALUE            ERROR          SIZE      DERIVATIVE 
   1  p0           4.38484e+01   1.18044e+00   2.12285e-03  -2.87983e-03
   2  p1           1.02000e+00   1.98176e-05   7.66063e-04** at limit **
   3  p2           3.00000e-02   9.29231e-06   6.63533e-04** at limit **
   4  p3           2.76087e+01   1.53896e+00   1.54449e-02  -4.92021e-04
   5  p4           1.22554e+01   1.28783e+00   4.89497e-03   2.52505e-04
   6  p5           9.71726e-01   2.22884e-03   2.67544e-05  -1.03892e-01
   7  p6          -1.81262e-02   1.68540e-02   6.18717e-04  -1.25111e-03
   8  p7           5.98837e-03   1.04349e-03   1.64288e-03   4.98671e-03
                               ERR DEF= 0.5
 FCN=147.269 FROM MIGRAD    STATUS=CONVERGED    1262 CALLS        1263 TOTAL
                     EDM=1.25473e-06    STRATEGY= 1      ERROR MATRIX ACCURATE 
  EXT PARAMETER                                   STEP         FIRST   
  NO.   NAME      VALUE            ERROR          SIZE      DERIVATIVE 
   1  p0           2.04000e+01   9.08521e-02   1.12134e-03** at limit **
   2  p1           9.80000e-01   5.15745e-04   1.91019e-03** at limit **
   3  p2           3.00000e-02   3.66461e-04   2.03632e-03** at limit **
   4  p3           3.20827e+01   1.36341e+00   7.24378e-03  -5.42089e-06
   5  p4           4.25817e+00   5.20210e-01   3.77626e-04   1.27797e-03
   6  p5           1.10369e+00   5.43055e-03   1.99016e-05  -5.85640e-03
   7  p6          -1.72968e-01   3.89025e-02   7.50109e-05  -9.67017e-04
   8  p7           6.19371e-03   3.50086e-03   1.59484e-03   3.36269e-04
                               ERR DEF= 0.5
 FCN=498.686 FROM MIGRAD    STATUS=CONVERGED     983 CALLS         984 TOTAL
                     EDM=2.28021e-07    STRATEGY= 1  ERROR MATRIX UNCERTAINTY   2.6 per cent
  EXT PARAMETER                                   STEP         FIRST   
  NO.   NAME      VALUE            ERROR          SIZE      DERIVATIVE 
   1  p0           4.37236e+01   1.13329e+00   3.34463e-04   4.84245e-03
   2  p1           1.02000e+00   2.04092e-05   1.89968e-04** at limit **
   3  p2           3.00000e-02   9.73673e-06   1.16325e-04** at limit **
   4  p3           2.85329e+01   1.69427e+00  -3.47232e-03   4.53814e-04
   5  p4           1.45826e+01   1.41216e+00  -1.83203e-03  -6.02283e-04
   6  p5           9.70701e-01   2.62755e-03  -9.31352e-06  -2.95613e-02
   7  p6          -6.62298e-03   1.08693e-02  -3.40197e-04   1.90129e-03
   8  p7           6.97737e-03   1.13884e-03  -2.09491e-04  -5.35942e-04
                               ERR DEF= 0.5
 FCN=133.178 FROM MIGRAD    STATUS=CONVERGED    1251 CALLS        1252 TOTAL
                     EDM=1.4764e-07    STRATEGY= 1  ERROR MATRIX UNCERTAINTY   2.5 per cent
  EXT PARAMETER                                   STEP         FIRST   
  NO.   NAME      VALUE            ERROR          SIZE      DERIVATIVE 
   1  p0           2.46000e+01   1.12329e-01   3.94861e-04** at limit **
   2  p1           9.80000e-01   8.97104e-04  -4.36933e-04** at limit **
   3  p2           3.00000e-02   2.51029e-04  -1.21655e-04** at limit **
   4  p3           4.19349e+01   4.53694e+00   2.57700e-05   2.96753e-04
   5  p4           5.34118e+00   5.98137e-01  -2.43215e-03  -5.43487e-03
   6  p5           1.11817e+00   1.57951e-02   1.77905e-05  -9.89538e-02
   7  p6          -1.01919e-01   2.81174e-02  -3.63305e-04   3.16346e-02
   8  p7           1.71572e-02   9.14115e-03  -3.83726e-04  -1.21704e-03
                               ERR DEF= 0.5
 FCN=142.811 FROM MIGRAD    STATUS=CONVERGED     907 CALLS         908 TOTAL
                     EDM=9.40013e-08    STRATEGY= 1      ERROR MATRIX ACCURATE 
  EXT PARAMETER                                   STEP         FIRST   
  NO.   NAME      VALUE            ERROR          SIZE      DERIVATIVE 
   1  p0           2.40000e+01   1.16563e-01   1.16465e-03** at limit **
   2  p1           9.80000e-01   1.38652e-03   3.34148e-03** at limit **
   3  p2           3.00000e-02   2.21749e-04   1.58769e-03** at limit **
   4  p3           6.29657e+01   1.01811e+00   1.27183e-02  -4.37153e-05
   5  p4           4.79429e+00   5.44372e-01   2.21329e-04   8.22609e-04
   6  p5           1.18705e+00   1.19985e-02   1.76376e-05   1.69290e-02
   7  p6          -9.66655e-02   2.14022e-02   3.75714e-05  -7.41550e-04
   8  p7           6.57356e-03   5.29548e-02   1.45575e-01  -4.31024e-05
                               ERR DEF= 0.5
 FCN=576.505 FROM MIGRAD    STATUS=CONVERGED    1126 CALLS        1127 TOTAL
                     EDM=1.08209e-06    STRATEGY= 1      ERROR MATRIX ACCURATE 
  EXT PARAMETER                                   STEP         FIRST   
  NO.   NAME      VALUE            ERROR          SIZE      DERIVATIVE 
   1  p0           4.66622e+01   1.22294e+00   1.89172e-03  -4.41117e-04
   2  p1           1.02000e+00   2.00328e-05   7.42494e-04** at limit **
   3  p2           3.00000e-02   9.54247e-06   6.48161e-04** at limit **
   4  p3           3.35966e+01   1.86918e+00   1.77096e-02  -3.63793e-04
   5  p4           1.47159e+01   1.27234e+00   4.95033e-03   2.41445e-03
   6  p5           9.66480e-01   2.96279e-03   2.52472e-05   2.81221e-01
   7  p6          -1.49910e-02   8.53783e-03   3.97829e-04  -2.96591e-02
   8  p7           8.21327e-03   1.17707e-03   8.16616e-04   3.21428e-03
                               ERR DEF= 0.5
 FCN=589.281 FROM MIGRAD    STATUS=CONVERGED    1091 CALLS        1092 TOTAL
                     EDM=7.75544e-08    STRATEGY= 1  ERROR MATRIX UNCERTAINTY   3.3 per cent
  EXT PARAMETER                                   STEP         FIRST   
  NO.   NAME      VALUE            ERROR          SIZE      DERIVATIVE 
   1  p0           4.66044e+01   1.10216e+00  -1.45313e-04   6.06732e-04
   2  p1           1.02000e+00   2.10484e-05  -3.35468e-05** at limit **
   3  p2           3.00000e-02   9.14895e-06  -2.77573e-05** at limit **
   4  p3           3.19963e+01   1.72997e+00   2.16078e-03  -2.50058e-04
   5  p4           1.41040e+01   1.07671e+00   6.04463e-04   9.80013e-04
   6  p5           9.69863e-01   2.13930e-03   3.17118e-07   1.06745e-01
   7  p6          -1.78561e-02   8.54668e-03   1.78454e-05  -6.32910e-03
   8  p7           6.77408e-03   1.08348e-03  -2.80411e-05   4.13010e-04
                               ERR DEF= 0.5
 FCN=651.383 FROM MIGRAD    STATUS=CONVERGED     988 CALLS         989 TOTAL
                     EDM=2.09491e-07    STRATEGY= 1      ERROR MATRIX ACCURATE 
  EXT PARAMETER                                   STEP         FIRST   
  NO.   NAME      VALUE            ERROR          SIZE      DERIVATIVE 
   1  p0           5.65556e+01   1.34379e+00   2.04885e-03  -1.21679e-04
   2  p1           1.02000e+00   1.68694e-05   7.24177e-04** at limit **
   3  p2           3.00000e-02   8.04159e-06   6.32450e-04** at limit **
   4  p3           4.16166e+01   2.22831e+00   2.13530e-02  -2.29818e-04
   5  p4           1.58724e+01   1.21848e+00   5.86059e-03   1.15416e-03
   6  p5           9.70819e-01   2.17297e-03   2.21833e-05   2.41895e-01
   7  p6          -3.02679e-03   7.05151e-03   9.51544e-04   7.18298e-03
   8  p7           6.56574e-03   9.94451e-04   1.09064e-03  -1.08041e-03
                               ERR DEF= 0.5
 FCN=711.664 FROM MIGRAD    STATUS=CONVERGED    1199 CALLS        1200 TOTAL
                     EDM=3.38441e-07    STRATEGY= 1  ERROR MATRIX UNCERTAINTY   1.5 per cent
  EXT PARAMETER                                   STEP         FIRST   
  NO.   NAME      VALUE            ERROR          SIZE      DERIVATIVE 
   1  p0           6.40038e+01   1.39121e+00   6.45895e-04  -6.53693e-04
   2  p1           1.02000e+00   1.48105e-05   3.90415e-05** at limit **
   3  p2           3.00000e-02   6.71873e-06   7.47313e-05** at limit **
   4  p3           4.83239e+01   2.16575e+00   6.56596e-04   1.91066e-04
   5  p4           1.59486e+01   9.56895e-01   3.90479e-04   1.98810e-04
   6  p5           9.67575e-01   2.19139e-03   1.03387e-06  -9.64933e-02
   7  p6          -1.51293e-02   4.60838e-03   5.04013e-05  -3.41685e-02
   8  p7           8.27875e-03   9.98858e-04   1.26569e-04  -6.09580e-04
                               ERR DEF= 0.5
 FCN=814.351 FROM MIGRAD    STATUS=CONVERGED    1073 CALLS        1074 TOTAL
                     EDM=1.50749e-07    STRATEGY= 1  ERROR MATRIX UNCERTAINTY   3.0 per cent
  EXT PARAMETER                                   STEP         FIRST   
  NO.   NAME      VALUE            ERROR          SIZE      DERIVATIVE 
   1  p0           7.73580e+01   1.55154e+00  -2.17156e-05  -2.30149e-04
   2  p1           1.02000e+00   1.31213e-05  -2.28765e-06** at limit **
   3  p2           3.00000e-02   6.02371e-06   5.72357e-05** at limit **
   4  p3           5.72001e+01   2.22406e+00   3.48190e-03  -2.58682e-04
   5  p4           1.80887e+01   6.73266e-01  -1.13869e-04   6.95140e-04
   6  p5           9.62910e-01   2.03785e-03   1.98484e-06   2.98203e-01
   7  p6          -3.09388e-11   1.80150e-03  -3.44619e-04** at limit **
   8  p7           8.95624e-03   8.42049e-04  -2.97163e-05   7.15277e-03
                               ERR DEF= 0.5
 FCN=883.158 FROM MIGRAD    STATUS=CONVERGED     974 CALLS         975 TOTAL
                     EDM=1.4912e-08    STRATEGY= 1  ERROR MATRIX UNCERTAINTY   1.8 per cent
  EXT PARAMETER                                   STEP         FIRST   
  NO.   NAME      VALUE            ERROR          SIZE      DERIVATIVE 
   1  p0           8.75384e+01   1.30106e+00  -8.50294e-05   6.93957e-04
   2  p1           1.02000e+00   1.19216e-05   8.44522e-05** at limit **
   3  p2           3.00000e-02   5.40384e-06   3.72894e-05** at limit **
   4  p3           7.14225e+01   3.02286e+00   3.37082e-03   1.92299e-08
   5  p4           1.88151e+01   1.10662e+00   5.45557e-04  -1.02172e-04
   6  p5           9.65574e-01   2.14883e-03   2.15063e-07   5.82841e-02
   7  p6          -3.13356e-03   3.72631e-03   5.84050e-05   2.16094e-03
   8  p7           8.79670e-03   8.07705e-04  -4.97507e-05  -1.85435e-03
                               ERR DEF= 0.5

****************************************
Minimizer is Linear
Chi2                      =       8834.6
NDf                       =           14
p0                        =      1.01999   +/-   1.38911e-05 
p1                        =  6.43693e-10   +/-   7.75582e-09 
Calculation of survival fraction for 2104
 FCN=149.268 FROM MIGRAD    STATUS=CONVERGED     106 CALLS         107 TOTAL
                     EDM=5.37003e-09    STRATEGY= 1      ERROR MATRIX ACCURATE 
  EXT PARAMETER                                   STEP         FIRST   
  NO.   NAME      VALUE            ERROR          SIZE      DERIVATIVE 
   1  p0           2.08699e+02   4.15841e+00   2.80923e-02  -1.49942e-05
   2  p1           2.10526e+03   5.89677e-02   1.00387e-03   4.67453e-06
   3  p2           3.14667e+00   5.33103e-02   2.00927e-05  -9.65888e-04
   4  p3           4.68462e+01   4.42924e-01   3.55636e-03  -1.00675e-04
                               ERR DEF= 0.5
Area_tot = 10066
Area_tot_psa = 8959
Area = 5512
Area_psa = 4600
 FCN=151.905 FROM MIGRAD    STATUS=CONVERGED     136 CALLS         137 TOTAL
                     EDM=1.63609e-08    STRATEGY= 1      ERROR MATRIX ACCURATE 
  EXT PARAMETER                                   STEP         FIRST   
  NO.   NAME      VALUE            ERROR          SIZE      DERIVATIVE 
   1  p0           1.75667e+02   3.87770e+00   2.64447e-02  -1.08313e-05
   2  p1           2.10525e+03   6.58434e-02   1.00386e-03  -1.11068e-03
   3  p2           3.14223e+00   5.98995e-02   2.27953e-05  -1.92660e-02
   4  p3           4.45716e+01   4.31880e-01   3.49080e-03   1.64916e-04
                               ERR DEF= 0.5
Calculation of survival fraction for 2614.5
 FCN=560.71 FROM MIGRAD    STATUS=CONVERGED     123 CALLS         124 TOTAL
                     EDM=3.65759e-08    STRATEGY= 1  ERROR MATRIX UNCERTAINTY   2.8 per cent
  EXT PARAMETER                                   STEP         FIRST   
  NO.   NAME      VALUE            ERROR          SIZE      DERIVATIVE 
   1  p0           1.91949e+03   1.03590e+01  -3.11505e-02  -7.16326e-07
   2  p1           2.61445e+03   1.46224e-02   1.72510e-05  -5.38582e-04
   3  p2           3.29500e+00   1.08142e-02   1.76428e-06   2.89479e-01
   4  p3           6.69718e+00   1.82262e-01   5.70471e-04  -9.37545e-04
                               ERR DEF= 0.5
Area_tot = 53575
Area_tot_psa = 50447
Area = 52798
Area_psa = 49755
 FCN=524.14 FROM MIGRAD    STATUS=CONVERGED     128 CALLS         129 TOTAL
                     EDM=1.36008e-09    STRATEGY= 1      ERROR MATRIX ACCURATE 
  EXT PARAMETER                                   STEP         FIRST   
  NO.   NAME      VALUE            ERROR          SIZE      DERIVATIVE 
   1  p0           1.81019e+03   1.00738e+01   1.28906e-01   2.27325e-06
   2  p1           2.61444e+03   1.50308e-02   1.24666e-03  -1.94880e-03
   3  p2           3.29224e+00   1.11452e-02   7.93496e-06   3.34717e-02
   4  p3           5.91993e+00   1.73247e-01   2.71520e-03  -4.64758e-05
                               ERR DEF= 0.5
Calculation of survival fraction background at 2039
Area = 9999
Area_psa = 9486
