
[1mRooFit v3.60 -- Developed by Wouter Verkerke and David Kirkby[0m 
                Copyright (C) 2000-2013 NIKHEF, University of California & Stanford University
                All rights reserved, please read http://roofit.sourceforge.net/license.txt

Using file /nfs/gerda6/users/burlac/psd/analysis/run0098-cal_dplms_10.tier.root
Analizing channel 19
DPLMS analysis with weight 10
Total events = 17201607
event n.1000000
event n.2000000
event n.3000000
event n.4000000
event n.5000000
event n.6000000
event n.7000000
event n.8000000
event n.9000000
event n.10000000
event n.11000000
event n.12000000
event n.13000000
event n.14000000
event n.15000000
event n.16000000
event n.17000000
Selected events: 117625
The time to read waveforms: 48.72 s
Initialization of DEP&FEP background  = 14
 FCN=115.538 FROM MIGRAD    STATUS=CONVERGED     229 CALLS         230 TOTAL
                     EDM=9.75218e-07    STRATEGY= 1      ERROR MATRIX ACCURATE 
  EXT PARAMETER                                   STEP         FIRST   
  NO.   NAME      VALUE            ERROR          SIZE      DERIVATIVE 
   1  p0           1.90206e+02   6.50467e+00   3.86448e-02   3.79817e-05
   2  p1           1.59263e+03   2.92364e-02   7.59424e-04   2.69496e-02
   3  p2           9.69357e-01   2.44410e-02   1.46768e-05  -2.05461e-02
   4  p3           8.23876e+01   4.73992e+00   2.81485e-02   7.97692e-05
   5  p4           1.62077e+03   4.88078e-02   7.72845e-04   7.64886e-03
   6  p5           9.12361e-01   4.32289e-02   2.67385e-05   6.69493e-02
   7  p6           1.41513e+01   2.74404e-01   1.98005e-03   1.06364e-03
                               ERR DEF= 0.5
mean_aoe = 0.1521
AoE: max = 1.40855 max = 0.142017
 FCN=0.420579 FROM MIGRAD    STATUS=CONVERGED     371 CALLS         372 TOTAL
                     EDM=4.1871e-08    STRATEGY= 1  ERROR MATRIX UNCERTAINTY   4.0 per cent
  EXT PARAMETER                                   STEP         FIRST   
  NO.   NAME      VALUE            ERROR          SIZE      DERIVATIVE 
   1  p0           1.08091e+00   7.73552e-01   3.93866e-03   2.54045e-04
   2  p1           9.99869e-01   2.55845e-03   2.38812e-06   5.12627e-03
   3  p2           4.30483e-03   1.77941e-03  -1.07351e-04   1.29714e-02
   4  p3           2.34989e-03   3.69660e-03   1.88959e-05   1.47854e+00
   5  p4           2.05509e-03   3.23017e-03   1.65118e-05  -1.67758e+00
                               ERR DEF= 0.5
Analysis with a fixed bin for LowCut
Total integral = 1490
AoE_lowCut = 1988 -> 0.99375
CutIntegral = 1347
SF_dep = 0.904027
sigma_aoe = 0.00430483
 FCN=116.363 FROM MIGRAD    STATUS=CONVERGED     189 CALLS         190 TOTAL
                     EDM=1.17101e-09    STRATEGY= 1      ERROR MATRIX ACCURATE 
  EXT PARAMETER                                   STEP         FIRST   
  NO.   NAME      VALUE            ERROR          SIZE      DERIVATIVE 
   1  p0           1.66933e+02   5.95875e+00   3.53938e-02   4.18291e-06
   2  p1           1.59263e+03   2.97157e-02   7.59424e-04   5.05802e-04
   3  p2           9.69438e-01   2.45592e-02   1.47564e-05   7.77337e-03
   4  p3           1.23251e+01   2.07093e+00   1.24201e-02  -1.55635e-06
   5  p4           1.62080e+03   1.87514e-01   1.36026e-03   1.04901e-04
   6  p5           1.06685e+00   1.73570e-01   9.80579e-05  -6.44314e-05
   7  p6           6.82615e+00   1.96342e-01   1.40615e-03   6.41134e-05
                               ERR DEF= 0.5
AreaDEP_tot = 1982
Area_DEP_tot_psa = 1582
AreaDEP = 1470
Area_DEP_psa = 1307
Area_FEP_tot = 1046
Area_FEP_tot_psa = 331
Area_FEP = 597
Area_FEP_psa = 121
Calculation of AoE vs E correction
 FCN=114.807 FROM MIGRAD    STATUS=CONVERGED    1077 CALLS        1078 TOTAL
                     EDM=4.18663e-07    STRATEGY= 1  ERROR MATRIX UNCERTAINTY   3.8 per cent
  EXT PARAMETER                                   STEP         FIRST   
  NO.   NAME      VALUE            ERROR          SIZE      DERIVATIVE 
   1  p0           1.49755e+02   5.70531e+00  -3.40932e-05  -4.20838e-03
   2  p1           9.99889e-01   2.31501e-04   9.71822e-06  -3.67751e-03
   3  p2           6.65316e-03   2.18832e-04  -5.05912e-05  -1.81571e-02
   4  p3           2.14930e+01   1.15505e+00  -8.54612e-04  -3.98480e-04
   5  p4           7.50726e+00   4.92818e-01  -5.66194e-04   2.20304e-03
   6  p5           9.95886e-01   4.91880e-03   7.01487e-06   1.70081e-01
   7  p6          -1.06529e-09   1.90986e-02  -1.19504e-03** at limit **
   8  p7           1.95616e-02   1.54735e-03  -1.86114e-05   1.67396e-02
                               ERR DEF= 0.5
 FCN=122.03 FROM MIGRAD    STATUS=CONVERGED    1093 CALLS        1094 TOTAL
                     EDM=1.43432e-07    STRATEGY= 1  ERROR MATRIX UNCERTAINTY   2.2 per cent
  EXT PARAMETER                                   STEP         FIRST   
  NO.   NAME      VALUE            ERROR          SIZE      DERIVATIVE 
   1  p0           1.52463e+02   6.14475e+00  -1.63346e-04  -1.06474e-03
   2  p1           1.00071e+00   2.02834e-04   5.98026e-06   2.93238e-02
   3  p2           5.70166e-03   1.84804e-04   1.68392e-04   5.25699e-05
   4  p3           1.79061e+01   1.03258e+00   2.88886e-03   2.39045e-04
   5  p4           7.41591e+00   4.81075e-01   1.51585e-04   1.32867e-04
   6  p5           1.00056e+00   3.53456e-03  -8.99008e-06   1.17147e-01
   7  p6          -2.92136e-10   9.17513e-03  -7.08471e-04** at limit **
   8  p7           1.50666e-02   1.20407e-03   6.91388e-05   7.93042e-03
                               ERR DEF= 0.5
 FCN=102.402 FROM MIGRAD    STATUS=CONVERGED    1073 CALLS        1074 TOTAL
                     EDM=9.72514e-08    STRATEGY= 1  ERROR MATRIX UNCERTAINTY   3.4 per cent
  EXT PARAMETER                                   STEP         FIRST   
  NO.   NAME      VALUE            ERROR          SIZE      DERIVATIVE 
   1  p0           1.57909e+02   6.45804e+00  -3.53404e-04   1.02560e-03
   2  p1           9.99479e-01   1.93150e-04   1.87689e-05  -7.50758e-03
   3  p2           5.37212e-03   1.74860e-04   9.64157e-05   2.82756e-03
   4  p3           1.65271e+01   1.04521e+00  -7.79729e-04   3.74309e-04
   5  p4           8.72709e+00   5.71944e-01  -9.92737e-04  -1.00989e-03
   6  p5           1.00140e+00   4.36250e-03   4.41012e-06  -2.85672e-02
   7  p6          -4.61582e-10   1.25664e-02   5.58930e-04** at limit **
   8  p7           1.57037e-02   1.47699e-03  -5.41910e-05   4.63580e-04
                               ERR DEF= 0.5
 FCN=111.938 FROM MIGRAD    STATUS=CONVERGED    1255 CALLS        1256 TOTAL
                     EDM=8.78932e-08    STRATEGY= 1  ERROR MATRIX UNCERTAINTY   2.3 per cent
  EXT PARAMETER                                   STEP         FIRST   
  NO.   NAME      VALUE            ERROR          SIZE      DERIVATIVE 
   1  p0           1.56852e+02   5.37094e+00  -3.57671e-06  -3.24109e-03
   2  p1           1.00029e+00   1.84443e-04   9.54326e-07  -8.71673e-03
   3  p2           5.00000e-03   1.33365e-04  -5.70848e-05** at limit **
   4  p3           1.81124e+01   1.04039e+00  -7.63237e-04  -1.77063e-04
   5  p4           8.87714e+00   5.53043e-01  -9.27640e-04   1.42506e-04
   6  p5           9.98985e-01   3.74632e-03   4.58471e-07  -3.51230e-02
   7  p6          -5.43759e-10   1.06425e-02  -1.54675e-05** at limit **
   8  p7           1.52315e-02   1.23413e-03  -1.14000e-06  -3.46551e-03
                               ERR DEF= 0.5
 FCN=128.761 FROM MIGRAD    STATUS=CONVERGED    1081 CALLS        1082 TOTAL
                     EDM=1.10331e-07    STRATEGY= 1  ERROR MATRIX UNCERTAINTY   2.7 per cent
  EXT PARAMETER                                   STEP         FIRST   
  NO.   NAME      VALUE            ERROR          SIZE      DERIVATIVE 
   1  p0           1.59260e+02   5.39086e+00  -1.19778e-04   8.86426e-04
   2  p1           9.99388e-01   1.76324e-04  -3.33228e-06   4.52851e-03
   3  p2           5.00000e-03   2.08856e-05  -1.12343e-04** at limit **
   4  p3           1.72136e+01   9.92064e-01   1.25459e-03  -4.52973e-04
   5  p4           9.16155e+00   5.89245e-01   6.17871e-04   1.35670e-03
   6  p5           9.95401e-01   3.90809e-03  -4.16970e-06   9.57653e-02
   7  p6          -6.66069e-11   1.29875e-02   6.76763e-04** at limit **
   8  p7           1.72701e-02   1.26126e-03   8.77854e-06   8.44965e-04
                               ERR DEF= 0.5
 FCN=149.025 FROM MIGRAD    STATUS=CONVERGED    1089 CALLS        1090 TOTAL
                     EDM=3.31367e-07    STRATEGY= 1  ERROR MATRIX UNCERTAINTY   1.5 per cent
  EXT PARAMETER                                   STEP         FIRST   
  NO.   NAME      VALUE            ERROR          SIZE      DERIVATIVE 
   1  p0           1.48967e+02   5.28761e+00  -9.18099e-05   2.79634e-03
   2  p1           9.99117e-01   1.88721e-04  -2.57647e-05   3.60127e-03
   3  p2           5.00000e-03   2.32264e-05   9.34390e-05** at limit **
   4  p3           2.16526e+01   1.19602e+00  -2.63975e-03   6.67653e-05
   5  p4           1.16376e+01   5.95418e-01  -2.25405e-03   2.38060e-04
   6  p5           9.96082e-01   2.97410e-03   3.72292e-06  -3.36187e-02
   7  p6          -1.33734e-09   3.81557e-03   3.93300e-04** at limit **
   8  p7           1.38732e-02   9.54143e-04   8.71475e-07   6.44274e-03
                               ERR DEF= 0.5
 FCN=140.269 FROM MIGRAD    STATUS=CONVERGED    1164 CALLS        1165 TOTAL
                     EDM=2.78498e-07    STRATEGY= 1      ERROR MATRIX ACCURATE 
  EXT PARAMETER                                   STEP         FIRST   
  NO.   NAME      VALUE            ERROR          SIZE      DERIVATIVE 
   1  p0           1.36273e+02   5.08652e+00   8.37050e-04   3.36940e-04
   2  p1           9.98703e-01   1.95093e-04   7.94120e-05   6.35499e-03
   3  p2           5.00000e-03   2.37842e-05   5.05515e-04** at limit **
   4  p3           1.78513e+01   1.07402e+00   5.42282e-03   6.22889e-04
   5  p4           1.11131e+01   6.46997e-01   2.84247e-03  -1.44775e-03
   6  p5           9.93001e-01   3.30809e-03   1.67227e-05  -9.34028e-02
   7  p6          -5.40739e-11   8.80480e-03   1.53866e-03** at limit **
   8  p7           1.36550e-02   1.06275e-03   2.36880e-04   1.18697e-03
                               ERR DEF= 0.5
 FCN=159.827 FROM MIGRAD    STATUS=CONVERGED    1054 CALLS        1055 TOTAL
                     EDM=5.4993e-07    STRATEGY= 1  ERROR MATRIX UNCERTAINTY   2.2 per cent
  EXT PARAMETER                                   STEP         FIRST   
  NO.   NAME      VALUE            ERROR          SIZE      DERIVATIVE 
   1  p0           1.57431e+02   5.51180e+00  -3.18856e-04  -5.33155e-03
   2  p1           9.98253e-01   1.85487e-04   3.49946e-05  -1.86018e-02
   3  p2           5.00000e-03   2.24612e-05   1.62034e-04** at limit **
   4  p3           2.40669e+01   1.21231e+00  -2.92331e-03  -2.65945e-04
   5  p4           1.20862e+01   5.16389e-01  -1.11436e-04   1.93692e-03
   6  p5           9.94805e-01   2.61181e-03   5.29388e-06   7.71341e-02
   7  p6          -1.26249e-10   1.28175e-03  -3.21192e-04** at limit **
   8  p7           1.20601e-02   8.16661e-04  -1.09710e-04  -7.36304e-03
                               ERR DEF= 0.5
 FCN=154.521 FROM MIGRAD    STATUS=CONVERGED    1115 CALLS        1116 TOTAL
                     EDM=3.17349e-07    STRATEGY= 1  ERROR MATRIX UNCERTAINTY   2.0 per cent
  EXT PARAMETER                                   STEP         FIRST   
  NO.   NAME      VALUE            ERROR          SIZE      DERIVATIVE 
   1  p0           1.57336e+02   5.62107e+00  -2.32493e-04  -2.90576e-03
   2  p1           9.97570e-01   1.84481e-04   1.17847e-05   4.41901e-02
   3  p2           5.00000e-03   2.04049e-05   4.52003e-04** at limit **
   4  p3           3.02593e+01   1.47730e+00   2.32208e-03  -3.92386e-04
   5  p4           1.36178e+01   6.09518e-01  -3.04953e-03   1.51333e-04
   6  p5           9.90715e-01   2.63619e-03   1.14388e-05  -2.60983e-01
   7  p6          -2.10387e-13   1.38037e-03   9.75574e-05** at limit **
   8  p7           1.31300e-02   7.92050e-04  -1.45119e-04  -6.91892e-03
                               ERR DEF= 0.5
 FCN=193.809 FROM MIGRAD    STATUS=CONVERGED    1156 CALLS        1157 TOTAL
                     EDM=3.66532e-07    STRATEGY= 1  ERROR MATRIX UNCERTAINTY   2.7 per cent
  EXT PARAMETER                                   STEP         FIRST   
  NO.   NAME      VALUE            ERROR          SIZE      DERIVATIVE 
   1  p0           1.62259e+02   5.76704e+00   3.44464e-05  -3.30308e-03
   2  p1           9.97729e-01   1.84905e-04   9.55285e-06   8.20791e-03
   3  p2           5.00000e-03   1.87840e-05   2.31831e-05** at limit **
   4  p3           3.03079e+01   1.46037e+00  -3.93190e-04  -5.86260e-04
   5  p4           1.28874e+01   5.43481e-01   6.15366e-04   2.18642e-03
   6  p5           9.91627e-01   2.53735e-03  -5.37945e-06   3.18618e-02
   7  p6          -9.97331e-11   1.23604e-03  -3.08739e-04** at limit **
   8  p7           1.39370e-02   7.99972e-04   2.18490e-05  -8.57316e-03
                               ERR DEF= 0.5
 FCN=175.102 FROM MIGRAD    STATUS=CONVERGED    1084 CALLS        1085 TOTAL
                     EDM=5.55481e-08    STRATEGY= 1  ERROR MATRIX UNCERTAINTY   1.0 per cent
  EXT PARAMETER                                   STEP         FIRST   
  NO.   NAME      VALUE            ERROR          SIZE      DERIVATIVE 
   1  p0           1.65329e+02   5.61756e+00  -6.01441e-05  -1.15668e-03
   2  p1           9.97375e-01   1.81010e-04   1.13035e-05  -1.37409e-03
   3  p2           5.00000e-03   1.69446e-05   8.69642e-05** at limit **
   4  p3           2.74672e+01   1.34337e+00  -4.01911e-04   5.67950e-05
   5  p4           1.19465e+01   5.44276e-01  -2.83123e-04  -3.09124e-04
   6  p5           9.92050e-01   2.32984e-03   2.16462e-06  -1.72722e-01
   7  p6          -9.58988e-12   1.79415e-03  -1.64880e-05** at limit **
   8  p7           1.29898e-02   7.72618e-04  -1.98947e-05  -4.59041e-04
                               ERR DEF= 0.5
 FCN=181.755 FROM MIGRAD    STATUS=CONVERGED    1074 CALLS        1075 TOTAL
                     EDM=6.25378e-07    STRATEGY= 1  ERROR MATRIX UNCERTAINTY   2.8 per cent
  EXT PARAMETER                                   STEP         FIRST   
  NO.   NAME      VALUE            ERROR          SIZE      DERIVATIVE 
   1  p0           1.64557e+02   5.61000e+00  -2.11717e-04   1.59723e-03
   2  p1           9.97339e-01   1.79718e-04   4.92227e-06   4.71480e-03
   3  p2           5.00000e-03   1.73546e-05   1.68036e-04** at limit **
   4  p3           2.58593e+01   1.33015e+00   2.31854e-03   2.65456e-04
   5  p4           1.26742e+01   6.62299e-01  -8.33552e-04  -1.30533e-03
   6  p5           9.87786e-01   3.02002e-03  -1.33768e-06  -7.81351e-02
   7  p6          -1.11726e-09   3.22004e-03  -1.22364e-04** at limit **
   8  p7           1.55854e-02   8.92896e-04   7.62019e-05   8.75394e-05
                               ERR DEF= 0.5
 FCN=184.308 FROM MIGRAD    STATUS=CONVERGED    1038 CALLS        1039 TOTAL
                     EDM=5.15557e-07    STRATEGY= 1  ERROR MATRIX UNCERTAINTY   2.0 per cent
  EXT PARAMETER                                   STEP         FIRST   
  NO.   NAME      VALUE            ERROR          SIZE      DERIVATIVE 
   1  p0           1.98589e+02   5.93401e+00   3.06763e-04   3.66370e-03
   2  p1           9.96795e-01   1.61835e-04  -6.00628e-05  -4.33855e-02
   3  p2           5.00000e-03   2.56419e-05   5.69050e-05** at limit **
   4  p3           2.59813e+01   1.23890e+00   1.91312e-03   6.73420e-04
   5  p4           1.11215e+01   5.47786e-01   4.13152e-03  -2.10914e-03
   6  p5           9.91858e-01   3.01590e-03  -1.98721e-05  -1.04351e-01
   7  p6          -6.02575e-11   2.82403e-03   5.70178e-04** at limit **
   8  p7           1.65018e-02   9.44416e-04   1.72740e-04   1.60750e-02
                               ERR DEF= 0.5
 FCN=200.365 FROM MIGRAD    STATUS=CONVERGED    1222 CALLS        1223 TOTAL
                     EDM=8.05274e-08    STRATEGY= 1  ERROR MATRIX UNCERTAINTY   1.7 per cent
  EXT PARAMETER                                   STEP         FIRST   
  NO.   NAME      VALUE            ERROR          SIZE      DERIVATIVE 
   1  p0           2.27721e+02   6.68973e+00  -1.67745e-04   3.63927e-03
   2  p1           9.96554e-01   1.53523e-04   3.55132e-05  -9.11089e-03
   3  p2           5.00000e-03   1.25644e-05  -6.63085e-05** at limit **
   4  p3           3.43450e+01   1.53596e+00   3.41400e-03   1.51967e-04
   5  p4           1.30258e+01   5.10077e-01  -5.11522e-04  -2.16372e-04
   6  p5           9.89923e-01   2.56278e-03  -1.06288e-06  -6.85875e-02
   7  p6          -3.40195e-12   1.12351e-03   3.40159e-04** at limit **
   8  p7           1.54250e-02   7.84356e-04   1.61228e-05  -6.42398e-03
                               ERR DEF= 0.5
 FCN=241.312 FROM MIGRAD    STATUS=CONVERGED    1086 CALLS        1087 TOTAL
                     EDM=5.2802e-07    STRATEGY= 1  ERROR MATRIX UNCERTAINTY   1.0 per cent
  EXT PARAMETER                                   STEP         FIRST   
  NO.   NAME      VALUE            ERROR          SIZE      DERIVATIVE 
   1  p0           2.61032e+02   6.78856e+00  -2.77890e-04  -7.53091e-03
   2  p1           9.96573e-01   1.41053e-04  -3.07932e-06   3.94399e-02
   3  p2           5.00000e-03   1.01879e-05   1.11990e-04** at limit **
   4  p3           3.83967e+01   1.59671e+00  -3.94521e-04  -4.88534e-04
   5  p4           1.33374e+01   5.38100e-01  -9.64796e-04   2.58072e-03
   6  p5           9.87540e-01   2.42834e-03   1.57262e-06   1.70183e-01
   7  p6          -5.55325e-11   1.54328e-03  -2.91903e-04** at limit **
   8  p7           1.52463e-02   7.22708e-04   2.05564e-05   1.21209e-02
                               ERR DEF= 0.5
 FCN=258.941 FROM MIGRAD    STATUS=CONVERGED    1058 CALLS        1059 TOTAL
                     EDM=3.22147e-07    STRATEGY= 1  ERROR MATRIX UNCERTAINTY   1.8 per cent
  EXT PARAMETER                                   STEP         FIRST   
  NO.   NAME      VALUE            ERROR          SIZE      DERIVATIVE 
   1  p0           3.02885e+02   7.60947e+00  -1.30551e-04  -4.94428e-03
   2  p1           9.96469e-01   1.29594e-04   3.69327e-06   2.36823e-02
   3  p2           5.00000e-03   9.66177e-06   2.08561e-05** at limit **
   4  p3           4.06926e+01   1.66449e+00   3.17739e-03   2.76945e-04
   5  p4           1.21068e+01   4.63453e-01   1.27469e-03  -1.91015e-03
   6  p5           9.92319e-01   2.07583e-03  -3.01698e-06  -4.49498e-01
   7  p6          -1.44950e-11   1.08437e-03   2.79515e-04** at limit **
   8  p7           1.48069e-02   6.76336e-04  -1.87573e-05  -3.84243e-03
                               ERR DEF= 0.5

****************************************
Minimizer is Linear
Chi2                      =      38.6138
NDf                       =           14
p0                        =      1.00329   +/-   0.000178366 
p1                        = -2.95027e-06   +/-   9.57574e-08 
Calculation of survival fraction for 2104
 FCN=135.748 FROM MIGRAD    STATUS=CONVERGED     102 CALLS         103 TOTAL
                     EDM=6.04927e-08    STRATEGY= 1      ERROR MATRIX ACCURATE 
  EXT PARAMETER                                   STEP         FIRST   
  NO.   NAME      VALUE            ERROR          SIZE      DERIVATIVE 
   1  p0           1.19787e+02   4.67614e+00   2.97581e-02  -2.51502e-05
   2  p1           2.10359e+03   4.75602e-02   1.00307e-03  -1.03180e-03
   3  p2           1.33755e+00   4.31156e-02   2.36185e-05  -4.55577e-02
   4  p3           1.74946e+01   2.56521e-01   2.02863e-03  -8.81796e-04
                               ERR DEF= 0.5
Area_tot = 2107
Area_tot_psa = 548
Area = 1454
Area_psa = 242
 FCN=130.69 FROM MIGRAD    STATUS=CONVERGED      99 CALLS         100 TOTAL
                     EDM=2.50932e-07    STRATEGY= 1      ERROR MATRIX ACCURATE 
  EXT PARAMETER                                   STEP         FIRST   
  NO.   NAME      VALUE            ERROR          SIZE      DERIVATIVE 
   1  p0           1.63312e+01   2.20181e+00   1.31316e-02  -1.24309e-04
   2  p1           2.10341e+03   1.69341e-01   1.33836e-03  -6.04128e-04
   3  p2           1.31196e+00   1.90652e-01   9.79959e-05   1.43948e-02
   4  p3           8.20592e+00   1.78655e-01   1.36643e-03  -5.85971e-04
                               ERR DEF= 0.5
Calculation of survival fraction for 2614.5
 FCN=188.647 FROM MIGRAD    STATUS=CONVERGED     152 CALLS         153 TOTAL
                     EDM=1.55509e-09    STRATEGY= 1  ERROR MATRIX UNCERTAINTY   2.2 per cent
  EXT PARAMETER                                   STEP         FIRST   
  NO.   NAME      VALUE            ERROR          SIZE      DERIVATIVE 
   1  p0           1.02211e+03   1.30358e+01   7.18632e-03  -3.16937e-06
   2  p1           2.61463e+03   1.15744e-02  -1.31015e-05  -5.17088e-04
   3  p2           1.11934e+00   8.52167e-03  -2.58600e-07   1.44974e-02
   4  p3           1.04356e+00   7.68316e-02  -1.23214e-04  -1.98286e-04
                               ERR DEF= 0.5
Area_tot = 9622
Area_tot_psa = 1662
Area = 9546
Area_psa = 1652
 FCN=143.331 FROM MIGRAD    STATUS=CONVERGED     125 CALLS         126 TOTAL
                     EDM=6.38553e-08    STRATEGY= 1  ERROR MATRIX UNCERTAINTY   2.4 per cent
  EXT PARAMETER                                   STEP         FIRST   
  NO.   NAME      VALUE            ERROR          SIZE      DERIVATIVE 
   1  p0           1.79536e+02   5.49301e+00   2.08274e-02   4.36362e-05
   2  p1           2.61479e+03   2.75172e-02  -1.29998e-04  -9.31427e-03
   3  p2           1.09557e+00   2.01180e-02   3.08675e-06   9.73378e-02
   4  p3           2.96419e-02   1.10590e-02   1.48084e-05   8.70208e-04
                               ERR DEF= 0.5
Calculation of survival fraction background at 2039
Area = 3932
Area_psa = 1918
Calculation of survival fraction background at 2380
Area = 1662
Area_psa = 771
