
[1mRooFit v3.60 -- Developed by Wouter Verkerke and David Kirkby[0m 
                Copyright (C) 2000-2013 NIKHEF, University of California & Stanford University
                All rights reserved, please read http://roofit.sourceforge.net/license.txt

Using file /nfs/gerda6/users/burlac/psd/analysis/run0098-cal_dplms_1000.tier.root
Analizing channel 23
DPLMS analysis with weight 1000
Total events = 17201607
event n.1000000
event n.2000000
event n.3000000
event n.4000000
event n.5000000
event n.6000000
event n.7000000
event n.8000000
event n.9000000
event n.10000000
event n.11000000
event n.12000000
event n.13000000
event n.14000000
event n.15000000
event n.16000000
event n.17000000
Selected events: 175307
The time to read waveforms: 33.34 s
Initialization of DEP&FEP background  = 21
 FCN=102.259 FROM MIGRAD    STATUS=CONVERGED     236 CALLS         237 TOTAL
                     EDM=1.03445e-09    STRATEGY= 1      ERROR MATRIX ACCURATE 
  EXT PARAMETER                                   STEP         FIRST   
  NO.   NAME      VALUE            ERROR          SIZE      DERIVATIVE 
   1  p0           1.86117e+02   5.99914e+00   3.30101e-02  -1.07521e-06
   2  p1           1.59176e+03   3.50809e-02   7.59009e-04   5.05761e-04
   3  p2           1.21646e+00   3.17163e-02   1.56591e-05   2.79265e-03
   4  p3           1.03356e+02   5.19686e+00   2.87111e-02   1.38783e-06
   5  p4           1.62022e+03   4.71596e-02   7.72581e-04  -1.31112e-04
   6  p5           1.00757e+00   4.37711e-02   2.38952e-05   5.56206e-03
   7  p6           2.09911e+01   3.38860e-01   2.26775e-03   3.94742e-05
                               ERR DEF= 0.5
mean_aoe = 0.0605
AoE: max = 1.6876 max = 0.113572
 FCN=3.95531 FROM MIGRAD    STATUS=CONVERGED     368 CALLS         369 TOTAL
                     EDM=3.31457e-07    STRATEGY= 1  ERROR MATRIX UNCERTAINTY   1.3 per cent
  EXT PARAMETER                                   STEP         FIRST   
  NO.   NAME      VALUE            ERROR          SIZE      DERIVATIVE 
   1  p0           8.27935e-01   2.28749e-01   1.14762e-04  -3.91250e-03
   2  p1           9.98354e-01   2.68743e-03  -1.13371e-05  -8.32384e-02
   3  p2           1.00984e-02   2.15965e-03   2.76580e-07  -1.33211e-02
   4  p3           6.11630e-03   3.99127e-03   1.11501e-05  -9.38858e-01
   5  p4           3.76394e-03   2.45437e-03   6.85605e-06   1.45375e+00
                               ERR DEF= 0.5
AoE_lowCut = 0.978158
 FCN=108.719 FROM MIGRAD    STATUS=CONVERGED     194 CALLS         195 TOTAL
                     EDM=5.97529e-09    STRATEGY= 1      ERROR MATRIX ACCURATE 
  EXT PARAMETER                                   STEP         FIRST   
  NO.   NAME      VALUE            ERROR          SIZE      DERIVATIVE 
   1  p0           1.70534e+02   5.52365e+00   3.15029e-02  -4.81805e-07
   2  p1           1.59174e+03   3.43543e-02   7.59001e-04   6.87413e-04
   3  p2           1.21320e+00   2.97097e-02   1.52463e-05  -2.11193e-02
   4  p3           1.59554e+01   2.82717e+00   1.53727e-02   1.31373e-05
   5  p4           1.62022e+03   1.60886e-01   1.13069e-03   3.60818e-06
   6  p5           9.08844e-01   1.80436e-01   9.97977e-05  -6.10045e-04
   7  p6           1.09063e+01   2.48074e-01   1.69842e-03   4.95210e-05
                               ERR DEF= 0.5
AreaDEP_tot = 2731
Area_DEP_tot_psa = 2166
AreaDEP = 1978
Area_DEP_psa = 1731
Area_FEP_tot = 1571
Area_FEP_tot_psa = 512
Area_FEP = 799
Area_FEP_psa = 92
Calculation of AoE vs E correction
 FCN=98.5631 FROM MIGRAD    STATUS=CONVERGED     272 CALLS         273 TOTAL
                     EDM=4.56396e-07    STRATEGY= 1  ERROR MATRIX UNCERTAINTY   1.2 per cent
  EXT PARAMETER                                   STEP         FIRST   
  NO.   NAME      VALUE            ERROR          SIZE      DERIVATIVE 
   1  p0           7.89405e+01   3.13922e+00   5.83784e-04   3.58828e-03
   2  p1           1.00026e+00   5.52807e-04  -6.87255e-06   9.46311e-03
   3  p2           1.60656e-02   5.32209e-04  -4.42394e-05   4.42363e-03
   4  p3           4.92458e+01   1.44664e+00   1.61715e-03  -3.08110e-04
   5  p4           6.47925e-01   8.72854e-02   1.31574e-04  -4.99754e-03
   6  p5           1.00686e+00   1.01977e-02  -4.22857e-05   5.92321e-02
   7  p6          -6.69850e-01   1.01482e-02  -1.79075e-05   6.12865e-02
   8  p7           2.04632e-02   3.38775e-03   4.58316e-04   6.33341e-03
                               ERR DEF= 0.5
 FCN=109.16 FROM MIGRAD    STATUS=CONVERGED     294 CALLS         295 TOTAL
                     EDM=6.92131e-07    STRATEGY= 1  ERROR MATRIX UNCERTAINTY   3.0 per cent
  EXT PARAMETER                                   STEP         FIRST   
  NO.   NAME      VALUE            ERROR          SIZE      DERIVATIVE 
   1  p0           6.94511e+01   3.07820e+00   1.60381e-04   5.69279e-03
   2  p1           1.00099e+00   5.64281e-04  -6.87975e-06   3.06410e-03
   3  p2           1.47261e-02   5.45659e-04   3.73862e-05   2.25675e-02
   4  p3           4.92957e+01   1.48109e+00  -9.50170e-04   1.10208e-03
   5  p4           8.58095e-01   7.79414e-02   2.47149e-05  -9.35207e-03
   6  p5           1.00849e+00   8.01182e-03  -4.66131e-06   5.48090e-02
   7  p6          -6.69421e-01   1.03344e-02   4.00842e-06  -2.50264e-02
   8  p7           1.79661e-02   2.57996e-03   3.30646e-05  -3.05644e-03
                               ERR DEF= 0.5
 FCN=90.2337 FROM MIGRAD    STATUS=CALL LIMIT   2137 CALLS        2138 TOTAL
                     EDM=0.000182555    STRATEGY= 1  ERROR MATRIX UNCERTAINTY  29.6 per cent
  EXT PARAMETER                APPROXIMATE        STEP         FIRST   
  NO.   NAME      VALUE            ERROR          SIZE      DERIVATIVE 
   1  p0           8.52551e+01   3.19122e+00  -8.12210e-06   1.26538e-02
   2  p1           1.00036e+00   4.61684e-04   3.76534e-05  -9.40597e-02
   3  p2           1.27456e-02   4.23325e-04  -4.37124e-05   8.67698e-02
   4  p3           2.56726e+02   3.15013e+02   5.83199e-01   1.06547e-04
   5  p4           1.49076e-01   1.87571e-01  -2.82547e-04   5.19285e-01
   6  p5           9.95027e-01   8.45381e-03   1.04780e-05   7.45880e-01
   7  p6          -9.45616e-01   6.58838e-02  -4.50059e-04  -1.88078e-01
   8  p7           1.80377e-02   2.53459e-03  -9.93903e-05   1.84517e-02
                               ERR DEF= 0.5
 FCN=99.4754 FROM MIGRAD    STATUS=CONVERGED     944 CALLS         945 TOTAL
                     EDM=1.61183e-06    STRATEGY= 1      ERROR MATRIX ACCURATE 
  EXT PARAMETER                                   STEP         FIRST   
  NO.   NAME      VALUE            ERROR          SIZE      DERIVATIVE 
   1  p0           9.30613e+01   3.58269e+00   5.75686e-04   6.62475e-04
   2  p1           9.98722e-01   4.13732e-04   1.30640e-04  -1.93063e-02
   3  p2           1.20532e-02   4.13767e-04   1.52088e-04  -1.49797e-02
   4  p3           1.70417e+01   4.38032e+00   3.66311e-03  -5.04498e-04
   5  p4           3.85879e+00   2.41036e+00   1.01306e-03   3.93282e-06
   6  p5           1.00006e+00   9.36368e-03   2.17517e-05   3.79227e-03
   7  p6          -1.21377e-01   2.52653e-01   2.66685e-04  -3.24850e-03
   8  p7           1.57313e-02   2.40380e-03   2.73625e-04  -8.27198e-03
                               ERR DEF= 0.5
 FCN=92.7162 FROM MIGRAD    STATUS=CONVERGED     899 CALLS         900 TOTAL
                     EDM=1.18917e-07    STRATEGY= 1      ERROR MATRIX ACCURATE 
  EXT PARAMETER                                   STEP         FIRST   
  NO.   NAME      VALUE            ERROR          SIZE      DERIVATIVE 
   1  p0           9.48044e+01   3.65628e+00   5.53722e-04  -1.39143e-03
   2  p1           9.98725e-01   4.21420e-04   1.21324e-04   9.89441e-03
   3  p2           1.12977e-02   3.88298e-04   1.45156e-04  -6.06982e-03
   4  p3           1.87374e+01   3.31771e+00   3.72700e-03   4.03553e-05
   5  p4           4.65044e+00   2.43126e+00   1.07294e-03  -1.05067e-03
   6  p5           9.95276e-01   8.20943e-03   1.92502e-05  -4.03198e-02
   7  p6          -8.15377e-02   2.00980e-01   2.85300e-04   2.89414e-03
   8  p7           1.56612e-02   2.05180e-03   2.41947e-04   1.31752e-03
                               ERR DEF= 0.5
 FCN=105.926 FROM MIGRAD    STATUS=CONVERGED     756 CALLS         757 TOTAL
                     EDM=2.37174e-07    STRATEGY= 1  ERROR MATRIX UNCERTAINTY   2.7 per cent
  EXT PARAMETER                                   STEP         FIRST   
  NO.   NAME      VALUE            ERROR          SIZE      DERIVATIVE 
   1  p0           8.95305e+01   3.75324e+00   1.02464e-04  -2.05079e-03
   2  p1           9.98666e-01   3.78582e-04   4.40379e-05   7.13965e-03
   3  p2           1.00614e-02   3.33136e-04   3.72190e-06  -1.34700e-02
   4  p3           1.93788e+01   1.14955e+00   2.99940e-03  -8.11373e-04
   5  p4           6.61819e+00   4.67085e-01   5.35474e-04   1.67363e-03
   6  p5           9.97214e-01   5.31463e-03  -4.63099e-07  -3.97405e-02
   7  p6          -7.74842e-10   1.63117e-02   1.39864e-03** at limit **
   8  p7           1.52855e-02   1.50540e-03  -1.46717e-05  -8.25897e-03
                               ERR DEF= 0.5
 FCN=104.517 FROM MIGRAD    STATUS=CONVERGED     861 CALLS         862 TOTAL
                     EDM=4.96915e-08    STRATEGY= 1  ERROR MATRIX UNCERTAINTY   4.4 per cent
  EXT PARAMETER                                   STEP         FIRST   
  NO.   NAME      VALUE            ERROR          SIZE      DERIVATIVE 
   1  p0           8.90100e+01   3.72069e+00   1.33885e-04   2.42951e-05
   2  p1           9.97252e-01   3.94618e-04  -6.17363e-06   8.75707e-03
   3  p2           1.00449e-02   3.70118e-04  -7.26447e-06  -2.64451e-03
   4  p3           1.94967e+01   1.16899e+00  -1.51827e-03  -2.26857e-04
   5  p4           6.72820e+00   4.53778e-01  -7.22700e-04   4.15592e-04
   6  p5           9.93602e-01   5.24480e-03  -3.57421e-06   6.87877e-02
   7  p6          -4.64356e-10   7.63521e-02   1.12299e-03** at limit **
   8  p7           1.43405e-02   1.46005e-03   7.51861e-05   3.94918e-03
                               ERR DEF= 0.5
 FCN=134.772 FROM MIGRAD    STATUS=CONVERGED     668 CALLS         669 TOTAL
                     EDM=3.71495e-08    STRATEGY= 1  ERROR MATRIX UNCERTAINTY   1.2 per cent
  EXT PARAMETER                                   STEP         FIRST   
  NO.   NAME      VALUE            ERROR          SIZE      DERIVATIVE 
   1  p0           1.01372e+02   4.17111e+00   8.43805e-05  -2.37707e-03
   2  p1           9.95659e-01   4.33209e-04   1.28234e-05  -1.97145e-03
   3  p2           9.62405e-03   3.51036e-04  -4.40381e-05  -6.04674e-03
   4  p3           3.25014e+01   1.71423e+00   1.06148e-03   8.09192e-06
   5  p4           9.88246e+00   4.47228e-01   5.55085e-04  -1.77371e-04
   6  p5           9.87883e-01   3.70485e-03   1.99935e-06  -1.16630e-01
   7  p6          -1.90731e-11   2.92632e-03  -2.01569e-04** at limit **
   8  p7           1.24362e-02   9.41740e-04  -3.08370e-05  -4.24851e-03
                               ERR DEF= 0.5
 FCN=148.466 FROM MIGRAD    STATUS=CONVERGED     748 CALLS         749 TOTAL
                     EDM=2.15143e-07    STRATEGY= 1  ERROR MATRIX UNCERTAINTY   2.9 per cent
  EXT PARAMETER                                   STEP         FIRST   
  NO.   NAME      VALUE            ERROR          SIZE      DERIVATIVE 
   1  p0           1.18004e+02   4.20213e+00   1.73016e-05   8.45669e-04
   2  p1           9.94567e-01   3.79524e-04   8.95419e-06   1.74704e-02
   3  p2           9.47199e-03   3.18183e-04   2.78385e-05   9.16038e-03
   4  p3           3.33963e+01   1.46014e+00   1.63412e-03   4.85834e-05
   5  p4           9.42595e+00   4.94953e-01  -3.07671e-05   5.31999e-04
   6  p5           9.74799e-01   4.76289e-03  -4.90464e-06  -1.43103e-02
   7  p6          -9.64985e-09   4.07279e-02   2.31007e-04** at limit **
   8  p7           1.45999e-02   1.13783e-03   2.43480e-05   1.16361e-04
                               ERR DEF= 0.5
 FCN=161.143 FROM MIGRAD    STATUS=CONVERGED     637 CALLS         638 TOTAL
                     EDM=2.74251e-07    STRATEGY= 1  ERROR MATRIX UNCERTAINTY   5.2 per cent
  EXT PARAMETER                                   STEP         FIRST   
  NO.   NAME      VALUE            ERROR          SIZE      DERIVATIVE 
   1  p0           1.14046e+02   4.11200e+00   8.20967e-06   7.20830e-05
   2  p1           9.92729e-01   3.39446e-04   7.84535e-06  -9.31642e-03
   3  p2           9.66398e-03   2.93849e-04   1.55113e-05  -9.39792e-03
   4  p3           3.13573e+01   1.43242e+00  -2.96695e-03  -1.84326e-05
   5  p4           6.96816e+00   1.58446e+00  -8.54413e-05  -6.54942e-05
   6  p5           9.71324e-01   6.37602e-03  -3.29704e-07   3.50216e-02
   7  p6          -7.64238e-02   6.84954e-02   1.21507e-04   2.64385e-03
   8  p7           1.77064e-02   1.36970e-03  -1.81656e-05   9.55637e-03
                               ERR DEF= 0.5
 FCN=127.13 FROM MIGRAD    STATUS=CONVERGED     774 CALLS         775 TOTAL
                     EDM=2.0175e-07    STRATEGY= 1      ERROR MATRIX ACCURATE 
  EXT PARAMETER                                   STEP         FIRST   
  NO.   NAME      VALUE            ERROR          SIZE      DERIVATIVE 
   1  p0           1.10447e+02   4.26090e+00   7.67499e-04  -2.84672e-03
   2  p1           9.92735e-01   3.68654e-04   1.30502e-04  -1.58202e-02
   3  p2           9.40001e-03   3.13125e-04   1.65368e-04  -7.95028e-03
   4  p3           2.92932e+01   1.69219e+00   5.86315e-03  -9.86402e-05
   5  p4           6.36641e+00   1.50964e+00   1.21188e-03  -4.63018e-04
   6  p5           9.84998e-01   4.94835e-03   1.57693e-05  -9.67491e-02
   7  p6          -6.34920e-02   8.04099e-02   2.57190e-04   1.44116e-03
   8  p7           1.47246e-02   1.25828e-03   2.10273e-04  -5.05444e-03
                               ERR DEF= 0.5
 FCN=125.408 FROM MIGRAD    STATUS=CONVERGED     782 CALLS         783 TOTAL
                     EDM=2.00227e-08    STRATEGY= 1  ERROR MATRIX UNCERTAINTY   1.3 per cent
  EXT PARAMETER                                   STEP         FIRST   
  NO.   NAME      VALUE            ERROR          SIZE      DERIVATIVE 
   1  p0           1.11465e+02   4.38506e+00  -2.30149e-05  -4.20928e-04
   2  p1           9.92297e-01   3.90497e-04  -1.64319e-06   1.05851e-03
   3  p2           9.54681e-03   3.45084e-04   2.31209e-05   9.27811e-04
   4  p3           2.83143e+01   1.58801e+00  -1.04913e-03   1.49226e-05
   5  p4           7.71960e+00   4.12800e-01  -5.16493e-04   1.23596e-05
   6  p5           9.90253e-01   3.74000e-03  -2.08321e-06   2.77996e-02
   7  p6          -3.07723e-10   1.80824e-02  -1.09253e-04** at limit **
   8  p7           1.21656e-02   1.05353e-03  -1.02123e-06  -4.20160e-04
                               ERR DEF= 0.5
 FCN=126.848 FROM MIGRAD    STATUS=CONVERGED     746 CALLS         747 TOTAL
                     EDM=4.75238e-07    STRATEGY= 1  ERROR MATRIX UNCERTAINTY   1.5 per cent
  EXT PARAMETER                                   STEP         FIRST   
  NO.   NAME      VALUE            ERROR          SIZE      DERIVATIVE 
   1  p0           1.42213e+02   4.92102e+00   8.74223e-05  -6.17473e-03
   2  p1           9.91331e-01   3.03242e-04  -1.14847e-05  -2.03254e-03
   3  p2           8.98121e-03   2.56712e-04   2.02212e-05  -4.73343e-04
   4  p3           3.24398e+01   1.50783e+00  -1.90931e-04  -2.27904e-04
   5  p4           7.89778e+00   3.82746e-01   5.92346e-04   2.63644e-03
   6  p5           9.85583e-01   3.28165e-03  -3.17213e-06   1.04668e-01
   7  p6          -2.68526e-10   7.62618e-03   6.64961e-04** at limit **
   8  p7           1.32784e-02   9.16873e-04   1.12574e-05  -2.42604e-03
                               ERR DEF= 0.5
 FCN=144.409 FROM MIGRAD    STATUS=CONVERGED     773 CALLS         774 TOTAL
                     EDM=5.55535e-08    STRATEGY= 1  ERROR MATRIX UNCERTAINTY   1.3 per cent
  EXT PARAMETER                                   STEP         FIRST   
  NO.   NAME      VALUE            ERROR          SIZE      DERIVATIVE 
   1  p0           1.54413e+02   5.09714e+00  -1.90808e-04   1.38733e-03
   2  p1           9.90726e-01   3.16906e-04  -5.13283e-05   8.71484e-03
   3  p2           9.39039e-03   2.77497e-04   1.48772e-05   6.24993e-03
   4  p3           3.57950e+01   1.73353e+00  -1.57526e-03  -8.34381e-05
   5  p4           7.47075e+00   3.64140e-01  -5.33036e-04   9.03648e-04
   6  p5           9.89147e-01   3.06033e-03  -4.25855e-06   1.12858e-01
   7  p6          -4.28099e-10   9.20151e-03   2.83129e-04** at limit **
   8  p7           1.33074e-02   9.16439e-04   1.38464e-06   5.10272e-03
                               ERR DEF= 0.5
 FCN=169.795 FROM MIGRAD    STATUS=CONVERGED     725 CALLS         726 TOTAL
                     EDM=2.18315e-08    STRATEGY= 1  ERROR MATRIX UNCERTAINTY   0.9 per cent
  EXT PARAMETER                                   STEP         FIRST   
  NO.   NAME      VALUE            ERROR          SIZE      DERIVATIVE 
   1  p0           1.88206e+02   5.98840e+00   1.85933e-04  -1.59943e-03
   2  p1           9.90502e-01   2.87213e-04  -2.18467e-05  -6.03288e-03
   3  p2           8.64405e-03   2.48751e-04  -1.66136e-05  -2.57866e-03
   4  p3           4.61454e+01   2.01831e+00  -1.54202e-03  -1.81486e-05
   5  p4           8.10476e+00   3.31483e-01   4.54122e-05   3.56458e-05
   6  p5           9.89690e-01   2.31330e-03  -4.88963e-06  -9.32704e-02
   7  p6          -3.26539e-12   2.90830e-03  -1.28433e-04** at limit **
   8  p7           1.17565e-02   7.03276e-04   7.57741e-06  -3.29989e-03
                               ERR DEF= 0.5
 FCN=186.429 FROM MIGRAD    STATUS=CONVERGED     676 CALLS         677 TOTAL
                     EDM=8.90596e-09    STRATEGY= 1  ERROR MATRIX UNCERTAINTY   1.3 per cent
  EXT PARAMETER                                   STEP         FIRST   
  NO.   NAME      VALUE            ERROR          SIZE      DERIVATIVE 
   1  p0           2.12090e+02   6.18552e+00  -9.74699e-05   8.29093e-04
   2  p1           9.90286e-01   2.62922e-04   8.36761e-07  -8.61610e-04
   3  p2           8.72131e-03   2.24853e-04   1.24717e-05  -4.30854e-04
   4  p3           5.21392e+01   2.14030e+00   2.58725e-03  -8.07752e-05
   5  p4           8.71430e+00   3.25847e-01   4.86620e-04   5.51523e-04
   6  p5           9.88398e-01   2.27181e-03  -2.32752e-06   6.50499e-02
   7  p6          -1.75082e-13   2.11958e-03   1.11450e-04** at limit **
   8  p7           1.28588e-02   6.89562e-04   1.10522e-05   2.53995e-04
                               ERR DEF= 0.5

****************************************
Minimizer is Linear
Chi2                      =      41.1544
NDf                       =           14
p0                        =      1.00947   +/-   0.000409307 
p1                        = -8.29561e-06   +/-   2.14209e-07 
Calculation of survival fraction for 2104
 FCN=178.866 FROM MIGRAD    STATUS=CONVERGED      89 CALLS          90 TOTAL
                     EDM=2.32758e-08    STRATEGY= 1  ERROR MATRIX UNCERTAINTY   9.2 per cent
  EXT PARAMETER                                   STEP         FIRST   
  NO.   NAME      VALUE            ERROR          SIZE      DERIVATIVE 
   1  p0           1.57287e+02   4.69904e+00   9.49731e-03   3.27131e-05
   2  p1           2.10327e+03   4.89826e-02  -6.12231e-06   6.52528e-04
   3  p2           1.78947e+00   4.49696e-02  -4.94739e-06   6.63284e-02
   4  p3           2.63530e+01   3.12278e-01  -1.15448e-04  -1.74056e-04
                               ERR DEF= 0.5
Area_tot = 3884
Area_tot_psa = 989
Area = 2308
Area_psa = 237
 FCN=153.666 FROM MIGRAD    STATUS=CONVERGED     128 CALLS         129 TOTAL
                     EDM=3.73365e-09    STRATEGY= 1      ERROR MATRIX ACCURATE 
  EXT PARAMETER                                   STEP         FIRST   
  NO.   NAME      VALUE            ERROR          SIZE      DERIVATIVE 
   1  p0           1.54506e+01   1.90157e+00   1.22676e-02  -3.80305e-06
   2  p1           2.10289e+03   2.50818e-01   2.13631e-03   2.88308e-05
   3  p2           2.06492e+00   2.91481e-01   1.27876e-04  -2.76348e-03
   4  p3           1.24084e+01   2.24587e-01   1.81354e-03  -2.11169e-04
                               ERR DEF= 0.5
Calculation of survival fraction for 2614.5
 FCN=243.806 FROM MIGRAD    STATUS=CONVERGED     111 CALLS         112 TOTAL
                     EDM=1.38804e-07    STRATEGY= 1  ERROR MATRIX UNCERTAINTY   2.4 per cent
  EXT PARAMETER                                   STEP         FIRST   
  NO.   NAME      VALUE            ERROR          SIZE      DERIVATIVE 
   1  p0           1.34624e+03   1.30826e+01  -1.90492e-01  -2.79675e-05
   2  p1           2.61469e+03   1.15825e-02  -2.40001e-04   8.14747e-03
   3  p2           1.46968e+00   8.43559e-03  -8.15876e-06   2.23064e-01
   4  p3           2.50537e+00   1.08683e-01   2.68049e-03  -6.54273e-04
                               ERR DEF= 0.5
Area_tot = 16674
Area_tot_psa = 2616
Area = 16522
Area_psa = 2605
 FCN=150.2 FROM MIGRAD    STATUS=CONVERGED     174 CALLS         175 TOTAL
                     EDM=2.85798e-07    STRATEGY= 1  ERROR MATRIX UNCERTAINTY   3.8 per cent
  EXT PARAMETER                                   STEP         FIRST   
  NO.   NAME      VALUE            ERROR          SIZE      DERIVATIVE 
   1  p0           2.00720e+02   4.97610e+00   2.84022e-02   1.20976e-05
   2  p1           2.61466e+03   3.08993e-02   5.87919e-05   5.00448e-03
   3  p2           1.54525e+00   2.31620e-02   3.01126e-06  -2.91637e-01
   4  p3           8.27214e-02   1.88991e-02   1.13990e-05   1.96185e-02
                               ERR DEF= 0.5
Calculation of survival fraction background at 2039
Area = 5894
Area_psa = 2817
