
[1mRooFit v3.60 -- Developed by Wouter Verkerke and David Kirkby[0m 
                Copyright (C) 2000-2013 NIKHEF, University of California & Stanford University
                All rights reserved, please read http://roofit.sourceforge.net/license.txt

Using file /nfs/gerda6/users/burlac/psd/analysis/run0098-cal_dplms_100.tier.root
Analizing channel 24
DPLMS analysis with weight 100
Total events = 17201607
event n.1000000
event n.2000000
event n.3000000
event n.4000000
event n.5000000
event n.6000000
event n.7000000
event n.8000000
event n.9000000
event n.10000000
event n.11000000
event n.12000000
event n.13000000
event n.14000000
event n.15000000
event n.16000000
event n.17000000
Selected events: 129576
The time to read waveforms: 45.13 s
Initialization of DEP&FEP background  = 16.5
 FCN=145.887 FROM MIGRAD    STATUS=CONVERGED     165 CALLS         166 TOTAL
                     EDM=2.94937e-08    STRATEGY= 1  ERROR MATRIX UNCERTAINTY   3.1 per cent
  EXT PARAMETER                                   STEP         FIRST   
  NO.   NAME      VALUE            ERROR          SIZE      DERIVATIVE 
   1  p0           1.28608e+02   5.28192e+00   4.16119e-03  -2.30602e-05
   2  p1           1.59244e+03   4.04250e-02   1.67125e-05   2.12611e-03
   3  p2           1.05780e+00   3.69859e-02  -2.22493e-06  -8.11360e-03
   4  p3           7.44676e+01   3.60078e+00   1.17035e-03   3.24459e-05
   5  p4           1.62068e+03   5.86152e-02   7.20212e-05   5.03910e-04
   6  p5           1.08069e+00   4.03936e-02  -6.59754e-07  -2.44672e-02
   7  p6           1.65952e+01   2.98532e-01   1.45588e-04  -3.40450e-04
                               ERR DEF= 0.5
mean_aoe = 0.0801
AoE: max = 1.57975 max = 0.0635901
 FCN=0.863442 FROM MIGRAD    STATUS=CONVERGED     346 CALLS         347 TOTAL
                     EDM=4.24456e-09    STRATEGY= 1  ERROR MATRIX UNCERTAINTY   1.9 per cent
  EXT PARAMETER                                   STEP         FIRST   
  NO.   NAME      VALUE            ERROR          SIZE      DERIVATIVE 
   1  p0           8.79434e-01   5.13813e-01  -7.71594e-04  -1.61844e-04
   2  p1           1.00077e+00   4.01485e-03  -7.91463e-07  -3.35981e-03
   3  p2           8.56114e-03   3.21176e-03   3.05074e-05  -3.30078e-03
   4  p3           4.98914e-03   6.13226e-03   1.02820e-05   1.86417e-01
   5  p4           3.16752e-03   3.88980e-03   6.52110e-06  -2.98396e-01
                               ERR DEF= 0.5
Analysis with a fixed bin for LowCut
Total integral = 1232
AoE_lowCut = 1954 -> 0.97675
CutIntegral = 1113
SF_dep = 0.903409
sigma_aoe = 0.00856114
 FCN=134.858 FROM MIGRAD    STATUS=CONVERGED     191 CALLS         192 TOTAL
                     EDM=2.52543e-08    STRATEGY= 1      ERROR MATRIX ACCURATE 
  EXT PARAMETER                                   STEP         FIRST   
  NO.   NAME      VALUE            ERROR          SIZE      DERIVATIVE 
   1  p0           1.20846e+02   5.03103e+00   3.16971e-02   7.78805e-06
   2  p1           1.59248e+03   3.89706e-02   7.59353e-04  -2.34667e-03
   3  p2           1.06811e+00   3.46883e-02   2.09414e-05   2.18339e-02
   4  p3           1.46317e+01   2.18590e+00   1.42752e-02   2.63944e-06
   5  p4           1.62046e+03   1.80796e-01   1.39285e-03  -2.33936e-06
   6  p5           1.13755e+00   1.58589e-01   9.37005e-05   5.27417e-03
   7  p6           8.75995e+00   2.22655e-01   1.70268e-03  -3.21374e-04
                               ERR DEF= 0.5
AreaDEP_tot = 1743
Area_DEP_tot_psa = 1418
AreaDEP = 1227
Area_DEP_psa = 1113
Area_FEP_tot = 1240
Area_FEP_tot_psa = 452
Area_FEP = 621
Area_FEP_psa = 104
Calculation of AoE vs E correction
 FCN=76.3855 FROM MIGRAD    STATUS=CONVERGED     999 CALLS        1000 TOTAL
                     EDM=7.23195e-07    STRATEGY= 1  ERROR MATRIX UNCERTAINTY   3.2 per cent
  EXT PARAMETER                                   STEP         FIRST   
  NO.   NAME      VALUE            ERROR          SIZE      DERIVATIVE 
   1  p0           7.96722e+01   3.14338e+00  -2.66695e-04  -1.59199e-05
   2  p1           1.00183e+00   4.70972e-04   3.02447e-05   1.64152e-04
   3  p2           1.32557e-02   4.68627e-04   5.70198e-05   6.07541e-03
   4  p3           1.63199e+01   1.02080e+00   4.49953e-04   7.65204e-05
   5  p4           3.89482e+00   4.06912e-01  -7.01826e-04   1.25857e-04
   6  p5           1.00643e+00   8.03712e-03   1.90201e-06  -1.01760e-01
   7  p6          -1.17571e-07   1.10925e-01   5.84489e-04** at limit **
   8  p7           1.80981e-02   2.53397e-03  -5.20622e-05  -1.33877e-02
                               ERR DEF= 0.5
 FCN=92.1828 FROM MIGRAD    STATUS=CONVERGED    1224 CALLS        1225 TOTAL
                     EDM=7.0001e-07    STRATEGY= 1      ERROR MATRIX ACCURATE 
  EXT PARAMETER                                   STEP         FIRST   
  NO.   NAME      VALUE            ERROR          SIZE      DERIVATIVE 
   1  p0           8.13354e+01   3.32807e+00   5.77698e-04  -7.14715e-05
   2  p1           1.00150e+00   4.43620e-04   1.34822e-04   8.17547e-03
   3  p2           1.20581e-02   4.00282e-04   1.55486e-04  -9.56600e-03
   4  p3           1.35248e+01   9.78884e-01   2.84539e-03   3.29283e-04
   5  p4           4.20529e+00   4.53570e-01   1.33256e-03  -2.83443e-04
   6  p5           1.00364e+00   7.18546e-03   2.18146e-05  -7.40336e-02
   7  p6          -4.67605e-08   1.16509e-01   4.50550e-03** at limit **
   8  p7           1.48465e-02   2.05199e-03   2.76166e-04  -1.21361e-03
                               ERR DEF= 0.5
 FCN=108.199 FROM MIGRAD    STATUS=CONVERGED    1059 CALLS        1060 TOTAL
                     EDM=1.69476e-06    STRATEGY= 1      ERROR MATRIX ACCURATE 
  EXT PARAMETER                                   STEP         FIRST   
  NO.   NAME      VALUE            ERROR          SIZE      DERIVATIVE 
   1  p0           8.01577e+01   3.34389e+00   6.89982e-04  -6.41141e-03
   2  p1           1.00041e+00   4.28029e-04   1.39439e-04   8.93150e-03
   3  p2           1.06733e-02   4.04800e-04   1.76435e-04  -1.61237e-02
   4  p3           1.45760e+01   1.00791e+00   3.50532e-03  -9.69848e-04
   5  p4           5.94120e+00   5.25078e-01   1.69164e-03   1.33232e-03
   6  p5           9.96819e-01   6.98030e-03   2.20123e-05   4.10303e-02
   7  p6          -4.18013e-07   6.87442e-01   9.99052e-03  -7.21957e-04
   8  p7           1.79691e-02   2.08814e-03   2.63505e-04   1.39648e-03
                               ERR DEF= 0.5
 FCN=107.889 FROM MIGRAD    STATUS=CONVERGED    1125 CALLS        1126 TOTAL
                     EDM=5.75021e-07    STRATEGY= 1      ERROR MATRIX ACCURATE 
  EXT PARAMETER                                   STEP         FIRST   
  NO.   NAME      VALUE            ERROR          SIZE      DERIVATIVE 
   1  p0           8.65806e+01   3.53955e+00   6.88946e-04   2.58000e-04
   2  p1           1.00003e+00   3.80153e-04   1.27784e-04  -7.26084e-04
   3  p2           1.01091e-02   3.43649e-04   1.65976e-04   2.37233e-03
   4  p3           1.21523e+01   8.84719e-01   2.98683e-03  -1.49285e-04
   5  p4           4.72422e+00   5.01054e-01   1.61279e-03  -3.48893e-05
   6  p5           1.00189e+00   6.37739e-03   2.29687e-05   6.58182e-02
   7  p6          -1.19941e-07   6.21828e-01   7.00812e-03** at limit **
   8  p7           1.65064e-02   2.06816e-03   2.91439e-04   5.76773e-03
                               ERR DEF= 0.5
 FCN=83.1387 FROM MIGRAD    STATUS=CONVERGED     915 CALLS         916 TOTAL
                     EDM=8.26498e-08    STRATEGY= 1  ERROR MATRIX UNCERTAINTY   4.0 per cent
  EXT PARAMETER                                   STEP         FIRST   
  NO.   NAME      VALUE            ERROR          SIZE      DERIVATIVE 
   1  p0           8.91656e+01   3.78757e+00   9.97337e-05   2.06016e-03
   2  p1           1.00015e+00   3.52878e-04  -1.02547e-05  -3.38396e-03
   3  p2           9.01371e-03   3.33169e-04  -1.87225e-05  -3.15587e-03
   4  p3           1.60305e+01   1.03197e+00   1.83591e-03  -1.43538e-04
   5  p4           6.47999e+00   4.74851e-01   4.30877e-04   2.19440e-04
   6  p5           9.98822e-01   5.22623e-03   5.98357e-06  -7.45804e-03
   7  p6          -1.84163e-09   5.47966e-02   1.12496e-03** at limit **
   8  p7           1.27996e-02   1.50986e-03  -7.98952e-05  -3.80057e-03
                               ERR DEF= 0.5
 FCN=108.788 FROM MIGRAD    STATUS=CONVERGED     804 CALLS         805 TOTAL
                     EDM=9.5765e-08    STRATEGY= 1  ERROR MATRIX UNCERTAINTY   2.6 per cent
  EXT PARAMETER                                   STEP         FIRST   
  NO.   NAME      VALUE            ERROR          SIZE      DERIVATIVE 
   1  p0           8.41815e+01   3.80247e+00  -6.58692e-05   5.30010e-04
   2  p1           9.99960e-01   3.75548e-04  -5.86466e-06  -9.06815e-03
   3  p2           8.86258e-03   3.41653e-04   1.46696e-05  -7.18796e-04
   4  p3           1.56961e+01   1.04655e+00   1.05060e-03  -5.32781e-04
   5  p4           6.31877e+00   4.75546e-01   3.74642e-04   1.42757e-03
   6  p5           9.99815e-01   4.70260e-03   2.12144e-06   7.48967e-02
   7  p6          -2.80117e-10   2.20565e-02   3.72030e-04** at limit **
   8  p7           1.23819e-02   1.34636e-03   2.94435e-06  -1.10643e-03
                               ERR DEF= 0.5
 FCN=94.0667 FROM MIGRAD    STATUS=CONVERGED     799 CALLS         800 TOTAL
                     EDM=1.04418e-08    STRATEGY= 1  ERROR MATRIX UNCERTAINTY   2.2 per cent
  EXT PARAMETER                                   STEP         FIRST   
  NO.   NAME      VALUE            ERROR          SIZE      DERIVATIVE 
   1  p0           8.51511e+01   3.59080e+00   2.02573e-04   4.77565e-04
   2  p1           9.98313e-01   3.46272e-04   1.34398e-05   4.60003e-04
   3  p2           8.83940e-03   2.86991e-04   4.00798e-05   3.39597e-03
   4  p3           1.40746e+01   9.05873e-01  -4.71753e-04  -6.33265e-05
   5  p4           7.15378e+00   6.09851e-01  -7.00307e-04   1.81900e-04
   6  p5           9.84300e-01   6.17791e-03  -2.44750e-07   1.42497e-02
   7  p6          -4.08815e-10   4.08080e-02   6.15544e-04** at limit **
   8  p7           1.68425e-02   1.63592e-03  -1.96132e-05   4.01798e-04
                               ERR DEF= 0.5
 FCN=123.693 FROM MIGRAD    STATUS=CONVERGED     703 CALLS         704 TOTAL
                     EDM=7.44923e-09    STRATEGY= 1  ERROR MATRIX UNCERTAINTY   0.7 per cent
  EXT PARAMETER                                   STEP         FIRST   
  NO.   NAME      VALUE            ERROR          SIZE      DERIVATIVE 
   1  p0           9.50685e+01   4.39091e+00   9.34691e-05  -4.16114e-04
   2  p1           9.98141e-01   3.47302e-04   1.58543e-05   2.54965e-03
   3  p2           7.55734e-03   3.13330e-04  -2.56960e-07   1.55207e-03
   4  p3           2.31875e+01   1.32341e+00   1.30915e-04   2.55181e-05
   5  p4           9.25463e+00   4.89083e-01  -1.81506e-04   2.26462e-05
   6  p5           9.92693e-01   3.52059e-03   1.36425e-06  -5.59343e-03
   7  p6          -2.93099e-13   4.28821e-03  -2.17801e-04** at limit **
   8  p7           1.17063e-02   9.68336e-04  -7.79998e-06   1.06360e-03
                               ERR DEF= 0.5
 FCN=119.436 FROM MIGRAD    STATUS=CONVERGED     836 CALLS         837 TOTAL
                     EDM=7.11674e-07    STRATEGY= 1  ERROR MATRIX UNCERTAINTY   4.8 per cent
  EXT PARAMETER                                   STEP         FIRST   
  NO.   NAME      VALUE            ERROR          SIZE      DERIVATIVE 
   1  p0           9.32994e+01   4.16373e+00  -1.26277e-04  -2.69607e-03
   2  p1           9.96721e-01   3.40176e-04  -1.17213e-05  -1.11161e-03
   3  p2           7.70287e-03   2.92804e-04   1.81601e-06  -2.61096e-03
   4  p3           2.32170e+01   1.20080e+00   3.55627e-03  -1.29897e-03
   5  p4           9.15413e+00   5.45657e-01   1.03172e-03   2.94916e-03
   6  p5           9.82972e-01   4.66013e-03  -2.38816e-06   1.87957e-01
   7  p6          -2.62659e-10   2.87995e-02   2.58190e-03** at limit **
   8  p7           1.46851e-02   1.21589e-03   1.48936e-04   1.41868e-02
                               ERR DEF= 0.5
 FCN=113.428 FROM MIGRAD    STATUS=CONVERGED     834 CALLS         835 TOTAL
                     EDM=9.1655e-07    STRATEGY= 1      ERROR MATRIX ACCURATE 
  EXT PARAMETER                                   STEP         FIRST   
  NO.   NAME      VALUE            ERROR          SIZE      DERIVATIVE 
   1  p0           1.10489e+02   4.63738e+00   7.15768e-04   2.55686e-03
   2  p1           9.97301e-01   2.86690e-04   9.69815e-05  -2.20597e-02
   3  p2           7.12532e-03   2.32906e-04   1.74370e-04  -1.27807e-02
   4  p3           2.66600e+01   1.12543e+00   5.63598e-03   4.40659e-05
   5  p4           7.75241e+00   1.37152e+00   1.27404e-03  -1.44367e-04
   6  p5           9.81786e-01   4.41912e-03   1.46148e-05  -1.46411e-01
   7  p6          -6.76222e-02   4.85051e-02   1.97302e-04   2.20237e-03
   8  p7           1.41657e-02   1.09238e-03   2.09645e-04  -1.75494e-03
                               ERR DEF= 0.5
 FCN=135.494 FROM MIGRAD    STATUS=CONVERGED     795 CALLS         796 TOTAL
                     EDM=1.05882e-06    STRATEGY= 1      ERROR MATRIX ACCURATE 
  EXT PARAMETER                                   STEP         FIRST   
  NO.   NAME      VALUE            ERROR          SIZE      DERIVATIVE 
   1  p0           1.02383e+02   4.37317e+00   8.13062e-04  -2.65149e-03
   2  p1           9.96097e-01   3.48806e-04   1.20606e-04  -1.33740e-03
   3  p2           7.81928e-03   3.01357e-04   1.94865e-04  -1.28905e-02
   4  p3           2.35360e+01   1.23218e+00   5.57899e-03  -5.66575e-04
   5  p4           8.10612e+00   1.66650e+00   1.78735e-03   3.55009e-03
   6  p5           9.87448e-01   4.43035e-03   1.65501e-05   1.32700e-01
   7  p6          -1.80678e-02   5.59624e-02   4.99385e-04  -1.27624e-02
   8  p7           1.35295e-02   1.14800e-03   2.31966e-04  -2.42095e-03
                               ERR DEF= 0.5
 FCN=118.67 FROM MIGRAD    STATUS=CONVERGED     736 CALLS         737 TOTAL
                     EDM=3.33435e-07    STRATEGY= 1  ERROR MATRIX UNCERTAINTY   1.1 per cent
  EXT PARAMETER                                   STEP         FIRST   
  NO.   NAME      VALUE            ERROR          SIZE      DERIVATIVE 
   1  p0           9.95238e+01   4.54180e+00  -2.38983e-04   1.32006e-03
   2  p1           9.96159e-01   3.46627e-04   1.76170e-05  -4.26088e-03
   3  p2           7.36294e-03   3.01736e-04   3.11490e-06  -4.88690e-03
   4  p3           2.43858e+01   1.38275e+00  -1.04816e-03  -5.46426e-04
   5  p4           8.74956e+00   4.53699e-01  -1.06429e-03   1.78634e-03
   6  p5           9.92916e-01   3.00093e-03   1.36436e-05   3.53282e-01
   7  p6          -5.73381e-10   6.99547e-03  -1.06933e-03** at limit **
   8  p7           1.06456e-02   8.95015e-04  -9.05633e-05   1.47998e-02
                               ERR DEF= 0.5
 FCN=134.356 FROM MIGRAD    STATUS=CONVERGED     759 CALLS         760 TOTAL
                     EDM=1.12202e-06    STRATEGY= 1      ERROR MATRIX ACCURATE 
  EXT PARAMETER                                   STEP         FIRST   
  NO.   NAME      VALUE            ERROR          SIZE      DERIVATIVE 
   1  p0           1.17541e+02   5.04196e+00   8.49136e-04   3.53202e-03
   2  p1           9.95464e-01   3.03943e-04   1.08072e-04   2.58750e-02
   3  p2           7.00124e-03   2.61458e-04   2.04067e-04   1.59310e-02
   4  p3           2.66755e+01   1.36852e+00   5.80654e-03  -9.47230e-04
   5  p4           8.16125e+00   4.14289e-01   1.74698e-03   3.55921e-03
   6  p5           9.92069e-01   2.74748e-03   1.35963e-05   2.77373e-01
   7  p6          -2.36963e-10   8.92914e-03   1.50748e-03** at limit **
   8  p7           1.10829e-02   8.52809e-04   2.23758e-04  -1.02539e-02
                               ERR DEF= 0.5
 FCN=143.934 FROM MIGRAD    STATUS=CONVERGED     999 CALLS        1000 TOTAL
                     EDM=3.33222e-08    STRATEGY= 1  ERROR MATRIX UNCERTAINTY   2.3 per cent
  EXT PARAMETER                                   STEP         FIRST   
  NO.   NAME      VALUE            ERROR          SIZE      DERIVATIVE 
   1  p0           1.43619e+02   5.32848e+00  -4.47869e-05   1.41830e-04
   2  p1           9.94652e-01   2.66086e-04  -2.43674e-05  -3.12053e-03
   3  p2           7.19366e-03   2.26998e-04   3.61719e-05   5.94439e-03
   4  p3           3.00198e+01   1.43299e+00  -2.59406e-03   9.43215e-06
   5  p4           8.93519e+00   4.41427e-01  -9.30527e-04  -1.28888e-04
   6  p5           9.88395e-01   2.98812e-03  -1.95439e-06   1.95918e-03
   7  p6          -1.03464e-10   6.39279e-03   3.97534e-04** at limit **
   8  p7           1.33278e-02   9.04995e-04   1.55493e-05  -2.71932e-03
                               ERR DEF= 0.5
 FCN=159.477 FROM MIGRAD    STATUS=CONVERGED     904 CALLS         905 TOTAL
                     EDM=2.68412e-07    STRATEGY= 1  ERROR MATRIX UNCERTAINTY   1.8 per cent
  EXT PARAMETER                                   STEP         FIRST   
  NO.   NAME      VALUE            ERROR          SIZE      DERIVATIVE 
   1  p0           1.65147e+02   5.54954e+00  -1.70856e-05   1.75772e-03
   2  p1           9.94575e-01   2.56632e-04   3.58931e-05   3.41091e-03
   3  p2           7.19735e-03   2.14885e-04  -3.17187e-05  -1.17773e-02
   4  p3           3.62871e+01   1.64502e+00   3.39781e-03  -4.06735e-04
   5  p4           9.76833e+00   3.83767e-01   4.78795e-04   2.27125e-03
   6  p5           9.89435e-01   2.50072e-03   1.56908e-06   3.74288e-03
   7  p6          -1.31808e-11   2.57799e-03  -3.22792e-04** at limit **
   8  p7           1.14885e-02   7.40979e-04  -2.50961e-05  -1.33334e-03
                               ERR DEF= 0.5
 FCN=167.612 FROM MIGRAD    STATUS=CONVERGED     972 CALLS         973 TOTAL
                     EDM=3.77629e-09    STRATEGY= 1  ERROR MATRIX UNCERTAINTY   1.0 per cent
  EXT PARAMETER                                   STEP         FIRST   
  NO.   NAME      VALUE            ERROR          SIZE      DERIVATIVE 
   1  p0           2.00913e+02   6.39747e+00  -4.49823e-05   6.44364e-04
   2  p1           9.94371e-01   2.30528e-04   5.02809e-06   7.22111e-04
   3  p2           7.11537e-03   1.94008e-04  -9.79994e-06   2.01209e-03
   4  p3           3.79851e+01   1.72470e+00  -4.57882e-04   2.82134e-05
   5  p4           9.28321e+00   3.80905e-01  -3.50884e-04   1.28577e-05
   6  p5           9.91487e-01   2.22545e-03   3.58442e-06  -1.98239e-02
   7  p6          -2.04725e-13   2.41379e-03  -1.63867e-05** at limit **
   8  p7           1.09573e-02   6.96251e-04  -2.29043e-05  -5.65492e-04
                               ERR DEF= 0.5

****************************************
Minimizer is Linear
Chi2                      =      16.1533
NDf                       =           14
p0                        =      1.00702   +/-   0.000358376 
p1                        = -5.39177e-06   +/-   1.87944e-07 
Calculation of survival fraction for 2104
 FCN=161.486 FROM MIGRAD    STATUS=CONVERGED     103 CALLS         104 TOTAL
                     EDM=5.21564e-08    STRATEGY= 1      ERROR MATRIX ACCURATE 
  EXT PARAMETER                                   STEP         FIRST   
  NO.   NAME      VALUE            ERROR          SIZE      DERIVATIVE 
   1  p0           1.22382e+02   4.38102e+00   3.04938e-02   1.88738e-05
   2  p1           2.10330e+03   5.09766e-02   1.00293e-03   2.24570e-03
   3  p2           1.55714e+00   4.59511e-02   2.55019e-05  -2.41262e-02
   4  p3           1.85038e+01   2.65650e-01   2.28344e-03   4.15769e-04
                               ERR DEF= 0.5
Area_tot = 2504
Area_tot_psa = 702
Area = 1602
Area_psa = 253
 FCN=147.348 FROM MIGRAD    STATUS=CONVERGED      86 CALLS          87 TOTAL
                     EDM=3.50014e-07    STRATEGY= 1      ERROR MATRIX ACCURATE 
  EXT PARAMETER                                   STEP         FIRST   
  NO.   NAME      VALUE            ERROR          SIZE      DERIVATIVE 
   1  p0           1.91059e+01   2.18085e+00   1.44164e-02   3.23661e-05
   2  p1           2.10316e+03   1.59930e-01   1.33879e-03  -3.23911e-03
   3  p2           1.41871e+00   1.57967e-01   8.69524e-05  -1.50158e-02
   4  p3           9.38562e+00   1.90238e-01   1.55019e-03  -1.14374e-03
                               ERR DEF= 0.5
Calculation of survival fraction for 2614.5
 FCN=256.602 FROM MIGRAD    STATUS=CONVERGED     163 CALLS         164 TOTAL
                     EDM=6.99649e-08    STRATEGY= 1      ERROR MATRIX ACCURATE 
  EXT PARAMETER                                   STEP         FIRST   
  NO.   NAME      VALUE            ERROR          SIZE      DERIVATIVE 
   1  p0           1.16440e+03   1.32509e+01   1.18731e-01  -1.18244e-05
   2  p1           2.61468e+03   1.13232e-02   1.24678e-03  -5.72235e-03
   3  p2           1.21740e+00   8.31303e-03   6.77671e-06   1.48230e-01
   4  p3           1.26916e+00   8.62692e-02   9.51738e-04  -8.75159e-04
                               ERR DEF= 0.5
Area_tot = 11922
Area_tot_psa = 2430
Area = 11829
Area_psa = 2419
 FCN=126.184 FROM MIGRAD    STATUS=CONVERGED     174 CALLS         175 TOTAL
                     EDM=2.72256e-08    STRATEGY= 1  ERROR MATRIX UNCERTAINTY   3.3 per cent
  EXT PARAMETER                                   STEP         FIRST   
  NO.   NAME      VALUE            ERROR          SIZE      DERIVATIVE 
   1  p0           2.37197e+02   5.92556e+00  -1.62024e-02  -1.19122e-05
   2  p1           2.61476e+03   2.51986e-02  -1.28251e-05  -8.26204e-03
   3  p2           1.21746e+00   1.80081e-02   2.31181e-06  -4.03444e-02
   4  p3           2.73670e-02   1.12115e-02  -3.01783e-05   5.45849e-03
                               ERR DEF= 0.5
Calculation of survival fraction background at 2039
Area = 4173
Area_psa = 2157
Calculation of survival fraction background at 2350
Area = 9108
Area_psa = 4869
