
[1mRooFit v3.60 -- Developed by Wouter Verkerke and David Kirkby[0m 
                Copyright (C) 2000-2013 NIKHEF, University of California & Stanford University
                All rights reserved, please read http://roofit.sourceforge.net/license.txt

Using file /nfs/gerda6/users/burlac/psd/analysis/run0098-cal_dplms.tier.root
Analizing channel 40
DPLMS analysis 
Total events = 17201607
event n.1000000
event n.2000000
event n.3000000
event n.4000000
event n.5000000
event n.6000000
event n.7000000
event n.8000000
event n.9000000
event n.10000000
event n.11000000
event n.12000000
event n.13000000
event n.14000000
event n.15000000
event n.16000000
event n.17000000
Selected events: 256109
The time to read waveforms: 38.42 s
Initialization of DEP&FEP background  = 31.5
 FCN=128.059 FROM MIGRAD    STATUS=CONVERGED     164 CALLS         165 TOTAL
                     EDM=6.2664e-08    STRATEGY= 1  ERROR MATRIX UNCERTAINTY   3.5 per cent
  EXT PARAMETER                                   STEP         FIRST   
  NO.   NAME      VALUE            ERROR          SIZE      DERIVATIVE 
   1  p0           1.08520e+02   5.21901e+00  -4.17234e-03   4.95933e-05
   2  p1           1.59356e+03   5.43286e-02  -5.96832e-05  -1.22321e-03
   3  p2           1.19193e+00   5.49262e-02  -2.86538e-06   3.22483e-02
   4  p3           1.74753e+02   6.42238e+00  -1.51533e-02   5.71662e-06
   5  p4           1.62153e+03   3.59250e-02  -8.79292e-06   8.12409e-04
   6  p5           1.06757e+00   3.28838e-02   3.39390e-06  -5.71192e-02
   7  p6           2.94630e+01   4.06499e-01  -7.09001e-04  -3.35472e-04
                               ERR DEF= 0.5
mean_aoe = 0.1339
AoE: max = 1.86212 max = 0.123398
 FCN=1.04468 FROM MIGRAD    STATUS=CONVERGED     383 CALLS         384 TOTAL
                     EDM=1.9277e-09    STRATEGY= 1  ERROR MATRIX UNCERTAINTY   2.8 per cent
  EXT PARAMETER                                   STEP         FIRST   
  NO.   NAME      VALUE            ERROR          SIZE      DERIVATIVE 
   1  p0           9.57463e-01   6.29324e-01  -1.11657e-03  -2.45107e-06
   2  p1           9.99413e-01   3.13957e-03  -1.32615e-06  -1.64882e-02
   3  p2           5.86440e-03   2.52742e-03  -4.59765e-05   9.06597e-04
   4  p3           4.87192e-03   6.13764e-03   8.77934e-06  -1.42394e+00
   5  p4           2.15762e-03   2.70983e-03   3.87870e-06   3.22728e+00
                               ERR DEF= 0.5
Total integral = 1166
AoE_lowCut = 1299 -> 0.865667
CutIntegral = 1055
SF_dep = 0.904803
sigma_aoe = 0.0058644
 FCN=121.757 FROM MIGRAD    STATUS=CONVERGED     250 CALLS         251 TOTAL
                     EDM=1.37085e-08    STRATEGY= 1      ERROR MATRIX ACCURATE 
  EXT PARAMETER                                   STEP         FIRST   
  NO.   NAME      VALUE            ERROR          SIZE      DERIVATIVE 
   1  p0           1.06029e+02   4.91516e+00   2.91762e-02  -1.70770e-05
   2  p1           1.59352e+03   5.10503e-02   7.59852e-04   1.50619e-03
   3  p2           1.19071e+00   4.97663e-02   2.66909e-05   5.39399e-04
   4  p3           9.46462e+01   4.91576e+00   2.96095e-02   3.11987e-06
   5  p4           1.62160e+03   5.22611e-02   7.73241e-04  -2.36742e-04
   6  p5           1.06812e+00   4.92574e-02   2.84398e-05   4.17154e-03
   7  p6           2.20429e+01   3.47731e-01   2.51266e-03  -6.70829e-05
                               ERR DEF= 0.5
AreaDEP_tot = 2235
Area_DEP_tot_psa = 1922
AreaDEP = 1126
Area_DEP_psa = 1031
Area_FEP_tot = 2548
Area_FEP_tot_psa = 1604
Area_FEP = 1527
Area_FEP_psa = 831
Calculation of AoE vs E correction
 FCN=119.704 FROM MIGRAD    STATUS=CONVERGED    1374 CALLS        1375 TOTAL
                     EDM=5.43601e-08    STRATEGY= 1      ERROR MATRIX ACCURATE 
  EXT PARAMETER                                   STEP         FIRST   
  NO.   NAME      VALUE            ERROR          SIZE      DERIVATIVE 
   1  p0           1.84170e+02   5.46269e+00   4.92131e-04   5.45409e-04
   2  p1           1.00097e+00   2.76917e-04   9.35277e-05   9.72198e-04
   3  p2           1.00842e-02   2.47383e-04   1.21028e-04   2.88069e-03
   4  p3           3.21786e+01   1.35268e+00   4.63375e-03   1.74774e-04
   5  p4           3.29017e+00   2.61401e-01   8.98331e-04  -4.65750e-04
   6  p5           1.00143e+00   4.10175e-03   1.53363e-05  -1.03884e-02
   7  p6          -5.13153e-09   1.35634e-01   5.58319e-03** at limit **
   8  p7           1.23619e-02   1.15229e-03   2.16673e-04   7.88682e-04
                               ERR DEF= 0.5
 FCN=128.032 FROM MIGRAD    STATUS=CONVERGED    1023 CALLS        1024 TOTAL
                     EDM=7.50005e-07    STRATEGY= 1  ERROR MATRIX UNCERTAINTY   1.5 per cent
  EXT PARAMETER                                   STEP         FIRST   
  NO.   NAME      VALUE            ERROR          SIZE      DERIVATIVE 
   1  p0           1.79702e+02   5.52200e+00  -3.23250e-04  -2.08068e-03
   2  p1           1.00151e+00   2.51497e-04  -3.64134e-05  -2.87240e-02
   3  p2           9.02776e-03   2.21466e-04   4.99894e-05  -2.05424e-03
   4  p3           2.99236e+01   1.23025e+00   2.59737e-03  -2.98582e-04
   5  p4           3.91955e+00   2.62939e-01  -7.44825e-04   2.23166e-03
   6  p5           1.00301e+00   3.50614e-03   6.38821e-06   3.36042e-02
   7  p6          -3.23693e-08   3.00928e-02   2.17376e-04** at limit **
   8  p7           1.11568e-02   1.01536e-03  -9.51802e-05  -1.28691e-02
                               ERR DEF= 0.5
 FCN=107.77 FROM MIGRAD    STATUS=CONVERGED     920 CALLS         921 TOTAL
                     EDM=5.41767e-07    STRATEGY= 1  ERROR MATRIX UNCERTAINTY   2.4 per cent
  EXT PARAMETER                                   STEP         FIRST   
  NO.   NAME      VALUE            ERROR          SIZE      DERIVATIVE 
   1  p0           1.74444e+02   5.78060e+00   1.27560e-04  -3.64887e-03
   2  p1           1.00083e+00   2.38423e-04   1.41107e-05  -2.27973e-02
   3  p2           7.80456e-03   2.11382e-04  -2.57348e-05  -2.25291e-02
   4  p3           2.91412e+01   1.18351e+00  -2.37620e-04  -1.23449e-03
   5  p4           4.51204e+00   2.80855e-01  -8.04113e-05   5.01635e-03
   6  p5           9.99497e-01   3.41423e-03  -5.71673e-06   1.04465e-01
   7  p6          -4.06903e-11   3.30446e-02   1.76478e-03** at limit **
   8  p7           1.01894e-02   9.37613e-04   1.24384e-04   4.78127e-03
                               ERR DEF= 0.5
 FCN=154.654 FROM MIGRAD    STATUS=CONVERGED     937 CALLS         938 TOTAL
                     EDM=1.08414e-06    STRATEGY= 1      ERROR MATRIX ACCURATE 
  EXT PARAMETER                                   STEP         FIRST   
  NO.   NAME      VALUE            ERROR          SIZE      DERIVATIVE 
   1  p0           1.92632e+02   6.02700e+00   6.35722e-04   5.30470e-03
   2  p1           1.00033e+00   2.21114e-04   8.72869e-05   3.51300e-04
   3  p2           7.53069e-03   1.85582e-04   1.48599e-04   8.37497e-03
   4  p3           2.87513e+01   1.24000e+00   5.45448e-03  -1.34501e-03
   5  p4           4.96224e+00   3.05516e-01   1.30463e-03   4.02718e-03
   6  p5           9.96615e-01   2.80055e-03   1.58738e-05   2.27158e-01
   7  p6          -1.81566e-11   2.68109e-02   2.81665e-03** at limit **
   8  p7           1.15297e-02   8.54912e-04   2.47018e-04   3.72153e-03
                               ERR DEF= 0.5
 FCN=135.73 FROM MIGRAD    STATUS=CONVERGED     920 CALLS         921 TOTAL
                     EDM=1.30371e-07    STRATEGY= 1      ERROR MATRIX ACCURATE 
  EXT PARAMETER                                   STEP         FIRST   
  NO.   NAME      VALUE            ERROR          SIZE      DERIVATIVE 
   1  p0           1.95297e+02   6.33804e+00   5.90360e-04   1.70847e-03
   2  p1           9.99658e-01   2.14430e-04   7.94462e-05   1.37984e-03
   3  p2           7.09712e-03   1.84023e-04   1.48054e-04   4.96097e-03
   4  p3           3.20639e+01   1.36940e+00   5.79336e-03   1.54769e-04
   5  p4           6.21401e+00   3.17632e-01   1.31326e-03  -2.28465e-04
   6  p5           9.96630e-01   2.81498e-03   1.36162e-05   1.81845e-02
   7  p6          -3.57257e-09   3.54298e-02   3.01433e-03** at limit **
   8  p7           1.03033e-02   8.17494e-04   2.29785e-04   5.56894e-04
                               ERR DEF= 0.5
 FCN=131.319 FROM MIGRAD    STATUS=CONVERGED    1022 CALLS        1023 TOTAL
                     EDM=5.83025e-07    STRATEGY= 1      ERROR MATRIX ACCURATE 
  EXT PARAMETER                                   STEP         FIRST   
  NO.   NAME      VALUE            ERROR          SIZE      DERIVATIVE 
   1  p0           2.01931e+02   6.64456e+00   6.47941e-04   2.77232e-03
   2  p1           9.99789e-01   1.96221e-04   7.20838e-05  -1.47359e-02
   3  p2           6.41791e-03   1.66878e-04   1.59898e-04   7.79026e-03
   4  p3           2.83219e+01   1.21875e+00   5.11651e-03  -7.64947e-04
   5  p4           5.48617e+00   3.20717e-01   1.27953e-03   2.40955e-03
   6  p5           9.96091e-01   2.99361e-03   1.40995e-05   2.47417e-01
   7  p6          -6.88905e-09   8.12736e-02   4.58620e-03** at limit **
   8  p7           1.06319e-02   9.18618e-04   2.37721e-04   9.09834e-03
                               ERR DEF= 0.5
 FCN=108.347 FROM MIGRAD    STATUS=CONVERGED     864 CALLS         865 TOTAL
                     EDM=6.15348e-07    STRATEGY= 1  ERROR MATRIX UNCERTAINTY   2.4 per cent
  EXT PARAMETER                                   STEP         FIRST   
  NO.   NAME      VALUE            ERROR          SIZE      DERIVATIVE 
   1  p0           1.78111e+02   6.15506e+00   1.47567e-04   2.76291e-04
   2  p1           9.98689e-01   2.13437e-04  -5.89313e-05  -5.22895e-02
   3  p2           6.51830e-03   1.82781e-04  -3.49510e-05  -2.00036e-02
   4  p3           2.79537e+01   1.19191e+00   9.03539e-04  -9.73160e-04
   5  p4           5.80905e+00   3.26095e-01  -5.58755e-04   2.59619e-03
   6  p5           9.94353e-01   3.02938e-03   2.61366e-06   2.15338e-01
   7  p6          -6.14634e-09   2.94521e-02   2.00676e-03** at limit **
   8  p7           1.11507e-02   9.29510e-04  -1.98830e-05   7.06731e-03
                               ERR DEF= 0.5
 FCN=125.281 FROM MIGRAD    STATUS=CONVERGED     746 CALLS         747 TOTAL
                     EDM=8.08912e-08    STRATEGY= 1  ERROR MATRIX UNCERTAINTY   1.2 per cent
  EXT PARAMETER                                   STEP         FIRST   
  NO.   NAME      VALUE            ERROR          SIZE      DERIVATIVE 
   1  p0           2.02116e+02   7.23673e+00   2.28112e-05   6.33416e-04
   2  p1           9.98293e-01   1.97382e-04   3.87866e-06   2.41307e-02
   3  p2           5.77117e-03   1.76508e-04  -2.05660e-05  -5.70394e-04
   4  p3           3.93160e+01   1.60184e+00  -8.72653e-04  -2.96643e-04
   5  p4           7.90256e+00   3.20821e-01  -2.26289e-04   1.69668e-03
   6  p5           9.96505e-01   2.21258e-03   2.65578e-07   7.11981e-02
   7  p6          -1.41731e-12   4.24594e-03  -2.54939e-04** at limit **
   8  p7           8.13760e-03   6.29991e-04   7.57548e-06   2.64962e-03
                               ERR DEF= 0.5
 FCN=129.381 FROM MIGRAD    STATUS=CONVERGED     665 CALLS         666 TOTAL
                     EDM=7.41056e-07    STRATEGY= 1  ERROR MATRIX UNCERTAINTY   4.0 per cent
  EXT PARAMETER                                   STEP         FIRST   
  NO.   NAME      VALUE            ERROR          SIZE      DERIVATIVE 
   1  p0           2.01524e+02   7.35789e+00   5.53933e-05  -4.36383e-04
   2  p1           9.97697e-01   2.01645e-04   1.14659e-05   4.42805e-03
   3  p2           5.54716e-03   1.72875e-04  -7.77410e-05  -9.78126e-03
   4  p3           4.32210e+01   1.57619e+00  -1.64234e-03  -1.49952e-03
   5  p4           8.13618e+00   3.05699e-01  -3.79819e-04   3.70574e-02
   6  p5           9.93090e-01   2.27133e-03   3.76523e-06   2.07899e-01
   7  p6          -5.54461e-06   9.57440e-04  -5.68470e-05  -1.50517e-01
   8  p7           9.25846e-03   6.80592e-04  -6.95391e-05  -2.11633e-02
                               ERR DEF= 0.5
 FCN=145.647 FROM MIGRAD    STATUS=CONVERGED     890 CALLS         891 TOTAL
                     EDM=5.3471e-07    STRATEGY= 1  ERROR MATRIX UNCERTAINTY   4.5 per cent
  EXT PARAMETER                                   STEP         FIRST   
  NO.   NAME      VALUE            ERROR          SIZE      DERIVATIVE 
   1  p0           2.17245e+02   7.72712e+00  -6.58561e-05   1.93193e-03
   2  p1           9.97678e-01   1.85863e-04  -3.03501e-06   3.78391e-03
   3  p2           5.30828e-03   1.64027e-04   2.73845e-05   7.20510e-03
   4  p3           4.51184e+01   1.60206e+00   1.68942e-04  -7.34555e-04
   5  p4           7.77511e+00   2.95767e-01   4.31728e-05   4.29830e-03
   6  p5           9.93482e-01   1.98053e-03   4.32116e-06   4.61649e-01
   7  p6          -5.58575e-08   1.82301e-01   4.36173e-03** at limit **
   8  p7           8.60355e-03   6.19137e-04  -6.87084e-05  -7.91431e-03
                               ERR DEF= 0.5
 FCN=138.875 FROM MIGRAD    STATUS=CONVERGED     822 CALLS         823 TOTAL
                     EDM=3.85563e-07    STRATEGY= 1  ERROR MATRIX UNCERTAINTY   2.5 per cent
  EXT PARAMETER                                   STEP         FIRST   
  NO.   NAME      VALUE            ERROR          SIZE      DERIVATIVE 
   1  p0           2.19135e+02   7.23627e+00  -4.68147e-05  -2.90478e-03
   2  p1           9.96752e-01   1.79981e-04  -7.11297e-06   2.28442e-02
   3  p2           5.52759e-03   1.53037e-04   4.03765e-05  -2.75646e-03
   4  p3           4.10437e+01   1.50914e+00  -1.22428e-03  -1.16862e-04
   5  p4           7.70820e+00   3.14634e-01  -7.96121e-04   5.48377e-04
   6  p5           9.90602e-01   2.24621e-03  -7.40015e-07   1.47500e-01
   7  p6          -3.69419e-08   5.99521e-02  -8.87023e-05** at limit **
   8  p7           9.58154e-03   6.95351e-04   3.46359e-05   1.24313e-02
                               ERR DEF= 0.5
 FCN=148.718 FROM MIGRAD    STATUS=CONVERGED     792 CALLS         793 TOTAL
                     EDM=8.32565e-08    STRATEGY= 1  ERROR MATRIX UNCERTAINTY   2.6 per cent
  EXT PARAMETER                                   STEP         FIRST   
  NO.   NAME      VALUE            ERROR          SIZE      DERIVATIVE 
   1  p0           2.12302e+02   7.64063e+00  -9.50478e-05  -5.36271e-04
   2  p1           9.96915e-01   1.90664e-04  -8.17682e-06  -6.26702e-03
   3  p2           5.39438e-03   1.59405e-04   4.61262e-05   3.44416e-03
   4  p3           4.41263e+01   1.69375e+00  -2.05902e-03   7.60048e-05
   5  p4           8.03125e+00   3.08713e-01  -4.82307e-04   4.58429e-04
   6  p5           9.95162e-01   1.78878e-03   4.24965e-07  -6.49611e-02
   7  p6          -3.29031e-10   5.70496e-03   1.19864e-04** at limit **
   8  p7           9.03317e-03   5.77285e-04  -2.83326e-05  -4.09390e-03
                               ERR DEF= 0.5
 FCN=156.085 FROM MIGRAD    STATUS=CONVERGED     813 CALLS         814 TOTAL
                     EDM=3.21838e-08    STRATEGY= 1  ERROR MATRIX UNCERTAINTY   1.4 per cent
  EXT PARAMETER                                   STEP         FIRST   
  NO.   NAME      VALUE            ERROR          SIZE      DERIVATIVE 
   1  p0           2.69555e+02   8.91186e+00   5.92837e-05  -2.41651e-03
   2  p1           9.96568e-01   1.70169e-04  -9.50218e-06   7.96424e-03
   3  p2           5.13652e-03   1.48443e-04   7.60068e-05  -1.88497e-03
   4  p3           5.04486e+01   1.77924e+00  -2.38235e-03  -8.52180e-05
   5  p4           7.58377e+00   2.69619e-01  -2.55038e-04   2.42736e-04
   6  p5           9.94952e-01   1.77571e-03  -2.73492e-06   3.27547e-02
   7  p6          -2.88991e-12   7.11243e-03   2.10270e-04** at limit **
   8  p7           7.01864e-03   5.37139e-04   7.96824e-05   4.25897e-03
                               ERR DEF= 0.5
 FCN=187.578 FROM MIGRAD    STATUS=CONVERGED     734 CALLS         735 TOTAL
                     EDM=4.35027e-08    STRATEGY= 1  ERROR MATRIX UNCERTAINTY   2.3 per cent
  EXT PARAMETER                                   STEP         FIRST   
  NO.   NAME      VALUE            ERROR          SIZE      DERIVATIVE 
   1  p0           3.09851e+02   9.28920e+00   1.60478e-04   6.47982e-04
   2  p1           9.95424e-01   1.64809e-04  -7.96440e-06  -1.24132e-02
   3  p2           5.29053e-03   1.37436e-04  -4.26922e-05  -1.12191e-03
   4  p3           5.90763e+01   1.96560e+00  -2.91574e-03   1.01677e-04
   5  p4           8.23636e+00   2.67167e-01   3.41630e-04  -1.10653e-03
   6  p5           9.93400e-01   1.50579e-03  -2.20286e-06  -9.97177e-02
   7  p6          -5.39164e-11   3.18916e-03   9.75369e-06** at limit **
   8  p7           8.63019e-03   4.86296e-04   4.78708e-05   4.13568e-03
                               ERR DEF= 0.5
 FCN=220.492 FROM MIGRAD    STATUS=CONVERGED     773 CALLS         774 TOTAL
                     EDM=3.45744e-07    STRATEGY= 1  ERROR MATRIX UNCERTAINTY   2.0 per cent
  EXT PARAMETER                                   STEP         FIRST   
  NO.   NAME      VALUE            ERROR          SIZE      DERIVATIVE 
   1  p0           3.64911e+02   9.86328e+00  -1.47121e-04   7.11278e-03
   2  p1           9.95395e-01   1.39122e-04  -2.74156e-05  -3.92401e-02
   3  p2           5.06272e-03   1.18930e-04   3.12484e-04   1.61646e-03
   4  p3           6.14450e+01   1.95607e+00  -9.42572e-03   3.19036e-04
   5  p4           8.06687e+00   2.59577e-01  -1.20337e-03  -2.43521e-04
   6  p5           9.92371e-01   1.41402e-03   8.72891e-06  -1.69199e-01
   7  p6          -5.60314e-11   3.15283e-03   1.18765e-04** at limit **
   8  p7           8.78074e-03   4.70673e-04   4.66791e-05   1.08393e-03
                               ERR DEF= 0.5
 FCN=180.424 FROM MIGRAD    STATUS=CONVERGED     806 CALLS         807 TOTAL
                     EDM=6.86335e-08    STRATEGY= 1  ERROR MATRIX UNCERTAINTY   2.1 per cent
  EXT PARAMETER                                   STEP         FIRST   
  NO.   NAME      VALUE            ERROR          SIZE      DERIVATIVE 
   1  p0           4.17894e+02   1.08875e+01   9.35608e-05   1.36583e-03
   2  p1           9.95204e-01   1.34793e-04   4.81121e-06   1.58984e-02
   3  p2           5.25811e-03   1.10712e-04   6.07604e-06   3.93773e-03
   4  p3           7.44682e+01   2.17406e+00   2.40713e-04   3.41494e-05
   5  p4           8.93875e+00   2.28617e-01  -9.18127e-05   1.12901e-03
   6  p5           9.92999e-01   1.30118e-03  -1.97440e-07   1.47149e-01
   7  p6          -6.03420e-11   1.59155e-03  -5.73572e-05** at limit **
   8  p7           6.81477e-03   3.87922e-04   2.23597e-05   1.39765e-03
                               ERR DEF= 0.5

****************************************
Minimizer is Linear
Chi2                      =      32.9931
NDf                       =           14
p0                        =      1.00592   +/-   0.000206025 
p1                        = -4.52878e-06   +/-   1.07985e-07 
Calculation of survival fraction for 2104
 FCN=159.403 FROM MIGRAD    STATUS=CONVERGED     104 CALLS         105 TOTAL
                     EDM=7.28525e-07    STRATEGY= 1      ERROR MATRIX ACCURATE 
  EXT PARAMETER                                   STEP         FIRST   
  NO.   NAME      VALUE            ERROR          SIZE      DERIVATIVE 
   1  p0           2.69860e+02   6.28523e+00   4.32444e-02   2.13808e-06
   2  p1           2.10385e+03   3.43139e-02   1.00319e-03  -5.25396e-03
   3  p2           1.63179e+00   3.11084e-02   1.66519e-05   1.43615e-01
   4  p3           3.46252e+01   3.62593e-01   3.09459e-03  -1.92547e-03
                               ERR DEF= 0.5
Area_tot = 5454
Area_tot_psa = 3302
Area = 3629
Area_psa = 1914
 FCN=144.065 FROM MIGRAD    STATUS=CONVERGED     103 CALLS         104 TOTAL
                     EDM=1.92921e-08    STRATEGY= 1      ERROR MATRIX ACCURATE 
  EXT PARAMETER                                   STEP         FIRST   
  NO.   NAME      VALUE            ERROR          SIZE      DERIVATIVE 
   1  p0           1.45565e+02   4.80064e+00   3.13958e-02   2.79294e-05
   2  p1           2.10397e+03   4.92183e-02   1.00325e-03  -1.42945e-03
   3  p2           1.61625e+00   4.56245e-02   2.32796e-05   1.21960e-02
   4  p3           2.63628e+01   3.16619e-01   2.56254e-03   1.71027e-04
                               ERR DEF= 0.5
Calculation of survival fraction for 2614.5
 FCN=1087.09 FROM MIGRAD    STATUS=CONVERGED      93 CALLS          94 TOTAL
                     EDM=8.21195e-09    STRATEGY= 1  ERROR MATRIX UNCERTAINTY   3.3 per cent
  EXT PARAMETER                                   STEP         FIRST   
  NO.   NAME      VALUE            ERROR          SIZE      DERIVATIVE 
   1  p0           2.93022e+03   1.95843e+01  -2.21330e-02  -6.12687e-06
   2  p1           2.61435e+03   7.73173e-03  -4.48770e-06  -5.61820e-04
   3  p2           1.41796e+00   5.78375e-03  -2.52042e-07  -5.29072e-02
   4  p3           4.52053e+00   1.44655e-01   8.15756e-06  -3.22353e-04
                               ERR DEF= 0.5
Area_tot = 35015
Area_tot_psa = 22643
Area = 34690
Area_psa = 22474
 FCN=670.633 FROM MIGRAD    STATUS=CONVERGED      99 CALLS         100 TOTAL
                     EDM=5.14709e-09    STRATEGY= 1  ERROR MATRIX UNCERTAINTY   2.3 per cent
  EXT PARAMETER                                   STEP         FIRST   
  NO.   NAME      VALUE            ERROR          SIZE      DERIVATIVE 
   1  p0           1.91541e+03   1.59427e+01  -5.47953e-02   3.14248e-06
   2  p1           2.61448e+03   9.56918e-03  -2.76104e-05   8.23295e-03
   3  p2           1.40389e+00   7.15756e-03   3.91784e-07   7.60281e-02
   4  p3           2.18178e+00   1.10438e-01   2.22044e-04   3.17873e-04
                               ERR DEF= 0.5
Calculation of survival fraction background at 2039
Area = 7472
Area_psa = 5733
