
[1mRooFit v3.60 -- Developed by Wouter Verkerke and David Kirkby[0m 
                Copyright (C) 2000-2013 NIKHEF, University of California & Stanford University
                All rights reserved, please read http://roofit.sourceforge.net/license.txt

Using file /nfs/gerda6/users/burlac/psd/analysis/run0098-cal_dplms_10.tier.root
Analizing channel 5
Standard analysis 
Total events = 17201607
event n.1000000
event n.2000000
event n.3000000
event n.4000000
event n.5000000
event n.6000000
event n.7000000
event n.8000000
event n.9000000
event n.10000000
event n.11000000
event n.12000000
event n.13000000
event n.14000000
event n.15000000
event n.16000000
event n.17000000
Selected events: 95594
The time to read waveforms: 29.76 s
Initialization of DEP&FEP background  = 11.5
 FCN=101.679 FROM MIGRAD    STATUS=CONVERGED     179 CALLS         180 TOTAL
                     EDM=3.92749e-07    STRATEGY= 1  ERROR MATRIX UNCERTAINTY   6.0 per cent
  EXT PARAMETER                                   STEP         FIRST   
  NO.   NAME      VALUE            ERROR          SIZE      DERIVATIVE 
   1  p0           1.34588e+02   5.55085e+00   6.98795e-03   4.76106e-05
   2  p1           1.59241e+03   3.51528e-02   1.96315e-05   7.15588e-03
   3  p2           9.48407e-01   2.94413e-02   2.97025e-07   1.13266e-01
   4  p3           4.57623e+01   3.85361e+00  -2.57169e-02  -1.56552e-04
   5  p4           1.62071e+03   7.31519e-02   3.92171e-05   2.81469e-03
   6  p5           8.85936e-01   6.65772e-02   3.61145e-05  -1.39067e-01
   7  p6           1.28779e+01   2.60497e-01  -7.16045e-04  -5.93847e-04
                               ERR DEF= 0.5
mean_aoe = 0.0481
AoE: max = 1.76363 max = 0.0580093
 FCN=0.865077 FROM MIGRAD    STATUS=CONVERGED     324 CALLS         325 TOTAL
                     EDM=4.74711e-08    STRATEGY= 1  ERROR MATRIX UNCERTAINTY   2.1 per cent
  EXT PARAMETER                                   STEP         FIRST   
  NO.   NAME      VALUE            ERROR          SIZE      DERIVATIVE 
   1  p0           8.63377e-01   4.55285e-01  -1.71303e-03  -6.44906e-04
   2  p1           9.98300e-01   4.50564e-03   1.57331e-05   2.56483e-02
   3  p2           1.02359e-02   3.48306e-03   1.19539e-04  -8.47841e-03
   4  p3           4.50860e-03   5.76992e-03   3.24845e-05   3.43718e-01
   5  p4           3.16381e-03   4.04611e-03   2.27774e-05  -5.18255e-01
                               ERR DEF= 0.5
Total integral = 0
AoE_lowCut = 2 -> 0x7ffc3cdeef90
CutIntegral = 0
SF_dep = -nan
sigma_aoe = 0.0102359
Total integral = 0
AoE_lowCut = 2 -> 0x7ffc3cdeef90
CutIntegral = 0
SF_dep = -nan
sigma_aoe = 0.0102359
Total integral = 0
AoE_lowCut = 2 -> 0x7ffc3cdeef90
CutIntegral = 0
SF_dep = -nan
sigma_aoe = 0.0102359
Total integral = 0
AoE_lowCut = 2 -> 0x7ffc3cdeef90
CutIntegral = 0
SF_dep = -nan
sigma_aoe = 0.0102359
Total integral = 0
AoE_lowCut = 2 -> 0x7ffc3cdeef90
CutIntegral = 0
SF_dep = -nan
sigma_aoe = 0.0102359
Total integral = 0
AoE_lowCut = 2 -> 0x7ffc3cdeef90
CutIntegral = 0
SF_dep = -nan
sigma_aoe = 0.0102359
Total integral = 0
AoE_lowCut = 2 -> 0x7ffc3cdeef90
CutIntegral = 0
SF_dep = -nan
sigma_aoe = 0.0102359
Total integral = 0
AoE_lowCut = 2 -> 0x7ffc3cdeef90
CutIntegral = 0
SF_dep = -nan
sigma_aoe = 0.0102359
Total integral = 0
AoE_lowCut = 2 -> 0x7ffc3cdeef90
CutIntegral = 0
SF_dep = -nan
sigma_aoe = 0.0102359
Total integral = 0
AoE_lowCut = 2 -> 0x7ffc3cdeef90
CutIntegral = 0
SF_dep = -nan
sigma_aoe = 0.0102359
Total integral = 0
AoE_lowCut = 2 -> 0x7ffc3cdeef90
CutIntegral = 0
SF_dep = -nan
sigma_aoe = 0.0102359
Total integral = 0
AoE_lowCut = 2 -> 0x7ffc3cdeef90
CutIntegral = 0
SF_dep = -nan
sigma_aoe = 0.0102359
Total integral = 0
AoE_lowCut = 2 -> 0x7ffc3cdeef90
CutIntegral = 0
SF_dep = -nan
sigma_aoe = 0.0102359
Total integral = 0
AoE_lowCut = 2 -> 0x7ffc3cdeef90
CutIntegral = 0
SF_dep = -nan
sigma_aoe = 0.0102359
Total integral = 0
AoE_lowCut = 2 -> 0x7ffc3cdeef90
CutIntegral = 0
SF_dep = -nan
sigma_aoe = 0.0102359
Total integral = 0
AoE_lowCut = 2 -> 0x7ffc3cdeef90
CutIntegral = 0
SF_dep = -nan
sigma_aoe = 0.0102359
Total integral = 0
AoE_lowCut = 2 -> 0x7ffc3cdeef90
CutIntegral = 0
SF_dep = -nan
sigma_aoe = 0.0102359
Total integral = 0
AoE_lowCut = 2 -> 0x7ffc3cdeef90
CutIntegral = 0
SF_dep = -nan
sigma_aoe = 0.0102359
Total integral = 0
AoE_lowCut = 2 -> 0x7ffc3cdeef90
CutIntegral = 0
SF_dep = -nan
sigma_aoe = 0.0102359
Total integral = 0
AoE_lowCut = 2 -> 0x7ffc3cdeef90
CutIntegral = 0
SF_dep = -nan
sigma_aoe = 0.0102359
Total integral = 0
AoE_lowCut = 2 -> 0x7ffc3cdeef90
CutIntegral = 0
SF_dep = -nan
sigma_aoe = 0.0102359
Total integral = 0
AoE_lowCut = 2 -> 0x7ffc3cdeef90
CutIntegral = 0
SF_dep = -nan
sigma_aoe = 0.0102359
Total integral = 0
AoE_lowCut = 2 -> 0x7ffc3cdeef90
CutIntegral = 0
SF_dep = -nan
sigma_aoe = 0.0102359
Total integral = 0
AoE_lowCut = 2 -> 0x7ffc3cdeef90
CutIntegral = 0
SF_dep = -nan
sigma_aoe = 0.0102359
Total integral = 0
AoE_lowCut = 2 -> 0x7ffc3cdeef90
CutIntegral = 0
SF_dep = -nan
sigma_aoe = 0.0102359
Total integral = 0
AoE_lowCut = 2 -> 0x7ffc3cdeef90
CutIntegral = 0
SF_dep = -nan
sigma_aoe = 0.0102359
Total integral = 0
AoE_lowCut = 2 -> 0x7ffc3cdeef90
CutIntegral = 0
SF_dep = -nan
sigma_aoe = 0.0102359
Total integral = 0
AoE_lowCut = 2 -> 0x7ffc3cdeef90
CutIntegral = 0
SF_dep = -nan
sigma_aoe = 0.0102359
Total integral = 0
AoE_lowCut = 2 -> 0x7ffc3cdeef90
CutIntegral = 0
SF_dep = -nan
sigma_aoe = 0.0102359
Total integral = 0
AoE_lowCut = 2 -> 0x7ffc3cdeef90
CutIntegral = 0
SF_dep = -nan
sigma_aoe = 0.0102359
