-bash: /users/b/burlac/.bash_profile: Permesso negato
Info in <TCanvas::Print>: pdf file /nfs/gerda6/users/burlac/psd_dplms/analysis_standard/chn38/chn38_spectrum.pdf has been created
Info in <TCanvas::Print>: pdf file /nfs/gerda6/users/burlac/psd_dplms/analysis_standard/chn38/chn38_DEP_FEP.pdf has been created
Info in <TCanvas::Print>: pdf file /nfs/gerda6/users/burlac/psd_dplms/analysis_standard/chn38/chn38_AoE.pdf has been created
Info in <TCanvas::Print>: pdf file /nfs/gerda6/users/burlac/psd_dplms/analysis_standard/chn38/chn38_AoE_onlyDEP.pdf has been created
Info in <TCanvas::Print>: pdf file /nfs/gerda6/users/burlac/psd_dplms/analysis_standard/chn38/chn38_PSA_DEP_FEP.pdf has been created
Warning in <TFile::Append>: Replacing existing TH1: h_AoE (Potential memory leak).
Warning in <TFile::Append>: Replacing existing TH1: h_AoE (Potential memory leak).
Warning in <Fit>: Abnormal termination of minimization.
Warning in <TFile::Append>: Replacing existing TH1: h_AoE (Potential memory leak).
Warning in <TFile::Append>: Replacing existing TH1: h_AoE (Potential memory leak).
Warning in <Fit>: Abnormal termination of minimization.
Warning in <TFile::Append>: Replacing existing TH1: h_AoE (Potential memory leak).
Warning in <Fit>: Abnormal termination of minimization.
Warning in <TFile::Append>: Replacing existing TH1: h_AoE (Potential memory leak).
Warning in <TFile::Append>: Replacing existing TH1: h_AoE (Potential memory leak).
Warning in <Fit>: Abnormal termination of minimization.
Warning in <TFile::Append>: Replacing existing TH1: h_AoE (Potential memory leak).
Warning in <TFile::Append>: Replacing existing TH1: h_AoE (Potential memory leak).
Warning in <TFile::Append>: Replacing existing TH1: h_AoE (Potential memory leak).
Warning in <Fit>: Abnormal termination of minimization.
Warning in <TFile::Append>: Replacing existing TH1: h_AoE (Potential memory leak).
Warning in <Fit>: Abnormal termination of minimization.
Warning in <TFile::Append>: Replacing existing TH1: h_AoE (Potential memory leak).
Warning in <TFile::Append>: Replacing existing TH1: h_AoE (Potential memory leak).
Warning in <TFile::Append>: Replacing existing TH1: h_AoE (Potential memory leak).
Warning in <TFile::Append>: Replacing existing TH1: h_AoE (Potential memory leak).
Warning in <TFile::Append>: Replacing existing TH1: h_AoE (Potential memory leak).
Info in <TCanvas::Print>: pdf file /nfs/gerda6/users/burlac/psd_dplms/analysis_standard/chn38/chn38_AoE_fits.pdf has been created
Info in <TCanvas::Print>: pdf file /nfs/gerda6/users/burlac/psd_dplms/analysis_standard/chn38/chn38_AoE_vs_E.pdf has been created
Warning in <TFile::Append>: Replacing existing TH1: hene (Potential memory leak).
Warning in <TFile::Append>: Replacing existing TH1: hene_psa (Potential memory leak).
Info in <TCanvas::Print>: pdf file /nfs/gerda6/users/burlac/psd_dplms/analysis_standard/chn38/chn38_PSA_peak2104.pdf has been created
Warning in <TFile::Append>: Replacing existing TH1: hene (Potential memory leak).
Warning in <TFile::Append>: Replacing existing TH1: hene_psa (Potential memory leak).
Warning in <TCanvas::Constructor>: Deleting canvas with same name: c_4
Info in <TCanvas::Print>: pdf file /nfs/gerda6/users/burlac/psd_dplms/analysis_standard/chn38/chn38_PSA_peak2614.5.pdf has been created
Warning in <TFile::Append>: Replacing existing TH1: hene (Potential memory leak).
Warning in <TFile::Append>: Replacing existing TH1: hene_psa (Potential memory leak).
Warning in <TCanvas::Constructor>: Deleting canvas with same name: c_4
Info in <TCanvas::Print>: pdf file /nfs/gerda6/users/burlac/psd_dplms/analysis_standard/chn38/chn38_PSA_bkg2039.pdf has been created
Warning in <TFile::Append>: Replacing existing TH1: hene (Potential memory leak).
Warning in <TFile::Append>: Replacing existing TH1: hene_psa (Potential memory leak).
Warning in <TCanvas::Constructor>: Deleting canvas with same name: c_4
Info in <TCanvas::Print>: pdf file /nfs/gerda6/users/burlac/psd_dplms/analysis_standard/chn38/chn38_PSA_bkg2350.pdf has been created
Info in <TCanvas::Print>: pdf file /nfs/gerda6/users/burlac/psd_dplms/analysis_standard/chn38/chn38_AoE_all.pdf has been created
