
[1mRooFit v3.60 -- Developed by Wouter Verkerke and David Kirkby[0m 
                Copyright (C) 2000-2013 NIKHEF, University of California & Stanford University
                All rights reserved, please read http://roofit.sourceforge.net/license.txt

Using file /nfs/gerda6/users/burlac/psd/analysis/run0098-cal_dplms_10.tier.root
Analizing channel 38
Standard analysis 
Total events = 17201607
event n.1000000
event n.2000000
event n.3000000
event n.4000000
event n.5000000
event n.6000000
event n.7000000
event n.8000000
event n.9000000
event n.10000000
event n.11000000
event n.12000000
event n.13000000
event n.14000000
event n.15000000
event n.16000000
event n.17000000
Selected events: 264404
The time to read waveforms: 27.02 s
Initialization of DEP&FEP background  = 32
 FCN=121.585 FROM MIGRAD    STATUS=CONVERGED     213 CALLS         214 TOTAL
                     EDM=1.3227e-08    STRATEGY= 1      ERROR MATRIX ACCURATE 
  EXT PARAMETER                                   STEP         FIRST   
  NO.   NAME      VALUE            ERROR          SIZE      DERIVATIVE 
   1  p0           1.35898e+02   5.40638e+00   3.29907e-02   1.42646e-05
   2  p1           1.59344e+03   4.56249e-02   7.59813e-04   4.17168e-04
   3  p2           1.21346e+00   4.09214e-02   2.24823e-05   1.04869e-02
   4  p3           1.80898e+02   6.49556e+00   3.94748e-02   4.63539e-06
   5  p4           1.62167e+03   3.49273e-02   7.73274e-04   5.93727e-04
   6  p5           1.05863e+00   3.08666e-02   1.81267e-05  -2.35080e-02
   7  p6           3.05361e+01   4.04928e-01   2.95154e-03  -2.12446e-05
                               ERR DEF= 0.5
mean_aoe = 0.0349
AoE: max = 2.45074 max = 0.156387
 FCN=1.86475 FROM MIGRAD    STATUS=CONVERGED     432 CALLS         433 TOTAL
                     EDM=1.00359e-07    STRATEGY= 1  ERROR MATRIX UNCERTAINTY   6.6 per cent
  EXT PARAMETER                                   STEP         FIRST   
  NO.   NAME      VALUE            ERROR          SIZE      DERIVATIVE 
   1  p0           9.21657e-01   4.01910e-01   6.44353e-04  -3.80987e-04
   2  p1           9.99431e-01   4.99640e-03  -1.06937e-05  -3.61595e-02
   3  p2           1.32130e-02   3.88645e-03  -3.02167e-05   7.86948e-03
   4  p3           9.53721e-03   8.62117e-03   3.33981e-06  -7.00865e-01
   5  p4           5.18710e-03   4.68701e-03   1.81640e-06   1.34164e+00
                               ERR DEF= 0.5
Total integral = 1350
Bin number = 100  AoE_lowCut = 51 -> 1.01
CutIntegral = 1161
SF_dep = 0.86
sigma_aoe = 0.013213
Total integral = 1350
Bin number = 250  AoE_lowCut = 123 -> 0.98
CutIntegral = 1219
SF_dep = 0.902963
sigma_aoe = 0.013213
Total integral = 1350
Bin number = 500  AoE_lowCut = 244 -> 0.974
CutIntegral = 1219
SF_dep = 0.902963
sigma_aoe = 0.013213
Total integral = 1350
Bin number = 1000  AoE_lowCut = 485 -> 0.969
CutIntegral = 1217
SF_dep = 0.901481
sigma_aoe = 0.013213
Total integral = 1350
Bin number = 1500  AoE_lowCut = 727 -> 0.968667
CutIntegral = 1215
SF_dep = 0.9
sigma_aoe = 0.013213
Total integral = 1350
Bin number = 2000  AoE_lowCut = 968 -> 0.9675
CutIntegral = 1217
SF_dep = 0.901481
sigma_aoe = 0.013213
Total integral = 1350
Bin number = 2500  AoE_lowCut = 1209 -> 0.9668
CutIntegral = 1220
SF_dep = 0.903704
sigma_aoe = 0.013213
Total integral = 1350
Bin number = 3000  AoE_lowCut = 1451 -> 0.967
CutIntegral = 1217
SF_dep = 0.901481
sigma_aoe = 0.013213
Total integral = 1350
Bin number = 3500  AoE_lowCut = 1692 -> 0.966571
CutIntegral = 1219
SF_dep = 0.902963
sigma_aoe = 0.013213
Total integral = 1350
Bin number = 4000  AoE_lowCut = 1933 -> 0.96625
CutIntegral = 1220
SF_dep = 0.903704
sigma_aoe = 0.013213
Total integral = 1350
Bin number = 4500  AoE_lowCut = 2175 -> 0.966444
CutIntegral = 1218
SF_dep = 0.902222
sigma_aoe = 0.013213
Total integral = 1350
Bin number = 5000  AoE_lowCut = 2416 -> 0.9662
CutIntegral = 1220
SF_dep = 0.903704
sigma_aoe = 0.013213
Total integral = 1350
Bin number = 6000  AoE_lowCut = 2899 -> 0.966167
CutIntegral = 1219
SF_dep = 0.902963
sigma_aoe = 0.013213
Total integral = 1350
Bin number = 7000  AoE_lowCut = 3382 -> 0.966143
CutIntegral = 1219
SF_dep = 0.902963
sigma_aoe = 0.013213
Total integral = 1350
Bin number = 8000  AoE_lowCut = 3864 -> 0.965875
CutIntegral = 1220
SF_dep = 0.903704
sigma_aoe = 0.013213
Total integral = 1350
Bin number = 9000  AoE_lowCut = 4347 -> 0.965889
CutIntegral = 1220
SF_dep = 0.903704
sigma_aoe = 0.013213
Total integral = 1350
Bin number = 10000  AoE_lowCut = 4830 -> 0.9659
CutIntegral = 1220
SF_dep = 0.903704
sigma_aoe = 0.013213
