
[1mRooFit v3.60 -- Developed by Wouter Verkerke and David Kirkby[0m 
                Copyright (C) 2000-2013 NIKHEF, University of California & Stanford University
                All rights reserved, please read http://roofit.sourceforge.net/license.txt

Using file /nfs/gerda6/users/burlac/psd/analysis/run0098-cal_dplms_100.tier.root
Analizing channel 37
DPLMS analysis with weight 100
Total events = 17201607
event n.1000000
event n.2000000
event n.3000000
event n.4000000
event n.5000000
event n.6000000
event n.7000000
event n.8000000
event n.9000000
event n.10000000
event n.11000000
event n.12000000
event n.13000000
event n.14000000
event n.15000000
event n.16000000
event n.17000000
Selected events: 240939
The time to read waveforms: 35.28 s
Initialization of DEP&FEP background  = 24.5
 FCN=118.554 FROM MIGRAD    STATUS=CONVERGED     178 CALLS         179 TOTAL
                     EDM=2.96018e-08    STRATEGY= 1  ERROR MATRIX UNCERTAINTY   4.4 per cent
  EXT PARAMETER                                   STEP         FIRST   
  NO.   NAME      VALUE            ERROR          SIZE      DERIVATIVE 
   1  p0           1.18995e+02   5.26630e+00  -1.46413e-03   1.39725e-05
   2  p1           1.59396e+03   4.77684e-02   3.07557e-06   2.70883e-03
   3  p2           1.12977e+00   4.26147e-02   1.32970e-06   2.65049e-02
   4  p3           1.71223e+02   6.21662e+00  -1.22578e-02   1.69036e-05
   5  p4           1.62221e+03   3.63282e-02  -3.16858e-06   1.19620e-03
   6  p5           1.08678e+00   3.19316e-02   5.33386e-06   5.97696e-02
   7  p6           2.74036e+01   3.82403e-01  -4.98542e-04   2.57757e-04
                               ERR DEF= 0.5
mean_aoe = 0.0553
AoE: max = 2.41597 max = 0.196409
 FCN=1.63799 FROM MIGRAD    STATUS=CONVERGED     410 CALLS         411 TOTAL
                     EDM=1.12328e-09    STRATEGY= 1  ERROR MATRIX UNCERTAINTY   4.8 per cent
  EXT PARAMETER                                   STEP         FIRST   
  NO.   NAME      VALUE            ERROR          SIZE      DERIVATIVE 
   1  p0           9.13858e-01   4.74168e-01   1.17051e-05   3.68291e-05
   2  p1           9.97189e-01   4.34591e-03   2.97369e-06  -5.96042e-04
   3  p2           1.00682e-02   3.25426e-03  -2.57460e-05  -7.94462e-04
   4  p3           7.63811e-03   7.64594e-03  -1.15845e-05  -6.92647e-01
   5  p4           4.66490e-03   4.66674e-03  -7.06993e-06   1.13716e+00
                               ERR DEF= 0.5
Analysis with a fixed bin for LowCut
Total integral = 1162
AoE_lowCut = 1952 -> 0.97575
CutIntegral = 1050
SF_dep = 0.903614
sigma_aoe = 0.0100682
 FCN=104.055 FROM MIGRAD    STATUS=CONVERGED     154 CALLS         155 TOTAL
                     EDM=6.55997e-07    STRATEGY= 1      ERROR MATRIX ACCURATE 
  EXT PARAMETER                                   STEP         FIRST   
  NO.   NAME      VALUE            ERROR          SIZE      DERIVATIVE 
   1  p0           1.08187e+02   4.65041e+00   2.62210e-02  -8.89025e-05
   2  p1           1.59398e+03   4.45184e-02   7.60070e-04   5.78025e-04
   3  p2           1.14302e+00   3.83746e-02   2.00828e-05  -1.37389e-01
   4  p3           2.73997e+01   2.84706e+00   1.61719e-02   2.01050e-04
   5  p4           1.62229e+03   1.14847e-01   8.07661e-04   6.45584e-04
   6  p5           1.10932e+00   1.05194e-01   5.62356e-05  -1.60638e-02
   7  p6           1.21574e+01   2.59055e-01   1.74406e-03   2.21042e-04
                               ERR DEF= 0.5
AreaDEP_tot = 2092
Area_DEP_tot_psa = 1473
AreaDEP = 1114
Area_DEP_psa = 1030
Area_FEP_tot = 2519
Area_FEP_tot_psa = 694
Area_FEP = 1551
Area_FEP_psa = 216
Calculation of AoE vs E correction
 FCN=114.486 FROM MIGRAD    STATUS=CONVERGED     297 CALLS         298 TOTAL
                     EDM=5.49403e-07    STRATEGY= 1  ERROR MATRIX UNCERTAINTY   0.7 per cent
  EXT PARAMETER                                   STEP         FIRST   
  NO.   NAME      VALUE            ERROR          SIZE      DERIVATIVE 
   1  p0           1.02843e+02   6.52549e+00  -3.23389e-04  -2.61058e-03
   2  p1           9.99717e-01   7.32682e-04  -1.67063e-04  -9.42609e-03
   3  p2           1.56306e-02   5.77266e-04  -4.17799e-05  -7.86495e-03
   4  p3           6.95558e+01   1.62975e+00   2.05446e-04   7.69906e-04
   5  p4           6.21856e-01   8.09350e-02  -2.57132e-05  -1.07153e-02
   6  p5           1.01512e+00   1.30913e-02   2.55346e-05  -1.77443e-01
   7  p6          -6.24507e-01   1.41609e-02   5.65784e-05  -3.05360e-02
   8  p7           1.22962e-02   3.38398e-03  -3.21737e-04  -9.48737e-03
                               ERR DEF= 0.5
 FCN=85.5185 FROM MIGRAD    STATUS=CONVERGED    1487 CALLS        1488 TOTAL
                     EDM=2.10576e-07    STRATEGY= 1  ERROR MATRIX UNCERTAINTY   3.1 per cent
  EXT PARAMETER                                   STEP         FIRST   
  NO.   NAME      VALUE            ERROR          SIZE      DERIVATIVE 
   1  p0           1.01690e+02   7.28397e+00  -9.99084e-05   5.15816e-04
   2  p1           1.00059e+00   7.30150e-04   1.14460e-05  -1.58467e-03
   3  p2           1.44222e-02   5.31051e-04  -1.13695e-05   7.18166e-03
   4  p3           2.38343e+01   1.70105e+00   3.61246e-04   3.50670e-05
   5  p4           2.45912e+00   2.98482e-01   2.17861e-04   2.33763e-04
   6  p5           1.01350e+00   1.46487e-02   3.00695e-06   1.54440e-01
   7  p6          -1.71227e-08   6.61721e-01  -3.15102e-03** at limit **
   8  p7           1.08068e-02   3.49350e-03  -1.05607e-04   1.35637e-02
                               ERR DEF= 0.5
 FCN=99.3031 FROM MIGRAD    STATUS=CONVERGED    1371 CALLS        1372 TOTAL
                     EDM=3.1405e-07    STRATEGY= 1      ERROR MATRIX ACCURATE 
  EXT PARAMETER                                   STEP         FIRST   
  NO.   NAME      VALUE            ERROR          SIZE      DERIVATIVE 
   1  p0           1.09725e+02   4.02912e+00   5.20100e-04   2.69695e-03
   2  p1           9.98848e-01   4.29528e-04   1.25652e-04   7.59640e-03
   3  p2           1.27988e-02   3.79697e-04   1.41692e-04   5.48802e-03
   4  p3           2.15533e+01   1.21722e+00   3.47024e-03   3.69738e-05
   5  p4           3.15866e+00   3.33876e-01   9.92168e-04   6.57492e-05
   6  p5           9.99765e-01   6.17274e-03   1.92112e-05   1.38707e-01
   7  p6          -3.29378e-08   6.51069e-01   7.39821e-03** at limit **
   8  p7           1.36427e-02   1.63252e-03   2.48713e-04   8.38948e-03
                               ERR DEF= 0.5
 FCN=91.4854 FROM MIGRAD    STATUS=CALL LIMIT   2120 CALLS        2121 TOTAL
                     EDM=0.000125732    STRATEGY= 1  ERROR MATRIX UNCERTAINTY  15.5 per cent
  EXT PARAMETER                APPROXIMATE        STEP         FIRST   
  NO.   NAME      VALUE            ERROR          SIZE      DERIVATIVE 
   1  p0           1.07092e+02   7.60043e+00  -4.82979e-04  -3.42880e-02
   2  p1           9.98170e-01   5.51431e-04   2.07633e-05   1.13359e-01
   3  p2           1.26018e-02   3.92542e-04  -3.61678e-05  -1.49072e-01
   4  p3           2.38424e+02   3.13011e+02   3.85339e+00  -1.92093e-03
   5  p4           1.89984e-01   2.66221e-01  -3.20597e-03   8.13445e-01
   6  p5           1.00737e+00   1.36424e-02   2.79280e-05   1.33985e+00
   7  p6          -9.13728e-01   1.12934e-01  -5.05148e-03  -1.96722e+00
   8  p7           8.94184e-03   2.70067e-03  -2.72943e-04   6.44408e-03
                               ERR DEF= 0.5
 FCN=112.899 FROM MIGRAD    STATUS=CONVERGED     860 CALLS         861 TOTAL
                     EDM=4.50542e-07    STRATEGY= 1  ERROR MATRIX UNCERTAINTY   1.8 per cent
  EXT PARAMETER                                   STEP         FIRST   
  NO.   NAME      VALUE            ERROR          SIZE      DERIVATIVE 
   1  p0           1.10461e+02   4.03534e+00  -1.69011e-04  -3.83417e-03
   2  p1           9.96941e-01   3.80459e-04   8.61703e-05   2.86016e-02
   3  p2           1.11193e-02   3.31180e-04  -5.00242e-05  -1.12776e-02
   4  p3           2.55507e+01   1.17296e+00  -1.18151e-03  -8.88560e-04
   5  p4           5.00106e+00   3.47931e-01  -5.06683e-04   1.81085e-03
   6  p5           9.90674e-01   5.43106e-03   1.88410e-05  -6.58501e-02
   7  p6          -1.04182e-08   3.80658e-02   2.18453e-03** at limit **
   8  p7           1.45524e-02   1.35193e-03  -1.08617e-04  -3.06853e-03
                               ERR DEF= 0.5
 FCN=87.6646 FROM MIGRAD    STATUS=CONVERGED    1191 CALLS        1192 TOTAL
                     EDM=1.30975e-06    STRATEGY= 1      ERROR MATRIX ACCURATE 
  EXT PARAMETER                                   STEP         FIRST   
  NO.   NAME      VALUE            ERROR          SIZE      DERIVATIVE 
   1  p0           9.97836e+01   4.57419e+00   5.31440e-04  -6.12196e-03
   2  p1           9.96688e-01   4.55803e-04   1.19551e-04   1.31957e-02
   3  p2           1.14208e-02   3.77723e-04   1.39260e-04  -1.57253e-02
   4  p3           2.51256e+01   1.43057e+00   3.89396e-03  -1.23179e-03
   5  p4           4.87008e+00   3.45673e-01   1.04785e-03   5.09072e-03
   6  p5           9.94890e-01   6.02131e-03   1.57295e-05   1.65678e-02
   7  p6          -1.81484e-08   1.57520e-01   5.36445e-03** at limit **
   8  p7           1.09876e-02   1.38307e-03   2.40922e-04   4.70383e-03
                               ERR DEF= 0.5
 FCN=95.3893 FROM MIGRAD    STATUS=CONVERGED    1238 CALLS        1239 TOTAL
                     EDM=1.76382e-06    STRATEGY= 1      ERROR MATRIX ACCURATE 
  EXT PARAMETER                                   STEP         FIRST   
  NO.   NAME      VALUE            ERROR          SIZE      DERIVATIVE 
   1  p0           1.06407e+02   4.17654e+00   5.44351e-04   4.56703e-03
   2  p1           9.95583e-01   4.15857e-04   1.16738e-04   5.79698e-03
   3  p2           1.08082e-02   3.54078e-04   1.39144e-04  -1.67057e-03
   4  p3           2.26413e+01   1.24928e+00   3.86831e-03  -8.40564e-04
   5  p4           4.97318e+00   3.74225e-01   1.17462e-03   2.26120e-03
   6  p5           9.91542e-01   5.93756e-03   1.70943e-05   2.60269e-01
   7  p6          -4.04881e-07   6.92800e-01   8.09340e-03  -6.86371e-04
   8  p7           1.25109e-02   1.50037e-03   2.38708e-04   9.39387e-03
                               ERR DEF= 0.5
 FCN=104.594 FROM MIGRAD    STATUS=CONVERGED     677 CALLS         678 TOTAL
                     EDM=5.59047e-08    STRATEGY= 1  ERROR MATRIX UNCERTAINTY   4.4 per cent
  EXT PARAMETER                                   STEP         FIRST   
  NO.   NAME      VALUE            ERROR          SIZE      DERIVATIVE 
   1  p0           1.11542e+02   5.13749e+00  -3.45323e-05  -1.60076e-03
   2  p1           9.95316e-01   3.99919e-04  -2.85966e-06   4.20649e-03
   3  p2           9.61665e-03   3.36300e-04  -5.51012e-06   4.05843e-03
   4  p3           3.39750e+01   1.61783e+00   1.25779e-03  -2.67888e-05
   5  p4           7.06876e+00   3.27568e-01   1.42325e-04   1.22615e-03
   6  p5           9.91431e-01   4.80010e-03   1.48058e-06   3.86858e-02
   7  p6          -5.65482e-09   1.54269e-03   2.98147e-05** at limit **
   8  p7           1.05149e-02   1.10741e-03  -5.08822e-05   1.50241e-03
                               ERR DEF= 0.5
 FCN=108.321 FROM MIGRAD    STATUS=CONVERGED     923 CALLS         924 TOTAL
                     EDM=3.24038e-07    STRATEGY= 1      ERROR MATRIX ACCURATE 
  EXT PARAMETER                                   STEP         FIRST   
  NO.   NAME      VALUE            ERROR          SIZE      DERIVATIVE 
   1  p0           1.24730e+02   4.49699e+00   6.00532e-04  -1.60086e-03
   2  p1           9.94763e-01   3.65589e-04   1.06258e-04  -7.16695e-03
   3  p2           9.31127e-03   2.95330e-04   1.38588e-04  -5.96050e-03
   4  p3           3.63461e+01   1.48374e+00   5.81839e-03   1.92532e-05
   5  p4           7.44133e+00   3.89566e-01   1.29096e-03   3.30171e-04
   6  p5           9.80090e-01   4.19134e-03   1.35714e-05   5.58669e-02
   7  p6          -4.54305e-08   1.93546e-01   6.14289e-03** at limit **
   8  p7           1.20325e-02   1.02676e-03   2.19060e-04   3.77529e-03
                               ERR DEF= 0.5
 FCN=109.687 FROM MIGRAD    STATUS=CONVERGED     828 CALLS         829 TOTAL
                     EDM=1.34518e-07    STRATEGY= 1      ERROR MATRIX ACCURATE 
  EXT PARAMETER                                   STEP         FIRST   
  NO.   NAME      VALUE            ERROR          SIZE      DERIVATIVE 
   1  p0           1.24533e+02   5.20714e+00   5.98793e-04   2.06241e-05
   2  p1           9.93818e-01   3.75019e-04   1.09317e-04   1.20677e-03
   3  p2           8.94539e-03   2.99550e-04   1.45273e-04  -3.01136e-03
   4  p3           3.79003e+01   2.49531e+00   5.95504e-03   1.19414e-04
   5  p4           5.67268e+00   1.27063e+00   9.22409e-04  -7.52535e-04
   6  p5           9.88033e-01   4.66206e-03   1.30306e-05   9.68686e-03
   7  p6          -6.98288e-02   8.41762e-02   2.13682e-04   2.61649e-03
   8  p7           1.01675e-02   1.06280e-03   2.26730e-04   2.49543e-03
                               ERR DEF= 0.5
 FCN=111.292 FROM MIGRAD    STATUS=CONVERGED     780 CALLS         781 TOTAL
                     EDM=3.07177e-07    STRATEGY= 1      ERROR MATRIX ACCURATE 
  EXT PARAMETER                                   STEP         FIRST   
  NO.   NAME      VALUE            ERROR          SIZE      DERIVATIVE 
   1  p0           1.36211e+02   5.17483e+00   6.03169e-04   2.01228e-04
   2  p1           9.93546e-01   3.27429e-04   9.99065e-05  -1.35304e-03
   3  p2           8.31441e-03   2.68077e-04   1.42732e-04  -4.24445e-03
   4  p3           4.11319e+01   7.69394e+00   6.54565e-03  -2.36912e-04
   5  p4           3.53032e+00   1.36542e+00   5.59042e-04   1.00860e-03
   6  p5           9.87382e-01   4.30389e-03   1.37732e-05   4.66000e-02
   7  p6          -2.46632e-01   1.66779e-01   1.19248e-04  -6.58703e-03
   8  p7           9.96621e-03   1.04196e-03   2.53362e-04  -6.61600e-05
                               ERR DEF= 0.5
 FCN=105.357 FROM MIGRAD    STATUS=CONVERGED     901 CALLS         902 TOTAL
                     EDM=1.16923e-08    STRATEGY= 1  ERROR MATRIX UNCERTAINTY   0.7 per cent
  EXT PARAMETER                                   STEP         FIRST   
  NO.   NAME      VALUE            ERROR          SIZE      DERIVATIVE 
   1  p0           1.19309e+02   5.16284e+00   6.80237e-05   1.15459e-03
   2  p1           9.93254e-01   3.85210e-04  -3.85856e-06   5.40982e-03
   3  p2           9.11342e-03   2.93730e-04  -1.35805e-06   2.58896e-03
   4  p3           3.33494e+01   1.55038e+00   4.16400e-05  -4.92584e-05
   5  p4           6.40355e+00   3.24093e-01   2.79315e-05   2.76374e-04
   6  p5           9.88810e-01   3.96813e-03  -9.95436e-07   5.14638e-02
   7  p6          -1.69653e-12   2.59004e-02   4.55363e-04** at limit **
   8  p7           9.13405e-03   9.41940e-04  -4.34816e-06   3.75296e-04
                               ERR DEF= 0.5
 FCN=126.967 FROM MIGRAD    STATUS=CONVERGED     849 CALLS         850 TOTAL
                     EDM=5.45084e-07    STRATEGY= 1  ERROR MATRIX UNCERTAINTY   2.6 per cent
  EXT PARAMETER                                   STEP         FIRST   
  NO.   NAME      VALUE            ERROR          SIZE      DERIVATIVE 
   1  p0           1.39338e+02   5.07210e+00  -3.15995e-04  -7.97333e-03
   2  p1           9.91657e-01   3.43546e-04  -9.44806e-06   1.53160e-02
   3  p2           8.86585e-03   2.81525e-04  -2.82197e-05  -1.63416e-02
   4  p3           3.79079e+01   1.57933e+00   6.88105e-04  -3.10335e-04
   5  p4           6.11999e+00   2.95197e-01   8.93235e-05   2.62520e-03
   6  p5           9.87498e-01   3.05907e-03   1.28738e-06  -3.06815e-02
   7  p6          -9.58227e-09   3.63661e-02   2.52158e-03** at limit **
   8  p7           1.03519e-02   8.23667e-04   5.28053e-05   6.81651e-03
                               ERR DEF= 0.5
 FCN=124.481 FROM MIGRAD    STATUS=CONVERGED     790 CALLS         791 TOTAL
                     EDM=1.4158e-07    STRATEGY= 1  ERROR MATRIX UNCERTAINTY   1.6 per cent
  EXT PARAMETER                                   STEP         FIRST   
  NO.   NAME      VALUE            ERROR          SIZE      DERIVATIVE 
   1  p0           1.59608e+02   5.51442e+00   1.21209e-04   1.26222e-03
   2  p1           9.91195e-01   3.20103e-04   5.45317e-06  -1.51437e-02
   3  p2           8.54830e-03   2.68071e-04  -9.49889e-05  -9.01623e-03
   4  p3           4.40853e+01   1.72149e+00   3.17089e-03  -4.37442e-05
   5  p4           6.21392e+00   2.73708e-01  -2.47902e-04   2.53198e-04
   6  p5           9.88276e-01   2.75187e-03   5.21036e-06  -1.52456e-01
   7  p6          -4.50727e-10   1.23912e-02   3.17880e-04** at limit **
   8  p7           1.01989e-02   7.70047e-04  -7.60536e-05  -4.22534e-03
                               ERR DEF= 0.5
 FCN=122.339 FROM MIGRAD    STATUS=CONVERGED     818 CALLS         819 TOTAL
                     EDM=6.04023e-09    STRATEGY= 1  ERROR MATRIX UNCERTAINTY   0.9 per cent
  EXT PARAMETER                                   STEP         FIRST   
  NO.   NAME      VALUE            ERROR          SIZE      DERIVATIVE 
   1  p0           1.95774e+02   6.67459e+00  -2.25018e-05  -6.67631e-04
   2  p1           9.90976e-01   2.90778e-04   1.36030e-05  -7.33623e-04
   3  p2           8.63883e-03   2.19292e-04   7.52889e-06  -2.79392e-03
   4  p3           4.87654e+01   1.97013e+00   1.55070e-03  -8.59897e-05
   5  p4           6.57436e+00   2.73357e-01   1.34478e-04   5.63619e-04
   6  p5           9.87716e-01   3.10322e-03   7.20877e-07   1.71284e-02
   7  p6          -1.84066e-11   1.11762e-02   3.49448e-04** at limit **
   8  p7           8.27538e-03   7.31066e-04  -1.42570e-05   7.86364e-04
                               ERR DEF= 0.5
 FCN=121.937 FROM MIGRAD    STATUS=CONVERGED     755 CALLS         756 TOTAL
                     EDM=8.07048e-07    STRATEGY= 1  ERROR MATRIX UNCERTAINTY   2.2 per cent
  EXT PARAMETER                                   STEP         FIRST   
  NO.   NAME      VALUE            ERROR          SIZE      DERIVATIVE 
   1  p0           2.35000e+02   8.14773e+00   8.27482e-06  -8.11895e-03
   2  p1           9.90708e-01   2.56686e-04  -2.23999e-05  -5.82247e-02
   3  p2           8.27976e-03   2.11871e-04  -1.00788e-05  -5.10540e-02
   4  p3           6.17069e+01   2.50484e+00  -7.53685e-03   1.49436e-04
   5  p4           7.36424e+00   2.61630e-01  -1.82451e-03   3.84895e-04
   6  p5           9.91229e-01   2.68460e-03   4.36969e-06  -3.55000e-01
   7  p6          -1.84615e-09   4.14934e-03   6.73497e-05** at limit **
   8  p7           7.38853e-03   6.21665e-04  -5.47559e-06  -1.44149e-03
                               ERR DEF= 0.5

****************************************
Minimizer is Linear
Chi2                      =      11.3121
NDf                       =           14
p0                        =      1.00648   +/-   0.000448916 
p1                        = -6.70483e-06   +/-   2.31856e-07 
Calculation of survival fraction for 2104
 FCN=145.063 FROM MIGRAD    STATUS=CONVERGED     103 CALLS         104 TOTAL
                     EDM=3.75482e-07    STRATEGY= 1      ERROR MATRIX ACCURATE 
  EXT PARAMETER                                   STEP         FIRST   
  NO.   NAME      VALUE            ERROR          SIZE      DERIVATIVE 
   1  p0           2.55415e+02   6.07919e+00   4.01136e-02   3.82051e-05
   2  p1           2.10433e+03   3.49969e-02   1.00342e-03  -8.26585e-03
   3  p2           1.62834e+00   3.11402e-02   1.60260e-05   2.65377e-01
   4  p3           3.20800e+01   3.48737e-01   2.84390e-03   3.25110e-04
                               ERR DEF= 0.5
Area_tot = 5159
Area_tot_psa = 1046
Area = 3556
Area_psa = 382
 FCN=142.451 FROM MIGRAD    STATUS=CONVERGED     131 CALLS         132 TOTAL
                     EDM=4.0189e-08    STRATEGY= 1      ERROR MATRIX ACCURATE 
  EXT PARAMETER                                   STEP         FIRST   
  NO.   NAME      VALUE            ERROR          SIZE      DERIVATIVE 
   1  p0           2.27977e+01   2.15584e+00   1.39665e-02   4.20889e-05
   2  p1           2.10469e+03   1.75007e-01   1.43792e-03   7.52554e-04
   3  p2           1.85293e+00   1.76924e-01   8.31682e-05   6.27032e-03
   4  p3           1.30947e+01   2.26676e-01   1.79369e-03  -5.08664e-04
                               ERR DEF= 0.5
Calculation of survival fraction for 2614.5
 FCN=759.228 FROM MIGRAD    STATUS=CONVERGED     150 CALLS         151 TOTAL
                     EDM=1.40579e-10    STRATEGY= 1  ERROR MATRIX UNCERTAINTY   1.6 per cent
  EXT PARAMETER                                   STEP         FIRST   
  NO.   NAME      VALUE            ERROR          SIZE      DERIVATIVE 
   1  p0           2.67595e+03   1.86483e+01   7.02141e-03   7.52080e-07
   2  p1           2.61444e+03   8.13532e-03  -8.20573e-06  -5.83770e-04
   3  p2           1.43793e+00   6.02895e-03  -5.38011e-07   2.62758e-04
   4  p3           3.66501e+00   1.31855e-01   6.96947e-05  -5.13738e-05
                               ERR DEF= 0.5
Area_tot = 32395
Area_tot_psa = 4533
Area = 32119
Area_psa = 4502
 FCN=134.087 FROM MIGRAD    STATUS=CONVERGED     318 CALLS         319 TOTAL
                     EDM=1.77641e-07    STRATEGY= 1      ERROR MATRIX ACCURATE 
  EXT PARAMETER                                   STEP         FIRST   
  NO.   NAME      VALUE            ERROR          SIZE      DERIVATIVE 
   1  p0           3.75435e+02   6.96504e+00   4.49829e-02   2.97137e-05
   2  p1           2.61477e+03   2.16962e-02   1.24682e-03  -1.35429e-02
   3  p2           1.43217e+00   1.61172e-02   8.73700e-06  -9.70669e-02
   4  p3           2.67310e-02   1.46570e-02   1.17098e-04  -6.04154e-03
                               ERR DEF= 0.5
Calculation of survival fraction background at 2039
Area = 7068
Area_psa = 3023
Calculation of survival fraction background at 2380
Area = 3187
Area_psa = 1397
