
[1mRooFit v3.60 -- Developed by Wouter Verkerke and David Kirkby[0m 
                Copyright (C) 2000-2013 NIKHEF, University of California & Stanford University
                All rights reserved, please read http://roofit.sourceforge.net/license.txt

Using file /nfs/gerda6/users/burlac/psd/analysis/run0098-cal_dplms_10.tier.root
Analizing channel 25
DPLMS analysis with weight 10
Total events = 17201607
event n.1000000
event n.2000000
event n.3000000
event n.4000000
event n.5000000
event n.6000000
event n.7000000
event n.8000000
event n.9000000
event n.10000000
event n.11000000
event n.12000000
event n.13000000
event n.14000000
event n.15000000
event n.16000000
event n.17000000
Selected events: 107872
The time to read waveforms: 47.99 s
Initialization of DEP&FEP background  = 15
 FCN=120.971 FROM MIGRAD    STATUS=CONVERGED     148 CALLS         149 TOTAL
                     EDM=2.60817e-08    STRATEGY= 1  ERROR MATRIX UNCERTAINTY   5.5 per cent
  EXT PARAMETER                                   STEP         FIRST   
  NO.   NAME      VALUE            ERROR          SIZE      DERIVATIVE 
   1  p0           1.06100e+02   4.34855e+00   6.25387e-04  -3.27472e-05
   2  p1           1.59258e+03   4.89218e-02   1.87275e-05  -1.20069e-04
   3  p2           1.27461e+00   4.17319e-02   6.59656e-07  -1.41277e-02
   4  p3           4.85568e+01   3.24431e+00   6.61458e-03   1.31667e-05
   5  p4           1.62066e+03   8.73161e-02  -3.80176e-05  -1.73951e-03
   6  p5           1.27425e+00   7.21696e-02  -1.04322e-05   9.11377e-03
   7  p6           1.32172e+01   2.80045e-01   1.25169e-04  -2.46111e-04
                               ERR DEF= 0.5
mean_aoe = 0.1479
AoE: max = 1.48765 max = 0.118023
 FCN=0.662847 FROM MIGRAD    STATUS=CONVERGED     386 CALLS         387 TOTAL
                     EDM=3.34766e-08    STRATEGY= 1  ERROR MATRIX UNCERTAINTY   2.0 per cent
  EXT PARAMETER                                   STEP         FIRST   
  NO.   NAME      VALUE            ERROR          SIZE      DERIVATIVE 
   1  p0           1.03656e+00   7.32926e-01   2.17386e-03  -1.79321e-04
   2  p1           1.00158e+00   2.67114e-03  -3.33865e-06  -8.42943e-02
   3  p2           4.54394e-03   2.02674e-03  -9.40552e-05  -2.93744e-03
   4  p3           2.78876e-03   4.12574e-03   1.82233e-05   8.35089e-01
   5  p4           2.36791e-03   3.50042e-03   1.54613e-05  -9.98353e-01
                               ERR DEF= 0.5
Analysis with a fixed bin for LowCut
Total integral = 1164
AoE_lowCut = 1986 -> 0.99275
CutIntegral = 1048
SF_dep = 0.900344
sigma_aoe = 0.00454394
 FCN=111.697 FROM MIGRAD    STATUS=CONVERGED     171 CALLS         172 TOTAL
                     EDM=7.70012e-08    STRATEGY= 1      ERROR MATRIX ACCURATE 
  EXT PARAMETER                                   STEP         FIRST   
  NO.   NAME      VALUE            ERROR          SIZE      DERIVATIVE 
   1  p0           9.83523e+01   4.03785e+00   2.35434e-02   4.41760e-06
   2  p1           1.59258e+03   4.65567e-02   7.59401e-04  -1.27717e-03
   3  p2           1.29543e+00   3.91640e-02   1.99607e-05   2.59907e-02
   4  p3           8.94029e+00   1.51293e+00   9.11881e-03  -6.98587e-05
   5  p4           1.62048e+03   2.83119e-01   2.06917e-03  -2.85533e-05
   6  p5           1.59434e+00   2.46937e-01   1.17472e-04   9.51480e-03
   7  p6           6.59398e+00   1.99824e-01   1.37292e-03   1.25991e-04
                               ERR DEF= 0.5
AreaDEP_tot = 1684
Area_DEP_tot_psa = 1352
AreaDEP = 1162
Area_DEP_psa = 1047
Area_FEP_tot = 1066
Area_FEP_tot_psa = 407
Area_FEP = 527
Area_FEP_psa = 142
Calculation of AoE vs E correction
 FCN=139.483 FROM MIGRAD    STATUS=CONVERGED     811 CALLS         812 TOTAL
                     EDM=2.7988e-07    STRATEGY= 1      ERROR MATRIX ACCURATE 
  EXT PARAMETER                                   STEP         FIRST   
  NO.   NAME      VALUE            ERROR          SIZE      DERIVATIVE 
   1  p0           1.13335e+02   4.48357e+00   7.20210e-04   2.82376e-04
   2  p1           1.00225e+00   3.16705e-04   1.19216e-04  -9.74764e-03
   3  p2           8.38015e-03   3.04120e-04   1.87464e-04  -2.35508e-03
   4  p3           1.88702e+01   1.16621e+00   4.71848e-03   3.55157e-04
   5  p4           6.82185e+00   4.56398e-01   1.82088e-03  -1.12660e-03
   6  p5           1.00175e+00   4.06852e-03   1.86157e-05  -7.16804e-02
   7  p6          -1.41716e-09   1.31654e-02   1.89194e-03** at limit **
   8  p7           1.47847e-02   1.30218e-03   2.52771e-04   4.60954e-03
                               ERR DEF= 0.5
 FCN=138.358 FROM MIGRAD    STATUS=CONVERGED    1046 CALLS        1047 TOTAL
                     EDM=3.4839e-09    STRATEGY= 1  ERROR MATRIX UNCERTAINTY   1.9 per cent
  EXT PARAMETER                                   STEP         FIRST   
  NO.   NAME      VALUE            ERROR          SIZE      DERIVATIVE 
   1  p0           1.16360e+02   4.75761e+00  -1.16103e-04  -2.24704e-04
   2  p1           1.00140e+00   2.90703e-04  -1.01832e-05   3.37817e-04
   3  p2           7.32602e-03   2.61229e-04   1.73719e-05  -5.89669e-04
   4  p3           1.65889e+01   1.07183e+00   8.89508e-04  -8.70212e-05
   5  p4           7.33494e+00   4.97961e-01   1.84823e-04   1.57147e-04
   6  p5           1.00038e+00   3.82419e-03  -2.17249e-06   1.53524e-03
   7  p6          -3.05318e-11   1.44750e-02  -1.20167e-04** at limit **
   8  p7           1.37744e-02   1.28329e-03  -2.17244e-05  -1.16627e-03
                               ERR DEF= 0.5
 FCN=122.857 FROM MIGRAD    STATUS=CONVERGED     967 CALLS         968 TOTAL
                     EDM=3.19789e-08    STRATEGY= 1  ERROR MATRIX UNCERTAINTY   2.6 per cent
  EXT PARAMETER                                   STEP         FIRST   
  NO.   NAME      VALUE            ERROR          SIZE      DERIVATIVE 
   1  p0           1.18893e+02   5.07645e+00  -6.07042e-05   6.21371e-05
   2  p1           1.00148e+00   2.53212e-04   5.52440e-06   3.36026e-03
   3  p2           6.58342e-03   2.33319e-04  -1.58068e-06   9.47843e-04
   4  p3           1.45645e+01   9.96363e-01   7.72342e-05  -1.20113e-04
   5  p4           7.65454e+00   5.27816e-01   1.29743e-05   6.52896e-04
   6  p5           1.00373e+00   3.75687e-03   5.37830e-07   1.87404e-02
   7  p6          -1.64069e-12   1.26467e-02  -4.46007e-04** at limit **
   8  p7           1.34246e-02   1.26973e-03   7.51183e-07   2.48633e-05
                               ERR DEF= 0.5
 FCN=103.512 FROM MIGRAD    STATUS=CONVERGED     965 CALLS         966 TOTAL
                     EDM=9.64072e-08    STRATEGY= 1  ERROR MATRIX UNCERTAINTY   4.5 per cent
  EXT PARAMETER                                   STEP         FIRST   
  NO.   NAME      VALUE            ERROR          SIZE      DERIVATIVE 
   1  p0           1.27731e+02   5.47732e+00   1.75502e-04   6.81352e-04
   2  p1           1.00111e+00   2.40097e-04   7.91013e-06   1.49513e-02
   3  p2           6.07010e-03   2.17500e-04  -6.14958e-05   6.44721e-03
   4  p3           1.57702e+01   1.02853e+00  -2.08670e-03   1.24368e-04
   5  p4           8.01998e+00   5.42353e-01  -2.06262e-03   2.00951e-04
   6  p5           1.00348e+00   3.91384e-03   8.76559e-06   1.32361e-01
   7  p6          -2.66932e-10   1.05609e-02  -1.94993e-04** at limit **
   8  p7           1.42321e-02   1.36992e-03  -4.30692e-05   3.99099e-03
                               ERR DEF= 0.5
 FCN=109.747 FROM MIGRAD    STATUS=CONVERGED    1016 CALLS        1017 TOTAL
                     EDM=6.94003e-09    STRATEGY= 1  ERROR MATRIX UNCERTAINTY   1.7 per cent
  EXT PARAMETER                                   STEP         FIRST   
  NO.   NAME      VALUE            ERROR          SIZE      DERIVATIVE 
   1  p0           1.34727e+02   5.99660e+00  -7.13649e-05  -1.10583e-04
   2  p1           1.00122e+00   2.27504e-04  -4.74895e-06  -4.97116e-03
   3  p2           5.32315e-03   2.12445e-04  -4.50754e-06   2.36356e-04
   4  p3           1.86528e+01   1.14234e+00   1.69908e-03  -8.35424e-05
   5  p4           9.13352e+00   5.27671e-01   4.23943e-04   1.33017e-04
   6  p5           1.00024e+00   3.07672e-03  -9.69301e-07   2.11717e-02
   7  p6          -1.36374e-11   6.58500e-03  -1.40441e-04** at limit **
   8  p7           1.24753e-02   1.05550e-03  -5.25102e-05  -7.32151e-04
                               ERR DEF= 0.5
 FCN=160.831 FROM MIGRAD    STATUS=CONVERGED    1053 CALLS        1054 TOTAL
                     EDM=7.06374e-07    STRATEGY= 1  ERROR MATRIX UNCERTAINTY   2.2 per cent
  EXT PARAMETER                                   STEP         FIRST   
  NO.   NAME      VALUE            ERROR          SIZE      DERIVATIVE 
   1  p0           1.24382e+02   5.46979e+00  -2.91409e-04   3.42600e-04
   2  p1           1.00083e+00   2.43944e-04   4.52624e-05  -3.65989e-03
   3  p2           5.80760e-03   2.16388e-04   2.10452e-04  -3.30372e-03
   4  p3           1.41503e+01   9.72110e-01  -2.74463e-03  -1.02286e-06
   5  p4           7.67435e+00   5.43997e-01   3.54455e-04   2.18108e-04
   6  p5           1.00359e+00   3.21167e-03  -6.63835e-06  -3.73429e-01
   7  p6          -8.54659e-10   7.58890e-03  -2.01776e-03** at limit **
   8  p7           1.25611e-02   1.18839e-03   8.04840e-05  -1.74515e-02
                               ERR DEF= 0.5
 FCN=115.724 FROM MIGRAD    STATUS=CONVERGED    1181 CALLS        1182 TOTAL
                     EDM=3.36781e-08    STRATEGY= 1  ERROR MATRIX UNCERTAINTY   2.5 per cent
  EXT PARAMETER                                   STEP         FIRST   
  NO.   NAME      VALUE            ERROR          SIZE      DERIVATIVE 
   1  p0           1.30320e+02   4.91871e+00  -6.85589e-05   9.14732e-04
   2  p1           1.00091e+00   2.01189e-04   3.87094e-07  -1.26055e-03
   3  p2           5.00000e-03   2.55512e-04  -9.92894e-05** at limit **
   4  p3           1.56934e+01   9.63175e-01  -1.47290e-03  -1.40261e-04
   5  p4           9.47145e+00   5.98705e-01  -1.28270e-03   2.07975e-04
   6  p5           9.98926e-01   3.27837e-03   2.92835e-06   5.61539e-02
   7  p6          -1.36275e-10   7.77288e-03   5.05258e-05** at limit **
   8  p7           1.36310e-02   1.11744e-03  -3.57072e-06   1.67120e-03
                               ERR DEF= 0.5
 FCN=140.739 FROM MIGRAD    STATUS=CONVERGED    1146 CALLS        1147 TOTAL
                     EDM=7.14192e-07    STRATEGY= 1  ERROR MATRIX UNCERTAINTY   2.0 per cent
  EXT PARAMETER                                   STEP         FIRST   
  NO.   NAME      VALUE            ERROR          SIZE      DERIVATIVE 
   1  p0           1.33512e+02   5.07631e+00   1.85065e-05  -5.69109e-03
   2  p1           1.00016e+00   2.02639e-04   2.39484e-05   1.65782e-02
   3  p2           5.00000e-03   2.91358e-05  -3.84945e-05** at limit **
   4  p3           2.20784e+01   1.24372e+00   6.38743e-04  -7.31428e-04
   5  p4           1.23906e+01   6.19046e-01   2.83269e-04   8.86593e-04
   6  p5           9.97183e-01   2.44876e-03   4.38210e-06  -3.15387e-01
   7  p6          -5.62124e-11   1.91616e-03  -4.46968e-04** at limit **
   8  p7           1.11624e-02   8.18550e-04  -7.47428e-05  -3.29387e-03
                               ERR DEF= 0.5
 FCN=151.531 FROM MIGRAD    STATUS=CONVERGED    1025 CALLS        1026 TOTAL
                     EDM=3.25048e-07    STRATEGY= 1  ERROR MATRIX UNCERTAINTY   2.7 per cent
  EXT PARAMETER                                   STEP         FIRST   
  NO.   NAME      VALUE            ERROR          SIZE      DERIVATIVE 
   1  p0           1.40114e+02   5.20619e+00   9.67760e-05   3.15652e-03
   2  p1           9.99946e-01   1.97678e-04  -2.01623e-05  -1.35205e-02
   3  p2           5.00000e-03   3.10728e-05  -9.99944e-06** at limit **
   4  p3           2.35384e+01   1.21514e+00   3.82521e-03  -5.59349e-04
   5  p4           1.19329e+01   5.72031e-01   3.02713e-03   7.03700e-04
   6  p5           9.91751e-01   2.82329e-03  -7.61742e-06   1.93418e-01
   7  p6          -2.05128e-10   2.92124e-03  -5.00736e-04** at limit **
   8  p7           1.30110e-02   8.87384e-04   3.61885e-05  -4.39225e-03
                               ERR DEF= 0.5
 FCN=143.741 FROM MIGRAD    STATUS=CONVERGED    1179 CALLS        1180 TOTAL
                     EDM=1.24563e-08    STRATEGY= 1  ERROR MATRIX UNCERTAINTY   1.7 per cent
  EXT PARAMETER                                   STEP         FIRST   
  NO.   NAME      VALUE            ERROR          SIZE      DERIVATIVE 
   1  p0           1.48980e+02   5.39512e+00  -1.55830e-04   8.73765e-04
   2  p1           9.99646e-01   1.89539e-04   1.28466e-06   4.62421e-03
   3  p2           5.00000e-03   2.78208e-05  -5.77860e-05** at limit **
   4  p3           2.78011e+01   1.36272e+00  -3.19121e-04  -3.41737e-05
   5  p4           1.29348e+01   5.98819e-01  -2.78040e-04   9.23883e-05
   6  p5           9.90641e-01   2.59227e-03  -3.45998e-06   6.29678e-02
   7  p6          -8.05578e-12   2.54027e-03   2.20386e-06** at limit **
   8  p7           1.23203e-02   8.26028e-04   2.51197e-05   1.66125e-03
                               ERR DEF= 0.5
 FCN=140.426 FROM MIGRAD    STATUS=CONVERGED    1237 CALLS        1238 TOTAL
                     EDM=3.07857e-07    STRATEGY= 1  ERROR MATRIX UNCERTAINTY   2.3 per cent
  EXT PARAMETER                                   STEP         FIRST   
  NO.   NAME      VALUE            ERROR          SIZE      DERIVATIVE 
   1  p0           1.35470e+02   4.99927e+00   1.24282e-04  -2.22533e-03
   2  p1           9.99559e-01   2.01067e-04   1.37377e-05   2.63982e-03
   3  p2           5.00000e-03   2.81671e-05  -6.37877e-05** at limit **
   4  p3           2.61556e+01   1.32439e+00  -1.68743e-03  -3.71543e-04
   5  p4           1.23227e+01   5.68121e-01   5.46786e-04   1.43697e-03
   6  p5           9.93404e-01   2.44168e-03  -1.74049e-06   1.98843e-02
   7  p6          -1.50651e-10   6.11979e-03  -8.92431e-04** at limit **
   8  p7           1.07481e-02   7.80372e-04   2.38150e-05   7.50701e-03
                               ERR DEF= 0.5
 FCN=149.265 FROM MIGRAD    STATUS=CONVERGED    1093 CALLS        1094 TOTAL
                     EDM=7.57536e-08    STRATEGY= 1  ERROR MATRIX UNCERTAINTY   2.1 per cent
  EXT PARAMETER                                   STEP         FIRST   
  NO.   NAME      VALUE            ERROR          SIZE      DERIVATIVE 
   1  p0           1.37285e+02   5.18116e+00   2.05356e-05   6.87972e-04
   2  p1           9.99401e-01   1.93838e-04  -2.12953e-05   2.46639e-03
   3  p2           5.00000e-03   1.56731e-05   5.05390e-05** at limit **
   4  p3           2.49689e+01   1.29215e+00   1.95192e-03  -2.72096e-04
   5  p4           1.26350e+01   5.55581e-01   7.79318e-04   1.08232e-03
   6  p5           9.92171e-01   2.25552e-03  -1.59306e-07   1.49354e-01
   7  p6          -6.75193e-12   1.37332e-03  -2.34888e-04** at limit **
   8  p7           1.03733e-02   7.17027e-04   1.92379e-05   6.52655e-05
                               ERR DEF= 0.5
 FCN=184.698 FROM MIGRAD    STATUS=CONVERGED    1086 CALLS        1087 TOTAL
                     EDM=1.89473e-08    STRATEGY= 1  ERROR MATRIX UNCERTAINTY   2.6 per cent
  EXT PARAMETER                                   STEP         FIRST   
  NO.   NAME      VALUE            ERROR          SIZE      DERIVATIVE 
   1  p0           1.74840e+02   5.78232e+00   1.32869e-04   8.17003e-04
   2  p1           9.98959e-01   1.72497e-04  -2.80767e-06   6.89345e-03
   3  p2           5.00000e-03   1.18894e-05  -6.50197e-05** at limit **
   4  p3           2.62761e+01   1.31738e+00  -5.28368e-04  -1.47585e-04
   5  p4           1.20975e+01   5.55848e-01   1.00447e-04   2.35084e-04
   6  p5           9.94516e-01   2.31399e-03  -3.86088e-06   5.33597e-02
   7  p6          -3.15303e-14   1.80540e-03  -2.32042e-05** at limit **
   8  p7           1.20805e-02   7.57379e-04   3.38310e-05  -7.16436e-04
                               ERR DEF= 0.5
 FCN=184.985 FROM MIGRAD    STATUS=CONVERGED    1211 CALLS        1212 TOTAL
                     EDM=3.77886e-07    STRATEGY= 1  ERROR MATRIX UNCERTAINTY   2.6 per cent
  EXT PARAMETER                                   STEP         FIRST   
  NO.   NAME      VALUE            ERROR          SIZE      DERIVATIVE 
   1  p0           1.88728e+02   6.09202e+00  -6.28539e-04  -4.33471e-03
   2  p1           9.98643e-01   1.67386e-04   9.84821e-06  -3.96289e-02
   3  p2           5.00000e-03   1.59735e-05  -7.40914e-05** at limit **
   4  p3           3.09354e+01   1.47427e+00  -5.19726e-03   5.49538e-04
   5  p4           1.28957e+01   5.45631e-01  -2.23387e-03  -1.18732e-03
   6  p5           9.92016e-01   2.11753e-03   7.94694e-06  -2.94989e-01
   7  p6          -6.98339e-11   1.85555e-03  -1.81174e-04** at limit **
   8  p7           1.10950e-02   6.88970e-04  -5.33622e-05  -1.20869e-02
                               ERR DEF= 0.5
 FCN=226.803 FROM MIGRAD    STATUS=CONVERGED    1131 CALLS        1132 TOTAL
                     EDM=2.83478e-08    STRATEGY= 1  ERROR MATRIX UNCERTAINTY   2.9 per cent
  EXT PARAMETER                                   STEP         FIRST   
  NO.   NAME      VALUE            ERROR          SIZE      DERIVATIVE 
   1  p0           2.31536e+02   6.74227e+00   4.18050e-05  -1.06042e-03
   2  p1           9.98668e-01   1.52540e-04   9.39832e-06   1.34622e-03
   3  p2           5.00000e-03   1.22244e-05   1.18087e-04** at limit **
   4  p3           3.76122e+01   1.67724e+00  -1.66529e-03  -4.73063e-05
   5  p4           1.33556e+01   5.12387e-01  -8.51106e-04   1.20429e-04
   6  p5           9.94693e-01   1.91334e-03   5.78822e-06  -5.94452e-02
   7  p6          -5.16698e-13   8.49958e-04   1.10196e-04** at limit **
   8  p7           1.18918e-02   6.38339e-04  -3.38376e-05  -4.59986e-04
                               ERR DEF= 0.5
 FCN=223.137 FROM MIGRAD    STATUS=CONVERGED    1435 CALLS        1436 TOTAL
                     EDM=7.64275e-09    STRATEGY= 1  ERROR MATRIX UNCERTAINTY   2.8 per cent
  EXT PARAMETER                                   STEP         FIRST   
  NO.   NAME      VALUE            ERROR          SIZE      DERIVATIVE 
   1  p0           2.70950e+02   7.22627e+00  -2.47554e-05  -7.60034e-04
   2  p1           9.98336e-01   1.39179e-04  -4.06315e-06   6.16017e-04
   3  p2           5.00000e-03   1.13039e-05  -1.49387e-05** at limit **
   4  p3           4.01209e+01   1.74067e+00  -1.93131e-03   5.19819e-05
   5  p4           1.40820e+01   5.30656e-01  -4.57345e-04  -1.79568e-04
   6  p5           9.91768e-01   1.86086e-03   1.26032e-06  -2.53651e-02
   7  p6          -4.34164e-12   9.15471e-04   1.50607e-05** at limit **
   8  p7           1.20687e-02   5.91029e-04   1.17182e-05   1.25876e-03
                               ERR DEF= 0.5

****************************************
Minimizer is Linear
Chi2                      =      11.3705
NDf                       =           14
p0                        =      1.00454   +/-   0.000225197 
p1                        = -2.57737e-06   +/-   1.17181e-07 
Calculation of survival fraction for 2104
 FCN=149.033 FROM MIGRAD    STATUS=CONVERGED     116 CALLS         117 TOTAL
                     EDM=1.77256e-10    STRATEGY= 1      ERROR MATRIX ACCURATE 
  EXT PARAMETER                                   STEP         FIRST   
  NO.   NAME      VALUE            ERROR          SIZE      DERIVATIVE 
   1  p0           8.49377e+01   3.61297e+00   2.36467e-02  -4.60217e-06
   2  p1           2.10353e+03   6.76015e-02   1.00304e-03  -4.52752e-05
   3  p2           1.73453e+00   6.64048e-02   3.26435e-05  -2.14754e-03
   4  p3           1.57860e+01   2.48413e-01   2.03279e-03  -1.27474e-05
                               ERR DEF= 0.5
Area_tot = 2142
Area_tot_psa = 651
Area = 1307
Area_psa = 207
 FCN=157.021 FROM MIGRAD    STATUS=CONVERGED      87 CALLS          88 TOTAL
                     EDM=4.48688e-08    STRATEGY= 1      ERROR MATRIX ACCURATE 
  EXT PARAMETER                                   STEP         FIRST   
  NO.   NAME      VALUE            ERROR          SIZE      DERIVATIVE 
   1  p0           1.49975e+01   1.98424e+00   1.31437e-02  -9.13239e-05
   2  p1           2.10369e+03   1.89842e-01   1.63051e-03   7.44027e-04
   3  p2           1.47197e+00   2.06361e-01   1.10540e-04  -4.23618e-03
   4  p3           7.85203e+00   1.75550e-01   1.46793e-03  -4.63461e-04
                               ERR DEF= 0.5
Calculation of survival fraction for 2614.5
 FCN=209.083 FROM MIGRAD    STATUS=CONVERGED     151 CALLS         152 TOTAL
                     EDM=6.19666e-07    STRATEGY= 1  ERROR MATRIX UNCERTAINTY   2.7 per cent
  EXT PARAMETER                                   STEP         FIRST   
  NO.   NAME      VALUE            ERROR          SIZE      DERIVATIVE 
   1  p0           7.89085e+02   1.02661e+01  -4.25954e-02  -3.20253e-05
   2  p1           2.61466e+03   1.45931e-02  -2.52680e-04  -5.76812e-02
   3  p2           1.37129e+00   1.06284e-02   1.22139e-06  -1.84801e-01
   4  p3           9.35174e-01   7.65410e-02  -8.54922e-04  -6.40931e-03
                               ERR DEF= 0.5
Area_tot = 9110
Area_tot_psa = 2049
Area = 9039
Area_psa = 2041
 FCN=116.94 FROM MIGRAD    STATUS=CONVERGED     105 CALLS         106 TOTAL
                     EDM=6.22163e-08    STRATEGY= 1  ERROR MATRIX UNCERTAINTY   4.3 per cent
  EXT PARAMETER                                   STEP         FIRST   
  NO.   NAME      VALUE            ERROR          SIZE      DERIVATIVE 
   1  p0           1.77184e+02   4.82753e+00   1.43351e-02   1.13793e-05
   2  p1           2.61476e+03   3.03967e-02  -6.94010e-05  -2.66550e-03
   3  p2           1.36887e+00   2.25118e-02   1.11857e-06  -1.49905e-01
   4  p3           8.89023e-03   7.37474e-03   3.05008e-05  -9.71413e-03
                               ERR DEF= 0.5
Calculation of survival fraction background at 2039
Area = 3563
Area_psa = 1803
Calculation of survival fraction background at 2350
Area = 7678
Area_psa = 4025
