
[1mRooFit v3.60 -- Developed by Wouter Verkerke and David Kirkby[0m 
                Copyright (C) 2000-2013 NIKHEF, University of California & Stanford University
                All rights reserved, please read http://roofit.sourceforge.net/license.txt

Using file /nfs/gerda6/users/burlac/psd/analysis/run0098-cal_dplms_10.tier.root
Analizing channel 18
DPLMS analysis with weight 10
Total events = 17201607
event n.1000000
event n.2000000
event n.3000000
event n.4000000
event n.5000000
event n.6000000
event n.7000000
event n.8000000
event n.9000000
event n.10000000
event n.11000000
event n.12000000
event n.13000000
event n.14000000
event n.15000000
event n.16000000
event n.17000000
Selected events: 134299
The time to read waveforms: 28.93 s
Initialization of DEP&FEP background  = 17
 FCN=129.588 FROM MIGRAD    STATUS=CONVERGED     230 CALLS         231 TOTAL
                     EDM=3.50265e-08    STRATEGY= 1      ERROR MATRIX ACCURATE 
  EXT PARAMETER                                   STEP         FIRST   
  NO.   NAME      VALUE            ERROR          SIZE      DERIVATIVE 
   1  p0           1.70892e+02   6.20308e+00   3.89777e-02   1.32514e-05
   2  p1           1.59241e+03   3.21901e-02   7.59322e-04   2.58535e-04
   3  p2           9.91749e-01   2.75193e-02   1.72820e-05   2.15521e-02
   4  p3           9.11123e+01   4.80931e+00   3.04512e-02   3.25454e-05
   5  p4           1.62066e+03   4.81271e-02   7.72789e-04   2.49059e-03
   6  p5           9.74799e-01   4.16348e-02   2.65553e-05   1.86883e-02
   7  p6           1.64265e+01   2.95619e-01   2.25170e-03   1.13734e-04
                               ERR DEF= 0.5
mean_aoe = 0.1681
AoE: max = 1.36229 max = 0.0980968
 FCN=2.07383 FROM MIGRAD    STATUS=CONVERGED     432 CALLS         433 TOTAL
                     EDM=3.40177e-07    STRATEGY= 1  ERROR MATRIX UNCERTAINTY   0.8 per cent
  EXT PARAMETER                                   STEP         FIRST   
  NO.   NAME      VALUE            ERROR          SIZE      DERIVATIVE 
   1  p0           9.58882e-01   3.91615e-01  -6.13761e-04   5.35861e-05
   2  p1           9.99029e-01   1.47460e-03   6.43149e-06   4.38893e-01
   3  p2           3.86442e-03   1.03681e-03   4.56917e-05  -3.15719e-02
   4  p3           2.84095e-03   2.64895e-03   2.34995e-05   7.68360e-01
   5  p4           1.39999e-03   1.30096e-03   1.15392e-05  -1.71447e+00
                               ERR DEF= 0.5
AoE_lowCut = 0.9913
 FCN=138.639 FROM MIGRAD    STATUS=CONVERGED     186 CALLS         187 TOTAL
                     EDM=7.90859e-07    STRATEGY= 1      ERROR MATRIX ACCURATE 
  EXT PARAMETER                                   STEP         FIRST   
  NO.   NAME      VALUE            ERROR          SIZE      DERIVATIVE 
   1  p0           1.53677e+02   5.63513e+00   3.64335e-02  -7.24692e-05
   2  p1           1.59241e+03   3.22638e-02   7.59320e-04   3.13407e-03
   3  p2           1.01856e+00   2.71071e-02   1.72923e-05   1.22210e-01
   4  p3           1.75212e+01   2.71617e+00   1.77521e-02   6.61691e-05
   5  p4           1.62069e+03   1.23875e-01   1.00858e-03   2.15438e-03
   6  p5           7.94043e-01   1.16157e-01   8.47117e-05  -1.19956e-02
   7  p6           7.69621e+00   2.05705e-01   1.61938e-03  -1.88809e-03
                               ERR DEF= 0.5
AreaDEP_tot = 1958
Area_DEP_tot_psa = 1587
AreaDEP = 1351
Area_DEP_psa = 1306
Area_FEP_tot = 1245
Area_FEP_tot_psa = 353
Area_FEP = 715
Area_FEP_psa = 91
Calculation of AoE vs E correction
 FCN=134.938 FROM MIGRAD    STATUS=CONVERGED     974 CALLS         975 TOTAL
                     EDM=1.14405e-08    STRATEGY= 1  ERROR MATRIX UNCERTAINTY   1.9 per cent
  EXT PARAMETER                                   STEP         FIRST   
  NO.   NAME      VALUE            ERROR          SIZE      DERIVATIVE 
   1  p0           1.53162e+02   5.84543e+00   4.96950e-05   7.08787e-05
   2  p1           1.00012e+00   2.26591e-04   4.28381e-06  -1.20060e-04
   3  p2           6.51738e-03   2.04526e-04  -1.01769e-05   2.30257e-03
   4  p3           1.90598e+01   1.01153e+00  -1.85756e-04   5.64756e-05
   5  p4           5.02219e+00   3.96599e-01  -3.71173e-04  -2.60005e-04
   6  p5           9.98059e-01   3.84672e-03   3.80936e-06  -2.55800e-02
   7  p6          -3.03274e-10   3.48533e-02   3.33173e-05** at limit **
   8  p7           1.66990e-02   1.35054e-03  -3.54543e-05  -1.24796e-03
                               ERR DEF= 0.5
 FCN=128.217 FROM MIGRAD    STATUS=CONVERGED    1117 CALLS        1118 TOTAL
                     EDM=1.16068e-09    STRATEGY= 1  ERROR MATRIX UNCERTAINTY   1.8 per cent
  EXT PARAMETER                                   STEP         FIRST   
  NO.   NAME      VALUE            ERROR          SIZE      DERIVATIVE 
   1  p0           1.60502e+02   6.34462e+00   1.08999e-04   1.14756e-04
   2  p1           1.00031e+00   2.01845e-04   2.24485e-05   1.20808e-03
   3  p2           5.65799e-03   1.82919e-04  -2.34628e-05   4.79942e-05
   4  p3           1.75784e+01   1.02611e+00   1.03861e-03  -3.53873e-05
   5  p4           6.37893e+00   4.37104e-01  -1.46019e-04   1.09449e-04
   6  p5           1.00246e+00   3.16844e-03   4.65043e-06  -8.50844e-03
   7  p6          -5.70655e-13   1.42456e-02  -3.93843e-04** at limit **
   8  p7           1.26468e-02   1.12187e-03  -7.54835e-05  -4.24874e-04
                               ERR DEF= 0.5
 FCN=122.164 FROM MIGRAD    STATUS=CONVERGED    1244 CALLS        1245 TOTAL
                     EDM=4.3645e-07    STRATEGY= 1  ERROR MATRIX UNCERTAINTY   3.3 per cent
  EXT PARAMETER                                   STEP         FIRST   
  NO.   NAME      VALUE            ERROR          SIZE      DERIVATIVE 
   1  p0           1.61904e+02   6.59875e+00   8.88761e-05   9.12118e-04
   2  p1           9.99672e-01   1.85895e-04   5.78584e-07   3.69562e-02
   3  p2           5.04976e-03   1.73683e-04  -4.10595e-04  -1.56622e-03
   4  p3           1.85343e+01   1.03709e+00   3.05396e-03  -5.76908e-04
   5  p4           7.43786e+00   4.67014e-01  -3.92004e-04   2.04232e-03
   6  p5           9.99740e-01   3.28905e-03  -6.53318e-06   6.72229e-02
   7  p6          -5.65932e-09   1.34974e-02  -2.41738e-04** at limit **
   8  p7           1.52088e-02   1.16520e-03   2.13822e-05   2.21200e-03
                               ERR DEF= 0.5
 FCN=109.134 FROM MIGRAD    STATUS=CONVERGED    1292 CALLS        1293 TOTAL
                     EDM=6.22275e-07    STRATEGY= 1  ERROR MATRIX UNCERTAINTY   2.9 per cent
  EXT PARAMETER                                   STEP         FIRST   
  NO.   NAME      VALUE            ERROR          SIZE      DERIVATIVE 
   1  p0           1.57728e+02   5.39907e+00   1.82288e-05   1.40226e-03
   2  p1           9.99075e-01   1.80726e-04   1.19745e-05   4.27587e-02
   3  p2           5.00000e-03   1.15049e-04  -3.22840e-05** at limit **
   4  p3           1.68024e+01   8.96886e-01  -7.84847e-04  -1.17810e-03
   5  p4           7.51909e+00   4.81838e-01  -1.60493e-03   2.49660e-04
   6  p5           9.95657e-01   3.38328e-03  -5.69284e-06  -2.16806e-02
   7  p6          -2.92779e-09   1.97392e-02   6.32787e-04** at limit **
   8  p7           1.46373e-02   1.17413e-03   8.70099e-05  -4.24504e-03
                               ERR DEF= 0.5
 FCN=149.04 FROM MIGRAD    STATUS=CONVERGED    1119 CALLS        1120 TOTAL
                     EDM=6.52054e-07    STRATEGY= 1  ERROR MATRIX UNCERTAINTY   1.7 per cent
  EXT PARAMETER                                   STEP         FIRST   
  NO.   NAME      VALUE            ERROR          SIZE      DERIVATIVE 
   1  p0           1.55200e+02   5.38296e+00   3.49768e-04   8.79215e-04
   2  p1           9.98743e-01   1.82639e-04  -7.39617e-06   2.92621e-02
   3  p2           5.00000e-03   2.66251e-05   2.31264e-04** at limit **
   4  p3           1.81580e+01   1.02086e+00   2.48485e-03   9.60788e-05
   5  p4           7.78231e+00   4.68022e-01  -3.54111e-04  -3.29843e-04
   6  p5           9.99334e-01   2.32415e-03   4.59973e-06  -7.39330e-02
   7  p6          -7.63978e-09   8.17333e-03   2.16347e-04** at limit **
   8  p7           1.12205e-02   8.55436e-04   1.71705e-05   3.45305e-03
                               ERR DEF= 0.5
 FCN=121.873 FROM MIGRAD    STATUS=CONVERGED    1150 CALLS        1151 TOTAL
                     EDM=1.20147e-07    STRATEGY= 1  ERROR MATRIX UNCERTAINTY   4.3 per cent
  EXT PARAMETER                                   STEP         FIRST   
  NO.   NAME      VALUE            ERROR          SIZE      DERIVATIVE 
   1  p0           1.46986e+02   5.31710e+00   2.56115e-05  -9.18545e-04
   2  p1           9.98357e-01   1.87903e-04   3.77576e-06   1.98074e-03
   3  p2           5.00000e-03   3.22143e-05   1.21311e-06** at limit **
   4  p3           1.80715e+01   1.00327e+00  -2.45132e-05  -1.63231e-04
   5  p4           8.11575e+00   4.97620e-01  -4.23544e-04  -1.08657e-05
   6  p5           9.94679e-01   2.91812e-03   5.09545e-08   2.65353e-02
   7  p6          -2.12781e-09   1.26006e-02  -4.49096e-06** at limit **
   8  p7           1.29877e-02   1.02084e-03   9.15843e-06  -1.07049e-04
                               ERR DEF= 0.5
 FCN=138.006 FROM MIGRAD    STATUS=CONVERGED    1312 CALLS        1313 TOTAL
                     EDM=6.23158e-07    STRATEGY= 1  ERROR MATRIX UNCERTAINTY   4.8 per cent
  EXT PARAMETER                                   STEP         FIRST   
  NO.   NAME      VALUE            ERROR          SIZE      DERIVATIVE 
   1  p0           1.38372e+02   5.06535e+00   2.27665e-04   3.49367e-04
   2  p1           9.98002e-01   1.97429e-04  -1.21584e-06  -3.38918e-02
   3  p2           5.00000e-03   1.33730e-04   1.20896e-04** at limit **
   4  p3           1.56837e+01   9.49337e-01  -3.53280e-03  -5.80123e-04
   5  p4           8.32843e+00   5.66562e-01  -3.02996e-03   1.50792e-03
   6  p5           9.92306e-01   3.83014e-03   4.54095e-06   7.72824e-02
   7  p6          -9.41718e-09   9.76247e-03   5.28891e-04** at limit **
   8  p7           1.63853e-02   1.31232e-03   4.43250e-05  -4.35352e-03
                               ERR DEF= 0.5
 FCN=173.162 FROM MIGRAD    STATUS=CONVERGED    1105 CALLS        1106 TOTAL
                     EDM=6.23295e-08    STRATEGY= 1      ERROR MATRIX ACCURATE 
  EXT PARAMETER                                   STEP         FIRST   
  NO.   NAME      VALUE            ERROR          SIZE      DERIVATIVE 
   1  p0           1.67905e+02   5.76104e+00   8.40505e-04   1.27403e-03
   2  p1           9.97056e-01   1.80473e-04   8.14405e-05  -1.26177e-02
   3  p2           5.00000e-03   2.97162e-05   6.27532e-04** at limit **
   4  p3           2.49042e+01   1.27602e+00   7.05745e-03   2.06324e-04
   5  p4           1.07785e+01   5.16084e-01   2.60158e-03  -2.47445e-04
   6  p5           9.92156e-01   2.31511e-03   1.45944e-05  -1.69349e-02
   7  p6          -4.32065e-12   1.94131e-03   8.02497e-04** at limit **
   8  p7           1.14245e-02   7.70748e-04   2.38496e-04   1.06870e-03
                               ERR DEF= 0.5
 FCN=200.188 FROM MIGRAD    STATUS=CONVERGED    1021 CALLS        1022 TOTAL
                     EDM=6.9161e-07    STRATEGY= 1  ERROR MATRIX UNCERTAINTY   2.7 per cent
  EXT PARAMETER                                   STEP         FIRST   
  NO.   NAME      VALUE            ERROR          SIZE      DERIVATIVE 
   1  p0           1.56354e+02   5.40620e+00   5.87979e-04  -6.07065e-03
   2  p1           9.97165e-01   1.84632e-04   2.23733e-05  -9.54948e-03
   3  p2           5.00000e-03   1.30131e-05  -8.34550e-05** at limit **
   4  p3           2.70262e+01   1.27520e+00  -8.46312e-03   6.25232e-04
   5  p4           1.00858e+01   4.95389e-01  -1.74671e-03  -2.59702e-03
   6  p5           9.86903e-01   2.80459e-03  -2.10291e-05  -1.61755e-01
   7  p6          -1.38692e-09   4.89679e-03   1.72403e-04** at limit **
   8  p7           1.40056e-02   9.10424e-04   6.53198e-05   6.68947e-03
                               ERR DEF= 0.5
 FCN=201.723 FROM MIGRAD    STATUS=CONVERGED    1290 CALLS        1291 TOTAL
                     EDM=2.04309e-07    STRATEGY= 1      ERROR MATRIX ACCURATE 
  EXT PARAMETER                                   STEP         FIRST   
  NO.   NAME      VALUE            ERROR          SIZE      DERIVATIVE 
   1  p0           1.70794e+02   5.74440e+00   8.96278e-04   1.33366e-03
   2  p1           9.96474e-01   1.78165e-04   8.73329e-05  -2.25802e-02
   3  p2           5.00000e-03   1.62632e-05   5.00801e-04** at limit **
   4  p3           2.85294e+01   1.36122e+00   8.01751e-03  -2.83347e-04
   5  p4           1.04577e+01   1.31935e+00   2.48686e-03   9.90855e-04
   6  p5           9.85931e-01   3.27578e-03   1.63021e-05   4.33940e-02
   7  p6          -7.94942e-03   2.45524e-02   6.57295e-04  -3.47354e-03
   8  p7           1.42575e-02   9.32075e-04   2.30299e-04  -6.70037e-03
                               ERR DEF= 0.5
 FCN=202.868 FROM MIGRAD    STATUS=CONVERGED    1137 CALLS        1138 TOTAL
                     EDM=1.46989e-07    STRATEGY= 1  ERROR MATRIX UNCERTAINTY   2.0 per cent
  EXT PARAMETER                                   STEP         FIRST   
  NO.   NAME      VALUE            ERROR          SIZE      DERIVATIVE 
   1  p0           1.59292e+02   5.30367e+00   1.11884e-04  -1.41734e-03
   2  p1           9.96578e-01   1.82987e-04  -1.15772e-05  -1.15234e-02
   3  p2           5.00000e-03   1.36280e-05  -6.18493e-06** at limit **
   4  p3           2.66382e+01   1.25182e+00  -3.70930e-04  -4.26201e-04
   5  p4           9.21683e+00   4.48628e-01  -1.33724e-04   1.55008e-03
   6  p5           9.90233e-01   2.66130e-03   4.82044e-07   1.00690e-02
   7  p6          -1.20663e-09   7.19837e-03  -3.28855e-04** at limit **
   8  p7           1.47545e-02   9.00972e-04  -6.13820e-05  -4.42034e-03
                               ERR DEF= 0.5
 FCN=167.537 FROM MIGRAD    STATUS=CONVERGED    1050 CALLS        1051 TOTAL
                     EDM=4.24146e-08    STRATEGY= 1  ERROR MATRIX UNCERTAINTY   0.9 per cent
  EXT PARAMETER                                   STEP         FIRST   
  NO.   NAME      VALUE            ERROR          SIZE      DERIVATIVE 
   1  p0           1.71908e+02   5.56599e+00  -4.26027e-05  -1.97929e-03
   2  p1           9.96140e-01   1.72149e-04   6.33803e-06   2.36416e-04
   3  p2           5.00000e-03   1.33668e-05   1.02464e-05** at limit **
   4  p3           2.44812e+01   1.17944e+00  -2.70992e-04   1.44608e-04
   5  p4           9.59500e+00   4.80900e-01  -1.56930e-04   2.39027e-05
   6  p5           9.90464e-01   2.50918e-03   4.57971e-06  -8.61116e-03
   7  p6          -2.37632e-12   3.92278e-03  -2.39444e-04** at limit **
   8  p7           1.34273e-02   8.44814e-04  -8.98336e-05   2.88729e-03
                               ERR DEF= 0.5
 FCN=236.016 FROM MIGRAD    STATUS=CONVERGED    1117 CALLS        1118 TOTAL
                     EDM=2.54695e-08    STRATEGY= 1  ERROR MATRIX UNCERTAINTY   0.9 per cent
  EXT PARAMETER                                   STEP         FIRST   
  NO.   NAME      VALUE            ERROR          SIZE      DERIVATIVE 
   1  p0           2.00127e+02   6.22073e+00  -2.41660e-04  -2.28413e-04
   2  p1           9.95769e-01   1.63259e-04   1.64608e-06  -6.76821e-03
   3  p2           5.00000e-03   1.17178e-05   2.54831e-05** at limit **
   4  p3           2.97083e+01   1.31566e+00  -7.22230e-04   1.09985e-06
   5  p4           9.66187e+00   4.33077e-01  -5.49101e-04  -1.44613e-04
   6  p5           9.91169e-01   2.05719e-03   5.52820e-06  -4.77544e-03
   7  p6          -7.57172e-14   2.26638e-03  -9.87687e-06** at limit **
   8  p7           1.24703e-02   7.11713e-04  -1.39040e-05   6.83025e-03
                               ERR DEF= 0.5
 FCN=232.484 FROM MIGRAD    STATUS=CONVERGED    1090 CALLS        1091 TOTAL
                     EDM=1.97713e-07    STRATEGY= 1  ERROR MATRIX UNCERTAINTY   1.2 per cent
  EXT PARAMETER                                   STEP         FIRST   
  NO.   NAME      VALUE            ERROR          SIZE      DERIVATIVE 
   1  p0           2.43689e+02   6.77619e+00   1.10802e-04   1.16530e-03
   2  p1           9.95507e-01   1.48038e-04   3.58977e-06  -6.12370e-03
   3  p2           5.00000e-03   1.28443e-05   5.94426e-05** at limit **
   4  p3           3.55399e+01   1.49876e+00   7.19036e-04   3.89622e-04
   5  p4           1.09182e+01   4.03767e-01   4.18142e-04  -2.42163e-03
   6  p5           9.90785e-01   1.97568e-03  -2.13615e-07  -1.81571e-01
   7  p6          -9.25679e-10   1.24108e-03  -2.06487e-05** at limit **
   8  p7           1.23442e-02   6.75357e-04  -3.41582e-05  -8.30682e-03
                               ERR DEF= 0.5
 FCN=286.99 FROM MIGRAD    STATUS=CONVERGED    1093 CALLS        1094 TOTAL
                     EDM=2.19881e-07    STRATEGY= 1  ERROR MATRIX UNCERTAINTY   2.7 per cent
  EXT PARAMETER                                   STEP         FIRST   
  NO.   NAME      VALUE            ERROR          SIZE      DERIVATIVE 
   1  p0           2.76145e+02   7.35412e+00  -1.95585e-04   1.32302e-03
   2  p1           9.95341e-01   1.40646e-04   2.08920e-06  -2.29897e-02
   3  p2           5.00000e-03   1.15167e-05  -1.27315e-05** at limit **
   4  p3           4.18337e+01   1.66658e+00  -5.26367e-03   4.77753e-04
   5  p4           1.09790e+01   3.98395e-01  -5.39626e-04  -8.67642e-04
   6  p5           9.90838e-01   1.62771e-03   1.03697e-06   2.11760e-01
   7  p6          -1.27676e-13   1.36627e-03   3.55614e-04** at limit **
   8  p7           1.17997e-02   5.71644e-04   4.29045e-05   6.14441e-03
                               ERR DEF= 0.5
 FCN=290.504 FROM MIGRAD    STATUS=CONVERGED    1113 CALLS        1114 TOTAL
                     EDM=3.98375e-07    STRATEGY= 1  ERROR MATRIX UNCERTAINTY   2.2 per cent
  EXT PARAMETER                                   STEP         FIRST   
  NO.   NAME      VALUE            ERROR          SIZE      DERIVATIVE 
   1  p0           3.18992e+02   7.97278e+00  -1.23704e-04  -2.88721e-03
   2  p1           9.94974e-01   1.31233e-04  -4.96525e-06  -2.09542e-02
   3  p2           5.00000e-03   1.27330e-05  -1.97570e-05** at limit **
   4  p3           4.52236e+01   1.72213e+00   1.32662e-03  -4.79987e-04
   5  p4           1.02519e+01   3.63873e-01  -1.74306e-04   1.90445e-03
   6  p5           9.92743e-01   1.50895e-03   5.22763e-07  -2.82988e-01
   7  p6          -1.46707e-11   1.81324e-03  -2.38194e-04** at limit **
   8  p7           1.03257e-02   5.33789e-04  -9.21016e-06  -1.52186e-02
                               ERR DEF= 0.5

****************************************
Minimizer is Linear
Chi2                      =      13.8787
NDf                       =           14
p0                        =      1.00375   +/-   0.000176589 
p1                        = -3.70661e-06   +/-   9.48899e-08 
Calculation of survival fraction for 2104
 FCN=153.867 FROM MIGRAD    STATUS=CONVERGED     101 CALLS         102 TOTAL
                     EDM=4.25644e-07    STRATEGY= 1      ERROR MATRIX ACCURATE 
  EXT PARAMETER                                   STEP         FIRST   
  NO.   NAME      VALUE            ERROR          SIZE      DERIVATIVE 
   1  p0           1.52745e+02   5.05244e+00   3.45994e-02  -1.99211e-05
   2  p1           2.10351e+03   4.19617e-02   1.00303e-03   4.24985e-04
   3  p2           1.39941e+00   3.62968e-02   2.09624e-05   1.51706e-01
   4  p3           1.99950e+01   2.73784e-01   2.30965e-03  -1.15390e-03
                               ERR DEF= 0.5
Area_tot = 2659
Area_tot_psa = 574
Area = 1747
Area_psa = 177
 FCN=153.65 FROM MIGRAD    STATUS=CONVERGED     113 CALLS         114 TOTAL
                     EDM=2.66721e-08    STRATEGY= 1      ERROR MATRIX ACCURATE 
  EXT PARAMETER                                   STEP         FIRST   
  NO.   NAME      VALUE            ERROR          SIZE      DERIVATIVE 
   1  p0           1.90705e+01   2.03255e+00   1.43722e-02   8.97382e-05
   2  p1           2.10379e+03   1.53034e-01   1.31039e-03   3.06744e-04
   3  p2           1.42768e+00   1.27260e-01   7.54213e-05   1.08596e-02
   4  p3           8.42864e+00   1.79509e-01   1.50343e-03  -4.96662e-05
                               ERR DEF= 0.5
Calculation of survival fraction for 2614.5
 FCN=229.412 FROM MIGRAD    STATUS=CONVERGED     143 CALLS         144 TOTAL
                     EDM=1.30595e-08    STRATEGY= 1      ERROR MATRIX ACCURATE 
  EXT PARAMETER                                   STEP         FIRST   
  NO.   NAME      VALUE            ERROR          SIZE      DERIVATIVE 
   1  p0           1.36197e+03   1.46141e+01   1.23743e-01   1.86471e-06
   2  p1           2.61463e+03   1.02801e-02   1.24675e-03   6.57517e-04
   3  p2           1.17263e+00   7.56838e-03   5.93777e-06   8.55952e-02
   4  p3           1.58324e+00   9.08171e-02   9.47875e-04   1.17588e-03
                               ERR DEF= 0.5
Area_tot = 13436
Area_tot_psa = 2008
Area = 13337
Area_psa = 1999
 FCN=142.496 FROM MIGRAD    STATUS=CONVERGED     220 CALLS         221 TOTAL
                     EDM=2.63744e-08    STRATEGY= 1      ERROR MATRIX ACCURATE 
  EXT PARAMETER                                   STEP         FIRST   
  NO.   NAME      VALUE            ERROR          SIZE      DERIVATIVE 
   1  p0           1.99112e+02   5.52156e+00   3.69950e-02   3.48393e-06
   2  p1           2.61471e+03   2.72039e-02   1.24679e-03   3.68798e-03
   3  p2           1.19586e+00   1.98109e-02   1.21961e-05   3.11159e-03
   4  p3           3.59915e-02   1.26109e-02   1.03896e-04   1.01036e-02
                               ERR DEF= 0.5
Calculation of survival fraction background at 2039
Area = 4435
Area_psa = 2022
