
[1mRooFit v3.60 -- Developed by Wouter Verkerke and David Kirkby[0m 
                Copyright (C) 2000-2013 NIKHEF, University of California & Stanford University
                All rights reserved, please read http://roofit.sourceforge.net/license.txt

Using file /nfs/gerda6/users/burlac/psd/analysis/run0098-cal_dplms_100.tier.root
Analizing channel 1
DPLMS analysis with weight 100
Total events = 17201607
event n.1000000
event n.2000000
event n.3000000
event n.4000000
event n.5000000
event n.6000000
event n.7000000
event n.8000000
event n.9000000
event n.10000000
event n.11000000
event n.12000000
event n.13000000
event n.14000000
event n.15000000
event n.16000000
event n.17000000
Selected events: 130169
The time to read waveforms: 57.68 s
Initialization of DEP&FEP background  = 17
 FCN=101.346 FROM MIGRAD    STATUS=CONVERGED     233 CALLS         234 TOTAL
                     EDM=1.48029e-08    STRATEGY= 1      ERROR MATRIX ACCURATE 
  EXT PARAMETER                                   STEP         FIRST   
  NO.   NAME      VALUE            ERROR          SIZE      DERIVATIVE 
   1  p0           1.54511e+02   5.85379e+00   3.23272e-02   6.38372e-06
   2  p1           1.59221e+03   3.50244e-02   7.59226e-04  -3.28411e-04
   3  p2           1.03410e+00   3.07017e-02   1.65691e-05   2.40144e-02
   4  p3           7.65293e+01   4.45255e+00   2.45437e-02   6.61539e-06
   5  p4           1.62054e+03   5.60859e-02   7.72735e-04   1.59221e-03
   6  p5           1.02723e+00   5.18216e-02   2.79165e-05   1.44696e-02
   7  p6           1.63161e+01   2.96846e-01   1.98779e-03  -1.11917e-05
                               ERR DEF= 0.5
mean_aoe = 0.0775
AoE: max = 1.58044 max = 0.0976062
 FCN=3.66755 FROM MIGRAD    STATUS=CONVERGED     346 CALLS         347 TOTAL
                     EDM=4.90116e-08    STRATEGY= 1  ERROR MATRIX UNCERTAINTY   2.0 per cent
  EXT PARAMETER                                   STEP         FIRST   
  NO.   NAME      VALUE            ERROR          SIZE      DERIVATIVE 
   1  p0           8.25282e-01   2.85016e-01  -7.37541e-04   1.28816e-03
   2  p1           1.00002e+00   2.22937e-03   1.06879e-05   3.90946e-02
   3  p2           7.28960e-03   1.63393e-03   2.40511e-05   1.45018e-02
   4  p3           4.56898e-03   3.38671e-03   1.04466e-05  -1.27428e+00
   5  p4           1.98101e-03   1.46517e-03   4.51840e-06   2.98299e+00
                               ERR DEF= 0.5
AoE_lowCut = 0.985442
 FCN=117.836 FROM MIGRAD    STATUS=CONVERGED     190 CALLS         191 TOTAL
                     EDM=1.059e-08    STRATEGY= 1      ERROR MATRIX ACCURATE 
  EXT PARAMETER                                   STEP         FIRST   
  NO.   NAME      VALUE            ERROR          SIZE      DERIVATIVE 
   1  p0           1.41810e+02   5.40990e+00   3.22129e-02   7.14908e-06
   2  p1           1.59220e+03   3.43034e-02   7.59222e-04  -3.73848e-04
   3  p2           1.03602e+00   2.90784e-02   1.69213e-05   1.18585e-02
   4  p3           1.39790e+01   2.47726e+00   1.45531e-02   1.27137e-05
   5  p4           1.62058e+03   1.75632e-01   1.20483e-03  -2.16948e-04
   6  p5           9.10192e-01   1.67079e-01   9.58873e-05   2.09231e-03
   7  p6           8.26190e+00   2.14420e-01   1.54342e-03  -3.09191e-04
                               ERR DEF= 0.5
AreaDEP_tot = 1883
Area_DEP_tot_psa = 1515
AreaDEP = 1350
Area_DEP_psa = 1270
Area_FEP_tot = 1213
Area_FEP_tot_psa = 407
Area_FEP = 657
Area_FEP_psa = 94
Calculation of AoE vs E correction
 FCN=110.957 FROM MIGRAD    STATUS=CONVERGED    1029 CALLS        1030 TOTAL
                     EDM=5.12436e-09    STRATEGY= 1      ERROR MATRIX ACCURATE 
  EXT PARAMETER                                   STEP         FIRST   
  NO.   NAME      VALUE            ERROR          SIZE      DERIVATIVE 
   1  p0           9.28114e+01   3.72894e+00   6.35163e-04  -1.71186e-06
   2  p1           1.00181e+00   4.09987e-04   1.37796e-04   5.45351e-04
   3  p2           1.16294e-02   3.64730e-04   1.59615e-04  -1.73521e-03
   4  p3           1.81510e+01   1.08071e+00   3.56231e-03  -2.03580e-05
   5  p4           4.08866e+00   3.89470e-01   1.24685e-03   8.20525e-05
   6  p5           1.00330e+00   6.85493e-03   2.03654e-05  -9.41185e-03
   7  p6          -5.67575e-11   1.03072e-01   4.73440e-03** at limit **
   8  p7           1.51050e-02   1.97530e-03   2.58218e-04  -3.18339e-04
                               ERR DEF= 0.5
 FCN=122.45 FROM MIGRAD    STATUS=CONVERGED    1403 CALLS        1404 TOTAL
                     EDM=7.60921e-07    STRATEGY= 1      ERROR MATRIX ACCURATE 
  EXT PARAMETER                                   STEP         FIRST   
  NO.   NAME      VALUE            ERROR          SIZE      DERIVATIVE 
   1  p0           8.82943e+01   3.38165e+00   6.58152e-04  -1.84892e-03
   2  p1           1.00026e+00   4.17633e-04   1.42767e-04   1.32692e-02
   3  p2           1.13968e-02   3.62485e-04   1.68663e-04  -5.04148e-03
   4  p3           1.49900e+01   5.37224e+00   3.54439e-03  -1.20033e-04
   5  p4           3.63862e+00   2.88726e+00   1.26934e-03   6.78611e-04
   6  p5           9.97549e-01   7.51410e-03   2.52932e-05  -8.86495e-02
   7  p6          -7.89298e-02   8.28167e-01   4.18080e-04  -2.40254e-03
   8  p7           1.73170e-02   2.10306e-03   3.08804e-04  -4.15826e-03
                               ERR DEF= 0.5
 FCN=137.074 FROM MIGRAD    STATUS=CONVERGED     815 CALLS         816 TOTAL
                     EDM=8.43489e-08    STRATEGY= 1  ERROR MATRIX UNCERTAINTY   3.2 per cent
  EXT PARAMETER                                   STEP         FIRST   
  NO.   NAME      VALUE            ERROR          SIZE      DERIVATIVE 
   1  p0           8.47828e+01   3.68596e+00  -5.27028e-05   3.72224e-04
   2  p1           1.00121e+00   3.82838e-04  -3.53871e-05   5.16563e-03
   3  p2           9.38041e-03   3.33785e-04   6.56555e-05   8.02076e-03
   4  p3           1.46902e+01   9.38964e-01  -4.72349e-04  -8.57288e-05
   5  p4           5.21455e+00   4.33190e-01  -3.61624e-04   5.99000e-04
   6  p5           1.00274e+00   4.82831e-03  -5.70374e-06  -1.36482e-03
   7  p6          -1.05523e-09   5.42093e-02   1.16862e-03** at limit **
   8  p7           1.19699e-02   1.45275e-03  -2.08965e-05  -4.99648e-03
                               ERR DEF= 0.5
 FCN=141.209 FROM MIGRAD    STATUS=CONVERGED     723 CALLS         724 TOTAL
                     EDM=6.85302e-09    STRATEGY= 1  ERROR MATRIX UNCERTAINTY   0.1 per cent
  EXT PARAMETER                                   STEP         FIRST   
  NO.   NAME      VALUE            ERROR          SIZE      DERIVATIVE 
   1  p0           9.40441e+01   4.01965e+00   3.36503e-05  -6.49993e-05
   2  p1           1.00031e+00   3.50607e-04   7.02186e-06   2.37134e-04
   3  p2           8.73107e-03   2.99732e-04  -1.62168e-05  -4.11602e-04
   4  p3           1.57545e+01   1.03896e+00   2.02866e-03  -1.88066e-04
   5  p4           6.05721e+00   4.63436e-01   1.24030e-03   4.76657e-04
   6  p5           1.00100e+00   4.31616e-03  -4.41259e-06   1.64384e-02
   7  p6          -3.15472e-11   1.96622e-02  -1.41157e-03** at limit **
   8  p7           1.25914e-02   1.33923e-03   1.99498e-05  -2.03787e-05
                               ERR DEF= 0.5
 FCN=103.621 FROM MIGRAD    STATUS=CONVERGED     906 CALLS         907 TOTAL
                     EDM=2.73636e-07    STRATEGY= 1      ERROR MATRIX ACCURATE 
  EXT PARAMETER                                   STEP         FIRST   
  NO.   NAME      VALUE            ERROR          SIZE      DERIVATIVE 
   1  p0           9.88028e+01   4.19966e+00   7.17475e-04  -2.27753e-03
   2  p1           9.99860e-01   3.32988e-04   1.06192e-04  -9.94749e-03
   3  p2           8.15171e-03   2.98156e-04   1.67742e-04  -3.23663e-03
   4  p3           1.79865e+01   1.11439e+00   4.15312e-03  -6.25952e-05
   5  p4           7.84465e+00   5.10906e-01   1.80446e-03   3.76877e-04
   6  p5           9.94551e-01   4.62820e-03   1.67793e-05   2.80563e-02
   7  p6          -1.89190e-08   1.19497e-01   4.81395e-03** at limit **
   8  p7           1.36487e-02   1.34214e-03   2.30699e-04   3.26549e-03
                               ERR DEF= 0.5
 FCN=114.975 FROM MIGRAD    STATUS=CONVERGED    1097 CALLS        1098 TOTAL
                     EDM=2.24696e-07    STRATEGY= 1  ERROR MATRIX UNCERTAINTY   2.0 per cent
  EXT PARAMETER                                   STEP         FIRST   
  NO.   NAME      VALUE            ERROR          SIZE      DERIVATIVE 
   1  p0           9.96736e+01   4.35969e+00   7.87355e-05  -9.83678e-04
   2  p1           9.99582e-01   3.18502e-04   2.43571e-06  -5.31612e-03
   3  p2           7.65000e-03   2.95290e-04  -3.16454e-05   7.65712e-03
   4  p3           1.79435e+01   1.10759e+00   2.22050e-03  -5.20091e-04
   5  p4           8.13397e+00   5.14498e-01   1.02569e-03   1.79939e-03
   6  p5           9.95463e-01   4.37967e-03   1.84591e-06   8.34531e-02
   7  p6          -5.51381e-12   1.09945e-02   8.79535e-04** at limit **
   8  p7           1.37799e-02   1.27839e-03  -4.52856e-05  -4.66896e-03
                               ERR DEF= 0.5
 FCN=125.609 FROM MIGRAD    STATUS=CONVERGED    1204 CALLS        1205 TOTAL
                     EDM=7.5215e-07    STRATEGY= 1      ERROR MATRIX ACCURATE 
  EXT PARAMETER                                   STEP         FIRST   
  NO.   NAME      VALUE            ERROR          SIZE      DERIVATIVE 
   1  p0           1.04632e+02   4.56981e+00   8.05528e-04   1.76554e-03
   2  p1           9.99173e-01   2.93285e-04   1.04513e-04  -1.45961e-02
   3  p2           7.08415e-03   2.56782e-04   1.96102e-04   3.33905e-03
   4  p3           1.64765e+01   1.03509e+00   4.35006e-03   2.26356e-04
   5  p4           7.83107e+00   5.19747e-01   2.07367e-03   1.03660e-03
   6  p5           9.94276e-01   4.18250e-03   1.83179e-05   1.93093e-01
   7  p6          -1.40555e-08   8.42940e-02   4.50002e-03** at limit **
   8  p7           1.22564e-02   1.23685e-03   2.72745e-04   6.45920e-03
                               ERR DEF= 0.5
 FCN=118.144 FROM MIGRAD    STATUS=CONVERGED     919 CALLS         920 TOTAL
                     EDM=8.26742e-09    STRATEGY= 1  ERROR MATRIX UNCERTAINTY   1.5 per cent
  EXT PARAMETER                                   STEP         FIRST   
  NO.   NAME      VALUE            ERROR          SIZE      DERIVATIVE 
   1  p0           1.04088e+02   4.57672e+00   1.75219e-05   2.93203e-04
   2  p1           9.97757e-01   3.21883e-04   2.66061e-06  -3.54076e-04
   3  p2           6.98702e-03   3.06348e-04  -9.46050e-06   2.32452e-03
   4  p3           2.38786e+01   1.39397e+00   1.29087e-03  -4.18466e-05
   5  p4           9.73849e+00   4.82408e-01   3.20333e-04   3.40344e-04
   6  p5           9.94356e-01   3.52831e-03  -1.29091e-06   4.00175e-02
   7  p6          -5.66436e-13   5.29068e-03  -1.54615e-04** at limit **
   8  p7           1.12124e-02   1.00622e-03  -1.15737e-06   1.13781e-03
                               ERR DEF= 0.5
 FCN=139.035 FROM MIGRAD    STATUS=CONVERGED     999 CALLS        1000 TOTAL
                     EDM=1.00184e-07    STRATEGY= 1      ERROR MATRIX ACCURATE 
  EXT PARAMETER                                   STEP         FIRST   
  NO.   NAME      VALUE            ERROR          SIZE      DERIVATIVE 
   1  p0           1.19125e+02   5.12651e+00   8.32818e-04  -3.18459e-04
   2  p1           9.97411e-01   2.81607e-04   1.03198e-04  -7.31681e-03
   3  p2           6.64924e-03   2.48102e-04   2.15481e-04  -1.75995e-03
   4  p3           2.55404e+01   1.34322e+00   6.07786e-03   2.85577e-04
   5  p4           9.33320e+00   4.67405e-01   2.02442e-03  -9.97991e-04
   6  p5           9.91886e-01   3.33233e-03   1.46844e-05  -7.78134e-02
   7  p6          -1.98568e-10   8.40577e-03   1.49985e-03** at limit **
   8  p7           1.10686e-02   9.46816e-04   2.35420e-04   8.71609e-04
                               ERR DEF= 0.5
 FCN=144.175 FROM MIGRAD    STATUS=CONVERGED     743 CALLS         744 TOTAL
                     EDM=7.0203e-07    STRATEGY= 1  ERROR MATRIX UNCERTAINTY   3.4 per cent
  EXT PARAMETER                                   STEP         FIRST   
  NO.   NAME      VALUE            ERROR          SIZE      DERIVATIVE 
   1  p0           1.24479e+02   5.25114e+00   4.41516e-04   3.73687e-03
   2  p1           9.97100e-01   2.65825e-04   4.94272e-05   3.74635e-03
   3  p2           6.63843e-03   2.35351e-04  -1.12315e-04   1.86164e-02
   4  p3           2.42115e+01   1.36513e+00   3.25928e-03   9.70204e-04
   5  p4           6.83526e+00   1.56727e+00  -6.30789e-03  -3.51859e-03
   6  p5           9.89704e-01   4.17352e-03   1.38218e-05  -1.70248e-01
   7  p6          -7.22503e-02   7.30024e-02  -1.21208e-03   1.84318e-02
   8  p7           1.43951e-02   1.19191e-03  -5.41840e-05   7.91750e-04
                               ERR DEF= 0.5
 FCN=117.581 FROM MIGRAD    STATUS=CONVERGED     681 CALLS         682 TOTAL
                     EDM=3.43789e-10    STRATEGY= 1  ERROR MATRIX UNCERTAINTY   0.0 per cent
  EXT PARAMETER                                   STEP         FIRST   
  NO.   NAME      VALUE            ERROR          SIZE      DERIVATIVE 
   1  p0           1.08721e+02   4.98627e+00   3.67241e-05  -3.74148e-06
   2  p1           9.96908e-01   2.94322e-04   6.88213e-06  -7.65758e-06
   3  p2           6.44738e-03   2.59977e-04  -2.87384e-06   3.69270e-05
   4  p3           2.24770e+01   1.21787e+00  -3.09512e-03   1.69713e-06
   5  p4           8.12403e+00   4.50325e-01  -1.72561e-03  -5.06267e-06
   6  p5           9.92936e-01   3.32783e-03   4.87013e-06   3.14119e-04
   7  p6          -6.90581e-12   1.00040e-02   1.49094e-03** at limit **
   8  p7           1.12006e-02   1.01193e-03  -2.03292e-05   1.90161e-05
                               ERR DEF= 0.5
 FCN=131.452 FROM MIGRAD    STATUS=CONVERGED     735 CALLS         736 TOTAL
                     EDM=5.94119e-09    STRATEGY= 1  ERROR MATRIX UNCERTAINTY   2.3 per cent
  EXT PARAMETER                                   STEP         FIRST   
  NO.   NAME      VALUE            ERROR          SIZE      DERIVATIVE 
   1  p0           1.09530e+02   4.75846e+00   5.04394e-05  -2.04597e-04
   2  p1           9.96596e-01   3.16748e-04   9.46003e-06   2.30433e-05
   3  p2           6.88109e-03   2.69850e-04  -9.38241e-07  -2.15586e-03
   4  p3           2.24023e+01   1.28226e+00  -1.39434e-03  -9.49154e-05
   5  p4           8.79902e+00   4.78710e-01  -5.66644e-04   2.32712e-04
   6  p5           9.91865e-01   3.07014e-03   1.49221e-06  -1.80385e-02
   7  p6          -9.13281e-12   1.53167e-02   2.97152e-04** at limit **
   8  p7           1.05479e-02   9.32422e-04  -6.34440e-06  -1.09825e-03
                               ERR DEF= 0.5
 FCN=137.954 FROM MIGRAD    STATUS=CONVERGED     976 CALLS         977 TOTAL
                     EDM=2.12175e-07    STRATEGY= 1  ERROR MATRIX UNCERTAINTY   3.9 per cent
  EXT PARAMETER                                   STEP         FIRST   
  NO.   NAME      VALUE            ERROR          SIZE      DERIVATIVE 
   1  p0           1.28937e+02   5.25691e+00  -1.21891e-04  -4.43088e-03
   2  p1           9.94943e-01   2.78072e-04  -5.00802e-06   9.41022e-03
   3  p2           6.71021e-03   2.48782e-04   5.13273e-05  -6.65113e-03
   4  p3           2.46321e+01   1.33677e+00  -3.44730e-03   2.58149e-04
   5  p4           8.45775e+00   4.40753e-01  -4.93710e-04  -1.58663e-03
   6  p5           9.92463e-01   2.93455e-03  -2.55391e-06  -8.61683e-02
   7  p6          -5.07470e-11   6.19594e-03   3.02889e-04** at limit **
   8  p7           1.22635e-02   9.47170e-04   3.59228e-05  -2.19257e-03
                               ERR DEF= 0.5
 FCN=166.677 FROM MIGRAD    STATUS=CONVERGED     979 CALLS         980 TOTAL
                     EDM=6.21629e-07    STRATEGY= 1  ERROR MATRIX UNCERTAINTY   0.8 per cent
  EXT PARAMETER                                   STEP         FIRST   
  NO.   NAME      VALUE            ERROR          SIZE      DERIVATIVE 
   1  p0           1.71307e+02   6.32852e+00   3.82712e-04  -5.27650e-03
   2  p1           9.95263e-01   2.37572e-04  -1.01592e-05  -1.25670e-02
   3  p2           6.17561e-03   1.84986e-04   8.51008e-06  -4.43374e-02
   4  p3           3.23088e+01   1.54305e+00   8.60331e-04  -5.94024e-04
   5  p4           9.46128e+00   4.09790e-01   9.70740e-04   1.47887e-03
   6  p5           9.92019e-01   2.25453e-03  -1.53110e-05  -4.79527e-02
   7  p6          -2.09213e-11   3.06624e-03  -4.95581e-04** at limit **
   8  p7           1.08101e-02   7.36321e-04   1.57853e-04   1.41286e-03
                               ERR DEF= 0.5
 FCN=168.078 FROM MIGRAD    STATUS=CONVERGED     972 CALLS         973 TOTAL
                     EDM=9.28164e-09    STRATEGY= 1  ERROR MATRIX UNCERTAINTY   1.9 per cent
  EXT PARAMETER                                   STEP         FIRST   
  NO.   NAME      VALUE            ERROR          SIZE      DERIVATIVE 
   1  p0           2.07770e+02   6.83056e+00  -3.52026e-05   2.41484e-04
   2  p1           9.94868e-01   2.08086e-04  -6.43972e-06  -9.11026e-03
   3  p2           6.44116e-03   1.86229e-04  -2.76707e-06  -8.30707e-04
   4  p3           3.53098e+01   1.65075e+00  -1.51366e-03   6.65912e-05
   5  p4           9.37437e+00   3.97941e-01  -2.66587e-04  -8.06321e-05
   6  p5           9.93201e-01   2.17623e-03  -2.33856e-06  -3.39571e-02
   7  p6          -5.10703e-15   2.07849e-03  -3.75136e-05** at limit **
   8  p7           1.11183e-02   7.15915e-04   1.95780e-05  -2.54712e-03
                               ERR DEF= 0.5
 FCN=206.326 FROM MIGRAD    STATUS=CONVERGED     940 CALLS         941 TOTAL
                     EDM=1.25972e-08    STRATEGY= 1  ERROR MATRIX UNCERTAINTY   1.3 per cent
  EXT PARAMETER                                   STEP         FIRST   
  NO.   NAME      VALUE            ERROR          SIZE      DERIVATIVE 
   1  p0           2.16357e+02   7.02831e+00  -1.57065e-05   5.88145e-04
   2  p1           9.94670e-01   2.10943e-04   1.76589e-06  -6.84848e-03
   3  p2           6.34612e-03   1.79987e-04   1.14649e-05  -2.68158e-03
   4  p3           3.89252e+01   1.69060e+00  -3.08662e-04  -5.50877e-05
   5  p4           9.27046e+00   3.69613e-01  -2.26141e-04   1.59540e-04
   6  p5           9.92477e-01   1.85004e-03   2.41836e-06   3.04859e-02
   7  p6          -1.11022e-15   1.70798e-03   2.96496e-06** at limit **
   8  p7           1.07608e-02   6.15847e-04  -2.97565e-07  -2.28771e-03
                               ERR DEF= 0.5

****************************************
Minimizer is Linear
Chi2                      =      22.6912
NDf                       =           14
p0                        =      1.00663   +/-   0.000320839 
p1                        = -5.08571e-06   +/-   1.67662e-07 
Calculation of survival fraction for 2104
 FCN=160.948 FROM MIGRAD    STATUS=CONVERGED      88 CALLS          89 TOTAL
                     EDM=1.95654e-09    STRATEGY= 1  ERROR MATRIX UNCERTAINTY   4.5 per cent
  EXT PARAMETER                                   STEP         FIRST   
  NO.   NAME      VALUE            ERROR          SIZE      DERIVATIVE 
   1  p0           1.27945e+02   4.52565e+00  -3.33057e-03  -2.12164e-06
   2  p1           2.10348e+03   4.87870e-02  -4.14622e-05   4.04706e-04
   3  p2           1.50602e+00   4.30038e-02   5.88983e-07   1.28853e-02
   4  p3           1.87037e+01   2.65907e-01  -1.52746e-04  -2.25117e-05
                               ERR DEF= 0.5
Area_tot = 2516
Area_tot_psa = 598
Area = 1586
Area_psa = 159
 FCN=172.024 FROM MIGRAD    STATUS=CONVERGED     115 CALLS         116 TOTAL
                     EDM=1.22414e-08    STRATEGY= 1      ERROR MATRIX ACCURATE 
  EXT PARAMETER                                   STEP         FIRST   
  NO.   NAME      VALUE            ERROR          SIZE      DERIVATIVE 
   1  p0           1.30471e+01   1.80959e+00   1.32719e-02  -3.63693e-05
   2  p1           2.10350e+03   2.18818e-01   1.96318e-03   6.52376e-05
   3  p2           1.53018e+00   2.01522e-01   1.18166e-04   2.28472e-03
   4  p3           8.65647e+00   1.82708e-01   1.60623e-03   3.27137e-04
                               ERR DEF= 0.5
Calculation of survival fraction for 2614.5
 FCN=237.92 FROM MIGRAD    STATUS=CONVERGED     205 CALLS         206 TOTAL
                     EDM=1.77395e-07    STRATEGY= 1      ERROR MATRIX ACCURATE 
  EXT PARAMETER                                   STEP         FIRST   
  NO.   NAME      VALUE            ERROR          SIZE      DERIVATIVE 
   1  p0           1.24091e+03   1.39981e+01   1.20967e-01   7.97120e-06
   2  p1           2.61464e+03   1.06725e-02   1.24676e-03   1.58751e-02
   3  p2           1.15816e+00   7.78550e-03   6.27561e-06   2.53720e-01
   4  p3           9.72692e-01   7.83435e-02   8.33415e-04   4.66793e-03
                               ERR DEF= 0.5
Area_tot = 12068
Area_tot_psa = 1916
Area = 12009
Area_psa = 1907
 FCN=114.32 FROM MIGRAD    STATUS=CONVERGED     161 CALLS         162 TOTAL
                     EDM=1.29812e-07    STRATEGY= 1      ERROR MATRIX ACCURATE 
  EXT PARAMETER                                   STEP         FIRST   
  NO.   NAME      VALUE            ERROR          SIZE      DERIVATIVE 
   1  p0           1.94353e+02   5.49844e+00   3.30920e-02  -4.92420e-05
   2  p1           2.61463e+03   2.71482e-02   1.24675e-03   6.59043e-03
   3  p2           1.17007e+00   1.95568e-02   1.09410e-05   2.02940e-02
   4  p3           1.48711e-02   8.56416e-03   6.34637e-05  -1.26095e-02
                               ERR DEF= 0.5
Calculation of survival fraction background at 2039
Area = 4245
Area_psa = 2044
