
[1mRooFit v3.60 -- Developed by Wouter Verkerke and David Kirkby[0m 
                Copyright (C) 2000-2013 NIKHEF, University of California & Stanford University
                All rights reserved, please read http://roofit.sourceforge.net/license.txt

Using file /nfs/gerda6/users/burlac/psd/analysis/run0098-cal_dplms_10.tier.root
Analizing channel 6
Standard analysis 
Total events = 17201607
event n.1000000
event n.2000000
event n.3000000
event n.4000000
event n.5000000
event n.6000000
event n.7000000
event n.8000000
event n.9000000
event n.10000000
event n.11000000
event n.12000000
event n.13000000
event n.14000000
event n.15000000
event n.16000000
event n.17000000
Selected events: 90003
The time to read waveforms: 29.67 s
Initialization of DEP&FEP background  = 11
 FCN=119.359 FROM MIGRAD    STATUS=CONVERGED     163 CALLS         164 TOTAL
                     EDM=1.70514e-07    STRATEGY= 1  ERROR MATRIX UNCERTAINTY   4.8 per cent
  EXT PARAMETER                                   STEP         FIRST   
  NO.   NAME      VALUE            ERROR          SIZE      DERIVATIVE 
   1  p0           1.11545e+02   4.30712e+00   1.10024e-03   8.17020e-05
   2  p1           1.59271e+03   4.23420e-02  -5.66046e-05  -3.72283e-03
   3  p2           1.12449e+00   3.56853e-02  -1.58590e-06  -2.76648e-02
   4  p3           4.34387e+01   3.13253e+00   3.10438e-03  -2.43948e-05
   5  p4           1.62096e+03   7.82127e-02   1.90133e-05   1.95621e-03
   6  p5           1.07231e+00   6.24376e-02  -5.43785e-06   5.88750e-02
   7  p6           1.12798e+01   2.48724e-01   1.63153e-04   2.96925e-04
                               ERR DEF= 0.5
mean_aoe = 0.0565
AoE: max = 1.52745 max = 0.0474079
 FCN=1.67171 FROM MIGRAD    STATUS=CONVERGED     391 CALLS         392 TOTAL
                     EDM=7.56171e-07    STRATEGY= 1  ERROR MATRIX UNCERTAINTY   9.1 per cent
  EXT PARAMETER                                   STEP         FIRST   
  NO.   NAME      VALUE            ERROR          SIZE      DERIVATIVE 
   1  p0           6.24449e-01   2.98090e-01  -1.26399e-03   1.17021e-03
   2  p1           9.99314e-01   7.64327e-03  -1.42703e-06   1.60140e-02
   3  p2           1.92155e-02   7.03213e-03  -6.86940e-05  -6.39008e-03
   4  p3           8.08478e-03   8.45395e-03   1.16319e-05   9.69144e-01
   5  p4           6.27144e-03   6.55370e-03   9.01728e-06  -1.12956e+00
                               ERR DEF= 0.5
Analysis with a fixed bin for LowCut
Total integral = 1039
AoE_lowCut = 1930 -> 0.96475
CutIntegral = 937
SF_dep = 0.901829
sigma_aoe = 0.0192155
 FCN=124.393 FROM MIGRAD    STATUS=CONVERGED     136 CALLS         137 TOTAL
                     EDM=2.68649e-07    STRATEGY= 1  ERROR MATRIX UNCERTAINTY  11.1 per cent
  EXT PARAMETER                                   STEP         FIRST   
  NO.   NAME      VALUE            ERROR          SIZE      DERIVATIVE 
   1  p0           9.65472e+01   4.29600e+00   7.01224e-03   8.84418e-05
   2  p1           1.59274e+03   4.34702e-02  -6.67722e-06   8.26960e-04
   3  p2           1.11663e+00   3.48103e-02  -2.91720e-06   2.44479e-01
   4  p3           8.61366e+00   1.89746e+00   1.70886e-03   9.13068e-05
   5  p4           1.62097e+03   2.10998e-01  -1.59537e-04  -6.48779e-04
   6  p5           9.49200e-01   1.96914e-01  -1.23240e-05   1.76959e-02
   7  p6           5.11042e+00   1.74857e-01   7.47210e-05   7.40272e-04
                               ERR DEF= 0.5
AreaDEP_tot = 1474
Area_DEP_tot_psa = 1114
AreaDEP = 1025
Area_DEP_psa = 921
Area_FEP_tot = 791
Area_FEP_tot_psa = 262
Area_FEP = 350
Area_FEP_psa = 33
Calculation of AoE vs E correction
 FCN=92.5265 FROM MIGRAD    STATUS=CONVERGED    2057 CALLS        2058 TOTAL
                     EDM=1.22878e-07    STRATEGY= 1      ERROR MATRIX ACCURATE 
  EXT PARAMETER                                   STEP         FIRST   
  NO.   NAME      VALUE            ERROR          SIZE      DERIVATIVE 
   1  p0           3.25658e+01   2.03250e+00   1.08277e-03  -4.29268e-04
   2  p1           1.00794e+00   9.68527e-04   3.18726e-04  -3.11645e-03
   3  p2           1.83158e-02   1.10973e-03   3.24817e-04  -2.52036e-03
   4  p3           9.51024e+00   9.04905e-01   2.08941e-03  -7.71527e-05
   5  p4           2.12240e+00   5.24669e-01   1.17745e-03  -3.82194e-04
   6  p5           1.02630e+00   1.62514e-02   3.11471e-05  -3.74182e-02
   7  p6          -1.78554e-07   9.86662e-01   1.84220e-02** at limit **
   8  p7           2.53272e-02   7.28361e-03   4.57469e-04  -2.55531e-03
                               ERR DEF= 0.5
 FCN=108.07 FROM MIGRAD    STATUS=CONVERGED    1194 CALLS        1195 TOTAL
                     EDM=1.01437e-06    STRATEGY= 1      ERROR MATRIX ACCURATE 
  EXT PARAMETER                                   STEP         FIRST   
  NO.   NAME      VALUE            ERROR          SIZE      DERIVATIVE 
   1  p0           3.12495e+01   1.90958e+00   1.07238e-03   3.77393e-03
   2  p1           1.00661e+00   9.62945e-04   3.33786e-04  -1.66811e-03
   3  p2           1.70307e-02   1.07225e-03   3.52063e-04   7.91901e-03
   4  p3           9.26586e+00   9.60215e-01   2.41677e-03  -5.61517e-04
   5  p4           3.19883e+00   5.59706e-01   1.45279e-03   1.54656e-03
   6  p5           1.02840e+00   1.17711e-02   3.02277e-05  -9.61029e-03
   7  p6          -7.50733e-08   2.11989e-01   6.72244e-03** at limit **
   8  p7           2.29257e-02   5.25341e-03   4.48902e-04  -7.74736e-03
                               ERR DEF= 0.5
 FCN=95.1251 FROM MIGRAD    STATUS=CONVERGED    1657 CALLS        1658 TOTAL
                     EDM=2.35687e-07    STRATEGY= 1      ERROR MATRIX ACCURATE 
  EXT PARAMETER                                   STEP         FIRST   
  NO.   NAME      VALUE            ERROR          SIZE      DERIVATIVE 
   1  p0           3.30000e+01   3.64103e+00   4.57682e-03** at limit **
   2  p1           1.00441e+00   8.79613e-04   2.74636e-04  -2.46224e-03
   3  p2           1.49572e-02   8.94968e-04   2.99807e-04   2.34162e-03
   4  p3           9.30633e+00   2.92765e+00   2.36213e-03  -6.70081e-04
   5  p4           3.36276e+00   2.61402e+00   1.32816e-03   1.62095e-03
   6  p5           1.02797e+00   1.15245e-02   2.54586e-05   1.53721e-02
   7  p6          -3.56124e-02   9.23894e-01   6.90515e-04  -2.93517e-03
   8  p7           2.03715e-02   4.78601e-03   3.93382e-04  -2.60625e-03
                               ERR DEF= 0.5
 FCN=94.3328 FROM MIGRAD    STATUS=CONVERGED    1157 CALLS        1158 TOTAL
                     EDM=5.47761e-07    STRATEGY= 1      ERROR MATRIX ACCURATE 
  EXT PARAMETER                                   STEP         FIRST   
  NO.   NAME      VALUE            ERROR          SIZE      DERIVATIVE 
   1  p0           2.48914e+01   1.87670e+00   1.30835e-03  -4.40792e-04
   2  p1           1.00191e+00   1.14658e-03   3.42505e-04   1.74771e-04
   3  p2           1.69301e-02   1.31287e-03   3.84500e-04  -4.00454e-03
   4  p3           1.05812e+01   1.05855e+00   2.61668e-03  -3.15717e-04
   5  p4           4.55491e+00   6.15465e-01   1.54365e-03   1.34833e-03
   6  p5           1.01260e+00   1.33439e-02   2.68021e-05   6.64030e-02
   7  p6          -5.45627e-08   6.37523e-01   7.37133e-03** at limit **
   8  p7           2.39829e-02   4.98537e-03   3.43286e-04   4.84724e-03
                               ERR DEF= 0.5
 FCN=114.728 FROM MIGRAD    STATUS=CONVERGED     913 CALLS         914 TOTAL
                     EDM=5.09877e-09    STRATEGY= 1  ERROR MATRIX UNCERTAINTY   2.7 per cent
  EXT PARAMETER                                   STEP         FIRST   
  NO.   NAME      VALUE            ERROR          SIZE      DERIVATIVE 
   1  p0           2.80746e+01   2.02181e+00  -4.00236e-05  -1.80130e-04
   2  p1           9.99729e-01   9.31116e-04  -2.31633e-05  -1.42600e-03
   3  p2           1.37602e-02   1.03641e-03   2.44607e-05  -2.66842e-04
   4  p3           1.25129e+01   1.06232e+00  -8.08011e-04   1.38612e-05
   5  p4           6.10266e+00   5.96053e-01  -5.98072e-04   2.50961e-05
   6  p5           1.01372e+00   9.34833e-03   2.15474e-07  -3.65061e-03
   7  p6          -2.97970e-10   8.34519e-02   1.34465e-04** at limit **
   8  p7           2.16174e-02   3.58283e-03   3.42978e-05   1.24633e-04
                               ERR DEF= 0.5
 FCN=111.685 FROM MIGRAD    STATUS=CONVERGED     961 CALLS         962 TOTAL
                     EDM=3.2479e-08    STRATEGY= 1  ERROR MATRIX UNCERTAINTY   1.9 per cent
  EXT PARAMETER                                   STEP         FIRST   
  NO.   NAME      VALUE            ERROR          SIZE      DERIVATIVE 
   1  p0           2.69235e+01   1.70507e+00   7.68217e-05   2.49223e-04
   2  p1           9.97209e-01   1.05652e-03   2.17637e-06  -2.81393e-05
   3  p2           1.77178e-02   1.06562e-03  -1.05109e-05   2.11057e-03
   4  p3           1.04946e+01   8.36339e-01   1.14030e-05  -2.82909e-04
   5  p4           6.15222e+00   8.73926e-01   2.65453e-04   6.92713e-04
   6  p5           9.82387e-01   1.70985e-02  -8.67581e-06   4.13216e-02
   7  p6          -2.63594e-10   1.29913e-01   1.63017e-03** at limit **
   8  p7           2.70847e-02   4.18985e-03   1.96376e-05   1.76992e-03
                               ERR DEF= 0.5
 FCN=119.562 FROM MIGRAD    STATUS=CONVERGED     942 CALLS         943 TOTAL
                     EDM=4.05068e-07    STRATEGY= 1      ERROR MATRIX ACCURATE 
  EXT PARAMETER                                   STEP         FIRST   
  NO.   NAME      VALUE            ERROR          SIZE      DERIVATIVE 
   1  p0           2.22000e+01   1.08661e+00   3.38091e-03** at limit **
   2  p1           9.97181e-01   1.40906e-03   4.25733e-04   4.13680e-03
   3  p2           1.65668e-02   1.66519e-03   4.81182e-04  -2.15332e-03
   4  p3           1.15699e+01   1.24008e+00   3.41336e-03  -2.00409e-04
   5  p4           6.49651e+00   7.11908e-01   2.09707e-03   1.15606e-05
   6  p5           9.99396e-01   1.09728e-02   2.82248e-05  -1.37024e-02
   7  p6          -1.10827e-08   4.66792e-02   3.24698e-03** at limit **
   8  p7           2.38406e-02   3.51399e-03   3.20357e-04  -1.61309e-03
                               ERR DEF= 0.5
 FCN=113.192 FROM MIGRAD    STATUS=CONVERGED     890 CALLS         891 TOTAL
                     EDM=1.9581e-08    STRATEGY= 1  ERROR MATRIX UNCERTAINTY   1.6 per cent
  EXT PARAMETER                                   STEP         FIRST   
  NO.   NAME      VALUE            ERROR          SIZE      DERIVATIVE 
   1  p0           2.08140e+01   2.11117e+00   1.56480e-03  -9.87075e-05
   2  p1           9.97030e-01   1.24120e-03  -7.51238e-06  -2.88553e-04
   3  p2           1.18732e-02   1.35116e-03   1.37290e-04  -6.68020e-04
   4  p3           2.00833e+01   1.45162e+00   2.54687e-03   5.99896e-06
   5  p4           8.60627e+00   5.60751e-01   3.25187e-04  -7.95220e-05
   6  p5           9.99727e-01   5.71722e-03   5.78010e-06  -5.78447e-02
   7  p6          -2.18714e-13   5.96699e-03  -1.81833e-04** at limit **
   8  p7           1.88951e-02   1.81613e-03  -9.55688e-05  -4.27023e-03
                               ERR DEF= 0.5
 FCN=114.445 FROM MIGRAD    STATUS=CONVERGED     727 CALLS         728 TOTAL
                     EDM=1.68172e-07    STRATEGY= 1  ERROR MATRIX UNCERTAINTY   1.7 per cent
  EXT PARAMETER                                   STEP         FIRST   
  NO.   NAME      VALUE            ERROR          SIZE      DERIVATIVE 
   1  p0           2.40594e+01   1.92300e+00  -8.20523e-06   4.09267e-04
   2  p1           9.92723e-01   1.24160e-03   1.06775e-04   9.35006e-04
   3  p2           1.51576e-02   1.25966e-03   2.24382e-05  -2.40708e-03
   4  p3           1.78111e+01   1.14459e+00  -4.21024e-04  -5.57703e-05
   5  p4           8.50414e+00   8.45252e-01  -4.02481e-04   1.73308e-04
   6  p5           9.69470e-01   1.20128e-02  -9.44215e-06   3.57558e-03
   7  p6          -3.79076e-09   2.40408e-02   3.23811e-04** at limit **
   8  p7           2.63309e-02   2.47438e-03   6.27031e-05   7.31201e-03
                               ERR DEF= 0.5
 FCN=102.347 FROM MIGRAD    STATUS=CONVERGED     818 CALLS         819 TOTAL
                     EDM=1.45198e-07    STRATEGY= 1  ERROR MATRIX UNCERTAINTY   3.2 per cent
  EXT PARAMETER                                   STEP         FIRST   
  NO.   NAME      VALUE            ERROR          SIZE      DERIVATIVE 
   1  p0           2.04000e+01   2.47512e+00   5.39938e-04** at limit **
   2  p1           9.92883e-01   1.39778e-03  -5.57468e-05  -7.01288e-04
   3  p2           1.51250e-02   1.41834e-03   1.57795e-05  -3.27322e-05
   4  p3           1.82316e+01   1.29036e+00  -6.31683e-03  -2.81266e-04
   5  p4           6.90838e+00   2.40672e+00   1.29603e-02   5.09765e-05
   6  p5           9.80623e-01   1.15097e-02  -2.41595e-05   2.52787e-02
   7  p6          -2.49351e-02   1.04568e-01   4.32784e-03  -8.01536e-04
   8  p7           2.25401e-02   2.36407e-03  -3.71665e-05   1.76406e-04
                               ERR DEF= 0.5
 FCN=104.414 FROM MIGRAD    STATUS=CONVERGED     974 CALLS         975 TOTAL
                     EDM=4.57953e-07    STRATEGY= 1      ERROR MATRIX ACCURATE 
  EXT PARAMETER                                   STEP         FIRST   
  NO.   NAME      VALUE            ERROR          SIZE      DERIVATIVE 
   1  p0           2.13666e+01   2.89110e+00   3.42382e-03  -7.56821e-04
   2  p1           9.90759e-01   1.60632e-03   4.48635e-04   7.08058e-03
   3  p2           1.51871e-02   1.81152e-03   4.60812e-04   2.54771e-03
   4  p3           1.98320e+01   3.29102e+00   4.62500e-03  -1.04424e-04
   5  p4           4.40704e+00   2.17692e+00   8.24650e-04  -4.40597e-04
   6  p5           9.89395e-01   1.29591e-02   1.98449e-05   7.08173e-02
   7  p6          -2.07858e-01   1.84028e-01   1.58281e-04   1.95982e-03
   8  p7           2.19516e-02   3.57130e-03   2.48680e-04   3.01312e-03
                               ERR DEF= 0.5
 FCN=103.259 FROM MIGRAD    STATUS=CONVERGED     928 CALLS         929 TOTAL
                     EDM=1.16192e-07    STRATEGY= 1  ERROR MATRIX UNCERTAINTY   3.2 per cent
  EXT PARAMETER                                   STEP         FIRST   
  NO.   NAME      VALUE            ERROR          SIZE      DERIVATIVE 
   1  p0           2.16000e+01   7.37105e-01   1.33726e-04** at limit **
   2  p1           9.93461e-01   1.22556e-03   3.46178e-05   1.45734e-03
   3  p2           1.11117e-02   1.41195e-03   2.27897e-04   1.16116e-03
   4  p3           1.84009e+01   1.26712e+00  -1.85680e-03  -3.72848e-05
   5  p4           7.05682e+00   5.22087e-01  -4.98230e-04   4.36937e-04
   6  p5           9.99079e-01   5.87306e-03  -9.48892e-06  -3.64815e-02
   7  p6          -1.18507e-09   2.16473e-02   4.51855e-04** at limit **
   8  p7           1.98502e-02   1.96979e-03   4.60675e-05  -5.66757e-03
                               ERR DEF= 0.5
 FCN=89.7599 FROM MIGRAD    STATUS=CONVERGED     877 CALLS         878 TOTAL
                     EDM=2.42033e-09    STRATEGY= 1  ERROR MATRIX UNCERTAINTY   1.2 per cent
  EXT PARAMETER                                   STEP         FIRST   
  NO.   NAME      VALUE            ERROR          SIZE      DERIVATIVE 
   1  p0           2.40000e+01   6.46859e-01  -2.41942e-05** at limit **
   2  p1           9.88689e-01   1.33940e-03   2.17198e-05   3.16993e-04
   3  p2           1.45630e-02   1.65304e-03  -6.14121e-05  -6.53201e-04
   4  p3           2.02790e+01   1.38949e+00   5.56873e-04  -7.02261e-05
   5  p4           7.68720e+00   5.78741e-01  -2.58795e-04   7.28115e-05
   6  p5           9.83929e-01   8.25559e-03   7.04489e-06  -5.70110e-03
   7  p6          -1.80622e-12   1.65541e-02   1.27234e-04** at limit **
   8  p7           2.34741e-02   2.24844e-03  -2.09720e-05   3.09689e-05
                               ERR DEF= 0.5
 FCN=107.202 FROM MIGRAD    STATUS=CONVERGED    1153 CALLS        1154 TOTAL
                     EDM=5.45515e-07    STRATEGY= 1      ERROR MATRIX ACCURATE 
  EXT PARAMETER                                   STEP         FIRST   
  NO.   NAME      VALUE            ERROR          SIZE      DERIVATIVE 
   1  p0           2.16000e+01   1.10616e+00   3.27501e-03** at limit **
   2  p1           9.87605e-01   2.15539e-03   5.94467e-04  -2.91436e-03
   3  p2           1.45364e-02   2.59131e-03   5.70862e-04   1.00257e-03
   4  p3           2.62341e+01   2.24788e+00   5.12893e-03  -4.74095e-04
   5  p4           8.28071e+00   5.59910e-01   1.59938e-03   2.60721e-03
   6  p5           9.88222e-01   5.59775e-03   1.51020e-05   2.34792e-01
   7  p6          -5.61535e-10   6.38674e-03   1.14680e-03** at limit **
   8  p7           2.07693e-02   1.77498e-03   1.69475e-04   1.62701e-02
                               ERR DEF= 0.5
 FCN=93.0691 FROM MIGRAD    STATUS=CONVERGED    1034 CALLS        1035 TOTAL
                     EDM=5.29956e-07    STRATEGY= 1  ERROR MATRIX UNCERTAINTY   4.1 per cent
  EXT PARAMETER                                   STEP         FIRST   
  NO.   NAME      VALUE            ERROR          SIZE      DERIVATIVE 
   1  p0           2.52000e+01   1.77611e+00   1.60158e-03** at limit **
   2  p1           9.84121e-01   1.69411e-03  -2.88521e-04  -1.06386e-03
   3  p2           1.82669e-02   1.58726e-03  -1.12345e-04   1.19775e-03
   4  p3           2.34661e+01   1.60370e+00   2.89573e-03   3.62701e-04
   5  p4           7.41158e+00   5.46146e-01  -8.90697e-04  -1.24146e-03
   6  p5           9.77775e-01   6.76227e-03   1.46321e-05  -6.30469e-02
   7  p6          -1.12917e-08   2.16975e-02   1.60919e-04** at limit **
   8  p7           2.28646e-02   1.88348e-03  -1.62603e-04  -7.10266e-03
                               ERR DEF= 0.5
 FCN=116.436 FROM MIGRAD    STATUS=CONVERGED    1184 CALLS        1185 TOTAL
                     EDM=3.02076e-07    STRATEGY= 1  ERROR MATRIX UNCERTAINTY   0.8 per cent
  EXT PARAMETER                                   STEP         FIRST   
  NO.   NAME      VALUE            ERROR          SIZE      DERIVATIVE 
   1  p0           2.76000e+01   1.75856e+00   5.96570e-04** at limit **
   2  p1           9.84015e-01   1.77895e-03  -3.70763e-05   1.10905e-03
   3  p2           1.79875e-02   1.86035e-03   2.47946e-04  -3.19291e-03
   4  p3           3.00424e+01   2.26306e+00  -7.26308e-05  -3.74387e-04
   5  p4           8.73545e+00   5.35568e-01   5.44606e-04   1.19072e-03
   6  p5           9.77395e-01   5.33459e-03  -1.23798e-05  -7.28824e-02
   7  p6          -4.53290e-11   5.70754e-03   8.80491e-04** at limit **
   8  p7           2.04544e-02   1.45504e-03   1.14117e-04   6.33283e-04
                               ERR DEF= 0.5

****************************************
Minimizer is Linear
Chi2                      =      17.0752
NDf                       =           14
p0                        =      1.02148   +/-   0.00107816  
p1                        = -1.53411e-05   +/-   6.8387e-07  
Calculation of survival fraction for 2104
 FCN=132.921 FROM MIGRAD    STATUS=CONVERGED     106 CALLS         107 TOTAL
                     EDM=3.38276e-07    STRATEGY= 1      ERROR MATRIX ACCURATE 
  EXT PARAMETER                                   STEP         FIRST   
  NO.   NAME      VALUE            ERROR          SIZE      DERIVATIVE 
   1  p0           7.60484e+01   3.65561e+00   2.28255e-02   1.78091e-04
   2  p1           2.10345e+03   6.47105e-02   1.00300e-03  -6.39500e-04
   3  p2           1.46793e+00   6.10248e-02   3.12532e-05   7.75094e-02
   4  p3           1.32973e+01   2.25777e-01   1.75880e-03  -9.23302e-04
                               ERR DEF= 0.5
Area_tot = 1573
Area_tot_psa = 386
Area = 918
Area_psa = 108
 FCN=136.862 FROM MIGRAD    STATUS=CONVERGED     137 CALLS         138 TOTAL
                     EDM=6.25463e-09    STRATEGY= 1      ERROR MATRIX ACCURATE 
  EXT PARAMETER                                   STEP         FIRST   
  NO.   NAME      VALUE            ERROR          SIZE      DERIVATIVE 
   1  p0           7.41579e+00   1.32472e+00   8.25852e-03  -2.11333e-05
   2  p1           2.10374e+03   3.82770e-01   2.71406e-03  -7.64692e-05
   3  p2           1.90842e+00   3.89715e-01   1.56999e-04   1.30153e-03
   4  p3           5.45207e+00   1.50275e-01   1.15597e-03  -3.55759e-04
                               ERR DEF= 0.5
Calculation of survival fraction for 2614.5
 FCN=195.495 FROM MIGRAD    STATUS=CONVERGED     199 CALLS         200 TOTAL
                     EDM=8.56103e-07    STRATEGY= 1  ERROR MATRIX UNCERTAINTY   4.3 per cent
  EXT PARAMETER                                   STEP         FIRST   
  NO.   NAME      VALUE            ERROR          SIZE      DERIVATIVE 
   1  p0           6.58296e+02   9.84596e+00   2.02191e-03   5.52523e-06
   2  p1           2.61464e+03   1.56431e-02  -2.07744e-04  -7.00131e-02
   3  p2           1.25439e+00   1.13082e-02  -1.07308e-05  -2.84399e-01
   4  p3           4.01559e-01   6.12040e-02  -4.59766e-04  -1.99049e-03
                               ERR DEF= 0.5
Area_tot = 6945
Area_tot_psa = 1007
Area = 6893
Area_psa = 1001
 FCN=144.388 FROM MIGRAD    STATUS=CONVERGED     174 CALLS         175 TOTAL
                     EDM=5.58685e-10    STRATEGY= 1  ERROR MATRIX UNCERTAINTY   2.0 per cent
  EXT PARAMETER                                   STEP         FIRST   
  NO.   NAME      VALUE            ERROR          SIZE      DERIVATIVE 
   1  p0           9.49017e+01   3.80823e+00  -6.21592e-03  -9.23042e-07
   2  p1           2.61485e+03   4.06484e-02  -2.37195e-05  -8.50434e-05
   3  p2           1.24742e+00   3.12670e-02   1.80530e-06   7.90559e-03
   4  p3           1.94963e-02   9.41463e-03  -2.81707e-05  -2.26313e-03
                               ERR DEF= 0.5
Calculation of survival fraction background at 2039
Area = 2952
Area_psa = 1279
Calculation of survival fraction background at 2350
Area = 6055
Area_psa = 2489
