
[1mRooFit v3.60 -- Developed by Wouter Verkerke and David Kirkby[0m 
                Copyright (C) 2000-2013 NIKHEF, University of California & Stanford University
                All rights reserved, please read http://roofit.sourceforge.net/license.txt

Using file /nfs/gerda6/users/burlac/psd/analysis/run0098-cal_dplms_100.tier.root
Analizing channel 20
DPLMS analysis with weight 100
Total events = 17201607
event n.1000000
event n.2000000
event n.3000000
event n.4000000
event n.5000000
event n.6000000
event n.7000000
event n.8000000
event n.9000000
event n.10000000
event n.11000000
event n.12000000
event n.13000000
event n.14000000
event n.15000000
event n.16000000
event n.17000000
Selected events: 200469
The time to read waveforms: 34.41 s
Initialization of DEP&FEP background  = 22.5
 FCN=124.057 FROM MIGRAD    STATUS=CONVERGED     197 CALLS         198 TOTAL
                     EDM=3.11205e-09    STRATEGY= 1  ERROR MATRIX UNCERTAINTY   2.1 per cent
  EXT PARAMETER                                   STEP         FIRST   
  NO.   NAME      VALUE            ERROR          SIZE      DERIVATIVE 
   1  p0           2.81473e+02   8.10928e+00   7.95733e-05   1.67423e-06
   2  p1           1.59258e+03   2.41384e-02  -1.00837e-05  -9.86779e-04
   3  p2           9.42852e-01   2.06818e-02  -3.16451e-06   1.42534e-02
   4  p3           1.60121e+02   6.67989e+00  -7.41495e-04   6.10471e-06
   5  p4           1.62076e+03   3.31652e-02   3.88839e-05   5.23885e-04
   6  p5           8.65797e-01   2.93011e-02  -3.00855e-06   3.16688e-03
   7  p6           2.35605e+01   3.50634e-01  -2.22098e-04  -1.35093e-04
                               ERR DEF= 0.5
mean_aoe = 0.0837
AoE: max = 1.73805 max = 0.136871
 FCN=0.508418 FROM MIGRAD    STATUS=CONVERGED     353 CALLS         354 TOTAL
                     EDM=6.41837e-08    STRATEGY= 1  ERROR MATRIX UNCERTAINTY   1.3 per cent
  EXT PARAMETER                                   STEP         FIRST   
  NO.   NAME      VALUE            ERROR          SIZE      DERIVATIVE 
   1  p0           9.65627e-01   5.56523e-01   1.64709e-03   1.42253e-04
   2  p1           9.98942e-01   3.32872e-03  -8.26054e-06  -8.58293e-02
   3  p2           6.40832e-03   2.62007e-03  -1.52674e-04   5.67639e-04
   4  p3           3.27515e-03   4.74092e-03   2.26095e-05  -1.58246e-01
   5  p4           2.27418e-03   3.28721e-03   1.56789e-05   1.72340e-01
                               ERR DEF= 0.5
Analysis with a fixed bin for LowCut
Total integral = 2281
AoE_lowCut = 1964 -> 0.98175
CutIntegral = 2062
SF_dep = 0.903989
sigma_aoe = 0.00640832
 FCN=127.572 FROM MIGRAD    STATUS=CONVERGED     172 CALLS         173 TOTAL
                     EDM=5.63889e-08    STRATEGY= 1      ERROR MATRIX ACCURATE 
  EXT PARAMETER                                   STEP         FIRST   
  NO.   NAME      VALUE            ERROR          SIZE      DERIVATIVE 
   1  p0           2.60799e+02   7.58075e+00   4.73233e-02  -1.93961e-05
   2  p1           1.59257e+03   2.36467e-02   7.59398e-04   1.02737e-03
   3  p2           9.39152e-01   1.94275e-02   1.24719e-05   4.33937e-02
   4  p3           2.33775e+01   3.17181e+00   1.95114e-02  -2.85985e-05
   5  p4           1.62077e+03   1.16300e-01   9.01329e-04   7.19806e-05
   6  p5           8.65666e-01   1.13716e-01   7.43456e-05  -1.90834e-03
   7  p6           1.27223e+01   2.60130e-01   1.96322e-03  -2.51450e-04
                               ERR DEF= 0.5
AreaDEP_tot = 2950
Area_DEP_tot_psa = 2448
AreaDEP = 2269
Area_DEP_psa = 2041
Area_FEP_tot = 1817
Area_FEP_tot_psa = 525
Area_FEP = 1107
Area_FEP_psa = 137
Calculation of AoE vs E correction
 FCN=138.696 FROM MIGRAD    STATUS=CONVERGED     932 CALLS         933 TOTAL
                     EDM=5.71127e-08    STRATEGY= 1  ERROR MATRIX UNCERTAINTY   2.4 per cent
  EXT PARAMETER                                   STEP         FIRST   
  NO.   NAME      VALUE            ERROR          SIZE      DERIVATIVE 
   1  p0           1.43967e+02   4.52965e+00   4.32998e-05   1.06853e-03
   2  p1           1.00069e+00   2.99210e-04  -6.96975e-06  -5.09192e-03
   3  p2           1.02210e-02   2.59973e-04  -5.14137e-06  -5.01672e-03
   4  p3           2.24933e+01   1.10014e+00   5.18277e-04  -3.67331e-04
   5  p4           3.89999e+00   3.10703e-01   1.16230e-04   1.01820e-03
   6  p5           1.00106e+00   3.88482e-03   2.39309e-07   6.68094e-02
   7  p6          -4.62912e-10   4.04920e-02   8.88397e-04** at limit **
   8  p7           1.31043e-02   1.13988e-03   6.05526e-07   3.33075e-03
                               ERR DEF= 0.5
 FCN=108.566 FROM MIGRAD    STATUS=CONVERGED    1006 CALLS        1007 TOTAL
                     EDM=1.54224e-07    STRATEGY= 1  ERROR MATRIX UNCERTAINTY   2.4 per cent
  EXT PARAMETER                                   STEP         FIRST   
  NO.   NAME      VALUE            ERROR          SIZE      DERIVATIVE 
   1  p0           1.43600e+02   4.83181e+00  -1.86271e-05   9.99841e-04
   2  p1           1.00094e+00   2.88078e-04   7.02544e-06  -5.26980e-03
   3  p2           8.96304e-03   2.54970e-04   3.37642e-05   2.55290e-03
   4  p3           2.13833e+01   1.10277e+00   3.76810e-04   2.38833e-04
   5  p4           4.89827e+00   3.46356e-01  -3.65089e-04  -1.00955e-03
   6  p5           9.99213e-01   4.12086e-03   2.93583e-06   1.60507e-02
   7  p6          -4.10599e-09   4.36036e-02   5.24114e-04** at limit **
   8  p7           1.17882e-02   1.15113e-03  -1.87764e-05   7.75074e-03
                               ERR DEF= 0.5
 FCN=92.1154 FROM MIGRAD    STATUS=CONVERGED     913 CALLS         914 TOTAL
                     EDM=2.44127e-07    STRATEGY= 1  ERROR MATRIX UNCERTAINTY   3.1 per cent
  EXT PARAMETER                                   STEP         FIRST   
  NO.   NAME      VALUE            ERROR          SIZE      DERIVATIVE 
   1  p0           1.53390e+02   5.12173e+00  -1.65833e-05   4.76887e-04
   2  p1           1.00014e+00   2.55551e-04  -1.97631e-06   4.53586e-03
   3  p2           8.17623e-03   2.25323e-04  -8.17854e-06   1.52359e-03
   4  p3           2.10171e+01   1.09312e+00  -9.00766e-04  -2.32917e-04
   5  p4           5.79900e+00   3.98023e-01  -3.59819e-04   2.23143e-03
   6  p5           9.95755e-01   4.63197e-03   5.17402e-06   1.20961e-01
   7  p6          -3.99706e-10   3.60515e-02   1.69249e-03** at limit **
   8  p7           1.23252e-02   1.27690e-03   2.04252e-05   8.42944e-03
                               ERR DEF= 0.5
 FCN=102.439 FROM MIGRAD    STATUS=CONVERGED     832 CALLS         833 TOTAL
                     EDM=5.33895e-08    STRATEGY= 1  ERROR MATRIX UNCERTAINTY   2.2 per cent
  EXT PARAMETER                                   STEP         FIRST   
  NO.   NAME      VALUE            ERROR          SIZE      DERIVATIVE 
   1  p0           1.59098e+02   5.44978e+00   9.63556e-05   2.28660e-04
   2  p1           9.99635e-01   2.48502e-04  -3.49047e-05  -8.95246e-03
   3  p2           7.82852e-03   2.24144e-04   4.65218e-05   1.54011e-03
   4  p3           2.27242e+01   1.24602e+00  -2.41036e-03  -3.47928e-04
   5  p4           6.85182e+00   4.12457e-01  -8.62287e-04   1.29579e-03
   6  p5           9.98856e-01   3.63739e-03  -7.12182e-07   9.23147e-02
   7  p6          -4.81524e-11   3.08633e-02   1.11761e-03** at limit **
   8  p7           1.15530e-02   1.07644e-03   8.91065e-06  -3.70571e-04
                               ERR DEF= 0.5
 FCN=111.279 FROM MIGRAD    STATUS=CONVERGED     824 CALLS         825 TOTAL
                     EDM=2.03834e-07    STRATEGY= 1  ERROR MATRIX UNCERTAINTY   3.4 per cent
  EXT PARAMETER                                   STEP         FIRST   
  NO.   NAME      VALUE            ERROR          SIZE      DERIVATIVE 
   1  p0           1.63865e+02   5.70260e+00  -2.70545e-05  -2.51751e-03
   2  p1           9.98873e-01   2.40922e-04  -8.02918e-06   2.31304e-02
   3  p2           7.33967e-03   2.14589e-04  -1.36863e-05  -3.75878e-03
   4  p3           2.33626e+01   1.25689e+00   7.62389e-03  -3.47246e-04
   5  p4           6.50821e+00   3.79645e-01   1.82969e-03   1.89332e-03
   6  p5           9.98944e-01   3.25107e-03  -1.41818e-06   1.03423e-01
   7  p6          -8.47308e-10   2.36987e-02   5.21097e-03** at limit **
   8  p7           1.00655e-02   9.66579e-04  -6.55745e-05   2.56159e-03
                               ERR DEF= 0.5
 FCN=125.145 FROM MIGRAD    STATUS=CONVERGED     821 CALLS         822 TOTAL
                     EDM=5.54853e-09    STRATEGY= 1  ERROR MATRIX UNCERTAINTY   1.9 per cent
  EXT PARAMETER                                   STEP         FIRST   
  NO.   NAME      VALUE            ERROR          SIZE      DERIVATIVE 
   1  p0           1.52233e+02   5.45215e+00   8.51376e-05  -6.64916e-04
   2  p1           9.98698e-01   2.41798e-04   3.93828e-07  -5.12122e-04
   3  p2           7.34071e-03   2.03111e-04  -3.95560e-06   2.05352e-04
   4  p3           2.25054e+01   1.18033e+00   6.01911e-04  -4.04180e-05
   5  p4           6.90382e+00   3.92621e-01   2.36218e-04   2.40948e-04
   6  p5           9.96365e-01   3.26778e-03  -1.82171e-06   1.97743e-03
   7  p6          -3.20295e-11   1.56359e-02   2.52035e-04** at limit **
   8  p7           1.12944e-02   9.89363e-04   1.02477e-05  -1.49078e-04
                               ERR DEF= 0.5
 FCN=116.716 FROM MIGRAD    STATUS=CONVERGED     753 CALLS         754 TOTAL
                     EDM=1.55219e-07    STRATEGY= 1  ERROR MATRIX UNCERTAINTY   3.2 per cent
  EXT PARAMETER                                   STEP         FIRST   
  NO.   NAME      VALUE            ERROR          SIZE      DERIVATIVE 
   1  p0           1.53179e+02   5.57575e+00   4.11214e-04   6.02743e-04
   2  p1           9.97959e-01   2.36496e-04   8.10996e-06  -5.24123e-03
   3  p2           6.94576e-03   2.08493e-04  -7.91306e-05   6.82178e-03
   4  p3           2.26197e+01   1.18406e+00  -2.19995e-04  -1.25867e-04
   5  p4           7.35892e+00   4.24220e-01  -1.09076e-03   5.40701e-05
   6  p5           9.93716e-01   3.55347e-03  -1.18494e-06   2.59737e-02
   7  p6          -2.97473e-09   1.45607e-02   4.70438e-05** at limit **
   8  p7           1.10206e-02   1.02403e-03   9.65363e-05  -9.30436e-04
                               ERR DEF= 0.5
 FCN=184.007 FROM MIGRAD    STATUS=CONVERGED     937 CALLS         938 TOTAL
                     EDM=2.02475e-08    STRATEGY= 1  ERROR MATRIX UNCERTAINTY   1.5 per cent
  EXT PARAMETER                                   STEP         FIRST   
  NO.   NAME      VALUE            ERROR          SIZE      DERIVATIVE 
   1  p0           1.70768e+02   6.01939e+00   2.35448e-05  -2.46136e-04
   2  p1           9.96997e-01   2.29046e-04  -4.41976e-06   4.40843e-03
   3  p2           6.56013e-03   2.00086e-04   5.61757e-05  -6.56607e-04
   4  p3           3.43969e+01   1.55236e+00  -3.95102e-03   7.13665e-05
   5  p4           1.00175e+01   4.28298e-01  -1.07513e-03   8.31433e-05
   6  p5           9.89748e-01   2.68525e-03  -5.92993e-07   3.02052e-02
   7  p6          -1.60594e-11   1.55107e-03  -5.14444e-05** at limit **
   8  p7           1.19821e-02   7.84110e-04   2.05604e-05   4.08898e-03
                               ERR DEF= 0.5
 FCN=141.654 FROM MIGRAD    STATUS=CONVERGED    1004 CALLS        1005 TOTAL
                     EDM=1.46105e-08    STRATEGY= 1  ERROR MATRIX UNCERTAINTY   0.7 per cent
  EXT PARAMETER                                   STEP         FIRST   
  NO.   NAME      VALUE            ERROR          SIZE      DERIVATIVE 
   1  p0           1.95671e+02   6.86533e+00  -1.26527e-04   1.76329e-04
   2  p1           9.96305e-01   2.20860e-04   5.12047e-06   8.68400e-03
   3  p2           5.96505e-03   1.82654e-04   3.98300e-05  -1.40613e-03
   4  p3           3.86914e+01   1.66968e+00   6.29137e-04  -4.80897e-05
   5  p4           9.44943e+00   3.65070e-01  -5.33549e-05   3.55310e-04
   6  p5           9.92203e-01   2.38842e-03  -1.93928e-06  -1.95842e-02
   7  p6          -5.98310e-12   1.56097e-02   4.01509e-04** at limit **
   8  p7           7.98445e-03   6.87554e-04   5.82882e-05   1.29515e-03
                               ERR DEF= 0.5
 FCN=159.422 FROM MIGRAD    STATUS=CONVERGED    1018 CALLS        1019 TOTAL
                     EDM=4.44612e-08    STRATEGY= 1  ERROR MATRIX UNCERTAINTY   3.8 per cent
  EXT PARAMETER                                   STEP         FIRST   
  NO.   NAME      VALUE            ERROR          SIZE      DERIVATIVE 
   1  p0           2.04531e+02   6.82386e+00  -7.72377e-05   1.63886e-03
   2  p1           9.95232e-01   2.04637e-04   4.53497e-06  -2.32488e-02
   3  p2           6.22335e-03   1.77572e-04  -3.41773e-05   3.05139e-03
   4  p3           3.85486e+01   1.50608e+00   2.04700e-03   1.17364e-04
   5  p4           8.05653e+00   1.10686e+00  -1.87096e-03  -3.42870e-04
   6  p5           9.88231e-01   3.06415e-03   6.85344e-06   2.39137e-02
   7  p6          -2.60535e-02   3.78485e-02  -4.29948e-04   1.36468e-03
   8  p7           1.12959e-02   8.44388e-04  -4.76682e-05  -5.68894e-04
                               ERR DEF= 0.5
 FCN=135.655 FROM MIGRAD    STATUS=CONVERGED     823 CALLS         824 TOTAL
                     EDM=9.17058e-08    STRATEGY= 1  ERROR MATRIX UNCERTAINTY   2.8 per cent
  EXT PARAMETER                                   STEP         FIRST   
  NO.   NAME      VALUE            ERROR          SIZE      DERIVATIVE 
   1  p0           1.96405e+02   6.82661e+00   8.91141e-05  -4.63380e-04
   2  p1           9.95435e-01   2.08223e-04   2.69706e-05   1.10964e-02
   3  p2           6.05332e-03   1.80787e-04  -3.57853e-05  -2.12652e-03
   4  p3           3.73562e+01   1.52204e+00   9.21890e-06  -5.26988e-05
   5  p4           8.68686e+00   3.62659e-01  -5.19929e-04   5.10194e-04
   6  p5           9.90315e-01   2.53597e-03   2.49177e-06  -5.95823e-02
   7  p6          -6.89690e-09   7.07534e-02   8.26046e-04** at limit **
   8  p7           1.01467e-02   7.58282e-04  -6.15978e-05  -6.99076e-03
                               ERR DEF= 0.5
 FCN=128.258 FROM MIGRAD    STATUS=CONVERGED     736 CALLS         737 TOTAL
                     EDM=1.0112e-07    STRATEGY= 1  ERROR MATRIX UNCERTAINTY   0.9 per cent
  EXT PARAMETER                                   STEP         FIRST   
  NO.   NAME      VALUE            ERROR          SIZE      DERIVATIVE 
   1  p0           2.04636e+02   7.12953e+00  -7.63312e-05   2.47993e-03
   2  p1           9.95265e-01   1.95625e-04   1.10011e-06  -1.34223e-03
   3  p2           6.00958e-03   1.73312e-04   4.77636e-06  -1.57729e-03
   4  p3           3.57384e+01   1.58735e+00   1.24844e-04  -2.48634e-04
   5  p4           8.52260e+00   3.57173e-01   1.46428e-04   1.52315e-03
   6  p5           9.94282e-01   2.24963e-03   4.82161e-07   1.24438e-01
   7  p6          -6.74949e-12   6.94396e-03   2.32843e-04** at limit **
   8  p7           8.55611e-03   6.72428e-04  -6.10720e-06   1.36950e-03
                               ERR DEF= 0.5
 FCN=194.833 FROM MIGRAD    STATUS=CONVERGED    1083 CALLS        1084 TOTAL
                     EDM=9.01843e-08    STRATEGY= 1  ERROR MATRIX UNCERTAINTY   1.5 per cent
  EXT PARAMETER                                   STEP         FIRST   
  NO.   NAME      VALUE            ERROR          SIZE      DERIVATIVE 
   1  p0           2.38220e+02   7.34742e+00  -1.74858e-04   7.69148e-05
   2  p1           9.94611e-01   2.09095e-04  -7.80679e-06  -3.05636e-02
   3  p2           6.08839e-03   1.74301e-04   1.47924e-05   3.43103e-03
   4  p3           4.33258e+01   1.79431e+00  -1.12875e-03   1.46353e-04
   5  p4           8.82923e+00   3.32035e-01  -7.54177e-04   1.48422e-04
   6  p5           9.91383e-01   1.98216e-03   1.89098e-06   5.00693e-02
   7  p6          -1.67761e-10   4.96981e-03  -7.25849e-05** at limit **
   8  p7           9.70270e-03   6.38893e-04  -3.89976e-06  -2.96226e-03
                               ERR DEF= 0.5
 FCN=180.842 FROM MIGRAD    STATUS=CONVERGED     990 CALLS         991 TOTAL
                     EDM=2.37938e-08    STRATEGY= 1  ERROR MATRIX UNCERTAINTY   0.6 per cent
  EXT PARAMETER                                   STEP         FIRST   
  NO.   NAME      VALUE            ERROR          SIZE      DERIVATIVE 
   1  p0           2.81943e+02   7.98139e+00  -8.44796e-05  -1.47587e-04
   2  p1           9.93889e-01   1.81418e-04  -2.41015e-05   5.55839e-03
   3  p2           6.19067e-03   1.56225e-04   3.23707e-05  -3.61925e-03
   4  p3           4.82020e+01   1.86017e+00  -7.37910e-04  -6.91891e-05
   5  p4           8.59527e+00   3.14451e-01  -4.16890e-04   7.11156e-04
   6  p5           9.92302e-01   1.79425e-03   3.54350e-06  -3.53751e-02
   7  p6          -2.03357e-11   3.94172e-03   2.74386e-04** at limit **
   8  p7           9.24244e-03   5.70411e-04  -1.93652e-05   1.73503e-04
                               ERR DEF= 0.5
 FCN=201.398 FROM MIGRAD    STATUS=CONVERGED     745 CALLS         746 TOTAL
                     EDM=7.80028e-09    STRATEGY= 1  ERROR MATRIX UNCERTAINTY   0.8 per cent
  EXT PARAMETER                                   STEP         FIRST   
  NO.   NAME      VALUE            ERROR          SIZE      DERIVATIVE 
   1  p0           3.20550e+02   8.39167e+00  -2.06026e-05  -3.54237e-04
   2  p1           9.93191e-01   1.70456e-04  -2.80009e-07  -1.03748e-02
   3  p2           6.19340e-03   1.41231e-04   8.37511e-06  -5.69652e-03
   4  p3           5.24795e+01   1.93717e+00   6.24104e-05  -2.90544e-05
   5  p4           8.45606e+00   2.95434e-01   1.61562e-04   1.51260e-04
   6  p5           9.90462e-01   1.69827e-03  -1.24020e-06  -2.29426e-02
   7  p6          -2.74891e-13   1.91937e-03  -8.58793e-05** at limit **
   8  p7           9.12314e-03   5.37847e-04   4.53445e-06  -3.80268e-04
                               ERR DEF= 0.5
 FCN=240.365 FROM MIGRAD    STATUS=CONVERGED    1045 CALLS        1046 TOTAL
                     EDM=1.82633e-08    STRATEGY= 1  ERROR MATRIX UNCERTAINTY   1.0 per cent
  EXT PARAMETER                                   STEP         FIRST   
  NO.   NAME      VALUE            ERROR          SIZE      DERIVATIVE 
   1  p0           3.69414e+02   9.14436e+00   9.31371e-05   2.60044e-04
   2  p1           9.92658e-01   1.67154e-04   1.34035e-05   1.62594e-02
   3  p2           6.34267e-03   1.39711e-04  -5.06290e-05   7.74573e-03
   4  p3           6.14489e+01   2.22069e+00  -1.21950e-03  -4.95653e-06
   5  p4           8.96285e+00   2.90262e-01  -1.82212e-04  -6.58311e-05
   6  p5           9.90796e-01   1.50588e-03   6.26200e-07   2.13692e-02
   7  p6          -5.58376e-12   1.70916e-03  -2.68656e-05** at limit **
   8  p7           9.02598e-03   4.85329e-04  -3.39355e-05  -2.72309e-03
                               ERR DEF= 0.5

****************************************
Minimizer is Linear
Chi2                      =      30.7183
NDf                       =           14
p0                        =      1.00683   +/-   0.00023431  
p1                        = -5.85316e-06   +/-   1.24093e-07 
Calculation of survival fraction for 2104
 FCN=151.897 FROM MIGRAD    STATUS=CONVERGED     102 CALLS         103 TOTAL
                     EDM=9.73426e-08    STRATEGY= 1      ERROR MATRIX ACCURATE 
  EXT PARAMETER                                   STEP         FIRST   
  NO.   NAME      VALUE            ERROR          SIZE      DERIVATIVE 
   1  p0           2.27562e+02   6.13248e+00   4.13171e-02   4.75250e-05
   2  p1           2.10365e+03   3.53969e-02   1.00310e-03   2.05519e-03
   3  p2           1.44780e+00   3.18466e-02   1.77518e-05   1.11619e-01
   4  p3           3.04763e+01   3.38089e-01   2.82462e-03   6.14172e-04
                               ERR DEF= 0.5
Area_tot = 4170
Area_tot_psa = 954
Area = 2733
Area_psa = 227
 FCN=148.163 FROM MIGRAD    STATUS=CONVERGED     119 CALLS         120 TOTAL
                     EDM=1.14356e-09    STRATEGY= 1      ERROR MATRIX ACCURATE 
  EXT PARAMETER                                   STEP         FIRST   
  NO.   NAME      VALUE            ERROR          SIZE      DERIVATIVE 
   1  p0           2.48592e+01   2.68984e+00   1.74464e-02   8.80780e-06
   2  p1           2.10376e+03   1.45849e-01   1.22005e-03   8.52835e-05
   3  p2           1.35753e+00   1.56055e-01   8.56152e-05   1.15092e-03
   4  p3           1.45786e+01   2.35515e-01   1.91652e-03   1.20630e-04
                               ERR DEF= 0.5
Calculation of survival fraction for 2614.5
 FCN=269.238 FROM MIGRAD    STATUS=CONVERGED     135 CALLS         136 TOTAL
                     EDM=1.39661e-08    STRATEGY= 1      ERROR MATRIX ACCURATE 
  EXT PARAMETER                                   STEP         FIRST   
  NO.   NAME      VALUE            ERROR          SIZE      DERIVATIVE 
   1  p0           2.12204e+03   1.86788e+01   1.70989e-01  -5.15069e-06
   2  p1           2.61462e+03   8.07023e-03   1.24675e-03  -3.90609e-03
   3  p2           1.12285e+00   5.98079e-03   5.18122e-06  -2.03823e-01
   4  p3           2.76196e+00   1.12043e-01   1.26557e-03  -5.90545e-04
                               ERR DEF= 0.5
Area_tot = 20056
Area_tot_psa = 3095
Area = 19928
Area_psa = 3081
 FCN=164.497 FROM MIGRAD    STATUS=CONVERGED     210 CALLS         211 TOTAL
                     EDM=3.39843e-10    STRATEGY= 1      ERROR MATRIX ACCURATE 
  EXT PARAMETER                                   STEP         FIRST   
  NO.   NAME      VALUE            ERROR          SIZE      DERIVATIVE 
   1  p0           3.17333e+02   7.17240e+00   5.10143e-02  -2.04859e-06
   2  p1           2.61468e+03   2.12986e-02   1.24677e-03  -4.19874e-04
   3  p2           1.15549e+00   1.61326e-02   1.07031e-05   1.05010e-03
   4  p3           1.05782e-01   2.27957e-02   2.01553e-04   1.45029e-04
                               ERR DEF= 0.5
Calculation of survival fraction background at 2039
Area = 6578
Area_psa = 3268
Calculation of survival fraction background at 2380
Area = 3096
Area_psa = 1411
