-bash: /users/b/burlac/.bash_profile: Permesso negato
Info in <TCanvas::Print>: pdf file /nfs/gerda6/users/burlac/psd_dplms/analysis_standard/chn16/chn16_spectrum.pdf has been created
Info in <TCanvas::Print>: pdf file /nfs/gerda6/users/burlac/psd_dplms/analysis_standard/chn16/chn16_DEP_FEP.pdf has been created
Info in <TCanvas::Print>: pdf file /nfs/gerda6/users/burlac/psd_dplms/analysis_standard/chn16/chn16_AoE_all.pdf has been created
Warning in <TFile::Append>: Replacing existing TH1: h_AoE (Potential memory leak).
Warning in <TFile::Append>: Replacing existing TH1: h_AoE1 (Potential memory leak).
Warning in <TFile::Append>: Replacing existing TH1: h_AoE2 (Potential memory leak).
Warning in <TFile::Append>: Replacing existing TH1: h_AoE3 (Potential memory leak).
Warning in <TFile::Append>: Replacing existing TH1: h_AoE (Potential memory leak).
Warning in <TFile::Append>: Replacing existing TH1: h_AoE1 (Potential memory leak).
Warning in <TFile::Append>: Replacing existing TH1: h_AoE2 (Potential memory leak).
Warning in <TFile::Append>: Replacing existing TH1: h_AoE3 (Potential memory leak).
Warning in <TFile::Append>: Replacing existing TH1: h_AoE (Potential memory leak).
Warning in <TFile::Append>: Replacing existing TH1: h_AoE1 (Potential memory leak).
Warning in <TFile::Append>: Replacing existing TH1: h_AoE2 (Potential memory leak).
Warning in <TFile::Append>: Replacing existing TH1: h_AoE3 (Potential memory leak).
Warning in <TFile::Append>: Replacing existing TH1: h_AoE (Potential memory leak).
Warning in <TFile::Append>: Replacing existing TH1: h_AoE1 (Potential memory leak).
Warning in <TFile::Append>: Replacing existing TH1: h_AoE2 (Potential memory leak).
Warning in <TFile::Append>: Replacing existing TH1: h_AoE3 (Potential memory leak).
Warning in <TFile::Append>: Replacing existing TH1: h_AoE (Potential memory leak).
Warning in <TFile::Append>: Replacing existing TH1: h_AoE1 (Potential memory leak).
Warning in <TFile::Append>: Replacing existing TH1: h_AoE2 (Potential memory leak).
Warning in <TFile::Append>: Replacing existing TH1: h_AoE3 (Potential memory leak).
Warning in <TFile::Append>: Replacing existing TH1: h_AoE (Potential memory leak).
Warning in <TFile::Append>: Replacing existing TH1: h_AoE1 (Potential memory leak).
Warning in <TFile::Append>: Replacing existing TH1: h_AoE2 (Potential memory leak).
Warning in <TFile::Append>: Replacing existing TH1: h_AoE3 (Potential memory leak).
Warning in <TFile::Append>: Replacing existing TH1: h_AoE (Potential memory leak).
Warning in <TFile::Append>: Replacing existing TH1: h_AoE1 (Potential memory leak).
Warning in <TFile::Append>: Replacing existing TH1: h_AoE2 (Potential memory leak).
Warning in <TFile::Append>: Replacing existing TH1: h_AoE3 (Potential memory leak).
Warning in <TFile::Append>: Replacing existing TH1: h_AoE (Potential memory leak).
Warning in <TFile::Append>: Replacing existing TH1: h_AoE1 (Potential memory leak).
Warning in <TFile::Append>: Replacing existing TH1: h_AoE2 (Potential memory leak).
Warning in <TFile::Append>: Replacing existing TH1: h_AoE3 (Potential memory leak).
Warning in <TFile::Append>: Replacing existing TH1: h_AoE (Potential memory leak).
Warning in <TFile::Append>: Replacing existing TH1: h_AoE1 (Potential memory leak).
Warning in <TFile::Append>: Replacing existing TH1: h_AoE2 (Potential memory leak).
Warning in <TFile::Append>: Replacing existing TH1: h_AoE3 (Potential memory leak).
Warning in <TFile::Append>: Replacing existing TH1: h_AoE (Potential memory leak).
Warning in <TFile::Append>: Replacing existing TH1: h_AoE1 (Potential memory leak).
Warning in <TFile::Append>: Replacing existing TH1: h_AoE2 (Potential memory leak).
Warning in <TFile::Append>: Replacing existing TH1: h_AoE3 (Potential memory leak).
Warning in <TFile::Append>: Replacing existing TH1: h_AoE (Potential memory leak).
Warning in <TFile::Append>: Replacing existing TH1: h_AoE1 (Potential memory leak).
Warning in <TFile::Append>: Replacing existing TH1: h_AoE2 (Potential memory leak).
Warning in <TFile::Append>: Replacing existing TH1: h_AoE3 (Potential memory leak).
Warning in <TFile::Append>: Replacing existing TH1: h_AoE (Potential memory leak).
Warning in <TFile::Append>: Replacing existing TH1: h_AoE1 (Potential memory leak).
Warning in <TFile::Append>: Replacing existing TH1: h_AoE2 (Potential memory leak).
Warning in <TFile::Append>: Replacing existing TH1: h_AoE3 (Potential memory leak).
Warning in <TFile::Append>: Replacing existing TH1: h_AoE (Potential memory leak).
Warning in <TFile::Append>: Replacing existing TH1: h_AoE1 (Potential memory leak).
Warning in <TFile::Append>: Replacing existing TH1: h_AoE2 (Potential memory leak).
Warning in <TFile::Append>: Replacing existing TH1: h_AoE3 (Potential memory leak).
Warning in <TFile::Append>: Replacing existing TH1: h_AoE (Potential memory leak).
Warning in <TFile::Append>: Replacing existing TH1: h_AoE1 (Potential memory leak).
Warning in <TFile::Append>: Replacing existing TH1: h_AoE2 (Potential memory leak).
Warning in <TFile::Append>: Replacing existing TH1: h_AoE3 (Potential memory leak).
Warning in <TFile::Append>: Replacing existing TH1: h_AoE (Potential memory leak).
Warning in <TFile::Append>: Replacing existing TH1: h_AoE1 (Potential memory leak).
Warning in <TFile::Append>: Replacing existing TH1: h_AoE2 (Potential memory leak).
Warning in <TFile::Append>: Replacing existing TH1: h_AoE3 (Potential memory leak).
Warning in <TFile::Append>: Replacing existing TH1: h_AoE (Potential memory leak).
Warning in <TFile::Append>: Replacing existing TH1: h_AoE1 (Potential memory leak).
Warning in <TFile::Append>: Replacing existing TH1: h_AoE2 (Potential memory leak).
Warning in <TFile::Append>: Replacing existing TH1: h_AoE3 (Potential memory leak).
Warning in <TFile::Append>: Replacing existing TH1: h_AoE (Potential memory leak).
Warning in <TFile::Append>: Replacing existing TH1: h_AoE1 (Potential memory leak).
Warning in <TFile::Append>: Replacing existing TH1: h_AoE2 (Potential memory leak).
Warning in <TFile::Append>: Replacing existing TH1: h_AoE3 (Potential memory leak).
Warning in <TFile::Append>: Replacing existing TH1: h_AoE (Potential memory leak).
Warning in <TFile::Append>: Replacing existing TH1: h_AoE1 (Potential memory leak).
Warning in <TFile::Append>: Replacing existing TH1: h_AoE2 (Potential memory leak).
Warning in <TFile::Append>: Replacing existing TH1: h_AoE3 (Potential memory leak).
Warning in <TFile::Append>: Replacing existing TH1: h_AoE (Potential memory leak).
Warning in <TFile::Append>: Replacing existing TH1: h_AoE1 (Potential memory leak).
Warning in <TFile::Append>: Replacing existing TH1: h_AoE2 (Potential memory leak).
Warning in <TFile::Append>: Replacing existing TH1: h_AoE3 (Potential memory leak).
Warning in <TFile::Append>: Replacing existing TH1: h_AoE (Potential memory leak).
Warning in <TFile::Append>: Replacing existing TH1: h_AoE1 (Potential memory leak).
Warning in <TFile::Append>: Replacing existing TH1: h_AoE2 (Potential memory leak).
Warning in <TFile::Append>: Replacing existing TH1: h_AoE3 (Potential memory leak).
Warning in <TFile::Append>: Replacing existing TH1: h_AoE (Potential memory leak).
Warning in <TFile::Append>: Replacing existing TH1: h_AoE1 (Potential memory leak).
Warning in <TFile::Append>: Replacing existing TH1: h_AoE2 (Potential memory leak).
Warning in <TFile::Append>: Replacing existing TH1: h_AoE3 (Potential memory leak).
Warning in <TFile::Append>: Replacing existing TH1: h_AoE (Potential memory leak).
Warning in <TFile::Append>: Replacing existing TH1: h_AoE1 (Potential memory leak).
Warning in <TFile::Append>: Replacing existing TH1: h_AoE2 (Potential memory leak).
Warning in <TFile::Append>: Replacing existing TH1: h_AoE3 (Potential memory leak).
Warning in <TFile::Append>: Replacing existing TH1: h_AoE (Potential memory leak).
Warning in <TFile::Append>: Replacing existing TH1: h_AoE1 (Potential memory leak).
Warning in <TFile::Append>: Replacing existing TH1: h_AoE2 (Potential memory leak).
Warning in <TFile::Append>: Replacing existing TH1: h_AoE3 (Potential memory leak).
Warning in <TFile::Append>: Replacing existing TH1: h_AoE (Potential memory leak).
Warning in <TFile::Append>: Replacing existing TH1: h_AoE1 (Potential memory leak).
Warning in <TFile::Append>: Replacing existing TH1: h_AoE2 (Potential memory leak).
Warning in <TFile::Append>: Replacing existing TH1: h_AoE3 (Potential memory leak).
Warning in <TFile::Append>: Replacing existing TH1: h_AoE (Potential memory leak).
Warning in <TFile::Append>: Replacing existing TH1: h_AoE1 (Potential memory leak).
Warning in <TFile::Append>: Replacing existing TH1: h_AoE2 (Potential memory leak).
Warning in <TFile::Append>: Replacing existing TH1: h_AoE3 (Potential memory leak).
Warning in <TFile::Append>: Replacing existing TH1: h_AoE (Potential memory leak).
Warning in <TFile::Append>: Replacing existing TH1: h_AoE1 (Potential memory leak).
Warning in <TFile::Append>: Replacing existing TH1: h_AoE2 (Potential memory leak).
Warning in <TFile::Append>: Replacing existing TH1: h_AoE3 (Potential memory leak).
Warning in <TFile::Append>: Replacing existing TH1: h_AoE (Potential memory leak).
Warning in <TFile::Append>: Replacing existing TH1: h_AoE1 (Potential memory leak).
Warning in <TFile::Append>: Replacing existing TH1: h_AoE2 (Potential memory leak).
Warning in <TFile::Append>: Replacing existing TH1: h_AoE3 (Potential memory leak).
Warning in <TFile::Append>: Replacing existing TH1: h_AoE (Potential memory leak).
Warning in <TFile::Append>: Replacing existing TH1: h_AoE1 (Potential memory leak).
Warning in <TFile::Append>: Replacing existing TH1: h_AoE2 (Potential memory leak).
Warning in <TFile::Append>: Replacing existing TH1: h_AoE3 (Potential memory leak).
Warning in <TFile::Append>: Replacing existing TH1: h_AoE (Potential memory leak).
Warning in <TFile::Append>: Replacing existing TH1: h_AoE1 (Potential memory leak).
Warning in <TFile::Append>: Replacing existing TH1: h_AoE2 (Potential memory leak).
Warning in <TFile::Append>: Replacing existing TH1: h_AoE3 (Potential memory leak).
Warning in <TFile::Append>: Replacing existing TH1: h_AoE (Potential memory leak).
Warning in <TFile::Append>: Replacing existing TH1: h_AoE1 (Potential memory leak).
Warning in <TFile::Append>: Replacing existing TH1: h_AoE2 (Potential memory leak).
Warning in <TFile::Append>: Replacing existing TH1: h_AoE3 (Potential memory leak).
Info in <TCanvas::Print>: pdf file /nfs/gerda6/users/burlac/psd_dplms/analysis_standard/chn16/chn16_LowCut_vs_bin.pdf has been created

 *** Break *** segmentation violation
/var/lib/torque/mom_priv/jobs/4645231.xmaster.lngs.infn.it.SC: line 6: 23136 Errore di segmentazione (core dumped) /nfs/gerda6/users/burlac/psd_dplms/processPSD /nfs/gerda6/users/burlac/psd_dplms/analysis_standard/chn16 /nfs/gerda6/users/burlac/psd/analysis/run0098-cal_dplms_10.tier.root 16 0 0 > /nfs/gerda6/users/burlac/psd_dplms/analysis_standard/chn16/psd_chn16.out
