
[1mRooFit v3.60 -- Developed by Wouter Verkerke and David Kirkby[0m 
                Copyright (C) 2000-2013 NIKHEF, University of California & Stanford University
                All rights reserved, please read http://roofit.sourceforge.net/license.txt

Using file /nfs/gerda6/users/burlac/psd/analysis/run0098-cal_dplms_10.tier.root
Analizing channel 16
Standard analysis 
Total events = 17201607
event n.1000000
event n.2000000
event n.3000000
event n.4000000
event n.5000000
event n.6000000
event n.7000000
event n.8000000
event n.9000000
event n.10000000
event n.11000000
event n.12000000
event n.13000000
event n.14000000
event n.15000000
event n.16000000
event n.17000000
Selected events: 96932
The time to read waveforms: 57.29 s
Initialization of DEP&FEP background  = 11.5
 FCN=103.562 FROM MIGRAD    STATUS=CONVERGED     229 CALLS         230 TOTAL
                     EDM=2.26645e-07    STRATEGY= 1      ERROR MATRIX ACCURATE 
  EXT PARAMETER                                   STEP         FIRST   
  NO.   NAME      VALUE            ERROR          SIZE      DERIVATIVE 
   1  p0           1.27871e+02   5.25606e+00   2.93807e-02  -3.50184e-05
   2  p1           1.59242e+03   3.81767e-02   7.59326e-04   4.41133e-03
   3  p2           1.04305e+00   3.31377e-02   1.80259e-05  -9.54431e-02
   4  p3           4.97459e+01   3.86897e+00   2.15216e-02   7.02328e-05
   5  p4           1.62066e+03   6.78749e-02   7.72791e-04   8.42482e-04
   6  p5           9.23045e-01   6.37392e-02   3.66253e-05   5.51528e-02
   7  p6           1.20600e+01   2.55801e-01   1.73477e-03   9.81494e-04
                               ERR DEF= 0.5
mean_aoe = 0.0487
AoE: max = 1.74093 max = 0.0941143
 FCN=0.821008 FROM MIGRAD    STATUS=CONVERGED     337 CALLS         338 TOTAL
                     EDM=2.50358e-08    STRATEGY= 1  ERROR MATRIX UNCERTAINTY   1.7 per cent
  EXT PARAMETER                                   STEP         FIRST   
  NO.   NAME      VALUE            ERROR          SIZE      DERIVATIVE 
   1  p0           8.86920e-01   4.41804e-01   1.32089e-03  -3.20867e-04
   2  p1           9.97536e-01   3.98119e-03   8.97499e-06   3.61321e-02
   3  p2           8.94318e-03   2.96761e-03   4.17158e-06   2.00373e-03
   4  p3           4.22417e-03   5.49626e-03   2.81918e-05   8.68381e-02
   5  p4           2.92545e-03   3.80303e-03   1.95063e-05  -1.25481e-01
                               ERR DEF= 0.5
Total integral = 0
AoE_lowCut = 2 -> 0x7ffefad09500
CutIntegral = 0
SF_dep = -nan
sigma_aoe = 0.00894318
Total integral = 0
AoE_lowCut = 2 -> 0x7ffefad09500
CutIntegral = 0
SF_dep = -nan
sigma_aoe = 0.00894318
Total integral = 0
AoE_lowCut = 2 -> 0x7ffefad09500
CutIntegral = 0
SF_dep = -nan
sigma_aoe = 0.00894318
Total integral = 0
AoE_lowCut = 2 -> 0x7ffefad09500
CutIntegral = 0
SF_dep = -nan
sigma_aoe = 0.00894318
Total integral = 0
AoE_lowCut = 2 -> 0x7ffefad09500
CutIntegral = 0
SF_dep = -nan
sigma_aoe = 0.00894318
Total integral = 0
AoE_lowCut = 2 -> 0x7ffefad09500
CutIntegral = 0
SF_dep = -nan
sigma_aoe = 0.00894318
Total integral = 0
AoE_lowCut = 2 -> 0x7ffefad09500
CutIntegral = 0
SF_dep = -nan
sigma_aoe = 0.00894318
Total integral = 0
AoE_lowCut = 2 -> 0x7ffefad09500
CutIntegral = 0
SF_dep = -nan
sigma_aoe = 0.00894318
Total integral = 0
AoE_lowCut = 2 -> 0x7ffefad09500
CutIntegral = 0
SF_dep = -nan
sigma_aoe = 0.00894318
Total integral = 0
AoE_lowCut = 2 -> 0x7ffefad09500
CutIntegral = 0
SF_dep = -nan
sigma_aoe = 0.00894318
Total integral = 0
AoE_lowCut = 2 -> 0x7ffefad09500
CutIntegral = 0
SF_dep = -nan
sigma_aoe = 0.00894318
Total integral = 0
AoE_lowCut = 2 -> 0x7ffefad09500
CutIntegral = 0
SF_dep = -nan
sigma_aoe = 0.00894318
Total integral = 0
AoE_lowCut = 2 -> 0x7ffefad09500
CutIntegral = 0
SF_dep = -nan
sigma_aoe = 0.00894318
Total integral = 0
AoE_lowCut = 2 -> 0x7ffefad09500
CutIntegral = 0
SF_dep = -nan
sigma_aoe = 0.00894318
Total integral = 0
AoE_lowCut = 2 -> 0x7ffefad09500
CutIntegral = 0
SF_dep = -nan
sigma_aoe = 0.00894318
Total integral = 0
AoE_lowCut = 2 -> 0x7ffefad09500
CutIntegral = 0
SF_dep = -nan
sigma_aoe = 0.00894318
Total integral = 0
AoE_lowCut = 2 -> 0x7ffefad09500
CutIntegral = 0
SF_dep = -nan
sigma_aoe = 0.00894318
Total integral = 0
AoE_lowCut = 2 -> 0x7ffefad09500
CutIntegral = 0
SF_dep = -nan
sigma_aoe = 0.00894318
Total integral = 0
AoE_lowCut = 2 -> 0x7ffefad09500
CutIntegral = 0
SF_dep = -nan
sigma_aoe = 0.00894318
Total integral = 0
AoE_lowCut = 2 -> 0x7ffefad09500
CutIntegral = 0
SF_dep = -nan
sigma_aoe = 0.00894318
Total integral = 0
AoE_lowCut = 2 -> 0x7ffefad09500
CutIntegral = 0
SF_dep = -nan
sigma_aoe = 0.00894318
Total integral = 0
AoE_lowCut = 2 -> 0x7ffefad09500
CutIntegral = 0
SF_dep = -nan
sigma_aoe = 0.00894318
Total integral = 0
AoE_lowCut = 2 -> 0x7ffefad09500
CutIntegral = 0
SF_dep = -nan
sigma_aoe = 0.00894318
Total integral = 0
AoE_lowCut = 2 -> 0x7ffefad09500
CutIntegral = 0
SF_dep = -nan
sigma_aoe = 0.00894318
Total integral = 0
AoE_lowCut = 2 -> 0x7ffefad09500
CutIntegral = 0
SF_dep = -nan
sigma_aoe = 0.00894318
Total integral = 0
AoE_lowCut = 2 -> 0x7ffefad09500
CutIntegral = 0
SF_dep = -nan
sigma_aoe = 0.00894318
Total integral = 0
AoE_lowCut = 2 -> 0x7ffefad09500
CutIntegral = 0
SF_dep = -nan
sigma_aoe = 0.00894318
Total integral = 0
AoE_lowCut = 2 -> 0x7ffefad09500
CutIntegral = 0
SF_dep = -nan
sigma_aoe = 0.00894318
Total integral = 0
AoE_lowCut = 2 -> 0x7ffefad09500
CutIntegral = 0
SF_dep = -nan
sigma_aoe = 0.00894318
Total integral = 0
AoE_lowCut = 2 -> 0x7ffefad09500
CutIntegral = 0
SF_dep = -nan
sigma_aoe = 0.00894318
