
[1mRooFit v3.60 -- Developed by Wouter Verkerke and David Kirkby[0m 
                Copyright (C) 2000-2013 NIKHEF, University of California & Stanford University
                All rights reserved, please read http://roofit.sourceforge.net/license.txt

Using file /nfs/gerda6/users/burlac/psd/analysis/run0098-cal_dplms_1000.tier.root
Analizing channel 17
DPLMS analysis with weight 1000
Total events = 17201607
event n.1000000
event n.2000000
event n.3000000
event n.4000000
event n.5000000
event n.6000000
event n.7000000
event n.8000000
event n.9000000
event n.10000000
event n.11000000
event n.12000000
event n.13000000
event n.14000000
event n.15000000
event n.16000000
event n.17000000
Selected events: 50559
The time to read waveforms: 32.4 s
Initialization of DEP&FEP background  = 7.5
 FCN=130.385 FROM MIGRAD    STATUS=CONVERGED     230 CALLS         231 TOTAL
                     EDM=2.39163e-07    STRATEGY= 1      ERROR MATRIX ACCURATE 
  EXT PARAMETER                                   STEP         FIRST   
  NO.   NAME      VALUE            ERROR          SIZE      DERIVATIVE 
   1  p0           8.12135e+01   4.14800e+00   2.61892e-02   3.17512e-05
   2  p1           1.59252e+03   4.66004e-02   7.59373e-04   8.81089e-04
   3  p2           1.03200e+00   3.89909e-02   2.41292e-05  -3.21835e-02
   4  p3           2.64640e+01   2.88055e+00   1.83086e-02  -5.26966e-05
   5  p4           1.62083e+03   9.22685e-02   7.72872e-04  -3.16489e-05
   6  p5           8.77328e-01   8.15159e-02   5.48623e-05  -2.16969e-02
   7  p6           6.64650e+00   1.91962e-01   1.46881e-03   1.86434e-03
                               ERR DEF= 0.5
mean_aoe = 0.0661
AoE: max = 1.7395 max = 0.0900126
 FCN=1.04932 FROM MIGRAD    STATUS=CONVERGED     343 CALLS         344 TOTAL
                     EDM=3.1818e-08    STRATEGY= 1  ERROR MATRIX UNCERTAINTY   2.5 per cent
  EXT PARAMETER                                   STEP         FIRST   
  NO.   NAME      VALUE            ERROR          SIZE      DERIVATIVE 
   1  p0           9.89828e-01   4.93942e-01   3.02891e-04   6.56008e-05
   2  p1           9.99383e-01   3.74205e-03   6.76063e-06  -5.88258e-02
   3  p2           9.09647e-03   2.76547e-03   5.78668e-05   3.32969e-03
   4  p3           5.26070e-03   5.98894e-03   2.47712e-05   1.06358e+00
   5  p4           3.78407e-03   4.30573e-03   1.78085e-05  -1.47153e+00
                               ERR DEF= 0.5
Analysis with a fixed bin for LowCut
Total integral = 689
AoE_lowCut = 1973 -> 0.98625
CutIntegral = 617
SF_dep = 0.895501
sigma_aoe = 0.00909647
 FCN=132.498 FROM MIGRAD    STATUS=CONVERGED     173 CALLS         174 TOTAL
                     EDM=5.85915e-07    STRATEGY= 1      ERROR MATRIX ACCURATE 
  EXT PARAMETER                                   STEP         FIRST   
  NO.   NAME      VALUE            ERROR          SIZE      DERIVATIVE 
   1  p0           7.26752e+01   3.86572e+00   2.43843e-02   1.02303e-04
   2  p1           1.59251e+03   4.71192e-02   7.59367e-04   1.32499e-04
   3  p2           1.02777e+00   3.97253e-02   2.45916e-05  -9.97662e-02
   4  p3           5.44784e+00   1.87017e+00   1.16623e-02  -3.61297e-05
   5  p4           1.62103e+03   2.62271e-01   1.89479e-03  -8.70537e-04
   6  p5           6.85329e-01   2.50437e-01   1.75167e-04   8.01727e-04
   7  p6           3.41338e+00   1.41868e-01   1.09176e-03   9.76798e-04
                               ERR DEF= 0.5
AreaDEP_tot = 928
Area_DEP_tot_psa = 755
AreaDEP = 691
Area_DEP_psa = 608
Area_FEP_tot = 409
Area_FEP_tot_psa = 151
Area_FEP = 207
Area_FEP_psa = 47
Calculation of AoE vs E correction
 FCN=102.261 FROM MIGRAD    STATUS=CONVERGED    1120 CALLS        1121 TOTAL
                     EDM=3.28164e-07    STRATEGY= 1      ERROR MATRIX ACCURATE 
  EXT PARAMETER                                   STEP         FIRST   
  NO.   NAME      VALUE            ERROR          SIZE      DERIVATIVE 
   1  p0           3.31671e+01   1.91006e+00   8.73881e-04  -2.43435e-03
   2  p1           1.00101e+00   7.51566e-04   2.44236e-04   6.45441e-04
   3  p2           1.44783e-02   7.23484e-04   2.63266e-04  -1.54437e-03
   4  p3           6.05680e+00   6.55512e-01   2.05793e-03   3.61670e-04
   5  p4           4.50556e+00   7.90553e-01   2.19566e-03  -3.91278e-04
   6  p5           9.98690e-01   1.55011e-02   3.99616e-05  -1.19178e-02
   7  p6          -6.15865e-08   6.42472e-01   7.65001e-03** at limit **
   8  p7           2.14168e-02   4.41323e-03   4.43490e-04   7.66985e-04
                               ERR DEF= 0.5
 FCN=109.689 FROM MIGRAD    STATUS=CONVERGED    1142 CALLS        1143 TOTAL
                     EDM=3.85715e-07    STRATEGY= 1      ERROR MATRIX ACCURATE 
  EXT PARAMETER                                   STEP         FIRST   
  NO.   NAME      VALUE            ERROR          SIZE      DERIVATIVE 
   1  p0           3.34652e+01   1.87258e+00   9.33218e-04  -8.65957e-05
   2  p1           9.99450e-01   6.85088e-04   2.32474e-04  -8.93255e-03
   3  p2           1.34226e-02   5.56737e-04   2.46753e-04   3.85325e-03
   4  p3           4.92922e+00   5.59874e-01   1.91930e-03   1.86817e-04
   5  p4           4.64407e+00   9.26925e-01   2.62426e-03  -3.53924e-04
   6  p5           9.89650e-01   1.46234e-02   4.66597e-05  -1.12871e-03
   7  p6          -5.36216e-08   6.27789e-01   7.47380e-03** at limit **
   8  p7           2.41482e-02   4.33110e-03   4.97438e-04  -4.49902e-04
                               ERR DEF= 0.5
 FCN=96.3342 FROM MIGRAD    STATUS=CONVERGED     948 CALLS         949 TOTAL
                     EDM=7.45728e-09    STRATEGY= 1  ERROR MATRIX UNCERTAINTY   3.2 per cent
  EXT PARAMETER                                   STEP         FIRST   
  NO.   NAME      VALUE            ERROR          SIZE      DERIVATIVE 
   1  p0           3.36051e+01   2.12916e+00  -3.39590e-05  -2.97779e-04
   2  p1           9.99611e-01   6.41465e-04   1.81310e-05  -3.82660e-04
   3  p2           1.09539e-02   6.12826e-04  -2.25676e-06  -2.56040e-04
   4  p3           5.95517e+00   6.78503e-01  -7.11876e-05  -2.08810e-05
   5  p4           5.19200e+00   7.88894e-01  -3.42738e-04  -9.70870e-06
   6  p5           1.01357e+00   1.03704e-02  -5.16591e-06  -9.16519e-03
   7  p6          -1.07263e-09   1.17389e-01   3.57457e-04** at limit **
   8  p7           2.04411e-02   4.09161e-03   2.03244e-05  -5.25542e-04
                               ERR DEF= 0.5
 FCN=92.1975 FROM MIGRAD    STATUS=CONVERGED    1110 CALLS        1111 TOTAL
                     EDM=2.03475e-08    STRATEGY= 1      ERROR MATRIX ACCURATE 
  EXT PARAMETER                                   STEP         FIRST   
  NO.   NAME      VALUE            ERROR          SIZE      DERIVATIVE 
   1  p0           3.49706e+01   2.04383e+00   9.12141e-04  -3.28837e-04
   2  p1           9.99224e-01   6.16564e-04   1.90323e-04   2.34966e-04
   3  p2           1.13692e-02   5.37501e-04   2.21922e-04  -1.24637e-03
   4  p3           4.39919e+00   5.24563e-01   1.74798e-03  -2.39735e-04
   5  p4           5.69499e+00   1.13091e+00   2.85960e-03   1.64992e-04
   6  p5           9.85495e-01   1.72084e-02   4.37789e-05   1.13430e-02
   7  p6          -2.07325e-10   6.48320e-01   7.60915e-03** at limit **
   8  p7           2.18592e-02   4.43852e-03   4.52989e-04   2.79877e-04
                               ERR DEF= 0.5
 FCN=120.725 FROM MIGRAD    STATUS=CONVERGED     866 CALLS         867 TOTAL
                     EDM=4.10011e-07    STRATEGY= 1      ERROR MATRIX ACCURATE 
  EXT PARAMETER                                   STEP         FIRST   
  NO.   NAME      VALUE            ERROR          SIZE      DERIVATIVE 
   1  p0           3.26493e+01   2.22044e+00   1.17200e-03   2.37913e-03
   2  p1           9.97644e-01   6.17494e-04   2.25511e-04   7.34238e-03
   3  p2           9.88749e-03   5.52810e-04   2.97159e-04   5.64851e-03
   4  p3           6.56908e+00   8.77256e-01   2.71823e-03   1.03957e-03
   5  p4           5.91879e+00   3.75453e+00   2.22409e-03  -1.56718e-03
   6  p5           1.00172e+00   1.29685e-02   3.37373e-05  -3.02404e-02
   7  p6          -7.57810e-02   1.93792e-01   4.73692e-04   7.70468e-03
   8  p7           2.10921e-02   3.69875e-03   4.21006e-04   2.41986e-04
                               ERR DEF= 0.5
 FCN=123.667 FROM MIGRAD    STATUS=CONVERGED    1115 CALLS        1116 TOTAL
                     EDM=5.72423e-09    STRATEGY= 1  ERROR MATRIX UNCERTAINTY   2.7 per cent
  EXT PARAMETER                                   STEP         FIRST   
  NO.   NAME      VALUE            ERROR          SIZE      DERIVATIVE 
   1  p0           3.69132e+01   2.34175e+00  -1.52945e-04  -4.49530e-05
   2  p1           9.98007e-01   5.55902e-04   1.35344e-05   4.27286e-04
   3  p2           9.40728e-03   5.00904e-04   5.68951e-05  -8.14164e-04
   4  p3           7.11069e+00   6.59011e-01   1.44246e-04  -1.03271e-04
   5  p4           8.64475e+00   1.06777e+00  -4.70361e-04   5.31515e-05
   6  p5           9.78717e-01   1.15714e-02   1.85630e-06  -5.79394e-03
   7  p6          -1.16630e-10   2.72294e-02  -3.01851e-04** at limit **
   8  p7           2.67542e-02   3.11526e-03  -2.35403e-05  -3.37963e-04
                               ERR DEF= 0.5
 FCN=123.43 FROM MIGRAD    STATUS=CONVERGED     723 CALLS         724 TOTAL
                     EDM=9.5836e-07    STRATEGY= 1  ERROR MATRIX UNCERTAINTY   2.7 per cent
  EXT PARAMETER                                   STEP         FIRST   
  NO.   NAME      VALUE            ERROR          SIZE      DERIVATIVE 
   1  p0           3.35361e+01   2.46394e+00  -5.39137e-04   1.01098e-04
   2  p1           9.98086e-01   5.89641e-04   2.48082e-05  -2.25911e-02
   3  p2           8.28031e-03   5.47278e-04   1.25732e-04  -1.09365e-02
   4  p3           8.16455e+00   7.34890e-01   2.08339e-03  -1.73882e-03
   5  p4           8.37492e+00   8.00674e-01   1.17168e-03   2.07223e-03
   6  p5           9.92295e-01   7.47589e-03   2.44561e-05   1.93834e-01
   7  p6          -3.35778e-10   1.74469e-02  -1.76041e-03** at limit **
   8  p7           1.71892e-02   2.14983e-03  -2.14553e-04   1.07519e-02
                               ERR DEF= 0.5
 FCN=123.908 FROM MIGRAD    STATUS=CONVERGED     704 CALLS         705 TOTAL
                     EDM=1.65699e-08    STRATEGY= 1  ERROR MATRIX UNCERTAINTY   2.5 per cent
  EXT PARAMETER                                   STEP         FIRST   
  NO.   NAME      VALUE            ERROR          SIZE      DERIVATIVE 
   1  p0           3.45230e+01   2.50279e+00  -9.35294e-05   6.40163e-04
   2  p1           9.96819e-01   6.30363e-04  -6.20816e-07  -7.00755e-04
   3  p2           8.66759e-03   5.69060e-04  -1.89713e-06   2.22301e-04
   4  p3           1.22574e+01   1.04520e+00   1.92107e-04  -1.36119e-04
   5  p4           1.15839e+01   8.58603e-01   6.00472e-04   1.00087e-04
   6  p5           9.89417e-01   5.52065e-03   8.96905e-07   2.76212e-02
   7  p6          -8.33111e-13   3.58400e-03   1.38468e-04** at limit **
   8  p7           1.57461e-02   1.47711e-03   2.71676e-05   5.87485e-04
                               ERR DEF= 0.5
 FCN=94.421 FROM MIGRAD    STATUS=CONVERGED     854 CALLS         855 TOTAL
                     EDM=8.05954e-09    STRATEGY= 1      ERROR MATRIX ACCURATE 
  EXT PARAMETER                                   STEP         FIRST   
  NO.   NAME      VALUE            ERROR          SIZE      DERIVATIVE 
   1  p0           3.98567e+01   2.83369e+00   1.10693e-03   7.07206e-05
   2  p1           9.96265e-01   4.95320e-04   1.62824e-04   4.07899e-04
   3  p2           7.55233e-03   4.46384e-04   2.79615e-04   7.98790e-04
   4  p3           1.02736e+01   8.68430e-01   3.27056e-03  -1.21649e-04
   5  p4           9.91201e+00   8.14668e-01   2.76982e-03   1.69017e-04
   6  p5           9.92115e-01   5.98654e-03   2.01663e-05   1.13835e-02
   7  p6          -4.03955e-12   1.01263e-02   1.35455e-03** at limit **
   8  p7           1.48387e-02   1.70128e-03   2.57153e-04  -6.51557e-04
                               ERR DEF= 0.5
 FCN=119.461 FROM MIGRAD    STATUS=CONVERGED    1218 CALLS        1219 TOTAL
                     EDM=4.24696e-08    STRATEGY= 1      ERROR MATRIX ACCURATE 
  EXT PARAMETER                                   STEP         FIRST   
  NO.   NAME      VALUE            ERROR          SIZE      DERIVATIVE 
   1  p0           4.00089e+01   2.46789e+00   1.06541e-03  -5.62167e-04
   2  p1           9.93076e-01   5.63023e-04   2.02147e-04   3.56590e-03
   3  p2           9.19391e-03   4.76275e-04   2.62196e-04  -8.08188e-04
   4  p3           1.05811e+01   8.05763e-01   3.90784e-03   1.81385e-05
   5  p4           1.23594e+01   2.99947e+00   3.74781e-03   5.80800e-05
   6  p5           9.55029e-01   1.30085e-02   2.83589e-05   5.53013e-03
   7  p6          -9.66954e-03   3.56508e-02   7.23982e-04  -1.06336e-04
   8  p7           2.36437e-02   1.98655e-03   2.44366e-04  -1.26067e-03
                               ERR DEF= 0.5
 FCN=122.71 FROM MIGRAD    STATUS=CONVERGED     942 CALLS         943 TOTAL
                     EDM=1.07254e-07    STRATEGY= 1  ERROR MATRIX UNCERTAINTY   2.3 per cent
  EXT PARAMETER                                   STEP         FIRST   
  NO.   NAME      VALUE            ERROR          SIZE      DERIVATIVE 
   1  p0           3.78113e+01   2.58500e+00  -1.08975e-04  -1.20199e-04
   2  p1           9.94399e-01   5.86161e-04   9.46466e-06   6.07229e-03
   3  p2           8.51593e-03   5.55744e-04  -2.58033e-05   4.84010e-03
   4  p3           1.00128e+01   8.40958e-01   1.73126e-04  -9.06464e-06
   5  p4           1.03396e+01   9.47114e-01   2.39787e-03  -1.22254e-04
   6  p5           9.80495e-01   8.40942e-03  -4.74741e-06  -1.61392e-02
   7  p6          -1.70575e-12   1.12536e-02   2.40759e-05** at limit **
   8  p7           2.21814e-02   2.28388e-03  -3.60238e-05  -7.25947e-03
                               ERR DEF= 0.5
 FCN=110.196 FROM MIGRAD    STATUS=CONVERGED    1098 CALLS        1099 TOTAL
                     EDM=4.15895e-07    STRATEGY= 1      ERROR MATRIX ACCURATE 
  EXT PARAMETER                                   STEP         FIRST   
  NO.   NAME      VALUE            ERROR          SIZE      DERIVATIVE 
   1  p0           4.49616e+01   2.94055e+00   1.07829e-03  -8.68552e-04
   2  p1           9.95165e-01   4.53396e-04   1.61506e-04   1.33777e-03
   3  p2           7.49710e-03   4.17960e-04   2.76737e-04  -6.64342e-03
   4  p3           8.98131e+00   7.86739e-01   3.26417e-03  -8.73385e-04
   5  p4           9.77242e+00   9.06469e-01   3.18646e-03   1.24832e-04
   6  p5           9.86528e-01   7.48178e-03   2.48758e-05  -9.01186e-02
   7  p6          -2.76572e-11   5.75592e-02   3.53389e-03** at limit **
   8  p7           1.60061e-02   2.01379e-03   2.98195e-04  -4.44442e-03
                               ERR DEF= 0.5
 FCN=111.703 FROM MIGRAD    STATUS=CONVERGED     962 CALLS         963 TOTAL
                     EDM=3.60502e-07    STRATEGY= 1  ERROR MATRIX UNCERTAINTY   3.6 per cent
  EXT PARAMETER                                   STEP         FIRST   
  NO.   NAME      VALUE            ERROR          SIZE      DERIVATIVE 
   1  p0           5.20251e+01   3.25925e+00  -1.28464e-03   1.03919e-03
   2  p1           9.93026e-01   4.42105e-04  -6.91255e-05  -2.09655e-02
   3  p2           7.29087e-03   3.86502e-04   9.86756e-05   7.64661e-04
   4  p3           1.10346e+01   9.20622e-01  -1.10559e-03   1.27574e-04
   5  p4           1.00555e+01   7.85077e-01  -5.75307e-03   7.48660e-04
   6  p5           9.91029e-01   4.90171e-03   3.12565e-05   1.09198e-01
   7  p6          -3.95239e-14   6.21509e-03  -1.36246e-03** at limit **
   8  p7           1.51219e-02   1.53376e-03  -6.13321e-05  -3.43873e-03
                               ERR DEF= 0.5
 FCN=114.107 FROM MIGRAD    STATUS=CONVERGED    1253 CALLS        1254 TOTAL
                     EDM=8.24867e-08    STRATEGY= 1      ERROR MATRIX ACCURATE 
  EXT PARAMETER                                   STEP         FIRST   
  NO.   NAME      VALUE            ERROR          SIZE      DERIVATIVE 
   1  p0           5.33824e+01   3.07832e+00   9.82144e-04   2.68910e-04
   2  p1           9.92505e-01   4.95736e-04   1.70300e-04   6.55302e-05
   3  p2           8.34897e-03   4.43876e-04   2.45792e-04   1.67038e-03
   4  p3           1.12973e+01   1.00786e+00   3.84607e-03  -9.62149e-05
   5  p4           1.02059e+01   8.13406e-01   2.99927e-03   8.54765e-05
   6  p5           9.87311e-01   5.66737e-03   2.16405e-05   9.56361e-03
   7  p6          -5.47949e-10   1.17549e-02   1.60348e-03** at limit **
   8  p7           1.62774e-02   1.69739e-03   2.60389e-04   2.30561e-03
                               ERR DEF= 0.5
 FCN=117.945 FROM MIGRAD    STATUS=CONVERGED    1026 CALLS        1027 TOTAL
                     EDM=6.32074e-07    STRATEGY= 1  ERROR MATRIX UNCERTAINTY   3.1 per cent
  EXT PARAMETER                                   STEP         FIRST   
  NO.   NAME      VALUE            ERROR          SIZE      DERIVATIVE 
   1  p0           6.05328e+01   3.62007e+00   3.81069e-04   8.72194e-04
   2  p1           9.92498e-01   4.68496e-04   9.56178e-05   2.00919e-02
   3  p2           7.40868e-03   4.81895e-04  -1.65530e-04   1.08162e-03
   4  p3           1.47837e+01   1.27755e+00   1.06161e-03   6.25899e-04
   5  p4           1.15425e+01   7.82496e-01   2.97513e-03  -4.63606e-04
   6  p5           9.91795e-01   4.33017e-03  -5.22575e-06   6.75752e-02
   7  p6          -1.28948e-10   3.50907e-03   5.74836e-04** at limit **
   8  p7           1.49592e-02   1.39935e-03  -2.47705e-05  -4.30543e-04
                               ERR DEF= 0.5
 FCN=129.292 FROM MIGRAD    STATUS=CONVERGED     985 CALLS         986 TOTAL
                     EDM=6.14613e-07    STRATEGY= 1      ERROR MATRIX ACCURATE 
  EXT PARAMETER                                   STEP         FIRST   
  NO.   NAME      VALUE            ERROR          SIZE      DERIVATIVE 
   1  p0           6.85257e+01   3.39287e+00   8.82945e-04   7.33700e-04
   2  p1           9.90949e-01   4.12979e-04   1.65154e-04   7.26521e-03
   3  p2           8.59925e-03   3.65467e-04   2.19989e-04   3.07914e-03
   4  p3           1.33084e+01   1.06032e+00   4.59734e-03   7.10275e-04
   5  p4           1.12335e+01   8.37769e-01   3.23361e-03  -1.65537e-03
   6  p5           9.81383e-01   6.00960e-03   2.25045e-05  -9.89093e-02
   7  p6          -4.15890e-12   5.72992e-03   1.19296e-03** at limit **
   8  p7           1.77988e-02   1.60678e-03   2.43535e-04   3.61215e-03
                               ERR DEF= 0.5

****************************************
Minimizer is Linear
Chi2                      =      34.1555
NDf                       =           14
p0                        =      1.00715   +/-   0.000582227 
p1                        =  -6.4906e-06   +/-   3.09738e-07 
Calculation of survival fraction for 2104
 FCN=168.448 FROM MIGRAD    STATUS=CONVERGED     104 CALLS         105 TOTAL
                     EDM=1.93919e-07    STRATEGY= 1      ERROR MATRIX ACCURATE 
  EXT PARAMETER                                   STEP         FIRST   
  NO.   NAME      VALUE            ERROR          SIZE      DERIVATIVE 
   1  p0           3.87555e+01   2.45657e+00   1.77735e-02   2.02909e-04
   2  p1           2.10343e+03   9.37344e-02   1.00299e-03  -1.53731e-03
   3  p2           1.58026e+00   8.02107e-02   4.60741e-05   6.33054e-02
   4  p3           6.91778e+00   1.65051e-01   1.45024e-03   3.81670e-04
                               ERR DEF= 0.5
Area_tot = 857
Area_tot_psa = 237
Area = 488
Area_psa = 56
 FCN=175.895 FROM MIGRAD    STATUS=CONVERGED     101 CALLS         102 TOTAL
                     EDM=2.2547e-08    STRATEGY= 1      ERROR MATRIX ACCURATE 
  EXT PARAMETER                                   STEP         FIRST   
  NO.   NAME      VALUE            ERROR          SIZE      DERIVATIVE 
   1  p0           5.67562e+00   1.11158e+00   8.58450e-03  -2.87563e-05
   2  p1           2.10305e+03   3.23442e-01   2.94146e-03  -3.22542e-04
   3  p2           1.58314e+00   2.44968e-01   1.51984e-04   2.71896e-03
   4  p3           3.24116e+00   1.15184e-01   1.02869e-03  -5.25881e-04
                               ERR DEF= 0.5
Calculation of survival fraction for 2614.5
 FCN=131.723 FROM MIGRAD    STATUS=CONVERGED     235 CALLS         236 TOTAL
                     EDM=2.97308e-08    STRATEGY= 1      ERROR MATRIX ACCURATE 
  EXT PARAMETER                                   STEP         FIRST   
  NO.   NAME      VALUE            ERROR          SIZE      DERIVATIVE 
   1  p0           3.39195e+02   7.35863e+00   4.72786e-02  -2.18503e-05
   2  p1           2.61469e+03   2.04640e-02   1.24678e-03   1.97480e-03
   3  p2           1.15140e+00   1.50240e-02   9.03516e-06  -8.79011e-02
   4  p3           1.04105e-01   2.65831e-02   2.10908e-04  -3.88678e-03
                               ERR DEF= 0.5
Area_tot = 3292
Area_tot_psa = 652
Area = 3257
Area_psa = 648
 FCN=138.908 FROM MIGRAD    STATUS=CONVERGED     140 CALLS         141 TOTAL
                     EDM=2.29363e-07    STRATEGY= 1      ERROR MATRIX ACCURATE 
  EXT PARAMETER                                   STEP         FIRST   
  NO.   NAME      VALUE            ERROR          SIZE      DERIVATIVE 
   1  p0           6.66784e+01   3.28564e+00   2.17522e-02  -4.67566e-05
   2  p1           2.61475e+03   4.67681e-02   1.24681e-03   9.23067e-03
   3  p2           1.14112e+00   3.42312e-02   2.12691e-05  -6.55106e-02
   4  p3           3.84120e-03   3.84066e-03   3.14605e-05   5.26183e-03
                               ERR DEF= 0.5
Calculation of survival fraction background at 2039
Area = 1674
Area_psa = 855
Calculation of survival fraction background at 2350
Area = 3377
Area_psa = 1705
