
[1mRooFit v3.60 -- Developed by Wouter Verkerke and David Kirkby[0m 
                Copyright (C) 2000-2013 NIKHEF, University of California & Stanford University
                All rights reserved, please read http://roofit.sourceforge.net/license.txt

Using file /nfs/gerda6/users/burlac/psd/analysis/run0098-cal_dplms_100.tier.root
Analizing channel 9
DPLMS analysis with weight 100
Total events = 17201607
event n.1000000
event n.2000000
event n.3000000
event n.4000000
event n.5000000
event n.6000000
event n.7000000
event n.8000000
event n.9000000
event n.10000000
event n.11000000
event n.12000000
event n.13000000
event n.14000000
event n.15000000
event n.16000000
event n.17000000
Selected events: 274356
The time to read waveforms: 45.75 s
Initialization of DEP&FEP background  = 32
 FCN=123.82 FROM MIGRAD    STATUS=CONVERGED     214 CALLS         215 TOTAL
                     EDM=9.45101e-08    STRATEGY= 1      ERROR MATRIX ACCURATE 
  EXT PARAMETER                                   STEP         FIRST   
  NO.   NAME      VALUE            ERROR          SIZE      DERIVATIVE 
   1  p0           9.66629e+01   4.20318e+00   2.46433e-02  -3.84499e-05
   2  p1           1.59275e+03   7.19363e-02   7.59484e-04  -3.02693e-03
   3  p2           1.74852e+00   7.68138e-02   3.28447e-05  -1.12240e-02
   4  p3           1.36056e+02   4.71961e+00   2.91020e-02   1.15695e-05
   5  p4           1.62101e+03   5.25145e-02   7.72956e-04   2.71414e-03
   6  p5           1.60535e+00   4.68872e-02   2.25727e-05   3.02704e-02
   7  p6           3.13645e+01   4.38658e-01   3.07378e-03   1.04691e-04
                               ERR DEF= 0.5
mean_aoe = 0.0441
AoE: max = 2.35204 max = 0.0470194
 FCN=28.0351 FROM HESSE     STATUS=OK             31 CALLS         538 TOTAL
                     EDM=1.53282e-08    STRATEGY= 1      ERROR MATRIX ACCURATE 
  EXT PARAMETER                                   STEP         FIRST   
  NO.   NAME      VALUE            ERROR          SIZE      DERIVATIVE 
   1  p0           2.61593e-01   1.13532e-01   4.38309e-05   5.48471e-04
   2  p1           1.01886e+00   3.04648e-02   3.06821e-06   2.98225e-04
   3  p2           7.06867e-02   2.86763e-02   8.48694e-06   4.56535e-05
   4  p3          -2.63704e-01   2.60103e-01   7.47012e-06  -7.71625e-03
   5  p4           3.67862e-01   3.40689e-01   1.05994e-05  -5.72391e-03
                               ERR DEF= 0.5
AoE_lowCut = 0.877489
 FCN=124.523 FROM MIGRAD    STATUS=CONVERGED     296 CALLS         297 TOTAL
                     EDM=3.22891e-07    STRATEGY= 1      ERROR MATRIX ACCURATE 
  EXT PARAMETER                                   STEP         FIRST   
  NO.   NAME      VALUE            ERROR          SIZE      DERIVATIVE 
   1  p0           9.71223e+01   4.17373e+00   2.46642e-02  -1.43337e-04
   2  p1           1.59276e+03   7.04767e-02   7.59489e-04   5.44970e-04
   3  p2           1.73517e+00   7.39473e-02   3.20837e-05  -1.13287e-01
   4  p3           1.28244e+02   4.59485e+00   2.84069e-02  -1.57538e-05
   5  p4           1.62100e+03   5.42319e-02   7.72954e-04  -3.64083e-03
   6  p5           1.60254e+00   4.85033e-02   2.34264e-05  -8.39809e-03
   7  p6           2.99091e+01   4.27635e-01   3.01236e-03  -6.54531e-04
                               ERR DEF= 0.5
AreaDEP_tot = 3149
Area_DEP_tot_psa = 3062
AreaDEP = 1325
Area_DEP_psa = 1312
Area_FEP_tot = 3419
Area_FEP_tot_psa = 3238
Area_FEP = 1848
Area_FEP_psa = 1740
Calculation of AoE vs E correction
 FCN=533.755 FROM MIGRAD    STATUS=CONVERGED     964 CALLS         965 TOTAL
                     EDM=7.59824e-08    STRATEGY= 1  ERROR MATRIX UNCERTAINTY   2.4 per cent
  EXT PARAMETER                                   STEP         FIRST   
  NO.   NAME      VALUE            ERROR          SIZE      DERIVATIVE 
   1  p0           5.82834e+01   1.41641e+00  -1.39154e-05   1.58702e-03
   2  p1           1.02000e+00   2.20482e-05  -6.45730e-05** at limit **
   3  p2           3.00000e-02   8.57260e-06   1.36501e-05** at limit **
   4  p3           4.67750e+01   2.01567e+00   1.83852e-03   6.69285e-05
   5  p4           1.46355e+01   5.77021e-01  -2.37754e-04  -3.74093e-04
   6  p5           9.69460e-01   2.04284e-03  -1.83231e-06   1.63174e-02
   7  p6          -3.05903e-09   6.62605e-04  -4.71344e-05** at limit **
   8  p7           8.10314e-03   9.69345e-04  -2.10911e-05   1.11338e-03
                               ERR DEF= 0.5
 FCN=465.268 FROM MIGRAD    STATUS=CONVERGED    1182 CALLS        1183 TOTAL
                     EDM=1.65335e-07    STRATEGY= 1  ERROR MATRIX UNCERTAINTY   2.6 per cent
  EXT PARAMETER                                   STEP         FIRST   
  NO.   NAME      VALUE            ERROR          SIZE      DERIVATIVE 
   1  p0           4.83705e+01   1.25588e+00   4.09437e-05   2.03063e-03
   2  p1           1.02000e+00   2.56930e-05  -3.83341e-06** at limit **
   3  p2           3.00000e-02   1.07429e-05   6.62545e-05** at limit **
   4  p3           4.48394e+01   2.01512e+00  -5.38430e-03   3.09038e-04
   5  p4           1.56179e+01   6.53026e-01  -1.19184e-03  -2.24518e-03
   6  p5           9.73046e-01   1.61182e-03  -4.70840e-06  -3.55974e-01
   7  p6          -1.26124e-04   7.66222e-04  -9.41666e-05   1.34137e-02
   8  p7           6.41342e-03   9.39357e-04  -1.18143e-04  -6.67669e-04
                               ERR DEF= 0.5
 FCN=119.919 FROM MIGRAD    STATUS=CONVERGED    2097 CALLS        2098 TOTAL
                     EDM=8.58818e-08    STRATEGY= 1      ERROR MATRIX ACCURATE 
  EXT PARAMETER                                   STEP         FIRST   
  NO.   NAME      VALUE            ERROR          SIZE      DERIVATIVE 
   1  p0           2.16000e+01   1.47722e-01   1.25462e-03** at limit **
   2  p1           9.80000e-01   3.31338e-04   1.38131e-03** at limit **
   3  p2           3.00000e-02   3.65272e-04   1.83672e-03** at limit **
   4  p3           1.25217e+01   2.26570e+00   2.36809e-03  -2.43238e-04
   5  p4           2.47674e+01   2.63731e+00   1.23828e-03  -3.35643e-04
   6  p5           8.60751e-01   1.52768e-02   2.37735e-05   1.70105e-02
   7  p6          -4.77307e-12   5.48492e-03   1.12446e-03** at limit **
   8  p7           4.46669e-02   4.39699e-03   5.41483e-05  -7.47789e-03
                               ERR DEF= 0.5
 FCN=146.605 FROM MIGRAD    STATUS=CONVERGED    2133 CALLS        2134 TOTAL
                     EDM=1.79837e-07    STRATEGY= 1  ERROR MATRIX UNCERTAINTY   3.3 per cent
  EXT PARAMETER                                   STEP         FIRST   
  NO.   NAME      VALUE            ERROR          SIZE      DERIVATIVE 
   1  p0           2.34000e+01   1.04849e-01   2.58294e-04** at limit **
   2  p1           9.80000e-01   1.01171e-03  -2.30170e-04** at limit **
   3  p2           3.00000e-02   2.16412e-04  -3.31945e-04** at limit **
   4  p3           9.88512e+00   1.72313e+00   3.12548e-03  -1.00145e-03
   5  p4           2.63595e+01   3.07141e+00  -7.60826e-03  -2.66853e-03
   6  p5           8.35724e-01   1.44933e-02   2.96172e-05  -2.08005e-03
   7  p6          -2.50776e-09   1.06474e-02   8.56283e-05** at limit **
   8  p7           4.22822e-02   4.77816e-03   2.56489e-04  -6.85297e-02
                               ERR DEF= 0.5
 FCN=154.201 FROM MIGRAD    STATUS=CONVERGED    1000 CALLS        1001 TOTAL
                     EDM=3.30321e-07    STRATEGY= 1      ERROR MATRIX ACCURATE 
  EXT PARAMETER                                   STEP         FIRST   
  NO.   NAME      VALUE            ERROR          SIZE      DERIVATIVE 
   1  p0           2.46000e+01   1.57629e-01   1.37645e-03** at limit **
   2  p1           9.80000e-01   2.34634e-04   1.31678e-03** at limit **
   3  p2           3.00000e-02   1.74118e-04   1.43535e-03** at limit **
   4  p3           3.49237e+01   2.30818e+00   8.11307e-03   8.37548e-05
   5  p4           3.50342e+00   6.05884e-01   2.46274e-04   6.44687e-03
   6  p5           1.10631e+00   9.79755e-03   2.07621e-05  -2.51849e-02
   7  p6          -2.38839e-01   5.93708e-02   5.69621e-05  -2.70067e-02
   8  p7           1.08060e-02   7.86035e-03   1.16519e-03  -1.95304e-03
                               ERR DEF= 0.5
 FCN=187.875 FROM MIGRAD    STATUS=CONVERGED     790 CALLS         791 TOTAL
                     EDM=1.9453e-07    STRATEGY= 1      ERROR MATRIX ACCURATE 
  EXT PARAMETER                                   STEP         FIRST   
  NO.   NAME      VALUE            ERROR          SIZE      DERIVATIVE 
   1  p0           2.64000e+01   1.12156e-01   1.24711e-03** at limit **
   2  p1           9.80000e-01   1.11787e-04   1.00826e-03** at limit **
   3  p2           3.00000e-02   1.45220e-04   1.46330e-03** at limit **
   4  p3           4.59593e+01   1.47644e+00   1.21157e-02  -6.29793e-05
   5  p4           3.03636e+00   7.38332e-01   1.48512e-04  -1.48161e-02
   6  p5           1.18582e+00   1.73389e-02   2.06470e-05  -7.98690e-02
   7  p6          -2.29541e-01   7.20171e-02   3.96712e-05   5.55554e-02
   8  p7           7.21117e-03   2.08192e-02   1.08446e-01   1.91882e-04
                               ERR DEF= 0.5
 FCN=403.341 FROM MIGRAD    STATUS=CONVERGED    1057 CALLS        1058 TOTAL
                     EDM=8.84951e-07    STRATEGY= 1      ERROR MATRIX ACCURATE 
  EXT PARAMETER                                   STEP         FIRST   
  NO.   NAME      VALUE            ERROR          SIZE      DERIVATIVE 
   1  p0           3.50751e+01   1.11712e+00   1.35076e-03   3.43626e-03
   2  p1           1.02000e+00   3.22500e-05   7.88101e-04** at limit **
   3  p2           3.00000e-02   1.44256e-05   6.66787e-04** at limit **
   4  p3           3.56449e+01   2.14373e+00   1.59489e-02  -3.58618e-04
   5  p4           1.75024e+01   1.63458e+00   5.67578e-03   1.78415e-03
   6  p5           9.64295e-01   3.59097e-03   2.20464e-05   2.69697e-01
   7  p6          -1.56529e-03   6.97710e-03   1.00058e-03   1.18054e-02
   8  p7           1.02889e-02   1.27851e-03   5.53059e-04   2.68278e-03
                               ERR DEF= 0.5
 FCN=131.723 FROM MIGRAD    STATUS=CALL LIMIT   2141 CALLS        2142 TOTAL
                     EDM=0.179747    STRATEGY= 1  ERROR MATRIX UNCERTAINTY  16.7 per cent
  EXT PARAMETER                APPROXIMATE        STEP         FIRST   
  NO.   NAME      VALUE            ERROR          SIZE      DERIVATIVE 
   1  p0           2.40002e+01   9.65618e-02   8.86334e-03  -3.27209e-01
   2  p1           9.80001e-01   4.16297e-04   1.43277e-02   1.18686e-01
   3  p2           3.00000e-02   2.05638e-04   5.57198e-04** at limit **
   4  p3           8.95698e+00   1.22344e+00   6.90362e-02   2.67088e-01
   5  p4           2.49266e+01   1.94337e+00   1.34916e-01  -4.28279e-01
   6  p5           8.39927e-01   1.06526e-02  -4.33204e-04  -5.97640e+01
   7  p6          -3.13657e-02   1.23962e-02   4.13325e-03   1.91762e+00
   8  p7           4.53427e-02   3.82000e-03   3.95284e-03   2.31256e+00
                               ERR DEF= 0.5
 FCN=452.344 FROM MIGRAD    STATUS=CONVERGED    1090 CALLS        1091 TOTAL
                     EDM=2.83697e-08    STRATEGY= 1  ERROR MATRIX UNCERTAINTY   2.2 per cent
  EXT PARAMETER                                   STEP         FIRST   
  NO.   NAME      VALUE            ERROR          SIZE      DERIVATIVE 
   1  p0           3.99624e+01   1.11930e+00  -2.49523e-05  -1.52465e-04
   2  p1           1.02000e+00   2.56144e-05   8.80303e-06** at limit **
   3  p2           3.00000e-02   1.15883e-05  -8.93580e-06** at limit **
   4  p3           4.16857e+01   1.88134e+00   3.37813e-04  -6.42902e-05
   5  p4           1.84095e+01   7.96397e-01   2.98490e-04   4.86706e-04
   6  p5           9.67407e-01   2.25319e-03  -1.49021e-06   1.25868e-01
   7  p6          -6.00675e-12   5.33322e-03  -2.57079e-04** at limit **
   8  p7           8.04483e-03   9.83422e-04   1.42942e-05   1.38605e-04
                               ERR DEF= 0.5
 FCN=130.101 FROM MIGRAD    STATUS=CONVERGED    1522 CALLS        1523 TOTAL
                     EDM=3.05861e-07    STRATEGY= 1      ERROR MATRIX ACCURATE 
  EXT PARAMETER                                   STEP         FIRST   
  NO.   NAME      VALUE            ERROR          SIZE      DERIVATIVE 
   1  p0           2.58000e+01   1.39085e-01   1.16007e-03** at limit **
   2  p1           9.80000e-01   3.50988e-04   1.48062e-03** at limit **
   3  p2           3.00000e-02   2.51463e-04   1.58498e-03** at limit **
   4  p3           1.54709e+01   2.40206e+00   3.08102e-03  -1.90781e-04
   5  p4           2.43567e+01   2.29562e+00   1.42520e-03  -7.94297e-04
   6  p5           8.74250e-01   1.35844e-02   2.41503e-05   2.25003e-02
   7  p6          -1.17706e-12   2.59002e-03   8.03781e-04** at limit **
   8  p7           4.31969e-02   3.53575e-03   5.90807e-05  -2.11020e-02
                               ERR DEF= 0.5
 FCN=172.365 FROM MIGRAD    STATUS=FAILED       1428 CALLS        1429 TOTAL
                     EDM=0.0840458    STRATEGY= 1      ERR MATRIX NOT POS-DEF
  EXT PARAMETER                APPROXIMATE        STEP         FIRST   
  NO.   NAME      VALUE            ERROR          SIZE      DERIVATIVE 
   1  p0           2.58000e+01   1.29091e+01   0.00000e+00  -7.78320e-02
   2  p1           9.80000e-01   2.00103e-02  -0.00000e+00   2.87085e-01
   3  p2           2.99997e-02   1.25059e-02  -0.00000e+00   3.19661e-01
   4  p3           4.12097e+01   3.41000e+00   0.00000e+00  -1.13144e-01
   5  p4           3.40137e+00   8.22887e+02   0.00000e+00  -1.62808e+01
   6  p5           1.12411e+00   8.23142e+02   0.00000e+00  -7.51180e+01
   7  p6          -2.35783e-01   5.04170e-01  -0.00000e+00   5.95719e+01
   8  p7           2.86950e-02   6.57315e-02  -0.00000e+00   5.08420e-01
                               ERR DEF= 0.5
 FCN=454.351 FROM MIGRAD    STATUS=CONVERGED    1049 CALLS        1050 TOTAL
                     EDM=1.06085e-06    STRATEGY= 1      ERROR MATRIX ACCURATE 
  EXT PARAMETER                                   STEP         FIRST   
  NO.   NAME      VALUE            ERROR          SIZE      DERIVATIVE 
   1  p0           3.95346e+01   1.15027e+00   1.23321e-03  -4.50488e-04
   2  p1           1.02000e+00   2.56214e-05   7.45544e-04** at limit **
   3  p2           3.00000e-02   1.22621e-05   6.52375e-04** at limit **
   4  p3           3.82849e+01   2.17108e+00   1.76665e-02  -1.28128e-04
   5  p4           1.66354e+01   1.19622e+00   5.15081e-03   1.21546e-03
   6  p5           9.75493e-01   2.09563e-03   1.80571e-05   3.27995e-02
   7  p6          -5.62213e-03   5.40658e-03   4.73656e-04   2.14458e-02
   8  p7           6.07113e-03   1.16749e-03   1.24725e-03  -5.82300e-03
                               ERR DEF= 0.5
 FCN=393.515 FROM MIGRAD    STATUS=CONVERGED    1089 CALLS        1090 TOTAL
                     EDM=4.17546e-07    STRATEGY= 1  ERROR MATRIX UNCERTAINTY   1.9 per cent
  EXT PARAMETER                                   STEP         FIRST   
  NO.   NAME      VALUE            ERROR          SIZE      DERIVATIVE 
   1  p0           4.65746e+01   1.30831e+00  -2.92144e-05  -2.04337e-03
   2  p1           1.02000e+00   2.74058e-05  -1.29907e-04** at limit **
   3  p2           3.00000e-02   1.23576e-05  -1.71240e-05** at limit **
   4  p3           5.17990e+01   2.23023e+00   8.58128e-04  -9.20715e-05
   5  p4           2.07633e+01   9.18550e-01  -4.73926e-03  -6.21769e-04
   6  p5           9.66037e-01   2.64944e-03   1.75076e-05  -1.39172e-01
   7  p6          -5.28453e-10   2.98981e-03  -1.89394e-04** at limit **
   8  p7           9.62716e-03   1.03451e-03  -2.62342e-04  -3.90542e-03
                               ERR DEF= 0.5
 FCN=546.967 FROM MIGRAD    STATUS=CONVERGED    1090 CALLS        1091 TOTAL
                     EDM=5.77321e-07    STRATEGY= 1  ERROR MATRIX UNCERTAINTY   3.5 per cent
  EXT PARAMETER                                   STEP         FIRST   
  NO.   NAME      VALUE            ERROR          SIZE      DERIVATIVE 
   1  p0           5.22581e+01   1.36159e+00  -2.12302e-04   5.40103e-03
   2  p1           1.02000e+00   2.15603e-05  -1.19232e-04** at limit **
   3  p2           3.00000e-02   9.50904e-06   6.34013e-05** at limit **
   4  p3           5.39289e+01   2.95025e+00   6.75186e-03  -9.17983e-05
   5  p4           2.00895e+01   1.70709e+00   5.87131e-03   1.31527e-03
   6  p5           9.66273e-01   4.12917e-03  -2.08393e-05   3.39450e-01
   7  p6          -1.93136e-03   3.89650e-03   8.89418e-05  -3.55664e-03
   8  p7           1.02600e-02   1.39526e-03  -3.86094e-04  -8.78849e-04
                               ERR DEF= 0.5
 FCN=590.528 FROM MIGRAD    STATUS=CONVERGED     988 CALLS         989 TOTAL
                     EDM=4.01093e-08    STRATEGY= 1  ERROR MATRIX UNCERTAINTY   2.3 per cent
  EXT PARAMETER                                   STEP         FIRST   
  NO.   NAME      VALUE            ERROR          SIZE      DERIVATIVE 
   1  p0           6.19200e+01   1.45599e+00  -3.16488e-05  -7.49852e-06
   2  p1           1.02000e+00   2.21161e-05  -2.04265e-06** at limit **
   3  p2           3.00000e-02   8.44895e-06   2.85972e-05** at limit **
   4  p3           5.98054e+01   2.92626e+00   7.46631e-04  -5.71810e-06
   5  p4           1.94614e+01   1.27714e+00   9.74503e-04   7.25286e-05
   6  p5           9.68154e-01   2.26020e-03  -1.57423e-06  -1.82311e-02
   7  p6          -4.59101e-03   3.65745e-03  -2.65237e-05  -4.88154e-04
   8  p7           8.21989e-03   8.81277e-04   1.75399e-05  -3.53031e-03
                               ERR DEF= 0.5
 FCN=143.78 FROM MIGRAD    STATUS=CALL LIMIT   2131 CALLS        2132 TOTAL
                     EDM=0.729957    STRATEGY= 1  ERROR MATRIX UNCERTAINTY   3.9 per cent
  EXT PARAMETER                APPROXIMATE        STEP         FIRST   
  NO.   NAME      VALUE            ERROR          SIZE      DERIVATIVE 
   1  p0           4.08134e+01   1.71110e-01  -3.97557e-02  -2.04805e+00
   2  p1           9.80047e-01   1.41529e-04   3.37182e-03   3.26863e+00
   3  p2           2.99167e-02   2.08381e-04   4.80122e-02  -4.65616e+00
   4  p3           2.55193e+01   3.07069e+00  -6.49687e-01  -1.58033e+00
   5  p4           2.92708e+01   1.64810e+00   1.17923e+00  -3.63988e+00
   6  p5           8.91742e-01   8.25081e-03   4.29100e-04   3.88918e+02
   7  p6          -4.51023e-04   8.70727e-04  -4.17295e-02   9.68349e+00
   8  p7           3.58423e-02   1.99526e-03  -3.08707e-02  -1.20532e+02
                               ERR DEF= 0.5

****************************************
Minimizer is Linear
Chi2                      =       271544
NDf                       =           14
p0                        =       1.0193   +/-   2.95902e-05 
p1                        =  1.02172e-07   +/-   1.60376e-08 
Calculation of survival fraction for 2104
 FCN=169.56 FROM MIGRAD    STATUS=CONVERGED     118 CALLS         119 TOTAL
                     EDM=1.12141e-09    STRATEGY= 1      ERROR MATRIX ACCURATE 
  EXT PARAMETER                                   STEP         FIRST   
  NO.   NAME      VALUE            ERROR          SIZE      DERIVATIVE 
   1  p0           2.20453e+02   5.25516e+00   3.72252e-02   7.53333e-07
   2  p1           2.10358e+03   4.41605e-02   1.00306e-03   5.64159e-04
   3  p2           2.01710e+00   4.10624e-02   2.02679e-05  -5.81901e-03
   4  p3           3.74068e+01   3.82047e-01   3.33209e-03  -3.08678e-05
                               ERR DEF= 0.5
Area_tot = 6077
Area_tot_psa = 5488
Area = 3741
Area_psa = 3260
 FCN=174.234 FROM MIGRAD    STATUS=CONVERGED     100 CALLS         101 TOTAL
                     EDM=1.63952e-08    STRATEGY= 1  ERROR MATRIX UNCERTAINTY   8.0 per cent
  EXT PARAMETER                                   STEP         FIRST   
  NO.   NAME      VALUE            ERROR          SIZE      DERIVATIVE 
   1  p0           1.91312e+02   4.99621e+00  -1.66507e-02  -6.55362e-06
   2  p1           2.10355e+03   4.82761e-02  -2.71208e-05   1.82875e-05
   3  p2           2.01782e+00   4.66128e-02   2.38767e-06  -5.75526e-02
   4  p3           3.58093e+01   3.74242e-01  -4.23468e-04  -8.33586e-05
                               ERR DEF= 0.5
Calculation of survival fraction for 2614.5
 FCN=964.111 FROM MIGRAD    STATUS=CONVERGED     104 CALLS         105 TOTAL
                     EDM=8.70475e-10    STRATEGY= 1  ERROR MATRIX UNCERTAINTY   4.1 per cent
  EXT PARAMETER                                   STEP         FIRST   
  NO.   NAME      VALUE            ERROR          SIZE      DERIVATIVE 
   1  p0           2.31290e+03   1.53244e+01  -6.91543e-03   1.97900e-06
   2  p1           2.61433e+03   1.00664e-02  -9.97788e-06   1.55389e-03
   3  p2           1.85807e+00   7.73465e-03  -1.02566e-06   7.61538e-02
   4  p3           5.52912e+00   1.61222e-01   6.42977e-05   1.70672e-06
                               ERR DEF= 0.5
Area_tot = 36399
Area_tot_psa = 34643
Area = 36013
Area_psa = 34283
 FCN=929.896 FROM MIGRAD    STATUS=CONVERGED     126 CALLS         127 TOTAL
                     EDM=3.89864e-08    STRATEGY= 1      ERROR MATRIX ACCURATE 
  EXT PARAMETER                                   STEP         FIRST   
  NO.   NAME      VALUE            ERROR          SIZE      DERIVATIVE 
   1  p0           2.19406e+03   1.49042e+01   2.50999e-01   7.01991e-07
   2  p1           2.61432e+03   1.03554e-02   1.24661e-03  -7.53632e-03
   3  p2           1.86471e+00   7.95865e-03   9.80226e-06   1.54465e-01
   4  p3           5.06915e+00   1.55462e-01   3.23567e-03  -9.12542e-04
                               ERR DEF= 0.5
Calculation of survival fraction background at 2039
Area = 8161
Area_psa = 7816
