
[1mRooFit v3.60 -- Developed by Wouter Verkerke and David Kirkby[0m 
                Copyright (C) 2000-2013 NIKHEF, University of California & Stanford University
                All rights reserved, please read http://roofit.sourceforge.net/license.txt

Using file /nfs/gerda6/users/burlac/psd/analysis/run0098-cal_dplms_10.tier.root
Analizing channel 27
Standard analysis 
Total events = 17201607
event n.1000000
event n.2000000
event n.3000000
event n.4000000
event n.5000000
event n.6000000
event n.7000000
event n.8000000
event n.9000000
event n.10000000
event n.11000000
event n.12000000
event n.13000000
event n.14000000
event n.15000000
event n.16000000
event n.17000000
Selected events: 350431
The time to read waveforms: 26.69 s
Initialization of DEP&FEP background  = 38
 FCN=107.062 FROM MIGRAD    STATUS=CONVERGED     196 CALLS         197 TOTAL
                     EDM=1.91633e-09    STRATEGY= 1  ERROR MATRIX UNCERTAINTY   2.4 per cent
  EXT PARAMETER                                   STEP         FIRST   
  NO.   NAME      VALUE            ERROR          SIZE      DERIVATIVE 
   1  p0           6.11765e+01   2.92597e+00   2.06882e-03  -1.40861e-06
   2  p1           1.59489e+03   9.77516e-02   1.92985e-05  -5.96001e-04
   3  p2           2.69189e+00   1.30093e-01  -7.43657e-06  -9.16833e-04
   4  p3           1.23762e+02   3.64446e+00   1.46140e-03  -1.82750e-06
   5  p4           1.62306e+03   7.51355e-02   1.11883e-05   9.64361e-05
   6  p5           2.65669e+00   7.00805e-02  -4.79696e-06  -1.49820e-03
   7  p6           3.74802e+01   5.35343e-01   2.51212e-04   4.59688e-06
                               ERR DEF= 0.5
mean_aoe = 0.0229
AoE: max = 3.04463 max = 0.221432
 FCN=4.96958 FROM MIGRAD    STATUS=CONVERGED     500 CALLS         501 TOTAL
                     EDM=3.79047e-08    STRATEGY= 1      ERROR MATRIX ACCURATE 
  EXT PARAMETER                                   STEP         FIRST   
  NO.   NAME      VALUE            ERROR          SIZE      DERIVATIVE 
   1  p0           3.16322e-01   2.20786e-01   2.54003e-04  -1.89173e-04
   2  p1           9.71697e-01   3.84002e-02   5.23503e-05  -2.84843e-03
   3  p2           5.09920e-02   4.19277e-02   1.74973e-04   5.54025e-05
   4  p3          -7.69739e-01   4.37896e-01   6.04097e-05   3.76596e-03
   5  p4           1.11700e+00   5.86634e-01   7.59168e-05   2.72180e-03
                               ERR DEF= 0.5
Total integral = 3624
Bin number = 100  AoE_lowCut = 48 -> 0.95
CutIntegral = 3177
SF_dep = 0.876656
sigma_aoe = 0.050992
Total integral = 3624
Bin number = 250  AoE_lowCut = 115 -> 0.916
CutIntegral = 3262
SF_dep = 0.90011
sigma_aoe = 0.050992
Total integral = 3624
Bin number = 500  AoE_lowCut = 228 -> 0.91
CutIntegral = 3262
SF_dep = 0.90011
sigma_aoe = 0.050992
Total integral = 3624
Bin number = 1000  AoE_lowCut = 453 -> 0.905
CutIntegral = 3271
SF_dep = 0.902594
sigma_aoe = 0.050992
Total integral = 3624
Bin number = 1500  AoE_lowCut = 678 -> 0.903333
CutIntegral = 3276
SF_dep = 0.903974
sigma_aoe = 0.050992
Total integral = 3624
Bin number = 2000  AoE_lowCut = 903 -> 0.9025
CutIntegral = 3278
SF_dep = 0.904525
sigma_aoe = 0.050992
Total integral = 3624
Bin number = 2500  AoE_lowCut = 1128 -> 0.902
CutIntegral = 3279
SF_dep = 0.904801
sigma_aoe = 0.050992
Total integral = 3624
Bin number = 3000  AoE_lowCut = 1354 -> 0.902333
CutIntegral = 3276
SF_dep = 0.903974
sigma_aoe = 0.050992
Total integral = 3624
Bin number = 3500  AoE_lowCut = 1579 -> 0.902
CutIntegral = 3278
SF_dep = 0.904525
sigma_aoe = 0.050992
Total integral = 3624
Bin number = 4000  AoE_lowCut = 1804 -> 0.90175
CutIntegral = 3278
SF_dep = 0.904525
sigma_aoe = 0.050992
Total integral = 3624
Bin number = 4500  AoE_lowCut = 2029 -> 0.901556
CutIntegral = 3278
SF_dep = 0.904525
sigma_aoe = 0.050992
Total integral = 3624
Bin number = 5000  AoE_lowCut = 2254 -> 0.9014
CutIntegral = 3279
SF_dep = 0.904801
sigma_aoe = 0.050992
Total integral = 3624
Bin number = 6000  AoE_lowCut = 2705 -> 0.9015
CutIntegral = 3278
SF_dep = 0.904525
sigma_aoe = 0.050992
Total integral = 3624
Bin number = 7000  AoE_lowCut = 3155 -> 0.901286
CutIntegral = 3278
SF_dep = 0.904525
sigma_aoe = 0.050992
Total integral = 3624
Bin number = 8000  AoE_lowCut = 3605 -> 0.901125
CutIntegral = 3279
SF_dep = 0.904801
sigma_aoe = 0.050992
Total integral = 3624
Bin number = 9000  AoE_lowCut = 4056 -> 0.901222
CutIntegral = 3278
SF_dep = 0.904525
sigma_aoe = 0.050992
Total integral = 3624
Bin number = 10000  AoE_lowCut = 4506 -> 0.9011
CutIntegral = 3279
SF_dep = 0.904801
sigma_aoe = 0.050992
