
[1mRooFit v3.60 -- Developed by Wouter Verkerke and David Kirkby[0m 
                Copyright (C) 2000-2013 NIKHEF, University of California & Stanford University
                All rights reserved, please read http://roofit.sourceforge.net/license.txt

Using file /nfs/gerda6/users/burlac/psd/analysis/run0098-cal_dplms_10.tier.root
Analizing channel 22
Standard analysis 
Total events = 17201607
event n.1000000
event n.2000000
event n.3000000
event n.4000000
event n.5000000
event n.6000000
event n.7000000
event n.8000000
event n.9000000
event n.10000000
event n.11000000
event n.12000000
event n.13000000
event n.14000000
event n.15000000
event n.16000000
event n.17000000
Selected events: 119090
The time to read waveforms: 27.25 s
Initialization of DEP&FEP background  = 16
 FCN=96.1735 FROM MIGRAD    STATUS=CONVERGED     166 CALLS         167 TOTAL
                     EDM=1.52702e-07    STRATEGY= 1  ERROR MATRIX UNCERTAINTY   2.6 per cent
  EXT PARAMETER                                   STEP         FIRST   
  NO.   NAME      VALUE            ERROR          SIZE      DERIVATIVE 
   1  p0           1.38397e+02   5.37591e+00   8.86442e-03  -4.55694e-05
   2  p1           1.59290e+03   3.56251e-02   1.08879e-04   3.88801e-03
   3  p2           9.63604e-01   2.91778e-02  -1.69534e-06   5.27504e-02
   4  p3           7.51547e+01   3.83133e+00   1.33014e-03   8.07732e-05
   5  p4           1.62098e+03   5.21547e-02  -3.90319e-06  -8.01575e-04
   6  p5           9.29464e-01   3.98234e-02  -3.56272e-07  -5.53421e-02
   7  p6           1.45187e+01   3.01799e-01   2.72302e-04  -2.28807e-04
                               ERR DEF= 0.5
mean_aoe = 0.0485
AoE: max = 1.80236 max = 0.111097
 FCN=1.13949 FROM MIGRAD    STATUS=CONVERGED     316 CALLS         317 TOTAL
                     EDM=6.22149e-08    STRATEGY= 1  ERROR MATRIX UNCERTAINTY   0.9 per cent
  EXT PARAMETER                                   STEP         FIRST   
  NO.   NAME      VALUE            ERROR          SIZE      DERIVATIVE 
   1  p0           9.57083e-01   4.72695e-01  -3.93739e-04  -7.33057e-04
   2  p1           9.95967e-01   3.98373e-03  -1.89766e-05  -3.57928e-02
   3  p2           8.74326e-03   3.12187e-03  -8.81619e-06  -9.52598e-03
   4  p3           5.09263e-03   6.18704e-03   4.23358e-05  -2.88588e-01
   5  p4           3.24101e-03   3.93394e-03   2.69176e-05   4.07796e-01
                               ERR DEF= 0.5
Total integral = 1132
Bin number = 100  AoE_lowCut = 52 -> 1.03
CutIntegral = 381
SF_dep = 0.336572
sigma_aoe = 0.00874326
Total integral = 1132
Bin number = 250  AoE_lowCut = 125 -> 0.996
CutIntegral = 980
SF_dep = 0.865724
sigma_aoe = 0.00874326
Total integral = 1132
Bin number = 500  AoE_lowCut = 248 -> 0.99
CutIntegral = 980
SF_dep = 0.865724
sigma_aoe = 0.00874326
Total integral = 1132
Bin number = 1000  AoE_lowCut = 493 -> 0.985
CutIntegral = 1014
SF_dep = 0.89576
sigma_aoe = 0.00874326
Total integral = 1132
Bin number = 1500  AoE_lowCut = 738 -> 0.983333
CutIntegral = 1017
SF_dep = 0.89841
sigma_aoe = 0.00874326
Total integral = 1132
Bin number = 2000  AoE_lowCut = 984 -> 0.9835
CutIntegral = 1014
SF_dep = 0.89576
sigma_aoe = 0.00874326
Total integral = 1132
Bin number = 2500  AoE_lowCut = 1229 -> 0.9828
CutIntegral = 1017
SF_dep = 0.89841
sigma_aoe = 0.00874326
Total integral = 1132
Bin number = 3000  AoE_lowCut = 1474 -> 0.982333
CutIntegral = 1017
SF_dep = 0.89841
sigma_aoe = 0.00874326
Total integral = 1132
Bin number = 3500  AoE_lowCut = 1719 -> 0.982
CutIntegral = 1024
SF_dep = 0.904594
sigma_aoe = 0.00874326
Total integral = 1132
Bin number = 4000  AoE_lowCut = 1965 -> 0.98225
CutIntegral = 1017
SF_dep = 0.89841
sigma_aoe = 0.00874326
Total integral = 1132
Bin number = 4500  AoE_lowCut = 2210 -> 0.982
CutIntegral = 1017
SF_dep = 0.89841
sigma_aoe = 0.00874326
Total integral = 1132
Bin number = 5000  AoE_lowCut = 2455 -> 0.9818
CutIntegral = 1022
SF_dep = 0.902827
sigma_aoe = 0.00874326
Total integral = 1132
Bin number = 6000  AoE_lowCut = 2946 -> 0.981833
CutIntegral = 1017
SF_dep = 0.89841
sigma_aoe = 0.00874326
Total integral = 1132
Bin number = 7000  AoE_lowCut = 3436 -> 0.981571
CutIntegral = 1024
SF_dep = 0.904594
sigma_aoe = 0.00874326
Total integral = 1132
Bin number = 8000  AoE_lowCut = 3927 -> 0.981625
CutIntegral = 1021
SF_dep = 0.901943
sigma_aoe = 0.00874326
Total integral = 1132
Bin number = 9000  AoE_lowCut = 4417 -> 0.981444
CutIntegral = 1024
SF_dep = 0.904594
sigma_aoe = 0.00874326
Total integral = 1132
Bin number = 10000  AoE_lowCut = 4908 -> 0.9815
CutIntegral = 1022
SF_dep = 0.902827
sigma_aoe = 0.00874326
