
[1mRooFit v3.60 -- Developed by Wouter Verkerke and David Kirkby[0m 
                Copyright (C) 2000-2013 NIKHEF, University of California & Stanford University
                All rights reserved, please read http://roofit.sourceforge.net/license.txt

Using file /nfs/gerda6/users/burlac/psd/analysis/run0098-cal_dplms_10.tier.root
Analizing channel 40
Standard analysis 
Total events = 17201607
event n.1000000
event n.2000000
event n.3000000
event n.4000000
event n.5000000
event n.6000000
event n.7000000
event n.8000000
event n.9000000
event n.10000000
event n.11000000
event n.12000000
event n.13000000
event n.14000000
event n.15000000
event n.16000000
event n.17000000
Selected events: 256109
The time to read waveforms: 28.14 s
Initialization of DEP&FEP background  = 31.5
 FCN=128.059 FROM MIGRAD    STATUS=CONVERGED     164 CALLS         165 TOTAL
                     EDM=6.2664e-08    STRATEGY= 1  ERROR MATRIX UNCERTAINTY   3.5 per cent
  EXT PARAMETER                                   STEP         FIRST   
  NO.   NAME      VALUE            ERROR          SIZE      DERIVATIVE 
   1  p0           1.08520e+02   5.21901e+00  -4.17234e-03   4.95933e-05
   2  p1           1.59356e+03   5.43286e-02  -5.96832e-05  -1.22321e-03
   3  p2           1.19193e+00   5.49262e-02  -2.86538e-06   3.22483e-02
   4  p3           1.74753e+02   6.42238e+00  -1.51533e-02   5.71662e-06
   5  p4           1.62153e+03   3.59250e-02  -8.79292e-06   8.12409e-04
   6  p5           1.06757e+00   3.28838e-02   3.39390e-06  -5.71192e-02
   7  p6           2.94630e+01   4.06499e-01  -7.09001e-04  -3.35472e-04
                               ERR DEF= 0.5
mean_aoe = 0.0339
AoE: max = 2.60834 max = 0.109135
 FCN=1.59374 FROM MIGRAD    STATUS=CONVERGED     330 CALLS         331 TOTAL
                     EDM=5.0927e-08    STRATEGY= 1  ERROR MATRIX UNCERTAINTY   2.0 per cent
  EXT PARAMETER                                   STEP         FIRST   
  NO.   NAME      VALUE            ERROR          SIZE      DERIVATIVE 
   1  p0           7.62459e-01   3.28345e-01  -7.45656e-04   2.44384e-04
   2  p1           9.95705e-01   5.27689e-03   4.62073e-06   5.78107e-02
   3  p2           1.31006e-02   3.95649e-03  -5.43527e-05   6.77100e-04
   4  p3           6.17504e-03   6.77731e-03   3.19429e-05  -1.02101e+00
   5  p4           4.06044e-03   4.45254e-03   2.09865e-05   1.54925e+00
                               ERR DEF= 0.5
Total integral = 1168
Bin number = 100  AoE_lowCut = 49 -> 0.97
CutIntegral = 1056
SF_dep = 0.90411
sigma_aoe = 0.0131006
Total integral = 1168
Bin number = 250  AoE_lowCut = 104 -> 0.828
CutIntegral = 1057
SF_dep = 0.904966
sigma_aoe = 0.0131006
Total integral = 1168
Bin number = 500  AoE_lowCut = 205 -> 0.818
CutIntegral = 1056
SF_dep = 0.90411
sigma_aoe = 0.0131006
Total integral = 1168
Bin number = 1000  AoE_lowCut = 407 -> 0.813
CutIntegral = 1055
SF_dep = 0.903253
sigma_aoe = 0.0131006
Total integral = 1168
Bin number = 1500  AoE_lowCut = 609 -> 0.811333
CutIntegral = 1057
SF_dep = 0.904966
sigma_aoe = 0.0131006
Total integral = 1168
Bin number = 2000  AoE_lowCut = 807 -> 0.8065
CutIntegral = 1057
SF_dep = 0.904966
sigma_aoe = 0.0131006
Total integral = 1168
Bin number = 2500  AoE_lowCut = 1008 -> 0.806
CutIntegral = 1057
SF_dep = 0.904966
sigma_aoe = 0.0131006
Total integral = 1168
Bin number = 3000  AoE_lowCut = 1209 -> 0.805667
CutIntegral = 1057
SF_dep = 0.904966
sigma_aoe = 0.0131006
Total integral = 1168
Bin number = 3500  AoE_lowCut = 1410 -> 0.805429
CutIntegral = 1057
SF_dep = 0.904966
sigma_aoe = 0.0131006
Total integral = 1168
Bin number = 4000  AoE_lowCut = 1611 -> 0.80525
CutIntegral = 1057
SF_dep = 0.904966
sigma_aoe = 0.0131006
Total integral = 1168
Bin number = 4500  AoE_lowCut = 1812 -> 0.805111
CutIntegral = 1057
SF_dep = 0.904966
sigma_aoe = 0.0131006
Total integral = 1168
Bin number = 5000  AoE_lowCut = 2014 -> 0.8054
CutIntegral = 1057
SF_dep = 0.904966
sigma_aoe = 0.0131006
Total integral = 1168
Bin number = 6000  AoE_lowCut = 2416 -> 0.805167
CutIntegral = 1057
SF_dep = 0.904966
sigma_aoe = 0.0131006
Total integral = 1168
Bin number = 7000  AoE_lowCut = 2818 -> 0.805
CutIntegral = 1057
SF_dep = 0.904966
sigma_aoe = 0.0131006
Total integral = 1168
Bin number = 8000  AoE_lowCut = 3220 -> 0.804875
CutIntegral = 1057
SF_dep = 0.904966
sigma_aoe = 0.0131006
Total integral = 1168
Bin number = 9000  AoE_lowCut = 3622 -> 0.804778
CutIntegral = 1057
SF_dep = 0.904966
sigma_aoe = 0.0131006
Total integral = 1168
Bin number = 10000  AoE_lowCut = 4025 -> 0.8049
CutIntegral = 1057
SF_dep = 0.904966
sigma_aoe = 0.0131006
