
[1mRooFit v3.60 -- Developed by Wouter Verkerke and David Kirkby[0m 
                Copyright (C) 2000-2013 NIKHEF, University of California & Stanford University
                All rights reserved, please read http://roofit.sourceforge.net/license.txt

Using file /nfs/gerda6/users/burlac/psd/analysis/run0098-cal_dplms_10.tier.root
Analizing channel 12
Standard analysis 
Total events = 17201607
event n.1000000
event n.2000000
event n.3000000
event n.4000000
event n.5000000
event n.6000000
event n.7000000
event n.8000000
event n.9000000
event n.10000000
event n.11000000
event n.12000000
event n.13000000
event n.14000000
event n.15000000
event n.16000000
event n.17000000
Selected events: 119679
The time to read waveforms: 34.23 s
Initialization of DEP&FEP background  = 15.5
 FCN=124.812 FROM MIGRAD    STATUS=CONVERGED     228 CALLS         229 TOTAL
                     EDM=6.18281e-08    STRATEGY= 1      ERROR MATRIX ACCURATE 
  EXT PARAMETER                                   STEP         FIRST   
  NO.   NAME      VALUE            ERROR          SIZE      DERIVATIVE 
   1  p0           1.58442e+02   6.01933e+00   3.68699e-02   3.38652e-06
   2  p1           1.59243e+03   3.33824e-02   7.59330e-04  -2.87171e-04
   3  p2           9.85980e-01   2.91081e-02   1.78329e-05  -3.15026e-02
   4  p3           7.91066e+01   4.67042e+00   2.86087e-02  -1.21687e-05
   5  p4           1.62061e+03   5.10160e-02   7.72768e-04  -2.74980e-04
   6  p5           9.32195e-01   4.63522e-02   2.92307e-05  -4.04522e-02
   7  p6           1.47653e+01   2.81098e-01   2.09832e-03  -6.93474e-04
                               ERR DEF= 0.5
mean_aoe = 0.0437
AoE: max = 1.8969 max = 0.0574205
 FCN=0.734527 FROM MIGRAD    STATUS=CONVERGED     328 CALLS         329 TOTAL
                     EDM=2.81829e-07    STRATEGY= 1  ERROR MATRIX UNCERTAINTY   0.7 per cent
  EXT PARAMETER                                   STEP         FIRST   
  NO.   NAME      VALUE            ERROR          SIZE      DERIVATIVE 
   1  p0           9.05070e-01   4.90486e-01   1.84700e-03  -4.70259e-04
   2  p1           9.99985e-01   3.85555e-03   5.52645e-05   1.08695e-01
   3  p2           8.43935e-03   2.88488e-03  -3.42978e-04   4.82029e-03
   4  p3           3.45117e-03   5.05353e-03   1.25061e-04  -6.49199e-01
   5  p4           2.05772e-03   3.00832e-03   7.44559e-05   9.06194e-01
                               ERR DEF= 0.5
Total integral = 0
AoE_lowCut = 2 -> 0x7fff4987f8a0
CutIntegral = 0
SF_dep = -nan
sigma_aoe = 0.00843935
Total integral = 0
AoE_lowCut = 2 -> 0x7fff4987f8a0
CutIntegral = 0
SF_dep = -nan
sigma_aoe = 0.00843935
Total integral = 0
AoE_lowCut = 2 -> 0x7fff4987f8a0
CutIntegral = 0
SF_dep = -nan
sigma_aoe = 0.00843935
Total integral = 0
AoE_lowCut = 2 -> 0x7fff4987f8a0
CutIntegral = 0
SF_dep = -nan
sigma_aoe = 0.00843935
Total integral = 0
AoE_lowCut = 2 -> 0x7fff4987f8a0
CutIntegral = 0
SF_dep = -nan
sigma_aoe = 0.00843935
Total integral = 0
AoE_lowCut = 2 -> 0x7fff4987f8a0
CutIntegral = 0
SF_dep = -nan
sigma_aoe = 0.00843935
Total integral = 0
AoE_lowCut = 2 -> 0x7fff4987f8a0
CutIntegral = 0
SF_dep = -nan
sigma_aoe = 0.00843935
Total integral = 0
AoE_lowCut = 2 -> 0x7fff4987f8a0
CutIntegral = 0
SF_dep = -nan
sigma_aoe = 0.00843935
Total integral = 0
AoE_lowCut = 2 -> 0x7fff4987f8a0
CutIntegral = 0
SF_dep = -nan
sigma_aoe = 0.00843935
Total integral = 0
AoE_lowCut = 2 -> 0x7fff4987f8a0
CutIntegral = 0
SF_dep = -nan
sigma_aoe = 0.00843935
Total integral = 0
AoE_lowCut = 2 -> 0x7fff4987f8a0
CutIntegral = 0
SF_dep = -nan
sigma_aoe = 0.00843935
Total integral = 0
AoE_lowCut = 2 -> 0x7fff4987f8a0
CutIntegral = 0
SF_dep = -nan
sigma_aoe = 0.00843935
Total integral = 0
AoE_lowCut = 2 -> 0x7fff4987f8a0
CutIntegral = 0
SF_dep = -nan
sigma_aoe = 0.00843935
Total integral = 0
AoE_lowCut = 2 -> 0x7fff4987f8a0
CutIntegral = 0
SF_dep = -nan
sigma_aoe = 0.00843935
Total integral = 0
AoE_lowCut = 2 -> 0x7fff4987f8a0
CutIntegral = 0
SF_dep = -nan
sigma_aoe = 0.00843935
Total integral = 0
AoE_lowCut = 2 -> 0x7fff4987f8a0
CutIntegral = 0
SF_dep = -nan
sigma_aoe = 0.00843935
Total integral = 0
AoE_lowCut = 2 -> 0x7fff4987f8a0
CutIntegral = 0
SF_dep = -nan
sigma_aoe = 0.00843935
Total integral = 0
AoE_lowCut = 2 -> 0x7fff4987f8a0
CutIntegral = 0
SF_dep = -nan
sigma_aoe = 0.00843935
Total integral = 0
AoE_lowCut = 2 -> 0x7fff4987f8a0
CutIntegral = 0
SF_dep = -nan
sigma_aoe = 0.00843935
Total integral = 0
AoE_lowCut = 2 -> 0x7fff4987f8a0
CutIntegral = 0
SF_dep = -nan
sigma_aoe = 0.00843935
Total integral = 0
AoE_lowCut = 2 -> 0x7fff4987f8a0
CutIntegral = 0
SF_dep = -nan
sigma_aoe = 0.00843935
Total integral = 0
AoE_lowCut = 2 -> 0x7fff4987f8a0
CutIntegral = 0
SF_dep = -nan
sigma_aoe = 0.00843935
Total integral = 0
AoE_lowCut = 2 -> 0x7fff4987f8a0
CutIntegral = 0
SF_dep = -nan
sigma_aoe = 0.00843935
Total integral = 0
AoE_lowCut = 2 -> 0x7fff4987f8a0
CutIntegral = 0
SF_dep = -nan
sigma_aoe = 0.00843935
Total integral = 0
AoE_lowCut = 2 -> 0x7fff4987f8a0
CutIntegral = 0
SF_dep = -nan
sigma_aoe = 0.00843935
Total integral = 0
AoE_lowCut = 2 -> 0x7fff4987f8a0
CutIntegral = 0
SF_dep = -nan
sigma_aoe = 0.00843935
Total integral = 0
AoE_lowCut = 2 -> 0x7fff4987f8a0
CutIntegral = 0
SF_dep = -nan
sigma_aoe = 0.00843935
Total integral = 0
AoE_lowCut = 2 -> 0x7fff4987f8a0
CutIntegral = 0
SF_dep = -nan
sigma_aoe = 0.00843935
Total integral = 0
AoE_lowCut = 2 -> 0x7fff4987f8a0
CutIntegral = 0
SF_dep = -nan
sigma_aoe = 0.00843935
Total integral = 0
AoE_lowCut = 2 -> 0x7fff4987f8a0
CutIntegral = 0
SF_dep = -nan
sigma_aoe = 0.00843935
