
[1mRooFit v3.60 -- Developed by Wouter Verkerke and David Kirkby[0m 
                Copyright (C) 2000-2013 NIKHEF, University of California & Stanford University
                All rights reserved, please read http://roofit.sourceforge.net/license.txt

Using file /nfs/gerda6/users/burlac/psd/analysis/run0098-cal_dplms_10.tier.root
Analizing channel 30
DPLMS analysis with weight 10
Total events = 17201607
event n.1000000
event n.2000000
event n.3000000
event n.4000000
event n.5000000
event n.6000000
event n.7000000
event n.8000000
event n.9000000
event n.10000000
event n.11000000
event n.12000000
event n.13000000
event n.14000000
event n.15000000
event n.16000000
event n.17000000
Selected events: 86230
The time to read waveforms: 31.37 s
Initialization of DEP&FEP background  = 8.5
 FCN=108.455 FROM MIGRAD    STATUS=CONVERGED     227 CALLS         228 TOTAL
                     EDM=7.0256e-07    STRATEGY= 1      ERROR MATRIX ACCURATE 
  EXT PARAMETER                                   STEP         FIRST   
  NO.   NAME      VALUE            ERROR          SIZE      DERIVATIVE 
   1  p0           1.47255e+02   5.93839e+00   3.38675e-02  -1.53460e-05
   2  p1           1.59278e+03   3.25584e-02   7.59495e-04   1.21493e-02
   3  p2           9.17110e-01   2.80926e-02   1.65876e-05  -4.38650e-02
   4  p3           4.82933e+01   3.98045e+00   2.19992e-02   5.30545e-05
   5  p4           1.62094e+03   6.72390e-02   7.72924e-04   5.22431e-03
   6  p5           8.79208e-01   6.91949e-02   4.03127e-05   3.24975e-02
   7  p6           1.06891e+01   2.41110e-01   1.67232e-03  -2.43126e-03
                               ERR DEF= 0.5
mean_aoe = 0.1689
AoE: max = 1.38967 max = 0.0535977
 FCN=2.32874 FROM MIGRAD    STATUS=CONVERGED     406 CALLS         407 TOTAL
                     EDM=5.32791e-07    STRATEGY= 1  ERROR MATRIX UNCERTAINTY   3.4 per cent
  EXT PARAMETER                                   STEP         FIRST   
  NO.   NAME      VALUE            ERROR          SIZE      DERIVATIVE 
   1  p0           7.56655e-01   3.63026e-01   2.75280e-03  -3.00838e-03
   2  p1           9.99979e-01   1.85972e-03  -1.01103e-05  -1.29582e-01
   3  p2           4.53936e-03   1.55562e-03  -1.89407e-04  -7.38625e-03
   4  p3           3.34776e-03   2.78823e-03   1.89207e-05   3.68292e+00
   5  p4           1.88262e-03   1.56535e-03   1.06266e-05  -6.61428e+00
                               ERR DEF= 0.5
AoE_lowCut = 0.9909
 FCN=119.056 FROM MIGRAD    STATUS=CONVERGED     187 CALLS         188 TOTAL
                     EDM=1.15306e-06    STRATEGY= 1      ERROR MATRIX ACCURATE 
  EXT PARAMETER                                   STEP         FIRST   
  NO.   NAME      VALUE            ERROR          SIZE      DERIVATIVE 
   1  p0           1.32572e+02   5.44390e+00   3.26301e-02   8.63890e-05
   2  p1           1.59280e+03   3.26733e-02   7.59507e-04   2.16486e-02
   3  p2           9.22337e-01   2.70391e-02   1.67185e-05   1.31766e-01
   4  p3           7.50526e+00   2.66983e+00   1.23733e-02   7.57142e-05
   5  p4           1.62089e+03   2.18726e-01   1.63050e-03  -1.76415e-03
   6  p5           7.39606e-01   3.76857e-01   1.96133e-04   1.63021e-02
   7  p6           4.94844e+00   1.72167e-01   1.22149e-03   3.09734e-03
                               ERR DEF= 0.5
AreaDEP_tot = 1462
Area_DEP_tot_psa = 1183
AreaDEP = 1074
Area_DEP_psa = 986
Area_FEP_tot = 673
Area_FEP_tot_psa = 199
Area_FEP = 346
Area_FEP_psa = 45
Calculation of AoE vs E correction
 FCN=98.0068 FROM MIGRAD    STATUS=CONVERGED    1189 CALLS        1190 TOTAL
                     EDM=4.00894e-08    STRATEGY= 1      ERROR MATRIX ACCURATE 
  EXT PARAMETER                                   STEP         FIRST   
  NO.   NAME      VALUE            ERROR          SIZE      DERIVATIVE 
   1  p0           1.00305e+02   4.63419e+00   7.51506e-04   4.33843e-05
   2  p1           1.00099e+00   2.65254e-04   9.02401e-05   3.94197e-03
   3  p2           6.57115e-03   2.36816e-04   1.97170e-04  -1.40670e-03
   4  p3           1.02646e+01   7.62411e-01   2.43703e-03  -3.51025e-04
   5  p4           3.99746e+00   5.33395e-01   1.51812e-03   5.47493e-04
   6  p5           1.00862e+00   6.75227e-03   2.44924e-05   7.09773e-03
   7  p6          -7.24205e-10   1.24694e-01   4.90111e-03** at limit **
   8  p7           2.33430e-02   2.68449e-03   3.30546e-04   1.59323e-03
                               ERR DEF= 0.5
 FCN=102.026 FROM MIGRAD    STATUS=CONVERGED    1076 CALLS        1077 TOTAL
                     EDM=1.82229e-07    STRATEGY= 1      ERROR MATRIX ACCURATE 
  EXT PARAMETER                                   STEP         FIRST   
  NO.   NAME      VALUE            ERROR          SIZE      DERIVATIVE 
   1  p0           9.80609e+01   4.78659e+00   8.04790e-04  -7.73301e-04
   2  p1           1.00074e+00   2.59738e-04   8.97757e-05  -9.06436e-05
   3  p2           6.11718e-03   2.44859e-04   2.35065e-04  -2.82553e-03
   4  p3           8.59414e+00   6.98069e-01   2.36024e-03   9.42598e-05
   5  p4           4.50565e+00   5.65425e-01   1.77508e-03  -2.02058e-04
   6  p5           1.01124e+00   5.85957e-03   2.31176e-05   1.39065e-02
   7  p6          -1.91418e-08   1.18710e-01   4.82580e-03** at limit **
   8  p7           1.78488e-02   2.36376e-03   3.36837e-04   6.47753e-04
                               ERR DEF= 0.5
 FCN=122.343 FROM MIGRAD    STATUS=CONVERGED    1299 CALLS        1300 TOTAL
                     EDM=1.3087e-07    STRATEGY= 1  ERROR MATRIX UNCERTAINTY   3.3 per cent
  EXT PARAMETER                                   STEP         FIRST   
  NO.   NAME      VALUE            ERROR          SIZE      DERIVATIVE 
   1  p0           1.03549e+02   5.43933e+00  -4.22211e-05  -3.29657e-04
   2  p1           1.00063e+00   2.29741e-04   1.04896e-05   2.32321e-02
   3  p2           5.14477e-03   2.14081e-04   3.56017e-05   1.67437e-04
   4  p3           1.02203e+01   7.67753e-01  -5.22608e-04  -5.35950e-04
   5  p4           6.27079e+00   6.42120e-01  -7.74043e-04   8.25205e-04
   6  p5           1.00477e+00   6.65899e-03   6.73147e-06   6.89472e-02
   7  p6          -1.18651e-09   3.94945e-02  -9.38377e-04** at limit **
   8  p7           2.30947e-02   2.45733e-03   3.82863e-06   6.84851e-03
                               ERR DEF= 0.5
 FCN=144.914 FROM MIGRAD    STATUS=CONVERGED    1500 CALLS        1501 TOTAL
                     EDM=2.22966e-08    STRATEGY= 1      ERROR MATRIX ACCURATE 
  EXT PARAMETER                                   STEP         FIRST   
  NO.   NAME      VALUE            ERROR          SIZE      DERIVATIVE 
   1  p0           1.15055e+02   4.59215e+00   9.39671e-04   8.37198e-04
   2  p1           9.99929e-01   2.13689e-04   8.87401e-05   5.88494e-04
   3  p2           5.00000e-03   4.10838e-04   2.14264e-03** at limit **
   4  p3           1.03606e+01   7.65790e-01   3.43539e-03   6.59079e-05
   5  p4           6.69793e+00   6.50989e-01   2.45335e-03   1.43283e-05
   6  p5           1.00472e+00   6.12145e-03   2.77764e-05   6.32544e-03
   7  p6          -4.58020e-10   6.09585e-02   4.12563e-03** at limit **
   8  p7           2.24194e-02   2.26319e-03   3.59984e-04   1.60986e-04
                               ERR DEF= 0.5
 FCN=135.347 FROM MIGRAD    STATUS=CONVERGED    1246 CALLS        1247 TOTAL
                     EDM=9.95425e-07    STRATEGY= 1  ERROR MATRIX UNCERTAINTY   4.0 per cent
  EXT PARAMETER                                   STEP         FIRST   
  NO.   NAME      VALUE            ERROR          SIZE      DERIVATIVE 
   1  p0           1.16748e+02   4.58471e+00  -9.42185e-04  -9.67394e-03
   2  p1           9.99456e-01   2.10467e-04   9.02052e-06   5.70737e-05
   3  p2           5.00000e-03   4.35777e-05   5.61625e-04** at limit **
   4  p3           1.13495e+01   7.92192e-01  -7.11266e-04  -1.65850e-03
   5  p4           7.47017e+00   6.79822e-01  -7.28889e-03   1.93362e-03
   6  p5           9.98692e-01   6.25041e-03   7.45614e-05   1.70672e-03
   7  p6          -2.73181e-09   1.54221e-02  -3.67080e-03** at limit **
   8  p7           2.35785e-02   2.17493e-03  -3.99851e-04  -1.29837e-03
                               ERR DEF= 0.5
 FCN=116.158 FROM MIGRAD    STATUS=CONVERGED    1323 CALLS        1324 TOTAL
                     EDM=1.85676e-08    STRATEGY= 1      ERROR MATRIX ACCURATE 
  EXT PARAMETER                                   STEP         FIRST   
  NO.   NAME      VALUE            ERROR          SIZE      DERIVATIVE 
   1  p0           1.01169e+02   4.29021e+00   8.89472e-04   1.72451e-04
   2  p1           9.99425e-01   2.26816e-04   8.44730e-05   6.40835e-04
   3  p2           5.00000e-03   7.39947e-05   8.11971e-04** at limit **
   4  p3           1.00910e+01   7.51284e-01   3.08248e-03  -1.58591e-04
   5  p4           7.18426e+00   7.10100e-01   2.35753e-03   3.17679e-04
   6  p5           9.99841e-01   6.81653e-03   2.69280e-05   2.95926e-02
   7  p6          -3.31142e-11   1.85221e-02   2.03576e-03** at limit **
   8  p7           2.50497e-02   2.38056e-03   3.27384e-04   2.06319e-03
                               ERR DEF= 0.5
 FCN=124.587 FROM MIGRAD    STATUS=CONVERGED    1184 CALLS        1185 TOTAL
                     EDM=5.1984e-08    STRATEGY= 1  ERROR MATRIX UNCERTAINTY   3.1 per cent
  EXT PARAMETER                                   STEP         FIRST   
  NO.   NAME      VALUE            ERROR          SIZE      DERIVATIVE 
   1  p0           8.66236e+01   3.97700e+00  -2.56219e-05  -6.09342e-04
   2  p1           9.98417e-01   2.48791e-04   1.10243e-05   8.54453e-03
   3  p2           5.00000e-03   7.07870e-05   5.26485e-05** at limit **
   4  p3           1.17422e+01   8.20304e-01   6.84901e-04   8.55598e-05
   5  p4           8.60457e+00   7.38912e-01   1.84145e-03  -2.20298e-04
   6  p5           9.89700e-01   6.03017e-03  -5.67949e-07  -7.40455e-03
   7  p6          -2.32005e-10   2.20297e-02   4.65384e-04** at limit **
   8  p7           2.05683e-02   1.85572e-03  -3.19117e-05   8.83979e-04
                               ERR DEF= 0.5
 FCN=156.049 FROM MIGRAD    STATUS=CONVERGED    1118 CALLS        1119 TOTAL
                     EDM=4.41675e-08    STRATEGY= 1  ERROR MATRIX UNCERTAINTY   7.5 per cent
  EXT PARAMETER                                   STEP         FIRST   
  NO.   NAME      VALUE            ERROR          SIZE      DERIVATIVE 
   1  p0           1.02167e+02   4.49274e+00   1.59647e-04  -4.00885e-04
   2  p1           9.97406e-01   2.28283e-04   1.16058e-05   1.46977e-02
   3  p2           5.00000e-03   4.75250e-05   1.46490e-05** at limit **
   4  p3           1.52878e+01   9.63449e-01   2.81398e-03  -1.19238e-04
   5  p4           9.33587e+00   6.23969e-01   2.15706e-03  -3.04317e-05
   6  p5           9.97126e-01   3.80155e-03  -7.17988e-06  -6.19156e-02
   7  p6          -1.42688e-11   3.60482e-03   3.15037e-04** at limit **
   8  p7           1.75677e-02   1.28698e-03   1.39190e-05  -6.63177e-04
                               ERR DEF= 0.5
 FCN=131.965 FROM MIGRAD    STATUS=CONVERGED    1151 CALLS        1152 TOTAL
                     EDM=4.97677e-07    STRATEGY= 1  ERROR MATRIX UNCERTAINTY   2.6 per cent
  EXT PARAMETER                                   STEP         FIRST   
  NO.   NAME      VALUE            ERROR          SIZE      DERIVATIVE 
   1  p0           9.50481e+01   4.31897e+00  -8.06774e-05   4.13444e-03
   2  p1           9.97416e-01   2.41733e-04  -1.22913e-05   1.51862e-02
   3  p2           5.00000e-03   4.74706e-05  -1.45391e-04** at limit **
   4  p3           1.91110e+01   1.05845e+00   3.22915e-03  -4.44998e-04
   5  p4           1.15673e+01   7.51871e-01  -1.91934e-03   7.18149e-04
   6  p5           9.82603e-01   5.19848e-03   2.02634e-05   1.81334e-01
   7  p6          -8.41156e-11   4.25007e-03  -1.12440e-04** at limit **
   8  p7           2.04500e-02   1.37335e-03  -2.31954e-05   2.26445e-02
                               ERR DEF= 0.5
 FCN=118.29 FROM MIGRAD    STATUS=CONVERGED    1128 CALLS        1129 TOTAL
                     EDM=1.10119e-07    STRATEGY= 1  ERROR MATRIX UNCERTAINTY   1.7 per cent
  EXT PARAMETER                                   STEP         FIRST   
  NO.   NAME      VALUE            ERROR          SIZE      DERIVATIVE 
   1  p0           1.03696e+02   5.50289e+00   1.30205e-04  -4.73307e-04
   2  p1           9.96395e-01   2.60917e-04  -4.51041e-06   1.17170e-02
   3  p2           5.11265e-03   2.34301e-04  -2.61441e-05  -2.03325e-04
   4  p3           2.09373e+01   1.16113e+00  -2.31911e-03  -5.96681e-05
   5  p4           1.16755e+01   6.97708e-01  -2.53505e-03  -1.24388e-04
   6  p5           9.85415e-01   4.83863e-03   6.06912e-06  -4.71813e-02
   7  p6          -1.50585e-09   9.09616e-03   1.57039e-04** at limit **
   8  p7           1.86858e-02   1.33331e-03   1.64406e-05  -3.48748e-03
                               ERR DEF= 0.5
 FCN=156.364 FROM MIGRAD    STATUS=CONVERGED    1447 CALLS        1448 TOTAL
                     EDM=4.85013e-08    STRATEGY= 1      ERROR MATRIX ACCURATE 
  EXT PARAMETER                                   STEP         FIRST   
  NO.   NAME      VALUE            ERROR          SIZE      DERIVATIVE 
   1  p0           1.02240e+02   4.48284e+00   1.06532e-03  -2.77269e-05
   2  p1           9.96463e-01   2.35415e-04   1.02182e-04   1.61372e-03
   3  p2           5.00000e-03   2.12982e-04   1.59866e-03** at limit **
   4  p3           1.89501e+01   1.06628e+00   5.71942e-03  -1.54929e-05
   5  p4           1.10348e+01   7.19139e-01   2.92082e-03   1.48775e-04
   6  p5           9.81883e-01   5.01561e-03   2.02361e-05   1.75555e-02
   7  p6          -4.68317e-09   1.43944e-01   6.64920e-03** at limit **
   8  p7           1.92258e-02   1.39280e-03   2.22944e-04  -2.69362e-04
                               ERR DEF= 0.5
 FCN=151.034 FROM MIGRAD    STATUS=CONVERGED    1136 CALLS        1137 TOTAL
                     EDM=5.88915e-07    STRATEGY= 1  ERROR MATRIX UNCERTAINTY   2.2 per cent
  EXT PARAMETER                                   STEP         FIRST   
  NO.   NAME      VALUE            ERROR          SIZE      DERIVATIVE 
   1  p0           9.90058e+01   4.42447e+00  -8.87841e-05   5.98036e-03
   2  p1           9.96349e-01   2.36454e-04   4.12290e-05  -2.17330e-02
   3  p2           5.00000e-03   1.08413e-04  -8.75170e-04** at limit **
   4  p3           1.73869e+01   9.57917e-01   3.57322e-03   9.98403e-05
   5  p4           1.00270e+01   5.30959e-01   1.02199e-05  -8.68595e-04
   6  p5           9.92034e-01   3.30014e-03   6.16014e-06  -6.10239e-02
   7  p6          -2.31848e-09   1.50643e-03  -8.62537e-05** at limit **
   8  p7           1.78900e-02   1.16499e-03  -7.42467e-05  -2.25010e-02
                               ERR DEF= 0.5
 FCN=151.032 FROM MIGRAD    STATUS=CONVERGED    1109 CALLS        1110 TOTAL
                     EDM=3.01871e-07    STRATEGY= 1  ERROR MATRIX UNCERTAINTY   4.3 per cent
  EXT PARAMETER                                   STEP         FIRST   
  NO.   NAME      VALUE            ERROR          SIZE      DERIVATIVE 
   1  p0           1.14450e+02   4.75675e+00  -1.87087e-05  -1.03016e-03
   2  p1           9.95766e-01   2.31027e-04  -8.08175e-06  -5.41706e-03
   3  p2           5.00000e-03   1.31511e-04  -2.75022e-04** at limit **
   4  p3           2.08360e+01   1.08819e+00  -2.27997e-03   1.32384e-04
   5  p4           1.03362e+01   5.30431e-01  -5.12597e-04  -1.83199e-03
   6  p5           9.94595e-01   3.29622e-03  -6.89115e-07  -9.82478e-02
   7  p6          -2.82938e-10   3.46043e-03   3.03444e-04** at limit **
   8  p7           1.67574e-02   1.07588e-03   2.37364e-05   3.21289e-05
                               ERR DEF= 0.5
 FCN=178.131 FROM MIGRAD    STATUS=CONVERGED     952 CALLS         953 TOTAL
                     EDM=4.90789e-07    STRATEGY= 1  ERROR MATRIX UNCERTAINTY   2.0 per cent
  EXT PARAMETER                                   STEP         FIRST   
  NO.   NAME      VALUE            ERROR          SIZE      DERIVATIVE 
   1  p0           1.34874e+02   6.35031e+00   1.34551e-04  -9.20678e-04
   2  p1           9.95182e-01   2.58228e-04   1.05343e-05  -1.45386e-03
   3  p2           5.38211e-03   2.43905e-04  -1.34585e-04  -3.98646e-03
   4  p3           2.36725e+01   1.32991e+00  -2.45781e-04   3.76109e-06
   5  p4           1.06291e+01   5.36134e-01   4.75761e-04  -2.14188e-03
   6  p5           9.93359e-01   3.10974e-03  -1.63166e-06  -3.66155e-01
   7  p6          -1.10489e-09   2.05438e-03   8.95736e-05** at limit **
   8  p7           1.71577e-02   1.06333e-03  -3.09187e-05  -1.99253e-02
                               ERR DEF= 0.5
 FCN=181.462 FROM MIGRAD    STATUS=CONVERGED    1198 CALLS        1199 TOTAL
                     EDM=1.20927e-07    STRATEGY= 1  ERROR MATRIX UNCERTAINTY   1.8 per cent
  EXT PARAMETER                                   STEP         FIRST   
  NO.   NAME      VALUE            ERROR          SIZE      DERIVATIVE 
   1  p0           1.45132e+02   6.63128e+00  -2.38846e-04  -1.30356e-03
   2  p1           9.94531e-01   2.54339e-04   2.71253e-05  -2.39105e-02
   3  p2           5.40412e-03   2.48549e-04   1.41597e-04   1.51482e-03
   4  p3           2.69792e+01   1.53781e+00   2.88699e-03   8.39211e-05
   5  p4           1.14608e+01   5.65205e-01   4.61552e-04  -6.34625e-04
   6  p5           9.93573e-01   3.04973e-03   1.32263e-05   4.00996e-03
   7  p6          -1.59497e-11   1.35888e-03   1.85362e-04** at limit **
   8  p7           1.75090e-02   1.03042e-03  -5.45410e-05   3.81769e-03
                               ERR DEF= 0.5
 FCN=181.576 FROM MIGRAD    STATUS=CONVERGED    1074 CALLS        1075 TOTAL
                     EDM=1.76513e-07    STRATEGY= 1  ERROR MATRIX UNCERTAINTY   1.6 per cent
  EXT PARAMETER                                   STEP         FIRST   
  NO.   NAME      VALUE            ERROR          SIZE      DERIVATIVE 
   1  p0           1.72552e+02   6.83875e+00  -3.92974e-04  -2.38260e-03
   2  p1           9.93961e-01   2.14052e-04  -4.70970e-06  -3.00109e-02
   3  p2           5.44709e-03   1.89594e-04   1.68288e-04  -1.99753e-03
   4  p3           2.90547e+01   1.47801e+00   8.64319e-04  -3.69675e-04
   5  p4           1.13786e+01   5.39479e-01  -1.00492e-03   7.34681e-04
   6  p5           9.91208e-01   2.89262e-03   1.68227e-06  -4.30151e-02
   7  p6          -2.24560e-11   1.40983e-03  -2.72472e-04** at limit **
   8  p7           1.71146e-02   9.39579e-04   4.99128e-06  -5.89488e-03
                               ERR DEF= 0.5

****************************************
Minimizer is Linear
Chi2                      =      26.9886
NDf                       =           14
p0                        =        1.006   +/-   0.000230775 
p1                        = -4.89188e-06   +/-   1.31461e-07 
Calculation of survival fraction for 2104
 FCN=148.815 FROM MIGRAD    STATUS=CONVERGED     101 CALLS         102 TOTAL
                     EDM=6.36468e-07    STRATEGY= 1      ERROR MATRIX ACCURATE 
  EXT PARAMETER                                   STEP         FIRST   
  NO.   NAME      VALUE            ERROR          SIZE      DERIVATIVE 
   1  p0           8.09200e+01   3.76375e+00   2.53288e-02  -1.59906e-04
   2  p1           2.10348e+03   5.99080e-02   1.00302e-03  -7.77269e-03
   3  p2           1.39955e+00   5.28215e-02   2.99320e-05  -1.20960e-01
   4  p3           1.31933e+01   2.23651e-01   1.85207e-03   1.32508e-03
                               ERR DEF= 0.5
Area_tot = 1531
Area_tot_psa = 413
Area = 895
Area_psa = 107
 FCN=137.282 FROM MIGRAD    STATUS=CONVERGED     101 CALLS         102 TOTAL
                     EDM=8.38453e-07    STRATEGY= 1      ERROR MATRIX ACCURATE 
  EXT PARAMETER                                   STEP         FIRST   
  NO.   NAME      VALUE            ERROR          SIZE      DERIVATIVE 
   1  p0           1.18660e+01   1.72936e+00   1.11408e-02   2.50410e-05
   2  p1           2.10344e+03   2.02115e-01   1.63420e-03  -3.03032e-03
   3  p2           1.40146e+00   1.92539e-01   1.04387e-04   3.37097e-02
   4  p3           5.92218e+00   1.52421e-01   1.20144e-03   3.34383e-03
                               ERR DEF= 0.5
Calculation of survival fraction for 2614.5
 FCN=171.733 FROM MIGRAD    STATUS=CONVERGED     212 CALLS         213 TOTAL
                     EDM=2.14515e-07    STRATEGY= 1      ERROR MATRIX ACCURATE 
  EXT PARAMETER                                   STEP         FIRST   
  NO.   NAME      VALUE            ERROR          SIZE      DERIVATIVE 
   1  p0           6.78788e+02   1.06650e+01   7.81415e-02  -8.71937e-06
   2  p1           2.61462e+03   1.40851e-02   1.24675e-03  -6.72672e-03
   3  p2           1.09757e+00   1.03678e-02   7.27427e-06   3.79806e-01
   4  p3           4.72913e-01   5.92858e-02   5.35909e-04  -1.33134e-03
                               ERR DEF= 0.5
Area_tot = 6267
Area_tot_psa = 1168
Area = 6225
Area_psa = 1162
 FCN=146.916 FROM MIGRAD    STATUS=CONVERGED     135 CALLS         136 TOTAL
                     EDM=7.73013e-07    STRATEGY= 1  ERROR MATRIX UNCERTAINTY   1.7 per cent
  EXT PARAMETER                                   STEP         FIRST   
  NO.   NAME      VALUE            ERROR          SIZE      DERIVATIVE 
   1  p0           1.25471e+02   4.69519e+00   4.85766e-02  -5.54847e-05
   2  p1           2.61472e+03   3.31600e-02  -2.98347e-04  -2.46200e-02
   3  p2           1.09792e+00   2.43415e-02  -2.11421e-05  -2.46587e-01
   4  p3           2.17390e-02   9.67186e-03  -1.91125e-04  -7.58550e-02
                               ERR DEF= 0.5
Calculation of survival fraction background at 2039
Area = 2917
Area_psa = 1354
