
[1mRooFit v3.60 -- Developed by Wouter Verkerke and David Kirkby[0m 
                Copyright (C) 2000-2013 NIKHEF, University of California & Stanford University
                All rights reserved, please read http://roofit.sourceforge.net/license.txt

Using file /nfs/gerda6/users/burlac/psd/analysis/run0098-cal_dplms_10.tier.root
Analizing channel 29
Standard analysis 
Total events = 17201607
event n.1000000
event n.2000000
event n.3000000
event n.4000000
event n.5000000
event n.6000000
event n.7000000
event n.8000000
event n.9000000
event n.10000000
event n.11000000
event n.12000000
event n.13000000
event n.14000000
event n.15000000
event n.16000000
event n.17000000
Selected events: 282383
The time to read waveforms: 27.76 s
Initialization of DEP&FEP background  = 32
 FCN=106.466 FROM MIGRAD    STATUS=CONVERGED     180 CALLS         181 TOTAL
                     EDM=1.33779e-08    STRATEGY= 1  ERROR MATRIX UNCERTAINTY   3.4 per cent
  EXT PARAMETER                                   STEP         FIRST   
  NO.   NAME      VALUE            ERROR          SIZE      DERIVATIVE 
   1  p0           6.48031e+01   3.07781e+00   5.19909e-03   2.10194e-05
   2  p1           1.59431e+03   1.11883e-01  -2.29167e-04  -3.04634e-04
   3  p2           2.45539e+00   1.18753e-01  -1.99234e-05   5.66025e-03
   4  p3           9.23005e+01   3.33351e+00   6.61810e-03  -5.62366e-06
   5  p4           1.62272e+03   7.46151e-02   2.78934e-05  -1.16160e-03
   6  p5           2.45302e+00   8.05569e-02  -1.77605e-05   1.24550e-02
   7  p6           3.18247e+01   4.79272e-01   9.42943e-04   2.37078e-04
                               ERR DEF= 0.5
mean_aoe = 0.0271
AoE: max = 2.99919 max = 0.255866
 FCN=3.91344 FROM MIGRAD    STATUS=CONVERGED     549 CALLS         550 TOTAL
                     EDM=7.34219e-08    STRATEGY= 1      ERROR MATRIX ACCURATE 
  EXT PARAMETER                                   STEP         FIRST   
  NO.   NAME      VALUE            ERROR          SIZE      DERIVATIVE 
   1  p0           3.49036e-01   2.36009e-01   2.24501e-04   7.21986e-04
   2  p1           1.00462e+00   3.29482e-02   4.18623e-05  -9.03994e-04
   3  p2           5.09692e-02   3.41875e-02   1.37906e-04  -7.99389e-04
   4  p3          -5.36328e-01   4.67099e-01   5.34940e-05  -2.06991e-03
   5  p4           7.99854e-01   6.11434e-01   6.61741e-05  -1.32138e-03
                               ERR DEF= 0.5
Total integral = 3128
Bin number = 100  AoE_lowCut = 47 -> 0.93
CutIntegral = 2826
SF_dep = 0.903453
sigma_aoe = 0.0509692
Total integral = 3128
Bin number = 250  AoE_lowCut = 115 -> 0.916
CutIntegral = 2821
SF_dep = 0.901854
sigma_aoe = 0.0509692
Total integral = 3128
Bin number = 500  AoE_lowCut = 227 -> 0.906
CutIntegral = 2826
SF_dep = 0.903453
sigma_aoe = 0.0509692
Total integral = 3128
Bin number = 1000  AoE_lowCut = 452 -> 0.903
CutIntegral = 2826
SF_dep = 0.903453
sigma_aoe = 0.0509692
Total integral = 3128
Bin number = 1500  AoE_lowCut = 677 -> 0.902
CutIntegral = 2826
SF_dep = 0.903453
sigma_aoe = 0.0509692
Total integral = 3128
Bin number = 2000  AoE_lowCut = 901 -> 0.9005
CutIntegral = 2830
SF_dep = 0.904731
sigma_aoe = 0.0509692
Total integral = 3128
Bin number = 2500  AoE_lowCut = 1126 -> 0.9004
CutIntegral = 2828
SF_dep = 0.904092
sigma_aoe = 0.0509692
Total integral = 3128
Bin number = 3000  AoE_lowCut = 1351 -> 0.900333
CutIntegral = 2828
SF_dep = 0.904092
sigma_aoe = 0.0509692
Total integral = 3128
Bin number = 3500  AoE_lowCut = 1575 -> 0.899714
CutIntegral = 2830
SF_dep = 0.904731
sigma_aoe = 0.0509692
Total integral = 3128
Bin number = 4000  AoE_lowCut = 1800 -> 0.89975
CutIntegral = 2830
SF_dep = 0.904731
sigma_aoe = 0.0509692
Total integral = 3128
Bin number = 4500  AoE_lowCut = 2025 -> 0.899778
CutIntegral = 2829
SF_dep = 0.904412
sigma_aoe = 0.0509692
Total integral = 3128
Bin number = 5000  AoE_lowCut = 2250 -> 0.8998
CutIntegral = 2828
SF_dep = 0.904092
sigma_aoe = 0.0509692
Total integral = 3128
Bin number = 6000  AoE_lowCut = 2699 -> 0.8995
CutIntegral = 2830
SF_dep = 0.904731
sigma_aoe = 0.0509692
Total integral = 3128
Bin number = 7000  AoE_lowCut = 3148 -> 0.899286
CutIntegral = 2830
SF_dep = 0.904731
sigma_aoe = 0.0509692
Total integral = 3128
Bin number = 8000  AoE_lowCut = 3598 -> 0.899375
CutIntegral = 2830
SF_dep = 0.904731
sigma_aoe = 0.0509692
Total integral = 3128
Bin number = 9000  AoE_lowCut = 4047 -> 0.899222
CutIntegral = 2830
SF_dep = 0.904731
sigma_aoe = 0.0509692
Total integral = 3128
Bin number = 10000  AoE_lowCut = 4497 -> 0.8993
CutIntegral = 2830
SF_dep = 0.904731
sigma_aoe = 0.0509692
