
[1mRooFit v3.60 -- Developed by Wouter Verkerke and David Kirkby[0m 
                Copyright (C) 2000-2013 NIKHEF, University of California & Stanford University
                All rights reserved, please read http://roofit.sourceforge.net/license.txt

Using file /nfs/gerda6/users/burlac/psd/analysis/run0098-cal_dplms_10.tier.root
Analizing channel 33
Standard analysis 
Total events = 17201607
event n.1000000
event n.2000000
event n.3000000
event n.4000000
event n.5000000
event n.6000000
event n.7000000
event n.8000000
event n.9000000
event n.10000000
event n.11000000
event n.12000000
event n.13000000
event n.14000000
event n.15000000
event n.16000000
event n.17000000
Selected events: 107733
The time to read waveforms: 27.61 s
Initialization of DEP&FEP background  = 13.5
 FCN=130.865 FROM MIGRAD    STATUS=CONVERGED     230 CALLS         231 TOTAL
                     EDM=5.4823e-07    STRATEGY= 1      ERROR MATRIX ACCURATE 
  EXT PARAMETER                                   STEP         FIRST   
  NO.   NAME      VALUE            ERROR          SIZE      DERIVATIVE 
   1  p0           1.30386e+02   5.58917e+00   3.52241e-02   7.82569e-06
   2  p1           1.59262e+03   3.65848e-02   7.59420e-04   1.14634e-02
   3  p2           9.51178e-01   3.15715e-02   2.03039e-05   5.17143e-02
   4  p3           5.75670e+01   3.96976e+00   2.50487e-02   1.38502e-04
   5  p4           1.62087e+03   6.50106e-02   7.72891e-04   2.17643e-03
   6  p5           9.93814e-01   5.91252e-02   3.72065e-05   9.66392e-02
   7  p6           1.40308e+01   2.73785e-01   2.08901e-03   1.48261e-03
                               ERR DEF= 0.5
mean_aoe = 0.0455
AoE: max = 1.8821 max = 0.0923491
 FCN=1.30663 FROM MIGRAD    STATUS=CONVERGED     323 CALLS         324 TOTAL
                     EDM=3.31061e-09    STRATEGY= 1  ERROR MATRIX UNCERTAINTY   1.4 per cent
  EXT PARAMETER                                   STEP         FIRST   
  NO.   NAME      VALUE            ERROR          SIZE      DERIVATIVE 
   1  p0           1.02971e+00   4.88667e-01  -1.03949e-04  -3.77171e-06
   2  p1           1.00036e+00   3.96196e-03   5.37526e-06   3.12368e-03
   3  p2           9.49011e-03   3.20898e-03  -1.98404e-05   1.60516e-03
   4  p3           5.18352e-03   6.11968e-03   1.27575e-06  -1.45776e-01
   5  p4           2.92257e-03   3.44705e-03   7.19377e-07   2.79534e-01
                               ERR DEF= 0.5
Total integral = 1016
Bin number = 100  AoE_lowCut = 52 -> 1.03
CutIntegral = 528
SF_dep = 0.519685
sigma_aoe = 0.00949011
Total integral = 1016
Bin number = 250  AoE_lowCut = 126 -> 1.004
CutIntegral = 827
SF_dep = 0.813976
sigma_aoe = 0.00949011
Total integral = 1016
Bin number = 500  AoE_lowCut = 250 -> 0.998
CutIntegral = 827
SF_dep = 0.813976
sigma_aoe = 0.00949011
Total integral = 1016
Bin number = 1000  AoE_lowCut = 497 -> 0.993
CutIntegral = 876
SF_dep = 0.862205
sigma_aoe = 0.00949011
Total integral = 1016
Bin number = 1500  AoE_lowCut = 744 -> 0.991333
CutIntegral = 897
SF_dep = 0.882874
sigma_aoe = 0.00949011
Total integral = 1016
Bin number = 2000  AoE_lowCut = 991 -> 0.9905
CutIntegral = 900
SF_dep = 0.885827
sigma_aoe = 0.00949011
Total integral = 1016
Bin number = 2500  AoE_lowCut = 1238 -> 0.99
CutIntegral = 903
SF_dep = 0.88878
sigma_aoe = 0.00949011
Total integral = 1016
Bin number = 3000  AoE_lowCut = 1485 -> 0.989667
CutIntegral = 909
SF_dep = 0.894685
sigma_aoe = 0.00949011
Total integral = 1016
Bin number = 3500  AoE_lowCut = 1732 -> 0.989429
CutIntegral = 914
SF_dep = 0.899606
sigma_aoe = 0.00949011
Total integral = 1016
Bin number = 4000  AoE_lowCut = 1979 -> 0.98925
CutIntegral = 916
SF_dep = 0.901575
sigma_aoe = 0.00949011
Total integral = 1016
Bin number = 4500  AoE_lowCut = 2226 -> 0.989111
CutIntegral = 917
SF_dep = 0.902559
sigma_aoe = 0.00949011
Total integral = 1016
Bin number = 5000  AoE_lowCut = 2473 -> 0.989
CutIntegral = 919
SF_dep = 0.904528
sigma_aoe = 0.00949011
Total integral = 1016
Bin number = 6000  AoE_lowCut = 2968 -> 0.989167
CutIntegral = 909
SF_dep = 0.894685
sigma_aoe = 0.00949011
Total integral = 1016
Bin number = 7000  AoE_lowCut = 3462 -> 0.989
CutIntegral = 914
SF_dep = 0.899606
sigma_aoe = 0.00949011
Total integral = 1016
Bin number = 8000  AoE_lowCut = 3956 -> 0.988875
CutIntegral = 916
SF_dep = 0.901575
sigma_aoe = 0.00949011
Total integral = 1016
Bin number = 9000  AoE_lowCut = 4450 -> 0.988778
CutIntegral = 917
SF_dep = 0.902559
sigma_aoe = 0.00949011
Total integral = 1016
Bin number = 10000  AoE_lowCut = 4944 -> 0.9887
CutIntegral = 919
SF_dep = 0.904528
sigma_aoe = 0.00949011
