
[1mRooFit v3.60 -- Developed by Wouter Verkerke and David Kirkby[0m 
                Copyright (C) 2000-2013 NIKHEF, University of California & Stanford University
                All rights reserved, please read http://roofit.sourceforge.net/license.txt

Using file /nfs/gerda6/users/burlac/psd/analysis/run0098-cal_dplms_10.tier.root
Analizing channel 11
Standard analysis 
Total events = 17201607
event n.1000000
event n.2000000
event n.3000000
event n.4000000
event n.5000000
event n.6000000
event n.7000000
event n.8000000
event n.9000000
event n.10000000
event n.11000000
event n.12000000
event n.13000000
event n.14000000
event n.15000000
event n.16000000
event n.17000000
Selected events: 70532
The time to read waveforms: 30.66 s
Initialization of DEP&FEP background  = 8.5
 FCN=125.048 FROM MIGRAD    STATUS=CONVERGED     231 CALLS         232 TOTAL
                     EDM=3.39922e-07    STRATEGY= 1      ERROR MATRIX ACCURATE 
  EXT PARAMETER                                   STEP         FIRST   
  NO.   NAME      VALUE            ERROR          SIZE      DERIVATIVE 
   1  p0           1.10116e+02   5.03153e+00   3.10011e-02   7.44652e-05
   2  p1           1.59260e+03   3.85171e-02   7.59412e-04  -4.50205e-03
   3  p2           9.53964e-01   3.27754e-02   2.05837e-05   1.15923e-01
   4  p3           4.52402e+01   3.67395e+00   2.22437e-02   4.39642e-05
   5  p4           1.62071e+03   6.82619e-02   7.72816e-04   5.23471e-03
   6  p5           9.00768e-01   6.50981e-02   4.10786e-05   2.03242e-02
   7  p6           8.74740e+00   2.18805e-01   1.63533e-03   1.37728e-03
                               ERR DEF= 0.5
mean_aoe = 0.0493
AoE: max = 1.76717 max = 0.0460618
 FCN=1.19195 FROM MIGRAD    STATUS=CONVERGED     348 CALLS         349 TOTAL
                     EDM=1.10421e-08    STRATEGY= 1  ERROR MATRIX UNCERTAINTY   7.9 per cent
  EXT PARAMETER                                   STEP         FIRST   
  NO.   NAME      VALUE            ERROR          SIZE      DERIVATIVE 
   1  p0           9.59576e-01   5.49968e-01   8.05899e-04  -7.04084e-05
   2  p1           9.96513e-01   3.80540e-03  -2.56956e-06  -3.13394e-02
   3  p2           8.07299e-03   2.95248e-03  -7.34269e-07  -3.85468e-04
   4  p3           5.25315e-03   6.12589e-03  -2.73780e-06  -5.29768e-02
   5  p4           3.52171e-03   4.10311e-03  -1.83378e-06   9.30542e-02
                               ERR DEF= 0.5
Total integral = 0
AoE_lowCut = 2 -> 0x7ffee19839c0
CutIntegral = 0
SF_dep = -nan
sigma_aoe = 0.00807299
Total integral = 0
AoE_lowCut = 2 -> 0x7ffee19839c0
CutIntegral = 0
SF_dep = -nan
sigma_aoe = 0.00807299
Total integral = 0
AoE_lowCut = 2 -> 0x7ffee19839c0
CutIntegral = 0
SF_dep = -nan
sigma_aoe = 0.00807299
Total integral = 0
AoE_lowCut = 2 -> 0x7ffee19839c0
CutIntegral = 0
SF_dep = -nan
sigma_aoe = 0.00807299
Total integral = 0
AoE_lowCut = 2 -> 0x7ffee19839c0
CutIntegral = 0
SF_dep = -nan
sigma_aoe = 0.00807299
Total integral = 0
AoE_lowCut = 2 -> 0x7ffee19839c0
CutIntegral = 0
SF_dep = -nan
sigma_aoe = 0.00807299
Total integral = 0
AoE_lowCut = 2 -> 0x7ffee19839c0
CutIntegral = 0
SF_dep = -nan
sigma_aoe = 0.00807299
Total integral = 0
AoE_lowCut = 2 -> 0x7ffee19839c0
CutIntegral = 0
SF_dep = -nan
sigma_aoe = 0.00807299
Total integral = 0
AoE_lowCut = 2 -> 0x7ffee19839c0
CutIntegral = 0
SF_dep = -nan
sigma_aoe = 0.00807299
Total integral = 0
AoE_lowCut = 2 -> 0x7ffee19839c0
CutIntegral = 0
SF_dep = -nan
sigma_aoe = 0.00807299
Total integral = 0
AoE_lowCut = 2 -> 0x7ffee19839c0
CutIntegral = 0
SF_dep = -nan
sigma_aoe = 0.00807299
Total integral = 0
AoE_lowCut = 2 -> 0x7ffee19839c0
CutIntegral = 0
SF_dep = -nan
sigma_aoe = 0.00807299
Total integral = 0
AoE_lowCut = 2 -> 0x7ffee19839c0
CutIntegral = 0
SF_dep = -nan
sigma_aoe = 0.00807299
Total integral = 0
AoE_lowCut = 2 -> 0x7ffee19839c0
CutIntegral = 0
SF_dep = -nan
sigma_aoe = 0.00807299
Total integral = 0
AoE_lowCut = 2 -> 0x7ffee19839c0
CutIntegral = 0
SF_dep = -nan
sigma_aoe = 0.00807299
Total integral = 0
AoE_lowCut = 2 -> 0x7ffee19839c0
CutIntegral = 0
SF_dep = -nan
sigma_aoe = 0.00807299
Total integral = 0
AoE_lowCut = 2 -> 0x7ffee19839c0
CutIntegral = 0
SF_dep = -nan
sigma_aoe = 0.00807299
Total integral = 0
AoE_lowCut = 2 -> 0x7ffee19839c0
CutIntegral = 0
SF_dep = -nan
sigma_aoe = 0.00807299
Total integral = 0
AoE_lowCut = 2 -> 0x7ffee19839c0
CutIntegral = 0
SF_dep = -nan
sigma_aoe = 0.00807299
Total integral = 0
AoE_lowCut = 2 -> 0x7ffee19839c0
CutIntegral = 0
SF_dep = -nan
sigma_aoe = 0.00807299
Total integral = 0
AoE_lowCut = 2 -> 0x7ffee19839c0
CutIntegral = 0
SF_dep = -nan
sigma_aoe = 0.00807299
Total integral = 0
AoE_lowCut = 2 -> 0x7ffee19839c0
CutIntegral = 0
SF_dep = -nan
sigma_aoe = 0.00807299
Total integral = 0
AoE_lowCut = 2 -> 0x7ffee19839c0
CutIntegral = 0
SF_dep = -nan
sigma_aoe = 0.00807299
Total integral = 0
AoE_lowCut = 2 -> 0x7ffee19839c0
CutIntegral = 0
SF_dep = -nan
sigma_aoe = 0.00807299
Total integral = 0
AoE_lowCut = 2 -> 0x7ffee19839c0
CutIntegral = 0
SF_dep = -nan
sigma_aoe = 0.00807299
Total integral = 0
AoE_lowCut = 2 -> 0x7ffee19839c0
CutIntegral = 0
SF_dep = -nan
sigma_aoe = 0.00807299
Total integral = 0
AoE_lowCut = 2 -> 0x7ffee19839c0
CutIntegral = 0
SF_dep = -nan
sigma_aoe = 0.00807299
Total integral = 0
AoE_lowCut = 2 -> 0x7ffee19839c0
CutIntegral = 0
SF_dep = -nan
sigma_aoe = 0.00807299
Total integral = 0
AoE_lowCut = 2 -> 0x7ffee19839c0
CutIntegral = 0
SF_dep = -nan
sigma_aoe = 0.00807299
Total integral = 0
AoE_lowCut = 2 -> 0x7ffee19839c0
CutIntegral = 0
SF_dep = -nan
sigma_aoe = 0.00807299
