
[1mRooFit v3.60 -- Developed by Wouter Verkerke and David Kirkby[0m 
                Copyright (C) 2000-2013 NIKHEF, University of California & Stanford University
                All rights reserved, please read http://roofit.sourceforge.net/license.txt

Using file /nfs/gerda6/users/burlac/psd/analysis/run0098-cal_dplms_100.tier.root
Analizing channel 31
DPLMS analysis with weight 100
Total events = 17201607
event n.1000000
event n.2000000
event n.3000000
event n.4000000
event n.5000000
event n.6000000
event n.7000000
event n.8000000
event n.9000000
event n.10000000
event n.11000000
event n.12000000
event n.13000000
event n.14000000
event n.15000000
event n.16000000
event n.17000000
Selected events: 162611
The time to read waveforms: 48.25 s
Initialization of DEP&FEP background  = 16.5
 FCN=107.673 FROM MIGRAD    STATUS=CONVERGED     179 CALLS         180 TOTAL
                     EDM=3.91517e-08    STRATEGY= 1  ERROR MATRIX UNCERTAINTY   6.6 per cent
  EXT PARAMETER                                   STEP         FIRST   
  NO.   NAME      VALUE            ERROR          SIZE      DERIVATIVE 
   1  p0           1.98587e+02   6.47546e+00  -1.27889e-02   2.80577e-05
   2  p1           1.59188e+03   3.13635e-02   1.51238e-05   9.32659e-04
   3  p2           1.07603e+00   2.72810e-02   5.01218e-06   7.24127e-02
   4  p3           1.00293e+02   4.81502e+00   7.92698e-04   1.73494e-05
   5  p4           1.62017e+03   4.90996e-02  -5.16881e-06  -2.51110e-03
   6  p5           1.07262e+00   4.05788e-02   6.87876e-07   3.81434e-02
   7  p6           1.95819e+01   3.21717e-01  -1.38938e-04   5.02509e-04
                               ERR DEF= 0.5
mean_aoe = 0.0849
AoE: max = 1.63173 max = 0.0820182
 FCN=0.608937 FROM MIGRAD    STATUS=CONVERGED     362 CALLS         363 TOTAL
                     EDM=7.13853e-07    STRATEGY= 1  ERROR MATRIX UNCERTAINTY   4.6 per cent
  EXT PARAMETER                                   STEP         FIRST   
  NO.   NAME      VALUE            ERROR          SIZE      DERIVATIVE 
   1  p0           1.03833e+00   5.71537e-01   8.97599e-03  -4.32288e-04
   2  p1           1.00009e+00   3.42599e-03  -1.58677e-05  -2.39050e-01
   3  p2           6.95946e-03   2.49756e-03  -2.27062e-05   2.20410e-02
   4  p3           3.89001e-03   4.90868e-03   6.06831e-05   2.04251e-01
   5  p4           2.71676e-03   3.42417e-03   4.23295e-05  -3.40773e-01
                               ERR DEF= 0.5
Analysis with a fixed bin for LowCut
Total integral = 1807
AoE_lowCut = 1974 -> 0.98675
CutIntegral = 1633
SF_dep = 0.903708
sigma_aoe = 0.00695946
 FCN=113.994 FROM MIGRAD    STATUS=CONVERGED     186 CALLS         187 TOTAL
                     EDM=1.29446e-06    STRATEGY= 1      ERROR MATRIX ACCURATE 
  EXT PARAMETER                                   STEP         FIRST   
  NO.   NAME      VALUE            ERROR          SIZE      DERIVATIVE 
   1  p0           1.76805e+02   5.87284e+00   3.42610e-02  -4.60292e-05
   2  p1           1.59190e+03   3.15723e-02   7.59078e-04   5.15245e-03
   3  p2           1.09439e+00   2.69678e-02   1.48912e-05   1.25825e-01
   4  p3           1.92479e+01   2.93855e+00   1.69013e-02   2.86498e-04
   5  p4           1.62041e+03   1.30206e-01   9.02082e-04  -1.29823e-03
   6  p5           8.17405e-01   1.26772e-01   7.65165e-05  -1.57687e-02
   7  p6           9.32538e+00   2.27498e-01   1.61415e-03  -5.71825e-04
                               ERR DEF= 0.5
AreaDEP_tot = 2454
Area_DEP_tot_psa = 1963
AreaDEP = 1797
Area_DEP_psa = 1623
Area_FEP_tot = 1600
Area_FEP_tot_psa = 477
Area_FEP = 871
Area_FEP_psa = 123
Calculation of AoE vs E correction
 FCN=114.356 FROM MIGRAD    STATUS=CONVERGED    1184 CALLS        1185 TOTAL
                     EDM=8.03088e-08    STRATEGY= 1      ERROR MATRIX ACCURATE 
  EXT PARAMETER                                   STEP         FIRST   
  NO.   NAME      VALUE            ERROR          SIZE      DERIVATIVE 
   1  p0           1.08735e+02   3.80251e+00   5.78701e-04   6.83033e-04
   2  p1           1.00166e+00   3.69968e-04   1.25622e-04  -4.44874e-03
   3  p2           1.12752e-02   3.20871e-04   1.49375e-04   6.84094e-03
   4  p3           1.76551e+01   1.01504e+00   3.36018e-03  -3.88405e-05
   5  p4           3.21632e+00   3.69125e-01   1.17026e-03   4.16141e-04
   6  p5           1.00297e+00   5.47953e-03   2.10399e-05   3.04497e-02
   7  p6          -3.51394e-09   1.12054e-01   4.98677e-03** at limit **
   8  p7           1.73347e-02   1.79699e-03   2.61323e-04  -1.84237e-03
                               ERR DEF= 0.5
 FCN=109.973 FROM MIGRAD    STATUS=CONVERGED    1089 CALLS        1090 TOTAL
                     EDM=3.92149e-07    STRATEGY= 1  ERROR MATRIX UNCERTAINTY   4.7 per cent
  EXT PARAMETER                                   STEP         FIRST   
  NO.   NAME      VALUE            ERROR          SIZE      DERIVATIVE 
   1  p0           1.05191e+02   3.88096e+00  -2.52274e-05  -3.54882e-03
   2  p1           1.00249e+00   3.42060e-04   1.76811e-06   1.39453e-02
   3  p2           1.02814e-02   3.18996e-04   1.18437e-05  -2.66432e-02
   4  p3           1.80378e+01   9.86085e-01   6.83351e-04  -8.75809e-04
   5  p4           4.51331e+00   3.75945e-01   1.79283e-04   1.74163e-03
   6  p5           1.00341e+00   5.63733e-03   1.74400e-06   9.36401e-02
   7  p6          -3.69832e-10   1.38228e-01   3.47803e-03** at limit **
   8  p7           1.71465e-02   1.82289e-03  -5.86722e-05   7.59818e-03
                               ERR DEF= 0.5
 FCN=111.998 FROM MIGRAD    STATUS=CONVERGED     971 CALLS         972 TOTAL
                     EDM=4.00917e-08    STRATEGY= 1  ERROR MATRIX UNCERTAINTY   3.7 per cent
  EXT PARAMETER                                   STEP         FIRST   
  NO.   NAME      VALUE            ERROR          SIZE      DERIVATIVE 
   1  p0           1.10662e+02   4.13214e+00  -8.30275e-07   3.59193e-04
   2  p1           1.00092e+00   3.18347e-04  -1.25628e-06  -2.62229e-03
   3  p2           9.23467e-03   2.89148e-04  -1.35135e-06   1.65757e-03
   4  p3           1.45254e+01   9.41520e-01   2.60625e-04  -8.58754e-05
   5  p4           4.57947e+00   4.34262e-01  -1.53949e-04   5.40300e-05
   6  p5           1.00342e+00   4.76450e-03  -3.26378e-07  -1.83337e-02
   7  p6          -2.22384e-09   8.09415e-02  -1.57872e-04** at limit **
   8  p7           1.57315e-02   1.60956e-03   3.70319e-06  -5.04243e-03
                               ERR DEF= 0.5
 FCN=123.289 FROM MIGRAD    STATUS=CONVERGED    1112 CALLS        1113 TOTAL
                     EDM=5.13794e-07    STRATEGY= 1      ERROR MATRIX ACCURATE 
  EXT PARAMETER                                   STEP         FIRST   
  NO.   NAME      VALUE            ERROR          SIZE      DERIVATIVE 
   1  p0           1.20626e+02   4.56092e+00   6.54093e-04   2.59055e-04
   2  p1           1.00067e+00   2.84490e-04   1.03424e-04  -2.32819e-02
   3  p2           8.20630e-03   2.53594e-04   1.62392e-04   4.90426e-03
   4  p3           1.69343e+01   9.95341e-01   3.94293e-03  -7.63192e-04
   5  p4           5.82134e+00   4.65236e-01   1.65833e-03   2.32882e-03
   6  p5           9.95891e-01   4.90392e-03   2.02486e-05   9.15061e-02
   7  p6          -1.03895e-08   1.03814e-01   5.07098e-03** at limit **
   8  p7           1.78458e-02   1.59930e-03   2.55301e-04  -1.59153e-03
                               ERR DEF= 0.5
 FCN=122.598 FROM MIGRAD    STATUS=CONVERGED     870 CALLS         871 TOTAL
                     EDM=7.12187e-08    STRATEGY= 1  ERROR MATRIX UNCERTAINTY   3.0 per cent
  EXT PARAMETER                                   STEP         FIRST   
  NO.   NAME      VALUE            ERROR          SIZE      DERIVATIVE 
   1  p0           1.20891e+02   4.60871e+00  -5.15635e-05   8.48787e-04
   2  p1           9.99893e-01   2.91386e-04   4.66838e-06  -1.83053e-03
   3  p2           8.06144e-03   2.56592e-04   2.39113e-05   3.97764e-03
   4  p3           1.86067e+01   1.06930e+00  -2.58230e-04   2.32411e-04
   5  p4           6.58392e+00   4.58917e-01  -4.98069e-04  -4.79344e-04
   6  p5           9.94516e-01   4.34280e-03   8.29198e-07   7.45693e-03
   7  p6          -2.81841e-09   3.31349e-02   1.48472e-04** at limit **
   8  p7           1.50425e-02   1.33081e-03  -1.93295e-05   1.77887e-03
                               ERR DEF= 0.5
 FCN=113.443 FROM MIGRAD    STATUS=CONVERGED     939 CALLS         940 TOTAL
                     EDM=8.65796e-07    STRATEGY= 1      ERROR MATRIX ACCURATE 
  EXT PARAMETER                                   STEP         FIRST   
  NO.   NAME      VALUE            ERROR          SIZE      DERIVATIVE 
   1  p0           1.16342e+02   4.64924e+00   6.70367e-04   5.31138e-03
   2  p1           9.99946e-01   2.87577e-04   9.80897e-05  -2.13202e-03
   3  p2           7.69955e-03   2.44279e-04   1.62450e-04   8.31378e-03
   4  p3           1.81681e+01   1.03595e+00   3.95997e-03  -5.17289e-04
   5  p4           6.00355e+00   4.26188e-01   1.56091e-03   2.85358e-03
   6  p5           9.97041e-01   3.93636e-03   1.71019e-05   2.59412e-01
   7  p6          -9.86612e-10   3.10395e-02   2.59203e-03** at limit **
   8  p7           1.25149e-02   1.20042e-03   2.50772e-04   2.05829e-03
                               ERR DEF= 0.5
 FCN=111.25 FROM MIGRAD    STATUS=CONVERGED     740 CALLS         741 TOTAL
                     EDM=7.00244e-09    STRATEGY= 1  ERROR MATRIX UNCERTAINTY   0.4 per cent
  EXT PARAMETER                                   STEP         FIRST   
  NO.   NAME      VALUE            ERROR          SIZE      DERIVATIVE 
   1  p0           1.12686e+02   4.72538e+00  -7.31198e-07   2.33281e-05
   2  p1           9.99045e-01   2.81617e-04  -3.55260e-07  -1.99128e-05
   3  p2           7.17481e-03   2.51830e-04   7.91242e-07   1.40162e-04
   4  p3           1.77093e+01   1.02879e+00   4.36767e-05   5.81045e-05
   5  p4           6.59630e+00   4.64751e-01  -3.78574e-04  -2.16403e-04
   6  p5           9.95524e-01   4.28830e-03   4.61381e-07  -5.63578e-03
   7  p6          -3.01257e-10   3.06698e-02   2.89149e-04** at limit **
   8  p7           1.39536e-02   1.33400e-03  -3.48531e-07  -1.27420e-05
                               ERR DEF= 0.5
 FCN=121.186 FROM MIGRAD    STATUS=CONVERGED     944 CALLS         945 TOTAL
                     EDM=7.37284e-07    STRATEGY= 1      ERROR MATRIX ACCURATE 
  EXT PARAMETER                                   STEP         FIRST   
  NO.   NAME      VALUE            ERROR          SIZE      DERIVATIVE 
   1  p0           1.27450e+02   5.38290e+00   7.51680e-04  -1.97833e-03
   2  p1           9.97756e-01   2.81499e-04   9.53604e-05  -2.55704e-02
   3  p2           6.82071e-03   2.46222e-04   1.89688e-04   4.15872e-04
   4  p3           3.05803e+01   1.53989e+00   6.33902e-03  -1.58042e-04
   5  p4           9.68676e+00   4.36488e-01   1.77856e-03   1.94089e-03
   6  p5           9.93995e-01   3.23774e-03   1.23737e-05   3.12154e-02
   7  p6          -3.57020e-10   2.57919e-03   7.73450e-04** at limit **
   8  p7           1.01449e-02   8.81764e-04   2.07996e-04  -1.00506e-02
                               ERR DEF= 0.5
 FCN=138.525 FROM MIGRAD    STATUS=CONVERGED     746 CALLS         747 TOTAL
                     EDM=8.3297e-07    STRATEGY= 1      ERROR MATRIX ACCURATE 
  EXT PARAMETER                                   STEP         FIRST   
  NO.   NAME      VALUE            ERROR          SIZE      DERIVATIVE 
   1  p0           1.31520e+02   5.39275e+00   8.56751e-04  -2.10188e-03
   2  p1           9.96631e-01   2.75539e-04   9.91513e-05   3.21418e-02
   3  p2           6.67207e-03   2.40030e-04   2.04679e-04   1.37365e-02
   4  p3           3.24791e+01   1.43415e+00   6.77225e-03   9.67145e-05
   5  p4           8.95405e+00   1.18680e+00   1.68939e-03  -1.05940e-03
   6  p5           9.88359e-01   3.70538e-03   1.34191e-05  -1.52096e-01
   7  p6          -1.00478e-02   3.10435e-02   5.29987e-04   4.18776e-03
   8  p7           1.24510e-02   9.91155e-04   2.02404e-04  -1.58644e-02
                               ERR DEF= 0.5
 FCN=148.481 FROM MIGRAD    STATUS=CONVERGED     747 CALLS         748 TOTAL
                     EDM=7.6622e-07    STRATEGY= 1      ERROR MATRIX ACCURATE 
  EXT PARAMETER                                   STEP         FIRST   
  NO.   NAME      VALUE            ERROR          SIZE      DERIVATIVE 
   1  p0           1.28026e+02   5.39803e+00   8.22956e-04  -4.24619e-03
   2  p1           9.96434e-01   3.03619e-04   1.06447e-04   2.54581e-02
   3  p2           6.73926e-03   2.64537e-04   2.17004e-04  -1.15262e-02
   4  p3           3.03963e+01   1.39473e+00   6.60934e-03  -1.83455e-04
   5  p4           7.19579e+00   1.23194e+00   1.37623e-03   1.51145e-03
   6  p5           9.94028e-01   2.95131e-03   1.33609e-05  -4.72830e-03
   7  p6          -4.77111e-02   5.22353e-02   2.78946e-04  -7.86313e-03
   8  p7           1.03131e-02   8.99472e-04   2.40523e-04  -6.24243e-03
                               ERR DEF= 0.5
 FCN=142.182 FROM MIGRAD    STATUS=CONVERGED     766 CALLS         767 TOTAL
                     EDM=1.10885e-08    STRATEGY= 1      ERROR MATRIX ACCURATE 
  EXT PARAMETER                                   STEP         FIRST   
  NO.   NAME      VALUE            ERROR          SIZE      DERIVATIVE 
   1  p0           1.34457e+02   5.36567e+00   7.71160e-04   1.79150e-04
   2  p1           9.95812e-01   2.69008e-04   1.01296e-04  -3.63633e-03
   3  p2           6.85178e-03   2.25162e-04   1.95047e-04   1.30019e-03
   4  p3           3.06430e+01   1.34975e+00   6.49921e-03   9.91945e-05
   5  p4           7.65597e+00   1.32487e+00   1.46521e-03  -2.61596e-04
   6  p5           9.90609e-01   3.14800e-03   1.37256e-05   1.66656e-02
   7  p6          -3.33901e-02   5.02983e-02   3.25456e-04   1.31261e-03
   8  p7           1.24317e-02   9.07303e-04   2.11435e-04   1.54199e-03
                               ERR DEF= 0.5
 FCN=130.987 FROM MIGRAD    STATUS=CONVERGED     826 CALLS         827 TOTAL
                     EDM=3.22759e-09    STRATEGY= 1  ERROR MATRIX UNCERTAINTY   2.1 per cent
  EXT PARAMETER                                   STEP         FIRST   
  NO.   NAME      VALUE            ERROR          SIZE      DERIVATIVE 
   1  p0           1.38541e+02   5.35055e+00  -7.30722e-05   3.22282e-04
   2  p1           9.95414e-01   2.54999e-04   3.10676e-06   3.66559e-03
   3  p2           6.94895e-03   2.14760e-04   1.38401e-05   1.66899e-03
   4  p3           2.56416e+01   1.27929e+00   7.51736e-04  -9.92604e-06
   5  p4           8.10352e+00   4.35154e-01   5.00743e-05   1.29225e-04
   6  p5           9.89793e-01   3.21683e-03  -7.21375e-08   3.06836e-03
   7  p6          -1.15038e-11   2.42164e-02   2.65494e-04** at limit **
   8  p7           1.32171e-02   9.90466e-04  -6.97352e-06  -8.08809e-04
                               ERR DEF= 0.5
 FCN=179.386 FROM MIGRAD    STATUS=CONVERGED     802 CALLS         803 TOTAL
                     EDM=4.53289e-07    STRATEGY= 1      ERROR MATRIX ACCURATE 
  EXT PARAMETER                                   STEP         FIRST   
  NO.   NAME      VALUE            ERROR          SIZE      DERIVATIVE 
   1  p0           1.64407e+02   5.96044e+00   8.53847e-04  -2.56963e-03
   2  p1           9.94559e-01   2.49471e-04   1.03171e-04  -3.07926e-02
   3  p2           6.78273e-03   2.13914e-04   2.02711e-04  -1.46685e-02
   4  p3           3.02142e+01   1.40647e+00   6.93175e-03   5.29301e-05
   5  p4           7.63602e+00   3.82111e-01   1.81203e-03  -7.26182e-04
   6  p5           9.89849e-01   2.59711e-03   1.51632e-05  -1.95763e-01
   7  p6          -1.62675e-09   8.50965e-03   1.70038e-03** at limit **
   8  p7           1.35301e-02   8.73170e-04   2.24449e-04  -3.25817e-03
                               ERR DEF= 0.5
 FCN=186.703 FROM MIGRAD    STATUS=CONVERGED     802 CALLS         803 TOTAL
                     EDM=8.20706e-08    STRATEGY= 1  ERROR MATRIX UNCERTAINTY   1.2 per cent
  EXT PARAMETER                                   STEP         FIRST   
  NO.   NAME      VALUE            ERROR          SIZE      DERIVATIVE 
   1  p0           1.82737e+02   6.23181e+00  -2.18344e-05  -1.18064e-03
   2  p1           9.94184e-01   2.62709e-04   4.13311e-06  -1.15516e-02
   3  p2           7.16876e-03   2.26479e-04  -7.99884e-06   1.69317e-04
   4  p3           3.93169e+01   1.77662e+00  -5.23593e-04  -2.69296e-04
   5  p4           8.35074e+00   3.55550e-01  -2.37547e-04   1.38491e-03
   6  p5           9.93124e-01   2.11453e-03   1.39751e-06   5.20916e-03
   7  p6          -4.19486e-11   3.45557e-03  -2.64585e-04** at limit **
   8  p7           1.11815e-02   7.02819e-04  -1.69304e-05  -9.95838e-03
                               ERR DEF= 0.5
 FCN=231.293 FROM MIGRAD    STATUS=CONVERGED     751 CALLS         752 TOTAL
                     EDM=1.13282e-07    STRATEGY= 1  ERROR MATRIX UNCERTAINTY   0.9 per cent
  EXT PARAMETER                                   STEP         FIRST   
  NO.   NAME      VALUE            ERROR          SIZE      DERIVATIVE 
   1  p0           2.16655e+02   6.95742e+00   7.56043e-05   2.58051e-03
   2  p1           9.94094e-01   2.44783e-04  -2.08908e-06   2.87598e-02
   3  p2           6.85144e-03   2.09048e-04  -2.47473e-05   1.76973e-02
   4  p3           4.43357e+01   1.91055e+00   4.06127e-04  -9.38848e-06
   5  p4           8.40034e+00   3.36105e-01  -3.68531e-04  -1.93678e-04
   6  p5           9.92462e-01   1.86172e-03   5.43294e-07   9.01322e-02
   7  p6          -6.81679e-11   2.51882e-03   1.06999e-04** at limit **
   8  p7           1.08091e-02   6.28122e-04  -4.23195e-06  -2.30334e-03
                               ERR DEF= 0.5
 FCN=240.862 FROM MIGRAD    STATUS=CONVERGED     741 CALLS         742 TOTAL
                     EDM=3.24639e-09    STRATEGY= 1  ERROR MATRIX UNCERTAINTY   0.5 per cent
  EXT PARAMETER                                   STEP         FIRST   
  NO.   NAME      VALUE            ERROR          SIZE      DERIVATIVE 
   1  p0           2.57984e+02   7.51457e+00   8.93451e-05   2.47100e-04
   2  p1           9.93546e-01   2.15340e-04   5.32994e-06   7.87741e-05
   3  p2           6.92792e-03   1.86887e-04  -9.67922e-06   2.03191e-03
   4  p3           5.19095e+01   2.06783e+00   1.08297e-04   1.47096e-05
   5  p4           9.03520e+00   3.19439e-01  -1.75897e-04  -1.80174e-04
   6  p5           9.91970e-01   1.70118e-03   1.69358e-06   7.21789e-03
   7  p6          -2.19769e-12   1.33420e-03   3.09735e-05** at limit **
   8  p7           1.01342e-02   5.52288e-04  -2.30611e-05  -1.16761e-03
                               ERR DEF= 0.5

****************************************
Minimizer is Linear
Chi2                      =      21.1792
NDf                       =           14
p0                        =      1.00848   +/-   0.000289397 
p1                        = -6.35238e-06   +/-   1.56452e-07 
Calculation of survival fraction for 2104
 FCN=166.435 FROM MIGRAD    STATUS=CONVERGED     102 CALLS         103 TOTAL
                     EDM=5.79345e-08    STRATEGY= 1      ERROR MATRIX ACCURATE 
  EXT PARAMETER                                   STEP         FIRST   
  NO.   NAME      VALUE            ERROR          SIZE      DERIVATIVE 
   1  p0           1.70252e+02   5.26930e+00   3.72704e-02  -2.65614e-05
   2  p1           2.10342e+03   4.13681e-02   1.00299e-03  -1.33710e-03
   3  p2           1.47220e+00   3.68111e-02   2.13771e-05   3.86735e-02
   4  p3           2.39978e+01   3.00407e-01   2.62862e-03  -6.55247e-05
                               ERR DEF= 0.5
Area_tot = 3261
Area_tot_psa = 730
Area = 2051
Area_psa = 184
 FCN=170.412 FROM MIGRAD    STATUS=CONVERGED     114 CALLS         115 TOTAL
                     EDM=2.72287e-07    STRATEGY= 1      ERROR MATRIX ACCURATE 
  EXT PARAMETER                                   STEP         FIRST   
  NO.   NAME      VALUE            ERROR          SIZE      DERIVATIVE 
   1  p0           1.88786e+01   2.17976e+00   1.55329e-02   2.48977e-04
   2  p1           2.10349e+03   1.71250e-01   1.49659e-03  -1.51843e-03
   3  p2           1.45562e+00   1.61457e-01   9.32478e-05   1.71729e-02
   4  p3           1.02928e+01   1.98630e-01   1.73946e-03  -4.55814e-04
                               ERR DEF= 0.5
Calculation of survival fraction for 2614.5
 FCN=339.983 FROM MIGRAD    STATUS=CONVERGED     152 CALLS         153 TOTAL
                     EDM=4.95031e-08    STRATEGY= 1      ERROR MATRIX ACCURATE 
  EXT PARAMETER                                   STEP         FIRST   
  NO.   NAME      VALUE            ERROR          SIZE      DERIVATIVE 
   1  p0           1.43875e+03   1.44260e+01   1.47739e-01   1.69092e-05
   2  p1           2.61458e+03   1.05336e-02   1.24673e-03   3.74167e-04
   3  p2           1.28803e+00   7.92020e-03   7.15998e-06   2.45080e-01
   4  p3           1.97730e+00   1.01396e-01   1.28489e-03  -9.25507e-04
                               ERR DEF= 0.5
Area_tot = 15654
Area_tot_psa = 2071
Area = 15528
Area_psa = 2053
 FCN=138.069 FROM MIGRAD    STATUS=CONVERGED     180 CALLS         181 TOTAL
                     EDM=6.06887e-07    STRATEGY= 1  ERROR MATRIX UNCERTAINTY   2.2 per cent
  EXT PARAMETER                                   STEP         FIRST   
  NO.   NAME      VALUE            ERROR          SIZE      DERIVATIVE 
   1  p0           1.88255e+02   5.31640e+00   8.15898e-02  -5.45586e-05
   2  p1           2.61463e+03   2.93457e-02  -5.11084e-04   6.53216e-03
   3  p2           1.29699e+00   2.26371e-02   9.05827e-06   3.43026e-01
   4  p3           3.78981e-02   1.37118e-02   1.14967e-04   3.86145e-02
                               ERR DEF= 0.5
Calculation of survival fraction background at 2039
Area = 5272
Area_psa = 2412
Calculation of survival fraction background at 2350
Area = 12271
Area_psa = 5330
