
[1mRooFit v3.60 -- Developed by Wouter Verkerke and David Kirkby[0m 
                Copyright (C) 2000-2013 NIKHEF, University of California & Stanford University
                All rights reserved, please read http://roofit.sourceforge.net/license.txt

Using file /nfs/gerda6/users/burlac/psd/analysis/run0098-cal_dplms_10.tier.root
Analizing channel 9
Standard analysis 
Total events = 17201607
event n.1000000
event n.2000000
event n.3000000
event n.4000000
event n.5000000
event n.6000000
event n.7000000
event n.8000000
event n.9000000
event n.10000000
event n.11000000
event n.12000000
event n.13000000
event n.14000000
event n.15000000
event n.16000000
event n.17000000
Selected events: 274356
The time to read waveforms: 55.24 s
Initialization of DEP&FEP background  = 32
 FCN=123.82 FROM MIGRAD    STATUS=CONVERGED     214 CALLS         215 TOTAL
                     EDM=9.45101e-08    STRATEGY= 1      ERROR MATRIX ACCURATE 
  EXT PARAMETER                                   STEP         FIRST   
  NO.   NAME      VALUE            ERROR          SIZE      DERIVATIVE 
   1  p0           9.66629e+01   4.20318e+00   2.46433e-02  -3.84499e-05
   2  p1           1.59275e+03   7.19363e-02   7.59484e-04  -3.02693e-03
   3  p2           1.74852e+00   7.68138e-02   3.28447e-05  -1.12240e-02
   4  p3           1.36056e+02   4.71961e+00   2.91020e-02   1.15695e-05
   5  p4           1.62101e+03   5.25145e-02   7.72956e-04   2.71414e-03
   6  p5           1.60535e+00   4.68872e-02   2.25727e-05   3.02704e-02
   7  p6           3.13645e+01   4.38658e-01   3.07378e-03   1.04691e-04
                               ERR DEF= 0.5
mean_aoe = 0.0263
AoE: max = 3.02999 max = 0.263688
 FCN=8.08069 FROM MIGRAD    STATUS=CONVERGED     469 CALLS         470 TOTAL
                     EDM=1.4576e-07    STRATEGY= 1      ERROR MATRIX ACCURATE 
  EXT PARAMETER                                   STEP         FIRST   
  NO.   NAME      VALUE            ERROR          SIZE      DERIVATIVE 
   1  p0           4.56842e-01   2.12488e-01   2.54195e-04  -4.52761e-04
   2  p1           1.01969e+00   4.50271e-02   5.93760e-05   6.32768e-03
   3  p2           8.04423e-02   4.51040e-02   1.60548e-04   4.38601e-04
   4  p3          -2.87104e-01   4.03949e-01   6.60886e-05   5.63671e-03
   5  p4           4.39072e-01   5.49373e-01   8.33680e-05   4.28982e-03
                               ERR DEF= 0.5
Total integral = 0
AoE_lowCut = 2 -> 0x7ffd7ef6b8e0
CutIntegral = 0
SF_dep = -nan
sigma_aoe = 0.0804423
Total integral = 0
AoE_lowCut = 2 -> 0x7ffd7ef6b8e0
CutIntegral = 0
SF_dep = -nan
sigma_aoe = 0.0804423
Total integral = 0
AoE_lowCut = 2 -> 0x7ffd7ef6b8e0
CutIntegral = 0
SF_dep = -nan
sigma_aoe = 0.0804423
Total integral = 0
AoE_lowCut = 2 -> 0x7ffd7ef6b8e0
CutIntegral = 0
SF_dep = -nan
sigma_aoe = 0.0804423
Total integral = 0
AoE_lowCut = 2 -> 0x7ffd7ef6b8e0
CutIntegral = 0
SF_dep = -nan
sigma_aoe = 0.0804423
Total integral = 0
AoE_lowCut = 2 -> 0x7ffd7ef6b8e0
CutIntegral = 0
SF_dep = -nan
sigma_aoe = 0.0804423
Total integral = 0
AoE_lowCut = 2 -> 0x7ffd7ef6b8e0
CutIntegral = 0
SF_dep = -nan
sigma_aoe = 0.0804423
Total integral = 0
AoE_lowCut = 2 -> 0x7ffd7ef6b8e0
CutIntegral = 0
SF_dep = -nan
sigma_aoe = 0.0804423
Total integral = 0
AoE_lowCut = 2 -> 0x7ffd7ef6b8e0
CutIntegral = 0
SF_dep = -nan
sigma_aoe = 0.0804423
Total integral = 0
AoE_lowCut = 2 -> 0x7ffd7ef6b8e0
CutIntegral = 0
SF_dep = -nan
sigma_aoe = 0.0804423
Total integral = 0
AoE_lowCut = 2 -> 0x7ffd7ef6b8e0
CutIntegral = 0
SF_dep = -nan
sigma_aoe = 0.0804423
Total integral = 0
AoE_lowCut = 2 -> 0x7ffd7ef6b8e0
CutIntegral = 0
SF_dep = -nan
sigma_aoe = 0.0804423
Total integral = 0
AoE_lowCut = 2 -> 0x7ffd7ef6b8e0
CutIntegral = 0
SF_dep = -nan
sigma_aoe = 0.0804423
Total integral = 0
AoE_lowCut = 2 -> 0x7ffd7ef6b8e0
CutIntegral = 0
SF_dep = -nan
sigma_aoe = 0.0804423
Total integral = 0
AoE_lowCut = 2 -> 0x7ffd7ef6b8e0
CutIntegral = 0
SF_dep = -nan
sigma_aoe = 0.0804423
Total integral = 0
AoE_lowCut = 2 -> 0x7ffd7ef6b8e0
CutIntegral = 0
SF_dep = -nan
sigma_aoe = 0.0804423
Total integral = 0
AoE_lowCut = 2 -> 0x7ffd7ef6b8e0
CutIntegral = 0
SF_dep = -nan
sigma_aoe = 0.0804423
Total integral = 0
AoE_lowCut = 2 -> 0x7ffd7ef6b8e0
CutIntegral = 0
SF_dep = -nan
sigma_aoe = 0.0804423
Total integral = 0
AoE_lowCut = 2 -> 0x7ffd7ef6b8e0
CutIntegral = 0
SF_dep = -nan
sigma_aoe = 0.0804423
Total integral = 0
AoE_lowCut = 2 -> 0x7ffd7ef6b8e0
CutIntegral = 0
SF_dep = -nan
sigma_aoe = 0.0804423
Total integral = 0
AoE_lowCut = 2 -> 0x7ffd7ef6b8e0
CutIntegral = 0
SF_dep = -nan
sigma_aoe = 0.0804423
Total integral = 0
AoE_lowCut = 2 -> 0x7ffd7ef6b8e0
CutIntegral = 0
SF_dep = -nan
sigma_aoe = 0.0804423
Total integral = 0
AoE_lowCut = 2 -> 0x7ffd7ef6b8e0
CutIntegral = 0
SF_dep = -nan
sigma_aoe = 0.0804423
Total integral = 0
AoE_lowCut = 2 -> 0x7ffd7ef6b8e0
CutIntegral = 0
SF_dep = -nan
sigma_aoe = 0.0804423
Total integral = 0
AoE_lowCut = 2 -> 0x7ffd7ef6b8e0
CutIntegral = 0
SF_dep = -nan
sigma_aoe = 0.0804423
Total integral = 0
AoE_lowCut = 2 -> 0x7ffd7ef6b8e0
CutIntegral = 0
SF_dep = -nan
sigma_aoe = 0.0804423
Total integral = 0
AoE_lowCut = 2 -> 0x7ffd7ef6b8e0
CutIntegral = 0
SF_dep = -nan
sigma_aoe = 0.0804423
Total integral = 0
AoE_lowCut = 2 -> 0x7ffd7ef6b8e0
CutIntegral = 0
SF_dep = -nan
sigma_aoe = 0.0804423
Total integral = 0
AoE_lowCut = 2 -> 0x7ffd7ef6b8e0
CutIntegral = 0
SF_dep = -nan
sigma_aoe = 0.0804423
Total integral = 0
AoE_lowCut = 2 -> 0x7ffd7ef6b8e0
CutIntegral = 0
SF_dep = -nan
sigma_aoe = 0.0804423
