
[1mRooFit v3.60 -- Developed by Wouter Verkerke and David Kirkby[0m 
                Copyright (C) 2000-2013 NIKHEF, University of California & Stanford University
                All rights reserved, please read http://roofit.sourceforge.net/license.txt

Using file /nfs/gerda6/users/burlac/psd/analysis/run0098-cal_dplms.tier.root
Analizing channel 38
DPLMS analysis 
Total events = 17201607
event n.1000000
event n.2000000
event n.3000000
event n.4000000
event n.5000000
event n.6000000
event n.7000000
event n.8000000
event n.9000000
event n.10000000
event n.11000000
event n.12000000
event n.13000000
event n.14000000
event n.15000000
event n.16000000
event n.17000000
Selected events: 264404
The time to read waveforms: 37.64 s
Initialization of DEP&FEP background  = 32
 FCN=121.585 FROM MIGRAD    STATUS=CONVERGED     213 CALLS         214 TOTAL
                     EDM=1.3227e-08    STRATEGY= 1      ERROR MATRIX ACCURATE 
  EXT PARAMETER                                   STEP         FIRST   
  NO.   NAME      VALUE            ERROR          SIZE      DERIVATIVE 
   1  p0           1.35898e+02   5.40638e+00   3.29907e-02   1.42646e-05
   2  p1           1.59344e+03   4.56249e-02   7.59813e-04   4.17168e-04
   3  p2           1.21346e+00   4.09214e-02   2.24823e-05   1.04869e-02
   4  p3           1.80898e+02   6.49556e+00   3.94748e-02   4.63539e-06
   5  p4           1.62167e+03   3.49273e-02   7.73274e-04   5.93727e-04
   6  p5           1.05863e+00   3.08666e-02   1.81267e-05  -2.35080e-02
   7  p6           3.05361e+01   4.04928e-01   2.95154e-03  -2.12446e-05
                               ERR DEF= 0.5
mean_aoe = 0.1315
AoE: max = 1.73608 max = 0.0970715
 FCN=1.04886 FROM MIGRAD    STATUS=CONVERGED     426 CALLS         427 TOTAL
                     EDM=8.79009e-09    STRATEGY= 1  ERROR MATRIX UNCERTAINTY   3.0 per cent
  EXT PARAMETER                                   STEP         FIRST   
  NO.   NAME      VALUE            ERROR          SIZE      DERIVATIVE 
   1  p0           1.01512e+00   6.85449e-01   7.82695e-04   5.47602e-05
   2  p1           1.00012e+00   2.78662e-03  -3.55415e-06  -2.03668e-02
   3  p2           5.27351e-03   2.08185e-03   2.94908e-05   2.65235e-03
   4  p3           4.73980e-03   5.83948e-03   1.34142e-05  -7.17488e-01
   5  p4           2.55934e-03   3.14766e-03   7.22937e-06   1.30311e+00
                               ERR DEF= 0.5
Total integral = 1354
AoE_lowCut = 1486 -> 0.990333
CutIntegral = 1219
SF_dep = 0.900295
sigma_aoe = 0.00527351
 FCN=115.092 FROM MIGRAD    STATUS=CONVERGED     137 CALLS         138 TOTAL
                     EDM=4.8702e-07    STRATEGY= 1  ERROR MATRIX UNCERTAINTY  11.3 per cent
  EXT PARAMETER                                   STEP         FIRST   
  NO.   NAME      VALUE            ERROR          SIZE      DERIVATIVE 
   1  p0           1.22645e+02   4.68281e+00  -1.21086e-02   7.76512e-05
   2  p1           1.59338e+03   4.33426e-02   9.81214e-06  -3.48487e-04
   3  p2           1.19290e+00   3.45975e-02   7.18533e-06  -4.98613e-02
   4  p3           2.21945e+01   2.63774e+00  -2.21026e-03   1.28108e-05
   5  p4           1.62177e+03   1.32695e-01  -7.43256e-05  -1.76959e-03
   6  p5           1.09318e+00   1.10822e-01   1.01872e-05   6.62185e-02
   7  p6           1.20920e+01   2.52093e-01   2.26644e-04   2.32948e-03
                               ERR DEF= 0.5
AreaDEP_tot = 2539
Area_DEP_tot_psa = 1694
AreaDEP = 1355
Area_DEP_psa = 1206
Area_FEP_tot = 2644
Area_FEP_tot_psa = 628
Area_FEP = 1604
Area_FEP_psa = 208
Calculation of AoE vs E correction
 FCN=134.207 FROM MIGRAD    STATUS=CONVERGED    1097 CALLS        1098 TOTAL
                     EDM=2.63481e-07    STRATEGY= 1  ERROR MATRIX UNCERTAINTY   3.1 per cent
  EXT PARAMETER                                   STEP         FIRST   
  NO.   NAME      VALUE            ERROR          SIZE      DERIVATIVE 
   1  p0           2.22676e+02   6.06490e+00   2.92562e-05  -3.06062e-03
   2  p1           1.00198e+00   2.27844e-04  -2.10773e-05   9.80795e-03
   3  p2           8.82576e-03   1.92746e-04  -1.81217e-05  -1.55356e-02
   4  p3           3.38535e+01   1.21950e+00  -1.79598e-03  -7.96655e-04
   5  p4           3.20641e+00   2.40527e-01  -4.82324e-04   4.72045e-03
   6  p5           1.00025e+00   3.10076e-03   1.16636e-06   7.80916e-03
   7  p6          -1.17105e-09   6.52790e-02   2.14003e-03** at limit **
   8  p7           1.36165e-02   9.75025e-04   6.82432e-05   3.82587e-04
                               ERR DEF= 0.5
 FCN=123.314 FROM MIGRAD    STATUS=CONVERGED    1023 CALLS        1024 TOTAL
                     EDM=2.15775e-07    STRATEGY= 1      ERROR MATRIX ACCURATE 
  EXT PARAMETER                                   STEP         FIRST   
  NO.   NAME      VALUE            ERROR          SIZE      DERIVATIVE 
   1  p0           2.11547e+02   6.18281e+00   5.40300e-04  -9.70505e-04
   2  p1           1.00161e+00   2.18433e-04   7.79827e-05  -3.78975e-03
   3  p2           8.01528e-03   1.90859e-04   1.24186e-04  -1.63675e-02
   4  p3           3.06196e+01   1.27818e+00   4.77675e-03  -2.41377e-04
   5  p4           4.04071e+00   2.76530e-01   1.01201e-03   4.88318e-04
   6  p5           1.00142e+00   2.95357e-03   1.39918e-05  -1.17580e-01
   7  p6          -3.17181e-09   3.90480e-02   3.02913e-03** at limit **
   8  p7           1.23173e-02   9.24729e-04   2.07755e-04  -7.39672e-03
                               ERR DEF= 0.5
 FCN=127.857 FROM MIGRAD    STATUS=CONVERGED     977 CALLS         978 TOTAL
                     EDM=3.21562e-07    STRATEGY= 1  ERROR MATRIX UNCERTAINTY   1.7 per cent
  EXT PARAMETER                                   STEP         FIRST   
  NO.   NAME      VALUE            ERROR          SIZE      DERIVATIVE 
   1  p0           2.02164e+02   6.21887e+00  -4.29649e-05  -2.53620e-03
   2  p1           1.00104e+00   2.10454e-04   2.11669e-05   3.34130e-03
   3  p2           7.45646e-03   1.87811e-04   1.82426e-05  -2.10912e-02
   4  p3           2.97483e+01   1.15507e+00   2.39488e-04  -9.27334e-04
   5  p4           4.93699e+00   2.77396e-01   2.07613e-04   3.78686e-03
   6  p5           9.98324e-01   2.99804e-03  -5.05767e-06   9.54685e-02
   7  p6          -5.85048e-11   5.52758e-02   2.09043e-03** at limit **
   8  p7           1.15090e-02   8.97431e-04   2.02339e-05  -4.94483e-03
                               ERR DEF= 0.5
 FCN=131.343 FROM MIGRAD    STATUS=CONVERGED    1021 CALLS        1022 TOTAL
                     EDM=7.40677e-07    STRATEGY= 1      ERROR MATRIX ACCURATE 
  EXT PARAMETER                                   STEP         FIRST   
  NO.   NAME      VALUE            ERROR          SIZE      DERIVATIVE 
   1  p0           2.20665e+02   6.85409e+00   5.81671e-04   5.20707e-04
   2  p1           1.00078e+00   1.89414e-04   7.03444e-05  -8.17622e-03
   3  p2           6.61260e-03   1.64966e-04   1.48256e-04   7.56273e-03
   4  p3           3.26946e+01   4.77940e+00   5.55121e-03   2.57081e-04
   5  p4           4.27333e+00   1.57305e+00   9.30531e-04  -2.89867e-03
   6  p5           9.97863e-01   3.09217e-03   1.37943e-05  -6.67637e-02
   7  p6          -8.23604e-02   1.61057e-01   2.63912e-04   7.84591e-03
   8  p7           1.15543e-02   9.14213e-04   2.23438e-04  -2.25450e-03
                               ERR DEF= 0.5
 FCN=128.656 FROM MIGRAD    STATUS=CONVERGED    1150 CALLS        1151 TOTAL
                     EDM=2.19286e-07    STRATEGY= 1      ERROR MATRIX ACCURATE 
  EXT PARAMETER                                   STEP         FIRST   
  NO.   NAME      VALUE            ERROR          SIZE      DERIVATIVE 
   1  p0           2.22663e+02   7.18320e+00   6.17379e-04  -1.04094e-03
   2  p1           1.00024e+00   1.85496e-04   6.75730e-05  -4.03572e-03
   3  p2           6.17216e-03   1.63240e-04   1.67080e-04  -6.97299e-03
   4  p3           3.20934e+01   1.32328e+00   5.45479e-03  -5.61701e-04
   5  p4           5.67401e+00   3.02160e-01   1.20504e-03   2.79738e-03
   6  p5           9.98459e-01   2.55950e-03   1.23416e-05   9.66821e-02
   7  p6          -2.01236e-09   6.20016e-01   7.69235e-03** at limit **
   8  p7           1.03658e-02   8.19445e-04   2.17512e-04   4.11440e-03
                               ERR DEF= 0.5
 FCN=116.654 FROM MIGRAD    STATUS=CONVERGED     808 CALLS         809 TOTAL
                     EDM=1.45261e-08    STRATEGY= 1  ERROR MATRIX UNCERTAINTY   1.6 per cent
  EXT PARAMETER                                   STEP         FIRST   
  NO.   NAME      VALUE            ERROR          SIZE      DERIVATIVE 
   1  p0           2.09575e+02   7.07120e+00   1.29943e-04   3.20668e-04
   2  p1           9.99425e-01   1.92033e-04   9.91336e-06  -1.06021e-02
   3  p2           5.94785e-03   1.66207e-04  -7.74820e-05   1.94102e-03
   4  p3           3.30989e+01   1.30999e+00   9.64040e-04  -3.32407e-05
   5  p4           5.99597e+00   2.95586e-01  -2.41502e-04   7.96425e-05
   6  p5           9.97664e-01   2.38726e-03   4.00247e-06  -8.59143e-03
   7  p6          -1.59750e-12   1.30777e-02   3.21596e-04** at limit **
   8  p7           9.83021e-03   7.47026e-04  -6.75880e-05  -3.95694e-03
                               ERR DEF= 0.5
 FCN=98.2587 FROM MIGRAD    STATUS=CONVERGED     866 CALLS         867 TOTAL
                     EDM=4.41528e-09    STRATEGY= 1  ERROR MATRIX UNCERTAINTY   2.0 per cent
  EXT PARAMETER                                   STEP         FIRST   
  NO.   NAME      VALUE            ERROR          SIZE      DERIVATIVE 
   1  p0           2.20454e+02   7.48516e+00   5.69174e-05   1.86225e-04
   2  p1           9.99181e-01   1.71509e-04   6.16063e-07   7.91076e-03
   3  p2           5.43953e-03   1.39505e-04  -2.47080e-05   1.91880e-04
   4  p3           2.93472e+01   1.20560e+00   1.82153e-04  -6.47226e-05
   5  p4           5.71681e+00   3.04468e-01  -1.34669e-04   1.59043e-04
   6  p5           9.96270e-01   2.49125e-03  -1.93425e-08   1.04057e-02
   7  p6          -5.81655e-11   3.53709e-02   6.91403e-05** at limit **
   8  p7           8.39875e-03   7.44795e-04  -6.77673e-06  -7.35931e-05
                               ERR DEF= 0.5
 FCN=116.548 FROM MIGRAD    STATUS=CONVERGED     774 CALLS         775 TOTAL
                     EDM=4.98427e-09    STRATEGY= 1  ERROR MATRIX UNCERTAINTY   2.0 per cent
  EXT PARAMETER                                   STEP         FIRST   
  NO.   NAME      VALUE            ERROR          SIZE      DERIVATIVE 
   1  p0           2.38115e+02   8.00311e+00   9.96334e-05  -4.17045e-04
   2  p1           9.98096e-01   1.63977e-04   1.61095e-05  -2.69306e-03
   3  p2           5.16040e-03   1.40552e-04  -8.68431e-05  -1.22848e-04
   4  p3           4.09042e+01   1.52396e+00   3.75665e-03   5.43196e-05
   5  p4           7.96905e+00   3.21486e-01   3.95568e-04  -3.61342e-04
   6  p5           9.91733e-01   2.20184e-03   1.90320e-06  -8.16003e-03
   7  p6          -1.21252e-11   6.56450e-03   2.29814e-05** at limit **
   8  p7           9.36098e-03   6.65138e-04  -8.54093e-05   2.15406e-04
                               ERR DEF= 0.5
 FCN=161.023 FROM MIGRAD    STATUS=CONVERGED    1069 CALLS        1070 TOTAL
                     EDM=6.29697e-07    STRATEGY= 1  ERROR MATRIX UNCERTAINTY   2.3 per cent
  EXT PARAMETER                                   STEP         FIRST   
  NO.   NAME      VALUE            ERROR          SIZE      DERIVATIVE 
   1  p0           2.36611e+02   8.09026e+00   3.35196e-04   7.64743e-03
   2  p1           9.97431e-01   1.66454e-04   1.41840e-06   3.29836e-03
   3  p2           5.00950e-03   4.60252e-04   1.24362e-03  -5.07880e-03
   4  p3           4.46932e+01   1.45266e+00  -4.36195e-03  -1.25189e-04
   5  p4           7.96089e+00   2.81134e-01  -1.36032e-05   9.96168e-04
   6  p5           9.91603e-01   1.99392e-03   1.49419e-06   2.15247e-01
   7  p6          -4.12287e-09   2.54216e-02  -1.98617e-05** at limit **
   8  p7           9.02407e-03   6.25816e-04   3.56330e-05  -1.53625e-04
                               ERR DEF= 0.5
 FCN=166.35 FROM MIGRAD    STATUS=CONVERGED    1113 CALLS        1114 TOTAL
                     EDM=6.54924e-08    STRATEGY= 1  ERROR MATRIX UNCERTAINTY   1.9 per cent
  EXT PARAMETER                                   STEP         FIRST   
  NO.   NAME      VALUE            ERROR          SIZE      DERIVATIVE 
   1  p0           2.43100e+02   7.21011e+00  -2.72244e-05  -2.72931e-04
   2  p1           9.97335e-01   1.54425e-04   4.63136e-06  -1.77891e-02
   3  p2           5.00000e-03   1.40273e-04   2.38508e-05** at limit **
   4  p3           4.57425e+01   1.55960e+00  -5.26297e-04  -2.07272e-04
   5  p4           7.69555e+00   3.00988e-01  -3.76804e-05   1.71516e-03
   6  p5           9.92338e-01   1.68637e-03   5.80426e-07   2.60481e-02
   7  p6          -2.42029e-14   5.08501e-02   7.18487e-04** at limit **
   8  p7           9.42544e-03   5.82382e-04  -6.76886e-06  -1.67853e-03
                               ERR DEF= 0.5
 FCN=157.507 FROM MIGRAD    STATUS=CONVERGED    1172 CALLS        1173 TOTAL
                     EDM=5.56925e-07    STRATEGY= 1      ERROR MATRIX ACCURATE 
  EXT PARAMETER                                   STEP         FIRST   
  NO.   NAME      VALUE            ERROR          SIZE      DERIVATIVE 
   1  p0           2.28607e+02   7.09094e+00   7.37162e-04  -9.44410e-04
   2  p1           9.96854e-01   1.60380e-04   6.83286e-05   1.93161e-02
   3  p2           5.00000e-03   7.84860e-05   9.73452e-04** at limit **
   4  p3           4.53298e+01   1.57092e+00   7.90208e-03   2.19533e-04
   5  p4           7.74722e+00   2.96004e-01   1.39400e-03  -1.32851e-03
   6  p5           9.92376e-01   1.66042e-03   1.01757e-05  -1.45846e-01
   7  p6          -3.79962e-08   7.88994e-02   4.79847e-03** at limit **
   8  p7           9.06603e-03   5.76744e-04   2.13391e-04  -5.37585e-03
                               ERR DEF= 0.5
 FCN=147.078 FROM MIGRAD    STATUS=CONVERGED    1117 CALLS        1118 TOTAL
                     EDM=4.57803e-07    STRATEGY= 1  ERROR MATRIX UNCERTAINTY   1.0 per cent
  EXT PARAMETER                                   STEP         FIRST   
  NO.   NAME      VALUE            ERROR          SIZE      DERIVATIVE 
   1  p0           2.35211e+02   7.19288e+00   2.47578e-04  -2.99306e-03
   2  p1           9.96542e-01   1.54407e-04  -4.68363e-06  -3.18616e-02
   3  p2           5.00000e-03   7.63529e-05   2.56954e-04** at limit **
   4  p3           4.47387e+01   1.55361e+00  -7.34453e-04  -2.97830e-04
   5  p4           8.19386e+00   3.03052e-01   1.52405e-04   2.60661e-03
   6  p5           9.91722e-01   1.58834e-03  -2.46065e-06  -5.06475e-02
   7  p6          -1.99160e-09   1.34045e-02   8.02790e-04** at limit **
   8  p7           8.47708e-03   5.45796e-04   1.17177e-05  -2.43982e-03
                               ERR DEF= 0.5
 FCN=166.168 FROM MIGRAD    STATUS=CONVERGED     954 CALLS         955 TOTAL
                     EDM=2.48796e-07    STRATEGY= 1  ERROR MATRIX UNCERTAINTY   1.6 per cent
  EXT PARAMETER                                   STEP         FIRST   
  NO.   NAME      VALUE            ERROR          SIZE      DERIVATIVE 
   1  p0           2.83971e+02   7.79205e+00   1.84362e-04   3.63965e-03
   2  p1           9.95963e-01   1.43273e-04  -7.55977e-06   2.02743e-02
   3  p2           5.00000e-03   7.46573e-05   8.06719e-04** at limit **
   4  p3           5.02893e+01   1.65755e+00   2.44898e-03  -4.73946e-05
   5  p4           7.78729e+00   2.72157e-01  -2.66598e-04  -6.36551e-04
   6  p5           9.92853e-01   1.36053e-03   6.54961e-06  -6.02403e-02
   7  p6          -1.84390e-10   7.11109e-03   8.23237e-04** at limit **
   8  p7           7.46149e-03   4.62401e-04   6.60195e-05   1.41977e-02
                               ERR DEF= 0.5
 FCN=202.074 FROM MIGRAD    STATUS=CONVERGED     899 CALLS         900 TOTAL
                     EDM=9.23576e-09    STRATEGY= 1  ERROR MATRIX UNCERTAINTY   0.9 per cent
  EXT PARAMETER                                   STEP         FIRST   
  NO.   NAME      VALUE            ERROR          SIZE      DERIVATIVE 
   1  p0           3.39190e+02   8.52682e+00   2.24009e-05  -9.70067e-04
   2  p1           9.95541e-01   1.29452e-04  -1.75509e-06  -4.49930e-04
   3  p2           5.00000e-03   3.14782e-05  -7.75923e-05** at limit **
   4  p3           5.80922e+01   1.80383e+00   5.08787e-04  -3.38956e-05
   5  p4           8.08117e+00   2.62828e-01  -1.05755e-04   1.31517e-04
   6  p5           9.91535e-01   1.32849e-03  -2.24213e-07   2.92870e-02
   7  p6          -1.30098e-11   3.15258e-03  -3.64322e-06** at limit **
   8  p7           7.84590e-03   4.45922e-04   2.08838e-06   8.29617e-05
                               ERR DEF= 0.5
 FCN=193.502 FROM MIGRAD    STATUS=CONVERGED     844 CALLS         845 TOTAL
                     EDM=5.58564e-07    STRATEGY= 1  ERROR MATRIX UNCERTAINTY   1.7 per cent
  EXT PARAMETER                                   STEP         FIRST   
  NO.   NAME      VALUE            ERROR          SIZE      DERIVATIVE 
   1  p0           3.91748e+02   9.38494e+00  -5.59833e-05   2.54866e-03
   2  p1           9.95302e-01   1.22090e-04   4.60380e-07   3.06753e-02
   3  p2           5.00000e-03   1.42844e-04  -6.02493e-04** at limit **
   4  p3           6.24221e+01   1.89104e+00  -3.33928e-03  -5.68248e-04
   5  p4           7.63627e+00   2.49056e-01  -5.05271e-04   6.35585e-03
   6  p5           9.93398e-01   1.23240e-03  -7.43111e-07   4.96279e-01
   7  p6          -1.13609e-12   2.81997e-03  -5.85353e-04** at limit **
   8  p7           6.91478e-03   4.04674e-04  -2.19620e-05   7.39093e-04
                               ERR DEF= 0.5
 FCN=238.066 FROM MIGRAD    STATUS=CONVERGED     842 CALLS         843 TOTAL
                     EDM=6.11518e-08    STRATEGY= 1  ERROR MATRIX UNCERTAINTY   1.7 per cent
  EXT PARAMETER                                   STEP         FIRST   
  NO.   NAME      VALUE            ERROR          SIZE      DERIVATIVE 
   1  p0           4.34647e+02   1.10532e+01  -4.62593e-05  -1.01963e-03
   2  p1           9.94780e-01   1.28316e-04  -5.90563e-06  -1.31649e-05
   3  p2           5.04641e-03   1.23158e-04  -3.12331e-06  -1.77735e-03
   4  p3           7.39524e+01   2.22126e+00  -1.45258e-03   1.12899e-04
   5  p4           8.84665e+00   2.36245e-01  -8.68767e-05  -1.96492e-03
   6  p5           9.92017e-01   1.22268e-03   1.16418e-06  -1.13992e-01
   7  p6          -9.73073e-11   1.94458e-03   6.47895e-06** at limit **
   8  p7           8.27012e-03   4.08499e-04   1.39056e-05   4.23767e-04
                               ERR DEF= 0.5

****************************************
Minimizer is Linear
Chi2                      =      14.1707
NDf                       =           14
p0                        =      1.00686   +/-   0.000178878 
p1                        =  -5.0686e-06   +/-   9.39439e-08 
Calculation of survival fraction for 2104
 FCN=142.938 FROM MIGRAD    STATUS=CONVERGED     104 CALLS         105 TOTAL
                     EDM=4.17205e-07    STRATEGY= 1      ERROR MATRIX ACCURATE 
  EXT PARAMETER                                   STEP         FIRST   
  NO.   NAME      VALUE            ERROR          SIZE      DERIVATIVE 
   1  p0           2.85214e+02   6.48484e+00   4.27750e-02  -7.39080e-05
   2  p1           2.10411e+03   3.24124e-02   1.00332e-03  -3.33927e-03
   3  p2           1.57356e+00   2.81411e-02   1.47483e-05  -2.16866e-01
   4  p3           3.56169e+01   3.66001e-01   2.96846e-03   1.07186e-03
                               ERR DEF= 0.5
Area_tot = 5521
Area_tot_psa = 981
Area = 3755
Area_psa = 319
 FCN=143.759 FROM MIGRAD    STATUS=CONVERGED     180 CALLS         181 TOTAL
                     EDM=5.75615e-08    STRATEGY= 1  ERROR MATRIX UNCERTAINTY   4.8 per cent
  EXT PARAMETER                                   STEP         FIRST   
  NO.   NAME      VALUE            ERROR          SIZE      DERIVATIVE 
   1  p0           2.50176e+01   2.54294e+00   1.68220e-03  -3.82243e-05
   2  p1           2.10431e+03   1.47491e-01  -8.43614e-05  -5.13056e-04
   3  p2           1.51625e+00   1.39580e-01   5.00087e-06   1.77593e-02
   4  p3           1.32414e+01   2.26645e-01  -1.45382e-04   4.77417e-04
                               ERR DEF= 0.5
Calculation of survival fraction for 2614.5
 FCN=1139.17 FROM MIGRAD    STATUS=CONVERGED     106 CALLS         107 TOTAL
                     EDM=2.37437e-07    STRATEGY= 1      ERROR MATRIX ACCURATE 
  EXT PARAMETER                                   STEP         FIRST   
  NO.   NAME      VALUE            ERROR          SIZE      DERIVATIVE 
   1  p0           3.05312e+03   2.04046e+01   3.83916e-01   6.55823e-06
   2  p1           2.61447e+03   7.40701e-03   1.24668e-03   5.84066e-02
   3  p2           1.35520e+00   5.49541e-03   8.90931e-06   5.25931e-01
   4  p3           5.38421e+00   1.55124e-01   3.60072e-03  -7.44211e-04
                               ERR DEF= 0.5
Area_tot = 34888
Area_tot_psa = 4139
Area = 34486
Area_psa = 4108
 FCN=95.5908 FROM MIGRAD    STATUS=CONVERGED     238 CALLS         239 TOTAL
                     EDM=3.39628e-07    STRATEGY= 1  ERROR MATRIX UNCERTAINTY   2.1 per cent
  EXT PARAMETER                                   STEP         FIRST   
  NO.   NAME      VALUE            ERROR          SIZE      DERIVATIVE 
   1  p0           3.67396e+02   6.98638e+00   6.33659e-02   8.37701e-05
   2  p1           2.61456e+03   2.09356e-02  -1.29059e-04  -4.09905e-03
   3  p2           1.33975e+00   1.52609e-02  -2.56201e-06   1.06935e-01
   4  p3           7.21321e-03   7.00822e-03   7.15604e-05  -8.70397e-02
                               ERR DEF= 0.5
Calculation of survival fraction background at 2039
Area = 7728
Area_psa = 2913
