
[1mRooFit v3.60 -- Developed by Wouter Verkerke and David Kirkby[0m 
                Copyright (C) 2000-2013 NIKHEF, University of California & Stanford University
                All rights reserved, please read http://roofit.sourceforge.net/license.txt

Using file /nfs/gerda6/users/burlac/psd/analysis/run0098-cal_dplms_10.tier.root
Analizing channel 37
Standard analysis 
Total events = 17201607
event n.1000000
event n.2000000
event n.3000000
event n.4000000
event n.5000000
event n.6000000
event n.7000000
event n.8000000
event n.9000000
event n.10000000
event n.11000000
event n.12000000
event n.13000000
event n.14000000
event n.15000000
event n.16000000
event n.17000000
Selected events: 240939
The time to read waveforms: 27.45 s
Initialization of DEP&FEP background  = 24.5
 FCN=118.554 FROM MIGRAD    STATUS=CONVERGED     178 CALLS         179 TOTAL
                     EDM=2.96018e-08    STRATEGY= 1  ERROR MATRIX UNCERTAINTY   4.4 per cent
  EXT PARAMETER                                   STEP         FIRST   
  NO.   NAME      VALUE            ERROR          SIZE      DERIVATIVE 
   1  p0           1.18995e+02   5.26630e+00  -1.46413e-03   1.39725e-05
   2  p1           1.59396e+03   4.77684e-02   3.07557e-06   2.70883e-03
   3  p2           1.12977e+00   4.26147e-02   1.32970e-06   2.65049e-02
   4  p3           1.71223e+02   6.21662e+00  -1.22578e-02   1.69036e-05
   5  p4           1.62221e+03   3.63282e-02  -3.16858e-06   1.19620e-03
   6  p5           1.08678e+00   3.19316e-02   5.33386e-06   5.97696e-02
   7  p6           2.74036e+01   3.82403e-01  -4.98542e-04   2.57757e-04
                               ERR DEF= 0.5
mean_aoe = 0.0317
AoE: max = 2.74202 max = 0.18119
 FCN=1.72926 FROM MIGRAD    STATUS=CONVERGED     376 CALLS         377 TOTAL
                     EDM=4.70342e-07    STRATEGY= 1  ERROR MATRIX UNCERTAINTY  13.9 per cent
  EXT PARAMETER                                   STEP         FIRST   
  NO.   NAME      VALUE            ERROR          SIZE      DERIVATIVE 
   1  p0           7.90881e-01   3.81182e-01  -1.19309e-03   6.61420e-04
   2  p1           9.98910e-01   5.10967e-03  -6.41935e-06  -1.56696e-01
   3  p2           1.32186e-02   4.08194e-03   3.73518e-05  -9.78851e-03
   4  p3           8.65414e-03   8.31896e-03  -1.62807e-05  -4.46241e-01
   5  p4           5.33923e-03   5.12949e-03  -1.00391e-05   7.06241e-01
                               ERR DEF= 0.5
Total integral = 1163
Bin number = 100  AoE_lowCut = 51 -> 1.01
CutIntegral = 972
SF_dep = 0.83577
sigma_aoe = 0.0132186
Total integral = 1163
Bin number = 250  AoE_lowCut = 124 -> 0.988
CutIntegral = 1018
SF_dep = 0.875322
sigma_aoe = 0.0132186
Total integral = 1163
Bin number = 500  AoE_lowCut = 245 -> 0.978
CutIntegral = 1048
SF_dep = 0.901118
sigma_aoe = 0.0132186
Total integral = 1163
Bin number = 1000  AoE_lowCut = 488 -> 0.975
CutIntegral = 1048
SF_dep = 0.901118
sigma_aoe = 0.0132186
Total integral = 1163
Bin number = 1500  AoE_lowCut = 731 -> 0.974
CutIntegral = 1048
SF_dep = 0.901118
sigma_aoe = 0.0132186
Total integral = 1163
Bin number = 2000  AoE_lowCut = 974 -> 0.9735
CutIntegral = 1048
SF_dep = 0.901118
sigma_aoe = 0.0132186
Total integral = 1163
Bin number = 2500  AoE_lowCut = 1216 -> 0.9724
CutIntegral = 1050
SF_dep = 0.902837
sigma_aoe = 0.0132186
Total integral = 1163
Bin number = 3000  AoE_lowCut = 1459 -> 0.972333
CutIntegral = 1051
SF_dep = 0.903697
sigma_aoe = 0.0132186
Total integral = 1163
Bin number = 3500  AoE_lowCut = 1702 -> 0.972286
CutIntegral = 1050
SF_dep = 0.902837
sigma_aoe = 0.0132186
Total integral = 1163
Bin number = 4000  AoE_lowCut = 1945 -> 0.97225
CutIntegral = 1050
SF_dep = 0.902837
sigma_aoe = 0.0132186
Total integral = 1163
Bin number = 4500  AoE_lowCut = 2187 -> 0.971778
CutIntegral = 1051
SF_dep = 0.903697
sigma_aoe = 0.0132186
Total integral = 1163
Bin number = 5000  AoE_lowCut = 2430 -> 0.9718
CutIntegral = 1050
SF_dep = 0.902837
sigma_aoe = 0.0132186
Total integral = 1163
Bin number = 6000  AoE_lowCut = 2916 -> 0.971833
CutIntegral = 1051
SF_dep = 0.903697
sigma_aoe = 0.0132186
Total integral = 1163
Bin number = 7000  AoE_lowCut = 3401 -> 0.971571
CutIntegral = 1051
SF_dep = 0.903697
sigma_aoe = 0.0132186
Total integral = 1163
Bin number = 8000  AoE_lowCut = 3887 -> 0.971625
CutIntegral = 1050
SF_dep = 0.902837
sigma_aoe = 0.0132186
Total integral = 1163
Bin number = 9000  AoE_lowCut = 4372 -> 0.971444
CutIntegral = 1051
SF_dep = 0.903697
sigma_aoe = 0.0132186
Total integral = 1163
Bin number = 10000  AoE_lowCut = 4858 -> 0.9715
CutIntegral = 1050
SF_dep = 0.902837
sigma_aoe = 0.0132186
