
[1mRooFit v3.60 -- Developed by Wouter Verkerke and David Kirkby[0m 
                Copyright (C) 2000-2013 NIKHEF, University of California & Stanford University
                All rights reserved, please read http://roofit.sourceforge.net/license.txt

Using file /nfs/gerda6/users/burlac/psd/analysis/run0098-cal_dplms_1000.tier.root
Analizing channel 26
DPLMS analysis with weight 1000
Total events = 17201607
event n.1000000
event n.2000000
event n.3000000
event n.4000000
event n.5000000
event n.6000000
event n.7000000
event n.8000000
event n.9000000
event n.10000000
event n.11000000
event n.12000000
event n.13000000
event n.14000000
event n.15000000
event n.16000000
event n.17000000
Selected events: 183136
The time to read waveforms: 32.63 s
Initialization of DEP&FEP background  = 21
 FCN=118.079 FROM MIGRAD    STATUS=CONVERGED     212 CALLS         213 TOTAL
                     EDM=7.55055e-07    STRATEGY= 1      ERROR MATRIX ACCURATE 
  EXT PARAMETER                                   STEP         FIRST   
  NO.   NAME      VALUE            ERROR          SIZE      DERIVATIVE 
   1  p0           2.25875e+02   6.51716e+00   3.90216e-02   3.87511e-05
   2  p1           1.59301e+03   3.04821e-02   7.59608e-04   1.04120e-02
   3  p2           1.18755e+00   2.61484e-02   1.42815e-05  -1.04126e-01
   4  p3           1.14056e+02   4.90524e+00   2.90311e-02  -7.16820e-06
   5  p4           1.62118e+03   4.91395e-02   7.73039e-04  -1.22131e-02
   6  p5           1.23177e+00   4.60575e-02   2.42876e-05  -9.00367e-03
   7  p6           2.13960e+01   3.44921e-01   2.47527e-03   7.74141e-04
                               ERR DEF= 0.5
mean_aoe = 0.0717
AoE: max = 1.70061 max = 0.0663867
 FCN=0.662137 FROM MIGRAD    STATUS=CONVERGED     333 CALLS         334 TOTAL
                     EDM=2.49268e-08    STRATEGY= 1  ERROR MATRIX UNCERTAINTY   1.3 per cent
  EXT PARAMETER                                   STEP         FIRST   
  NO.   NAME      VALUE            ERROR          SIZE      DERIVATIVE 
   1  p0           9.99234e-01   5.68865e-01  -1.67395e-04   1.29310e-04
   2  p1           1.00089e+00   3.60926e-03   5.78996e-06   3.58175e-02
   3  p2           7.77748e-03   2.83475e-03   1.19208e-04   2.42702e-03
   4  p3           3.97095e-03   5.26535e-03   1.69316e-05   5.10621e-02
   5  p4           2.79386e-03   3.70056e-03   1.18979e-05  -1.15952e-01
                               ERR DEF= 0.5
Analysis with a fixed bin for LowCut
Total integral = 2223
AoE_lowCut = 1970 -> 0.98475
CutIntegral = 2008
SF_dep = 0.903284
sigma_aoe = 0.00777748
 FCN=123.706 FROM MIGRAD    STATUS=CONVERGED     190 CALLS         191 TOTAL
                     EDM=1.17057e-06    STRATEGY= 1      ERROR MATRIX ACCURATE 
  EXT PARAMETER                                   STEP         FIRST   
  NO.   NAME      VALUE            ERROR          SIZE      DERIVATIVE 
   1  p0           2.07424e+02   6.11386e+00   3.73064e-02  -4.62662e-05
   2  p1           1.59301e+03   2.99898e-02   7.59606e-04  -1.05041e-02
   3  p2           1.17468e+00   2.53878e-02   1.41882e-05   2.63478e-01
   4  p3           1.24185e+01   1.77608e+00   1.06864e-02  -1.09302e-05
   5  p4           1.62120e+03   2.80707e-01   2.15977e-03   2.11478e-03
   6  p5           1.91521e+00   3.02296e-01   1.28219e-04   1.20531e-02
   7  p6           1.10526e+01   2.61127e-01   1.83924e-03   5.92383e-04
                               ERR DEF= 0.5
AreaDEP_tot = 3064
Area_DEP_tot_psa = 2487
AreaDEP = 2178
Area_DEP_psa = 1981
Area_FEP_tot = 2030
Area_FEP_tot_psa = 655
Area_FEP = 1135
Area_FEP_psa = 186
Calculation of AoE vs E correction
 FCN=101.653 FROM MIGRAD    STATUS=CONVERGED    1148 CALLS        1149 TOTAL
                     EDM=5.5303e-07    STRATEGY= 1      ERROR MATRIX ACCURATE 
  EXT PARAMETER                                   STEP         FIRST   
  NO.   NAME      VALUE            ERROR          SIZE      DERIVATIVE 
   1  p0           9.87991e+01   3.48003e+00   5.40944e-04  -1.76859e-03
   2  p1           1.00281e+00   4.18905e-04   1.35753e-04   1.86031e-02
   3  p2           1.30043e-02   3.82273e-04   1.50297e-04   9.76892e-03
   4  p3           1.78021e+01   1.04428e+00   3.15994e-03  -5.19094e-04
   5  p4           3.01883e+00   3.68219e-01   1.07038e-03   6.07399e-04
   6  p5           1.00459e+00   6.62954e-03   2.15269e-05   2.28554e-02
   7  p6          -2.13801e-08   1.33802e-01   5.19484e-03** at limit **
   8  p7           1.80089e-02   2.01671e-03   2.56742e-04   2.05640e-03
                               ERR DEF= 0.5
 FCN=97.0815 FROM MIGRAD    STATUS=CONVERGED    1275 CALLS        1276 TOTAL
                     EDM=9.08999e-07    STRATEGY= 1      ERROR MATRIX ACCURATE 
  EXT PARAMETER                                   STEP         FIRST   
  NO.   NAME      VALUE            ERROR          SIZE      DERIVATIVE 
   1  p0           9.73548e+01   3.54220e+00   5.78222e-04  -7.58692e-04
   2  p1           1.00258e+00   3.91609e-04   1.22762e-04   9.18734e-03
   3  p2           1.16654e-02   3.39487e-04   1.41422e-04  -8.94198e-03
   4  p3           1.42739e+01   9.09764e-01   2.81563e-03  -1.21244e-03
   5  p4           3.35023e+00   4.14505e-01   1.22294e-03   2.72466e-03
   6  p5           1.00149e+00   6.86245e-03   2.29122e-05   4.52161e-02
   7  p6          -5.39002e-08   1.98298e-01   6.39595e-03** at limit **
   8  p7           1.62462e-02   2.03977e-03   2.78678e-04   9.68045e-03
                               ERR DEF= 0.5
 FCN=122.894 FROM MIGRAD    STATUS=CONVERGED     869 CALLS         870 TOTAL
                     EDM=3.38558e-08    STRATEGY= 1  ERROR MATRIX UNCERTAINTY   2.2 per cent
  EXT PARAMETER                                   STEP         FIRST   
  NO.   NAME      VALUE            ERROR          SIZE      DERIVATIVE 
   1  p0           1.14929e+02   4.10142e+00   5.43716e-05  -4.99003e-04
   2  p1           1.00217e+00   3.14475e-04  -1.13277e-05  -1.99145e-03
   3  p2           9.75816e-03   2.80165e-04   6.05374e-06  -2.46814e-03
   4  p3           1.55408e+01   9.57336e-01  -8.90102e-04  -4.80759e-05
   5  p4           5.04815e+00   4.44331e-01  -9.19877e-04   1.73208e-04
   6  p5           9.99912e-01   5.09655e-03   5.71582e-06   4.59625e-02
   7  p6          -9.24095e-10   3.27617e-02   2.23203e-04** at limit **
   8  p7           1.62719e-02   1.56623e-03  -1.11246e-05   3.26577e-03
                               ERR DEF= 0.5
 FCN=103.288 FROM MIGRAD    STATUS=CONVERGED     878 CALLS         879 TOTAL
                     EDM=4.87408e-07    STRATEGY= 1      ERROR MATRIX ACCURATE 
  EXT PARAMETER                                   STEP         FIRST   
  NO.   NAME      VALUE            ERROR          SIZE      DERIVATIVE 
   1  p0           1.09790e+02   5.36932e+00   6.11970e-04  -4.56499e-04
   2  p1           1.00208e+00   3.41861e-04   1.07912e-04  -1.45485e-02
   3  p2           9.09282e-03   3.07836e-04   1.50944e-04   2.51505e-04
   4  p3           1.94509e+01   1.40459e+00   3.97366e-03   2.24732e-04
   5  p4           5.90728e+00   4.06959e-01   1.39543e-03  -5.76128e-04
   6  p5           1.00593e+00   6.38818e-03   1.62917e-05  -8.15811e-02
   7  p6          -1.51471e-08   3.68283e-02   2.67271e-03** at limit **
   8  p7           8.17590e-03   1.55279e-03   3.33855e-04  -2.68622e-03
                               ERR DEF= 0.5
 FCN=123.859 FROM MIGRAD    STATUS=CONVERGED     770 CALLS         771 TOTAL
                     EDM=9.61738e-07    STRATEGY= 1  ERROR MATRIX UNCERTAINTY   2.9 per cent
  EXT PARAMETER                                   STEP         FIRST   
  NO.   NAME      VALUE            ERROR          SIZE      DERIVATIVE 
   1  p0           1.23304e+02   4.50857e+00  -5.21834e-05  -3.43356e-03
   2  p1           1.00079e+00   3.06754e-04   3.32483e-05  -1.99822e-02
   3  p2           8.87020e-03   2.61524e-04  -1.42908e-04  -2.72763e-02
   4  p3           2.05057e+01   1.17504e+00   2.74375e-03  -8.98376e-04
   5  p4           6.92133e+00   4.40914e-01  -5.31237e-04   1.94487e-03
   6  p5           9.96626e-01   4.58193e-03   2.41966e-05   3.20864e-01
   7  p6          -5.22637e-09   2.71670e-02   4.85430e-03** at limit **
   8  p7           1.30566e-02   1.28144e-03  -1.29924e-04   2.58159e-02
                               ERR DEF= 0.5
 FCN=141.189 FROM MIGRAD    STATUS=CONVERGED     742 CALLS         743 TOTAL
                     EDM=4.53506e-08    STRATEGY= 1  ERROR MATRIX UNCERTAINTY   3.0 per cent
  EXT PARAMETER                                   STEP         FIRST   
  NO.   NAME      VALUE            ERROR          SIZE      DERIVATIVE 
   1  p0           1.17353e+02   4.36847e+00  -4.21285e-05   9.78432e-04
   2  p1           9.99563e-01   3.10408e-04  -7.51603e-07   7.56557e-03
   3  p2           8.44904e-03   2.73240e-04   3.75501e-06  -1.55197e-03
   4  p3           2.08027e+01   1.14019e+00   2.80561e-04  -6.55521e-05
   5  p4           6.74515e+00   4.27791e-01   3.55578e-04   5.70390e-04
   6  p5           9.93679e-01   4.00434e-03   2.77985e-07   1.14090e-02
   7  p6          -7.26232e-11   1.34123e-02   4.18169e-04** at limit **
   8  p7           1.35610e-02   1.14662e-03   4.60845e-06  -7.19816e-04
                               ERR DEF= 0.5
 FCN=115.849 FROM MIGRAD    STATUS=CONVERGED     828 CALLS         829 TOTAL
                     EDM=3.01276e-07    STRATEGY= 1  ERROR MATRIX UNCERTAINTY   2.9 per cent
  EXT PARAMETER                                   STEP         FIRST   
  NO.   NAME      VALUE            ERROR          SIZE      DERIVATIVE 
   1  p0           1.14916e+02   4.33330e+00   1.00092e-04   4.13097e-04
   2  p1           9.98872e-01   3.18975e-04  -2.69784e-06   2.06504e-02
   3  p2           8.59460e-03   2.67703e-04  -4.24629e-06  -1.01602e-04
   4  p3           1.83013e+01   1.05564e+00   6.56987e-04   1.95621e-04
   5  p4           6.54142e+00   4.55910e-01  -5.23039e-04   1.74300e-04
   6  p5           9.91978e-01   4.64012e-03  -2.32504e-06   8.65835e-02
   7  p6          -6.87795e-09   2.47226e-02   1.21095e-04** at limit **
   8  p7           1.33656e-02   1.33027e-03   3.29392e-05   9.49550e-03
                               ERR DEF= 0.5
 FCN=137.401 FROM MIGRAD    STATUS=CONVERGED     919 CALLS         920 TOTAL
                     EDM=3.79434e-09    STRATEGY= 1  ERROR MATRIX UNCERTAINTY   1.3 per cent
  EXT PARAMETER                                   STEP         FIRST   
  NO.   NAME      VALUE            ERROR          SIZE      DERIVATIVE 
   1  p0           1.37593e+02   5.29326e+00   5.96639e-05   8.69467e-05
   2  p1           9.97828e-01   2.75947e-04  -1.78662e-06   5.87318e-03
   3  p2           7.33279e-03   2.31561e-04  -4.80399e-06   3.47969e-04
   4  p3           3.47577e+01   1.56780e+00  -2.32159e-04  -2.08080e-05
   5  p4           1.01813e+01   4.35586e-01   1.87117e-04  -1.02404e-05
   6  p5           9.89408e-01   2.89368e-03  -3.44920e-06  -3.32818e-03
   7  p6          -1.11022e-15   1.74646e-03   2.45455e-05** at limit **
   8  p7           1.24385e-02   7.91385e-04   1.52894e-05  -6.12512e-04
                               ERR DEF= 0.5
 FCN=149.707 FROM MIGRAD    STATUS=CONVERGED     601 CALLS         602 TOTAL
                     EDM=8.46585e-07    STRATEGY= 1  ERROR MATRIX UNCERTAINTY   4.2 per cent
  EXT PARAMETER                                   STEP         FIRST   
  NO.   NAME      VALUE            ERROR          SIZE      DERIVATIVE 
   1  p0           1.50055e+02   5.29055e+00   1.98148e-04  -4.11717e-04
   2  p1           9.97345e-01   2.83666e-04  -5.09323e-05  -1.49721e-02
   3  p2           7.53693e-03   2.29428e-04   3.74907e-05  -2.95206e-03
   4  p3           3.60092e+01   1.51304e+00  -4.84217e-03  -1.46280e-03
   5  p4           9.71924e+00   3.95608e-01  -5.82812e-04   1.97565e-02
   6  p5           9.86673e-01   3.16083e-03  -1.99840e-06   3.69435e-01
   7  p6          -1.62082e-06   8.25538e-04  -4.40808e-05  -1.03061e-01
   8  p7           1.12760e-02   8.57371e-04  -1.04037e-05  -6.21300e-03
                               ERR DEF= 0.5
 FCN=130.974 FROM MIGRAD    STATUS=CONVERGED     745 CALLS         746 TOTAL
                     EDM=1.32906e-06    STRATEGY= 1      ERROR MATRIX ACCURATE 
  EXT PARAMETER                                   STEP         FIRST   
  NO.   NAME      VALUE            ERROR          SIZE      DERIVATIVE 
   1  p0           1.54542e+02   5.61183e+00   6.66151e-04  -2.18115e-03
   2  p1           9.96901e-01   2.72512e-04   9.32553e-05  -1.23748e-03
   3  p2           7.31923e-03   2.49763e-04   1.68282e-04  -6.16924e-03
   4  p3           3.64213e+01   1.50507e+00   6.84407e-03  -2.63600e-04
   5  p4           7.86891e+00   1.14364e+00   1.33080e-03   2.52215e-03
   6  p5           9.90119e-01   3.55197e-03   1.27255e-05  -3.51615e-03
   7  p6          -2.91525e-02   4.03465e-02   3.02668e-04  -1.42535e-02
   8  p7           1.19086e-02   9.35010e-04   1.98795e-04  -2.35548e-02
                               ERR DEF= 0.5
 FCN=110.016 FROM MIGRAD    STATUS=CONVERGED     668 CALLS         669 TOTAL
                     EDM=1.06641e-07    STRATEGY= 1  ERROR MATRIX UNCERTAINTY   3.5 per cent
  EXT PARAMETER                                   STEP         FIRST   
  NO.   NAME      VALUE            ERROR          SIZE      DERIVATIVE 
   1  p0           1.49996e+02   5.76793e+00  -1.34704e-04   6.47474e-04
   2  p1           9.96692e-01   2.51158e-04  -4.71551e-06  -2.16637e-03
   3  p2           7.06498e-03   2.20819e-04   3.45830e-05  -1.81604e-03
   4  p3           3.60886e+01   1.48240e+00   6.78991e-04  -3.62087e-04
   5  p4           8.50288e+00   1.20160e+00   1.93534e-03   1.89340e-03
   6  p5           9.92646e-01   3.09444e-03  -3.15255e-06   7.71307e-02
   7  p6          -1.55047e-02   3.51957e-02   4.29860e-04  -6.86203e-03
   8  p7           1.16011e-02   8.42138e-04   1.21282e-05  -5.83639e-04
                               ERR DEF= 0.5
 FCN=147.066 FROM MIGRAD    STATUS=CONVERGED     733 CALLS         734 TOTAL
                     EDM=1.27688e-08    STRATEGY= 1  ERROR MATRIX UNCERTAINTY   0.8 per cent
  EXT PARAMETER                                   STEP         FIRST   
  NO.   NAME      VALUE            ERROR          SIZE      DERIVATIVE 
   1  p0           1.66766e+02   5.71236e+00   6.86483e-05   5.43016e-04
   2  p1           9.96695e-01   2.39423e-04   6.61088e-06  -6.45030e-03
   3  p2           6.94324e-03   2.05051e-04  -2.92676e-05   3.70327e-03
   4  p3           3.15711e+01   1.45172e+00  -5.16595e-04   6.35283e-05
   5  p4           8.42565e+00   3.83902e-01  -3.94719e-04  -9.82203e-05
   6  p5           9.92056e-01   2.51449e-03   9.55113e-07  -3.82751e-03
   7  p6          -9.80100e-11   1.28576e-02   3.09504e-05** at limit **
   8  p7           1.07887e-02   7.64035e-04  -7.52007e-06  -6.89888e-04
                               ERR DEF= 0.5
 FCN=149.804 FROM MIGRAD    STATUS=CONVERGED     734 CALLS         735 TOTAL
                     EDM=2.5473e-07    STRATEGY= 1      ERROR MATRIX ACCURATE 
  EXT PARAMETER                                   STEP         FIRST   
  NO.   NAME      VALUE            ERROR          SIZE      DERIVATIVE 
   1  p0           1.95444e+02   6.24698e+00   6.50572e-04   1.13418e-03
   2  p1           9.95363e-01   2.30596e-04   8.68028e-05   1.97402e-02
   3  p2           7.22219e-03   1.89684e-04   1.52201e-04   1.52458e-02
   4  p3           3.40657e+01   1.52888e+00   6.85543e-03   1.25184e-05
   5  p4           7.88782e+00   3.59015e-01   1.59512e-03   1.07116e-03
   6  p5           9.90642e-01   2.54434e-03   1.32666e-05   6.38463e-02
   7  p6          -1.11334e-10   8.15211e-03   1.53718e-03** at limit **
   8  p7           1.07679e-02   7.67057e-04   2.18708e-04  -4.17203e-03
                               ERR DEF= 0.5
 FCN=165.429 FROM MIGRAD    STATUS=CONVERGED     896 CALLS         897 TOTAL
                     EDM=5.99063e-08    STRATEGY= 1  ERROR MATRIX UNCERTAINTY   0.7 per cent
  EXT PARAMETER                                   STEP         FIRST   
  NO.   NAME      VALUE            ERROR          SIZE      DERIVATIVE 
   1  p0           2.45947e+02   7.27964e+00   2.36130e-06  -1.67457e-03
   2  p1           9.95090e-01   2.11129e-04  -8.42400e-06   2.34360e-02
   3  p2           6.75669e-03   1.67441e-04   6.16592e-06  -2.04191e-03
   4  p3           4.57682e+01   1.87012e+00  -3.44107e-04   1.51859e-05
   5  p4           9.12861e+00   3.33506e-01  -3.39041e-04  -3.21504e-04
   6  p5           9.91970e-01   1.92252e-03   2.75822e-07  -9.67875e-02
   7  p6          -7.27015e-11   2.58167e-03   8.17148e-05** at limit **
   8  p7           9.05830e-03   5.77967e-04   1.18533e-06   1.24019e-03
                               ERR DEF= 0.5
 FCN=208.824 FROM MIGRAD    STATUS=CONVERGED     962 CALLS         963 TOTAL
                     EDM=1.94916e-07    STRATEGY= 1  ERROR MATRIX UNCERTAINTY   1.1 per cent
  EXT PARAMETER                                   STEP         FIRST   
  NO.   NAME      VALUE            ERROR          SIZE      DERIVATIVE 
   1  p0           2.82969e+02   7.94725e+00   3.52649e-04  -1.70797e-03
   2  p1           9.94714e-01   1.98660e-04   1.47950e-05  -1.92037e-02
   3  p2           6.72069e-03   1.67066e-04  -1.28386e-04   5.32712e-03
   4  p3           5.22460e+01   2.07260e+00  -1.79514e-03   3.86497e-05
   5  p4           9.00170e+00   3.15907e-01  -6.81844e-04   1.19371e-03
   6  p5           9.93447e-01   1.65814e-03   4.25743e-06   1.84464e-01
   7  p6          -1.26037e-11   1.76022e-03  -2.06659e-04** at limit **
   8  p7           9.04179e-03   5.20273e-04   1.14964e-04   1.62703e-02
                               ERR DEF= 0.5
 FCN=227.811 FROM MIGRAD    STATUS=CONVERGED     979 CALLS         980 TOTAL
                     EDM=3.75908e-08    STRATEGY= 1  ERROR MATRIX UNCERTAINTY   0.6 per cent
  EXT PARAMETER                                   STEP         FIRST   
  NO.   NAME      VALUE            ERROR          SIZE      DERIVATIVE 
   1  p0           3.10967e+02   8.35933e+00  -2.68222e-04   1.31355e-03
   2  p1           9.94210e-01   2.04225e-04  -1.01146e-05   2.19611e-02
   3  p2           6.92527e-03   1.68456e-04   5.63361e-05   2.17665e-03
   4  p3           6.05720e+01   2.28811e+00   1.54407e-03  -8.04032e-06
   5  p4           9.16213e+00   2.97345e-01  -1.22357e-04  -2.52651e-05
   6  p5           9.93044e-01   1.64307e-03   1.80165e-06   5.04040e-02
   7  p6          -2.03171e-14   1.28824e-03  -6.73233e-05** at limit **
   8  p7           8.59407e-03   4.94202e-04   4.58144e-05   8.29380e-03
                               ERR DEF= 0.5

****************************************
Minimizer is Linear
Chi2                      =      22.0829
NDf                       =           14
p0                        =      1.00897   +/-   0.000303086 
p1                        = -6.24612e-06   +/-   1.57572e-07 
Calculation of survival fraction for 2104
 FCN=162.196 FROM MIGRAD    STATUS=CONVERGED     102 CALLS         103 TOTAL
                     EDM=2.8092e-07    STRATEGY= 1      ERROR MATRIX ACCURATE 
  EXT PARAMETER                                   STEP         FIRST   
  NO.   NAME      VALUE            ERROR          SIZE      DERIVATIVE 
   1  p0           1.77124e+02   5.41678e+00   3.71676e-02   1.44261e-05
   2  p1           2.10363e+03   4.26288e-02   1.00309e-03   9.06261e-03
   3  p2           1.53944e+00   4.04738e-02   2.22228e-05   9.53628e-02
   4  p3           2.85173e+01   3.28533e-01   2.82456e-03  -5.84849e-04
                               ERR DEF= 0.5
Area_tot = 3724
Area_tot_psa = 953
Area = 2338
Area_psa = 275
 FCN=145.312 FROM MIGRAD    STATUS=CONVERGED     100 CALLS         101 TOTAL
                     EDM=6.60734e-08    STRATEGY= 1      ERROR MATRIX ACCURATE 
  EXT PARAMETER                                   STEP         FIRST   
  NO.   NAME      VALUE            ERROR          SIZE      DERIVATIVE 
   1  p0           2.38143e+01   2.77164e+00   1.78268e-02   2.10021e-05
   2  p1           2.10370e+03   1.40424e-01   1.14915e-03   6.71000e-04
   3  p2           1.21268e+00   1.45455e-01   8.34390e-05   2.14605e-02
   4  p3           1.37151e+01   2.26987e-01   1.83967e-03   4.87326e-04
                               ERR DEF= 0.5
Calculation of survival fraction for 2614.5
 FCN=213.57 FROM MIGRAD    STATUS=CONVERGED     136 CALLS         137 TOTAL
                     EDM=1.02663e-09    STRATEGY= 1      ERROR MATRIX ACCURATE 
  EXT PARAMETER                                   STEP         FIRST   
  NO.   NAME      VALUE            ERROR          SIZE      DERIVATIVE 
   1  p0           1.65000e+03   1.54927e+01   1.26702e-01  -1.37896e-06
   2  p1           2.61451e+03   9.69442e-03   1.24669e-03  -7.69121e-04
   3  p2           1.26252e+00   7.11695e-03   5.20146e-06  -4.33649e-02
   4  p3           2.60342e+00   1.09146e-01   1.09970e-03   1.80377e-04
                               ERR DEF= 0.5
Area_tot = 17539
Area_tot_psa = 2934
Area = 17400
Area_psa = 2917
 FCN=144.205 FROM MIGRAD    STATUS=CONVERGED     236 CALLS         237 TOTAL
                     EDM=1.35005e-08    STRATEGY= 1      ERROR MATRIX ACCURATE 
  EXT PARAMETER                                   STEP         FIRST   
  NO.   NAME      VALUE            ERROR          SIZE      DERIVATIVE 
   1  p0           2.73157e+02   6.25051e+00   4.21549e-02  -2.15625e-06
   2  p1           2.61452e+03   2.39294e-02   1.24670e-03  -7.36791e-05
   3  p2           1.27666e+00   1.73706e-02   1.04199e-05   3.06726e-03
   4  p3           5.97028e-02   1.69970e-02   1.40930e-04  -6.73346e-03
                               ERR DEF= 0.5
Calculation of survival fraction background at 2039
Area = 6215
Area_psa = 3027
Calculation of survival fraction background at 2380
Area = 2701
Area_psa = 1223
