
[1mRooFit v3.60 -- Developed by Wouter Verkerke and David Kirkby[0m 
                Copyright (C) 2000-2013 NIKHEF, University of California & Stanford University
                All rights reserved, please read http://roofit.sourceforge.net/license.txt

Using file /nfs/gerda6/users/burlac/psd/analysis/run0098-cal_dplms.tier.root
Analizing channel 37
DPLMS analysis 
Total events = 17201607
event n.1000000
event n.2000000
event n.3000000
event n.4000000
event n.5000000
event n.6000000
event n.7000000
event n.8000000
event n.9000000
event n.10000000
event n.11000000
event n.12000000
event n.13000000
event n.14000000
event n.15000000
event n.16000000
event n.17000000
Selected events: 240939
The time to read waveforms: 34.18 s
Initialization of DEP&FEP background  = 24.5
 FCN=118.554 FROM MIGRAD    STATUS=CONVERGED     178 CALLS         179 TOTAL
                     EDM=2.96018e-08    STRATEGY= 1  ERROR MATRIX UNCERTAINTY   4.4 per cent
  EXT PARAMETER                                   STEP         FIRST   
  NO.   NAME      VALUE            ERROR          SIZE      DERIVATIVE 
   1  p0           1.18995e+02   5.26630e+00  -1.46413e-03   1.39725e-05
   2  p1           1.59396e+03   4.77684e-02   3.07557e-06   2.70883e-03
   3  p2           1.12977e+00   4.26147e-02   1.32970e-06   2.65049e-02
   4  p3           1.71223e+02   6.21662e+00  -1.22578e-02   1.69036e-05
   5  p4           1.62221e+03   3.63282e-02  -3.16858e-06   1.19620e-03
   6  p5           1.08678e+00   3.19316e-02   5.33386e-06   5.97696e-02
   7  p6           2.74036e+01   3.82403e-01  -4.98542e-04   2.57757e-04
                               ERR DEF= 0.5
mean_aoe = 0.1257
AoE: max = 1.82715 max = 0.129332
 FCN=0.918485 FROM MIGRAD    STATUS=CONVERGED     380 CALLS         381 TOTAL
                     EDM=3.64322e-07    STRATEGY= 1  ERROR MATRIX UNCERTAINTY   2.9 per cent
  EXT PARAMETER                                   STEP         FIRST   
  NO.   NAME      VALUE            ERROR          SIZE      DERIVATIVE 
   1  p0           9.20274e-01   6.27638e-01   1.93852e-03  -1.62416e-03
   2  p1           9.98091e-01   3.30997e-03   1.28600e-05  -2.81695e-02
   3  p2           5.71471e-03   2.67073e-03  -1.23437e-04  -2.51333e-02
   4  p3           3.58083e-03   4.81399e-03   1.30832e-05   4.06153e-01
   5  p4           2.80159e-03   3.76305e-03   1.02278e-05  -6.15709e-01
                               ERR DEF= 0.5
Total integral = 1164
AoE_lowCut = 1482 -> 0.987667
CutIntegral = 1046
SF_dep = 0.898625
sigma_aoe = 0.00571471
 FCN=97.8077 FROM MIGRAD    STATUS=CONVERGED     169 CALLS         170 TOTAL
                     EDM=7.20495e-07    STRATEGY= 1      ERROR MATRIX ACCURATE 
  EXT PARAMETER                                   STEP         FIRST   
  NO.   NAME      VALUE            ERROR          SIZE      DERIVATIVE 
   1  p0           1.08558e+02   4.67599e+00   2.55408e-02   1.06754e-04
   2  p1           1.59398e+03   4.40642e-02   7.60068e-04  -1.55103e-03
   3  p2           1.13212e+00   3.80771e-02   1.94110e-05  -1.13779e-01
   4  p3           2.89592e+01   2.98509e+00   1.64939e-02   5.43077e-05
   5  p4           1.62227e+03   1.05229e-01   7.73557e-04  -1.09628e-03
   6  p5           1.02839e+00   9.51108e-02   5.15043e-05  -6.85477e-03
   7  p6           1.18759e+01   2.55094e-01   1.67089e-03  -3.66324e-04
                               ERR DEF= 0.5
AreaDEP_tot = 2092
Area_DEP_tot_psa = 1459
AreaDEP = 1114
Area_DEP_psa = 1027
Area_FEP_tot = 2519
Area_FEP_tot_psa = 676
Area_FEP = 1551
Area_FEP_psa = 219
Calculation of AoE vs E correction
 FCN=133.947 FROM MIGRAD    STATUS=CONVERGED     923 CALLS         924 TOTAL
                     EDM=1.89961e-07    STRATEGY= 1  ERROR MATRIX UNCERTAINTY   1.4 per cent
  EXT PARAMETER                                   STEP         FIRST   
  NO.   NAME      VALUE            ERROR          SIZE      DERIVATIVE 
   1  p0           2.13449e+02   6.05558e+00  -8.94654e-05  -2.22560e-04
   2  p1           9.99058e-01   2.37751e-04   1.56376e-06   1.09318e-02
   3  p2           8.66275e-03   2.09012e-04   1.49699e-05   2.63807e-04
   4  p3           3.95195e+01   1.45763e+00  -2.56864e-04   1.41433e-04
   5  p4           4.98449e+00   2.62118e-01  -6.40303e-04   2.31961e-04
   6  p5           9.96977e-01   2.94358e-03   2.99887e-06  -3.34126e-02
   7  p6          -8.68838e-09   3.30504e-02  -1.46965e-05** at limit **
   8  p7           1.33719e-02   8.92681e-04   2.60537e-05   3.81859e-03
                               ERR DEF= 0.5
 FCN=124.655 FROM MIGRAD    STATUS=CONVERGED     809 CALLS         810 TOTAL
                     EDM=8.34227e-08    STRATEGY= 1  ERROR MATRIX UNCERTAINTY   1.3 per cent
  EXT PARAMETER                                   STEP         FIRST   
  NO.   NAME      VALUE            ERROR          SIZE      DERIVATIVE 
   1  p0           2.10940e+02   6.18124e+00   6.34681e-05  -3.92124e-03
   2  p1           9.99862e-01   2.15199e-04  -2.60428e-05  -1.03926e-02
   3  p2           7.73991e-03   1.87017e-04  -1.30716e-05  -1.48720e-02
   4  p3           3.44149e+01   1.38581e+00   1.50314e-04  -1.67735e-04
   5  p4           5.18001e+00   2.84082e-01  -1.39910e-04   9.69088e-04
   6  p5           9.98965e-01   2.84587e-03  -3.30863e-06  -4.96197e-02
   7  p6          -5.27848e-10   1.84121e-02   4.98020e-04** at limit **
   8  p7           1.17757e-02   8.57677e-04  -1.35587e-05  -4.92471e-03
                               ERR DEF= 0.5
 FCN=102.156 FROM MIGRAD    STATUS=CONVERGED     985 CALLS         986 TOTAL
                     EDM=1.61097e-08    STRATEGY= 1  ERROR MATRIX UNCERTAINTY   1.2 per cent
  EXT PARAMETER                                   STEP         FIRST   
  NO.   NAME      VALUE            ERROR          SIZE      DERIVATIVE 
   1  p0           2.09920e+02   6.50043e+00  -8.89006e-06   6.97679e-04
   2  p1           9.98883e-01   2.05728e-04   1.63521e-06   1.81463e-03
   3  p2           7.13244e-03   1.82042e-04  -5.23819e-06  -1.94938e-03
   4  p3           2.97070e+01   1.27130e+00   2.82594e-05  -1.49295e-04
   5  p4           5.65207e+00   3.09976e-01   8.72388e-05   7.11305e-04
   6  p5           9.96975e-01   3.02054e-03  -1.65444e-07   4.85534e-03
   7  p6          -4.76472e-11   5.03348e-02   6.61533e-04** at limit **
   8  p7           1.10731e-02   9.35174e-04   3.29399e-06   5.22917e-04
                               ERR DEF= 0.5
 FCN=146.5 FROM MIGRAD    STATUS=CONVERGED     900 CALLS         901 TOTAL
                     EDM=7.92711e-08    STRATEGY= 1  ERROR MATRIX UNCERTAINTY   2.3 per cent
  EXT PARAMETER                                   STEP         FIRST   
  NO.   NAME      VALUE            ERROR          SIZE      DERIVATIVE 
   1  p0           2.23224e+02   6.85372e+00  -4.42746e-05   1.19752e-04
   2  p1           9.98288e-01   1.77456e-04   6.20327e-06   2.76479e-02
   3  p2           6.61696e-03   1.59673e-04   3.32660e-05  -6.79575e-03
   4  p3           3.14699e+01   1.32624e+00  -1.31981e-03  -1.29480e-04
   5  p4           6.49079e+00   3.37704e-01  -2.23487e-04   7.02855e-04
   6  p5           9.93808e-01   2.84204e-03  -1.19708e-06   7.17472e-02
   7  p6          -5.50939e-11   2.13148e-02   7.91914e-04** at limit **
   8  p7           1.28503e-02   9.08797e-04  -4.36378e-06   1.72835e-03
                               ERR DEF= 0.5
 FCN=133.318 FROM MIGRAD    STATUS=CONVERGED     766 CALLS         767 TOTAL
                     EDM=7.98615e-08    STRATEGY= 1  ERROR MATRIX UNCERTAINTY   2.3 per cent
  EXT PARAMETER                                   STEP         FIRST   
  NO.   NAME      VALUE            ERROR          SIZE      DERIVATIVE 
   1  p0           2.20698e+02   7.25959e+00  -7.64317e-05   1.18710e-03
   2  p1           9.98124e-01   1.77516e-04  -4.35642e-06  -1.15552e-02
   3  p2           5.72324e-03   1.54321e-04   1.60008e-07   3.33414e-03
   4  p3           3.34197e+01   1.40447e+00  -2.20958e-03   4.01770e-05
   5  p4           7.00989e+00   3.25207e-01  -1.08622e-03  -1.73028e-04
   6  p5           9.96646e-01   2.12555e-03   1.19909e-06   5.56909e-02
   7  p6          -4.33461e-10   5.29257e-03  -7.41042e-05** at limit **
   8  p7           9.53529e-03   6.75584e-04  -5.78030e-06  -4.95852e-03
                               ERR DEF= 0.5
 FCN=118.049 FROM MIGRAD    STATUS=CONVERGED     726 CALLS         727 TOTAL
                     EDM=3.24764e-08    STRATEGY= 1  ERROR MATRIX UNCERTAINTY   1.0 per cent
  EXT PARAMETER                                   STEP         FIRST   
  NO.   NAME      VALUE            ERROR          SIZE      DERIVATIVE 
   1  p0           1.97111e+02   6.82245e+00   1.44258e-05  -7.28327e-04
   2  p1           9.97789e-01   2.08602e-04   2.22995e-06  -1.08078e-02
   3  p2           6.18577e-03   1.78883e-04  -7.97084e-06  -1.33164e-03
   4  p3           3.30569e+01   1.44720e+00  -8.89823e-05   9.05050e-05
   5  p4           7.26663e+00   3.35273e-01  -3.13994e-04  -5.82240e-04
   6  p5           9.95615e-01   2.37771e-03   9.75660e-07  -8.84400e-02
   7  p6          -1.29717e-10   9.54781e-03   4.27598e-06** at limit **
   8  p7           8.82767e-03   7.05791e-04   1.49450e-05  -4.06010e-03
                               ERR DEF= 0.5
 FCN=145.75 FROM MIGRAD    STATUS=CONVERGED     756 CALLS         757 TOTAL
                     EDM=4.73634e-07    STRATEGY= 1  ERROR MATRIX UNCERTAINTY   1.7 per cent
  EXT PARAMETER                                   STEP         FIRST   
  NO.   NAME      VALUE            ERROR          SIZE      DERIVATIVE 
   1  p0           2.09568e+02   7.17223e+00  -3.14717e-04  -6.80821e-03
   2  p1           9.97124e-01   1.84423e-04  -6.32731e-06  -8.14364e-03
   3  p2           5.72342e-03   1.51696e-04   7.22264e-05  -1.70271e-02
   4  p3           3.01521e+01   1.33187e+00  -2.14391e-03  -7.39189e-04
   5  p4           7.40095e+00   3.64990e-01  -9.82796e-04   1.16748e-03
   6  p5           9.92364e-01   2.34113e-03   3.52303e-06  -1.13279e-02
   7  p6          -2.78610e-10   7.93781e-03  -1.31485e-03** at limit **
   8  p7           1.20893e-02   8.09260e-04  -1.13742e-05   1.32739e-02
                               ERR DEF= 0.5
 FCN=150.106 FROM MIGRAD    STATUS=CONVERGED    1080 CALLS        1081 TOTAL
                     EDM=1.89644e-08    STRATEGY= 1  ERROR MATRIX UNCERTAINTY   4.2 per cent
  EXT PARAMETER                                   STEP         FIRST   
  NO.   NAME      VALUE            ERROR          SIZE      DERIVATIVE 
   1  p0           2.22662e+02   7.76476e+00  -9.65791e-06  -1.05665e-03
   2  p1           9.96604e-01   1.77813e-04  -5.98039e-06  -7.72844e-03
   3  p2           5.37171e-03   1.54921e-04   2.12324e-05  -1.86283e-03
   4  p3           4.04472e+01   1.58352e+00  -1.37375e-03   6.42697e-05
   5  p4           9.17998e+00   3.55919e-01  -1.05015e-04   2.56548e-05
   6  p5           9.91168e-01   2.07919e-03  -2.17436e-06   2.95830e-02
   7  p6          -8.17868e-12   2.65490e-03  -7.04104e-05** at limit **
   8  p7           1.04034e-02   6.39333e-04   3.71775e-05   2.96286e-03
                               ERR DEF= 0.5
 FCN=162.411 FROM MIGRAD    STATUS=CONVERGED     986 CALLS         987 TOTAL
                     EDM=2.35787e-08    STRATEGY= 1  ERROR MATRIX UNCERTAINTY   3.4 per cent
  EXT PARAMETER                                   STEP         FIRST   
  NO.   NAME      VALUE            ERROR          SIZE      DERIVATIVE 
   1  p0           2.38317e+02   6.87314e+00   7.29129e-05   1.17837e-03
   2  p1           9.96648e-01   1.54157e-04  -5.34429e-06   3.08055e-03
   3  p2           5.00000e-03   7.33119e-05   8.66422e-05** at limit **
   4  p3           4.48022e+01   1.57009e+00   2.10110e-03  -1.22722e-04
   5  p4           9.24901e+00   3.37119e-01   2.94954e-04   1.81477e-04
   6  p5           9.90357e-01   1.69983e-03  -1.93042e-06  -3.93452e-02
   7  p6          -6.35503e-12   3.79665e-03  -9.00382e-05** at limit **
   8  p7           1.01781e-02   5.84407e-04   1.15016e-05  -1.82655e-03
                               ERR DEF= 0.5
 FCN=162.447 FROM MIGRAD    STATUS=CONVERGED    1226 CALLS        1227 TOTAL
                     EDM=8.81452e-07    STRATEGY= 1  ERROR MATRIX UNCERTAINTY   1.2 per cent
  EXT PARAMETER                                   STEP         FIRST   
  NO.   NAME      VALUE            ERROR          SIZE      DERIVATIVE 
   1  p0           2.37247e+02   7.20025e+00   1.02643e-04  -2.45594e-04
   2  p1           9.96165e-01   1.56295e-04   2.10170e-05   5.32572e-02
   3  p2           5.00000e-03   5.15617e-05  -4.77072e-04** at limit **
   4  p3           4.55588e+01   1.62833e+00   2.16877e-03  -3.19594e-04
   5  p4           9.02817e+00   3.19390e-01  -5.11893e-04   4.48687e-03
   6  p5           9.93381e-01   1.48463e-03   4.01630e-06   4.94749e-01
   7  p6          -2.69055e-09   1.25162e-02   1.45563e-03** at limit **
   8  p7           7.67288e-03   5.01277e-04   1.57808e-04   2.44068e-02
                               ERR DEF= 0.5
 FCN=131.3 FROM MIGRAD    STATUS=CONVERGED     789 CALLS         790 TOTAL
                     EDM=4.36879e-07    STRATEGY= 1  ERROR MATRIX UNCERTAINTY   1.2 per cent
  EXT PARAMETER                                   STEP         FIRST   
  NO.   NAME      VALUE            ERROR          SIZE      DERIVATIVE 
   1  p0           2.42460e+02   7.21128e+00   8.85682e-05   5.23902e-04
   2  p1           9.95818e-01   1.50812e-04  -2.45622e-05  -5.35838e-02
   3  p2           5.00000e-03   2.16582e-05   1.19718e-04** at limit **
   4  p3           4.20772e+01   1.53780e+00  -5.50159e-04   2.50631e-05
   5  p4           8.47252e+00   3.29563e-01  -9.47509e-04   1.32513e-03
   6  p5           9.90438e-01   1.75330e-03   2.11914e-07   2.24804e-01
   7  p6          -5.41781e-09   1.39641e-02   4.29447e-04** at limit **
   8  p7           8.85027e-03   5.85917e-04  -1.28057e-04  -8.88922e-03
                               ERR DEF= 0.5
 FCN=144.236 FROM MIGRAD    STATUS=CONVERGED    1079 CALLS        1080 TOTAL
                     EDM=1.43458e-07    STRATEGY= 1  ERROR MATRIX UNCERTAINTY   1.3 per cent
  EXT PARAMETER                                   STEP         FIRST   
  NO.   NAME      VALUE            ERROR          SIZE      DERIVATIVE 
   1  p0           2.32134e+02   7.18302e+00  -1.31465e-04   6.00034e-04
   2  p1           9.95687e-01   1.57672e-04   6.45377e-06   3.21466e-03
   3  p2           5.00000e-03   1.67609e-04  -8.05943e-04** at limit **
   4  p3           4.25278e+01   1.56206e+00  -1.56087e-03   1.40794e-04
   5  p4           8.91447e+00   3.26384e-01  -1.60558e-03   2.17112e-06
   6  p5           9.93255e-01   1.69643e-03   7.50219e-06   4.28465e-02
   7  p6          -1.42557e-09   6.61843e-03  -2.68292e-05** at limit **
   8  p7           8.12280e-03   5.56187e-04  -5.75533e-05  -1.80910e-03
                               ERR DEF= 0.5
 FCN=159.22 FROM MIGRAD    STATUS=CONVERGED    1008 CALLS        1009 TOTAL
                     EDM=4.50332e-07    STRATEGY= 1  ERROR MATRIX UNCERTAINTY   3.1 per cent
  EXT PARAMETER                                   STEP         FIRST   
  NO.   NAME      VALUE            ERROR          SIZE      DERIVATIVE 
   1  p0           2.64303e+02   7.63373e+00  -4.33292e-05   1.08330e-04
   2  p1           9.94954e-01   1.48647e-04   1.77056e-06   3.87391e-03
   3  p2           5.00000e-03   5.22578e-05   1.63593e-04** at limit **
   4  p3           4.80900e+01   1.66727e+00   5.00835e-03   2.51236e-05
   5  p4           8.48970e+00   3.04301e-01   5.52386e-04  -7.93319e-04
   6  p5           9.93123e-01   1.45485e-03  -2.27131e-06   6.93658e-02
   7  p6          -1.20904e-10   6.13074e-03   1.29191e-04** at limit **
   8  p7           8.23150e-03   4.90594e-04   9.27902e-05   2.02652e-02
                               ERR DEF= 0.5
 FCN=198.845 FROM MIGRAD    STATUS=CONVERGED     886 CALLS         887 TOTAL
                     EDM=3.1142e-08    STRATEGY= 1  ERROR MATRIX UNCERTAINTY   1.5 per cent
  EXT PARAMETER                                   STEP         FIRST   
  NO.   NAME      VALUE            ERROR          SIZE      DERIVATIVE 
   1  p0           3.06401e+02   9.48534e+00  -3.46238e-08   1.95096e-03
   2  p1           9.94425e-01   1.54882e-04   1.04373e-05   4.82524e-03
   3  p2           5.04437e-03   1.33915e-04   1.00389e-06  -1.35496e-04
   4  p3           5.40964e+01   1.79660e+00   1.87196e-03   7.07013e-05
   5  p4           8.68257e+00   3.02451e-01   3.37095e-04  -6.75954e-04
   6  p5           9.88073e-01   1.73958e-03  -1.24817e-06   1.70837e-02
   7  p6          -4.97014e-12   4.50234e-03  -2.67451e-04** at limit **
   8  p7           1.05666e-02   5.69729e-04   1.94829e-05   6.64945e-03
                               ERR DEF= 0.5
 FCN=211.093 FROM MIGRAD    STATUS=CONVERGED    1151 CALLS        1152 TOTAL
                     EDM=9.84683e-07    STRATEGY= 1  ERROR MATRIX UNCERTAINTY   1.9 per cent
  EXT PARAMETER                                   STEP         FIRST   
  NO.   NAME      VALUE            ERROR          SIZE      DERIVATIVE 
   1  p0           3.68668e+02   8.36653e+00  -2.10676e-04  -5.76171e-03
   2  p1           9.94424e-01   1.20162e-04   7.55509e-06   6.73620e-02
   3  p2           5.00000e-03   2.12316e-05  -1.44405e-04** at limit **
   4  p3           5.94140e+01   1.85981e+00   1.99371e-03  -9.81254e-04
   5  p4           8.72145e+00   2.78900e-01   4.08908e-04   5.40734e-03
   6  p5           9.90259e-01   1.28683e-03  -1.66009e-06  -7.10145e-03
   7  p6          -5.61533e-10   3.11715e-03   7.98976e-04** at limit **
   8  p7           9.27343e-03   4.67782e-04  -5.53855e-05   4.80825e-03
                               ERR DEF= 0.5
 FCN=221.089 FROM MIGRAD    STATUS=CONVERGED    1119 CALLS        1120 TOTAL
                     EDM=7.35246e-08    STRATEGY= 1  ERROR MATRIX UNCERTAINTY   1.9 per cent
  EXT PARAMETER                                   STEP         FIRST   
  NO.   NAME      VALUE            ERROR          SIZE      DERIVATIVE 
   1  p0           4.44915e+02   9.66317e+00  -1.24738e-05   3.58323e-03
   2  p1           9.94264e-01   1.12325e-04   3.16609e-06   8.78309e-03
   3  p2           5.00000e-03   9.64094e-06   3.30019e-05** at limit **
   4  p3           7.16547e+01   2.11364e+00  -2.05503e-03   9.93582e-05
   5  p4           9.57203e+00   2.69427e-01  -6.69597e-04   8.22962e-05
   6  p5           9.91255e-01   1.20907e-03   9.91703e-07   1.48637e-01
   7  p6          -4.67266e-11   1.86340e-03  -1.62021e-05** at limit **
   8  p7           8.25280e-03   4.10190e-04   1.00115e-05   2.16719e-03
                               ERR DEF= 0.5

****************************************
Minimizer is Linear
Chi2                      =      30.0944
NDf                       =           14
p0                        =       1.0032   +/-   0.000177592 
p1                        = -3.78865e-06   +/-   9.29993e-08 
Calculation of survival fraction for 2104
 FCN=145.063 FROM MIGRAD    STATUS=CONVERGED     103 CALLS         104 TOTAL
                     EDM=3.75482e-07    STRATEGY= 1      ERROR MATRIX ACCURATE 
  EXT PARAMETER                                   STEP         FIRST   
  NO.   NAME      VALUE            ERROR          SIZE      DERIVATIVE 
   1  p0           2.55415e+02   6.07919e+00   4.01136e-02   3.82051e-05
   2  p1           2.10433e+03   3.49969e-02   1.00342e-03  -8.26585e-03
   3  p2           1.62834e+00   3.11402e-02   1.60260e-05   2.65377e-01
   4  p3           3.20800e+01   3.48737e-01   2.84390e-03   3.25110e-04
                               ERR DEF= 0.5
Area_tot = 5159
Area_tot_psa = 1050
Area = 3556
Area_psa = 391
 FCN=143.075 FROM MIGRAD    STATUS=CONVERGED     130 CALLS         131 TOTAL
                     EDM=8.92231e-09    STRATEGY= 1      ERROR MATRIX ACCURATE 
  EXT PARAMETER                                   STEP         FIRST   
  NO.   NAME      VALUE            ERROR          SIZE      DERIVATIVE 
   1  p0           2.39106e+01   2.18347e+00   1.42447e-02  -3.84329e-06
   2  p1           2.10465e+03   1.66377e-01   1.37206e-03   4.72238e-04
   3  p2           1.83046e+00   1.65251e-01   7.88402e-05   7.04456e-04
   4  p3           1.29599e+01   2.25150e-01   1.78955e-03   2.29140e-04
                               ERR DEF= 0.5
Calculation of survival fraction for 2614.5
 FCN=759.228 FROM MIGRAD    STATUS=CONVERGED     150 CALLS         151 TOTAL
                     EDM=1.40579e-10    STRATEGY= 1  ERROR MATRIX UNCERTAINTY   1.6 per cent
  EXT PARAMETER                                   STEP         FIRST   
  NO.   NAME      VALUE            ERROR          SIZE      DERIVATIVE 
   1  p0           2.67595e+03   1.86483e+01   7.02141e-03   7.52080e-07
   2  p1           2.61444e+03   8.13532e-03  -8.20573e-06  -5.83770e-04
   3  p2           1.43793e+00   6.02895e-03  -5.38011e-07   2.62758e-04
   4  p3           3.66501e+00   1.31855e-01   6.96947e-05  -5.13738e-05
                               ERR DEF= 0.5
Area_tot = 32395
Area_tot_psa = 4774
Area = 32119
Area_psa = 4744
 FCN=133.073 FROM MIGRAD    STATUS=CONVERGED     300 CALLS         301 TOTAL
                     EDM=3.17899e-08    STRATEGY= 1  ERROR MATRIX UNCERTAINTY   2.0 per cent
  EXT PARAMETER                                   STEP         FIRST   
  NO.   NAME      VALUE            ERROR          SIZE      DERIVATIVE 
   1  p0           3.95345e+02   7.05987e+00  -1.34157e-02  -2.23032e-05
   2  p1           2.61477e+03   2.12962e-02   2.55530e-05   7.00341e-03
   3  p2           1.43352e+00   1.55662e-02   4.31109e-06  -2.14634e-02
   4  p3           2.61417e-02   1.43099e-02   5.52994e-05  -8.75934e-03
                               ERR DEF= 0.5
Calculation of survival fraction background at 2039
Area = 7068
Area_psa = 3008
