
[1mRooFit v3.60 -- Developed by Wouter Verkerke and David Kirkby[0m 
                Copyright (C) 2000-2013 NIKHEF, University of California & Stanford University
                All rights reserved, please read http://roofit.sourceforge.net/license.txt

Using file /nfs/gerda6/users/burlac/psd/analysis/run0098-cal_dplms_1000.tier.root
Analizing channel 0
DPLMS analysis with weight 1000
Total events = 17201607
event n.1000000
event n.2000000
event n.3000000
event n.4000000
event n.5000000
event n.6000000
event n.7000000
event n.8000000
event n.9000000
event n.10000000
event n.11000000
event n.12000000
event n.13000000
event n.14000000
event n.15000000
event n.16000000
event n.17000000
Selected events: 86868
The time to read waveforms: 34.07 s
Initialization of DEP&FEP background  = 11.5
 FCN=125.656 FROM MIGRAD    STATUS=CONVERGED     233 CALLS         234 TOTAL
                     EDM=1.36917e-06    STRATEGY= 1      ERROR MATRIX ACCURATE 
  EXT PARAMETER                                   STEP         FIRST   
  NO.   NAME      VALUE            ERROR          SIZE      DERIVATIVE 
   1  p0           1.13568e+02   5.17144e+00   3.22686e-02   6.36005e-05
   2  p1           1.59288e+03   3.79895e-02   7.59544e-04  -9.83088e-03
   3  p2           9.33468e-01   3.13458e-02   2.01649e-05  -1.37743e-01
   4  p3           4.61332e+01   4.01741e+00   2.39544e-02  -1.01477e-04
   5  p4           1.62098e+03   6.77639e-02   7.72942e-04   5.09883e-03
   6  p5           8.32679e-01   6.83687e-02   4.40382e-05  -7.51275e-02
   7  p6           1.08860e+01   2.41174e-01   1.80800e-03  -3.21714e-03
                               ERR DEF= 0.5
mean_aoe = 0.0673
AoE: max = 1.76941 max = 0.0591613
 FCN=1.29202 FROM MIGRAD    STATUS=CONVERGED     317 CALLS         318 TOTAL
                     EDM=2.45535e-08    STRATEGY= 1  ERROR MATRIX UNCERTAINTY   2.1 per cent
  EXT PARAMETER                                   STEP         FIRST   
  NO.   NAME      VALUE            ERROR          SIZE      DERIVATIVE 
   1  p0           1.02379e+00   5.33340e-01  -2.93941e-06  -1.95140e-04
   2  p1           1.00079e+00   3.72500e-03  -2.86990e-06   6.63031e-03
   3  p2           8.70547e-03   3.15945e-03  -1.07871e-04  -1.34397e-03
   4  p3           5.87981e-03   6.56877e-03  -3.96696e-06   2.73092e-01
   5  p4           3.75740e-03   4.19470e-03  -2.53078e-06  -3.81795e-01
                               ERR DEF= 0.5
Analysis with a fixed bin for LowCut
Total integral = 844
AoE_lowCut = 1973 -> 0.98625
CutIntegral = 763
SF_dep = 0.904028
sigma_aoe = 0.00870547
 FCN=119.468 FROM MIGRAD    STATUS=CONVERGED     186 CALLS         187 TOTAL
                     EDM=3.65346e-08    STRATEGY= 1      ERROR MATRIX ACCURATE 
  EXT PARAMETER                                   STEP         FIRST   
  NO.   NAME      VALUE            ERROR          SIZE      DERIVATIVE 
   1  p0           9.81106e+01   4.65844e+00   2.80664e-02   1.21905e-05
   2  p1           1.59286e+03   3.89130e-02   7.59536e-04  -3.89878e-03
   3  p2           9.48719e-01   3.22214e-02   1.98809e-05   2.09670e-02
   4  p3           7.10056e+00   2.01667e+00   1.26027e-02   2.46802e-05
   5  p4           1.62092e+03   2.07592e-01   1.55835e-03   3.60921e-04
   6  p5           7.11862e-01   1.72777e-01   1.27403e-04   2.52741e-03
   7  p6           5.05970e+00   1.67196e-01   1.23075e-03  -2.57153e-04
                               ERR DEF= 0.5
AreaDEP_tot = 1222
Area_DEP_tot_psa = 951
AreaDEP = 827
Area_DEP_psa = 749
Area_FEP_tot = 653
Area_FEP_tot_psa = 201
Area_FEP = 319
Area_FEP_psa = 42
Calculation of AoE vs E correction
 FCN=109.795 FROM MIGRAD    STATUS=CALL LIMIT   2125 CALLS        2126 TOTAL
                     EDM=0.000136345    STRATEGY= 1  ERROR MATRIX UNCERTAINTY  37.3 per cent
  EXT PARAMETER                APPROXIMATE        STEP         FIRST   
  NO.   NAME      VALUE            ERROR          SIZE      DERIVATIVE 
   1  p0           5.41709e+01   2.43090e+00   7.65898e-05  -1.49979e-02
   2  p1           1.00153e+00   5.97263e-04   1.06945e-04   1.16632e-01
   3  p2           1.44925e-02   5.03264e-04  -2.36259e-04  -9.45272e-02
   4  p3           1.77213e+02   3.11363e+02   3.87070e+00  -1.23954e-03
   5  p4           8.95798e-02   1.68441e-01  -2.23103e-03   6.15435e-01
   6  p5           9.97365e-01   1.11337e-02   5.95471e-05   4.74511e-01
   7  p6          -9.54381e-01   8.04576e-02  -5.01853e-03  -1.20602e+00
   8  p7           1.98803e-02   3.50883e-03   1.26861e-05   4.84059e-02
                               ERR DEF= 0.5
 FCN=88.1122 FROM MIGRAD    STATUS=CONVERGED    1247 CALLS        1248 TOTAL
                     EDM=9.42443e-07    STRATEGY= 1      ERROR MATRIX ACCURATE 
  EXT PARAMETER                                   STEP         FIRST   
  NO.   NAME      VALUE            ERROR          SIZE      DERIVATIVE 
   1  p0           5.40914e+01   2.62203e+00   6.95198e-04   4.03753e-03
   2  p1           1.00155e+00   5.43408e-04   1.57652e-04  -5.50259e-03
   3  p2           1.20969e-02   4.65002e-04   1.77557e-04   9.45194e-03
   4  p3           7.81977e+00   6.98897e-01   2.06719e-03  -1.00096e-03
   5  p4           3.91362e+00   5.87833e-01   1.68886e-03   1.21720e-03
   6  p5           9.98354e-01   1.00755e-02   3.09718e-05   9.62281e-02
   7  p6          -9.83142e-08   2.18275e-01   6.08933e-03** at limit **
   8  p7           1.50579e-02   2.67665e-03   3.76387e-04  -1.34408e-03
                               ERR DEF= 0.5
 FCN=101.723 FROM MIGRAD    STATUS=CONVERGED    1098 CALLS        1099 TOTAL
                     EDM=9.37921e-07    STRATEGY= 1      ERROR MATRIX ACCURATE 
  EXT PARAMETER                                   STEP         FIRST   
  NO.   NAME      VALUE            ERROR          SIZE      DERIVATIVE 
   1  p0           5.43455e+01   2.74819e+00   8.20364e-04  -1.43272e-03
   2  p1           1.00088e+00   4.70487e-04   1.57329e-04  -1.47054e-03
   3  p2           1.03114e-02   4.75376e-04   2.02924e-04  -1.32818e-02
   4  p3           8.40015e+00   6.96739e-01   2.40912e-03   3.51138e-04
   5  p4           4.87106e+00   6.77227e-01   1.95837e-03  -5.41589e-04
   6  p5           9.93533e-01   1.08015e-02   3.11331e-05  -3.68780e-02
   7  p6          -1.45707e-07   1.94575e-01   6.25581e-03** at limit **
   8  p7           1.83111e-02   2.79330e-03   3.53937e-04   2.83976e-03
                               ERR DEF= 0.5
 FCN=107.974 FROM MIGRAD    STATUS=CONVERGED    1005 CALLS        1006 TOTAL
                     EDM=4.6067e-08    STRATEGY= 1      ERROR MATRIX ACCURATE 
  EXT PARAMETER                                   STEP         FIRST   
  NO.   NAME      VALUE            ERROR          SIZE      DERIVATIVE 
   1  p0           5.75747e+01   2.88492e+00   8.18898e-04  -4.78284e-04
   2  p1           1.00131e+00   4.86973e-04   1.57594e-04  -3.25753e-03
   3  p2           1.01529e-02   4.48209e-04   2.03902e-04  -3.60689e-03
   4  p3           8.80975e+00   7.55220e-01   2.60746e-03  -4.74108e-04
   5  p4           5.20450e+00   6.21208e-01   2.00696e-03   5.88135e-04
   6  p5           9.98966e-01   8.83802e-03   2.78901e-05   1.33944e-02
   7  p6          -4.58333e-12   1.02112e-01   4.68463e-03** at limit **
   8  p7           1.64055e-02   2.69494e-03   3.47960e-04   8.14816e-04
                               ERR DEF= 0.5
 FCN=123.704 FROM MIGRAD    STATUS=CONVERGED    1030 CALLS        1031 TOTAL
                     EDM=6.73334e-09    STRATEGY= 1      ERROR MATRIX ACCURATE 
  EXT PARAMETER                                   STEP         FIRST   
  NO.   NAME      VALUE            ERROR          SIZE      DERIVATIVE 
   1  p0           5.67995e+01   3.06082e+00   9.22394e-04   2.19153e-04
   2  p1           1.00017e+00   4.64305e-04   1.63548e-04  -3.73024e-04
   3  p2           9.04381e-03   4.47698e-04   2.41221e-04   1.88570e-05
   4  p3           8.66747e+00   7.61979e-01   2.73403e-03   1.40788e-05
   5  p4           5.03159e+00   5.97992e-01   2.10285e-03   1.51852e-05
   6  p5           1.00316e+00   6.32179e-03   2.69024e-05   1.48262e-03
   7  p6          -3.04958e-10   7.14026e-02   4.14224e-03** at limit **
   8  p7           1.62135e-02   2.19321e-03   3.60539e-04   5.39074e-04
                               ERR DEF= 0.5
 FCN=95.7586 FROM MIGRAD    STATUS=CONVERGED    1028 CALLS        1029 TOTAL
                     EDM=3.32814e-08    STRATEGY= 1      ERROR MATRIX ACCURATE 
  EXT PARAMETER                                   STEP         FIRST   
  NO.   NAME      VALUE            ERROR          SIZE      DERIVATIVE 
   1  p0           5.32343e+01   3.00971e+00   8.06230e-04  -4.15627e-04
   2  p1           1.00011e+00   4.80940e-04   1.49391e-04   4.72888e-04
   3  p2           9.69543e-03   4.31786e-04   1.95357e-04   2.26569e-04
   4  p3           1.04485e+01   4.09941e+00   2.92227e-03   4.71674e-05
   5  p4           3.45475e+00   2.85939e+00   1.08291e-03  -3.25501e-04
   6  p5           9.99566e-01   9.90613e-03   2.66454e-05  -9.00332e-04
   7  p6          -2.00199e-01   3.26464e-01   2.54224e-04   1.32122e-03
   8  p7           1.18933e-02   2.38872e-03   3.88406e-04   6.53131e-04
                               ERR DEF= 0.5
 FCN=112.063 FROM MIGRAD    STATUS=CONVERGED     847 CALLS         848 TOTAL
                     EDM=2.88585e-08    STRATEGY= 1      ERROR MATRIX ACCURATE 
  EXT PARAMETER                                   STEP         FIRST   
  NO.   NAME      VALUE            ERROR          SIZE      DERIVATIVE 
   1  p0           5.98038e+01   3.14062e+00   8.99673e-04   1.94230e-04
   2  p1           9.99771e-01   4.26635e-04   1.41476e-04   1.07772e-03
   3  p2           8.53774e-03   3.58594e-04   2.06588e-04  -2.08406e-03
   4  p3           8.45213e+00   7.22887e-01   2.69043e-03  -1.56121e-04
   5  p4           5.94730e+00   6.31616e-01   2.27058e-03   2.31644e-04
   6  p5           9.95518e-01   6.52563e-03   2.68939e-05   5.85823e-03
   7  p6          -5.65271e-10   5.30633e-02   3.38843e-03** at limit **
   8  p7           1.26239e-02   1.83979e-03   3.74165e-04   8.78275e-04
                               ERR DEF= 0.5
 FCN=109.47 FROM MIGRAD    STATUS=CONVERGED     716 CALLS         717 TOTAL
                     EDM=6.05619e-08    STRATEGY= 1  ERROR MATRIX UNCERTAINTY   2.5 per cent
  EXT PARAMETER                                   STEP         FIRST   
  NO.   NAME      VALUE            ERROR          SIZE      DERIVATIVE 
   1  p0           5.90607e+01   3.42859e+00   2.21512e-04   7.79697e-04
   2  p1           9.98529e-01   4.68419e-04  -3.93805e-06  -1.23090e-02
   3  p2           7.82402e-03   3.92779e-04   3.05708e-06   1.98337e-03
   4  p3           1.63248e+01   1.13554e+00  -1.29762e-03   2.47046e-05
   5  p4           9.36995e+00   5.80807e-01  -2.31510e-03   3.25967e-04
   6  p5           9.95115e-01   3.92594e-03   7.93256e-06   3.10157e-02
   7  p6          -1.87143e-11   4.59356e-03  -5.70006e-04** at limit **
   8  p7           1.11973e-02   1.14060e-03  -4.12040e-05   4.01575e-04
                               ERR DEF= 0.5
 FCN=109.05 FROM MIGRAD    STATUS=CONVERGED     924 CALLS         925 TOTAL
                     EDM=5.21637e-07    STRATEGY= 1      ERROR MATRIX ACCURATE 
  EXT PARAMETER                                   STEP         FIRST   
  NO.   NAME      VALUE            ERROR          SIZE      DERIVATIVE 
   1  p0           6.87939e+01   3.51265e+00   8.35786e-04   2.98065e-03
   2  p1           9.98272e-01   3.84899e-04   1.25387e-04   1.84730e-02
   3  p2           7.75698e-03   3.39117e-04   2.08037e-04   1.13889e-02
   4  p3           1.50978e+01   9.68504e-01   4.00767e-03  -6.81909e-04
   5  p4           9.11537e+00   7.68068e-01   2.35476e-03   1.62054e-03
   6  p5           9.75739e-01   6.77141e-03   2.09860e-05   1.24923e-01
   7  p6          -3.65751e-10   1.89473e-01   6.32409e-03** at limit **
   8  p7           1.70985e-02   1.64352e-03   2.46529e-04   3.70577e-04
                               ERR DEF= 0.5
 FCN=116.793 FROM MIGRAD    STATUS=CONVERGED     794 CALLS         795 TOTAL
                     EDM=8.96927e-07    STRATEGY= 1      ERROR MATRIX ACCURATE 
  EXT PARAMETER                                   STEP         FIRST   
  NO.   NAME      VALUE            ERROR          SIZE      DERIVATIVE 
   1  p0           6.66071e+01   3.50552e+00   9.05514e-04   2.36170e-03
   2  p1           9.97102e-01   4.22514e-04   1.38139e-04   1.45316e-02
   3  p2           7.98191e-03   3.60559e-04   2.17510e-04   6.85196e-03
   4  p3           1.56976e+01   1.01813e+00   4.11270e-03  -1.22651e-03
   5  p4           7.05942e+00   1.83076e+00   1.76257e-03   3.50630e-03
   6  p5           9.88944e-01   5.95913e-03   1.94986e-05   1.53822e-01
   7  p6          -3.79676e-02   7.88258e-02   4.15600e-04  -1.48542e-02
   8  p7           1.30571e-02   1.53136e-03   2.81377e-04   3.37007e-03
                               ERR DEF= 0.5
 FCN=90.1715 FROM MIGRAD    STATUS=CONVERGED     659 CALLS         660 TOTAL
                     EDM=2.19504e-08    STRATEGY= 1  ERROR MATRIX UNCERTAINTY   2.0 per cent
  EXT PARAMETER                                   STEP         FIRST   
  NO.   NAME      VALUE            ERROR          SIZE      DERIVATIVE 
   1  p0           6.36431e+01   3.36677e+00   4.57617e-05  -9.31014e-04
   2  p1           9.96904e-01   4.46226e-04   1.12373e-05  -1.86217e-03
   3  p2           8.24924e-03   3.49775e-04  -2.70448e-05  -4.41782e-03
   4  p3           1.40354e+01   9.75753e-01  -6.66041e-04  -1.62866e-04
   5  p4           7.90887e+00   5.74009e-01  -2.01226e-04   2.02548e-04
   6  p5           9.89516e-01   5.61107e-03  -9.08117e-07  -1.10256e-02
   7  p6          -1.23944e-10   2.75223e-02   8.58708e-04** at limit **
   8  p7           1.03125e-02   1.37901e-03  -2.51167e-05  -1.58997e-03
                               ERR DEF= 0.5
 FCN=132.121 FROM MIGRAD    STATUS=CONVERGED     718 CALLS         719 TOTAL
                     EDM=2.36342e-07    STRATEGY= 1  ERROR MATRIX UNCERTAINTY   3.1 per cent
  EXT PARAMETER                                   STEP         FIRST   
  NO.   NAME      VALUE            ERROR          SIZE      DERIVATIVE 
   1  p0           6.50642e+01   3.50111e+00  -4.49269e-05   8.56868e-04
   2  p1           9.95838e-01   4.15164e-04   1.12359e-05   1.14906e-02
   3  p2           7.80832e-03   3.62474e-04  -4.39527e-07   3.01742e-03
   4  p3           1.39602e+01   9.39195e-01   2.00108e-03   1.18331e-04
   5  p4           7.48507e+00   5.72531e-01   1.55435e-04   4.35008e-04
   6  p5           9.90244e-01   4.74082e-03   1.25137e-06   1.38018e-01
   7  p6          -4.87326e-09   3.51015e-02   6.83624e-04** at limit **
   8  p7           1.54788e-02   1.51709e-03   1.32167e-05   3.45977e-03
                               ERR DEF= 0.5
 FCN=126.906 FROM MIGRAD    STATUS=CONVERGED     722 CALLS         723 TOTAL
                     EDM=4.4009e-07    STRATEGY= 1  ERROR MATRIX UNCERTAINTY   2.3 per cent
  EXT PARAMETER                                   STEP         FIRST   
  NO.   NAME      VALUE            ERROR          SIZE      DERIVATIVE 
   1  p0           7.79412e+01   3.79840e+00  -2.31196e-04  -1.51998e-04
   2  p1           9.95160e-01   4.16547e-04  -6.31130e-05   1.13127e-02
   3  p2           7.76882e-03   3.38567e-04   3.98556e-05  -5.22694e-04
   4  p3           1.51741e+01   1.07917e+00  -3.96350e-04  -1.03135e-03
   5  p4           7.77808e+00   5.29044e-01   3.28833e-04   2.85676e-03
   6  p5           9.91942e-01   3.90612e-03  -4.12306e-06   1.30994e-01
   7  p6          -1.17796e-10   1.18845e-02  -8.35760e-04** at limit **
   8  p7           1.09982e-02   1.20571e-03   1.32947e-04   4.33643e-03
                               ERR DEF= 0.5
 FCN=129.622 FROM MIGRAD    STATUS=CONVERGED     702 CALLS         703 TOTAL
                     EDM=2.83924e-07    STRATEGY= 1  ERROR MATRIX UNCERTAINTY   3.0 per cent
  EXT PARAMETER                                   STEP         FIRST   
  NO.   NAME      VALUE            ERROR          SIZE      DERIVATIVE 
   1  p0           8.24255e+01   3.88509e+00   8.31838e-04  -3.46395e-03
   2  p1           9.94209e-01   4.07088e-04  -4.87154e-05  -9.42812e-03
   3  p2           8.24210e-03   3.48627e-04  -1.56651e-05  -9.88628e-03
   4  p3           1.95126e+01   1.20218e+00  -3.59729e-03  -6.62171e-04
   5  p4           8.32458e+00   4.87755e-01  -2.04304e-03   1.24679e-03
   6  p5           9.88734e-01   3.63105e-03  -1.77475e-06   1.37731e-01
   7  p6          -9.60444e-10   1.11457e-02  -1.26899e-04** at limit **
   8  p7           1.16948e-02   1.08136e-03   2.10376e-06  -1.14366e-03
                               ERR DEF= 0.5
 FCN=127.057 FROM MIGRAD    STATUS=CONVERGED     765 CALLS         766 TOTAL
                     EDM=7.93302e-09    STRATEGY= 1  ERROR MATRIX UNCERTAINTY   2.7 per cent
  EXT PARAMETER                                   STEP         FIRST   
  NO.   NAME      VALUE            ERROR          SIZE      DERIVATIVE 
   1  p0           9.17936e+01   3.99293e+00   6.26236e-05   7.60891e-04
   2  p1           9.94070e-01   3.91815e-04  -1.88248e-06   8.11729e-04
   3  p2           8.40032e-03   3.19334e-04   9.76286e-07   1.70329e-03
   4  p3           2.03423e+01   1.23284e+00  -7.35662e-05  -2.05373e-05
   5  p4           8.04802e+00   4.83960e-01  -9.29526e-05   2.26793e-04
   6  p5           9.89154e-01   3.79075e-03   2.27189e-07   1.86138e-02
   7  p6          -1.44234e-11   9.92327e-03  -2.17573e-04** at limit **
   8  p7           1.29524e-02   1.13912e-03  -9.29765e-06  -9.20264e-04
                               ERR DEF= 0.5
 FCN=148.785 FROM MIGRAD    STATUS=CONVERGED    1043 CALLS        1044 TOTAL
                     EDM=7.50555e-09    STRATEGY= 1  ERROR MATRIX UNCERTAINTY   1.4 per cent
  EXT PARAMETER                                   STEP         FIRST   
  NO.   NAME      VALUE            ERROR          SIZE      DERIVATIVE 
   1  p0           1.11415e+02   4.56480e+00   9.52588e-05  -1.62265e-04
   2  p1           9.93549e-01   3.64456e-04   3.12567e-06   4.33629e-03
   3  p2           8.11309e-03   2.96105e-04   2.70848e-05   8.86609e-05
   4  p3           2.30799e+01   1.44874e+00  -1.43320e-03  -1.02001e-05
   5  p4           8.86489e+00   4.87626e-01  -4.74732e-04   1.30050e-04
   6  p5           9.91507e-01   2.94414e-03  -1.49907e-07   6.60140e-03
   7  p6          -5.52891e-12   3.70329e-03  -1.37091e-04** at limit **
   8  p7           1.03376e-02   8.93005e-04  -3.78714e-05  -3.16639e-04
                               ERR DEF= 0.5

****************************************
Minimizer is Linear
Chi2                      =       30.056
NDf                       =           14
p0                        =      1.00852   +/-   0.000464301 
p1                        =  -6.1379e-06   +/-   2.51958e-07 
Calculation of survival fraction for 2104
 FCN=174.549 FROM MIGRAD    STATUS=CONVERGED     101 CALLS         102 TOTAL
                     EDM=6.36225e-08    STRATEGY= 1      ERROR MATRIX ACCURATE 
  EXT PARAMETER                                   STEP         FIRST   
  NO.   NAME      VALUE            ERROR          SIZE      DERIVATIVE 
   1  p0           8.41194e+01   3.69501e+00   2.71288e-02  -3.93595e-05
   2  p1           2.10378e+03   5.90273e-02   1.00316e-03  -2.94674e-03
   3  p2           1.46001e+00   5.04066e-02   3.05501e-05  -3.15145e-03
   4  p3           1.25284e+01   2.18427e-01   1.95959e-03  -5.39422e-04
                               ERR DEF= 0.5
Area_tot = 1599
Area_tot_psa = 354
Area = 971
Area_psa = 75
 FCN=151.028 FROM MIGRAD    STATUS=CONVERGED     124 CALLS         125 TOTAL
                     EDM=2.05268e-09    STRATEGY= 1      ERROR MATRIX ACCURATE 
  EXT PARAMETER                                   STEP         FIRST   
  NO.   NAME      VALUE            ERROR          SIZE      DERIVATIVE 
   1  p0           8.01029e+00   1.40646e+00   9.92830e-03  -1.43375e-05
   2  p1           2.10392e+03   2.78158e-01   2.35550e-03   5.96387e-05
   3  p2           1.51320e+00   2.31570e-01   1.33443e-04  -1.13791e-03
   4  p3           5.40056e+00   1.45810e-01   1.20460e-03  -2.92814e-04
                               ERR DEF= 0.5
Calculation of survival fraction for 2614.5
 FCN=197.61 FROM MIGRAD    STATUS=CONVERGED     215 CALLS         216 TOTAL
                     EDM=2.0431e-07    STRATEGY= 1      ERROR MATRIX ACCURATE 
  EXT PARAMETER                                   STEP         FIRST   
  NO.   NAME      VALUE            ERROR          SIZE      DERIVATIVE 
   1  p0           7.53198e+02   1.09710e+01   8.64415e-02   2.95316e-06
   2  p1           2.61462e+03   1.36163e-02   1.24675e-03   1.73148e-02
   3  p2           1.14403e+00   9.92157e-03   7.33728e-06   2.03033e-01
   4  p3           4.62172e-01   6.23563e-02   6.03972e-04   5.72824e-03
                               ERR DEF= 0.5
Area_tot = 7241
Area_tot_psa = 1107
Area = 7166
Area_psa = 1105
 FCN=146.848 FROM MIGRAD    STATUS=CONVERGED     159 CALLS         160 TOTAL
                     EDM=1.1462e-08    STRATEGY= 1  ERROR MATRIX UNCERTAINTY   1.2 per cent
  EXT PARAMETER                                   STEP         FIRST   
  NO.   NAME      VALUE            ERROR          SIZE      DERIVATIVE 
   1  p0           1.12657e+02   4.39793e+00  -1.23733e-03  -2.60660e-05
   2  p1           2.61475e+03   3.63229e-02   4.35785e-05   2.52128e-03
   3  p2           1.15831e+00   2.70163e-02   1.19473e-06  -4.82075e-02
   4  p3           1.28458e-02   7.41031e-03  -1.96882e-05  -2.86059e-04
                               ERR DEF= 0.5
Calculation of survival fraction background at 2039
Area = 2840
Area_psa = 1320
Calculation of survival fraction background at 2350
Area = 5959
Area_psa = 2645
