
[1mRooFit v3.60 -- Developed by Wouter Verkerke and David Kirkby[0m 
                Copyright (C) 2000-2013 NIKHEF, University of California & Stanford University
                All rights reserved, please read http://roofit.sourceforge.net/license.txt

Using file /nfs/gerda6/users/burlac/psd/analysis/run0098-cal_dplms_10.tier.root
Analizing channel 23
Standard analysis 
Total events = 17201607
event n.1000000
event n.2000000
event n.3000000
event n.4000000
event n.5000000
event n.6000000
event n.7000000
event n.8000000
event n.9000000
event n.10000000
event n.11000000
event n.12000000
event n.13000000
event n.14000000
event n.15000000
event n.16000000
event n.17000000
Selected events: 175307
The time to read waveforms: 27.64 s
Initialization of DEP&FEP background  = 21
 FCN=102.259 FROM MIGRAD    STATUS=CONVERGED     236 CALLS         237 TOTAL
                     EDM=1.03445e-09    STRATEGY= 1      ERROR MATRIX ACCURATE 
  EXT PARAMETER                                   STEP         FIRST   
  NO.   NAME      VALUE            ERROR          SIZE      DERIVATIVE 
   1  p0           1.86117e+02   5.99914e+00   3.30101e-02  -1.07521e-06
   2  p1           1.59176e+03   3.50809e-02   7.59009e-04   5.05761e-04
   3  p2           1.21646e+00   3.17163e-02   1.56591e-05   2.79265e-03
   4  p3           1.03356e+02   5.19686e+00   2.87111e-02   1.38783e-06
   5  p4           1.62022e+03   4.71596e-02   7.72581e-04  -1.31112e-04
   6  p5           1.00757e+00   4.37711e-02   2.38952e-05   5.56206e-03
   7  p6           2.09911e+01   3.38860e-01   2.26775e-03   3.94742e-05
                               ERR DEF= 0.5
mean_aoe = 0.0489
AoE: max = 1.71712 max = 0.113816
 FCN=1.02326 FROM MIGRAD    STATUS=CONVERGED     375 CALLS         376 TOTAL
                     EDM=1.13622e-08    STRATEGY= 1  ERROR MATRIX UNCERTAINTY   1.1 per cent
  EXT PARAMETER                                   STEP         FIRST   
  NO.   NAME      VALUE            ERROR          SIZE      DERIVATIVE 
   1  p0           1.04975e+00   5.14294e-01   1.94459e-04   1.05179e-04
   2  p1           1.00286e+00   4.22163e-03   2.18326e-06   2.05591e-02
   3  p2           1.04169e-02   3.50575e-03  -3.50437e-05   1.76632e-03
   4  p3           5.45414e-03   1.11575e-01  -5.86160e-04  -1.01821e-02
   5  p4           4.85166e-03   1.27158e-01   6.63832e-04  -8.93811e-03
                               ERR DEF= 0.5
Total integral = 2001
Bin number = 100  AoE_lowCut = 51 -> 1.01
CutIntegral = 1759
SF_dep = 0.87906
sigma_aoe = 0.0104169
Total integral = 2001
Bin number = 250  AoE_lowCut = 124 -> 0.988
CutIntegral = 1791
SF_dep = 0.895052
sigma_aoe = 0.0104169
Total integral = 2001
Bin number = 500  AoE_lowCut = 245 -> 0.978
CutIntegral = 1802
SF_dep = 0.90055
sigma_aoe = 0.0104169
Total integral = 2001
Bin number = 1000  AoE_lowCut = 487 -> 0.973
CutIntegral = 1810
SF_dep = 0.904548
sigma_aoe = 0.0104169
Total integral = 2001
Bin number = 1500  AoE_lowCut = 730 -> 0.972667
CutIntegral = 1806
SF_dep = 0.902549
sigma_aoe = 0.0104169
Total integral = 2001
Bin number = 2000  AoE_lowCut = 972 -> 0.9715
CutIntegral = 1810
SF_dep = 0.904548
sigma_aoe = 0.0104169
Total integral = 2001
Bin number = 2500  AoE_lowCut = 1215 -> 0.9716
CutIntegral = 1807
SF_dep = 0.903048
sigma_aoe = 0.0104169
Total integral = 2001
Bin number = 3000  AoE_lowCut = 1457 -> 0.971
CutIntegral = 1810
SF_dep = 0.904548
sigma_aoe = 0.0104169
Total integral = 2001
Bin number = 3500  AoE_lowCut = 1700 -> 0.971143
CutIntegral = 1808
SF_dep = 0.903548
sigma_aoe = 0.0104169
Total integral = 2001
Bin number = 4000  AoE_lowCut = 1942 -> 0.97075
CutIntegral = 1810
SF_dep = 0.904548
sigma_aoe = 0.0104169
Total integral = 2001
Bin number = 4500  AoE_lowCut = 2185 -> 0.970889
CutIntegral = 1808
SF_dep = 0.903548
sigma_aoe = 0.0104169
Total integral = 2001
Bin number = 5000  AoE_lowCut = 2427 -> 0.9706
CutIntegral = 1810
SF_dep = 0.904548
sigma_aoe = 0.0104169
Total integral = 2001
Bin number = 6000  AoE_lowCut = 2912 -> 0.9705
CutIntegral = 1810
SF_dep = 0.904548
sigma_aoe = 0.0104169
Total integral = 2001
Bin number = 7000  AoE_lowCut = 3397 -> 0.970429
CutIntegral = 1810
SF_dep = 0.904548
sigma_aoe = 0.0104169
Total integral = 2001
Bin number = 8000  AoE_lowCut = 3882 -> 0.970375
CutIntegral = 1810
SF_dep = 0.904548
sigma_aoe = 0.0104169
Total integral = 2001
Bin number = 9000  AoE_lowCut = 4367 -> 0.970333
CutIntegral = 1810
SF_dep = 0.904548
sigma_aoe = 0.0104169
Total integral = 2001
Bin number = 10000  AoE_lowCut = 4852 -> 0.9703
CutIntegral = 1810
SF_dep = 0.904548
sigma_aoe = 0.0104169
