
[1mRooFit v3.60 -- Developed by Wouter Verkerke and David Kirkby[0m 
                Copyright (C) 2000-2013 NIKHEF, University of California & Stanford University
                All rights reserved, please read http://roofit.sourceforge.net/license.txt

Using file /nfs/gerda6/users/burlac/psd/analysis/run0098-cal_dplms_100.tier.root
Analizing channel 14
DPLMS analysis with weight 100
Total events = 17201607
event n.1000000
event n.2000000
event n.3000000
event n.4000000
event n.5000000
event n.6000000
event n.7000000
event n.8000000
event n.9000000
event n.10000000
event n.11000000
event n.12000000
event n.13000000
event n.14000000
event n.15000000
event n.16000000
event n.17000000
Selected events: 91527
The time to read waveforms: 34.26 s
Initialization of DEP&FEP background  = 9
 FCN=128.553 FROM MIGRAD    STATUS=CONVERGED     180 CALLS         181 TOTAL
                     EDM=1.45701e-07    STRATEGY= 1  ERROR MATRIX UNCERTAINTY   3.6 per cent
  EXT PARAMETER                                   STEP         FIRST   
  NO.   NAME      VALUE            ERROR          SIZE      DERIVATIVE 
   1  p0           1.08583e+02   4.80665e+00  -1.14004e-04   3.37084e-05
   2  p1           1.59245e+03   4.01112e-02   5.12821e-05   6.41943e-03
   3  p2           9.59236e-01   3.55410e-02   1.73823e-06  -6.02523e-02
   4  p3           5.89639e+01   3.74833e+00   4.21258e-03  -6.14978e-05
   5  p4           1.62070e+03   5.67662e-02   4.05560e-06   7.72877e-04
   6  p5           8.74913e-01   4.55799e-02  -1.15608e-06   5.02170e-02
   7  p6           1.08399e+01   2.35154e-01   1.58562e-04   5.64606e-04
                               ERR DEF= 0.5
mean_aoe = 0.0831
AoE: max = 1.6736 max = 0.0606903
 FCN=1.09028 FROM MIGRAD    STATUS=CONVERGED     380 CALLS         381 TOTAL
                     EDM=4.25095e-08    STRATEGY= 1  ERROR MATRIX UNCERTAINTY   5.1 per cent
  EXT PARAMETER                                   STEP         FIRST   
  NO.   NAME      VALUE            ERROR          SIZE      DERIVATIVE 
   1  p0           9.51664e-01   5.86259e-01  -1.75510e-03   3.43191e-04
   2  p1           9.99859e-01   3.22005e-03   3.84960e-06   5.35660e-02
   3  p2           6.47442e-03   2.49336e-03   6.23400e-05   1.08553e-03
   4  p3           3.73712e-03   4.84409e-03   9.20156e-06   4.49199e-01
   5  p4           2.78126e-03   3.60170e-03   6.84105e-06  -5.56167e-01
                               ERR DEF= 0.5
Analysis with a fixed bin for LowCut
Total integral = 823
AoE_lowCut = 1981 -> 0.99025
CutIntegral = 742
SF_dep = 0.90158
sigma_aoe = 0.00647442
 FCN=125.935 FROM MIGRAD    STATUS=CONVERGED     138 CALLS         139 TOTAL
                     EDM=1.77859e-07    STRATEGY= 1  ERROR MATRIX UNCERTAINTY   5.8 per cent
  EXT PARAMETER                                   STEP         FIRST   
  NO.   NAME      VALUE            ERROR          SIZE      DERIVATIVE 
   1  p0           9.01918e+01   4.47474e+00   2.80542e-03   6.26930e-05
   2  p1           1.59245e+03   4.16811e-02   1.00763e-05  -1.74439e-03
   3  p2           9.96117e-01   3.63839e-02   2.78054e-06   5.29995e-02
   4  p3           6.80910e+00   1.98661e+00   8.94881e-05  -2.13340e-04
   5  p4           1.62031e+03   2.20863e-01   5.18674e-05   3.53713e-04
   6  p5           7.25138e-01   1.86205e-01   1.45833e-05  -1.70423e-02
   7  p6           4.64190e+00   1.66039e-01  -8.32738e-05   6.60186e-04
                               ERR DEF= 0.5
AreaDEP_tot = 1227
Area_DEP_tot_psa = 913
AreaDEP = 782
Area_DEP_psa = 716
Area_FEP_tot = 739
Area_FEP_tot_psa = 178
Area_FEP = 408
Area_FEP_psa = 30
Calculation of AoE vs E correction
 FCN=110.535 FROM MIGRAD    STATUS=CONVERGED    1083 CALLS        1084 TOTAL
                     EDM=2.19353e-07    STRATEGY= 1      ERROR MATRIX ACCURATE 
  EXT PARAMETER                                   STEP         FIRST   
  NO.   NAME      VALUE            ERROR          SIZE      DERIVATIVE 
   1  p0           7.20578e+01   3.20112e+00   7.07318e-04  -1.30669e-04
   2  p1           1.00080e+00   4.41045e-04   1.50341e-04  -8.29932e-03
   3  p2           1.10410e-02   4.22478e-04   1.83552e-04  -7.43022e-04
   4  p3           1.18648e+01   8.60895e-01   2.83686e-03  -9.75528e-04
   5  p4           3.88500e+00   4.71677e-01   1.50940e-03   1.67802e-03
   6  p5           1.00263e+00   7.98224e-03   2.51577e-05   2.34282e-02
   7  p6          -3.79538e-10   9.39221e-02   4.52149e-03** at limit **
   8  p7           1.52792e-02   2.27907e-03   3.16614e-04  -3.68299e-03
                               ERR DEF= 0.5
 FCN=91.9267 FROM MIGRAD    STATUS=CONVERGED     910 CALLS         911 TOTAL
                     EDM=1.31162e-07    STRATEGY= 1  ERROR MATRIX UNCERTAINTY   3.6 per cent
  EXT PARAMETER                                   STEP         FIRST   
  NO.   NAME      VALUE            ERROR          SIZE      DERIVATIVE 
   1  p0           7.01791e+01   3.29427e+00  -1.83694e-04  -5.44609e-04
   2  p1           1.00147e+00   4.12666e-04   5.19097e-05   7.85501e-03
   3  p2           9.74325e-03   3.66723e-04  -1.53977e-05  -3.70974e-03
   4  p3           1.22948e+01   9.28373e-01   5.08240e-04  -6.24800e-04
   5  p4           5.44104e+00   5.10202e-01  -1.66772e-03   1.11423e-03
   6  p5           1.00392e+00   6.79806e-03   2.33772e-05   1.15575e-01
   7  p6          -2.00359e-09   6.52003e-02   2.25600e-03** at limit **
   8  p7           1.32856e-02   2.00282e-03  -1.51889e-04   6.58649e-03
                               ERR DEF= 0.5
 FCN=103.85 FROM MIGRAD    STATUS=CONVERGED     957 CALLS         958 TOTAL
                     EDM=1.00944e-07    STRATEGY= 1      ERROR MATRIX ACCURATE 
  EXT PARAMETER                                   STEP         FIRST   
  NO.   NAME      VALUE            ERROR          SIZE      DERIVATIVE 
   1  p0           7.29037e+01   3.43099e+00   7.44249e-04   3.62869e-04
   2  p1           1.00114e+00   3.93155e-04   1.29531e-04   5.21046e-03
   3  p2           9.01178e-03   3.81893e-04   1.86909e-04  -3.34050e-03
   4  p3           1.09963e+01   8.39895e-01   2.92003e-03  -7.71339e-05
   5  p4           5.66790e+00   5.48789e-01   1.84806e-03   2.87592e-04
   6  p5           9.98777e-01   6.64139e-03   2.32881e-05  -1.36652e-02
   7  p6          -5.73175e-09   1.41466e-01   5.31123e-03** at limit **
   8  p7           1.40075e-02   1.86730e-03   3.11610e-04  -5.49441e-04
                               ERR DEF= 0.5
 FCN=108.218 FROM MIGRAD    STATUS=CONVERGED     959 CALLS         960 TOTAL
                     EDM=4.38375e-08    STRATEGY= 1      ERROR MATRIX ACCURATE 
  EXT PARAMETER                                   STEP         FIRST   
  NO.   NAME      VALUE            ERROR          SIZE      DERIVATIVE 
   1  p0           8.12184e+01   3.72782e+00   7.85272e-04   8.92282e-04
   2  p1           1.00045e+00   3.41373e-04   1.17535e-04   6.68776e-03
   3  p2           8.22799e-03   2.90827e-04   1.79831e-04   1.94304e-03
   4  p3           1.09353e+01   8.10536e-01   2.97716e-03  -8.82718e-05
   5  p4           5.73724e+00   5.43112e-01   1.90087e-03   5.83195e-05
   6  p5           9.99560e-01   5.11194e-03   2.20423e-05   3.68272e-03
   7  p6          -1.24475e-09   6.77558e-02   3.76124e-03** at limit **
   8  p7           1.39578e-02   1.60906e-03   3.03780e-04   4.87290e-04
                               ERR DEF= 0.5
 FCN=135.424 FROM MIGRAD    STATUS=CONVERGED     761 CALLS         762 TOTAL
                     EDM=8.97497e-08    STRATEGY= 1  ERROR MATRIX UNCERTAINTY   2.9 per cent
  EXT PARAMETER                                   STEP         FIRST   
  NO.   NAME      VALUE            ERROR          SIZE      DERIVATIVE 
   1  p0           7.28674e+01   3.77261e+00   1.59563e-04  -7.53223e-04
   2  p1           9.99838e-01   3.60834e-04  -6.24432e-06   4.23286e-03
   3  p2           7.52292e-03   3.12591e-04   2.35054e-05  -1.45325e-03
   4  p3           1.20045e+01   8.56457e-01  -9.56247e-04  -5.29644e-04
   5  p4           6.64994e+00   5.53147e-01  -2.95373e-04   1.20018e-03
   6  p5           9.96289e-01   4.53652e-03  -3.70142e-06   7.49157e-02
   7  p6          -4.00738e-11   2.17456e-02  -5.41470e-04** at limit **
   8  p7           1.32449e-02   1.43406e-03   5.31933e-05   4.47658e-03
                               ERR DEF= 0.5
 FCN=105.009 FROM MIGRAD    STATUS=CONVERGED     751 CALLS         752 TOTAL
                     EDM=9.42683e-09    STRATEGY= 1  ERROR MATRIX UNCERTAINTY   1.9 per cent
  EXT PARAMETER                                   STEP         FIRST   
  NO.   NAME      VALUE            ERROR          SIZE      DERIVATIVE 
   1  p0           7.26916e+01   3.86361e+00  -3.48025e-05  -1.69084e-04
   2  p1           9.99565e-01   3.39641e-04  -2.75531e-06  -2.24383e-03
   3  p2           7.13569e-03   2.95725e-04   2.27372e-06   4.30968e-05
   4  p3           1.24775e+01   8.98824e-01   2.51093e-04  -1.61627e-04
   5  p4           7.13771e+00   5.61387e-01   2.33571e-04   3.76826e-04
   6  p5           1.00071e+00   4.98672e-03  -1.55648e-07   3.10787e-02
   7  p6          -5.53868e-12   2.36317e-02   4.30669e-04** at limit **
   8  p7           1.19589e-02   1.53694e-03  -6.23090e-06   1.43407e-03
                               ERR DEF= 0.5
 FCN=95.467 FROM MIGRAD    STATUS=CONVERGED     774 CALLS         775 TOTAL
                     EDM=3.99627e-07    STRATEGY= 1      ERROR MATRIX ACCURATE 
  EXT PARAMETER                                   STEP         FIRST   
  NO.   NAME      VALUE            ERROR          SIZE      DERIVATIVE 
   1  p0           6.86924e+01   3.67238e+00   8.48808e-04  -2.17795e-03
   2  p1           9.98980e-01   3.72120e-04   1.12797e-04   1.22878e-02
   3  p2           7.20602e-03   3.06967e-04   2.02466e-04  -6.23162e-03
   4  p3           1.25278e+01   8.80471e-01   3.30637e-03  -2.35798e-04
   5  p4           7.94377e+00   6.05656e-01   2.10946e-03   5.21111e-04
   6  p5           9.91397e-01   4.87487e-03   1.86512e-05  -9.81503e-02
   7  p6          -1.64571e-09   4.99439e-02   3.02063e-03** at limit **
   8  p7           1.17253e-02   1.39595e-03   2.85191e-04   1.18923e-03
                               ERR DEF= 0.5
 FCN=117.979 FROM MIGRAD    STATUS=CONVERGED     965 CALLS         966 TOTAL
                     EDM=2.37544e-07    STRATEGY= 1  ERROR MATRIX UNCERTAINTY   2.3 per cent
  EXT PARAMETER                                   STEP         FIRST   
  NO.   NAME      VALUE            ERROR          SIZE      DERIVATIVE 
   1  p0           7.42611e+01   4.03679e+00  -2.12785e-04   1.22439e-03
   2  p1           9.97875e-01   3.57897e-04  -7.34301e-05  -1.38431e-02
   3  p2           6.61509e-03   3.11643e-04   1.84395e-04   2.14226e-03
   4  p3           1.61428e+01   1.05322e+00  -3.98254e-03   8.25770e-04
   5  p4           9.22046e+00   5.50970e-01  -2.24254e-03  -1.56180e-03
   6  p5           9.91568e-01   3.98049e-03  -9.03059e-07   2.30647e-02
   7  p6          -3.26815e-10   6.94351e-03   2.98055e-04** at limit **
   8  p7           1.21279e-02   1.21083e-03   2.80120e-05  -1.78975e-03
                               ERR DEF= 0.5
 FCN=123.631 FROM MIGRAD    STATUS=CONVERGED     884 CALLS         885 TOTAL
                     EDM=4.20683e-07    STRATEGY= 1  ERROR MATRIX UNCERTAINTY   5.8 per cent
  EXT PARAMETER                                   STEP         FIRST   
  NO.   NAME      VALUE            ERROR          SIZE      DERIVATIVE 
   1  p0           7.91692e+01   4.25876e+00   2.11529e-05  -2.62801e-04
   2  p1           9.97211e-01   3.75495e-04   2.17063e-06   9.45084e-04
   3  p2           6.40402e-03   3.39048e-04  -4.49460e-06  -1.29794e-03
   4  p3           1.73973e+01   1.10322e+00   6.65515e-04  -2.75948e-04
   5  p4           9.08483e+00   1.57239e+00   4.60043e-03   1.09629e-03
   6  p5           9.90339e-01   4.90383e-03  -5.43001e-06   3.17153e-02
   7  p6          -1.32726e-03   6.50027e-01   3.11618e-03  -2.26685e-03
   8  p7           1.10589e-02   1.35953e-03   2.11251e-05   2.45048e-04
                               ERR DEF= 0.5
 FCN=118.461 FROM MIGRAD    STATUS=CONVERGED     722 CALLS         723 TOTAL
                     EDM=5.58649e-07    STRATEGY= 1      ERROR MATRIX ACCURATE 
  EXT PARAMETER                                   STEP         FIRST   
  NO.   NAME      VALUE            ERROR          SIZE      DERIVATIVE 
   1  p0           8.50908e+01   4.47631e+00   1.00345e-03   6.80851e-04
   2  p1           9.96271e-01   3.27113e-04   1.09125e-04   6.52655e-03
   3  p2           6.16249e-03   2.95951e-04   2.70873e-04   9.09735e-03
   4  p3           1.82241e+01   9.99740e-01   4.62830e-03   4.70124e-04
   5  p4           7.81329e+00   1.59892e+00   1.71823e-03  -1.84054e-03
   6  p5           9.88265e-01   4.46327e-03   1.63088e-05  -1.50631e-02
   7  p6          -4.12575e-02   5.71608e-02   3.32582e-04   1.09616e-02
   8  p7           1.25438e-02   1.25670e-03   2.55137e-04   7.70168e-03
                               ERR DEF= 0.5
 FCN=126.015 FROM MIGRAD    STATUS=CONVERGED    1282 CALLS        1283 TOTAL
                     EDM=1.70636e-06    STRATEGY= 1      ERROR MATRIX ACCURATE 
  EXT PARAMETER                                   STEP         FIRST   
  NO.   NAME      VALUE            ERROR          SIZE      DERIVATIVE 
   1  p0           9.16399e+01   4.72599e+00   9.28570e-04   3.97521e-03
   2  p1           9.96569e-01   2.98840e-04   1.05955e-04   1.23702e-02
   3  p2           5.94901e-03   2.70165e-04   2.90034e-04   2.01516e-03
   4  p3           1.74769e+01   1.06474e+00   4.64266e-03  -2.83685e-04
   5  p4           8.77777e+00   5.37797e-01   2.21836e-03   6.74441e-04
   6  p5           9.90947e-01   3.60883e-03   1.62389e-05   1.06952e-01
   7  p6          -3.18331e-07   2.25279e-01   7.00808e-03  -1.12689e-03
   8  p7           1.12150e-02   1.11693e-03   2.71499e-04   3.84978e-04
                               ERR DEF= 0.5
 FCN=125.504 FROM MIGRAD    STATUS=CONVERGED    1114 CALLS        1115 TOTAL
                     EDM=1.53033e-07    STRATEGY= 1      ERROR MATRIX ACCURATE 
  EXT PARAMETER                                   STEP         FIRST   
  NO.   NAME      VALUE            ERROR          SIZE      DERIVATIVE 
   1  p0           8.55069e+01   4.29567e+00   8.82469e-04  -6.98280e-04
   2  p1           9.95835e-01   3.18058e-04   1.12622e-04  -1.54628e-03
   3  p2           6.47843e-03   2.72004e-04   2.42186e-04   1.58972e-03
   4  p3           1.45332e+01   9.59274e-01   4.22067e-03  -3.77569e-04
   5  p4           8.79293e+00   6.09406e-01   2.45118e-03   9.89223e-04
   6  p5           9.86377e-01   4.23690e-03   1.90149e-05   2.37500e-02
   7  p6          -5.19909e-11   6.66602e-02   4.05466e-03** at limit **
   8  p7           1.31957e-02   1.29231e-03   2.78877e-04  -2.58075e-03
                               ERR DEF= 0.5
 FCN=115.202 FROM MIGRAD    STATUS=CONVERGED     843 CALLS         844 TOTAL
                     EDM=1.04585e-08    STRATEGY= 1  ERROR MATRIX UNCERTAINTY   1.0 per cent
  EXT PARAMETER                                   STEP         FIRST   
  NO.   NAME      VALUE            ERROR          SIZE      DERIVATIVE 
   1  p0           8.85240e+01   4.58777e+00  -3.75610e-04   5.41522e-04
   2  p1           9.94890e-01   3.35127e-04   1.45477e-05  -3.26714e-03
   3  p2           6.32463e-03   2.79168e-04   9.91589e-05   6.19599e-04
   4  p3           1.78317e+01   1.12640e+00   5.38666e-04  -7.19604e-05
   5  p4           8.15702e+00   4.98596e-01   4.90912e-04   2.44933e-04
   6  p5           9.94128e-01   2.88812e-03  -3.93652e-06   1.27527e-04
   7  p6          -4.46719e-11   8.31166e-03  -4.28026e-04** at limit **
   8  p7           9.58959e-03   9.46157e-04   5.43590e-05  -1.58713e-03
                               ERR DEF= 0.5
 FCN=128.364 FROM MIGRAD    STATUS=CONVERGED     981 CALLS         982 TOTAL
                     EDM=9.88781e-07    STRATEGY= 1  ERROR MATRIX UNCERTAINTY   2.6 per cent
  EXT PARAMETER                                   STEP         FIRST   
  NO.   NAME      VALUE            ERROR          SIZE      DERIVATIVE 
   1  p0           1.05380e+02   4.93735e+00  -5.09249e-04   1.88073e-03
   2  p1           9.94788e-01   3.07431e-04  -8.46557e-05  -8.93744e-04
   3  p2           6.29104e-03   2.50402e-04  -1.74993e-04  -1.38319e-02
   4  p3           2.05737e+01   1.23073e+00  -8.84795e-03  -6.87322e-04
   5  p4           9.18633e+00   4.98507e-01  -6.82617e-03   6.31747e-04
   6  p5           9.91552e-01   2.83671e-03   6.14731e-06   2.97739e-01
   7  p6          -1.99795e-09   4.08318e-03  -1.15765e-03** at limit **
   8  p7           8.75637e-03   8.58458e-04   1.71449e-04   1.57047e-03
                               ERR DEF= 0.5
 FCN=150.671 FROM MIGRAD    STATUS=CONVERGED     921 CALLS         922 TOTAL
                     EDM=1.78875e-08    STRATEGY= 1  ERROR MATRIX UNCERTAINTY   2.8 per cent
  EXT PARAMETER                                   STEP         FIRST   
  NO.   NAME      VALUE            ERROR          SIZE      DERIVATIVE 
   1  p0           1.22291e+02   5.02790e+00  -6.81374e-05  -1.69782e-04
   2  p1           9.93713e-01   2.84751e-04   1.33097e-06  -4.73731e-04
   3  p2           6.40676e-03   2.35178e-04   2.88859e-05  -9.55694e-04
   4  p3           2.67420e+01   1.46329e+00   5.55934e-04  -4.48086e-05
   5  p4           1.09755e+01   5.14363e-01   6.54797e-04  -3.67897e-07
   6  p5           9.87964e-01   2.70373e-03  -1.11503e-06  -8.72192e-03
   7  p6          -1.08040e-10   4.22305e-03   6.64855e-05** at limit **
   8  p7           1.13702e-02   8.26156e-04   2.49374e-05  -7.96835e-04
                               ERR DEF= 0.5
 FCN=164.157 FROM MIGRAD    STATUS=CONVERGED     931 CALLS         932 TOTAL
                     EDM=1.33343e-08    STRATEGY= 1  ERROR MATRIX UNCERTAINTY   1.1 per cent
  EXT PARAMETER                                   STEP         FIRST   
  NO.   NAME      VALUE            ERROR          SIZE      DERIVATIVE 
   1  p0           1.35091e+02   5.46276e+00  -7.57045e-05  -1.05419e-03
   2  p1           9.93311e-01   3.04346e-04  -6.97764e-06  -4.23295e-03
   3  p2           6.73990e-03   2.59917e-04  -1.03699e-05  -4.56775e-03
   4  p3           2.97991e+01   1.66425e+00   1.38517e-03  -8.78167e-05
   5  p4           1.09321e+01   4.58344e-01  -6.97163e-05   2.29372e-04
   6  p5           9.90156e-01   2.44791e-03   1.19604e-06  -7.99788e-03
   7  p6          -1.81504e-11   1.39805e-03   7.96016e-05** at limit **
   8  p7           1.07437e-02   7.73990e-04  -3.79349e-06   8.51683e-04
                               ERR DEF= 0.5

****************************************
Minimizer is Linear
Chi2                      =      26.6543
NDf                       =           14
p0                        =      1.00762   +/-   0.000355318 
p1                        = -5.85893e-06   +/-   1.93268e-07 
Calculation of survival fraction for 2104
 FCN=156.727 FROM MIGRAD    STATUS=CONVERGED     106 CALLS         107 TOTAL
                     EDM=2.76836e-07    STRATEGY= 1      ERROR MATRIX ACCURATE 
  EXT PARAMETER                                   STEP         FIRST   
  NO.   NAME      VALUE            ERROR          SIZE      DERIVATIVE 
   1  p0           7.88341e+01   3.60382e+00   2.44739e-02   1.68262e-04
   2  p1           2.10346e+03   6.41122e-02   1.00301e-03   1.34994e-04
   3  p2           1.52930e+00   5.99052e-02   3.26326e-05   6.59997e-02
   4  p3           1.24973e+01   2.19733e-01   1.85693e-03  -7.28473e-04
                               ERR DEF= 0.5
Area_tot = 1638
Area_tot_psa = 374
Area = 1027
Area_psa = 117
 FCN=169.546 FROM MIGRAD    STATUS=CONVERGED     116 CALLS         117 TOTAL
                     EDM=4.49198e-09    STRATEGY= 1      ERROR MATRIX ACCURATE 
  EXT PARAMETER                                   STEP         FIRST   
  NO.   NAME      VALUE            ERROR          SIZE      DERIVATIVE 
   1  p0           9.04871e+00   1.56205e+00   1.12249e-02   9.99962e-07
   2  p1           2.10352e+03   2.44403e-01   2.18351e-03  -1.36686e-04
   3  p2           1.39033e+00   2.36635e-01   1.42638e-04   2.54523e-03
   4  p3           5.19744e+00   1.43149e-01   1.25106e-03  -1.84155e-04
                               ERR DEF= 0.5
Calculation of survival fraction for 2614.5
 FCN=184.307 FROM MIGRAD    STATUS=CONVERGED     203 CALLS         204 TOTAL
                     EDM=4.90688e-08    STRATEGY= 1      ERROR MATRIX ACCURATE 
  EXT PARAMETER                                   STEP         FIRST   
  NO.   NAME      VALUE            ERROR          SIZE      DERIVATIVE 
   1  p0           8.16786e+02   1.13264e+01   8.63545e-02  -1.59008e-05
   2  p1           2.61467e+03   1.31524e-02   1.24677e-03   8.12970e-03
   3  p2           1.15965e+00   9.52270e-03   6.77232e-06  -2.30905e-01
   4  p3           5.99667e-01   6.44305e-02   6.03854e-04   1.05789e-03
                               ERR DEF= 0.5
Area_tot = 7956
Area_tot_psa = 1071
Area = 7908
Area_psa = 1067
 FCN=135.875 FROM MIGRAD    STATUS=CONVERGED     272 CALLS         273 TOTAL
                     EDM=1.75571e-09    STRATEGY= 1  ERROR MATRIX UNCERTAINTY   1.5 per cent
  EXT PARAMETER                                   STEP         FIRST   
  NO.   NAME      VALUE            ERROR          SIZE      DERIVATIVE 
   1  p0           1.06421e+02   4.03576e+00   1.12755e-02  -6.20379e-06
   2  p1           2.61475e+03   3.67055e-02   1.96720e-05   1.29462e-03
   3  p2           1.18988e+00   2.70741e-02  -7.54769e-06  -4.42358e-03
   4  p3           9.49861e-03   6.44201e-03   6.44548e-06  -3.58434e-03
                               ERR DEF= 0.5
Calculation of survival fraction background at 2039
Area = 2859
Area_psa = 1272
Calculation of survival fraction background at 2380
Area = 1197
Area_psa = 455
