
[1mRooFit v3.60 -- Developed by Wouter Verkerke and David Kirkby[0m 
                Copyright (C) 2000-2013 NIKHEF, University of California & Stanford University
                All rights reserved, please read http://roofit.sourceforge.net/license.txt

Using file /nfs/gerda6/users/burlac/psd/analysis/run0098-cal_dplms_10.tier.root
Analizing channel 21
Standard analysis 
Total events = 17201607
event n.1000000
event n.2000000
event n.3000000
event n.4000000
event n.5000000
event n.6000000
event n.7000000
event n.8000000
event n.9000000
event n.10000000
event n.11000000
event n.12000000
event n.13000000
event n.14000000
event n.15000000
event n.16000000
event n.17000000
Selected events: 67381
The time to read waveforms: 27.91 s
Initialization of DEP&FEP background  = 9.5
 FCN=109.475 FROM MIGRAD    STATUS=CONVERGED     182 CALLS         183 TOTAL
                     EDM=7.74153e-09    STRATEGY= 1  ERROR MATRIX UNCERTAINTY   2.3 per cent
  EXT PARAMETER                                   STEP         FIRST   
  NO.   NAME      VALUE            ERROR          SIZE      DERIVATIVE 
   1  p0           9.76547e+01   4.73864e+00  -2.07289e-03  -7.78342e-07
   2  p1           1.59334e+03   4.20440e-02  -4.97104e-05  -2.80420e-04
   3  p2           9.76082e-01   3.62290e-02   1.97921e-06  -3.19369e-03
   4  p3           2.56693e+01   2.71349e+00  -1.08930e-03   3.86601e-05
   5  p4           1.62168e+03   1.15440e-01  -1.08585e-04   3.75021e-04
   6  p5           1.06574e+00   1.05401e-01   9.84416e-07   4.16202e-03
   7  p6           8.71178e+00   2.26498e-01  -3.24301e-04  -2.21049e-04
                               ERR DEF= 0.5
mean_aoe = 0.0525
AoE: max = 1.64768 max = 0.101939
 FCN=0.951834 FROM MIGRAD    STATUS=CONVERGED     309 CALLS         310 TOTAL
                     EDM=5.05377e-08    STRATEGY= 1  ERROR MATRIX UNCERTAINTY   2.3 per cent
  EXT PARAMETER                                   STEP         FIRST   
  NO.   NAME      VALUE            ERROR          SIZE      DERIVATIVE 
   1  p0           9.08650e-01   4.55645e-01   2.53284e-04  -2.38778e-04
   2  p1           9.99554e-01   4.25385e-03  -2.76345e-05   7.39062e-03
   3  p2           9.64018e-03   3.19285e-03   1.58501e-04  -3.31558e-03
   4  p3           4.22863e-03   5.20863e-03   1.27671e-05   2.56066e-01
   5  p4           2.62288e-03   3.22736e-03   7.90619e-06  -3.29378e-01
                               ERR DEF= 0.5
Total integral = 807
Bin number = 100  AoE_lowCut = 52 -> 1.03
CutIntegral = 401
SF_dep = 0.496902
sigma_aoe = 0.00964018
Total integral = 807
Bin number = 250  AoE_lowCut = 126 -> 1.004
CutIntegral = 623
SF_dep = 0.771995
sigma_aoe = 0.00964018
Total integral = 807
Bin number = 500  AoE_lowCut = 249 -> 0.994
CutIntegral = 695
SF_dep = 0.861214
sigma_aoe = 0.00964018
Total integral = 807
Bin number = 1000  AoE_lowCut = 495 -> 0.989
CutIntegral = 722
SF_dep = 0.894672
sigma_aoe = 0.00964018
Total integral = 807
Bin number = 1500  AoE_lowCut = 741 -> 0.987333
CutIntegral = 722
SF_dep = 0.894672
sigma_aoe = 0.00964018
Total integral = 807
Bin number = 2000  AoE_lowCut = 987 -> 0.9865
CutIntegral = 728
SF_dep = 0.902107
sigma_aoe = 0.00964018
Total integral = 807
Bin number = 2500  AoE_lowCut = 1233 -> 0.986
CutIntegral = 728
SF_dep = 0.902107
sigma_aoe = 0.00964018
Total integral = 807
Bin number = 3000  AoE_lowCut = 1479 -> 0.985667
CutIntegral = 728
SF_dep = 0.902107
sigma_aoe = 0.00964018
Total integral = 807
Bin number = 3500  AoE_lowCut = 1725 -> 0.985429
CutIntegral = 729
SF_dep = 0.903346
sigma_aoe = 0.00964018
Total integral = 807
Bin number = 4000  AoE_lowCut = 1971 -> 0.98525
CutIntegral = 729
SF_dep = 0.903346
sigma_aoe = 0.00964018
Total integral = 807
Bin number = 4500  AoE_lowCut = 2217 -> 0.985111
CutIntegral = 730
SF_dep = 0.904585
sigma_aoe = 0.00964018
Total integral = 807
Bin number = 5000  AoE_lowCut = 2463 -> 0.985
CutIntegral = 730
SF_dep = 0.904585
sigma_aoe = 0.00964018
Total integral = 807
Bin number = 6000  AoE_lowCut = 2956 -> 0.985167
CutIntegral = 728
SF_dep = 0.902107
sigma_aoe = 0.00964018
Total integral = 807
Bin number = 7000  AoE_lowCut = 3448 -> 0.985
CutIntegral = 729
SF_dep = 0.903346
sigma_aoe = 0.00964018
Total integral = 807
Bin number = 8000  AoE_lowCut = 3940 -> 0.984875
CutIntegral = 729
SF_dep = 0.903346
sigma_aoe = 0.00964018
Total integral = 807
Bin number = 9000  AoE_lowCut = 4432 -> 0.984778
CutIntegral = 730
SF_dep = 0.904585
sigma_aoe = 0.00964018
Total integral = 807
Bin number = 10000  AoE_lowCut = 4924 -> 0.9847
CutIntegral = 730
SF_dep = 0.904585
sigma_aoe = 0.00964018
