
[1mRooFit v3.60 -- Developed by Wouter Verkerke and David Kirkby[0m 
                Copyright (C) 2000-2013 NIKHEF, University of California & Stanford University
                All rights reserved, please read http://roofit.sourceforge.net/license.txt

Using file /nfs/gerda6/users/burlac/psd/analysis/run0098-cal_dplms_10.tier.root
Analizing channel 13
DPLMS analysis with weight 10
Total events = 17201607
event n.1000000
event n.2000000
event n.3000000
event n.4000000
event n.5000000
event n.6000000
event n.7000000
event n.8000000
event n.9000000
event n.10000000
event n.11000000
event n.12000000
event n.13000000
event n.14000000
event n.15000000
event n.16000000
event n.17000000
Selected events: 55429
The time to read waveforms: 31.42 s
Initialization of DEP&FEP background  = 7
 FCN=112.832 FROM MIGRAD    STATUS=CONVERGED     233 CALLS         234 TOTAL
                     EDM=9.66416e-08    STRATEGY= 1      ERROR MATRIX ACCURATE 
  EXT PARAMETER                                   STEP         FIRST   
  NO.   NAME      VALUE            ERROR          SIZE      DERIVATIVE 
   1  p0           7.47587e+01   4.02545e+00   2.33294e-02   5.90524e-05
   2  p1           1.59252e+03   5.12915e-02   7.59372e-04  -8.90908e-04
   3  p2           1.06511e+00   4.56334e-02   2.53636e-05   7.73410e-03
   4  p3           2.46688e+01   2.73077e+00   1.62539e-02  -5.84111e-05
   5  p4           1.62072e+03   1.01810e-01   7.72822e-04  -7.71625e-05
   6  p5           9.46710e-01   8.89191e-02   5.41812e-05  -2.67605e-02
   7  p6           7.42485e+00   2.03678e-01   1.44061e-03   2.38803e-04
                               ERR DEF= 0.5
mean_aoe = 0.1447
AoE: max = 1.35478 max = 0.0784816
 FCN=0.660284 FROM MIGRAD    STATUS=CONVERGED     430 CALLS         431 TOTAL
                     EDM=3.44064e-09    STRATEGY= 1  ERROR MATRIX UNCERTAINTY   3.1 per cent
  EXT PARAMETER                                   STEP         FIRST   
  NO.   NAME      VALUE            ERROR          SIZE      DERIVATIVE 
   1  p0           9.59744e-01   7.59538e-01  -2.01156e-03   5.68187e-05
   2  p1           9.98415e-01   2.69632e-03   1.92937e-06   2.41894e-02
   3  p2           4.17393e-03   2.10691e-03   3.54076e-05   1.57348e-03
   4  p3           3.21037e-03   4.81000e-03   9.98652e-06   1.10981e+00
   5  p4           1.68349e-03   2.51693e-03   5.22449e-06  -2.11882e+00
                               ERR DEF= 0.5
Analysis with a fixed bin for LowCut
Total integral = 658
AoE_lowCut = 1988 -> 0.99375
CutIntegral = 588
SF_dep = 0.893617
sigma_aoe = 0.00417393
 FCN=125.725 FROM MIGRAD    STATUS=CONVERGED     154 CALLS         155 TOTAL
                     EDM=3.24993e-09    STRATEGY= 1  ERROR MATRIX UNCERTAINTY   3.2 per cent
  EXT PARAMETER                                   STEP         FIRST   
  NO.   NAME      VALUE            ERROR          SIZE      DERIVATIVE 
   1  p0           6.08872e+01   3.43552e+00  -2.50500e-03  -1.09820e-05
   2  p1           1.59254e+03   5.33676e-02   8.72710e-06   6.09400e-06
   3  p2           1.11205e+00   4.70077e-02  -2.16394e-06   5.25084e-03
   4  p3           4.94011e+00   1.58643e+00  -4.34236e-04   3.03438e-07
   5  p4           1.62064e+03   2.64966e-01  -6.98940e-05  -3.45329e-05
   6  p5           7.69793e-01   2.20978e-01  -6.13670e-06  -1.24857e-03
   7  p6           3.07881e+00   1.37608e-01  -7.37937e-05   3.02701e-04
                               ERR DEF= 0.5
AreaDEP_tot = 935
Area_DEP_tot_psa = 688
AreaDEP = 657
Area_DEP_psa = 556
Area_FEP_tot = 444
Area_FEP_tot_psa = 148
Area_FEP = 208
Area_FEP_psa = 35
Calculation of AoE vs E correction
 FCN=115.443 FROM MIGRAD    STATUS=CONVERGED     962 CALLS         963 TOTAL
                     EDM=2.24419e-08    STRATEGY= 1  ERROR MATRIX UNCERTAINTY   3.1 per cent
  EXT PARAMETER                                   STEP         FIRST   
  NO.   NAME      VALUE            ERROR          SIZE      DERIVATIVE 
   1  p0           6.87535e+01   3.74346e+00  -4.95887e-05   1.08319e-03
   2  p1           9.98130e-01   3.75737e-04  -2.54483e-07   3.71690e-03
   3  p2           7.58667e-03   3.69465e-04  -1.70129e-06   2.98706e-03
   4  p3           1.17623e+01   9.34900e-01  -1.94048e-04  -1.35658e-06
   5  p4           7.90559e+00   6.40225e-01  -5.93818e-04  -1.09543e-04
   6  p5           1.00456e+00   5.05680e-03   7.38102e-07  -2.22085e-02
   7  p6          -6.36720e-11   1.60261e-02   9.25915e-05** at limit **
   8  p7           1.62911e-02   1.78651e-03   3.74875e-06  -2.64593e-03
                               ERR DEF= 0.5
 FCN=108.993 FROM MIGRAD    STATUS=CONVERGED    1242 CALLS        1243 TOTAL
                     EDM=3.48782e-07    STRATEGY= 1      ERROR MATRIX ACCURATE 
  EXT PARAMETER                                   STEP         FIRST   
  NO.   NAME      VALUE            ERROR          SIZE      DERIVATIVE 
   1  p0           7.75293e+01   4.00733e+00   8.42318e-04  -1.38389e-03
   2  p1           9.98435e-01   3.07637e-04   1.10556e-04   1.16753e-02
   3  p2           6.77478e-03   2.81152e-04   2.27766e-04   4.85269e-04
   4  p3           9.36971e+00   7.67733e-01   3.05703e-03   1.56976e-04
   5  p4           8.04741e+00   8.19866e-01   2.59405e-03   5.07501e-04
   6  p5           9.96484e-01   8.54434e-03   2.66201e-05   9.51938e-02
   7  p6          -4.51811e-09   9.02727e-02   4.39778e-03** at limit **
   8  p7           2.24353e-02   2.68019e-03   3.03034e-04   1.04219e-02
                               ERR DEF= 0.5
 FCN=120.965 FROM MIGRAD    STATUS=CONVERGED     966 CALLS         967 TOTAL
                     EDM=1.07076e-07    STRATEGY= 1  ERROR MATRIX UNCERTAINTY   4.6 per cent
  EXT PARAMETER                                   STEP         FIRST   
  NO.   NAME      VALUE            ERROR          SIZE      DERIVATIVE 
   1  p0           6.10530e+01   3.56503e+00  -9.81627e-05   2.92238e-04
   2  p1           9.98316e-01   3.51758e-04   3.61499e-05   2.69160e-04
   3  p2           6.58115e-03   3.16084e-04  -5.77144e-05   9.78525e-04
   4  p3           8.68799e+00   7.61213e-01   9.64237e-04  -3.86526e-04
   5  p4           8.88697e+00   8.52233e-01  -1.44264e-03   5.35119e-04
   6  p5           9.97786e-01   7.23440e-03   5.11995e-06   9.11029e-02
   7  p6          -5.34994e-12   1.22221e-02  -1.19692e-03** at limit **
   8  p7           1.93808e-02   2.29760e-03   6.99538e-05   8.08471e-03
                               ERR DEF= 0.5
 FCN=118.31 FROM MIGRAD    STATUS=CONVERGED    1034 CALLS        1035 TOTAL
                     EDM=6.77772e-07    STRATEGY= 1  ERROR MATRIX UNCERTAINTY   6.7 per cent
  EXT PARAMETER                                   STEP         FIRST   
  NO.   NAME      VALUE            ERROR          SIZE      DERIVATIVE 
   1  p0           7.31384e+01   4.27131e+00  -1.98008e-03  -3.83385e-03
   2  p1           9.98271e-01   3.08249e-04   9.56109e-05   3.97136e-02
   3  p2           5.96484e-03   3.08869e-04   4.28154e-04  -9.54979e-03
   4  p3           7.43663e+00   7.02678e-01   6.67437e-03  -1.36602e-03
   5  p4           7.66328e+00   8.25703e-01   6.71155e-03   2.98384e-04
   6  p5           1.00381e+00   7.50743e-03  -5.75313e-05  -4.42224e-02
   7  p6          -1.88359e-09   2.71521e-02  -1.90517e-03** at limit **
   8  p7           2.19017e-02   2.72275e-03   2.02988e-04  -7.61102e-03
                               ERR DEF= 0.5
 FCN=130.727 FROM MIGRAD    STATUS=CONVERGED    1033 CALLS        1034 TOTAL
                     EDM=1.469e-07    STRATEGY= 1  ERROR MATRIX UNCERTAINTY   1.9 per cent
  EXT PARAMETER                                   STEP         FIRST   
  NO.   NAME      VALUE            ERROR          SIZE      DERIVATIVE 
   1  p0           7.67750e+01   4.71200e+00  -2.43210e-04  -1.53400e-03
   2  p1           9.97471e-01   2.97055e-04   7.99121e-06   1.06985e-02
   3  p2           5.26557e-03   2.94983e-04  -6.68478e-05  -1.16619e-03
   4  p3           1.01825e+01   8.39691e-01  -1.88367e-05  -6.51501e-04
   5  p4           9.80031e+00   7.59073e-01  -5.66819e-04   9.99629e-04
   6  p5           9.99973e-01   5.09924e-03   3.73203e-06   3.65140e-02
   7  p6          -1.09431e-09   6.10240e-03  -1.14097e-04** at limit **
   8  p7           1.68285e-02   1.77101e-03  -4.74914e-05  -2.83928e-03
                               ERR DEF= 0.5
 FCN=123.896 FROM MIGRAD    STATUS=CONVERGED    1280 CALLS        1281 TOTAL
                     EDM=1.82694e-07    STRATEGY= 1      ERROR MATRIX ACCURATE 
  EXT PARAMETER                                   STEP         FIRST   
  NO.   NAME      VALUE            ERROR          SIZE      DERIVATIVE 
   1  p0           7.00942e+01   4.48721e+00   1.12488e-03  -1.01096e-03
   2  p1           9.97643e-01   2.88007e-04   1.11012e-04  -7.37119e-03
   3  p2           5.15959e-03   2.85785e-04   7.70404e-04  -2.27999e-03
   4  p3           8.29131e+00   7.57010e-01   3.19487e-03  -6.62118e-04
   5  p4           8.90546e+00   8.44717e-01   3.15255e-03   7.30251e-04
   6  p5           1.00390e+00   6.29910e-03   2.52481e-05   1.75645e-03
   7  p6          -7.28438e-10   6.89444e-02   4.09869e-03** at limit **
   8  p7           1.77350e-02   2.17610e-03   3.29227e-04  -5.51668e-04
                               ERR DEF= 0.5
 FCN=117.754 FROM MIGRAD    STATUS=CONVERGED    1130 CALLS        1131 TOTAL
                     EDM=9.17332e-08    STRATEGY= 1      ERROR MATRIX ACCURATE 
  EXT PARAMETER                                   STEP         FIRST   
  NO.   NAME      VALUE            ERROR          SIZE      DERIVATIVE 
   1  p0           6.96761e+01   4.42181e+00   1.06418e-03  -6.55211e-04
   2  p1           9.96773e-01   2.91325e-04   1.08149e-04   1.70675e-04
   3  p2           5.16694e-03   2.72400e-04   7.16169e-04  -3.29677e-04
   4  p3           8.54579e+00   7.32048e-01   3.12201e-03  -2.84241e-04
   5  p4           9.03930e+00   8.73362e-01   3.10866e-03   4.17788e-04
   6  p5           9.93849e-01   7.06798e-03   2.69558e-05   6.62593e-02
   7  p6          -2.59044e-11   2.07064e-02   2.16583e-03** at limit **
   8  p7           2.16702e-02   2.31416e-03   3.14785e-04   1.94046e-03
                               ERR DEF= 0.5
 FCN=137.6 FROM MIGRAD    STATUS=CONVERGED    1154 CALLS        1155 TOTAL
                     EDM=8.10981e-07    STRATEGY= 1  ERROR MATRIX UNCERTAINTY   2.9 per cent
  EXT PARAMETER                                   STEP         FIRST   
  NO.   NAME      VALUE            ERROR          SIZE      DERIVATIVE 
   1  p0           8.23182e+01   3.94516e+00   4.79230e-04  -4.10347e-04
   2  p1           9.96660e-01   2.58618e-04   3.49147e-05   2.88299e-04
   3  p2           5.00000e-03   7.64879e-05   3.94165e-05** at limit **
   4  p3           1.22069e+01   9.00319e-01   2.17896e-03   7.02985e-04
   5  p4           1.21654e+01   8.11537e-01   3.18137e-03  -1.74435e-03
   6  p5           9.93016e-01   4.63973e-03  -1.23760e-05  -2.32534e-01
   7  p6          -2.98434e-09   2.14341e-03  -2.12183e-04** at limit **
   8  p7           1.87345e-02   1.44562e-03  -4.62116e-05  -1.62658e-02
                               ERR DEF= 0.5
 FCN=132.647 FROM MIGRAD    STATUS=CONVERGED    1151 CALLS        1152 TOTAL
                     EDM=4.26752e-07    STRATEGY= 1      ERROR MATRIX ACCURATE 
  EXT PARAMETER                                   STEP         FIRST   
  NO.   NAME      VALUE            ERROR          SIZE      DERIVATIVE 
   1  p0           7.77092e+01   3.87713e+00   1.11326e-03   1.09756e-03
   2  p1           9.96125e-01   2.67697e-04   1.08104e-04   2.84908e-02
   3  p2           5.00000e-03   7.17862e-05   8.54497e-04** at limit **
   4  p3           1.20626e+01   8.79538e-01   4.32202e-03   1.78705e-04
   5  p4           1.13773e+01   8.52481e-01   3.43653e-03  -3.70747e-04
   6  p5           9.90413e-01   5.00027e-03   2.19215e-05   6.31233e-02
   7  p6          -3.41138e-10   6.04009e-03   1.23872e-03** at limit **
   8  p7           1.79665e-02   1.49898e-03   2.55690e-04   7.38594e-03
                               ERR DEF= 0.5
 FCN=129.105 FROM MIGRAD    STATUS=CONVERGED    1238 CALLS        1239 TOTAL
                     EDM=3.23935e-08    STRATEGY= 1  ERROR MATRIX UNCERTAINTY   2.4 per cent
  EXT PARAMETER                                   STEP         FIRST   
  NO.   NAME      VALUE            ERROR          SIZE      DERIVATIVE 
   1  p0           6.96811e+01   3.81648e+00  -4.76604e-05   4.88863e-04
   2  p1           9.96154e-01   2.99940e-04   4.93013e-06   1.14176e-03
   3  p2           5.00000e-03   8.06144e-05   4.62723e-05** at limit **
   4  p3           1.39478e+01   1.02567e+00  -2.57390e-04   1.32078e-04
   5  p4           1.28296e+01   8.62989e-01   1.50930e-04  -1.74881e-05
   6  p5           9.96632e-01   4.14842e-03  -8.03713e-06  -2.17040e-02
   7  p6          -1.77569e-12   3.05080e-03  -2.00757e-04** at limit **
   8  p7           1.50505e-02   1.29683e-03   3.19025e-05  -3.98149e-03
                               ERR DEF= 0.5
 FCN=97.3796 FROM MIGRAD    STATUS=CONVERGED    1176 CALLS        1177 TOTAL
                     EDM=4.12563e-08    STRATEGY= 1  ERROR MATRIX UNCERTAINTY   3.5 per cent
  EXT PARAMETER                                   STEP         FIRST   
  NO.   NAME      VALUE            ERROR          SIZE      DERIVATIVE 
   1  p0           7.08697e+01   3.80738e+00  -9.40051e-06  -8.09821e-05
   2  p1           9.95541e-01   2.78155e-04   1.87164e-06  -1.01699e-02
   3  p2           5.00000e-03   5.03123e-05   5.23132e-05** at limit **
   4  p3           1.44948e+01   8.82748e-01  -5.02566e-04  -2.19777e-04
   5  p4           1.34247e+01   8.53839e-01  -8.85479e-04   1.44512e-05
   6  p5           9.90127e-01   3.98444e-03   4.98775e-06  -9.72396e-03
   7  p6          -1.24183e-11   3.70536e-03  -8.23243e-06** at limit **
   8  p7           1.37880e-02   1.14292e-03  -1.02841e-05   2.19609e-03
                               ERR DEF= 0.5
 FCN=119.213 FROM MIGRAD    STATUS=CONVERGED    1453 CALLS        1454 TOTAL
                     EDM=9.24812e-09    STRATEGY= 1  ERROR MATRIX UNCERTAINTY   2.6 per cent
  EXT PARAMETER                                   STEP         FIRST   
  NO.   NAME      VALUE            ERROR          SIZE      DERIVATIVE 
   1  p0           7.87216e+01   3.88161e+00   1.05816e-04   5.69155e-04
   2  p1           9.95551e-01   2.64869e-04   7.68694e-06   1.86649e-03
   3  p2           5.00000e-03   1.29871e-04  -1.02379e-04** at limit **
   4  p3           1.23828e+01   9.15814e-01  -5.30437e-04   9.31498e-05
   5  p4           1.27074e+01   9.00730e-01  -4.50712e-04  -1.44125e-04
   6  p5           9.87757e-01   4.37150e-03   4.06225e-06  -1.99760e-02
   7  p6          -5.34639e-12   4.25949e-03   3.90166e-05** at limit **
   8  p7           1.64002e-02   1.30887e-03  -2.68328e-05   2.93294e-04
                               ERR DEF= 0.5
 FCN=126.466 FROM MIGRAD    STATUS=CONVERGED    1319 CALLS        1320 TOTAL
                     EDM=1.03659e-08    STRATEGY= 1  ERROR MATRIX UNCERTAINTY   2.9 per cent
  EXT PARAMETER                                   STEP         FIRST   
  NO.   NAME      VALUE            ERROR          SIZE      DERIVATIVE 
   1  p0           9.19902e+01   4.21796e+00  -6.44983e-05   1.22989e-04
   2  p1           9.95188e-01   2.46984e-04  -2.16806e-06   8.42274e-05
   3  p2           5.00000e-03   5.16431e-05  -6.12511e-05** at limit **
   4  p3           1.38285e+01   1.00296e+00   5.34789e-04   1.17700e-05
   5  p4           1.45769e+01   1.01158e+00   1.03035e-03  -7.11103e-05
   6  p5           9.88003e-01   4.86908e-03  -4.70148e-06  -1.39726e-02
   7  p6          -2.18980e-12   2.50243e-03   4.95372e-05** at limit **
   8  p7           1.76896e-02   1.34829e-03  -7.38291e-06  -3.55097e-03
                               ERR DEF= 0.5
 FCN=148.647 FROM MIGRAD    STATUS=CONVERGED    1336 CALLS        1337 TOTAL
                     EDM=3.43727e-07    STRATEGY= 1  ERROR MATRIX UNCERTAINTY   7.8 per cent
  EXT PARAMETER                                   STEP         FIRST   
  NO.   NAME      VALUE            ERROR          SIZE      DERIVATIVE 
   1  p0           9.77876e+01   4.52404e+00   9.64300e-04  -1.06047e-03
   2  p1           9.94778e-01   2.35873e-04  -6.75934e-05  -2.33078e-02
   3  p2           5.00000e-03   3.49115e-05  -1.56872e-04** at limit **
   4  p3           1.61684e+01   1.13899e+00   1.62631e-02  -1.97240e-05
   5  p4           1.36821e+01   8.41853e-01   1.83148e-02   2.54054e-04
   6  p5           9.95694e-01   3.37811e-03  -3.81436e-05   1.89782e-01
   7  p6          -2.07477e-10   1.62211e-03   3.80324e-04** at limit **
   8  p7           1.43057e-02   1.09312e-03   3.92309e-05   3.09220e-03
                               ERR DEF= 0.5
 FCN=140.647 FROM MIGRAD    STATUS=CONVERGED    1476 CALLS        1477 TOTAL
                     EDM=9.31468e-07    STRATEGY= 1  ERROR MATRIX UNCERTAINTY   2.3 per cent
  EXT PARAMETER                                   STEP         FIRST   
  NO.   NAME      VALUE            ERROR          SIZE      DERIVATIVE 
   1  p0           1.03419e+02   4.39912e+00  -1.25590e-03  -5.61533e-03
   2  p1           9.95050e-01   2.22924e-04   5.38507e-05   4.06175e-02
   3  p2           5.00000e-03   2.47493e-05   2.71457e-04** at limit **
   4  p3           1.63306e+01   1.04313e+00   6.57922e-03  -1.55983e-03
   5  p4           1.44757e+01   9.01248e-01   1.25675e-03   1.07064e-03
   6  p5           9.88677e-01   3.84763e-03  -3.30283e-06  -7.37095e-02
   7  p6          -2.21672e-11   1.50242e-03  -6.71372e-04** at limit **
   8  p7           1.56793e-02   1.07050e-03  -1.53213e-04  -8.28392e-03
                               ERR DEF= 0.5
 FCN=164.491 FROM MIGRAD    STATUS=CONVERGED    1308 CALLS        1309 TOTAL
                     EDM=6.15601e-08    STRATEGY= 1  ERROR MATRIX UNCERTAINTY   3.5 per cent
  EXT PARAMETER                                   STEP         FIRST   
  NO.   NAME      VALUE            ERROR          SIZE      DERIVATIVE 
   1  p0           1.28110e+02   4.99525e+00   1.98103e-04  -4.14291e-04
   2  p1           9.94190e-01   2.12856e-04   3.54660e-06   1.21787e-02
   3  p2           5.00000e-03   1.13041e-04  -6.74855e-05** at limit **
   4  p3           1.76073e+01   1.18125e+00   9.59223e-04   1.13453e-04
   5  p4           1.44071e+01   8.57365e-01   1.15585e-03   2.07715e-05
   6  p5           9.93031e-01   3.35566e-03  -3.61053e-06   2.62219e-02
   7  p6          -9.71934e-12   1.63715e-03   6.76832e-05** at limit **
   8  p7           1.47801e-02   1.07935e-03   2.54857e-05  -7.79606e-04
                               ERR DEF= 0.5

****************************************
Minimizer is Linear
Chi2                      =      15.3398
NDf                       =           14
p0                        =      1.00159   +/-   0.00028793  
p1                        = -2.98623e-06   +/-   1.54011e-07 
Calculation of survival fraction for 2104
 FCN=133.524 FROM MIGRAD    STATUS=CONVERGED     102 CALLS         103 TOTAL
                     EDM=1.36189e-07    STRATEGY= 1      ERROR MATRIX ACCURATE 
  EXT PARAMETER                                   STEP         FIRST   
  NO.   NAME      VALUE            ERROR          SIZE      DERIVATIVE 
   1  p0           4.23426e+01   2.80005e+00   1.74414e-02   1.08596e-04
   2  p1           2.10361e+03   8.71985e-02   1.00308e-03   2.15103e-03
   3  p2           1.43157e+00   8.40019e-02   4.33897e-05   5.20172e-02
   4  p3           7.80927e+00   1.74847e-01   1.36374e-03   9.71560e-04
                               ERR DEF= 0.5
Area_tot = 880
Area_tot_psa = 221
Area = 478
Area_psa = 42
 FCN=150.377 FROM MIGRAD    STATUS=CONVERGED     100 CALLS         101 TOTAL
                     EDM=4.25536e-08    STRATEGY= 1      ERROR MATRIX ACCURATE 
  EXT PARAMETER                                   STEP         FIRST   
  NO.   NAME      VALUE            ERROR          SIZE      DERIVATIVE 
   1  p0           5.85230e+00   1.37442e+00   9.55763e-03   6.02790e-05
   2  p1           2.10354e+03   2.79041e-01   2.29453e-03  -4.18999e-04
   3  p2           1.12956e+00   2.42831e-01   1.55360e-04   7.63919e-03
   4  p3           3.40944e+00   1.16605e-01   9.68441e-04   1.30150e-03
                               ERR DEF= 0.5
Calculation of survival fraction for 2614.5
 FCN=122.656 FROM MIGRAD    STATUS=CONVERGED     276 CALLS         277 TOTAL
                     EDM=1.8331e-08    STRATEGY= 1      ERROR MATRIX ACCURATE 
  EXT PARAMETER                                   STEP         FIRST   
  NO.   NAME      VALUE            ERROR          SIZE      DERIVATIVE 
   1  p0           3.44553e+02   7.23447e+00   4.48305e-02   2.01542e-06
   2  p1           2.61465e+03   2.08025e-02   1.24676e-03  -5.35068e-04
   3  p2           1.21145e+00   1.53088e-02   8.65437e-06   2.89416e-03
   4  p3           1.24327e-01   3.25430e-02   2.48912e-04   4.12570e-03
                               ERR DEF= 0.5
Area_tot = 3517
Area_tot_psa = 681
Area = 3484
Area_psa = 679
 FCN=150.874 FROM MIGRAD    STATUS=CONVERGED     133 CALLS         134 TOTAL
                     EDM=1.39277e-10    STRATEGY= 1  ERROR MATRIX UNCERTAINTY   2.0 per cent
  EXT PARAMETER                                   STEP         FIRST   
  NO.   NAME      VALUE            ERROR          SIZE      DERIVATIVE 
   1  p0           6.61122e+01   3.17553e+00  -1.44622e-03  -1.56265e-06
   2  p1           2.61483e+03   4.78763e-02   6.73196e-05  -1.04564e-04
   3  p2           1.20592e+00   3.46508e-02   1.73856e-06  -2.82891e-03
   4  p3           7.93727e-03   5.65104e-03   5.65834e-06   2.27307e-03
                               ERR DEF= 0.5
Calculation of survival fraction background at 2039
Area = 1770
Area_psa = 819
Calculation of survival fraction background at 2350
Area = 3486
Area_psa = 1608
