
[1mRooFit v3.60 -- Developed by Wouter Verkerke and David Kirkby[0m 
                Copyright (C) 2000-2013 NIKHEF, University of California & Stanford University
                All rights reserved, please read http://roofit.sourceforge.net/license.txt

Using file /nfs/gerda6/users/burlac/psd/analysis/run0098-cal_dplms.tier.root
Analizing channel 33
DPLMS analysis 
Total events = 17201607
event n.1000000
event n.2000000
event n.3000000
event n.4000000
event n.5000000
event n.6000000
event n.7000000
event n.8000000
event n.9000000
event n.10000000
event n.11000000
event n.12000000
event n.13000000
event n.14000000
event n.15000000
event n.16000000
event n.17000000
Selected events: 107733
The time to read waveforms: 31.69 s
Initialization of DEP&FEP background  = 13.5
 FCN=130.865 FROM MIGRAD    STATUS=CONVERGED     230 CALLS         231 TOTAL
                     EDM=5.4823e-07    STRATEGY= 1      ERROR MATRIX ACCURATE 
  EXT PARAMETER                                   STEP         FIRST   
  NO.   NAME      VALUE            ERROR          SIZE      DERIVATIVE 
   1  p0           1.30386e+02   5.58917e+00   3.52241e-02   7.82569e-06
   2  p1           1.59262e+03   3.65848e-02   7.59420e-04   1.14634e-02
   3  p2           9.51178e-01   3.15715e-02   2.03039e-05   5.17143e-02
   4  p3           5.75670e+01   3.96976e+00   2.50487e-02   1.38502e-04
   5  p4           1.62087e+03   6.50106e-02   7.72891e-04   2.17643e-03
   6  p5           9.93814e-01   5.91252e-02   3.72065e-05   9.66392e-02
   7  p6           1.40308e+01   2.73785e-01   2.08901e-03   1.48261e-03
                               ERR DEF= 0.5
mean_aoe = 0.1443
AoE: max = 1.41695 max = 0.133374
 FCN=0.713885 FROM MIGRAD    STATUS=CONVERGED     359 CALLS         360 TOTAL
                     EDM=1.77857e-07    STRATEGY= 1  ERROR MATRIX UNCERTAINTY   1.6 per cent
  EXT PARAMETER                                   STEP         FIRST   
  NO.   NAME      VALUE            ERROR          SIZE      DERIVATIVE 
   1  p0           9.94726e-01   6.89313e-01  -2.22125e-06  -9.24249e-04
   2  p1           1.00086e+00   2.94529e-03  -1.32217e-05  -9.41198e-02
   3  p2           5.09160e-03   2.30954e-03   6.24561e-05  -1.13396e-02
   4  p3           2.15693e-03   3.68875e-03   1.57608e-05   7.03010e-01
   5  p4           1.81318e-03   3.09706e-03   1.32323e-05  -8.84687e-01
                               ERR DEF= 0.5
Total integral = 1016
AoE_lowCut = 1495 -> 0.996333
CutIntegral = 917
SF_dep = 0.902559
sigma_aoe = 0.0050916
 FCN=95.9719 FROM MIGRAD    STATUS=CONVERGED     189 CALLS         190 TOTAL
                     EDM=1.79948e-07    STRATEGY= 1      ERROR MATRIX ACCURATE 
  EXT PARAMETER                                   STEP         FIRST   
  NO.   NAME      VALUE            ERROR          SIZE      DERIVATIVE 
   1  p0           1.06370e+02   4.74309e+00   2.58054e-02  -1.65524e-05
   2  p1           1.59263e+03   3.83689e-02   7.59425e-04  -4.43241e-03
   3  p2           9.84283e-01   3.13003e-02   1.71015e-05  -7.23415e-02
   4  p3           7.13701e+00   1.68697e+00   9.18576e-03   1.08532e-05
   5  p4           1.62101e+03   2.98405e-01   1.91084e-03  -3.39293e-04
   6  p5           1.15505e+00   2.74084e-01   1.32533e-04  -5.50294e-03
   7  p6           5.86198e+00   1.83150e-01   1.18579e-03   1.36442e-03
                               ERR DEF= 0.5
AreaDEP_tot = 1478
Area_DEP_tot_psa = 1066
AreaDEP = 1009
Area_DEP_psa = 847
Area_FEP_tot = 943
Area_FEP_tot_psa = 275
Area_FEP = 447
Area_FEP_psa = 41
Calculation of AoE vs E correction
 FCN=130.396 FROM MIGRAD    STATUS=CONVERGED     955 CALLS         956 TOTAL
                     EDM=9.57553e-09    STRATEGY= 1  ERROR MATRIX UNCERTAINTY   1.1 per cent
  EXT PARAMETER                                   STEP         FIRST   
  NO.   NAME      VALUE            ERROR          SIZE      DERIVATIVE 
   1  p0           1.37367e+02   5.36262e+00   1.20322e-04   5.24034e-04
   2  p1           1.00013e+00   2.58092e-04  -9.68443e-06   4.90261e-03
   3  p2           7.20721e-03   2.43532e-04  -4.31915e-05   3.95720e-03
   4  p3           2.71211e+01   1.40726e+00  -5.20939e-04  -9.71719e-06
   5  p4           8.94386e+00   4.55348e-01  -1.14076e-04   9.83237e-05
   6  p5           1.00186e+00   3.41299e-03  -6.49322e-07   1.38871e-02
   7  p6          -1.29512e-11   5.03268e-03  -1.60627e-04** at limit **
   8  p7           1.52062e-02   1.09741e-03   1.04382e-05  -2.12224e-03
                               ERR DEF= 0.5
 FCN=117.632 FROM MIGRAD    STATUS=CONVERGED     947 CALLS         948 TOTAL
                     EDM=5.07244e-07    STRATEGY= 1  ERROR MATRIX UNCERTAINTY   2.7 per cent
  EXT PARAMETER                                   STEP         FIRST   
  NO.   NAME      VALUE            ERROR          SIZE      DERIVATIVE 
   1  p0           1.22977e+02   5.21327e+00  -1.26246e-04   1.91177e-03
   2  p1           1.00126e+00   2.65275e-04   9.25548e-06   2.65665e-02
   3  p2           6.75180e-03   2.45115e-04   5.73512e-06  -1.46109e-03
   4  p3           2.38721e+01   1.30196e+00   9.91685e-05  -9.77206e-04
   5  p4           9.55235e+00   5.15828e-01   7.21539e-04   3.00860e-03
   6  p5           9.99528e-01   3.93479e-03  -3.17344e-06   1.67095e-01
   7  p6          -9.57750e-10   8.71711e-03   8.69163e-04** at limit **
   8  p7           1.57493e-02   1.22990e-03   9.18911e-06  -1.17322e-04
                               ERR DEF= 0.5
 FCN=136.854 FROM MIGRAD    STATUS=CONVERGED    1007 CALLS        1008 TOTAL
                     EDM=2.37179e-08    STRATEGY= 1  ERROR MATRIX UNCERTAINTY   1.9 per cent
  EXT PARAMETER                                   STEP         FIRST   
  NO.   NAME      VALUE            ERROR          SIZE      DERIVATIVE 
   1  p0           1.40345e+02   5.74611e+00   6.62749e-04   4.22604e-04
   2  p1           1.00081e+00   2.24447e-04  -3.71186e-05  -9.66193e-05
   3  p2           6.04363e-03   1.93889e-04  -1.18982e-04   1.75175e-03
   4  p3           2.12025e+01   1.19439e+00   1.44500e-03  -2.30730e-04
   5  p4           1.05685e+01   5.71987e-01  -8.38765e-04   4.55667e-04
   6  p5           9.97105e-01   3.43391e-03   1.15571e-05   4.48017e-02
   7  p6          -2.44871e-11   5.35603e-03  -4.78396e-04** at limit **
   8  p7           1.32323e-02   1.05438e-03  -8.35260e-05   1.74037e-03
                               ERR DEF= 0.5
 FCN=131.702 FROM MIGRAD    STATUS=CONVERGED    1022 CALLS        1023 TOTAL
                     EDM=4.34941e-07    STRATEGY= 1  ERROR MATRIX UNCERTAINTY   2.4 per cent
  EXT PARAMETER                                   STEP         FIRST   
  NO.   NAME      VALUE            ERROR          SIZE      DERIVATIVE 
   1  p0           1.39076e+02   5.64797e+00   1.02247e-04   6.54319e-03
   2  p1           1.00038e+00   2.21011e-04   2.38426e-05   1.14453e-02
   3  p2           5.98946e-03   1.99690e-04  -1.98861e-05   8.33610e-05
   4  p3           1.76811e+01   1.11799e+00  -6.84908e-03  -2.33409e-04
   5  p4           1.00407e+01   5.95576e-01  -5.99813e-05   3.51121e-04
   6  p5           9.96298e-01   3.92027e-03  -4.83640e-05   5.39154e-02
   7  p6          -7.55218e-10   5.32161e-03  -2.81034e-04** at limit **
   8  p7           1.41723e-02   1.19770e-03   4.81784e-04   1.55447e-03
                               ERR DEF= 0.5
 FCN=124.091 FROM MIGRAD    STATUS=CONVERGED    1036 CALLS        1037 TOTAL
                     EDM=5.93324e-08    STRATEGY= 1  ERROR MATRIX UNCERTAINTY   1.9 per cent
  EXT PARAMETER                                   STEP         FIRST   
  NO.   NAME      VALUE            ERROR          SIZE      DERIVATIVE 
   1  p0           1.35967e+02   5.72809e+00   2.91792e-05  -3.58158e-04
   2  p1           9.99912e-01   2.34189e-04   2.76296e-05   9.62934e-03
   3  p2           5.88783e-03   2.28251e-04  -5.12389e-05   2.24424e-03
   4  p3           2.01088e+01   1.29058e+00   7.79782e-04   6.51477e-05
   5  p4           1.14159e+01   6.19051e-01   8.57143e-04  -4.25011e-04
   6  p5           9.97527e-01   3.80826e-03   3.45207e-06  -6.04610e-02
   7  p6          -6.24914e-10   8.48358e-03   2.75738e-04** at limit **
   8  p7           1.32005e-02   1.14826e-03  -2.10610e-05  -1.29122e-03
                               ERR DEF= 0.5
 FCN=113.101 FROM MIGRAD    STATUS=CONVERGED    1023 CALLS        1024 TOTAL
                     EDM=9.22069e-08    STRATEGY= 1  ERROR MATRIX UNCERTAINTY   1.4 per cent
  EXT PARAMETER                                   STEP         FIRST   
  NO.   NAME      VALUE            ERROR          SIZE      DERIVATIVE 
   1  p0           1.31577e+02   6.19154e+00  -3.06866e-04   2.18974e-03
   2  p1           1.00018e+00   2.20739e-04  -7.45891e-05   2.94086e-02
   3  p2           5.08457e-03   2.14352e-04   7.61767e-04   1.67086e-03
   4  p3           2.38702e+01   1.41589e+00  -2.79326e-03   9.62011e-05
   5  p4           1.25628e+01   5.98353e-01  -1.94846e-03  -2.04769e-05
   6  p5           9.99807e-01   2.74660e-03   3.82631e-06   6.15309e-03
   7  p6          -4.94937e-13   3.30460e-03  -2.20880e-04** at limit **
   8  p7           1.02343e-02   8.50516e-04   1.06687e-05  -2.80614e-03
                               ERR DEF= 0.5
 FCN=125.706 FROM MIGRAD    STATUS=CONVERGED    1045 CALLS        1046 TOTAL
                     EDM=4.76712e-07    STRATEGY= 1  ERROR MATRIX UNCERTAINTY   2.6 per cent
  EXT PARAMETER                                   STEP         FIRST   
  NO.   NAME      VALUE            ERROR          SIZE      DERIVATIVE 
   1  p0           1.35327e+02   5.04624e+00   1.26852e-04   3.67776e-03
   2  p1           9.99724e-01   1.98774e-04   1.03902e-05   2.48912e-02
   3  p2           5.00000e-03   3.67213e-05  -7.45112e-05** at limit **
   4  p3           1.87467e+01   1.08892e+00   9.63834e-04   4.46833e-04
   5  p4           1.08913e+01   6.04076e-01   2.80332e-03  -5.79831e-04
   6  p5           9.98901e-01   3.18951e-03   1.46983e-07   2.25619e-01
   7  p6          -1.77272e-10   4.11407e-03   2.66335e-04** at limit **
   8  p7           1.25140e-02   1.04310e-03   1.98649e-05   1.74365e-02
                               ERR DEF= 0.5
 FCN=137.148 FROM MIGRAD    STATUS=CONVERGED    1480 CALLS        1481 TOTAL
                     EDM=1.3226e-06    STRATEGY= 1      ERROR MATRIX ACCURATE 
  EXT PARAMETER                                   STEP         FIRST   
  NO.   NAME      VALUE            ERROR          SIZE      DERIVATIVE 
   1  p0           1.36998e+02   5.32683e+00   8.36389e-04  -3.26503e-03
   2  p1           9.98885e-01   2.04209e-04   8.14247e-05  -3.69669e-02
   3  p2           5.00000e-03   6.08855e-05   8.00649e-04** at limit **
   4  p3           2.55914e+01   1.41717e+00   7.36146e-03  -5.33483e-05
   5  p4           1.48137e+01   6.96280e-01   3.19635e-03  -6.49753e-05
   6  p5           9.92222e-01   2.54745e-03   1.29779e-05  -1.65413e-01
   7  p6          -2.62625e-11   1.35330e-03   5.96008e-04** at limit **
   8  p7           1.11926e-02   7.58784e-04   2.00024e-04   7.73790e-03
                               ERR DEF= 0.5
 FCN=148.592 FROM MIGRAD    STATUS=CONVERGED    1464 CALLS        1465 TOTAL
                     EDM=8.65437e-08    STRATEGY= 1  ERROR MATRIX UNCERTAINTY   2.4 per cent
  EXT PARAMETER                                   STEP         FIRST   
  NO.   NAME      VALUE            ERROR          SIZE      DERIVATIVE 
   1  p0           1.35381e+02   5.40614e+00   3.33316e-06  -1.93496e-03
   2  p1           9.98861e-01   2.01820e-04  -6.00598e-06   7.22961e-03
   3  p2           5.00000e-03   2.13848e-05  -1.03640e-04** at limit **
   4  p3           3.15562e+01   1.55905e+00   1.22870e-03   4.54019e-05
   5  p4           1.55793e+01   6.48586e-01  -1.99585e-04  -5.24905e-04
   6  p5           9.92015e-01   2.20909e-03   7.55015e-07  -2.00576e-01
   7  p6          -1.63559e-11   9.58704e-04  -8.05268e-05** at limit **
   8  p7           1.15182e-02   6.71740e-04   3.96342e-06  -4.90865e-03
                               ERR DEF= 0.5
 FCN=151.187 FROM MIGRAD    STATUS=CONVERGED    1094 CALLS        1095 TOTAL
                     EDM=1.25152e-08    STRATEGY= 1  ERROR MATRIX UNCERTAINTY   1.2 per cent
  EXT PARAMETER                                   STEP         FIRST   
  NO.   NAME      VALUE            ERROR          SIZE      DERIVATIVE 
   1  p0           1.53722e+02   4.91988e+00   5.87646e-05  -6.32962e-04
   2  p1           9.98707e-01   1.89397e-04   6.69090e-06   1.57650e-03
   3  p2           5.00000e-03   1.69603e-05   2.76785e-05** at limit **
   4  p3           2.97623e+01   1.46737e+00   1.70807e-04  -4.37304e-05
   5  p4           1.40985e+01   6.07948e-01   4.30355e-04   4.71246e-06
   6  p5           9.92683e-01   2.38379e-03  -1.96512e-06   4.87061e-02
   7  p6          -9.32587e-15   1.46627e-03   1.23716e-04** at limit **
   8  p7           1.10758e-02   7.15231e-04   3.97558e-05   3.35422e-03
                               ERR DEF= 0.5
 FCN=166.002 FROM MIGRAD    STATUS=CONVERGED    1370 CALLS        1371 TOTAL
                     EDM=3.0005e-09    STRATEGY= 1  ERROR MATRIX UNCERTAINTY   1.7 per cent
  EXT PARAMETER                                   STEP         FIRST   
  NO.   NAME      VALUE            ERROR          SIZE      DERIVATIVE 
   1  p0           1.47178e+02   5.32826e+00   7.33637e-06   3.67187e-04
   2  p1           9.98823e-01   1.89005e-04  -1.38393e-05  -2.38776e-03
   3  p2           5.00000e-03   1.28601e-05   4.90703e-05** at limit **
   4  p3           2.65929e+01   1.39890e+00   7.52037e-04   4.51850e-05
   5  p4           1.39248e+01   6.44014e-01   3.42773e-04  -8.17195e-05
   6  p5           9.91477e-01   2.42054e-03   2.19044e-07   7.11179e-03
   7  p6          -5.04619e-12   2.30167e-03  -3.29716e-05** at limit **
   8  p7           1.09146e-02   7.48258e-04  -2.81219e-05   3.55229e-04
                               ERR DEF= 0.5
 FCN=156.696 FROM MIGRAD    STATUS=CONVERGED    1336 CALLS        1337 TOTAL
                     EDM=7.45049e-07    STRATEGY= 1  ERROR MATRIX UNCERTAINTY   2.7 per cent
  EXT PARAMETER                                   STEP         FIRST   
  NO.   NAME      VALUE            ERROR          SIZE      DERIVATIVE 
   1  p0           1.42723e+02   4.67092e+00  -5.11808e-05  -2.10956e-03
   2  p1           9.98625e-01   1.93825e-04  -3.90993e-06  -2.89253e-02
   3  p2           5.00000e-03   1.59873e-05   3.73164e-05** at limit **
   4  p3           2.67773e+01   1.32762e+00  -2.20309e-03   4.19173e-04
   5  p4           1.37956e+01   6.29504e-01   6.74155e-04   7.46148e-04
   6  p5           9.91216e-01   2.31660e-03  -4.56706e-06   3.12616e-01
   7  p6          -4.03796e-10   1.18927e-03  -2.96138e-04** at limit **
   8  p7           1.16213e-02   7.28199e-04   4.70653e-05  -1.42409e-03
                               ERR DEF= 0.5
 FCN=209.319 FROM MIGRAD    STATUS=CONVERGED    1209 CALLS        1210 TOTAL
                     EDM=2.11601e-07    STRATEGY= 1  ERROR MATRIX UNCERTAINTY   2.2 per cent
  EXT PARAMETER                                   STEP         FIRST   
  NO.   NAME      VALUE            ERROR          SIZE      DERIVATIVE 
   1  p0           1.71673e+02   5.70879e+00   1.72477e-05  -1.46010e-03
   2  p1           9.97940e-01   1.74377e-04  -2.54220e-05   3.11725e-02
   3  p2           5.00000e-03   1.05254e-05  -2.02271e-04** at limit **
   4  p3           2.85642e+01   1.45928e+00  -5.09418e-03   1.07644e-04
   5  p4           1.41125e+01   6.34850e-01  -1.93162e-03   1.88153e-04
   6  p5           9.91987e-01   2.32608e-03   2.41616e-06   1.24865e-01
   7  p6          -8.24867e-11   1.26815e-03  -6.06271e-05** at limit **
   8  p7           1.19245e-02   7.25361e-04   6.55006e-05   1.86546e-02
                               ERR DEF= 0.5
 FCN=207.361 FROM MIGRAD    STATUS=CONVERGED    1044 CALLS        1045 TOTAL
                     EDM=9.01262e-07    STRATEGY= 1  ERROR MATRIX UNCERTAINTY   2.1 per cent
  EXT PARAMETER                                   STEP         FIRST   
  NO.   NAME      VALUE            ERROR          SIZE      DERIVATIVE 
   1  p0           2.03158e+02   6.38426e+00   3.69334e-04   3.07206e-03
   2  p1           9.97745e-01   1.59852e-04  -6.83569e-05  -7.03592e-02
   3  p2           5.00000e-03   1.20914e-05   2.10514e-04** at limit **
   4  p3           3.43289e+01   1.54686e+00   5.48665e-03  -5.73485e-04
   5  p4           1.45235e+01   5.97318e-01  -1.82116e-03   4.34487e-04
   6  p5           9.91140e-01   2.20863e-03  -3.93171e-06   1.15021e-01
   7  p6          -1.12510e-10   1.12664e-03  -3.53630e-04** at limit **
   8  p7           1.27668e-02   6.78059e-04   1.02463e-04   1.57772e-02
                               ERR DEF= 0.5
 FCN=210.643 FROM MIGRAD    STATUS=CONVERGED    1424 CALLS        1425 TOTAL
                     EDM=9.43825e-08    STRATEGY= 1      ERROR MATRIX ACCURATE 
  EXT PARAMETER                                   STEP         FIRST   
  NO.   NAME      VALUE            ERROR          SIZE      DERIVATIVE 
   1  p0           2.31578e+02   6.65544e+00   7.97530e-04   3.05852e-03
   2  p1           9.97373e-01   1.50344e-04   7.51743e-05   2.07329e-03
   3  p2           5.00000e-03   9.90810e-06   3.99510e-04** at limit **
   4  p3           3.25670e+01   1.57635e+00   1.01086e-02  -1.65311e-05
   5  p4           1.44336e+01   6.09035e-01   3.40076e-03  -8.19115e-06
   6  p5           9.91167e-01   2.31315e-03   1.44928e-05   2.10643e-02
   7  p6          -3.39395e-13   1.62904e-03   8.11394e-04** at limit **
   8  p7           1.29258e-02   7.01771e-04   2.01238e-04  -6.88795e-03
                               ERR DEF= 0.5
 FCN=253.452 FROM MIGRAD    STATUS=CONVERGED    1339 CALLS        1340 TOTAL
                     EDM=2.91866e-08    STRATEGY= 1      ERROR MATRIX ACCURATE 
  EXT PARAMETER                                   STEP         FIRST   
  NO.   NAME      VALUE            ERROR          SIZE      DERIVATIVE 
   1  p0           2.54491e+02   7.02955e+00   8.61449e-04  -9.14343e-04
   2  p1           9.97330e-01   1.44946e-04   7.94624e-05   4.80870e-03
   3  p2           5.00000e-03   9.01420e-06   4.17927e-04** at limit **
   4  p3           3.98466e+01   1.75398e+00   1.23771e-02  -1.17022e-05
   5  p4           1.47441e+01   5.60626e-01   3.45716e-03  -1.00229e-04
   6  p5           9.90883e-01   2.03294e-03   1.42309e-05  -5.36642e-02
   7  p6          -1.29119e-13   4.68774e-04   4.76522e-04** at limit **
   8  p7           1.26254e-02   6.13334e-04   2.00135e-04  -1.11556e-03
                               ERR DEF= 0.5

****************************************
Minimizer is Linear
Chi2                      =      32.9247
NDf                       =           14
p0                        =      1.00356   +/-   0.000208363 
p1                        = -2.59153e-06   +/-   1.09932e-07 
Calculation of survival fraction for 2104
 FCN=160.926 FROM MIGRAD    STATUS=CONVERGED      80 CALLS          81 TOTAL
                     EDM=1.7492e-07    STRATEGY= 1  ERROR MATRIX UNCERTAINTY   3.4 per cent
  EXT PARAMETER                                   STEP         FIRST   
  NO.   NAME      VALUE            ERROR          SIZE      DERIVATIVE 
   1  p0           1.06288e+02   4.38053e+00  -2.34818e-02   6.68501e-06
   2  p1           2.10351e+03   5.06356e-02  -1.90874e-04   6.35805e-03
   3  p2           1.35198e+00   4.63086e-02   5.62214e-07   8.09647e-02
   4  p3           1.53455e+01   2.40259e-01  -1.04963e-03  -1.27588e-03
                               ERR DEF= 0.5
Area_tot = 1886
Area_tot_psa = 442
Area = 1205
Area_psa = 122
 FCN=158.815 FROM MIGRAD    STATUS=CONVERGED     110 CALLS         111 TOTAL
                     EDM=7.44367e-07    STRATEGY= 1      ERROR MATRIX ACCURATE 
  EXT PARAMETER                                   STEP         FIRST   
  NO.   NAME      VALUE            ERROR          SIZE      DERIVATIVE 
   1  p0           1.29581e+01   1.77948e+00   1.25440e-02  -6.20330e-05
   2  p1           2.10353e+03   1.99000e-01   1.69521e-03   8.16651e-04
   3  p2           1.41513e+00   1.73524e-01   1.01664e-04   4.17659e-02
   4  p3           6.73599e+00   1.61661e-01   1.37209e-03   3.89144e-03
                               ERR DEF= 0.5
Calculation of survival fraction for 2614.5
 FCN=186.864 FROM MIGRAD    STATUS=CONVERGED     191 CALLS         192 TOTAL
                     EDM=1.0711e-08    STRATEGY= 1  ERROR MATRIX UNCERTAINTY   2.1 per cent
  EXT PARAMETER                                   STEP         FIRST   
  NO.   NAME      VALUE            ERROR          SIZE      DERIVATIVE 
   1  p0           9.49330e+02   1.23904e+01   8.36611e-03  -4.75416e-06
   2  p1           2.61464e+03   1.24230e-02  -3.13262e-06  -1.00878e-02
   3  p2           1.14298e+00   8.81402e-03   2.24545e-07  -1.93945e-02
   4  p3           5.41640e-01   6.36140e-02  -5.48852e-05  -2.79767e-04
                               ERR DEF= 0.5
Area_tot = 9108
Area_tot_psa = 1617
Area = 9054
Area_psa = 1613
 FCN=68.3916 FROM MIGRAD    STATUS=CONVERGED     124 CALLS         125 TOTAL
                     EDM=1.13845e-06    STRATEGY= 1      ERROR MATRIX ACCURATE 
  EXT PARAMETER                                   STEP         FIRST   
  NO.   NAME      VALUE            ERROR          SIZE      DERIVATIVE 
   1  p0           1.67312e+02   5.09303e+00   2.37570e-02   1.34532e-05
   2  p1           2.61469e+03   2.86830e-02   1.24678e-03   2.07615e-02
   3  p2           1.16110e+00   2.04527e-02   8.87075e-06   4.73933e-01
   4  p3          -7.47115e-01   4.32617e-02   2.47577e-04   8.32944e-03
                               ERR DEF= 0.5
Calculation of survival fraction background at 2039
Area = 3523
Area_psa = 1560
