
[1mRooFit v3.60 -- Developed by Wouter Verkerke and David Kirkby[0m 
                Copyright (C) 2000-2013 NIKHEF, University of California & Stanford University
                All rights reserved, please read http://roofit.sourceforge.net/license.txt

Using file /nfs/gerda6/users/burlac/psd/analysis/run0098-cal_dplms.tier.root
Analizing channel 27
DPLMS analysis 
Total events = 17201607
event n.1000000
event n.2000000
event n.3000000
event n.4000000
event n.5000000
event n.6000000
event n.7000000
event n.8000000
event n.9000000
event n.10000000
event n.11000000
event n.12000000
event n.13000000
event n.14000000
event n.15000000
event n.16000000
event n.17000000
Selected events: 350431
The time to read waveforms: 38.74 s
Initialization of DEP&FEP background  = 38
 FCN=107.062 FROM MIGRAD    STATUS=CONVERGED     196 CALLS         197 TOTAL
                     EDM=1.91633e-09    STRATEGY= 1  ERROR MATRIX UNCERTAINTY   2.4 per cent
  EXT PARAMETER                                   STEP         FIRST   
  NO.   NAME      VALUE            ERROR          SIZE      DERIVATIVE 
   1  p0           6.11765e+01   2.92597e+00   2.06882e-03  -1.40861e-06
   2  p1           1.59489e+03   9.77516e-02   1.92985e-05  -5.96001e-04
   3  p2           2.69189e+00   1.30093e-01  -7.43657e-06  -9.16833e-04
   4  p3           1.23762e+02   3.64446e+00   1.46140e-03  -1.82750e-06
   5  p4           1.62306e+03   7.51355e-02   1.11883e-05   9.64361e-05
   6  p5           2.65669e+00   7.00805e-02  -4.79696e-06  -1.49820e-03
   7  p6           3.74802e+01   5.35343e-01   2.51212e-04   4.59688e-06
                               ERR DEF= 0.5
mean_aoe = 0.0681
AoE: max = 1.63555 max = 0.227871
 FCN=2.47843 FROM MIGRAD    STATUS=CONVERGED     392 CALLS         393 TOTAL
                     EDM=7.25532e-07    STRATEGY= 1  ERROR MATRIX UNCERTAINTY   1.7 per cent
  EXT PARAMETER                                   STEP         FIRST   
  NO.   NAME      VALUE            ERROR          SIZE      DERIVATIVE 
   1  p0           7.66753e-01   1.75504e-01  -9.24941e-04  -9.07699e-04
   2  p1           1.00500e+00   1.45889e-02   2.20754e-05   3.48233e-02
   3  p2           6.08651e-02   1.27507e-02   3.34661e-04   9.06722e-03
   4  p3          -3.52897e-03   1.05415e-02  -8.49495e-05  -7.17059e-02
   5  p4           1.33206e-02   3.29007e-02   3.06073e-04  -3.96795e-02
                               ERR DEF= 0.5
Total integral = 3677
AoE_lowCut = 1401 -> 0.933667
CutIntegral = 3324
SF_dep = 0.903998
sigma_aoe = 0.0608651
 FCN=108.226 FROM MIGRAD    STATUS=CONVERGED     280 CALLS         281 TOTAL
                     EDM=6.90504e-07    STRATEGY= 1      ERROR MATRIX ACCURATE 
  EXT PARAMETER                                   STEP         FIRST   
  NO.   NAME      VALUE            ERROR          SIZE      DERIVATIVE 
   1  p0           5.76910e+01   2.77509e+00   1.59528e-02   1.74357e-04
   2  p1           1.59490e+03   1.30576e-01   9.39635e-04  -3.32605e-03
   3  p2           2.70182e+00   1.28635e-01   4.35339e-05   8.70320e-02
   4  p3           1.09201e+02   3.39312e+00   1.95125e-02  -1.15834e-04
   5  p4           1.62304e+03   8.08679e-02   7.73924e-04  -4.45792e-03
   6  p5           2.70530e+00   7.59540e-02   2.58109e-05  -4.70959e-02
   7  p6           3.29532e+01   5.02494e-01   3.03136e-03   3.74049e-04
                               ERR DEF= 0.5
AreaDEP_tot = 4499
Area_DEP_tot_psa = 4048
AreaDEP = 3631
Area_DEP_psa = 3295
Area_FEP_tot = 5870
Area_FEP_tot_psa = 5216
Area_FEP = 2546
Area_FEP_psa = 2257
Calculation of AoE vs E correction
 FCN=591.83 FROM MIGRAD    STATUS=CONVERGED    1159 CALLS        1160 TOTAL
                     EDM=1.08938e-07    STRATEGY= 1  ERROR MATRIX UNCERTAINTY   2.8 per cent
  EXT PARAMETER                                   STEP         FIRST   
  NO.   NAME      VALUE            ERROR          SIZE      DERIVATIVE 
   1  p0           9.57969e+01   1.87583e+00  -1.78490e-04   5.21990e-04
   2  p1           1.02000e+00   1.72750e-05  -8.10938e-05** at limit **
   3  p2           3.00000e-02   7.33169e-06  -4.62467e-07** at limit **
   4  p3           7.57861e+01   2.82529e+00   5.11207e-03  -2.89234e-05
   5  p4           1.91248e+01   5.99033e-01   1.92027e-04   3.74909e-04
   6  p5           9.75545e-01   1.55342e-03  -6.39689e-06   1.05124e-01
   7  p6          -9.19376e-13   2.41929e-04  -1.55739e-04** at limit **
   8  p7           7.06384e-03   6.89770e-04  -1.04038e-04   7.20432e-04
                               ERR DEF= 0.5
 FCN=458.728 FROM MIGRAD    STATUS=CONVERGED    1229 CALLS        1230 TOTAL
                     EDM=1.33575e-07    STRATEGY= 1  ERROR MATRIX UNCERTAINTY   2.4 per cent
  EXT PARAMETER                                   STEP         FIRST   
  NO.   NAME      VALUE            ERROR          SIZE      DERIVATIVE 
   1  p0           7.80246e+01   1.67573e+00   9.63757e-05   5.49058e-03
   2  p1           1.02000e+00   2.31712e-05   6.63669e-05** at limit **
   3  p2           3.00000e-02   9.52209e-06  -9.64970e-05** at limit **
   4  p3           6.48653e+01   2.64116e+00  -9.54654e-03  -8.55343e-05
   5  p4           1.86667e+01   6.33865e-01   1.58218e-03   5.21741e-04
   6  p5           9.77081e-01   1.76454e-03  -8.82684e-06   2.49190e-01
   7  p6          -9.89075e-12   3.32657e-04   4.07299e-05** at limit **
   8  p7           7.00118e-03   8.77985e-04  -2.35126e-04  -1.30247e-03
                               ERR DEF= 0.5
 FCN=396.209 FROM MIGRAD    STATUS=CONVERGED    1141 CALLS        1142 TOTAL
                     EDM=1.77885e-07    STRATEGY= 1  ERROR MATRIX UNCERTAINTY   1.4 per cent
  EXT PARAMETER                                   STEP         FIRST   
  NO.   NAME      VALUE            ERROR          SIZE      DERIVATIVE 
   1  p0           6.57716e+01   1.36587e+00   1.49958e-04   1.85958e-03
   2  p1           1.02000e+00   2.02753e-05  -1.30936e-06** at limit **
   3  p2           3.00000e-02   1.01279e-05  -3.02274e-05** at limit **
   4  p3           5.50209e+01   2.29662e+00  -5.67154e-04   1.75037e-04
   5  p4           1.77756e+01   6.04776e-01   5.22553e-04   1.46766e-04
   6  p5           9.76570e-01   1.40480e-03   1.62955e-06   1.27655e-01
   7  p6          -1.36615e-11   6.85104e-04  -3.79644e-05** at limit **
   8  p7           5.48179e-03   8.30943e-04  -2.08061e-04   1.60524e-03
                               ERR DEF= 0.5
 FCN=381.166 FROM MIGRAD    STATUS=CONVERGED    1012 CALLS        1013 TOTAL
                     EDM=1.60253e-07    STRATEGY= 1  ERROR MATRIX UNCERTAINTY   2.4 per cent
  EXT PARAMETER                                   STEP         FIRST   
  NO.   NAME      VALUE            ERROR          SIZE      DERIVATIVE 
   1  p0           6.58908e+01   1.51608e+00   5.23773e-04   2.79199e-03
   2  p1           1.02000e+00   2.64052e-05  -7.26924e-05** at limit **
   3  p2           3.00000e-02   1.18642e-05  -4.19564e-05** at limit **
   4  p3           5.28350e+01   2.36910e+00  -1.78398e-03  -5.02617e-05
   5  p4           1.85140e+01   6.97369e-01  -5.11541e-04  -2.46042e-05
   6  p5           9.77167e-01   1.92953e-03   5.25596e-06  -1.17344e-01
   7  p6          -2.02145e-11   6.58509e-04  -1.63921e-04** at limit **
   8  p7           6.70769e-03   9.43231e-04   2.75241e-04  -1.12291e-03
                               ERR DEF= 0.5
 FCN=359.743 FROM MIGRAD    STATUS=CONVERGED    1208 CALLS        1209 TOTAL
                     EDM=1.34063e-08    STRATEGY= 1  ERROR MATRIX UNCERTAINTY   3.3 per cent
  EXT PARAMETER                                   STEP         FIRST   
  NO.   NAME      VALUE            ERROR          SIZE      DERIVATIVE 
   1  p0           6.29973e+01   1.47317e+00  -2.81982e-05  -8.71416e-04
   2  p1           1.02000e+00   2.62753e-05   3.71192e-05** at limit **
   3  p2           3.00000e-02   1.20942e-05  -6.55579e-06** at limit **
   4  p3           5.71504e+01   2.44789e+00  -3.06054e-03  -4.82405e-05
   5  p4           2.07285e+01   7.67141e-01  -1.54070e-03   1.18806e-04
   6  p5           9.71922e-01   1.81544e-03   1.07090e-07   2.19952e-02
   7  p6          -1.45073e-12   4.70021e-04   8.83357e-06** at limit **
   8  p7           7.80024e-03   8.29789e-04  -6.41076e-05  -1.97958e-04
                               ERR DEF= 0.5
 FCN=362.418 FROM MIGRAD    STATUS=CONVERGED    1311 CALLS        1312 TOTAL
                     EDM=1.66675e-08    STRATEGY= 1  ERROR MATRIX UNCERTAINTY   3.2 per cent
  EXT PARAMETER                                   STEP         FIRST   
  NO.   NAME      VALUE            ERROR          SIZE      DERIVATIVE 
   1  p0           5.97452e+01   1.46235e+00  -4.12266e-07   8.02182e-04
   2  p1           1.02000e+00   2.85299e-05  -2.43319e-05** at limit **
   3  p2           3.00000e-02   1.25653e-05  -3.16469e-05** at limit **
   4  p3           5.23797e+01   2.36784e+00  -2.66819e-03   1.09666e-05
   5  p4           1.91188e+01   6.80096e-01  -7.50087e-04  -1.37690e-04
   6  p5           9.74913e-01   1.79640e-03   9.49260e-08  -1.02796e-03
   7  p6          -3.49965e-12   5.95968e-04   4.71833e-05** at limit **
   8  p7           7.17799e-03   9.20039e-04   7.07302e-05  -1.14501e-03
                               ERR DEF= 0.5
 FCN=424.012 FROM MIGRAD    STATUS=FAILED        797 CALLS         798 TOTAL
                     EDM=267.776    STRATEGY= 1  ERROR MATRIX UNCERTAINTY 100.0 per cent
  EXT PARAMETER                APPROXIMATE        STEP         FIRST   
  NO.   NAME      VALUE            ERROR          SIZE      DERIVATIVE 
   1  p0           5.99999e+01   3.68646e+00  -0.00000e+00   1.14707e-01
   2  p1           1.01997e+00   4.89531e-03   0.00000e+00  -1.08637e+01
   3  p2           2.99987e-02   3.06014e-03  -0.00000e+00   7.01563e+00
   4  p3           2.85111e+01   7.16047e-01   0.00000e+00  -7.91623e+00
   5  p4           1.43027e+01   7.16023e-01  -0.00000e+00   1.40282e+00
   6  p5           9.75298e-01   7.14058e-01  -0.00000e+00   1.65850e+03
   7  p6          -1.31234e-02   1.16731e-01   0.00000e+00  -2.09360e+01
   8  p7           7.46640e-03   1.10296e-02   0.00000e+00  -4.69412e+01
                               ERR DEF= 0.5
 FCN=278.809 FROM MIGRAD    STATUS=CONVERGED    1355 CALLS        1356 TOTAL
                     EDM=9.31543e-08    STRATEGY= 1  ERROR MATRIX UNCERTAINTY   1.6 per cent
  EXT PARAMETER                                   STEP         FIRST   
  NO.   NAME      VALUE            ERROR          SIZE      DERIVATIVE 
   1  p0           5.71134e+01   1.39687e+00  -6.25279e-05  -1.41843e-03
   2  p1           1.02000e+00   3.32506e-05  -9.42152e-06** at limit **
   3  p2           3.00000e-02   1.39425e-05  -2.57510e-05** at limit **
   4  p3           6.15116e+01   2.67389e+00   6.24262e-03   5.24426e-05
   5  p4           2.27668e+01   8.48430e-01   3.20240e-03  -3.75106e-04
   6  p5           9.72546e-01   1.72987e-03  -2.47253e-06  -2.22531e-02
   7  p6          -2.37967e-11   2.74952e-04   4.14211e-05** at limit **
   8  p7           7.41787e-03   7.88712e-04   4.96428e-05   8.09382e-04
                               ERR DEF= 0.5
 FCN=154.922 FROM MIGRAD    STATUS=CALL LIMIT   2127 CALLS        2128 TOTAL
                     EDM=0.903258    STRATEGY= 1  ERROR MATRIX UNCERTAINTY  10.0 per cent
  EXT PARAMETER                APPROXIMATE        STEP         FIRST   
  NO.   NAME      VALUE            ERROR          SIZE      DERIVATIVE 
   1  p0           4.08118e+01   3.68466e-01   1.72296e-01   1.13389e+00
   2  p1           9.80000e-01   1.17038e-04  -5.63758e-03   5.22124e-01
   3  p2           2.99862e-02   5.81212e-05  -2.51919e-02  -3.60453e+00
   4  p3           5.88293e+01   1.93346e+00   1.22861e+00   6.16838e-02
   5  p4           1.11457e+01   5.52710e-01   4.59455e-01   3.85985e+00
   6  p5           1.06207e+00   4.77774e-03  -4.07569e-03   1.84724e+02
   7  p6          -1.85524e-02   3.02903e-03   1.48453e-02  -9.64122e+01
   8  p7           2.45896e-02   3.16981e-03   3.24575e-02   1.09768e+00
                               ERR DEF= 0.5
 FCN=130.218 FROM MIGRAD    STATUS=CONVERGED    2113 CALLS        2114 TOTAL
                     EDM=4.03754e-08    STRATEGY= 1      ERROR MATRIX ACCURATE 
  EXT PARAMETER                                   STEP         FIRST   
  NO.   NAME      VALUE            ERROR          SIZE      DERIVATIVE 
   1  p0           3.96000e+01   2.63919e-01   1.29060e-03** at limit **
   2  p1           9.80000e-01   1.87965e-04   1.08319e-03** at limit **
   3  p2           3.00000e-02   1.08244e-04   1.03972e-03** at limit **
   4  p3           6.54600e+01   2.04920e+00   1.20849e-02   4.95238e-05
   5  p4           1.33264e+01   2.45190e+00   1.04056e-03   2.06795e-04
   6  p5           1.04398e+00   2.56094e-02   1.46480e-05   2.97865e-02
   7  p6          -9.77355e-03   5.36539e-03   4.51260e-05  -4.84168e-03
   8  p7           2.83001e-02   8.02126e-03   2.45923e-04  -2.01922e-03
                               ERR DEF= 0.5
 FCN=151.335 FROM MIGRAD    STATUS=CALL LIMIT   2121 CALLS        2122 TOTAL
                     EDM=0.234876    STRATEGY= 1  ERROR MATRIX UNCERTAINTY   8.4 per cent
  EXT PARAMETER                APPROXIMATE        STEP         FIRST   
  NO.   NAME      VALUE            ERROR          SIZE      DERIVATIVE 
   1  p0           3.78075e+01   1.78654e-01  -7.11297e-03  -1.21001e+00
   2  p1           9.80000e-01   1.21389e-04   1.09501e-03** at limit **
   3  p2           3.00000e-02   5.99268e-05   1.43465e-03** at limit **
   4  p3           4.52092e+01   5.52613e+00  -2.28314e+00  -1.35557e-01
   5  p4           1.86121e+01   1.17135e+00   4.62842e-01  -2.88145e+00
   6  p5           9.70616e-01   1.39054e-02  -5.27105e-03  -1.20984e+02
   7  p6          -9.53493e-03   1.69810e-03   3.59712e-03   5.16919e+01
   8  p7           4.37304e-02   1.35213e-03   1.49396e-02   1.29929e+01
                               ERR DEF= 0.5
 FCN=131.595 FROM MIGRAD    STATUS=CALL LIMIT   2125 CALLS        2126 TOTAL
                     EDM=0.944049    STRATEGY= 1  ERROR MATRIX UNCERTAINTY  12.5 per cent
  EXT PARAMETER                APPROXIMATE        STEP         FIRST   
  NO.   NAME      VALUE            ERROR          SIZE      DERIVATIVE 
   1  p0           3.60295e+01   1.71850e-01  -1.47421e-02  -1.48955e+00
   2  p1           9.80098e-01   2.58999e-04   3.20828e-02  -1.24894e+00
   3  p2           2.99995e-02   4.20053e-05  -1.77896e-02  -5.77106e-01
   4  p3           3.36549e+01   6.60303e+00  -6.66409e+00  -1.10149e+00
   5  p4           2.49020e+01   2.61520e+00   2.73544e+00  -3.82097e+00
   6  p5           9.35117e-01   1.75897e-02  -1.56571e-02   1.26504e+01
   7  p6          -8.12905e-04   1.29156e-03   4.66347e-02   2.19477e+01
   8  p7           3.74432e-02   1.96803e-03  -4.06008e-02  -5.74313e+01
                               ERR DEF= 0.5
 FCN=163.227 FROM MIGRAD    STATUS=CALL LIMIT   2129 CALLS        2130 TOTAL
                     EDM=9.82043    STRATEGY= 1  ERROR MATRIX UNCERTAINTY  22.1 per cent
  EXT PARAMETER                APPROXIMATE        STEP         FIRST   
  NO.   NAME      VALUE            ERROR          SIZE      DERIVATIVE 
   1  p0           4.57056e+01   3.39650e-01   1.43797e-02   7.86469e+00
   2  p1           9.80410e-01   3.77069e-04   6.04526e-03   6.71055e+00
   3  p2           3.00000e-02   6.49758e-05  -1.14017e-02** at limit **
   4  p3           5.73145e+01   2.64855e+00   4.55777e-01   2.70799e+00
   5  p4           2.28722e+01   4.92342e-01   4.93079e-01   2.81757e+00
   6  p5           9.59354e-01   4.31014e-03  -1.68877e-03  -8.95657e+02
   7  p6          -1.75401e-03   8.09450e-04   2.06315e-02   2.13621e+01
   8  p7           3.56638e-02   9.78536e-04   2.30040e-02  -2.07102e+02
                               ERR DEF= 0.5
 FCN=444.768 FROM MIGRAD    STATUS=CONVERGED    1657 CALLS        1658 TOTAL
                     EDM=1.6979e-07    STRATEGY= 1  ERROR MATRIX UNCERTAINTY   3.9 per cent
  EXT PARAMETER                                   STEP         FIRST   
  NO.   NAME      VALUE            ERROR          SIZE      DERIVATIVE 
   1  p0           8.25285e+01   1.82230e+00  -1.34978e-04  -5.76419e-04
   2  p1           1.02000e+00   2.26384e-05   1.11656e-04** at limit **
   3  p2           3.00000e-02   9.04014e-06   2.61050e-05** at limit **
   4  p3           1.10392e+02   3.90758e+00  -1.09601e-02   8.62644e-05
   5  p4           3.09914e+01   1.40723e+00  -3.87882e-03  -7.36348e-04
   6  p5           9.62960e-01   2.13507e-03   3.54610e-06  -3.08185e-01
   7  p6          -2.67327e-04   4.32615e-04  -5.35218e-05   2.18282e-02
   8  p7           9.45306e-03   7.00899e-04   4.93111e-05   3.66659e-03
                               ERR DEF= 0.5
 FCN=203.583 FROM MIGRAD    STATUS=CALL LIMIT   2132 CALLS        2133 TOTAL
                     EDM=6.38513    STRATEGY= 1  ERROR MATRIX UNCERTAINTY  27.0 per cent
  EXT PARAMETER                APPROXIMATE        STEP         FIRST   
  NO.   NAME      VALUE            ERROR          SIZE      DERIVATIVE 
   1  p0           5.98934e+01   6.05371e-01   1.61880e-01  -8.11418e+00
   2  p1           9.80007e-01   6.22564e-05  -7.76954e-02  -4.10589e+00
   3  p2           2.99998e-02   2.34424e-05   2.54118e-03   5.44518e-01
   4  p3           1.05840e+02   1.97048e+00   2.89966e+00   1.24758e+00
   5  p4           1.41484e+01   5.71329e-01   1.25174e+00  -1.78955e+01
   6  p5           1.03508e+00   5.33360e-03  -1.12936e-02  -7.34758e+02
   7  p6          -1.14197e-02   2.05004e-03   3.14984e-02   2.88518e+02
   8  p7           3.15872e-02   1.51276e-03  -9.39660e-02  -1.79352e+01
                               ERR DEF= 0.5
 FCN=195.081 FROM MIGRAD    STATUS=CALL LIMIT   2124 CALLS        2125 TOTAL
                     EDM=0.480655    STRATEGY= 1      ERR MATRIX NOT POS-DEF
  EXT PARAMETER                APPROXIMATE        STEP         FIRST   
  NO.   NAME      VALUE            ERROR          SIZE      DERIVATIVE 
   1  p0           6.96404e+01   1.30066e-01  -3.28313e-03   7.98154e+00
   2  p1           1.00793e+00   4.90416e-03   1.81020e-01   1.52566e-01
   3  p2           2.83949e-02   1.88921e-03  -2.10996e-01  -1.13759e+01
   4  p3           1.06165e+02   4.24486e+00  -2.85523e+00   7.08034e-01
   5  p4           4.24687e+01   1.70466e+00  -8.79907e-01  -3.29493e+00
   6  p5           9.30226e-01   1.20125e-03  -1.36951e-04  -1.79175e+01
   7  p6          -7.38064e-05   4.43879e-05  -7.61202e-04  -1.53473e+02
   8  p7           1.93232e-02   9.21734e-04   1.56509e-02  -2.18207e+02
                               ERR DEF= 0.5

****************************************
Minimizer is Linear
Chi2                      =       627668
NDf                       =           14
p0                        =      1.02521   +/-   2.56799e-05 
p1                        = -4.79258e-06   +/-   1.82428e-08 
Calculation of survival fraction for 2104
 FCN=149.268 FROM MIGRAD    STATUS=CONVERGED     106 CALLS         107 TOTAL
                     EDM=5.37003e-09    STRATEGY= 1      ERROR MATRIX ACCURATE 
  EXT PARAMETER                                   STEP         FIRST   
  NO.   NAME      VALUE            ERROR          SIZE      DERIVATIVE 
   1  p0           2.08699e+02   4.15841e+00   2.80923e-02  -1.49942e-05
   2  p1           2.10526e+03   5.89677e-02   1.00387e-03   4.67453e-06
   3  p2           3.14667e+00   5.33103e-02   2.00927e-05  -9.65888e-04
   4  p3           4.68462e+01   4.42924e-01   3.55636e-03  -1.00675e-04
                               ERR DEF= 0.5
Area_tot = 10066
Area_tot_psa = 8564
Area = 5512
Area_psa = 4436
 FCN=159.987 FROM MIGRAD    STATUS=CONVERGED     120 CALLS         121 TOTAL
                     EDM=4.16969e-07    STRATEGY= 1      ERROR MATRIX ACCURATE 
  EXT PARAMETER                                   STEP         FIRST   
  NO.   NAME      VALUE            ERROR          SIZE      DERIVATIVE 
   1  p0           1.67753e+02   3.76808e+00   2.63884e-02  -7.71172e-05
   2  p1           2.10527e+03   6.75211e-02   1.00387e-03   8.70764e-03
   3  p2           3.16903e+00   6.13221e-02   2.38513e-05  -6.77837e-02
   4  p3           4.22018e+01   4.20728e-01   3.48904e-03   1.91520e-04
                               ERR DEF= 0.5
Calculation of survival fraction for 2614.5
 FCN=560.71 FROM MIGRAD    STATUS=CONVERGED     123 CALLS         124 TOTAL
                     EDM=3.65759e-08    STRATEGY= 1  ERROR MATRIX UNCERTAINTY   2.8 per cent
  EXT PARAMETER                                   STEP         FIRST   
  NO.   NAME      VALUE            ERROR          SIZE      DERIVATIVE 
   1  p0           1.91949e+03   1.03590e+01  -3.11505e-02  -7.16326e-07
   2  p1           2.61445e+03   1.46224e-02   1.72510e-05  -5.38582e-04
   3  p2           3.29500e+00   1.08142e-02   1.76428e-06   2.89479e-01
   4  p3           6.69718e+00   1.82262e-01   5.70471e-04  -9.37545e-04
                               ERR DEF= 0.5
Area_tot = 53575
Area_tot_psa = 49259
Area = 52798
Area_psa = 48605
 FCN=499.335 FROM MIGRAD    STATUS=CONVERGED     124 CALLS         125 TOTAL
                     EDM=1.04244e-08    STRATEGY= 1      ERROR MATRIX ACCURATE 
  EXT PARAMETER                                   STEP         FIRST   
  NO.   NAME      VALUE            ERROR          SIZE      DERIVATIVE 
   1  p0           1.76749e+03   9.94907e+00   1.24271e-01  -1.97905e-06
   2  p1           2.61444e+03   1.52070e-02   1.24666e-03  -4.31689e-03
   3  p2           3.29393e+00   1.12672e-02   7.82966e-06  -8.65076e-02
   4  p3           5.52652e+00   1.68155e-01   2.57341e-03   3.44110e-04
                               ERR DEF= 0.5
Calculation of survival fraction background at 2039
Area = 9999
Area_psa = 8914
