
[1mRooFit v3.60 -- Developed by Wouter Verkerke and David Kirkby[0m 
                Copyright (C) 2000-2013 NIKHEF, University of California & Stanford University
                All rights reserved, please read http://roofit.sourceforge.net/license.txt

Using file /nfs/gerda6/users/burlac/psd/analysis/run0098-cal_dplms.tier.root
Analizing channel 4
Standard analysis 
Total events = 17201607
event n.1000000
event n.2000000
event n.3000000
event n.4000000
event n.5000000
event n.6000000
event n.7000000
event n.8000000
event n.9000000
event n.10000000
event n.11000000
event n.12000000
event n.13000000
event n.14000000
event n.15000000
event n.16000000
event n.17000000
Selected events: 110317
The time to read waveforms: 48.3 s
Initialization of DEP&FEP background  = 13.5
 FCN=128.599 FROM MIGRAD    STATUS=CONVERGED     218 CALLS         219 TOTAL
                     EDM=3.05656e-08    STRATEGY= 1      ERROR MATRIX ACCURATE 
  EXT PARAMETER                                   STEP         FIRST   
  NO.   NAME      VALUE            ERROR          SIZE      DERIVATIVE 
   1  p0           1.11037e+02   4.70085e+00   2.91289e-02   2.65100e-05
   2  p1           1.59262e+03   4.53500e-02   7.59422e-04   1.24123e-04
   3  p2           1.18604e+00   4.07822e-02   2.29793e-05  -2.28536e-03
   4  p3           5.13234e+01   3.48618e+00   2.17445e-02  -3.58671e-06
   5  p4           1.62085e+03   7.61256e-02   7.72881e-04  -6.51759e-04
   6  p5           1.17725e+00   7.03509e-02   4.00861e-05  -6.44581e-03
   7  p6           1.33191e+01   2.73352e-01   2.03988e-03   3.38990e-04
                               ERR DEF= 0.5
mean_aoe = 0.0477
AoE: max = 1.83598 max = 0.0709959
 FCN=1.48832 FROM MIGRAD    STATUS=CONVERGED     352 CALLS         353 TOTAL
                     EDM=9.77729e-07    STRATEGY= 1  ERROR MATRIX UNCERTAINTY   3.2 per cent
  EXT PARAMETER                                   STEP         FIRST   
  NO.   NAME      VALUE            ERROR          SIZE      DERIVATIVE 
   1  p0           1.00807e+00   4.09739e-01   4.49233e-03   2.26846e-03
   2  p1           1.00160e+00   4.07098e-03  -4.60572e-05  -1.53121e-02
   3  p2           9.98305e-03   2.77913e-03  -1.14302e-05   4.67604e-02
   4  p3           6.18154e-03   6.12779e-03   9.62896e-05  -3.59350e-01
   5  p4           4.32687e-03   4.28654e-03   6.73553e-05   3.32685e-01
                               ERR DEF= 0.5
Total integral = 1093
AoE_lowCut = 1482 -> 0.987667
CutIntegral = 985
SF_dep = 0.901189
sigma_aoe = 0.00998305
 FCN=112.865 FROM MIGRAD    STATUS=CONVERGED     170 CALLS         171 TOTAL
                     EDM=1.29688e-06    STRATEGY= 1      ERROR MATRIX ACCURATE 
  EXT PARAMETER                                   STEP         FIRST   
  NO.   NAME      VALUE            ERROR          SIZE      DERIVATIVE 
   1  p0           9.43745e+01   4.12069e+00   2.39116e-02   1.41034e-05
   2  p1           1.59263e+03   4.61508e-02   7.59426e-04  -3.35418e-04
   3  p2           1.21024e+00   4.01039e-02   2.09618e-05  -3.04090e-02
   4  p3           8.08418e+00   1.68967e+00   1.01849e-02   3.44211e-04
   5  p4           1.62122e+03   2.58647e-01   1.86814e-03   3.90560e-04
   6  p5           1.16500e+00   2.27423e-01   1.24917e-04  -3.20415e-02
   7  p6           5.83492e+00   1.85373e-01   1.29488e-03  -5.87198e-04
                               ERR DEF= 0.5
AreaDEP_tot = 1629
Area_DEP_tot_psa = 1204
AreaDEP = 1055
Area_DEP_psa = 942
Area_FEP_tot = 1009
Area_FEP_tot_psa = 316
Area_FEP = 483
Area_FEP_psa = 61
Calculation of AoE vs E correction
 FCN=91.6828 FROM MIGRAD    STATUS=CONVERGED    1275 CALLS        1276 TOTAL
                     EDM=2.23267e-07    STRATEGY= 1      ERROR MATRIX ACCURATE 
  EXT PARAMETER                                   STEP         FIRST   
  NO.   NAME      VALUE            ERROR          SIZE      DERIVATIVE 
   1  p0           4.61790e+01   4.51240e+00   7.10533e-04   6.53784e-04
   2  p1           1.00374e+00   1.14982e-03   2.36107e-04  -2.62769e-04
   3  p2           1.86687e-02   7.40867e-04   2.41491e-04   1.80047e-03
   4  p3           1.17032e+01   1.32259e+00   2.46609e-03   4.78921e-04
   5  p4           2.78940e+00   4.75667e-01   1.17489e-03  -1.18294e-03
   6  p5           1.01749e+00   1.96838e-02   2.66881e-05  -2.35986e-02
   7  p6          -3.37101e-08   2.00063e-01   6.01926e-03** at limit **
   8  p7           1.23959e-02   4.42768e-03   4.12037e-04  -1.90028e-03
                               ERR DEF= 0.5
 FCN=105.955 FROM MIGRAD    STATUS=CONVERGED    1199 CALLS        1200 TOTAL
                     EDM=1.10097e-07    STRATEGY= 1      ERROR MATRIX ACCURATE 
  EXT PARAMETER                                   STEP         FIRST   
  NO.   NAME      VALUE            ERROR          SIZE      DERIVATIVE 
   1  p0           5.39933e+01   2.83844e+00   6.95169e-04   8.07393e-04
   2  p1           1.00448e+00   6.49721e-04   2.00227e-04   1.11412e-03
   3  p2           1.51777e-02   5.41344e-04   2.01259e-04   2.49852e-03
   4  p3           9.77559e+00   8.09534e-01   2.44276e-03  -2.44897e-04
   5  p4           3.24280e+00   5.25116e-01   1.52475e-03   2.90965e-04
   6  p5           1.00190e+00   1.43038e-02   3.50363e-05  -7.61163e-03
   7  p6          -8.74475e-09   1.94010e-01   6.36834e-03** at limit **
   8  p7           1.61301e-02   3.48211e-03   4.04763e-04  -3.26712e-03
                               ERR DEF= 0.5
 FCN=106.267 FROM MIGRAD    STATUS=CONVERGED    1015 CALLS        1016 TOTAL
                     EDM=8.7582e-07    STRATEGY= 1      ERROR MATRIX ACCURATE 
  EXT PARAMETER                                   STEP         FIRST   
  NO.   NAME      VALUE            ERROR          SIZE      DERIVATIVE 
   1  p0           5.80432e+01   2.60638e+00   7.05000e-04  -4.28440e-03
   2  p1           1.00360e+00   5.79074e-04   1.84005e-04  -8.44973e-03
   3  p2           1.38711e-02   5.29356e-04   1.95524e-04  -1.42880e-02
   4  p3           1.36398e+01   9.04912e+00   3.51572e-03  -8.53086e-04
   5  p4           2.87499e+00   3.56781e+00   9.36261e-04   1.66064e-03
   6  p5           9.96488e-01   1.51552e-02   3.10310e-05  -1.24819e-01
   7  p6          -2.42611e-01   8.10951e-01   2.31186e-04  -1.03375e-02
   8  p7           1.99962e-02   3.53488e-03   3.62122e-04  -1.24997e-02
                               ERR DEF= 0.5
 FCN=105.913 FROM MIGRAD    STATUS=CONVERGED    1057 CALLS        1058 TOTAL
                     EDM=1.17942e-06    STRATEGY= 1      ERROR MATRIX ACCURATE 
  EXT PARAMETER                                   STEP         FIRST   
  NO.   NAME      VALUE            ERROR          SIZE      DERIVATIVE 
   1  p0           5.79786e+01   2.64283e+00   7.06545e-04  -1.67165e-03
   2  p1           1.00241e+00   5.65341e-04   1.77773e-04   1.80204e-02
   3  p2           1.29757e-02   5.17069e-04   1.96230e-04  -3.03453e-03
   4  p3           9.89048e+00   8.28701e-01   2.64947e-03  -1.49665e-03
   5  p4           4.46916e+00   5.76671e-01   1.73801e-03   1.82232e-03
   6  p5           9.99315e-01   1.06198e-02   2.99641e-05  -1.26013e-02
   7  p6          -6.85736e-08   1.68630e-01   6.13162e-03** at limit **
   8  p7           1.81513e-02   3.02307e-03   3.47911e-04   1.12236e-03
                               ERR DEF= 0.5
 FCN=105.128 FROM MIGRAD    STATUS=CONVERGED    1099 CALLS        1100 TOTAL
                     EDM=2.45909e-08    STRATEGY= 1      ERROR MATRIX ACCURATE 
  EXT PARAMETER                                   STEP         FIRST   
  NO.   NAME      VALUE            ERROR          SIZE      DERIVATIVE 
   1  p0           5.87934e+01   2.80694e+00   7.38892e-04  -5.37235e-04
   2  p1           1.00105e+00   5.47785e-04   1.69066e-04  -4.59296e-04
   3  p2           1.20124e-02   4.82378e-04   1.94897e-04   7.12941e-05
   4  p3           1.13381e+01   8.95317e-01   2.94534e-03  -1.97911e-04
   5  p4           5.25033e+00   5.57312e-01   1.76218e-03   1.95288e-04
   6  p5           9.97377e-01   8.68810e-03   2.59583e-05   2.65995e-03
   7  p6          -6.41028e-10   1.39755e-01   5.38500e-03** at limit **
   8  p7           1.62018e-02   2.42085e-03   3.14631e-04  -1.21866e-03
                               ERR DEF= 0.5
 FCN=93.9967 FROM MIGRAD    STATUS=CONVERGED     876 CALLS         877 TOTAL
                     EDM=5.72441e-08    STRATEGY= 1      ERROR MATRIX ACCURATE 
  EXT PARAMETER                                   STEP         FIRST   
  NO.   NAME      VALUE            ERROR          SIZE      DERIVATIVE 
   1  p0           5.39703e+01   3.07456e+00   7.44515e-04   2.19586e-04
   2  p1           1.00088e+00   5.91357e-04   1.66592e-04   1.70641e-03
   3  p2           1.15688e-02   5.04998e-04   1.94546e-04   2.36934e-03
   4  p3           1.19328e+01   1.01270e+00   2.88222e-03   2.09738e-04
   5  p4           5.38090e+00   5.24809e-01   1.63287e-03  -5.58167e-04
   6  p5           1.00053e+00   8.48886e-03   2.26993e-05  -1.37585e-02
   7  p6          -1.72151e-09   7.69014e-02   3.75169e-03** at limit **
   8  p7           1.24320e-02   2.18101e-03   3.14898e-04   4.61004e-04
                               ERR DEF= 0.5
 FCN=86.0365 FROM MIGRAD    STATUS=CONVERGED     864 CALLS         865 TOTAL
                     EDM=6.18314e-09    STRATEGY= 1  ERROR MATRIX UNCERTAINTY   2.2 per cent
  EXT PARAMETER                                   STEP         FIRST   
  NO.   NAME      VALUE            ERROR          SIZE      DERIVATIVE 
   1  p0           5.78819e+01   3.05838e+00   8.82934e-05  -2.77536e-04
   2  p1           1.00170e+00   4.93317e-04  -1.31256e-05   5.88608e-05
   3  p2           9.97190e-03   4.40212e-04   2.37133e-05  -1.76391e-03
   4  p3           1.14830e+01   8.28241e-01   2.28912e-05  -1.29698e-04
   5  p4           5.42232e+00   5.14870e-01  -2.73655e-04   1.37251e-04
   6  p5           9.98427e-01   7.26136e-03   8.83954e-07   2.71000e-03
   7  p6          -4.54834e-10   7.30667e-02   1.22249e-04** at limit **
   8  p7           1.28312e-02   1.96711e-03  -3.64478e-05   5.87010e-04
                               ERR DEF= 0.5
 FCN=102.462 FROM MIGRAD    STATUS=CONVERGED     687 CALLS         688 TOTAL
                     EDM=2.19095e-07    STRATEGY= 1  ERROR MATRIX UNCERTAINTY   2.9 per cent
  EXT PARAMETER                                   STEP         FIRST   
  NO.   NAME      VALUE            ERROR          SIZE      DERIVATIVE 
   1  p0           6.26864e+01   3.26490e+00  -1.46621e-04  -1.57564e-03
   2  p1           9.99269e-01   5.15313e-04   4.96543e-05   9.77347e-03
   3  p2           9.89626e-03   4.40357e-04  -1.45664e-05  -4.25986e-03
   4  p3           1.75118e+01   1.21510e+00   1.59818e-03  -3.75303e-04
   5  p4           8.48710e+00   5.25392e-01  -1.83363e-04   3.19936e-04
   6  p5           9.94227e-01   5.82929e-03  -1.51853e-06   6.33152e-02
   7  p6          -1.59026e-09   7.87383e-03  -2.10947e-05** at limit **
   8  p7           1.23319e-02   1.48368e-03   4.64556e-06   5.88382e-03
                               ERR DEF= 0.5
 FCN=76.9932 FROM MIGRAD    STATUS=CONVERGED     907 CALLS         908 TOTAL
                     EDM=2.59218e-08    STRATEGY= 1      ERROR MATRIX ACCURATE 
  EXT PARAMETER                                   STEP         FIRST   
  NO.   NAME      VALUE            ERROR          SIZE      DERIVATIVE 
   1  p0           6.68023e+01   3.11076e+00   6.87187e-04   1.75398e-04
   2  p1           9.97684e-01   4.66368e-04   1.23953e-04   1.71787e-03
   3  p2           1.00346e-02   3.85304e-04   1.56205e-04  -5.76889e-04
   4  p3           1.97423e+01   1.12368e+00   3.89423e-03  -2.26402e-04
   5  p4           9.02905e+00   6.35313e-01   1.71220e-03   4.93630e-04
   6  p5           9.78194e-01   5.87580e-03   1.60582e-05   3.26741e-02
   7  p6          -4.87917e-11   6.66528e-01   7.19729e-03** at limit **
   8  p7           1.54582e-02   1.35439e-03   2.00040e-04   6.85128e-04
                               ERR DEF= 0.5
 FCN=90.5029 FROM MIGRAD    STATUS=CONVERGED     724 CALLS         725 TOTAL
                     EDM=5.57264e-07    STRATEGY= 1      ERROR MATRIX ACCURATE 
  EXT PARAMETER                                   STEP         FIRST   
  NO.   NAME      VALUE            ERROR          SIZE      DERIVATIVE 
   1  p0           7.07172e+01   3.69475e+00   7.20061e-04   1.79216e-03
   2  p1           9.98324e-01   4.67052e-04   1.26277e-04   7.00623e-03
   3  p2           9.18948e-03   3.75892e-04   1.72517e-04  -3.10969e-05
   4  p3           1.82687e+01   2.42529e+00   3.87183e-03  -9.83532e-04
   5  p4           4.64294e+00   1.79525e+00   9.33752e-04   2.12205e-03
   6  p5           9.96089e-01   5.43403e-03   1.71085e-05   5.01984e-02
   7  p6          -1.45733e-01   1.54505e-01   1.93920e-04  -1.30937e-02
   8  p7           9.95038e-03   1.38362e-03   2.97942e-04  -2.95775e-03
                               ERR DEF= 0.5
 FCN=87.1006 FROM MIGRAD    STATUS=CONVERGED     742 CALLS         743 TOTAL
                     EDM=2.15248e-08    STRATEGY= 1  ERROR MATRIX UNCERTAINTY   1.2 per cent
  EXT PARAMETER                                   STEP         FIRST   
  NO.   NAME      VALUE            ERROR          SIZE      DERIVATIVE 
   1  p0           6.37185e+01   3.59504e+00   1.00476e-04  -2.09501e-04
   2  p1           9.97699e-01   5.12848e-04   1.85530e-06   5.27757e-03
   3  p2           9.61286e-03   4.16994e-04  -1.99982e-05  -1.95951e-03
   4  p3           2.08287e+01   1.29447e+00   2.62005e-04  -1.59405e-04
   5  p4           8.46555e+00   4.92803e-01   1.46858e-04   3.18556e-04
   6  p5           9.92690e-01   5.36792e-03   6.61827e-07   3.68494e-02
   7  p6          -5.59670e-11   2.32899e-02   5.04983e-04** at limit **
   8  p7           1.13360e-02   1.32130e-03   3.12521e-05   3.50407e-03
                               ERR DEF= 0.5
 FCN=89.1605 FROM MIGRAD    STATUS=CONVERGED     809 CALLS         810 TOTAL
                     EDM=1.11239e-07    STRATEGY= 1  ERROR MATRIX UNCERTAINTY   2.6 per cent
  EXT PARAMETER                                   STEP         FIRST   
  NO.   NAME      VALUE            ERROR          SIZE      DERIVATIVE 
   1  p0           6.97148e+01   3.74719e+00   7.30962e-06  -1.16746e-03
   2  p1           9.97658e-01   4.40741e-04  -1.40000e-05   5.75761e-03
   3  p2           8.84736e-03   3.81684e-04   9.56735e-05   3.97296e-03
   4  p3           1.74181e+01   1.06436e+00  -4.07320e-04  -2.20821e-04
   5  p4           7.34807e+00   4.70594e-01   4.94038e-04   5.25499e-04
   6  p5           9.95742e-01   5.28339e-03  -6.56198e-06  -1.01753e-02
   7  p6          -4.38078e-09   3.77100e-02   1.29565e-03** at limit **
   8  p7           9.95033e-03   1.33731e-03   1.22753e-04  -1.10632e-03
                               ERR DEF= 0.5
 FCN=109.224 FROM MIGRAD    STATUS=CONVERGED     794 CALLS         795 TOTAL
                     EDM=2.36419e-08    STRATEGY= 1  ERROR MATRIX UNCERTAINTY   3.4 per cent
  EXT PARAMETER                                   STEP         FIRST   
  NO.   NAME      VALUE            ERROR          SIZE      DERIVATIVE 
   1  p0           7.98102e+01   4.05972e+00   1.56901e-04  -1.08891e-03
   2  p1           9.96377e-01   4.44715e-04   6.02019e-07   3.15450e-03
   3  p2           8.68701e-03   3.66256e-04   1.51573e-05  -3.33954e-03
   4  p3           2.02214e+01   1.32613e+00  -9.27125e-04  -5.93846e-05
   5  p4           7.50706e+00   4.61295e-01  -4.76646e-04   1.01272e-04
   6  p5           9.97045e-01   4.26317e-03  -1.90594e-06   1.81024e-02
   7  p6          -2.71239e-12   8.17641e-03  -1.96459e-04** at limit **
   8  p7           1.00813e-02   1.17460e-03   6.43207e-05   4.17810e-03
                               ERR DEF= 0.5
 FCN=155.849 FROM MIGRAD    STATUS=CONVERGED     750 CALLS         751 TOTAL
                     EDM=5.05137e-09    STRATEGY= 1  ERROR MATRIX UNCERTAINTY   1.9 per cent
  EXT PARAMETER                                   STEP         FIRST   
  NO.   NAME      VALUE            ERROR          SIZE      DERIVATIVE 
   1  p0           1.04656e+02   4.48479e+00  -3.29601e-06  -1.35133e-04
   2  p1           9.95321e-01   3.57592e-04   1.01137e-06  -1.91848e-03
   3  p2           7.95175e-03   3.08283e-04  -4.35764e-05  -8.90598e-04
   4  p3           2.28450e+01   1.34183e+00   5.11003e-04  -4.27242e-05
   5  p4           8.15292e+00   4.52057e-01  -2.07095e-04   7.91545e-06
   6  p5           9.91900e-01   2.93900e-03  -2.07405e-07  -5.34725e-03
   7  p6          -4.40984e-11   1.05678e-02   2.17796e-05** at limit **
   8  p7           1.11389e-02   8.97792e-04   5.73480e-06  -1.63156e-03
                               ERR DEF= 0.5
 FCN=133.838 FROM MIGRAD    STATUS=CONVERGED     776 CALLS         777 TOTAL
                     EDM=6.64813e-08    STRATEGY= 1      ERROR MATRIX ACCURATE 
  EXT PARAMETER                                   STEP         FIRST   
  NO.   NAME      VALUE            ERROR          SIZE      DERIVATIVE 
   1  p0           1.18155e+02   4.65388e+00   7.13609e-04   1.64955e-03
   2  p1           9.94077e-01   3.55904e-04   1.21324e-04  -3.07308e-04
   3  p2           8.67018e-03   2.98157e-04   1.70265e-04   2.58827e-03
   4  p3           2.77285e+01   1.57184e+00   6.17452e-03  -4.10459e-05
   5  p4           8.84089e+00   4.40596e-01   1.83056e-03   1.79222e-04
   6  p5           9.89633e-01   3.49103e-03   1.47140e-05   6.32171e-02
   7  p6          -3.62367e-10   9.82138e-03   1.58534e-03** at limit **
   8  p7           1.09103e-02   9.54704e-04   2.33206e-04   1.86259e-03
                               ERR DEF= 0.5
 FCN=137.8 FROM MIGRAD    STATUS=CONVERGED     727 CALLS         728 TOTAL
                     EDM=9.33508e-07    STRATEGY= 1  ERROR MATRIX UNCERTAINTY   1.7 per cent
  EXT PARAMETER                                   STEP         FIRST   
  NO.   NAME      VALUE            ERROR          SIZE      DERIVATIVE 
   1  p0           1.32671e+02   4.95312e+00   2.32052e-04   3.02460e-03
   2  p1           9.94550e-01   3.37616e-04  -1.56010e-05   7.47906e-03
   3  p2           8.46228e-03   2.71228e-04   1.83648e-05  -6.63752e-03
   4  p3           3.00126e+01   1.64717e+00  -2.14573e-03  -8.29272e-04
   5  p4           8.54816e+00   4.09454e-01  -2.36595e-04   3.40139e-03
   6  p5           9.91140e-01   3.17300e-03  -3.48899e-06   4.40778e-02
   7  p6          -1.53702e-10   5.13306e-03  -8.99880e-04** at limit **
   8  p7           9.91076e-03   8.51663e-04   6.90356e-06  -2.95680e-02
                               ERR DEF= 0.5

****************************************
Minimizer is Linear
Chi2                      =      21.7096
NDf                       =           14
p0                        =       1.0119   +/-   0.000552059 
p1                        = -7.38979e-06   +/-   2.85283e-07 
Calculation of survival fraction for 2104
 FCN=151.842 FROM MIGRAD    STATUS=CONVERGED     118 CALLS         119 TOTAL
                     EDM=6.98087e-11    STRATEGY= 1      ERROR MATRIX ACCURATE 
  EXT PARAMETER                                   STEP         FIRST   
  NO.   NAME      VALUE            ERROR          SIZE      DERIVATIVE 
   1  p0           1.00286e+02   3.94334e+00   2.66872e-02   1.04604e-06
   2  p1           2.10354e+03   5.65176e-02   1.00304e-03  -9.79363e-06
   3  p2           1.57587e+00   5.02262e-02   2.69835e-05   1.89251e-03
   4  p3           1.56252e+01   2.44344e-01   2.03950e-03  -1.86797e-05
                               ERR DEF= 0.5
Area_tot = 2142
Area_tot_psa = 503
Area = 1385
Area_psa = 181
 FCN=133.679 FROM MIGRAD    STATUS=CONVERGED     111 CALLS         112 TOTAL
                     EDM=4.59682e-07    STRATEGY= 1      ERROR MATRIX ACCURATE 
  EXT PARAMETER                                   STEP         FIRST   
  NO.   NAME      VALUE            ERROR          SIZE      DERIVATIVE 
   1  p0           1.20991e+01   1.56335e+00   1.02319e-02   3.80582e-04
   2  p1           2.10364e+03   2.22960e-01   1.76942e-03  -9.61632e-04
   3  p2           1.68768e+00   1.90614e-01   9.59422e-05   4.26196e-02
   4  p3           6.41413e+00   1.59409e-01   1.23600e-03  -9.38254e-04
                               ERR DEF= 0.5
Calculation of survival fraction for 2614.5
 FCN=266.675 FROM MIGRAD    STATUS=CONVERGED     179 CALLS         180 TOTAL
                     EDM=2.4301e-08    STRATEGY= 1  ERROR MATRIX UNCERTAINTY   1.6 per cent
  EXT PARAMETER                                   STEP         FIRST   
  NO.   NAME      VALUE            ERROR          SIZE      DERIVATIVE 
   1  p0           8.65097e+02   1.08948e+01   2.58040e-02   3.55215e-06
   2  p1           2.61459e+03   1.39014e-02   4.64087e-05  -1.31991e-02
   3  p2           1.34824e+00   1.03000e-02  -1.88142e-08  -2.05815e-02
   4  p3           7.97132e-01   7.67312e-02   3.85826e-04   1.27732e-03
                               ERR DEF= 0.5
Area_tot = 9821
Area_tot_psa = 1400
Area = 9725
Area_psa = 1393
 FCN=131.449 FROM MIGRAD    STATUS=CONVERGED     188 CALLS         189 TOTAL
                     EDM=2.66569e-09    STRATEGY= 1  ERROR MATRIX UNCERTAINTY   1.5 per cent
  EXT PARAMETER                                   STEP         FIRST   
  NO.   NAME      VALUE            ERROR          SIZE      DERIVATIVE 
   1  p0           1.20447e+02   4.01778e+00  -1.52756e-03  -4.88585e-06
   2  p1           2.61467e+03   3.79826e-02  -7.39554e-05  -7.31995e-04
   3  p2           1.36803e+00   2.82465e-02   3.04866e-06  -2.56993e-02
   4  p3           4.35573e-03   4.33069e-03   5.37973e-06  -9.24859e-03
                               ERR DEF= 0.5
Calculation of survival fraction background at 2039
Area = 3546
Area_psa = 1526
