
[1mRooFit v3.60 -- Developed by Wouter Verkerke and David Kirkby[0m 
                Copyright (C) 2000-2013 NIKHEF, University of California & Stanford University
                All rights reserved, please read http://roofit.sourceforge.net/license.txt

Using file /nfs/gerda6/users/burlac/psd/analysis/run0098-cal_dplms_1000.tier.root
Analizing channel 2
DPLMS analysis with weight 1000
Total events = 17201607
event n.1000000
event n.2000000
event n.3000000
event n.4000000
event n.5000000
event n.6000000
event n.7000000
event n.8000000
event n.9000000
event n.10000000
event n.11000000
event n.12000000
event n.13000000
event n.14000000
event n.15000000
event n.16000000
event n.17000000
Selected events: 96207
The time to read waveforms: 40.78 s
Initialization of DEP&FEP background  = 11
 FCN=100.977 FROM MIGRAD    STATUS=CONVERGED     177 CALLS         178 TOTAL
                     EDM=8.48356e-08    STRATEGY= 1  ERROR MATRIX UNCERTAINTY   2.6 per cent
  EXT PARAMETER                                   STEP         FIRST   
  NO.   NAME      VALUE            ERROR          SIZE      DERIVATIVE 
   1  p0           1.19647e+02   5.22408e+00  -2.09928e-02   2.74516e-05
   2  p1           1.59257e+03   3.93897e-02  -5.12710e-06  -5.51516e-03
   3  p2           9.91125e-01   3.31802e-02   1.18055e-05   6.19885e-02
   4  p3           3.55492e+01   3.31203e+00   2.05161e-03   8.21834e-05
   5  p4           1.62062e+03   9.22211e-02  -1.60377e-05  -6.03011e-04
   6  p5           1.01300e+00   8.80146e-02   8.26847e-06   2.76999e-02
   7  p6           1.26929e+01   2.54279e-01  -7.01044e-05   9.10854e-04
                               ERR DEF= 0.5
mean_aoe = 0.0639
AoE: max = 1.72539 max = 0.0546976
 FCN=6.05649 FROM MIGRAD    STATUS=CONVERGED     394 CALLS         395 TOTAL
                     EDM=6.74422e-09    STRATEGY= 1  ERROR MATRIX UNCERTAINTY   7.4 per cent
  EXT PARAMETER                                   STEP         FIRST   
  NO.   NAME      VALUE            ERROR          SIZE      DERIVATIVE 
   1  p0           9.18181e-01   2.96363e-01   7.09792e-04  -5.81390e-05
   2  p1           1.00357e+00   2.42222e-03   1.40500e-06   4.63954e-02
   3  p2           9.15659e-03   1.98654e-03  -2.68493e-05   6.88955e-04
   4  p3           7.75476e-03   4.47353e-03  -4.34156e-06   4.36267e-01
   5  p4           4.49371e-03   2.59064e-03  -2.51329e-06  -7.50631e-01
                               ERR DEF= 0.5
AoE_lowCut = 0.98526
 FCN=109.082 FROM MIGRAD    STATUS=CONVERGED     172 CALLS         173 TOTAL
                     EDM=8.10041e-09    STRATEGY= 1  ERROR MATRIX UNCERTAINTY   6.1 per cent
  EXT PARAMETER                                   STEP         FIRST   
  NO.   NAME      VALUE            ERROR          SIZE      DERIVATIVE 
   1  p0           1.06212e+02   4.78672e+00   3.33844e-03   5.10299e-06
   2  p1           1.59256e+03   3.88836e-02  -8.16912e-06   2.70253e-03
   3  p2           1.01227e+00   3.44786e-02  -1.19450e-06  -2.58727e-03
   4  p3           4.17757e+00   1.60390e+00   7.52024e-04   3.51786e-05
   5  p4           1.62128e+03   5.06013e-01  -3.83531e-04   5.59911e-05
   6  p5           1.25773e+00   5.67727e-01  -3.34008e-05   3.93060e-04
   7  p6           6.15694e+00   1.90915e-01   1.23762e-04   4.08757e-05
                               ERR DEF= 0.5
AreaDEP_tot = 1418
Area_DEP_tot_psa = 1128
AreaDEP = 945
Area_DEP_psa = 892
Area_FEP_tot = 730
Area_FEP_tot_psa = 265
Area_FEP = 278
Area_FEP_psa = 34
Calculation of AoE vs E correction
 FCN=96.5784 FROM MIGRAD    STATUS=CONVERGED    1513 CALLS        1514 TOTAL
                     EDM=1.21237e-07    STRATEGY= 1      ERROR MATRIX ACCURATE 
  EXT PARAMETER                                   STEP         FIRST   
  NO.   NAME      VALUE            ERROR          SIZE      DERIVATIVE 
   1  p0           5.32252e+01   2.53350e+00   6.57532e-04   2.10705e-04
   2  p1           1.00431e+00   6.40497e-04   2.07604e-04  -8.74819e-04
   3  p2           1.56995e-02   6.69046e-04   2.19772e-04  -2.66953e-03
   4  p3           1.04684e+01   9.36846e-01   2.43142e-03  -7.86197e-05
   5  p4           3.15562e+00   5.16969e-01   1.31621e-03   2.75880e-04
   6  p5           1.02034e+00   1.29324e-02   2.67032e-05   2.21347e-03
   7  p6          -6.71906e-08   7.87649e-01   1.08720e-02** at limit **
   8  p7           2.10905e-02   5.07500e-03   3.61972e-04   4.54431e-04
                               ERR DEF= 0.5
 FCN=110.164 FROM MIGRAD    STATUS=CONVERGED     302 CALLS         303 TOTAL
                     EDM=1.52784e-07    STRATEGY= 1  ERROR MATRIX UNCERTAINTY   3.4 per cent
  EXT PARAMETER                                   STEP         FIRST   
  NO.   NAME      VALUE            ERROR          SIZE      DERIVATIVE 
   1  p0           5.65341e+01   2.44164e+00  -1.01954e-04   1.19153e-04
   2  p1           1.00506e+00   5.63728e-04  -1.59263e-05   3.36894e-04
   3  p2           1.47675e-02   5.38924e-04   8.23165e-05   2.29196e-03
   4  p3           3.05958e+01   1.48401e+00  -2.90446e-03   5.86934e-04
   5  p4           4.14587e-01   8.72661e-02  -1.42305e-04  -5.61851e-03
   6  p5           1.01584e+00   1.20184e-02  -1.42673e-06  -4.01471e-03
   7  p6          -7.48997e-01   9.85616e-03  -3.81615e-05  -1.13536e-02
   8  p7           2.08932e-02   4.47868e-03   1.01210e-04  -9.24558e-04
                               ERR DEF= 0.5
 FCN=99.9589 FROM MIGRAD    STATUS=CONVERGED    1080 CALLS        1081 TOTAL
                     EDM=6.88424e-07    STRATEGY= 1      ERROR MATRIX ACCURATE 
  EXT PARAMETER                                   STEP         FIRST   
  NO.   NAME      VALUE            ERROR          SIZE      DERIVATIVE 
   1  p0           5.61379e+01   2.60753e+00   7.18981e-04  -2.26630e-03
   2  p1           1.00388e+00   5.55789e-04   1.77780e-04  -2.21738e-02
   3  p2           1.29276e-02   5.29698e-04   1.96580e-04  -6.85178e-04
   4  p3           1.31360e+01   1.08571e+01   3.42500e-03   5.95658e-04
   5  p4           2.51260e+00   3.56327e+00   8.15804e-04  -8.27362e-04
   6  p5           1.00304e+00   1.27306e-02   2.91182e-05  -2.65349e-02
   7  p6          -2.88316e-01   8.20639e-01   2.08352e-04   6.60785e-03
   8  p7           1.92993e-02   3.44738e-03   3.58747e-04  -3.75159e-03
                               ERR DEF= 0.5
 FCN=95.3497 FROM MIGRAD    STATUS=CONVERGED    1161 CALLS        1162 TOTAL
                     EDM=1.05066e-07    STRATEGY= 1      ERROR MATRIX ACCURATE 
  EXT PARAMETER                                   STEP         FIRST   
  NO.   NAME      VALUE            ERROR          SIZE      DERIVATIVE 
   1  p0           6.04987e+01   2.73558e+00   6.95983e-04  -5.23049e-04
   2  p1           1.00329e+00   4.77391e-04   1.53935e-04  -1.93041e-03
   3  p2           1.14764e-02   4.20024e-04   1.79364e-04   3.71328e-05
   4  p3           8.90098e+00   7.31791e-01   2.27556e-03  -6.89226e-04
   5  p4           3.90335e+00   6.17732e-01   1.64354e-03   8.01207e-04
   6  p5           9.98314e-01   1.02052e-02   3.05040e-05  -1.05297e-02
   7  p6          -2.74072e-09   2.02747e-01   6.22498e-03** at limit **
   8  p7           2.30605e-02   3.29109e-03   3.48920e-04  -1.68642e-03
                               ERR DEF= 0.5
 FCN=94.1584 FROM MIGRAD    STATUS=CONVERGED     936 CALLS         937 TOTAL
                     EDM=2.64159e-08    STRATEGY= 1      ERROR MATRIX ACCURATE 
  EXT PARAMETER                                   STEP         FIRST   
  NO.   NAME      VALUE            ERROR          SIZE      DERIVATIVE 
   1  p0           5.51049e+01   2.63946e+00   7.60146e-04  -2.51958e-04
   2  p1           1.00179e+00   5.27691e-04   1.59635e-04  -4.67541e-03
   3  p2           1.13309e-02   4.76985e-04   1.90845e-04  -1.24574e-03
   4  p3           1.20434e+01   8.64802e-01   2.99581e-03  -1.77153e-04
   5  p4           6.42920e+00   7.47972e-01   1.88905e-03   2.73792e-04
   6  p5           9.82435e-01   1.04886e-02   2.60793e-05   1.25326e-02
   7  p6          -4.67436e-10   1.11724e-01   4.57887e-03** at limit **
   8  p7           2.16304e-02   2.57388e-03   2.77454e-04  -3.86680e-04
                               ERR DEF= 0.5
 FCN=96.2302 FROM MIGRAD    STATUS=CONVERGED     821 CALLS         822 TOTAL
                     EDM=2.43791e-07    STRATEGY= 1  ERROR MATRIX UNCERTAINTY   4.2 per cent
  EXT PARAMETER                                   STEP         FIRST   
  NO.   NAME      VALUE            ERROR          SIZE      DERIVATIVE 
   1  p0           5.71457e+01   2.71853e+00  -1.84363e-06   1.01207e-03
   2  p1           1.00201e+00   4.70378e-04  -1.67419e-05  -5.61838e-03
   3  p2           1.06807e-02   3.90819e-04   1.47882e-05   3.07594e-04
   4  p3           1.05091e+01   7.84761e-01   1.82308e-03  -1.26539e-04
   5  p4           5.86590e+00   7.03345e-01   1.90757e-03   1.21540e-03
   6  p5           9.84669e-01   9.23014e-03  -9.62261e-06   3.86290e-02
   7  p6          -3.99425e-09   5.80668e-02   3.05527e-03** at limit **
   8  p7           2.16865e-02   2.47092e-03   7.74620e-06  -2.71913e-03
                               ERR DEF= 0.5
 FCN=100.694 FROM MIGRAD    STATUS=CONVERGED     799 CALLS         800 TOTAL
                     EDM=1.57463e-07    STRATEGY= 1  ERROR MATRIX UNCERTAINTY   3.6 per cent
  EXT PARAMETER                                   STEP         FIRST   
  NO.   NAME      VALUE            ERROR          SIZE      DERIVATIVE 
   1  p0           5.91934e+01   2.93347e+00   1.06158e-04   6.47194e-04
   2  p1           1.00139e+00   4.48657e-04  -9.27948e-06  -1.42708e-06
   3  p2           9.72059e-03   4.02808e-04  -1.83897e-05   2.19678e-03
   4  p3           1.06567e+01   8.06826e-01  -2.80850e-04   5.20813e-04
   5  p4           6.78158e+00   7.46748e-01  -1.12233e-03  -4.16829e-04
   6  p5           9.84182e-01   8.84373e-03   9.93558e-07   1.07029e-02
   7  p6          -5.65472e-09   3.68059e-02  -4.03147e-04** at limit **
   8  p7           2.21093e-02   2.34829e-03   4.13662e-05   2.37998e-03
                               ERR DEF= 0.5
 FCN=112.264 FROM MIGRAD    STATUS=CONVERGED     654 CALLS         655 TOTAL
                     EDM=3.43431e-08    STRATEGY= 1  ERROR MATRIX UNCERTAINTY   3.0 per cent
  EXT PARAMETER                                   STEP         FIRST   
  NO.   NAME      VALUE            ERROR          SIZE      DERIVATIVE 
   1  p0           6.30796e+01   3.27948e+00  -1.17179e-04  -1.05204e-04
   2  p1           1.00084e+00   4.34199e-04  -6.36107e-06  -6.32980e-03
   3  p2           9.00658e-03   3.61161e-04   3.11233e-06  -3.03316e-04
   4  p3           1.65526e+01   1.03190e+00   1.23914e-03  -2.45853e-04
   5  p4           8.49651e+00   5.22325e-01   2.27500e-04   2.27066e-03
   6  p5           9.92212e-01   4.70250e-03   4.28890e-06   3.62898e-03
   7  p6          -5.93285e-08   2.13469e-03   2.71144e-05** at limit **
   8  p7           1.43274e-02   1.32091e-03  -1.70703e-05   1.71734e-04
                               ERR DEF= 0.5
 FCN=125.296 FROM MIGRAD    STATUS=CONVERGED     728 CALLS         729 TOTAL
                     EDM=2.48661e-07    STRATEGY= 1  ERROR MATRIX UNCERTAINTY   2.5 per cent
  EXT PARAMETER                                   STEP         FIRST   
  NO.   NAME      VALUE            ERROR          SIZE      DERIVATIVE 
   1  p0           5.98097e+01   3.19742e+00   2.43014e-04   8.14090e-04
   2  p1           9.99279e-01   4.73710e-04   3.64954e-05   1.57532e-03
   3  p2           8.95952e-03   4.22598e-04  -1.77182e-04   6.18362e-03
   4  p3           1.65664e+01   1.02730e+00   6.44491e-04  -6.47785e-04
   5  p4           8.08568e+00   5.84155e-01  -3.53810e-04   1.58440e-03
   6  p5           9.90275e-01   5.89847e-03   9.09946e-06   4.14119e-02
   7  p6          -1.79970e-09   2.69932e-02   1.36127e-03** at limit **
   8  p7           1.64435e-02   1.64170e-03  -1.05275e-04  -3.08592e-03
                               ERR DEF= 0.5
 FCN=99.1846 FROM MIGRAD    STATUS=CONVERGED     735 CALLS         736 TOTAL
                     EDM=7.04998e-07    STRATEGY= 1      ERROR MATRIX ACCURATE 
  EXT PARAMETER                                   STEP         FIRST   
  NO.   NAME      VALUE            ERROR          SIZE      DERIVATIVE 
   1  p0           6.13689e+01   3.31474e+00   8.25064e-04  -7.48155e-04
   2  p1           9.99125e-01   5.30354e-04   1.48464e-04  -5.67163e-03
   3  p2           9.28880e-03   5.05253e-04   2.11467e-04   4.82601e-03
   4  p3           1.76191e+01   1.36379e+00   4.04830e-03  -1.12585e-04
   5  p4           5.82040e+00   1.71796e+00   1.19379e-03  -3.79210e-04
   6  p5           9.96791e-01   6.43167e-03   1.71748e-05  -1.31359e-01
   7  p6          -9.03386e-02   1.02419e-01   2.38188e-04   1.34006e-03
   8  p7           1.34488e-02   1.79486e-03   2.49644e-04  -5.16438e-03
                               ERR DEF= 0.5
 FCN=114.133 FROM MIGRAD    STATUS=CONVERGED     881 CALLS         882 TOTAL
                     EDM=1.02922e-07    STRATEGY= 1  ERROR MATRIX UNCERTAINTY   2.9 per cent
  EXT PARAMETER                                   STEP         FIRST   
  NO.   NAME      VALUE            ERROR          SIZE      DERIVATIVE 
   1  p0           6.65543e+01   3.43524e+00   8.32486e-05  -1.25869e-03
   2  p1           9.98558e-01   4.31373e-04   1.91097e-05  -7.17342e-03
   3  p2           8.38767e-03   3.84428e-04  -3.22337e-05  -3.51012e-03
   4  p3           1.56338e+01   1.00447e+00   4.57122e-05  -5.57692e-04
   5  p4           7.85902e+00   5.54246e-01  -5.06807e-05   1.26368e-03
   6  p5           9.91712e-01   4.78575e-03   8.94932e-07   6.19966e-02
   7  p6          -2.15531e-10   1.63412e-01   1.50364e-03** at limit **
   8  p7           1.45306e-02   1.38623e-03   7.04743e-06  -7.35871e-04
                               ERR DEF= 0.5
 FCN=133.565 FROM MIGRAD    STATUS=CONVERGED     725 CALLS         726 TOTAL
                     EDM=9.90294e-09    STRATEGY= 1  ERROR MATRIX UNCERTAINTY   2.2 per cent
  EXT PARAMETER                                   STEP         FIRST   
  NO.   NAME      VALUE            ERROR          SIZE      DERIVATIVE 
   1  p0           5.81326e+01   2.95495e+00  -7.45548e-05   2.27631e-05
   2  p1           9.96835e-01   5.40124e-04   6.84168e-06  -2.53640e-03
   3  p2           9.83370e-03   4.71949e-04  -7.60532e-06  -3.48267e-04
   4  p3           1.46227e+01   9.78843e-01   1.07150e-04   1.47790e-05
   5  p4           8.02096e+00   6.63130e-01  -2.24940e-04  -8.53248e-05
   6  p5           9.80538e-01   7.12446e-03  -2.37744e-06  -5.54751e-03
   7  p6          -3.29699e-10   2.69300e-02   9.86696e-06** at limit **
   8  p7           1.93058e-02   1.88693e-03   2.54637e-05  -3.44298e-04
                               ERR DEF= 0.5
 FCN=126.351 FROM MIGRAD    STATUS=CONVERGED     814 CALLS         815 TOTAL
                     EDM=2.98692e-07    STRATEGY= 1  ERROR MATRIX UNCERTAINTY   1.5 per cent
  EXT PARAMETER                                   STEP         FIRST   
  NO.   NAME      VALUE            ERROR          SIZE      DERIVATIVE 
   1  p0           6.54968e+01   3.56038e+00  -5.12283e-04   2.14245e-03
   2  p1           9.97193e-01   5.71995e-04   4.57220e-05   1.56987e-02
   3  p2           8.69760e-03   5.68189e-04   4.49354e-05  -4.17955e-04
   4  p3           1.83119e+01   1.47821e+00   7.06385e-04  -4.08757e-04
   5  p4           8.06748e+00   5.48413e-01  -7.75310e-04   2.00038e-04
   6  p5           9.98627e-01   3.79045e-03   6.49925e-06  -1.30302e-01
   7  p6          -8.22096e-11   7.92035e-03  -3.57432e-04** at limit **
   8  p7           1.10046e-02   1.16587e-03  -1.95844e-04  -9.54408e-03
                               ERR DEF= 0.5
 FCN=126.501 FROM MIGRAD    STATUS=CONVERGED     722 CALLS         723 TOTAL
                     EDM=3.58635e-07    STRATEGY= 1  ERROR MATRIX UNCERTAINTY   2.4 per cent
  EXT PARAMETER                                   STEP         FIRST   
  NO.   NAME      VALUE            ERROR          SIZE      DERIVATIVE 
   1  p0           8.39768e+01   4.04304e+00   5.09914e-05  -9.74151e-04
   2  p1           9.97152e-01   4.34945e-04  -3.31997e-05   9.84644e-03
   3  p2           8.33967e-03   3.75321e-04  -3.02783e-05   3.13507e-03
   4  p3           2.28546e+01   1.47881e+00   7.75846e-04   7.29270e-04
   5  p4           9.26873e+00   4.93987e-01  -2.98521e-04  -2.87205e-03
   6  p5           9.95217e-01   3.42638e-03   2.97172e-06  -1.63948e-01
   7  p6          -9.00945e-11   5.28491e-03   6.91550e-04** at limit **
   8  p7           1.17386e-02   1.03342e-03  -2.86275e-05  -4.22488e-03
                               ERR DEF= 0.5
 FCN=148.03 FROM MIGRAD    STATUS=CONVERGED     696 CALLS         697 TOTAL
                     EDM=9.2516e-07    STRATEGY= 1  ERROR MATRIX UNCERTAINTY   2.3 per cent
  EXT PARAMETER                                   STEP         FIRST   
  NO.   NAME      VALUE            ERROR          SIZE      DERIVATIVE 
   1  p0           8.11980e+01   3.65377e+00  -1.56455e-04   1.17954e-03
   2  p1           9.95007e-01   4.61197e-04  -4.11045e-05   7.49204e-03
   3  p2           9.71667e-03   3.79781e-04  -1.55889e-05   4.60590e-03
   4  p3           2.07463e+01   1.33621e+00  -1.28822e-03  -1.36327e-03
   5  p4           8.15850e+00   4.76651e-01   1.29202e-04   5.35954e-03
   6  p5           9.91747e-01   3.80421e-03  -4.22943e-06   2.96530e-01
   7  p6          -1.75204e-10   6.15151e-03  -6.28760e-04** at limit **
   8  p7           1.40555e-02   1.16131e-03   4.79846e-05   3.54593e-04
                               ERR DEF= 0.5
 FCN=146.141 FROM MIGRAD    STATUS=CONVERGED     779 CALLS         780 TOTAL
                     EDM=1.66569e-07    STRATEGY= 1  ERROR MATRIX UNCERTAINTY   2.2 per cent
  EXT PARAMETER                                   STEP         FIRST   
  NO.   NAME      VALUE            ERROR          SIZE      DERIVATIVE 
   1  p0           1.01306e+02   4.27728e+00  -3.02403e-04   1.98000e-04
   2  p1           9.95641e-01   4.08441e-04   6.93536e-05   5.51200e-04
   3  p2           8.86020e-03   3.52498e-04  -7.92877e-05  -6.47220e-03
   4  p3           2.78828e+01   1.63916e+00   4.77597e-03  -3.83422e-04
   5  p4           9.32252e+00   4.67627e-01   6.17743e-04   6.01608e-04
   6  p5           9.93789e-01   3.12552e-03  -7.16950e-06  -1.06291e-01
   7  p6          -8.96172e-12   2.45935e-03  -4.66540e-04** at limit **
   8  p7           1.26079e-02   9.47694e-04   7.61606e-05  -1.58905e-03
                               ERR DEF= 0.5

****************************************
Minimizer is Linear
Chi2                      =      22.5458
NDf                       =           14
p0                        =      1.01155   +/-   0.000502872 
p1                        =  -6.7241e-06   +/-   2.77668e-07 
Calculation of survival fraction for 2104
 FCN=148.637 FROM MIGRAD    STATUS=CONVERGED     104 CALLS         105 TOTAL
                     EDM=6.52714e-07    STRATEGY= 1      ERROR MATRIX ACCURATE 
  EXT PARAMETER                                   STEP         FIRST   
  NO.   NAME      VALUE            ERROR          SIZE      DERIVATIVE 
   1  p0           7.87207e+01   3.55177e+00   2.34405e-02   1.59936e-05
   2  p1           2.10350e+03   6.57394e-02   1.00303e-03  -1.09106e-02
   3  p2           1.59540e+00   6.18342e-02   3.20643e-05   2.62624e-02
   4  p3           1.31627e+01   2.25650e-01   1.85569e-03   1.70103e-03
                               ERR DEF= 0.5
Area_tot = 1738
Area_tot_psa = 452
Area = 1086
Area_psa = 141
 FCN=153.702 FROM MIGRAD    STATUS=CONVERGED     114 CALLS         115 TOTAL
                     EDM=1.66058e-08    STRATEGY= 1      ERROR MATRIX ACCURATE 
  EXT PARAMETER                                   STEP         FIRST   
  NO.   NAME      VALUE            ERROR          SIZE      DERIVATIVE 
   1  p0           9.03735e+00   1.84276e+00   1.10897e-02  -3.31525e-05
   2  p1           2.10343e+03   2.59226e-01   2.19187e-03  -2.47763e-04
   3  p2           1.38647e+00   3.40558e-01   1.70434e-04   6.99476e-04
   4  p3           6.15072e+00   1.57386e-01   1.29020e-03   5.20003e-04
                               ERR DEF= 0.5
Calculation of survival fraction for 2614.5
 FCN=200.176 FROM MIGRAD    STATUS=CONVERGED     239 CALLS         240 TOTAL
                     EDM=8.95249e-10    STRATEGY= 1      ERROR MATRIX ACCURATE 
  EXT PARAMETER                                   STEP         FIRST   
  NO.   NAME      VALUE            ERROR          SIZE      DERIVATIVE 
   1  p0           7.16455e+02   1.04053e+01   8.25238e-02  -2.88198e-06
   2  p1           2.61465e+03   1.43549e-02   1.24676e-03  -7.29952e-06
   3  p2           1.20956e+00   1.04594e-02   7.57301e-06  -3.12905e-02
   4  p3           4.44078e-01   6.40318e-02   6.24847e-04   1.71531e-04
                               ERR DEF= 0.5
Area_tot = 7283
Area_tot_psa = 1131
Area = 7216
Area_psa = 1124
 FCN=69.0036 FROM MIGRAD    STATUS=CONVERGED     175 CALLS         176 TOTAL
                     EDM=1.55816e-06    STRATEGY= 1      ERROR MATRIX ACCURATE 
  EXT PARAMETER                                   STEP         FIRST   
  NO.   NAME      VALUE            ERROR          SIZE      DERIVATIVE 
   1  p0           1.07904e+02   3.58994e+00   1.64704e-02   2.18041e-05
   2  p1           2.61485e+03   3.17789e-02   1.24686e-03   2.88660e-02
   3  p2           1.27452e+00   1.49327e-02   3.80900e-06  -2.29816e-01
   4  p3          -7.45701e-01   4.61091e-02   1.89089e-04   8.98754e-03
                               ERR DEF= 0.5
Calculation of survival fraction background at 2039
Area = 3029
Area_psa = 1416
