
[1mRooFit v3.60 -- Developed by Wouter Verkerke and David Kirkby[0m 
                Copyright (C) 2000-2013 NIKHEF, University of California & Stanford University
                All rights reserved, please read http://roofit.sourceforge.net/license.txt

Using file /nfs/gerda6/users/burlac/psd/analysis/run0098-cal_dplms_100.tier.root
Analizing channel 25
DPLMS analysis with weight 100
Total events = 17201607
event n.1000000
event n.2000000
event n.3000000
event n.4000000
event n.5000000
event n.6000000
event n.7000000
event n.8000000
event n.9000000
event n.10000000
event n.11000000
event n.12000000
event n.13000000
event n.14000000
event n.15000000
event n.16000000
event n.17000000
Selected events: 107872
The time to read waveforms: 49.52 s
Initialization of DEP&FEP background  = 15
 FCN=120.971 FROM MIGRAD    STATUS=CONVERGED     148 CALLS         149 TOTAL
                     EDM=2.60817e-08    STRATEGY= 1  ERROR MATRIX UNCERTAINTY   5.5 per cent
  EXT PARAMETER                                   STEP         FIRST   
  NO.   NAME      VALUE            ERROR          SIZE      DERIVATIVE 
   1  p0           1.06100e+02   4.34855e+00   6.25387e-04  -3.27472e-05
   2  p1           1.59258e+03   4.89218e-02   1.87275e-05  -1.20069e-04
   3  p2           1.27461e+00   4.17319e-02   6.59656e-07  -1.41277e-02
   4  p3           4.85568e+01   3.24431e+00   6.61458e-03   1.31667e-05
   5  p4           1.62066e+03   8.73161e-02  -3.80176e-05  -1.73951e-03
   6  p5           1.27425e+00   7.21696e-02  -1.04322e-05   9.11377e-03
   7  p6           1.32172e+01   2.80045e-01   1.25169e-04  -2.46111e-04
                               ERR DEF= 0.5
mean_aoe = 0.0731
AoE: max = 1.81583 max = 0.0828556
 FCN=1.02628 FROM MIGRAD    STATUS=CONVERGED     360 CALLS         361 TOTAL
                     EDM=3.89483e-09    STRATEGY= 1  ERROR MATRIX UNCERTAINTY   3.0 per cent
  EXT PARAMETER                                   STEP         FIRST   
  NO.   NAME      VALUE            ERROR          SIZE      DERIVATIVE 
   1  p0           1.00894e+00   5.73029e-01  -9.55731e-04   7.44845e-05
   2  p1           1.00359e+00   3.68535e-03  -1.03135e-06   1.95005e-02
   3  p2           7.85694e-03   2.90368e-03   1.52374e-05   1.67158e-03
   4  p3           5.73438e-03   6.52805e-03   1.28247e-05  -2.93376e-01
   5  p4           3.64413e-03   4.14484e-03   8.14215e-06   4.69775e-01
                               ERR DEF= 0.5
Analysis with a fixed bin for LowCut
Total integral = 1164
AoE_lowCut = 1972 -> 0.98575
CutIntegral = 1049
SF_dep = 0.901203
sigma_aoe = 0.00785694
 FCN=118.254 FROM MIGRAD    STATUS=CONVERGED     170 CALLS         171 TOTAL
                     EDM=9.35597e-07    STRATEGY= 1      ERROR MATRIX ACCURATE 
  EXT PARAMETER                                   STEP         FIRST   
  NO.   NAME      VALUE            ERROR          SIZE      DERIVATIVE 
   1  p0           9.82488e+01   4.04855e+00   2.42208e-02  -7.66098e-05
   2  p1           1.59258e+03   4.68970e-02   7.59402e-04   1.95594e-03
   3  p2           1.29908e+00   3.98975e-02   2.08229e-05   1.27208e-01
   4  p3           9.38767e+00   1.56257e+00   9.78750e-03   9.24563e-05
   5  p4           1.62046e+03   2.67410e-01   2.01198e-03   8.04958e-04
   6  p5           1.52387e+00   2.23737e-01   1.13497e-04  -6.34117e-03
   7  p6           6.82584e+00   2.02305e-01   1.43410e-03   3.34225e-03
                               ERR DEF= 0.5
AreaDEP_tot = 1684
Area_DEP_tot_psa = 1367
AreaDEP = 1162
Area_DEP_psa = 1050
Area_FEP_tot = 1066
Area_FEP_tot_psa = 410
Area_FEP = 527
Area_FEP_psa = 136
Calculation of AoE vs E correction
 FCN=97.2199 FROM MIGRAD    STATUS=CONVERGED    1268 CALLS        1269 TOTAL
                     EDM=3.14009e-07    STRATEGY= 1      ERROR MATRIX ACCURATE 
  EXT PARAMETER                                   STEP         FIRST   
  NO.   NAME      VALUE            ERROR          SIZE      DERIVATIVE 
   1  p0           6.35116e+01   3.41357e+00   6.55751e-04   1.87146e-04
   2  p1           1.00560e+00   6.02537e-04   1.80521e-04  -1.25871e-03
   3  p2           1.35264e-02   6.15802e-04   1.95105e-04   2.50619e-03
   4  p3           1.33476e+01   1.17298e+00   2.85183e-03  -5.02914e-04
   5  p4           3.76813e+00   4.39135e-01   1.26078e-03   1.35223e-03
   6  p5           1.01790e+00   1.11398e-02   2.05686e-05   9.24207e-02
   7  p6          -5.05619e-08   6.36764e-01   7.25740e-03** at limit **
   8  p7           1.33034e-02   3.20518e-03   3.00757e-04   4.37728e-03
                               ERR DEF= 0.5
 FCN=96.4942 FROM MIGRAD    STATUS=CONVERGED    1093 CALLS        1094 TOTAL
                     EDM=1.37869e-08    STRATEGY= 1      ERROR MATRIX ACCURATE 
  EXT PARAMETER                                   STEP         FIRST   
  NO.   NAME      VALUE            ERROR          SIZE      DERIVATIVE 
   1  p0           6.44511e+01   3.42888e+00   7.06610e-04  -3.26995e-04
   2  p1           1.00428e+00   5.35588e-04   1.63594e-04  -6.41177e-04
   3  p2           1.20018e-02   5.42224e-04   1.90988e-04  -2.67084e-03
   4  p3           1.28119e+01   1.17693e+00   2.96317e-03  -5.44182e-05
   5  p4           4.79574e+00   4.85028e-01   1.45748e-03   1.05939e-04
   6  p5           1.01202e+00   8.63648e-03   2.07488e-05  -1.66974e-02
   7  p6          -6.63052e-10   1.33459e-01   5.02421e-03** at limit **
   8  p7           1.13016e-02   2.19754e-03   3.20242e-04  -5.87664e-04
                               ERR DEF= 0.5
 FCN=79.6063 FROM MIGRAD    STATUS=CONVERGED    1161 CALLS        1162 TOTAL
                     EDM=8.4461e-07    STRATEGY= 1      ERROR MATRIX ACCURATE 
  EXT PARAMETER                                   STEP         FIRST   
  NO.   NAME      VALUE            ERROR          SIZE      DERIVATIVE 
   1  p0           6.75128e+01   3.94478e+00   6.40641e-04   3.91803e-03
   2  p1           1.00392e+00   4.89200e-04   1.34233e-04   5.20703e-03
   3  p2           1.10714e-02   4.54914e-04   1.59252e-04   1.17167e-02
   4  p3           1.06933e+01   1.09221e+00   2.46609e-03  -8.68750e-04
   5  p4           4.83868e+00   5.16395e-01   1.45813e-03   1.49602e-03
   6  p5           1.01161e+00   1.15486e-02   2.06070e-05   9.22039e-02
   7  p6          -4.18496e-08   1.06230e-01   4.00725e-03** at limit **
   8  p7           9.90663e-03   2.88599e-03   3.51978e-04  -3.49077e-03
                               ERR DEF= 0.5
 FCN=101.324 FROM MIGRAD    STATUS=CONVERGED     917 CALLS         918 TOTAL
                     EDM=9.94192e-08    STRATEGY= 1      ERROR MATRIX ACCURATE 
  EXT PARAMETER                                   STEP         FIRST   
  NO.   NAME      VALUE            ERROR          SIZE      DERIVATIVE 
   1  p0           7.71040e+01   3.45634e+00   7.26995e-04  -9.36410e-04
   2  p1           1.00329e+00   3.94669e-04   1.32180e-04  -1.74419e-04
   3  p2           9.64112e-03   3.78753e-04   1.79885e-04  -3.62260e-03
   4  p3           1.17412e+01   8.93949e-01   2.92775e-03  -6.09511e-04
   5  p4           5.21249e+00   5.14636e-01   1.64941e-03   1.23448e-03
   6  p5           1.00720e+00   5.97433e-03   2.13568e-05   2.53628e-02
   7  p6          -5.25741e-11   5.58106e-02   3.31153e-03** at limit **
   8  p7           1.56596e-02   1.96467e-03   2.84742e-04   4.72705e-04
                               ERR DEF= 0.5
 FCN=101.243 FROM MIGRAD    STATUS=CONVERGED    1031 CALLS        1032 TOTAL
                     EDM=1.15036e-07    STRATEGY= 1      ERROR MATRIX ACCURATE 
  EXT PARAMETER                                   STEP         FIRST   
  NO.   NAME      VALUE            ERROR          SIZE      DERIVATIVE 
   1  p0           7.95751e+01   3.67760e+00   7.26715e-04  -1.77511e-04
   2  p1           1.00316e+00   3.86983e-04   1.22252e-04  -2.71347e-03
   3  p2           8.86121e-03   3.35576e-04   1.71711e-04  -1.15188e-03
   4  p3           1.35772e+01   9.37527e-01   3.29303e-03  -2.49725e-04
   5  p4           6.21432e+00   5.12056e-01   1.73046e-03   4.68950e-04
   6  p5           9.99848e-01   6.22950e-03   2.02569e-05  -6.55114e-03
   7  p6          -1.84486e-09   1.41975e-01   5.33203e-03** at limit **
   8  p7           1.26910e-02   1.74841e-03   2.84987e-04  -5.89399e-03
                               ERR DEF= 0.5
 FCN=117.485 FROM MIGRAD    STATUS=CONVERGED     766 CALLS         767 TOTAL
                     EDM=5.94181e-08    STRATEGY= 1  ERROR MATRIX UNCERTAINTY   2.4 per cent
  EXT PARAMETER                                   STEP         FIRST   
  NO.   NAME      VALUE            ERROR          SIZE      DERIVATIVE 
   1  p0           7.40815e+01   3.37087e+00  -2.37968e-05   1.17056e-03
   2  p1           1.00261e+00   4.07954e-04   5.38575e-06   4.09016e-03
   3  p2           9.37002e-03   3.44577e-04   7.70611e-06   7.36548e-03
   4  p3           1.19975e+01   9.25732e-01  -2.12955e-04  -4.37017e-04
   5  p4           6.34770e+00   5.36190e-01  -2.21987e-04   7.13250e-04
   6  p5           1.00196e+00   4.70749e-03   3.55319e-07   3.13969e-02
   7  p6          -1.48104e-13   1.87638e-02  -7.59270e-04** at limit **
   8  p7           1.15956e-02   1.35747e-03  -4.70914e-05   2.20297e-04
                               ERR DEF= 0.5
 FCN=92.9566 FROM MIGRAD    STATUS=CONVERGED     770 CALLS         771 TOTAL
                     EDM=5.77733e-08    STRATEGY= 1  ERROR MATRIX UNCERTAINTY   2.2 per cent
  EXT PARAMETER                                   STEP         FIRST   
  NO.   NAME      VALUE            ERROR          SIZE      DERIVATIVE 
   1  p0           7.59275e+01   3.62091e+00   8.94567e-05  -4.69901e-04
   2  p1           1.00268e+00   3.75165e-04   2.13518e-05   1.07272e-02
   3  p2           8.42143e-03   3.26584e-04  -1.76889e-05   3.27329e-03
   4  p3           1.22126e+01   8.89229e-01   1.82164e-04   1.05584e-05
   5  p4           6.96984e+00   5.67977e-01  -1.16644e-03   7.09006e-05
   6  p5           9.97525e-01   5.80282e-03   5.45455e-06   1.50879e-02
   7  p6          -2.23973e-09   4.25472e-02   2.08059e-04** at limit **
   8  p7           1.24543e-02   1.60556e-03  -1.55590e-05   1.12626e-03
                               ERR DEF= 0.5
 FCN=130.616 FROM MIGRAD    STATUS=CONVERGED     924 CALLS         925 TOTAL
                     EDM=4.21285e-07    STRATEGY= 1  ERROR MATRIX UNCERTAINTY   1.4 per cent
  EXT PARAMETER                                   STEP         FIRST   
  NO.   NAME      VALUE            ERROR          SIZE      DERIVATIVE 
   1  p0           8.28596e+01   3.98098e+00   1.10104e-05  -4.44963e-03
   2  p1           1.00173e+00   3.55391e-04   5.37573e-05  -4.71883e-04
   3  p2           7.61648e-03   2.94681e-04   3.61508e-05  -1.83864e-02
   4  p3           1.89662e+01   1.17689e+00  -1.11162e-04  -6.03164e-07
   5  p4           1.01937e+01   5.81807e-01  -2.32324e-06  -1.19316e-03
   6  p5           9.93978e-01   3.89177e-03   6.22238e-06  -1.89142e-01
   7  p6          -5.40176e-10   4.91159e-03   5.81501e-04** at limit **
   8  p7           1.17823e-02   1.07707e-03  -7.93722e-05  -5.86347e-03
                               ERR DEF= 0.5
 FCN=96.2282 FROM MIGRAD    STATUS=CONVERGED    1029 CALLS        1030 TOTAL
                     EDM=5.36523e-09    STRATEGY= 1  ERROR MATRIX UNCERTAINTY   3.0 per cent
  EXT PARAMETER                                   STEP         FIRST   
  NO.   NAME      VALUE            ERROR          SIZE      DERIVATIVE 
   1  p0           9.32129e+01   4.37922e+00   4.88041e-05   1.80274e-04
   2  p1           1.00123e+00   3.25675e-04   1.07759e-06   3.62139e-04
   3  p2           6.95922e-03   2.77375e-04  -1.28536e-05   1.17350e-03
   4  p3           1.86171e+01   1.09465e+00   3.04854e-04   6.89110e-05
   5  p4           8.50672e+00   5.17113e-01  -2.35789e-04  -4.84836e-05
   6  p5           9.93963e-01   4.56830e-03   9.56338e-07   1.79997e-02
   7  p6          -2.54399e-10   6.94899e-02  -9.18451e-05** at limit **
   8  p7           1.10081e-02   1.24524e-03  -2.89811e-07   1.24794e-03
                               ERR DEF= 0.5
 FCN=126.783 FROM MIGRAD    STATUS=CONVERGED    1030 CALLS        1031 TOTAL
                     EDM=4.17109e-07    STRATEGY= 1      ERROR MATRIX ACCURATE 
  EXT PARAMETER                                   STEP         FIRST   
  NO.   NAME      VALUE            ERROR          SIZE      DERIVATIVE 
   1  p0           9.47041e+01   4.38774e+00   8.51091e-04  -1.11393e-04
   2  p1           1.00085e+00   3.54838e-04   1.14760e-04   1.99385e-02
   3  p2           7.16642e-03   3.17751e-04   2.14435e-04  -7.43128e-04
   4  p3           2.34555e+01   1.18354e+00   5.69364e-03  -1.21590e-04
   5  p4           8.70661e+00   1.30417e+00   1.65404e-03   2.89360e-04
   6  p5           9.90890e-01   5.02256e-03   1.57667e-05   5.79271e-02
   7  p6          -3.85120e-02   3.46766e-02   2.70197e-04  -3.41903e-03
   8  p7           1.36733e-02   1.30063e-03   2.24813e-04  -5.88030e-04
                               ERR DEF= 0.5
 FCN=111.154 FROM MIGRAD    STATUS=CONVERGED     904 CALLS         905 TOTAL
                     EDM=9.97264e-07    STRATEGY= 1      ERROR MATRIX ACCURATE 
  EXT PARAMETER                                   STEP         FIRST   
  NO.   NAME      VALUE            ERROR          SIZE      DERIVATIVE 
   1  p0           8.20893e+01   4.11052e+00   8.29332e-04   1.36566e-03
   2  p1           1.00019e+00   4.09148e-04   1.18407e-04  -3.46970e-03
   3  p2           7.64271e-03   3.45347e-04   2.00316e-04   3.47498e-03
   4  p3           2.04854e+01   1.25802e+00   4.78513e-03  -8.24939e-04
   5  p4           8.87664e+00   5.00606e-01   1.93235e-03   2.71541e-03
   6  p5           9.93947e-01   4.44699e-03   1.55298e-05   3.21425e-01
   7  p6          -2.68528e-08   1.39587e-01   5.70117e-03** at limit **
   8  p7           9.87935e-03   1.15797e-03   2.74194e-04   1.21661e-02
                               ERR DEF= 0.5
 FCN=120.187 FROM MIGRAD    STATUS=CONVERGED     884 CALLS         885 TOTAL
                     EDM=5.26632e-08    STRATEGY= 1  ERROR MATRIX UNCERTAINTY   2.6 per cent
  EXT PARAMETER                                   STEP         FIRST   
  NO.   NAME      VALUE            ERROR          SIZE      DERIVATIVE 
   1  p0           9.12785e+01   4.46704e+00  -2.77652e-04   9.56166e-04
   2  p1           1.00038e+00   3.29250e-04   1.60063e-05   1.05393e-02
   3  p2           6.68286e-03   3.01343e-04   5.57097e-05   3.47226e-03
   4  p3           2.11121e+01   1.23002e+00   1.50405e-03  -1.68409e-06
   5  p4           9.71879e+00   5.41284e-01   1.22886e-03   4.44339e-04
   6  p5           9.93710e-01   3.71077e-03  -7.97569e-06   2.13145e-02
   7  p6          -3.32789e-11   8.44401e-03   1.75921e-04** at limit **
   8  p7           1.18598e-02   1.06433e-03   2.73173e-05   1.70105e-03
                               ERR DEF= 0.5
 FCN=118.331 FROM MIGRAD    STATUS=CONVERGED    1009 CALLS        1010 TOTAL
                     EDM=4.57024e-07    STRATEGY= 1      ERROR MATRIX ACCURATE 
  EXT PARAMETER                                   STEP         FIRST   
  NO.   NAME      VALUE            ERROR          SIZE      DERIVATIVE 
   1  p0           1.16579e+02   5.00781e+00   7.75446e-04  -2.24430e-03
   2  p1           9.99325e-01   2.91423e-04   9.56328e-05  -6.85115e-03
   3  p2           6.84599e-03   2.41668e-04   1.87791e-04  -1.65083e-02
   4  p3           2.23464e+01   1.31420e+00   5.30544e-03  -4.47817e-04
   5  p4           9.39966e+00   4.88616e-01   1.99778e-03   4.00107e-04
   6  p5           9.95537e-01   3.11983e-03   1.40327e-05  -1.04660e-01
   7  p6          -2.15068e-10   5.41494e-03   1.10937e-03** at limit **
   8  p7           9.68463e-03   8.99588e-04   2.49057e-04  -1.27688e-02
                               ERR DEF= 0.5
 FCN=155.255 FROM MIGRAD    STATUS=CONVERGED     947 CALLS         948 TOTAL
                     EDM=4.23834e-08    STRATEGY= 1  ERROR MATRIX UNCERTAINTY   0.7 per cent
  EXT PARAMETER                                   STEP         FIRST   
  NO.   NAME      VALUE            ERROR          SIZE      DERIVATIVE 
   1  p0           1.22693e+02   5.03394e+00   1.17195e-04   3.76889e-04
   2  p1           9.99177e-01   2.93135e-04   3.08076e-05  -1.66907e-03
   3  p2           6.84144e-03   2.48270e-04  -1.30821e-05   1.71441e-03
   4  p3           2.49644e+01   1.33856e+00   3.06366e-04  -2.33079e-05
   5  p4           9.00197e+00   4.49737e-01  -1.72443e-04   4.62192e-04
   6  p5           9.94372e-01   2.94537e-03  -6.18565e-06   1.03369e-01
   7  p6          -1.08934e-11   4.40201e-03  -3.77599e-05** at limit **
   8  p7           1.07801e-02   8.95457e-04   3.59042e-05  -1.45646e-03
                               ERR DEF= 0.5
 FCN=151.191 FROM MIGRAD    STATUS=CONVERGED    1013 CALLS        1014 TOTAL
                     EDM=1.66298e-07    STRATEGY= 1  ERROR MATRIX UNCERTAINTY   3.1 per cent
  EXT PARAMETER                                   STEP         FIRST   
  NO.   NAME      VALUE            ERROR          SIZE      DERIVATIVE 
   1  p0           1.56842e+02   5.81577e+00   1.04792e-04  -3.98028e-03
   2  p1           9.98968e-01   2.48091e-04  -2.53344e-05  -1.16380e-02
   3  p2           6.66064e-03   2.12303e-04  -2.04464e-04  -3.32140e-03
   4  p3           3.22049e+01   1.61395e+00   7.03271e-03  -7.14851e-05
   5  p4           1.02963e+01   4.43992e-01   9.19632e-04   4.16100e-04
   6  p5           9.95382e-01   2.42181e-03   6.78455e-06  -1.14908e-01
   7  p6          -1.22787e-10   3.10330e-03   1.94404e-04** at limit **
   8  p7           1.04622e-02   7.32958e-04  -9.04672e-05   4.79891e-04
                               ERR DEF= 0.5
 FCN=156.323 FROM MIGRAD    STATUS=CONVERGED     978 CALLS         979 TOTAL
                     EDM=2.14912e-07    STRATEGY= 1  ERROR MATRIX UNCERTAINTY   3.4 per cent
  EXT PARAMETER                                   STEP         FIRST   
  NO.   NAME      VALUE            ERROR          SIZE      DERIVATIVE 
   1  p0           1.76382e+02   5.99308e+00   2.27180e-05   2.01486e-03
   2  p1           9.98226e-01   2.35139e-04   9.11906e-06   1.42976e-03
   3  p2           6.95677e-03   1.92559e-04  -2.40911e-06  -9.37501e-03
   4  p3           3.40104e+01   1.68114e+00   2.03958e-03  -4.15329e-04
   5  p4           1.06297e+01   4.37161e-01   9.33130e-04   1.63775e-03
   6  p5           9.92897e-01   2.38605e-03  -1.49911e-06   1.06369e-01
   7  p6          -1.40932e-10   2.82790e-03  -3.20159e-04** at limit **
   8  p7           1.08647e-02   7.10665e-04   1.05485e-05   5.12477e-03
                               ERR DEF= 0.5

****************************************
Minimizer is Linear
Chi2                      =       9.1541
NDf                       =           14
p0                        =      1.00941   +/-   0.000398992 
p1                        = -4.60435e-06   +/-   2.05762e-07 
Calculation of survival fraction for 2104
 FCN=149.033 FROM MIGRAD    STATUS=CONVERGED     116 CALLS         117 TOTAL
                     EDM=1.77256e-10    STRATEGY= 1      ERROR MATRIX ACCURATE 
  EXT PARAMETER                                   STEP         FIRST   
  NO.   NAME      VALUE            ERROR          SIZE      DERIVATIVE 
   1  p0           8.49377e+01   3.61297e+00   2.36467e-02  -4.60217e-06
   2  p1           2.10353e+03   6.76015e-02   1.00304e-03  -4.52752e-05
   3  p2           1.73453e+00   6.64048e-02   3.26435e-05  -2.14754e-03
   4  p3           1.57860e+01   2.48413e-01   2.03279e-03  -1.27474e-05
                               ERR DEF= 0.5
Area_tot = 2142
Area_tot_psa = 636
Area = 1307
Area_psa = 200
 FCN=160.043 FROM MIGRAD    STATUS=CONVERGED      99 CALLS         100 TOTAL
                     EDM=1.54477e-08    STRATEGY= 1      ERROR MATRIX ACCURATE 
  EXT PARAMETER                                   STEP         FIRST   
  NO.   NAME      VALUE            ERROR          SIZE      DERIVATIVE 
   1  p0           1.27815e+01   1.89723e+00   1.21718e-02  -8.70984e-06
   2  p1           2.10360e+03   2.24276e-01   1.95306e-03   4.73008e-04
   3  p2           1.59394e+00   2.74880e-01   1.36537e-04   6.57180e-04
   4  p3           7.79105e+00   1.76852e-01   1.47620e-03   3.49322e-04
                               ERR DEF= 0.5
Calculation of survival fraction for 2614.5
 FCN=209.083 FROM MIGRAD    STATUS=CONVERGED     151 CALLS         152 TOTAL
                     EDM=6.19666e-07    STRATEGY= 1  ERROR MATRIX UNCERTAINTY   2.7 per cent
  EXT PARAMETER                                   STEP         FIRST   
  NO.   NAME      VALUE            ERROR          SIZE      DERIVATIVE 
   1  p0           7.89085e+02   1.02661e+01  -4.25954e-02  -3.20253e-05
   2  p1           2.61466e+03   1.45931e-02  -2.52680e-04  -5.76812e-02
   3  p2           1.37129e+00   1.06284e-02   1.22139e-06  -1.84801e-01
   4  p3           9.35174e-01   7.65410e-02  -8.54922e-04  -6.40931e-03
                               ERR DEF= 0.5
Area_tot = 9110
Area_tot_psa = 1871
Area = 9039
Area_psa = 1861
 FCN=119.562 FROM MIGRAD    STATUS=CONVERGED     224 CALLS         225 TOTAL
                     EDM=1.39489e-08    STRATEGY= 1  ERROR MATRIX UNCERTAINTY   2.0 per cent
  EXT PARAMETER                                   STEP         FIRST   
  NO.   NAME      VALUE            ERROR          SIZE      DERIVATIVE 
   1  p0           1.60844e+02   4.74802e+00   3.80566e-03   3.31038e-05
   2  p1           2.61474e+03   3.25477e-02  -6.95830e-05  -1.32487e-03
   3  p2           1.37513e+00   2.44514e-02  -1.88004e-07   4.35685e-03
   4  p3           1.51121e-02   8.87742e-03   1.18616e-05  -4.19008e-03
                               ERR DEF= 0.5
Calculation of survival fraction background at 2039
Area = 3563
Area_psa = 1793
Calculation of survival fraction background at 2380
Area = 1441
Area_psa = 694
