
[1mRooFit v3.60 -- Developed by Wouter Verkerke and David Kirkby[0m 
                Copyright (C) 2000-2013 NIKHEF, University of California & Stanford University
                All rights reserved, please read http://roofit.sourceforge.net/license.txt

Using file /nfs/gerda6/users/burlac/psd/analysis/run0098-cal_dplms_100.tier.root
Analizing channel 5
DPLMS analysis with weight 100
Total events = 17201607
event n.1000000
event n.2000000
event n.3000000
event n.4000000
event n.5000000
event n.6000000
event n.7000000
event n.8000000
event n.9000000
event n.10000000
event n.11000000
event n.12000000
event n.13000000
event n.14000000
event n.15000000
event n.16000000
event n.17000000
Selected events: 95594
The time to read waveforms: 48.38 s
Initialization of DEP&FEP background  = 11.5
 FCN=101.679 FROM MIGRAD    STATUS=CONVERGED     179 CALLS         180 TOTAL
                     EDM=3.92749e-07    STRATEGY= 1  ERROR MATRIX UNCERTAINTY   6.0 per cent
  EXT PARAMETER                                   STEP         FIRST   
  NO.   NAME      VALUE            ERROR          SIZE      DERIVATIVE 
   1  p0           1.34588e+02   5.55085e+00   6.98795e-03   4.76106e-05
   2  p1           1.59241e+03   3.51528e-02   1.96315e-05   7.15588e-03
   3  p2           9.48407e-01   2.94413e-02   2.97025e-07   1.13266e-01
   4  p3           4.57623e+01   3.85361e+00  -2.57169e-02  -1.56552e-04
   5  p4           1.62071e+03   7.31519e-02   3.92171e-05   2.81469e-03
   6  p5           8.85936e-01   6.65772e-02   3.61145e-05  -1.39067e-01
   7  p6           1.28779e+01   2.60497e-01  -7.16045e-04  -5.93847e-04
                               ERR DEF= 0.5
mean_aoe = 0.0731
AoE: max = 1.57557 max = 0.0261876
 FCN=0.74157 FROM MIGRAD    STATUS=CONVERGED     370 CALLS         371 TOTAL
                     EDM=2.0815e-08    STRATEGY= 1  ERROR MATRIX UNCERTAINTY   3.0 per cent
  EXT PARAMETER                                   STEP         FIRST   
  NO.   NAME      VALUE            ERROR          SIZE      DERIVATIVE 
   1  p0           9.67759e-01   5.53655e-01   1.55590e-03  -1.72217e-04
   2  p1           1.00278e+00   3.51665e-03  -7.23555e-06  -4.51676e-02
   3  p2           7.49089e-03   2.66187e-03   2.29952e-05  -4.76976e-03
   4  p3           4.14710e-03   5.44382e-03   1.55612e-05   1.55643e-01
   5  p4           2.48504e-03   3.25825e-03   9.31264e-06  -2.57748e-01
                               ERR DEF= 0.5
Analysis with a fixed bin for LowCut
Total integral = 1075
AoE_lowCut = 1984 -> 0.99175
CutIntegral = 965
SF_dep = 0.897674
sigma_aoe = 0.00749089
 FCN=99.8537 FROM MIGRAD    STATUS=CONVERGED     172 CALLS         173 TOTAL
                     EDM=1.11621e-06    STRATEGY= 1      ERROR MATRIX ACCURATE 
  EXT PARAMETER                                   STEP         FIRST   
  NO.   NAME      VALUE            ERROR          SIZE      DERIVATIVE 
   1  p0           1.16884e+02   5.05144e+00   2.78271e-02   1.00702e-04
   2  p1           1.59245e+03   3.58133e-02   7.59339e-04  -3.86478e-03
   3  p2           9.58715e-01   2.97485e-02   1.66891e-05  -2.44718e-02
   4  p3           9.16752e+00   2.28496e+00   1.32118e-02  -6.10750e-05
   5  p4           1.62058e+03   1.72311e-01   1.17761e-03  -1.59373e-03
   6  p5           6.51258e-01   1.39494e-01   9.91790e-05   4.28672e-02
   7  p6           5.82158e+00   1.78450e-01   1.20179e-03   2.08076e-03
                               ERR DEF= 0.5
AreaDEP_tot = 1461
Area_DEP_tot_psa = 1135
AreaDEP = 1068
Area_DEP_psa = 946
Area_FEP_tot = 713
Area_FEP_tot_psa = 227
Area_FEP = 327
Area_FEP_psa = 40
Calculation of AoE vs E correction
 FCN=100.072 FROM MIGRAD    STATUS=CONVERGED    1030 CALLS        1031 TOTAL
                     EDM=9.30648e-08    STRATEGY= 1      ERROR MATRIX ACCURATE 
  EXT PARAMETER                                   STEP         FIRST   
  NO.   NAME      VALUE            ERROR          SIZE      DERIVATIVE 
   1  p0           6.90903e+01   3.12466e+00   6.50199e-04  -1.98523e-03
   2  p1           1.00408e+00   5.04572e-04   1.62402e-04   4.15998e-03
   3  p2           1.27297e-02   4.53350e-04   1.79014e-04  -4.16662e-03
   4  p3           1.31232e+01   1.01184e+00   2.94199e-03  -3.49794e-04
   5  p4           4.26164e+00   4.61891e-01   1.39483e-03   5.08691e-04
   6  p5           1.00926e+00   7.57941e-03   2.24637e-05  -1.58856e-03
   7  p6          -1.88786e-09   1.00291e-01   4.50394e-03** at limit **
   8  p7           1.47311e-02   2.21296e-03   2.90543e-04   2.04531e-03
                               ERR DEF= 0.5
 FCN=111.345 FROM MIGRAD    STATUS=CONVERGED     937 CALLS         938 TOTAL
                     EDM=1.70354e-08    STRATEGY= 1  ERROR MATRIX UNCERTAINTY   2.8 per cent
  EXT PARAMETER                                   STEP         FIRST   
  NO.   NAME      VALUE            ERROR          SIZE      DERIVATIVE 
   1  p0           7.04506e+01   3.19424e+00   9.93866e-05   5.87539e-04
   2  p1           1.00425e+00   4.55862e-04  -3.07116e-05   1.49914e-03
   3  p2           1.12822e-02   4.15061e-04  -7.52567e-05   1.75786e-03
   4  p3           1.29148e+01   9.93513e-01   2.89275e-04  -2.12161e-04
   5  p4           5.27873e+00   5.00847e-01  -4.34890e-04   5.39704e-04
   6  p5           1.01315e+00   7.33326e-03   1.21799e-05   1.79786e-02
   7  p6          -3.54837e-10   6.04028e-02   8.71823e-04** at limit **
   8  p7           1.45342e-02   2.38522e-03  -1.06278e-04  -5.47443e-04
                               ERR DEF= 0.5
 FCN=97.0967 FROM MIGRAD    STATUS=CONVERGED     943 CALLS         944 TOTAL
                     EDM=1.57756e-06    STRATEGY= 1      ERROR MATRIX ACCURATE 
  EXT PARAMETER                                   STEP         FIRST   
  NO.   NAME      VALUE            ERROR          SIZE      DERIVATIVE 
   1  p0           6.94329e+01   3.14488e+00   7.05614e-04   2.45641e-03
   2  p1           1.00348e+00   4.22184e-04   1.37539e-04  -1.07237e-02
   3  p2           1.01207e-02   4.08439e-04   1.77712e-04  -9.82477e-03
   4  p3           1.00541e+01   8.00010e-01   2.69139e-03  -7.46050e-04
   5  p4           5.53791e+00   6.21658e-01   1.83526e-03   2.85599e-04
   6  p5           1.00066e+00   9.17073e-03   2.57108e-05  -1.77993e-02
   7  p6          -1.13018e-07   1.11638e-01   4.48565e-03** at limit **
   8  p7           1.89610e-02   2.81599e-03   3.06181e-04   1.77398e-03
                               ERR DEF= 0.5
 FCN=113.273 FROM MIGRAD    STATUS=CONVERGED     791 CALLS         792 TOTAL
                     EDM=1.41664e-06    STRATEGY= 1      ERROR MATRIX ACCURATE 
  EXT PARAMETER                                   STEP         FIRST   
  NO.   NAME      VALUE            ERROR          SIZE      DERIVATIVE 
   1  p0           7.20640e+01   3.36240e+00   8.02737e-04  -4.76469e-03
   2  p1           1.00323e+00   4.06157e-04   1.38266e-04   4.01358e-02
   3  p2           9.41277e-03   3.99278e-04   1.86872e-04   4.82763e-03
   4  p3           1.35631e+01   3.20983e+00   3.85178e-03  -2.71378e-04
   5  p4           3.83860e+00   2.24137e+00   9.73580e-04   1.29750e-03
   6  p5           9.97955e-01   1.15661e-02   2.56532e-05   3.99173e-02
   7  p6          -2.23764e-01   2.25893e-01   2.04489e-04  -5.31247e-03
   8  p7           1.52373e-02   2.89604e-03   3.46150e-04   5.47778e-03
                               ERR DEF= 0.5
 FCN=96.4817 FROM MIGRAD    STATUS=CONVERGED    1075 CALLS        1076 TOTAL
                     EDM=4.03224e-07    STRATEGY= 1  ERROR MATRIX UNCERTAINTY   4.7 per cent
  EXT PARAMETER                                   STEP         FIRST   
  NO.   NAME      VALUE            ERROR          SIZE      DERIVATIVE 
   1  p0           7.88340e+01   3.75487e+00  -3.16495e-05   1.66626e-03
   2  p1           1.00243e+00   3.53929e-04   6.88425e-06  -7.80834e-03
   3  p2           8.17124e-03   3.38164e-04  -4.11432e-06   8.03601e-03
   4  p3           1.18892e+01   9.25172e-01  -5.61406e-05   3.33567e-04
   5  p4           7.19194e+00   6.01000e-01  -9.94913e-04  -7.82631e-04
   6  p5           1.00445e+00   6.17306e-03  -8.24429e-07  -1.36020e-02
   7  p6          -2.97936e-08   6.90638e-02   1.30019e-04** at limit **
   8  p7           1.49313e-02   2.01381e-03   4.66674e-05  -1.74974e-03
                               ERR DEF= 0.5
 FCN=104.122 FROM MIGRAD    STATUS=CONVERGED     826 CALLS         827 TOTAL
                     EDM=6.20442e-07    STRATEGY= 1  ERROR MATRIX UNCERTAINTY   2.3 per cent
  EXT PARAMETER                                   STEP         FIRST   
  NO.   NAME      VALUE            ERROR          SIZE      DERIVATIVE 
   1  p0           7.00874e+01   3.51616e+00  -1.31284e-04  -4.52329e-03
   2  p1           1.00192e+00   4.26172e-04   1.75830e-05  -2.12811e-02
   3  p2           9.10209e-03   3.80807e-04  -3.41477e-05  -2.58290e-02
   4  p3           1.24773e+01   1.03233e+00   7.04828e-04  -1.48382e-03
   5  p4           6.97603e+00   5.61425e-01   9.55695e-04   2.31379e-03
   6  p5           1.00377e+00   5.46861e-03  -2.46073e-06  -4.81436e-02
   7  p6          -1.20085e-08   4.68690e-02   2.98170e-03** at limit **
   8  p7           1.13703e-02   1.61662e-03   6.91784e-06  -3.91269e-03
                               ERR DEF= 0.5
 FCN=108.442 FROM MIGRAD    STATUS=CONVERGED     692 CALLS         693 TOTAL
                     EDM=5.36203e-07    STRATEGY= 1  ERROR MATRIX UNCERTAINTY   2.0 per cent
  EXT PARAMETER                                   STEP         FIRST   
  NO.   NAME      VALUE            ERROR          SIZE      DERIVATIVE 
   1  p0           6.37455e+01   3.42655e+00   6.46082e-05   5.60040e-04
   2  p1           1.00217e+00   4.31161e-04  -6.24438e-06   1.52357e-03
   3  p2           8.48877e-03   3.66701e-04   3.17910e-05  -7.01046e-03
   4  p3           1.41357e+01   1.04140e+00   3.73622e-04  -1.39151e-03
   5  p4           8.24097e+00   5.76381e-01   5.52426e-04   2.58729e-03
   6  p5           9.99865e-01   4.66203e-03  -4.05237e-06   2.87662e-01
   7  p6          -4.24456e-11   1.10051e-02  -7.19819e-04** at limit **
   8  p7           1.18261e-02   1.32910e-03   3.08754e-05   7.81204e-03
                               ERR DEF= 0.5
 FCN=135.759 FROM MIGRAD    STATUS=CONVERGED     975 CALLS         976 TOTAL
                     EDM=2.62951e-09    STRATEGY= 1  ERROR MATRIX UNCERTAINTY   1.8 per cent
  EXT PARAMETER                                   STEP         FIRST   
  NO.   NAME      VALUE            ERROR          SIZE      DERIVATIVE 
   1  p0           7.29584e+01   3.49336e+00   1.42363e-05   1.86948e-04
   2  p1           9.99798e-01   3.91223e-04  -6.07614e-06  -1.41390e-03
   3  p2           8.49220e-03   3.30039e-04   4.39701e-06   6.22322e-04
   4  p3           1.78609e+01   1.10630e+00  -4.71626e-04   6.14178e-05
   5  p4           1.03477e+01   6.41901e-01   1.55313e-04  -4.13818e-05
   6  p5           9.87063e-01   4.85941e-03  -1.32594e-06   1.41548e-02
   7  p6          -3.70926e-12   6.45626e-03  -1.34395e-04** at limit **
   8  p7           1.67447e-02   1.29239e-03   1.85628e-05   1.10284e-03
                               ERR DEF= 0.5
 FCN=133.285 FROM MIGRAD    STATUS=CONVERGED     993 CALLS         994 TOTAL
                     EDM=2.41685e-07    STRATEGY= 1      ERROR MATRIX ACCURATE 
  EXT PARAMETER                                   STEP         FIRST   
  NO.   NAME      VALUE            ERROR          SIZE      DERIVATIVE 
   1  p0           7.98888e+01   4.00195e+00   9.03481e-04  -1.08811e-03
   2  p1           9.99787e-01   3.79758e-04   1.30661e-04  -1.64793e-03
   3  p2           7.41277e-03   3.54977e-04   2.35332e-04  -4.51718e-03
   4  p3           1.91830e+01   1.18393e+00   5.29555e-03  -3.74720e-04
   5  p4           9.99128e+00   6.19609e-01   2.42985e-03   1.44955e-04
   6  p5           9.90930e-01   5.51688e-03   1.81646e-05   3.41491e-02
   7  p6          -6.45252e-10   8.85079e-03   1.49809e-03** at limit **
   8  p7           1.38922e-02   1.45182e-03   2.38148e-04   4.27918e-03
                               ERR DEF= 0.5
 FCN=109.707 FROM MIGRAD    STATUS=CONVERGED    1127 CALLS        1128 TOTAL
                     EDM=1.51666e-07    STRATEGY= 1      ERROR MATRIX ACCURATE 
  EXT PARAMETER                                   STEP         FIRST   
  NO.   NAME      VALUE            ERROR          SIZE      DERIVATIVE 
   1  p0           8.23599e+01   3.94725e+00   7.94160e-04  -4.63684e-04
   2  p1           9.98805e-01   3.68768e-04   1.16877e-04   1.10304e-02
   3  p2           7.66996e-03   3.25995e-04   1.97131e-04  -2.72797e-03
   4  p3           2.00255e+01   1.06664e+00   4.98343e-03   2.37820e-04
   5  p4           8.72837e+00   1.53154e+00   1.61120e-03  -4.19514e-04
   6  p5           9.87732e-01   5.70302e-03   1.64265e-05  -9.08530e-02
   7  p6          -4.80612e-02   4.10324e-02   2.37638e-04   2.51256e-03
   8  p7           1.37852e-02   1.37682e-03   2.29847e-04  -2.32968e-04
                               ERR DEF= 0.5
 FCN=102.528 FROM MIGRAD    STATUS=CONVERGED     913 CALLS         914 TOTAL
                     EDM=5.95139e-07    STRATEGY= 1  ERROR MATRIX UNCERTAINTY   2.1 per cent
  EXT PARAMETER                                   STEP         FIRST   
  NO.   NAME      VALUE            ERROR          SIZE      DERIVATIVE 
   1  p0           8.01320e+01   3.92247e+00   1.54361e-04   4.42060e-03
   2  p1           9.99310e-01   4.08013e-04  -3.25320e-06   2.81141e-02
   3  p2           7.70005e-03   3.68150e-04   8.88764e-05  -5.65401e-04
   4  p3           1.92942e+01   1.26133e+00  -1.28093e-03  -9.52161e-04
   5  p4           9.86427e+00   5.73217e-01   4.27931e-04   1.77085e-03
   6  p5           9.93317e-01   5.01304e-03  -1.15326e-05   8.97792e-02
   7  p6          -7.32639e-10   2.25535e-02   2.59252e-03** at limit **
   8  p7           1.21130e-02   1.36079e-03   4.16339e-05   3.07594e-04
                               ERR DEF= 0.5
 FCN=140.565 FROM MIGRAD    STATUS=CONVERGED     944 CALLS         945 TOTAL
                     EDM=5.35342e-07    STRATEGY= 1  ERROR MATRIX UNCERTAINTY   4.6 per cent
  EXT PARAMETER                                   STEP         FIRST   
  NO.   NAME      VALUE            ERROR          SIZE      DERIVATIVE 
   1  p0           8.75563e+01   4.02658e+00  -2.17608e-04  -2.63580e-03
   2  p1           9.98464e-01   3.40539e-04  -1.12633e-05   1.21950e-03
   3  p2           7.63057e-03   3.02613e-04  -2.35343e-06  -4.74535e-03
   4  p3           1.59172e+01   1.01584e+00   2.66783e-03  -6.05406e-04
   5  p4           9.15993e+00   6.08099e-01   3.17818e-03   1.98131e-03
   6  p5           9.89543e-01   5.44464e-03  -5.39586e-06   3.19854e-02
   7  p6          -7.76680e-09   1.92928e-02   2.17099e-03** at limit **
   8  p7           1.53286e-02   1.52469e-03   1.55899e-05  -5.15242e-04
                               ERR DEF= 0.5
 FCN=136.13 FROM MIGRAD    STATUS=CONVERGED     937 CALLS         938 TOTAL
                     EDM=1.57351e-07    STRATEGY= 1  ERROR MATRIX UNCERTAINTY   1.7 per cent
  EXT PARAMETER                                   STEP         FIRST   
  NO.   NAME      VALUE            ERROR          SIZE      DERIVATIVE 
   1  p0           9.55134e+01   4.16353e+00   2.79263e-05   2.30726e-03
   2  p1           9.96914e-01   3.39313e-04  -1.17759e-06   2.31225e-04
   3  p2           7.91493e-03   3.04378e-04   1.07539e-05   7.59106e-03
   4  p3           1.76081e+01   1.18290e+00   2.01550e-03  -3.71595e-04
   5  p4           9.56297e+00   5.96768e-01   1.33522e-03   1.16077e-03
   6  p5           9.91419e-01   4.39753e-03  -6.80681e-06   1.62737e-01
   7  p6          -7.21293e-10   6.62584e-03   9.14283e-04** at limit **
   8  p7           1.48628e-02   1.29959e-03   2.47423e-05   5.92855e-03
                               ERR DEF= 0.5
 FCN=138.483 FROM MIGRAD    STATUS=CONVERGED    1051 CALLS        1052 TOTAL
                     EDM=4.28749e-07    STRATEGY= 1  ERROR MATRIX UNCERTAINTY   3.1 per cent
  EXT PARAMETER                                   STEP         FIRST   
  NO.   NAME      VALUE            ERROR          SIZE      DERIVATIVE 
   1  p0           1.10375e+02   4.68455e+00  -6.31913e-05  -2.55436e-03
   2  p1           9.96648e-01   3.14690e-04   2.56980e-05   2.52567e-02
   3  p2           7.24657e-03   2.78903e-04  -3.36242e-04   1.75893e-02
   4  p3           2.34142e+01   1.38403e+00   2.03624e-02   4.68303e-04
   5  p4           1.00457e+01   5.40377e-01   4.29930e-03  -6.49565e-04
   6  p5           9.92734e-01   3.35592e-03   2.53194e-05  -1.18422e-01
   7  p6          -8.80285e-12   4.54887e-03  -3.42522e-05** at limit **
   8  p7           1.41958e-02   1.04246e-03  -2.51027e-04  -4.64980e-03
                               ERR DEF= 0.5
 FCN=145.914 FROM MIGRAD    STATUS=CONVERGED    1000 CALLS        1001 TOTAL
                     EDM=4.16901e-07    STRATEGY= 1  ERROR MATRIX UNCERTAINTY   1.3 per cent
  EXT PARAMETER                                   STEP         FIRST   
  NO.   NAME      VALUE            ERROR          SIZE      DERIVATIVE 
   1  p0           1.32740e+02   5.25199e+00   9.25008e-05   4.32807e-03
   2  p1           9.96529e-01   2.71324e-04   2.41619e-05  -1.18060e-02
   3  p2           7.05102e-03   2.29520e-04  -1.52598e-04   2.54818e-02
   4  p3           2.52587e+01   1.41322e+00  -1.20620e-03  -1.97641e-04
   5  p4           1.02341e+01   5.03793e-01  -9.23405e-04   1.35555e-03
   6  p5           9.93889e-01   2.73532e-03   1.30946e-05   3.26884e-01
   7  p6          -2.87833e-10   2.19845e-03  -3.69713e-04** at limit **
   8  p7           1.14768e-02   8.43712e-04  -1.03705e-04   8.26073e-03
                               ERR DEF= 0.5
 FCN=170.022 FROM MIGRAD    STATUS=CONVERGED    1008 CALLS        1009 TOTAL
                     EDM=3.17758e-07    STRATEGY= 1  ERROR MATRIX UNCERTAINTY   2.8 per cent
  EXT PARAMETER                                   STEP         FIRST   
  NO.   NAME      VALUE            ERROR          SIZE      DERIVATIVE 
   1  p0           1.44199e+02   5.38908e+00  -2.29433e-05   3.28550e-04
   2  p1           9.95860e-01   2.80919e-04   5.68526e-06  -4.35184e-03
   3  p2           7.23417e-03   2.39819e-04  -8.68952e-05  -4.49913e-03
   4  p3           2.50302e+01   1.47268e+00   4.20550e-03  -1.50734e-04
   5  p4           9.66416e+00   4.91444e-01   1.84735e-03   4.60341e-04
   6  p5           9.93898e-01   2.72506e-03   2.01596e-06   1.16936e-01
   7  p6          -1.02277e-09   2.85101e-03  -5.78522e-06** at limit **
   8  p7           1.28972e-02   9.12660e-04  -8.32248e-05   9.55356e-03
                               ERR DEF= 0.5

****************************************
Minimizer is Linear
Chi2                      =      20.2662
NDf                       =           14
p0                        =      1.01076   +/-   0.000384647 
p1                        = -6.20975e-06   +/-   2.04253e-07 
Calculation of survival fraction for 2104
 FCN=172.572 FROM MIGRAD    STATUS=CONVERGED      80 CALLS          81 TOTAL
                     EDM=1.73927e-07    STRATEGY= 1  ERROR MATRIX UNCERTAINTY   3.6 per cent
  EXT PARAMETER                                   STEP         FIRST   
  NO.   NAME      VALUE            ERROR          SIZE      DERIVATIVE 
   1  p0           8.27910e+01   3.77619e+00  -2.32842e-02   2.78124e-06
   2  p1           2.10335e+03   5.96909e-02  -3.20509e-04   4.33966e-03
   3  p2           1.41897e+00   5.15132e-02   3.39726e-06   9.36415e-02
   4  p3           1.41802e+01   2.30004e-01  -1.03718e-03  -1.11448e-03
                               ERR DEF= 0.5
Area_tot = 1643
Area_tot_psa = 452
Area = 1020
Area_psa = 156
 FCN=151.025 FROM MIGRAD    STATUS=CONVERGED     101 CALLS         102 TOTAL
                     EDM=5.77151e-07    STRATEGY= 1      ERROR MATRIX ACCURATE 
  EXT PARAMETER                                   STEP         FIRST   
  NO.   NAME      VALUE            ERROR          SIZE      DERIVATIVE 
   1  p0           1.17752e+01   1.71209e+00   1.18054e-02   2.29502e-04
   2  p1           2.10324e+03   2.09815e-01   1.77653e-03  -9.12470e-04
   3  p2           1.42490e+00   1.86727e-01   1.07830e-04   4.58717e-02
   4  p3           6.56328e+00   1.59709e-01   1.32149e-03   3.59420e-03
                               ERR DEF= 0.5
Calculation of survival fraction for 2614.5
 FCN=177.837 FROM MIGRAD    STATUS=CONVERGED     231 CALLS         232 TOTAL
                     EDM=4.24278e-11    STRATEGY= 1      ERROR MATRIX ACCURATE 
  EXT PARAMETER                                   STEP         FIRST   
  NO.   NAME      VALUE            ERROR          SIZE      DERIVATIVE 
   1  p0           6.92852e+02   1.03427e+01   7.75288e-02   4.90239e-07
   2  p1           2.61467e+03   1.43769e-02   1.24677e-03   4.29064e-05
   3  p2           1.17748e+00   1.03708e-02   7.19936e-06  -1.45482e-03
   4  p3           4.22506e-01   6.16402e-02   5.67702e-04  -4.17006e-05
                               ERR DEF= 0.5
Area_tot = 6852
Area_tot_psa = 1247
Area = 6789
Area_psa = 1237
 FCN=140.706 FROM MIGRAD    STATUS=CONVERGED     154 CALLS         155 TOTAL
                     EDM=7.05461e-09    STRATEGY= 1      ERROR MATRIX ACCURATE 
  EXT PARAMETER                                   STEP         FIRST   
  NO.   NAME      VALUE            ERROR          SIZE      DERIVATIVE 
   1  p0           1.28323e+02   4.51133e+00   3.01402e-02  -5.60612e-06
   2  p1           2.61465e+03   3.32893e-02   1.24676e-03   1.72899e-03
   3  p2           1.14940e+00   2.39866e-02   1.50206e-05   3.28693e-03
   4  p3           1.23273e-02   7.11106e-03   5.83965e-05  -7.57529e-03
                               ERR DEF= 0.5
Calculation of survival fraction background at 2039
Area = 3205
Area_psa = 1563
Calculation of survival fraction background at 2380
Area = 1280
Area_psa = 555
