
[1mRooFit v3.60 -- Developed by Wouter Verkerke and David Kirkby[0m 
                Copyright (C) 2000-2013 NIKHEF, University of California & Stanford University
                All rights reserved, please read http://roofit.sourceforge.net/license.txt

Using file /nfs/gerda6/users/burlac/psd/analysis/run0098-cal_dplms.tier.root
Analizing channel 11
DPLMS analysis 
Total events = 17201607
event n.1000000
event n.2000000
event n.3000000
event n.4000000
event n.5000000
event n.6000000
event n.7000000
event n.8000000
event n.9000000
event n.10000000
event n.11000000
event n.12000000
event n.13000000
event n.14000000
event n.15000000
event n.16000000
event n.17000000
Selected events: 70532
The time to read waveforms: 37.43 s
Initialization of DEP&FEP background  = 8.5
 FCN=125.048 FROM MIGRAD    STATUS=CONVERGED     231 CALLS         232 TOTAL
                     EDM=3.39922e-07    STRATEGY= 1      ERROR MATRIX ACCURATE 
  EXT PARAMETER                                   STEP         FIRST   
  NO.   NAME      VALUE            ERROR          SIZE      DERIVATIVE 
   1  p0           1.10116e+02   5.03153e+00   3.10011e-02   7.44652e-05
   2  p1           1.59260e+03   3.85171e-02   7.59412e-04  -4.50205e-03
   3  p2           9.53964e-01   3.27754e-02   2.05837e-05   1.15923e-01
   4  p3           4.52402e+01   3.67395e+00   2.22437e-02   4.39642e-05
   5  p4           1.62071e+03   6.82619e-02   7.72816e-04   5.23471e-03
   6  p5           9.00768e-01   6.50981e-02   4.10786e-05   2.03242e-02
   7  p6           8.74740e+00   2.18805e-01   1.63533e-03   1.37728e-03
                               ERR DEF= 0.5
mean_aoe = 0.1557
AoE: max = 1.41529 max = 0.0622493
 FCN=0.547617 FROM MIGRAD    STATUS=CONVERGED     374 CALLS         375 TOTAL
                     EDM=9.96095e-07    STRATEGY= 1  ERROR MATRIX UNCERTAINTY   3.4 per cent
  EXT PARAMETER                                   STEP         FIRST   
  NO.   NAME      VALUE            ERROR          SIZE      DERIVATIVE 
   1  p0           9.16393e-01   6.81322e-01   5.54054e-03  -3.93889e-04
   2  p1           1.00074e+00   2.85436e-03  -3.34992e-05  -1.81338e-01
   3  p2           4.52972e-03   2.18216e-03  -6.84125e-05   3.09878e-02
   4  p3           2.87684e-03   4.54545e-03   5.52430e-05   2.06363e-01
   5  p4           1.41705e-03   2.23174e-03   2.71230e-05  -5.40388e-01
                               ERR DEF= 0.5
Total integral = 856
AoE_lowCut = 1494 -> 0.995667
CutIntegral = 759
SF_dep = 0.886682
sigma_aoe = 0.00452972
 FCN=138.436 FROM MIGRAD    STATUS=CONVERGED     153 CALLS         154 TOTAL
                     EDM=8.52712e-09    STRATEGY= 1  ERROR MATRIX UNCERTAINTY   3.5 per cent
  EXT PARAMETER                                   STEP         FIRST   
  NO.   NAME      VALUE            ERROR          SIZE      DERIVATIVE 
   1  p0           9.37950e+01   4.51555e+00  -6.51207e-03   6.81320e-06
   2  p1           1.59262e+03   3.97148e-02  -2.43293e-05   1.61967e-03
   3  p2           9.51358e-01   3.23183e-02   2.23244e-06   2.70411e-02
   4  p3           7.57088e+00   1.95339e+00  -2.15624e-03   1.55278e-05
   5  p4           1.62062e+03   1.84268e-01   2.27983e-04   1.37510e-04
   6  p5           7.11628e-01   1.71736e-01   4.51418e-07  -9.73510e-04
   7  p6           3.48759e+00   1.42430e-01   8.60084e-05   3.99991e-04
                               ERR DEF= 0.5
AreaDEP_tot = 1157
Area_DEP_tot_psa = 873
AreaDEP = 874
Area_DEP_psa = 735
Area_FEP_tot = 612
Area_FEP_tot_psa = 171
Area_FEP = 311
Area_FEP_psa = 42
Calculation of AoE vs E correction
 FCN=106.056 FROM MIGRAD    STATUS=CONVERGED     869 CALLS         870 TOTAL
                     EDM=6.58896e-07    STRATEGY= 1      ERROR MATRIX ACCURATE 
  EXT PARAMETER                                   STEP         FIRST   
  NO.   NAME      VALUE            ERROR          SIZE      DERIVATIVE 
   1  p0           8.12666e+01   4.19962e+00   9.10699e-04   8.86445e-04
   2  p1           1.00165e+00   3.18265e-04   1.11388e-04   1.66373e-02
   3  p2           6.83744e-03   3.09498e-04   2.34581e-04   4.05075e-03
   4  p3           1.23389e+01   8.85008e-01   3.24189e-03  -1.34720e-03
   5  p4           6.63433e+00   5.91907e-01   1.90723e-03   2.57223e-03
   6  p5           1.00616e+00   5.96534e-03   2.16049e-05   1.52555e-01
   7  p6          -1.46179e-10   3.72804e-02   2.75914e-03** at limit **
   8  p7           2.08968e-02   2.15963e-03   2.76113e-04  -2.00704e-05
                               ERR DEF= 0.5
 FCN=106.043 FROM MIGRAD    STATUS=CONVERGED    1160 CALLS        1161 TOTAL
                     EDM=6.90754e-09    STRATEGY= 1  ERROR MATRIX UNCERTAINTY   1.9 per cent
  EXT PARAMETER                                   STEP         FIRST   
  NO.   NAME      VALUE            ERROR          SIZE      DERIVATIVE 
   1  p0           9.28073e+01   4.67608e+00  -7.00645e-07  -4.21236e-06
   2  p1           1.00128e+00   2.53754e-04  -1.64018e-07  -8.45515e-05
   3  p2           5.77957e-03   2.14975e-04   4.43184e-07  -2.63011e-05
   4  p3           8.64867e+00   7.02621e-01  -1.85779e-04   3.02116e-05
   5  p4           6.10088e+00   6.66872e-01  -1.98034e-04   1.25949e-04
   6  p5           1.00255e+00   6.35611e-03   1.14996e-06  -1.65827e-03
   7  p6          -1.49362e-10   5.70674e-02  -7.06491e-04** at limit **
   8  p7           1.84766e-02   2.24307e-03  -4.51656e-06   8.17636e-06
                               ERR DEF= 0.5
 FCN=93.0159 FROM MIGRAD    STATUS=CONVERGED    1193 CALLS        1194 TOTAL
                     EDM=1.12577e-06    STRATEGY= 1      ERROR MATRIX ACCURATE 
  EXT PARAMETER                                   STEP         FIRST   
  NO.   NAME      VALUE            ERROR          SIZE      DERIVATIVE 
   1  p0           8.31660e+01   4.48189e+00   9.01887e-04  -2.25711e-03
   2  p1           1.00130e+00   2.67507e-04   8.81945e-05  -1.34166e-02
   3  p2           5.66390e-03   2.31392e-04   2.85545e-04  -3.13801e-03
   4  p3           8.55739e+00   7.00472e-01   2.53491e-03  -6.16009e-04
   5  p4           6.94520e+00   7.60719e-01   2.26142e-03   1.00589e-04
   6  p5           9.96123e-01   7.65451e-03   2.51163e-05   5.42662e-02
   7  p6          -1.53828e-08   3.43821e-02   2.45382e-03** at limit **
   8  p7           2.15636e-02   2.49173e-03   2.99549e-04  -2.52391e-03
                               ERR DEF= 0.5
 FCN=111.354 FROM MIGRAD    STATUS=CONVERGED    1256 CALLS        1257 TOTAL
                     EDM=1.0463e-07    STRATEGY= 1      ERROR MATRIX ACCURATE 
  EXT PARAMETER                                   STEP         FIRST   
  NO.   NAME      VALUE            ERROR          SIZE      DERIVATIVE 
   1  p0           9.14142e+01   4.92302e+00   9.32849e-04  -1.78891e-04
   2  p1           1.00068e+00   2.43238e-04   8.70105e-05   1.20522e-02
   3  p2           5.12782e-03   2.04803e-04   6.29755e-04   1.58938e-04
   4  p3           9.58945e+00   8.14707e-01   3.08157e-03  -1.23712e-04
   5  p4           6.72997e+00   2.80506e+00   2.02692e-03   6.80183e-04
   6  p5           9.95337e-01   8.90899e-03   2.55621e-05   6.95294e-02
   7  p6          -5.20405e-02   1.24412e-01   4.37065e-04  -2.38107e-03
   8  p7           2.14344e-02   2.42455e-03   3.18343e-04   3.91821e-03
                               ERR DEF= 0.5
 FCN=108.07 FROM MIGRAD    STATUS=CONVERGED    1258 CALLS        1259 TOTAL
                     EDM=4.06842e-08    STRATEGY= 1      ERROR MATRIX ACCURATE 
  EXT PARAMETER                                   STEP         FIRST   
  NO.   NAME      VALUE            ERROR          SIZE      DERIVATIVE 
   1  p0           8.94294e+01   4.09575e+00   9.48457e-04   3.94763e-04
   2  p1           1.00048e+00   2.38667e-04   8.54879e-05  -5.91631e-03
   3  p2           5.00000e-03   7.21522e-05   7.73536e-04** at limit **
   4  p3           9.13814e+00   7.29211e-01   3.00829e-03   8.79772e-06
   5  p4           8.17839e+00   7.62008e-01   2.64584e-03   9.94209e-06
   6  p5           9.98348e-01   5.86680e-03   2.25987e-05  -2.24048e-02
   7  p6          -1.19173e-09   8.85560e-02   4.30244e-03** at limit **
   8  p7           1.60754e-02   1.89630e-03   2.95425e-04  -2.56728e-03
                               ERR DEF= 0.5
 FCN=120.334 FROM MIGRAD    STATUS=CONVERGED    1448 CALLS        1449 TOTAL
                     EDM=3.38095e-07    STRATEGY= 1      ERROR MATRIX ACCURATE 
  EXT PARAMETER                                   STEP         FIRST   
  NO.   NAME      VALUE            ERROR          SIZE      DERIVATIVE 
   1  p0           8.97375e+01   4.06258e+00   9.58488e-04  -1.48140e-03
   2  p1           1.00023e+00   2.37373e-04   8.95064e-05   2.46426e-03
   3  p2           5.00000e-03   5.13270e-05   6.88261e-04** at limit **
   4  p3           8.44640e+00   6.87270e-01   2.91055e-03  -1.13704e-03
   5  p4           7.29030e+00   7.57012e-01   2.68699e-03   1.19647e-03
   6  p5           9.94619e-01   6.41953e-03   2.57878e-05   8.78727e-02
   7  p6          -5.80501e-09   1.80040e-01   6.38149e-03** at limit **
   8  p7           1.69884e-02   2.11323e-03   3.35395e-04   1.95296e-03
                               ERR DEF= 0.5
 FCN=112.216 FROM MIGRAD    STATUS=CONVERGED    1136 CALLS        1137 TOTAL
                     EDM=5.29047e-07    STRATEGY= 1  ERROR MATRIX UNCERTAINTY   4.0 per cent
  EXT PARAMETER                                   STEP         FIRST   
  NO.   NAME      VALUE            ERROR          SIZE      DERIVATIVE 
   1  p0           7.02235e+01   3.58348e+00   1.73888e-04   1.46627e-03
   2  p1           9.99997e-01   2.63121e-04  -3.23736e-05  -4.74276e-02
   3  p2           5.00000e-03   4.32246e-05   8.26113e-06** at limit **
   4  p3           8.84797e+00   7.06913e-01  -1.21796e-03  -9.42977e-04
   5  p4           7.75584e+00   7.32667e-01  -1.34351e-03   1.17222e-03
   6  p5           9.95967e-01   5.38914e-03   1.79674e-06  -5.58780e-02
   7  p6          -2.07844e-09   2.62519e-02  -1.55343e-03** at limit **
   8  p7           1.85787e-02   1.85929e-03   1.44344e-05  -4.94142e-04
                               ERR DEF= 0.5
 FCN=138.474 FROM MIGRAD    STATUS=CONVERGED    1100 CALLS        1101 TOTAL
                     EDM=5.69141e-07    STRATEGY= 1  ERROR MATRIX UNCERTAINTY   4.9 per cent
  EXT PARAMETER                                   STEP         FIRST   
  NO.   NAME      VALUE            ERROR          SIZE      DERIVATIVE 
   1  p0           8.03224e+01   3.93074e+00   2.53261e-04  -2.22317e-03
   2  p1           9.98730e-01   2.53540e-04  -1.90373e-05  -2.80455e-03
   3  p2           5.00000e-03   3.99494e-05   1.33324e-04** at limit **
   4  p3           1.34576e+01   9.17970e-01  -3.04179e-03  -7.07982e-05
   5  p4           9.76013e+00   6.73990e-01  -2.27844e-03  -6.01168e-05
   6  p5           9.96710e-01   3.51079e-03  -3.11583e-06   4.68540e-02
   7  p6          -5.96799e-10   3.40889e-03  -1.51975e-04** at limit **
   8  p7           1.36547e-02   1.15296e-03   8.77122e-06  -1.25398e-02
                               ERR DEF= 0.5
 FCN=135.552 FROM MIGRAD    STATUS=CONVERGED    1293 CALLS        1294 TOTAL
                     EDM=2.72417e-07    STRATEGY= 1  ERROR MATRIX UNCERTAINTY   2.9 per cent
  EXT PARAMETER                                   STEP         FIRST   
  NO.   NAME      VALUE            ERROR          SIZE      DERIVATIVE 
   1  p0           8.48934e+01   4.10158e+00  -1.36952e-04  -2.16122e-03
   2  p1           9.98068e-01   2.55218e-04  -1.87418e-05  -2.67962e-02
   3  p2           5.00000e-03   1.21237e-04  -2.33896e-05** at limit **
   4  p3           1.51605e+01   9.65326e-01  -6.82897e-04  -5.99994e-04
   5  p4           1.07084e+01   7.19734e-01  -8.04841e-04   1.13645e-03
   6  p5           9.88476e-01   4.55841e-03   2.32345e-06   1.18152e-01
   7  p6          -1.66058e-09   9.15814e-03  -3.18761e-04** at limit **
   8  p7           1.68271e-02   1.40589e-03   1.53787e-05   5.71136e-03
                               ERR DEF= 0.5
 FCN=139.007 FROM MIGRAD    STATUS=CONVERGED    1049 CALLS        1050 TOTAL
                     EDM=1.15721e-07    STRATEGY= 1  ERROR MATRIX UNCERTAINTY   2.5 per cent
  EXT PARAMETER                                   STEP         FIRST   
  NO.   NAME      VALUE            ERROR          SIZE      DERIVATIVE 
   1  p0           8.83222e+01   4.15802e+00  -9.76965e-06  -1.13626e-03
   2  p1           9.98499e-01   2.46421e-04  -1.22683e-05  -2.28716e-03
   3  p2           5.00000e-03   2.82695e-05   1.90339e-05** at limit **
   4  p3           1.57563e+01   1.00382e+00  -5.23449e-04  -4.93638e-04
   5  p4           1.14086e+01   6.77804e-01  -4.71932e-04   6.91747e-04
   6  p5           9.92820e-01   3.31262e-03  -3.85916e-06  -4.29294e-02
   7  p6          -2.28071e-10   3.45872e-03  -1.41143e-04** at limit **
   8  p7           1.56988e-02   1.12538e-03   4.68337e-05   2.88662e-03
                               ERR DEF= 0.5
 FCN=131.171 FROM MIGRAD    STATUS=CONVERGED    1196 CALLS        1197 TOTAL
                     EDM=1.32618e-07    STRATEGY= 1      ERROR MATRIX ACCURATE 
  EXT PARAMETER                                   STEP         FIRST   
  NO.   NAME      VALUE            ERROR          SIZE      DERIVATIVE 
   1  p0           8.88305e+01   4.10072e+00   1.01166e-03   8.04189e-04
   2  p1           9.98247e-01   2.44205e-04   9.61282e-05  -1.90360e-03
   3  p2           5.00000e-03   3.49798e-05   5.93037e-04** at limit **
   4  p3           1.48001e+01   9.53592e-01   4.70697e-03   2.23366e-04
   5  p4           1.12306e+01   7.57975e-01   3.07448e-03  -7.33272e-05
   6  p5           9.85465e-01   4.30770e-03   1.92856e-05   9.53394e-03
   7  p6          -1.01573e-09   1.12448e-02   1.67857e-03** at limit **
   8  p7           1.62635e-02   1.28116e-03   2.38655e-04   2.24661e-03
                               ERR DEF= 0.5
 FCN=162.333 FROM MIGRAD    STATUS=CONVERGED    1099 CALLS        1100 TOTAL
                     EDM=1.97544e-08    STRATEGY= 1      ERROR MATRIX ACCURATE 
  EXT PARAMETER                                   STEP         FIRST   
  NO.   NAME      VALUE            ERROR          SIZE      DERIVATIVE 
   1  p0           8.86945e+01   4.06959e+00   1.12507e-03  -3.28732e-04
   2  p1           9.97969e-01   2.41502e-04   1.06155e-04  -1.92603e-03
   3  p2           5.00000e-03   2.40571e-05   5.46824e-04** at limit **
   4  p3           1.39602e+01   9.21756e-01   5.06953e-03  -2.16143e-05
   5  p4           1.12555e+01   7.85822e-01   3.51881e-03   6.48679e-05
   6  p5           9.85951e-01   4.59021e-03   2.25499e-05   2.46213e-02
   7  p6          -2.99760e-15   7.73162e-03   1.55134e-03** at limit **
   8  p7           1.77270e-02   1.36358e-03   2.65727e-04   4.08944e-03
                               ERR DEF= 0.5
 FCN=144.23 FROM MIGRAD    STATUS=CONVERGED    1143 CALLS        1144 TOTAL
                     EDM=8.14027e-07    STRATEGY= 1      ERROR MATRIX ACCURATE 
  EXT PARAMETER                                   STEP         FIRST   
  NO.   NAME      VALUE            ERROR          SIZE      DERIVATIVE 
   1  p0           9.71956e+01   4.34769e+00   1.01792e-03  -9.14954e-04
   2  p1           9.96780e-01   2.36727e-04   9.84734e-05  -1.54885e-02
   3  p2           5.00000e-03   4.25617e-05   6.84887e-04** at limit **
   4  p3           1.64707e+01   1.02977e+00   5.31937e-03  -2.65542e-04
   5  p4           1.16100e+01   7.22653e-01   3.14244e-03   9.34235e-04
   6  p5           9.88499e-01   3.83714e-03   1.85145e-05   4.73762e-02
   7  p6          -4.07609e-10   4.29244e-03   1.09439e-03** at limit **
   8  p7           1.58616e-02   1.17461e-03   2.33283e-04  -3.03456e-03
                               ERR DEF= 0.5
 FCN=147.077 FROM MIGRAD    STATUS=CONVERGED    1235 CALLS        1236 TOTAL
                     EDM=1.20529e-08    STRATEGY= 1  ERROR MATRIX UNCERTAINTY   3.9 per cent
  EXT PARAMETER                                   STEP         FIRST   
  NO.   NAME      VALUE            ERROR          SIZE      DERIVATIVE 
   1  p0           1.20740e+02   4.65850e+00   1.89226e-05   8.65963e-04
   2  p1           9.96882e-01   2.17431e-04  -9.44135e-07   6.17556e-03
   3  p2           5.00000e-03   4.81307e-05  -7.66750e-05** at limit **
   4  p3           1.99155e+01   1.17746e+00   9.62162e-04   1.67662e-05
   5  p4           1.23355e+01   6.61661e-01   8.44131e-04   4.54405e-05
   6  p5           9.91119e-01   2.82900e-03  -2.61795e-06   5.41087e-02
   7  p6          -1.79856e-14   1.86301e-03   7.28322e-05** at limit **
   8  p7           1.33998e-02   9.29816e-04   3.16779e-05   2.86757e-03
                               ERR DEF= 0.5
 FCN=179.376 FROM MIGRAD    STATUS=CONVERGED    1075 CALLS        1076 TOTAL
                     EDM=2.45486e-07    STRATEGY= 1  ERROR MATRIX UNCERTAINTY   1.9 per cent
  EXT PARAMETER                                   STEP         FIRST   
  NO.   NAME      VALUE            ERROR          SIZE      DERIVATIVE 
   1  p0           1.42885e+02   5.26719e+00   2.41551e-04   1.32819e-03
   2  p1           9.96650e-01   2.00167e-04  -4.22171e-05  -1.48831e-02
   3  p2           5.00000e-03   1.12016e-04  -5.94570e-04** at limit **
   4  p3           2.22020e+01   1.14682e+00  -1.69991e-03   3.62763e-04
   5  p4           1.10126e+01   5.57859e-01  -1.72216e-03  -1.58543e-03
   6  p5           9.93948e-01   2.70667e-03   1.01704e-06  -6.22787e-02
   7  p6          -9.61403e-11   4.74380e-03  -9.68158e-04** at limit **
   8  p7           1.39656e-02   9.05656e-04   6.75092e-05  -5.71669e-03
                               ERR DEF= 0.5
 FCN=183.304 FROM MIGRAD    STATUS=CONVERGED    1105 CALLS        1106 TOTAL
                     EDM=3.11499e-09    STRATEGY= 1  ERROR MATRIX UNCERTAINTY   4.8 per cent
  EXT PARAMETER                                   STEP         FIRST   
  NO.   NAME      VALUE            ERROR          SIZE      DERIVATIVE 
   1  p0           1.66226e+02   5.80974e+00  -1.09825e-04  -4.67977e-04
   2  p1           9.96030e-01   1.84737e-04  -1.53195e-06  -1.98768e-03
   3  p2           5.00000e-03   4.55085e-05  -5.34074e-06** at limit **
   4  p3           2.65606e+01   1.38115e+00   9.84486e-04  -1.51730e-05
   5  p4           1.23267e+01   5.78714e-01   1.18805e-04   6.97375e-06
   6  p5           9.93270e-01   2.47180e-03   1.97135e-06  -1.21673e-02
   7  p6          -1.29430e-12   1.13190e-03   1.14788e-05** at limit **
   8  p7           1.38167e-02   8.17715e-04  -1.62581e-05   8.31709e-04
                               ERR DEF= 0.5

****************************************
Minimizer is Linear
Chi2                      =      22.3712
NDf                       =           14
p0                        =      1.00567   +/-   0.000240097 
p1                        = -3.95419e-06   +/-   1.30651e-07 
Calculation of survival fraction for 2104
 FCN=161.663 FROM MIGRAD    STATUS=CONVERGED      91 CALLS          92 TOTAL
                     EDM=7.48607e-07    STRATEGY= 1      ERROR MATRIX ACCURATE 
  EXT PARAMETER                                   STEP         FIRST   
  NO.   NAME      VALUE            ERROR          SIZE      DERIVATIVE 
   1  p0           6.31698e+01   3.35032e+00   2.33304e-02  -1.38151e-04
   2  p1           2.10359e+03   6.76929e-02   1.00307e-03  -1.06582e-02
   3  p2           1.39518e+00   6.10394e-02   3.58132e-05  -1.11972e-01
   4  p3           1.00481e+01   1.96356e-01   1.69345e-03  -2.10845e-04
                               ERR DEF= 0.5
Area_tot = 1200
Area_tot_psa = 295
Area = 736
Area_psa = 84
 FCN=169.478 FROM MIGRAD    STATUS=CONVERGED     121 CALLS         122 TOTAL
                     EDM=8.45221e-09    STRATEGY= 1      ERROR MATRIX ACCURATE 
  EXT PARAMETER                                   STEP         FIRST   
  NO.   NAME      VALUE            ERROR          SIZE      DERIVATIVE 
   1  p0           7.26909e+00   1.29504e+00   9.20782e-03  -1.60219e-05
   2  p1           2.10308e+03   3.02309e-01   2.59628e-03  -9.15617e-05
   3  p2           1.63647e+00   2.95744e-01   1.57317e-04   2.83569e-03
   4  p3           3.96319e+00   1.27677e-01   1.10922e-03   4.66611e-04
                               ERR DEF= 0.5
Calculation of survival fraction for 2614.5
 FCN=146.339 FROM MIGRAD    STATUS=CONVERGED     244 CALLS         245 TOTAL
                     EDM=2.77769e-07    STRATEGY= 1      ERROR MATRIX ACCURATE 
  EXT PARAMETER                                   STEP         FIRST   
  NO.   NAME      VALUE            ERROR          SIZE      DERIVATIVE 
   1  p0           5.56484e+02   9.48685e+00   6.43021e-02  -2.65463e-05
   2  p1           2.61463e+03   1.57761e-02   1.24675e-03   2.75745e-02
   3  p2           1.13259e+00   1.15299e-02   7.37196e-06  -1.60521e-01
   4  p3           2.68654e-01   4.93957e-02   4.12812e-04   4.15863e-03
                               ERR DEF= 0.5
Area_tot = 5302
Area_tot_psa = 876
Area = 5249
Area_psa = 872
 FCN=134.581 FROM MIGRAD    STATUS=CONVERGED     121 CALLS         122 TOTAL
                     EDM=1.0654e-07    STRATEGY= 1  ERROR MATRIX UNCERTAINTY   2.1 per cent
  EXT PARAMETER                                   STEP         FIRST   
  NO.   NAME      VALUE            ERROR          SIZE      DERIVATIVE 
   1  p0           9.09759e+01   4.26808e+00  -6.85680e-03  -5.84775e-05
   2  p1           2.61468e+03   3.95304e-02  -2.22962e-04   7.05722e-03
   3  p2           1.13491e+00   2.86233e-02   1.30127e-05  -2.47669e-02
   4  p3           1.20772e-02   6.98489e-03   3.75011e-05   3.45116e-02
                               ERR DEF= 0.5
Calculation of survival fraction background at 2039
Area = 2327
Area_psa = 1010
