
[1mRooFit v3.60 -- Developed by Wouter Verkerke and David Kirkby[0m 
                Copyright (C) 2000-2013 NIKHEF, University of California & Stanford University
                All rights reserved, please read http://roofit.sourceforge.net/license.txt

Using file /nfs/gerda6/users/burlac/psd/analysis/run0098-cal_dplms_10.tier.root
Analizing channel 15
Standard analysis 
Total events = 17201607
event n.1000000
event n.2000000
event n.3000000
event n.4000000
event n.5000000
event n.6000000
event n.7000000
event n.8000000
event n.9000000
event n.10000000
event n.11000000
event n.12000000
event n.13000000
event n.14000000
event n.15000000
event n.16000000
event n.17000000
Selected events: 90639
The time to read waveforms: 30.5 s
Initialization of DEP&FEP background  = 11.5
 FCN=128.062 FROM MIGRAD    STATUS=CONVERGED     181 CALLS         182 TOTAL
                     EDM=6.01486e-08    STRATEGY= 1  ERROR MATRIX UNCERTAINTY   2.8 per cent
  EXT PARAMETER                                   STEP         FIRST   
  NO.   NAME      VALUE            ERROR          SIZE      DERIVATIVE 
   1  p0           1.35259e+02   5.02485e+00  -1.40456e-03   5.29991e-05
   2  p1           1.59199e+03   3.73650e-02  -1.24613e-05  -1.68417e-04
   3  p2           1.08166e+00   3.20929e-02  -1.84838e-06  -2.11219e-02
   4  p3           4.79668e+01   3.48073e+00  -2.18615e-03  -3.35798e-06
   5  p4           1.62008e+03   7.20531e-02   4.01313e-05   7.99571e-05
   6  p5           1.04272e+00   6.19633e-02  -1.61142e-06  -1.80650e-02
   7  p6           1.12842e+01   2.51843e-01  -1.53202e-04   2.37781e-05
                               ERR DEF= 0.5
mean_aoe = 0.0489
AoE: max = 1.71061 max = 0.0971272
 FCN=0.787835 FROM MIGRAD    STATUS=CONVERGED     315 CALLS         316 TOTAL
                     EDM=1.4067e-07    STRATEGY= 1  ERROR MATRIX UNCERTAINTY   1.8 per cent
  EXT PARAMETER                                   STEP         FIRST   
  NO.   NAME      VALUE            ERROR          SIZE      DERIVATIVE 
   1  p0           9.20199e-01   4.65359e-01  -1.84567e-03   6.91691e-04
   2  p1           9.98732e-01   3.94393e-03   1.48336e-05   9.17779e-02
   3  p2           9.04615e-03   3.15763e-03   1.71842e-04   9.21490e-03
   4  p3           3.77136e-03   5.32310e-03   4.88357e-05   2.13470e-01
   5  p4           2.41860e-03   3.41038e-03   3.12831e-05  -4.06928e-01
                               ERR DEF= 0.5
Total integral = 0
AoE_lowCut = 2 -> 0x7fff2e5dec40
CutIntegral = 0
SF_dep = -nan
sigma_aoe = 0.00904615
Total integral = 0
AoE_lowCut = 2 -> 0x7fff2e5dec40
CutIntegral = 0
SF_dep = -nan
sigma_aoe = 0.00904615
Total integral = 0
AoE_lowCut = 2 -> 0x7fff2e5dec40
CutIntegral = 0
SF_dep = -nan
sigma_aoe = 0.00904615
Total integral = 0
AoE_lowCut = 2 -> 0x7fff2e5dec40
CutIntegral = 0
SF_dep = -nan
sigma_aoe = 0.00904615
Total integral = 0
AoE_lowCut = 2 -> 0x7fff2e5dec40
CutIntegral = 0
SF_dep = -nan
sigma_aoe = 0.00904615
Total integral = 0
AoE_lowCut = 2 -> 0x7fff2e5dec40
CutIntegral = 0
SF_dep = -nan
sigma_aoe = 0.00904615
Total integral = 0
AoE_lowCut = 2 -> 0x7fff2e5dec40
CutIntegral = 0
SF_dep = -nan
sigma_aoe = 0.00904615
Total integral = 0
AoE_lowCut = 2 -> 0x7fff2e5dec40
CutIntegral = 0
SF_dep = -nan
sigma_aoe = 0.00904615
Total integral = 0
AoE_lowCut = 2 -> 0x7fff2e5dec40
CutIntegral = 0
SF_dep = -nan
sigma_aoe = 0.00904615
Total integral = 0
AoE_lowCut = 2 -> 0x7fff2e5dec40
CutIntegral = 0
SF_dep = -nan
sigma_aoe = 0.00904615
Total integral = 0
AoE_lowCut = 2 -> 0x7fff2e5dec40
CutIntegral = 0
SF_dep = -nan
sigma_aoe = 0.00904615
Total integral = 0
AoE_lowCut = 2 -> 0x7fff2e5dec40
CutIntegral = 0
SF_dep = -nan
sigma_aoe = 0.00904615
Total integral = 0
AoE_lowCut = 2 -> 0x7fff2e5dec40
CutIntegral = 0
SF_dep = -nan
sigma_aoe = 0.00904615
Total integral = 0
AoE_lowCut = 2 -> 0x7fff2e5dec40
CutIntegral = 0
SF_dep = -nan
sigma_aoe = 0.00904615
Total integral = 0
AoE_lowCut = 2 -> 0x7fff2e5dec40
CutIntegral = 0
SF_dep = -nan
sigma_aoe = 0.00904615
Total integral = 0
AoE_lowCut = 2 -> 0x7fff2e5dec40
CutIntegral = 0
SF_dep = -nan
sigma_aoe = 0.00904615
Total integral = 0
AoE_lowCut = 2 -> 0x7fff2e5dec40
CutIntegral = 0
SF_dep = -nan
sigma_aoe = 0.00904615
Total integral = 0
AoE_lowCut = 2 -> 0x7fff2e5dec40
CutIntegral = 0
SF_dep = -nan
sigma_aoe = 0.00904615
Total integral = 0
AoE_lowCut = 2 -> 0x7fff2e5dec40
CutIntegral = 0
SF_dep = -nan
sigma_aoe = 0.00904615
Total integral = 0
AoE_lowCut = 2 -> 0x7fff2e5dec40
CutIntegral = 0
SF_dep = -nan
sigma_aoe = 0.00904615
Total integral = 0
AoE_lowCut = 2 -> 0x7fff2e5dec40
CutIntegral = 0
SF_dep = -nan
sigma_aoe = 0.00904615
Total integral = 0
AoE_lowCut = 2 -> 0x7fff2e5dec40
CutIntegral = 0
SF_dep = -nan
sigma_aoe = 0.00904615
Total integral = 0
AoE_lowCut = 2 -> 0x7fff2e5dec40
CutIntegral = 0
SF_dep = -nan
sigma_aoe = 0.00904615
Total integral = 0
AoE_lowCut = 2 -> 0x7fff2e5dec40
CutIntegral = 0
SF_dep = -nan
sigma_aoe = 0.00904615
Total integral = 0
AoE_lowCut = 2 -> 0x7fff2e5dec40
CutIntegral = 0
SF_dep = -nan
sigma_aoe = 0.00904615
Total integral = 0
AoE_lowCut = 2 -> 0x7fff2e5dec40
CutIntegral = 0
SF_dep = -nan
sigma_aoe = 0.00904615
Total integral = 0
AoE_lowCut = 2 -> 0x7fff2e5dec40
CutIntegral = 0
SF_dep = -nan
sigma_aoe = 0.00904615
Total integral = 0
AoE_lowCut = 2 -> 0x7fff2e5dec40
CutIntegral = 0
SF_dep = -nan
sigma_aoe = 0.00904615
Total integral = 0
AoE_lowCut = 2 -> 0x7fff2e5dec40
CutIntegral = 0
SF_dep = -nan
sigma_aoe = 0.00904615
Total integral = 0
AoE_lowCut = 2 -> 0x7fff2e5dec40
CutIntegral = 0
SF_dep = -nan
sigma_aoe = 0.00904615
