
[1mRooFit v3.60 -- Developed by Wouter Verkerke and David Kirkby[0m 
                Copyright (C) 2000-2013 NIKHEF, University of California & Stanford University
                All rights reserved, please read http://roofit.sourceforge.net/license.txt

Using file /nfs/gerda6/users/burlac/psd/analysis/run0098-cal_dplms_1000.tier.root
Analizing channel 10
DPLMS analysis with weight 1000
Total events = 17201607
event n.1000000
event n.2000000
event n.3000000
event n.4000000
event n.5000000
event n.6000000
event n.7000000
event n.8000000
event n.9000000
event n.10000000
event n.11000000
event n.12000000
event n.13000000
event n.14000000
event n.15000000
event n.16000000
event n.17000000
Selected events: 321134
The time to read waveforms: 85.6 s
Initialization of DEP&FEP background  = 35
 FCN=115.632 FROM MIGRAD    STATUS=CONVERGED     146 CALLS         147 TOTAL
                     EDM=4.19022e-07    STRATEGY= 1  ERROR MATRIX UNCERTAINTY   6.1 per cent
  EXT PARAMETER                                   STEP         FIRST   
  NO.   NAME      VALUE            ERROR          SIZE      DERIVATIVE 
   1  p0           1.30591e+02   5.03211e+00   7.83913e-03   3.97541e-05
   2  p1           1.59310e+03   5.05173e-02   5.47761e-05   7.29790e-03
   3  p2           1.41244e+00   4.51389e-02  -5.75127e-06   2.02385e-01
   4  p3           1.97110e+02   5.98057e+00   4.93462e-03   6.62499e-05
   5  p4           1.62110e+03   3.91376e-02  -3.06249e-05  -9.97919e-03
   6  p5           1.33435e+00   3.28081e-02  -1.21599e-06   1.57054e-01
   7  p6           3.59325e+01   4.42118e-01   1.69233e-04   4.85764e-05
                               ERR DEF= 0.5
mean_aoe = 0.0319
AoE: max = 2.513 max = 0.204745
 FCN=32.1563 FROM MIGRAD    STATUS=CONVERGED     446 CALLS         447 TOTAL
                     EDM=3.31702e-08    STRATEGY= 1      ERROR MATRIX ACCURATE 
  EXT PARAMETER                                   STEP         FIRST   
  NO.   NAME      VALUE            ERROR          SIZE      DERIVATIVE 
   1  p0           2.41399e-01   8.30421e-02   2.48134e-04   4.95413e-04
   2  p1           9.44552e-01   2.27627e-02   7.61839e-05   6.45945e-03
   3  p2           6.11661e-02   2.10639e-02   2.18506e-04  -1.41639e-03
   4  p3          -3.72543e-01   1.13706e-01   5.77657e-05  -6.69745e-03
   5  p4           5.40402e-01   1.56902e-01   7.45668e-05  -4.44208e-03
                               ERR DEF= 0.5
AoE_lowCut = 0.82222
 FCN=119.13 FROM MIGRAD    STATUS=CONVERGED     289 CALLS         290 TOTAL
                     EDM=7.11408e-08    STRATEGY= 1      ERROR MATRIX ACCURATE 
  EXT PARAMETER                                   STEP         FIRST   
  NO.   NAME      VALUE            ERROR          SIZE      DERIVATIVE 
   1  p0           1.28970e+02   4.99373e+00   2.98641e-02  -2.17652e-06
   2  p1           1.59310e+03   5.15460e-02   7.59648e-04   3.24400e-03
   3  p2           1.41311e+00   4.78807e-02   2.37994e-05  -3.31011e-02
   4  p3           1.73401e+02   5.64485e+00   3.43428e-02  -9.94512e-06
   5  p4           1.62110e+03   4.08211e-02   7.73001e-04   2.48897e-03
   6  p5           1.34090e+00   3.52765e-02   1.84152e-05   1.43374e-03
   7  p6           3.21047e+01   4.25126e-01   3.02609e-03   1.75082e-04
                               ERR DEF= 0.5
AreaDEP_tot = 3117
Area_DEP_tot_psa = 2951
AreaDEP = 1343
Area_DEP_psa = 1376
Area_FEP_tot = 3671
Area_FEP_tot_psa = 3261
Area_FEP = 2085
Area_FEP_psa = 1837
Calculation of AoE vs E correction
 FCN=223.141 FROM MIGRAD    STATUS=CONVERGED     808 CALLS         809 TOTAL
                     EDM=7.61227e-08    STRATEGY= 1  ERROR MATRIX UNCERTAINTY   2.3 per cent
  EXT PARAMETER                                   STEP         FIRST   
  NO.   NAME      VALUE            ERROR          SIZE      DERIVATIVE 
   1  p0           2.94000e+01   6.19781e-02  -4.40885e-04** at limit **
   2  p1           1.02000e+00   3.31893e-04   1.10881e-04** at limit **
   3  p2           3.00000e-02   2.39917e-04   7.66759e-05** at limit **
   4  p3           6.98863e+01   1.77011e+00  -2.99621e-03  -1.20030e-04
   5  p4           1.49805e+01   8.31703e-01   9.79260e-05   7.37173e-04
   6  p5           8.85537e-01   6.49220e-03  -2.68984e-07   9.31471e-02
   7  p6          -1.68669e-10   4.54045e-03  -3.13001e-04** at limit **
   8  p7           3.85163e-02   9.67427e-04   4.76800e-06  -5.01839e-03
                               ERR DEF= 0.5
 FCN=268.322 FROM MIGRAD    STATUS=CONVERGED     907 CALLS         908 TOTAL
                     EDM=6.89893e-09    STRATEGY= 1  ERROR MATRIX UNCERTAINTY   4.0 per cent
  EXT PARAMETER                                   STEP         FIRST   
  NO.   NAME      VALUE            ERROR          SIZE      DERIVATIVE 
   1  p0           2.82000e+01   5.23624e-02  -3.27501e-05** at limit **
   2  p1           1.02000e+00   2.04320e-04  -3.61713e-05** at limit **
   3  p2           3.00000e-02   1.80348e-04   1.60116e-04** at limit **
   4  p3           6.17530e+01   1.63246e+00   1.43463e-04   6.56993e-05
   5  p4           1.40999e+01   7.38447e-01   7.10054e-04  -7.31001e-05
   6  p5           8.99139e-01   6.28991e-03  -4.79618e-06  -1.67870e-02
   7  p6          -1.12443e-12   2.26048e-03   3.53780e-06** at limit **
   8  p7           3.81149e-02   1.04977e-03   2.36182e-05  -3.15310e-03
                               ERR DEF= 0.5
 FCN=203.635 FROM MIGRAD    STATUS=CONVERGED     851 CALLS         852 TOTAL
                     EDM=3.79611e-08    STRATEGY= 1  ERROR MATRIX UNCERTAINTY   3.5 per cent
  EXT PARAMETER                                   STEP         FIRST   
  NO.   NAME      VALUE            ERROR          SIZE      DERIVATIVE 
   1  p0           2.40000e+01   6.38735e-02  -6.24134e-05** at limit **
   2  p1           1.02000e+00   2.78722e-04  -5.28176e-05** at limit **
   3  p2           3.00000e-02   2.63688e-04  -1.67831e-04** at limit **
   4  p3           5.40967e+01   1.60449e+00   1.53922e-03   5.35795e-05
   5  p4           1.54063e+01   8.76061e-01  -2.98307e-04  -5.31590e-04
   6  p5           8.93260e-01   6.46187e-03   7.38414e-06  -7.34624e-02
   7  p6          -1.30491e-11   2.27803e-03  -6.92409e-05** at limit **
   8  p7           3.71812e-02   1.08219e-03   2.02966e-05   4.51915e-03
                               ERR DEF= 0.5
 FCN=239.969 FROM MIGRAD    STATUS=CONVERGED     923 CALLS         924 TOTAL
                     EDM=4.09711e-07    STRATEGY= 1  ERROR MATRIX UNCERTAINTY   1.5 per cent
  EXT PARAMETER                                   STEP         FIRST   
  NO.   NAME      VALUE            ERROR          SIZE      DERIVATIVE 
   1  p0           2.70000e+01   5.64244e-02   2.42370e-04** at limit **
   2  p1           1.02000e+00   1.72744e-04  -6.72657e-04** at limit **
   3  p2           3.00000e-02   1.41653e-04  -2.90501e-04** at limit **
   4  p3           5.41788e+01   1.53567e+00  -1.34383e-03   2.22760e-04
   5  p4           1.46663e+01   7.87239e-01  -1.47193e-03   1.56584e-03
   6  p5           9.05846e-01   5.86691e-03   9.61705e-06   2.34605e-01
   7  p6          -3.10474e-10   2.24702e-03   1.82007e-04** at limit **
   8  p7           3.35417e-02   1.05791e-03  -4.09896e-05  -4.79614e-02
                               ERR DEF= 0.5
 FCN=181.098 FROM MIGRAD    STATUS=CONVERGED     859 CALLS         860 TOTAL
                     EDM=1.2299e-07    STRATEGY= 1  ERROR MATRIX UNCERTAINTY   2.3 per cent
  EXT PARAMETER                                   STEP         FIRST   
  NO.   NAME      VALUE            ERROR          SIZE      DERIVATIVE 
   1  p0           2.34000e+01   6.41779e-02  -7.39189e-05** at limit **
   2  p1           1.02000e+00   2.06736e-04  -1.99970e-05** at limit **
   3  p2           3.00000e-02   2.39477e-04  -8.15463e-05** at limit **
   4  p3           5.30041e+01   1.57049e+00  -4.26945e-04   2.49376e-04
   5  p4           1.58253e+01   8.92838e-01  -7.01240e-04   1.50161e-04
   6  p5           8.95879e-01   6.33413e-03  -1.67156e-06  -2.09411e-02
   7  p6          -1.18860e-10   2.40586e-03   5.44425e-05** at limit **
   8  p7           3.50662e-02   1.01115e-03  -2.70454e-05  -4.95891e-03
                               ERR DEF= 0.5
 FCN=239.139 FROM MIGRAD    STATUS=CONVERGED     900 CALLS         901 TOTAL
                     EDM=3.20288e-07    STRATEGY= 1  ERROR MATRIX UNCERTAINTY   2.5 per cent
  EXT PARAMETER                                   STEP         FIRST   
  NO.   NAME      VALUE            ERROR          SIZE      DERIVATIVE 
   1  p0           2.52000e+01   4.90260e-02  -4.53340e-04** at limit **
   2  p1           1.02000e+00   3.28036e-04  -1.86643e-04** at limit **
   3  p2           3.00000e-02   2.39463e-04  -2.77339e-04** at limit **
   4  p3           5.05890e+01   1.50434e+00  -1.38140e-03  -3.63148e-04
   5  p4           1.62587e+01   9.51226e-01   1.07796e-03   6.03780e-04
   6  p5           8.94529e-01   6.39531e-03   2.21666e-06   6.43612e-02
   7  p6          -2.51046e-10   6.98932e-03   1.11109e-03** at limit **
   8  p7           3.29817e-02   9.66845e-04  -7.68931e-05   1.29024e-04
                               ERR DEF= 0.5
 FCN=227.578 FROM MIGRAD    STATUS=CONVERGED     928 CALLS         929 TOTAL
                     EDM=6.82474e-09    STRATEGY= 1  ERROR MATRIX UNCERTAINTY   2.2 per cent
  EXT PARAMETER                                   STEP         FIRST   
  NO.   NAME      VALUE            ERROR          SIZE      DERIVATIVE 
   1  p0           2.52000e+01   5.77968e-02  -1.41327e-04** at limit **
   2  p1           1.02000e+00   1.63909e-04   5.16417e-05** at limit **
   3  p2           3.00000e-02   1.49112e-04   4.75336e-05** at limit **
   4  p3           4.97488e+01   1.52535e+00  -1.13569e-03  -2.08980e-05
   5  p4           1.62920e+01   8.94152e-01   6.59600e-04  -5.08783e-05
   6  p5           8.99209e-01   5.85321e-03  -4.29044e-06   3.66631e-03
   7  p6          -1.53211e-14   2.57142e-03  -1.15330e-04** at limit **
   8  p7           3.20189e-02   9.89010e-04   7.60743e-06  -1.05618e-04
                               ERR DEF= 0.5
 FCN=138.152 FROM MIGRAD    STATUS=CONVERGED    1119 CALLS        1120 TOTAL
                     EDM=2.18094e-07    STRATEGY= 1  ERROR MATRIX UNCERTAINTY   1.4 per cent
  EXT PARAMETER                                   STEP         FIRST   
  NO.   NAME      VALUE            ERROR          SIZE      DERIVATIVE 
   1  p0           2.34000e+01   2.26788e-01  -2.93809e-04** at limit **
   2  p1           1.00903e+00   1.24713e-03   3.07648e-05   9.34854e-04
   3  p2           5.00000e-03   6.00551e-05   1.85765e-05** at limit **
   4  p3           4.99415e+01   1.99917e+00  -3.23990e-04  -6.79770e-05
   5  p4           1.81082e+01   1.08429e+00   6.44192e-04   1.80653e-03
   6  p5           8.82799e-01   7.37024e-03  -6.58538e-06   2.18774e-01
   7  p6          -1.52394e-09   1.98719e-03  -9.21211e-05** at limit **
   8  p7           3.92731e-02   1.25624e-03  -5.18481e-06   2.68027e-02
                               ERR DEF= 0.5
 FCN=236.998 FROM MIGRAD    STATUS=CONVERGED     777 CALLS         778 TOTAL
                     EDM=2.10424e-07    STRATEGY= 1  ERROR MATRIX UNCERTAINTY   2.7 per cent
  EXT PARAMETER                                   STEP         FIRST   
  NO.   NAME      VALUE            ERROR          SIZE      DERIVATIVE 
   1  p0           2.64000e+01   5.35643e-02   1.44198e-04** at limit **
   2  p1           1.02000e+00   1.50072e-04   8.62883e-05** at limit **
   3  p2           3.00000e-02   1.29347e-04  -1.19267e-04** at limit **
   4  p3           5.85144e+01   1.56757e+00  -2.61295e-03   2.21561e-04
   5  p4           1.68862e+01   8.70353e-01   4.35474e-03  -7.99379e-04
   6  p5           8.94128e-01   5.26172e-03  -2.76261e-05  -1.57860e-01
   7  p6          -1.29106e-10   1.84181e-03  -4.69553e-04** at limit **
   8  p7           3.11120e-02   8.66886e-04   5.51767e-05   2.21398e-02
                               ERR DEF= 0.5
 FCN=273.911 FROM MIGRAD    STATUS=CONVERGED     829 CALLS         830 TOTAL
                     EDM=7.26712e-08    STRATEGY= 1  ERROR MATRIX UNCERTAINTY   1.9 per cent
  EXT PARAMETER                                   STEP         FIRST   
  NO.   NAME      VALUE            ERROR          SIZE      DERIVATIVE 
   1  p0           2.76000e+01   5.05758e-02  -5.40366e-05** at limit **
   2  p1           1.02000e+00   2.11363e-04   2.56522e-07** at limit **
   3  p2           3.00000e-02   1.37993e-04  -7.65002e-06** at limit **
   4  p3           5.99728e+01   1.63158e+00   1.04946e-04   2.24050e-05
   5  p4           1.70965e+01   8.47989e-01   1.81817e-03   1.59709e-04
   6  p5           8.92167e-01   5.28435e-03  -5.84697e-06   4.90350e-02
   7  p6          -1.14491e-10   1.65884e-03   1.34323e-04** at limit **
   8  p7           3.27761e-02   8.60749e-04   4.95767e-05   4.18876e-03
                               ERR DEF= 0.5
 FCN=188.086 FROM MIGRAD    STATUS=CONVERGED     896 CALLS         897 TOTAL
                     EDM=1.87811e-08    STRATEGY= 1  ERROR MATRIX UNCERTAINTY   4.2 per cent
  EXT PARAMETER                                   STEP         FIRST   
  NO.   NAME      VALUE            ERROR          SIZE      DERIVATIVE 
   1  p0           2.46000e+01   5.66470e-02   1.57884e-04** at limit **
   2  p1           1.02000e+00   2.00738e-04  -3.46285e-05** at limit **
   3  p2           3.00000e-02   2.03045e-04   7.64113e-05** at limit **
   4  p3           5.67088e+01   1.64751e+00  -2.38708e-03   9.90945e-05
   5  p4           1.80274e+01   9.61746e-01  -4.90658e-04   7.18930e-05
   6  p5           8.86894e-01   5.70277e-03   4.22891e-07   7.87904e-03
   7  p6          -7.50839e-11   4.38270e-03   6.27323e-05** at limit **
   8  p7           3.27553e-02   8.74852e-04  -1.91968e-05  -4.84799e-03
                               ERR DEF= 0.5
 FCN=201.015 FROM MIGRAD    STATUS=CONVERGED     928 CALLS         929 TOTAL
                     EDM=2.03592e-06    STRATEGY= 1      ERROR MATRIX ACCURATE 
  EXT PARAMETER                                   STEP         FIRST   
  NO.   NAME      VALUE            ERROR          SIZE      DERIVATIVE 
   1  p0           2.46000e+01   6.42445e-02   1.00237e-03** at limit **
   2  p1           1.02000e+00   7.59504e-04   2.70876e-03** at limit **
   3  p2           3.00000e-02   2.21402e-04   1.84724e-03** at limit **
   4  p3           5.75659e+01   1.69701e+00   1.08395e-02   7.76083e-04
   5  p4           1.77436e+01   9.69451e-01   2.52244e-03   1.83027e-03
   6  p5           8.85774e-01   5.78220e-03   1.77626e-05   8.30798e-02
   7  p6          -2.93198e-10   2.58280e-03   9.97107e-04** at limit **
   8  p7           3.30137e-02   8.89152e-04   8.99818e-05   1.00899e-01
                               ERR DEF= 0.5
 FCN=252.462 FROM MIGRAD    STATUS=CONVERGED     846 CALLS         847 TOTAL
                     EDM=7.85513e-08    STRATEGY= 1  ERROR MATRIX UNCERTAINTY   1.7 per cent
  EXT PARAMETER                                   STEP         FIRST   
  NO.   NAME      VALUE            ERROR          SIZE      DERIVATIVE 
   1  p0           3.24000e+01   5.89742e-02  -1.31501e-04** at limit **
   2  p1           1.02000e+00   1.40108e-04  -8.34334e-06** at limit **
   3  p2           3.00000e-02   1.38407e-04  -7.29409e-05** at limit **
   4  p3           6.88817e+01   1.85734e+00   1.91157e-03  -4.70153e-05
   5  p4           1.82059e+01   8.48101e-01  -1.54606e-03  -8.06207e-04
   6  p5           8.89764e-01   5.00255e-03   5.11425e-06  -9.54132e-02
   7  p6          -1.88451e-11   2.06849e-03   7.90748e-05** at limit **
   8  p7           3.20843e-02   7.75883e-04  -3.78167e-05   1.95513e-02
                               ERR DEF= 0.5
 FCN=249.72 FROM MIGRAD    STATUS=CONVERGED     873 CALLS         874 TOTAL
                     EDM=2.02216e-06    STRATEGY= 1      ERROR MATRIX ACCURATE 
  EXT PARAMETER                                   STEP         FIRST   
  NO.   NAME      VALUE            ERROR          SIZE      DERIVATIVE 
   1  p0           3.48000e+01   5.82796e-02   8.94275e-04** at limit **
   2  p1           1.02000e+00   1.78547e-04   1.46060e-03** at limit **
   3  p2           3.00000e-02   1.52907e-04   1.71011e-03** at limit **
   4  p3           8.26331e+01   2.12515e+00   1.49892e-02   5.45983e-04
   5  p4           1.92573e+01   7.97780e-01   2.55099e-03  -1.70462e-03
   6  p5           8.93664e-01   4.31546e-03   1.56770e-05  -3.39719e-01
   7  p6          -3.23000e-10   1.13969e-03   7.37865e-04** at limit **
   8  p7           3.05248e-02   6.71275e-04   8.13604e-05  -2.29477e-02
                               ERR DEF= 0.5
 FCN=245.73 FROM MIGRAD    STATUS=CONVERGED     791 CALLS         792 TOTAL
                     EDM=3.66007e-09    STRATEGY= 1  ERROR MATRIX UNCERTAINTY   1.7 per cent
  EXT PARAMETER                                   STEP         FIRST   
  NO.   NAME      VALUE            ERROR          SIZE      DERIVATIVE 
   1  p0           3.78000e+01   6.87164e-02  -4.12177e-05** at limit **
   2  p1           1.02000e+00   1.43478e-04   7.67011e-05** at limit **
   3  p2           3.00000e-02   1.20402e-04  -7.60518e-05** at limit **
   4  p3           9.09212e+01   2.15811e+00   5.91423e-04   1.73392e-06
   5  p4           1.88324e+01   7.60524e-01   5.03606e-04   6.66614e-05
   6  p5           8.92183e-01   4.11840e-03  -4.05832e-06   1.63520e-02
   7  p6          -1.53033e-12   8.78583e-04  -4.08170e-05** at limit **
   8  p7           3.06059e-02   6.46085e-04   7.35306e-07   4.08425e-04
                               ERR DEF= 0.5
 FCN=287.859 FROM MIGRAD    STATUS=CONVERGED     893 CALLS         894 TOTAL
                     EDM=1.39489e-07    STRATEGY= 1  ERROR MATRIX UNCERTAINTY   1.3 per cent
  EXT PARAMETER                                   STEP         FIRST   
  NO.   NAME      VALUE            ERROR          SIZE      DERIVATIVE 
   1  p0           4.20000e+01   6.80760e-02  -3.39533e-05** at limit **
   2  p1           1.02000e+00   1.48970e-04  -3.48964e-04** at limit **
   3  p2           3.00000e-02   1.30867e-04   5.04575e-04** at limit **
   4  p3           1.03233e+02   2.33644e+00   5.23894e-03  -7.54836e-05
   5  p4           1.91070e+01   6.93439e-01  -3.88267e-03  -9.70152e-04
   6  p5           8.93818e-01   3.78192e-03   2.75314e-05  -1.08343e-02
   7  p6          -3.68705e-13   8.16723e-04   1.06740e-04** at limit **
   8  p7           3.07507e-02   6.09030e-04   7.72828e-06   2.91273e-02
                               ERR DEF= 0.5

****************************************
Minimizer is Linear
Chi2                      =      77.2867
NDf                       =           14
p0                        =      1.01997   +/-   0.000204045 
p1                        =  9.14997e-09   +/-   1.08215e-07 
Calculation of survival fraction for 2104
 FCN=154.534 FROM MIGRAD    STATUS=CONVERGED     113 CALLS         114 TOTAL
                     EDM=1.64906e-08    STRATEGY= 1      ERROR MATRIX ACCURATE 
  EXT PARAMETER                                   STEP         FIRST   
  NO.   NAME      VALUE            ERROR          SIZE      DERIVATIVE 
   1  p0           3.07874e+02   6.31788e+00   4.29461e-02  -2.15811e-05
   2  p1           2.10384e+03   3.48232e-02   1.00319e-03   1.38845e-03
   3  p2           1.86541e+00   3.15279e-02   1.55885e-05  -5.27428e-02
   4  p3           4.40860e+01   4.11724e-01   3.44668e-03   2.51635e-05
                               ERR DEF= 0.5
Area_tot = 7384
Area_tot_psa = 5989
Area = 4797
Area_psa = 3634
 FCN=143.055 FROM MIGRAD    STATUS=CONVERGED     122 CALLS         123 TOTAL
                     EDM=3.95711e-08    STRATEGY= 1      ERROR MATRIX ACCURATE 
  EXT PARAMETER                                   STEP         FIRST   
  NO.   NAME      VALUE            ERROR          SIZE      DERIVATIVE 
   1  p0           2.37166e+02   5.66481e+00   3.70306e-02  -7.93222e-06
   2  p1           2.10384e+03   4.05896e-02   1.00319e-03  -1.62672e-03
   3  p2           1.84915e+00   3.72337e-02   1.77704e-05  -7.10493e-02
   4  p3           4.00418e+01   3.92258e-01   3.15519e-03  -2.97331e-04
                               ERR DEF= 0.5
Calculation of survival fraction for 2614.5
 FCN=773.36 FROM MIGRAD    STATUS=CONVERGED      94 CALLS          95 TOTAL
                     EDM=2.88068e-07    STRATEGY= 1  ERROR MATRIX UNCERTAINTY   4.2 per cent
  EXT PARAMETER                                   STEP         FIRST   
  NO.   NAME      VALUE            ERROR          SIZE      DERIVATIVE 
   1  p0           3.30341e+03   1.94347e+01   3.41048e-01   2.50834e-05
   2  p1           2.61452e+03   7.76578e-03   2.27773e-05   4.59895e-02
   3  p2           1.61485e+00   5.76300e-03  -5.59787e-06   1.69866e+00
   4  p3           6.03930e+00   1.62932e-01   8.42546e-04  -1.73832e-04
                               ERR DEF= 0.5
Area_tot = 44968
Area_tot_psa = 39612
Area = 44593
Area_psa = 39283
 FCN=713.814 FROM MIGRAD    STATUS=CONVERGED     127 CALLS         128 TOTAL
                     EDM=9.30162e-10    STRATEGY= 1      ERROR MATRIX ACCURATE 
  EXT PARAMETER                                   STEP         FIRST   
  NO.   NAME      VALUE            ERROR          SIZE      DERIVATIVE 
   1  p0           2.88992e+03   1.81315e+01   2.69941e-01   1.50486e-06
   2  p1           2.61451e+03   8.34406e-03   1.24669e-03   3.94873e-04
   3  p2           1.62642e+00   6.20874e-03   7.27236e-06   2.38559e-02
   4  p3           4.98907e+00   1.51020e-01   2.77133e-03  -1.33611e-04
                               ERR DEF= 0.5
Calculation of survival fraction background at 2039
Area = 9582
Area_psa = 8683
