
[1mRooFit v3.60 -- Developed by Wouter Verkerke and David Kirkby[0m 
                Copyright (C) 2000-2013 NIKHEF, University of California & Stanford University
                All rights reserved, please read http://roofit.sourceforge.net/license.txt

Using file /nfs/gerda6/users/burlac/psd/analysis/run0098-cal_dplms_10.tier.root
Analizing channel 1
DPLMS analysis with weight 10
Total events = 17201607
event n.1000000
event n.2000000
event n.3000000
event n.4000000
event n.5000000
event n.6000000
event n.7000000
event n.8000000
event n.9000000
event n.10000000
event n.11000000
event n.12000000
event n.13000000
event n.14000000
event n.15000000
event n.16000000
event n.17000000
Selected events: 130169
The time to read waveforms: 32.36 s
Initialization of DEP&FEP background  = 17
 FCN=101.346 FROM MIGRAD    STATUS=CONVERGED     233 CALLS         234 TOTAL
                     EDM=1.48029e-08    STRATEGY= 1      ERROR MATRIX ACCURATE 
  EXT PARAMETER                                   STEP         FIRST   
  NO.   NAME      VALUE            ERROR          SIZE      DERIVATIVE 
   1  p0           1.54511e+02   5.85379e+00   3.23272e-02   6.38372e-06
   2  p1           1.59221e+03   3.50244e-02   7.59226e-04  -3.28411e-04
   3  p2           1.03410e+00   3.07017e-02   1.65691e-05   2.40144e-02
   4  p3           7.65293e+01   4.45255e+00   2.45437e-02   6.61539e-06
   5  p4           1.62054e+03   5.60859e-02   7.72735e-04   1.59221e-03
   6  p5           1.02723e+00   5.18216e-02   2.79165e-05   1.44696e-02
   7  p6           1.63161e+01   2.96846e-01   1.98779e-03  -1.11917e-05
                               ERR DEF= 0.5
mean_aoe = 0.1417
AoE: max = 1.3439 max = 0.134656
 FCN=0.511978 FROM MIGRAD    STATUS=CONVERGED     353 CALLS         354 TOTAL
                     EDM=9.33013e-10    STRATEGY= 1  ERROR MATRIX UNCERTAINTY   0.4 per cent
  EXT PARAMETER                                   STEP         FIRST   
  NO.   NAME      VALUE            ERROR          SIZE      DERIVATIVE 
   1  p0           1.07585e+00   7.30111e-01   4.53678e-04   2.74554e-05
   2  p1           1.00010e+00   2.58430e-03   6.31422e-07   6.42842e-03
   3  p2           4.45456e-03   1.92939e-03  -3.63497e-05   9.04978e-04
   4  p3           1.97151e-03   3.48024e-03   2.87266e-06  -2.44013e-01
   5  p4           1.62601e-03   2.86486e-03   2.36488e-06   2.85258e-01
                               ERR DEF= 0.5
Analysis with a fixed bin for LowCut
Total integral = 1348
AoE_lowCut = 1991 -> 0.99525
CutIntegral = 1195
SF_dep = 0.886499
sigma_aoe = 0.00445456
 FCN=122.43 FROM MIGRAD    STATUS=CONVERGED     189 CALLS         190 TOTAL
                     EDM=5.76732e-08    STRATEGY= 1      ERROR MATRIX ACCURATE 
  EXT PARAMETER                                   STEP         FIRST   
  NO.   NAME      VALUE            ERROR          SIZE      DERIVATIVE 
   1  p0           1.28400e+02   5.15537e+00   3.12295e-02   1.06545e-05
   2  p1           1.59221e+03   3.59206e-02   7.59225e-04  -2.23128e-03
   3  p2           1.03327e+00   3.06277e-02   1.81617e-05  -7.27920e-03
   4  p3           1.19097e+01   2.24117e+00   1.37546e-02  -4.64880e-05
   5  p4           1.62062e+03   1.88193e-01   1.34737e-03   1.59018e-04
   6  p5           9.15186e-01   1.70397e-01   1.03628e-04  -5.65025e-05
   7  p6           7.14194e+00   2.00040e-01   1.46994e-03   8.90189e-04
                               ERR DEF= 0.5
AreaDEP_tot = 1883
Area_DEP_tot_psa = 1364
AreaDEP = 1350
Area_DEP_psa = 1151
Area_FEP_tot = 1213
Area_FEP_tot_psa = 346
Area_FEP = 657
Area_FEP_psa = 74
Calculation of AoE vs E correction
 FCN=138.562 FROM MIGRAD    STATUS=CONVERGED    1025 CALLS        1026 TOTAL
                     EDM=9.09453e-08    STRATEGY= 1  ERROR MATRIX UNCERTAINTY   1.1 per cent
  EXT PARAMETER                                   STEP         FIRST   
  NO.   NAME      VALUE            ERROR          SIZE      DERIVATIVE 
   1  p0           1.57157e+02   5.60658e+00  -2.41830e-04  -2.90532e-03
   2  p1           1.00054e+00   2.41901e-04  -4.30104e-06   3.65332e-03
   3  p2           7.05825e-03   2.27345e-04   1.02121e-04  -6.28459e-03
   4  p3           2.88353e+01   1.37095e+00   1.20062e-03  -1.20727e-04
   5  p4           7.75663e+00   3.91304e-01  -1.24062e-04  -1.68198e-04
   6  p5           9.99152e-01   3.10887e-03  -8.67126e-07   6.06454e-02
   7  p6          -7.57177e-11   6.69431e-03   4.92883e-05** at limit **
   8  p7           1.49831e-02   1.02307e-03  -2.60902e-06   3.40374e-04
                               ERR DEF= 0.5
 FCN=121.141 FROM MIGRAD    STATUS=CONVERGED    1006 CALLS        1007 TOTAL
                     EDM=5.83232e-07    STRATEGY= 1  ERROR MATRIX UNCERTAINTY   2.3 per cent
  EXT PARAMETER                                   STEP         FIRST   
  NO.   NAME      VALUE            ERROR          SIZE      DERIVATIVE 
   1  p0           1.46651e+02   5.42708e+00   4.89018e-04   6.39384e-04
   2  p1           9.99873e-01   2.42742e-04  -4.21985e-05  -8.09512e-03
   3  p2           7.04284e-03   2.24428e-04  -8.92720e-05  -7.90323e-03
   4  p3           2.19683e+01   1.18330e+00   2.04466e-03   1.56003e-04
   5  p4           8.12251e+00   4.84838e-01  -1.78496e-03   8.36477e-05
   6  p5           9.94150e-01   4.25985e-03   1.09913e-05   1.37824e-02
   7  p6          -1.94511e-08   2.14927e-02   5.37390e-04** at limit **
   8  p7           1.64719e-02   1.30362e-03  -7.82220e-05   1.46913e-04
                               ERR DEF= 0.5
 FCN=130.63 FROM MIGRAD    STATUS=CONVERGED    1054 CALLS        1055 TOTAL
                     EDM=4.4642e-08    STRATEGY= 1  ERROR MATRIX UNCERTAINTY   2.4 per cent
  EXT PARAMETER                                   STEP         FIRST   
  NO.   NAME      VALUE            ERROR          SIZE      DERIVATIVE 
   1  p0           1.39182e+02   5.81994e+00  -1.95536e-04  -1.69968e-04
   2  p1           1.00009e+00   2.31099e-04  -2.84483e-06  -1.01244e-02
   3  p2           5.96123e-03   2.11436e-04   4.90291e-05   6.46263e-04
   4  p3           2.12610e+01   1.18799e+00   8.07907e-05   1.26228e-04
   5  p4           8.46615e+00   4.63110e-01  -9.49153e-05   2.49295e-04
   6  p5           1.00046e+00   3.03997e-03  -2.78176e-06  -2.67331e-02
   7  p6          -5.01599e-11   1.62448e-02   8.50680e-04** at limit **
   8  p7           1.25829e-02   1.03596e-03   1.13785e-05  -6.53148e-04
                               ERR DEF= 0.5
 FCN=129.038 FROM MIGRAD    STATUS=CONVERGED    1042 CALLS        1043 TOTAL
                     EDM=1.14859e-07    STRATEGY= 1  ERROR MATRIX UNCERTAINTY   1.9 per cent
  EXT PARAMETER                                   STEP         FIRST   
  NO.   NAME      VALUE            ERROR          SIZE      DERIVATIVE 
   1  p0           1.63229e+02   6.78269e+00   1.29861e-04   3.25281e-03
   2  p1           9.99811e-01   1.95698e-04   1.01785e-05  -3.83117e-03
   3  p2           5.14140e-03   1.86199e-04  -9.19865e-05   2.75864e-03
   4  p3           2.11549e+01   1.17213e+00   7.24721e-05   7.74126e-05
   5  p4           8.36566e+00   4.50846e-01   1.31648e-04  -7.81636e-04
   6  p5           1.00401e+00   2.49929e-03   2.80028e-07  -5.80359e-03
   7  p6          -3.97598e-11   6.59446e-03   2.93367e-04** at limit **
   8  p7           1.09110e-02   9.02758e-04  -1.51997e-05  -4.22714e-03
                               ERR DEF= 0.5
 FCN=119.248 FROM MIGRAD    STATUS=CONVERGED    1180 CALLS        1181 TOTAL
                     EDM=2.93933e-07    STRATEGY= 1  ERROR MATRIX UNCERTAINTY   1.6 per cent
  EXT PARAMETER                                   STEP         FIRST   
  NO.   NAME      VALUE            ERROR          SIZE      DERIVATIVE 
   1  p0           1.65907e+02   5.79927e+00  -2.14815e-04   3.00912e-03
   2  p1           9.99623e-01   1.78019e-04   2.23359e-05   6.22020e-02
   3  p2           5.00000e-03   2.90024e-04   2.22426e-04** at limit **
   4  p3           2.28795e+01   1.13645e+00   1.18037e-03  -1.38848e-04
   5  p4           1.00646e+01   5.14175e-01  -4.76817e-04   8.59453e-04
   6  p5           1.00074e+00   2.51294e-03   2.91756e-06   1.51709e-01
   7  p6          -2.95748e-10   4.59479e-03  -2.88533e-04** at limit **
   8  p7           1.15346e-02   8.72409e-04  -5.17193e-05  -3.81426e-03
                               ERR DEF= 0.5
 FCN=122.63 FROM MIGRAD    STATUS=CONVERGED    1138 CALLS        1139 TOTAL
                     EDM=2.67502e-07    STRATEGY= 1  ERROR MATRIX UNCERTAINTY   2.0 per cent
  EXT PARAMETER                                   STEP         FIRST   
  NO.   NAME      VALUE            ERROR          SIZE      DERIVATIVE 
   1  p0           1.59045e+02   5.14542e+00  -6.94603e-06  -5.00054e-03
   2  p1           9.99418e-01   1.89089e-04   1.69770e-05  -4.57999e-02
   3  p2           5.00000e-03   5.24677e-05   2.98408e-05** at limit **
   4  p3           2.33933e+01   1.22378e+00  -5.98155e-04  -1.83189e-04
   5  p4           1.10688e+01   4.99874e-01   6.08351e-04   1.12178e-03
   6  p5           9.97863e-01   2.36877e-03  -4.15714e-06   1.16555e-02
   7  p6          -3.16414e-13   2.53306e-03  -3.34592e-04** at limit **
   8  p7           1.24773e-02   8.11663e-04   1.32370e-05   1.79408e-04
                               ERR DEF= 0.5
 FCN=129.046 FROM MIGRAD    STATUS=CONVERGED    1034 CALLS        1035 TOTAL
                     EDM=7.63741e-09    STRATEGY= 1  ERROR MATRIX UNCERTAINTY   1.3 per cent
  EXT PARAMETER                                   STEP         FIRST   
  NO.   NAME      VALUE            ERROR          SIZE      DERIVATIVE 
   1  p0           1.55528e+02   5.42050e+00  -1.15917e-04   6.14765e-04
   2  p1           9.99166e-01   1.79092e-04   3.73288e-06   2.41976e-03
   3  p2           5.00000e-03   1.92645e-05  -3.32402e-05** at limit **
   4  p3           2.08018e+01   1.14182e+00   1.66422e-03  -1.11003e-04
   5  p4           1.02716e+01   5.47359e-01   5.69028e-04   2.15818e-04
   6  p5           9.95445e-01   2.84126e-03  -3.89253e-06   2.31316e-02
   7  p6          -8.96205e-12   4.55940e-03  -7.47302e-05** at limit **
   8  p7           1.41199e-02   9.60016e-04   3.51416e-05  -9.11046e-04
                               ERR DEF= 0.5
 FCN=176.926 FROM MIGRAD    STATUS=CONVERGED     999 CALLS        1000 TOTAL
                     EDM=5.31996e-09    STRATEGY= 1  ERROR MATRIX UNCERTAINTY   0.9 per cent
  EXT PARAMETER                                   STEP         FIRST   
  NO.   NAME      VALUE            ERROR          SIZE      DERIVATIVE 
   1  p0           1.65746e+02   5.66461e+00  -1.70996e-04   5.28385e-04
   2  p1           9.98220e-01   1.79539e-04   1.20321e-05  -4.01352e-03
   3  p2           5.00000e-03   2.15003e-05   8.87250e-05** at limit **
   4  p3           2.65209e+01   1.29559e+00   9.18300e-04  -1.74316e-05
   5  p4           1.19264e+01   5.51776e-01   2.16348e-04   3.23195e-05
   6  p5           9.92104e-01   2.46497e-03   5.24007e-07   2.68159e-02
   7  p6          -2.99905e-12   1.48606e-03  -9.74134e-05** at limit **
   8  p7           1.34354e-02   7.96580e-04   9.42281e-06   1.47998e-04
                               ERR DEF= 0.5
 FCN=182.816 FROM MIGRAD    STATUS=CONVERGED    1054 CALLS        1055 TOTAL
                     EDM=3.40737e-07    STRATEGY= 1  ERROR MATRIX UNCERTAINTY   3.0 per cent
  EXT PARAMETER                                   STEP         FIRST   
  NO.   NAME      VALUE            ERROR          SIZE      DERIVATIVE 
   1  p0           1.75409e+02   5.77881e+00  -3.86036e-04  -3.36265e-03
   2  p1           9.98169e-01   1.79179e-04  -1.43622e-06   2.62255e-02
   3  p2           5.00000e-03   1.88852e-05  -3.22989e-04** at limit **
   4  p3           3.02752e+01   1.39381e+00  -1.90185e-03  -5.45784e-04
   5  p4           1.19135e+01   5.09382e-01  -1.94139e-03   4.60614e-04
   6  p5           9.93346e-01   2.15950e-03   1.52318e-05  -1.35703e-01
   7  p6          -1.40699e-11   1.43836e-03  -3.48911e-04** at limit **
   8  p7           1.21057e-02   7.18789e-04  -2.26310e-04   1.59606e-03
                               ERR DEF= 0.5
 FCN=199.978 FROM MIGRAD    STATUS=CONVERGED    1532 CALLS        1533 TOTAL
                     EDM=3.30142e-07    STRATEGY= 1  ERROR MATRIX UNCERTAINTY   3.2 per cent
  EXT PARAMETER                                   STEP         FIRST   
  NO.   NAME      VALUE            ERROR          SIZE      DERIVATIVE 
   1  p0           1.80823e+02   5.82497e+00  -1.02431e-04   3.44117e-03
   2  p1           9.98196e-01   1.71147e-04   6.97107e-07   1.07412e-02
   3  p2           5.00000e-03   1.13935e-05  -6.26946e-05** at limit **
   4  p3           3.11833e+01   1.50785e+00   2.09525e-04   8.23169e-05
   5  p4           1.26034e+01   1.29297e+00   3.03025e-05   6.78765e-04
   6  p5           9.86694e-01   3.03814e-03   1.30059e-06   7.80699e-04
   7  p6          -2.70193e-03   2.12067e-02   3.28023e-04  -1.65541e-03
   8  p7           1.43150e-02   8.50408e-04  -1.27194e-05   9.51120e-04
                               ERR DEF= 0.5
 FCN=147.518 FROM MIGRAD    STATUS=CONVERGED    1067 CALLS        1068 TOTAL
                     EDM=3.55482e-07    STRATEGY= 1  ERROR MATRIX UNCERTAINTY   2.1 per cent
  EXT PARAMETER                                   STEP         FIRST   
  NO.   NAME      VALUE            ERROR          SIZE      DERIVATIVE 
   1  p0           1.58680e+02   5.55156e+00  -8.43333e-04  -1.20726e-03
   2  p1           9.97979e-01   1.81507e-04   9.51422e-06  -2.88920e-02
   3  p2           5.00000e-03   1.90176e-05  -4.08025e-05** at limit **
   4  p3           2.81886e+01   1.34946e+00  -1.44854e-03   5.81898e-04
   5  p4           1.12567e+01   4.95866e-01  -2.66311e-03  -4.91475e-04
   6  p5           9.92543e-01   1.99041e-03  -7.83956e-07  -5.11691e-02
   7  p6          -2.63604e-10   2.51117e-03  -2.61128e-04** at limit **
   8  p7           1.08005e-02   6.80540e-04   5.20876e-05  -7.87332e-03
                               ERR DEF= 0.5
 FCN=159.278 FROM MIGRAD    STATUS=CONVERGED    1167 CALLS        1168 TOTAL
                     EDM=2.51299e-09    STRATEGY= 1  ERROR MATRIX UNCERTAINTY   2.1 per cent
  EXT PARAMETER                                   STEP         FIRST   
  NO.   NAME      VALUE            ERROR          SIZE      DERIVATIVE 
   1  p0           1.65847e+02   5.83050e+00  -6.41459e-05   1.25375e-05
   2  p1           9.97809e-01   1.83628e-04   5.19574e-06   1.62259e-03
   3  p2           5.00000e-03   2.52155e-05   3.58148e-05** at limit **
   4  p3           2.75705e+01   1.36896e+00  -1.20699e-03   4.98856e-05
   5  p4           1.17838e+01   5.26033e-01  -3.97026e-04  -1.38948e-04
   6  p5           9.94197e-01   2.23943e-03   1.36354e-06  -2.53788e-02
   7  p6          -2.24265e-14   2.80002e-03   1.49190e-05** at limit **
   8  p7           1.10918e-02   7.58499e-04  -1.30796e-05  -1.55876e-03
                               ERR DEF= 0.5
 FCN=189.047 FROM MIGRAD    STATUS=CONVERGED    1013 CALLS        1014 TOTAL
                     EDM=1.36669e-08    STRATEGY= 1  ERROR MATRIX UNCERTAINTY   2.5 per cent
  EXT PARAMETER                                   STEP         FIRST   
  NO.   NAME      VALUE            ERROR          SIZE      DERIVATIVE 
   1  p0           1.99276e+02   6.20105e+00  -6.31733e-05  -1.05252e-03
   2  p1           9.97014e-01   1.62405e-04  -5.64953e-06   1.80465e-03
   3  p2           5.00000e-03   1.58306e-05   2.57456e-06** at limit **
   4  p3           2.90260e+01   1.38569e+00  -1.25287e-03   4.51057e-05
   5  p4           1.14978e+01   5.24159e-01  -2.40600e-04  -3.23893e-04
   6  p5           9.90479e-01   2.45535e-03   1.14620e-06  -1.85121e-02
   7  p6          -9.85556e-12   2.32478e-03   1.66656e-05** at limit **
   8  p7           1.37974e-02   7.86624e-04   2.40579e-05  -9.29328e-04
                               ERR DEF= 0.5
 FCN=262.818 FROM MIGRAD    STATUS=CONVERGED    1067 CALLS        1068 TOTAL
                     EDM=1.31559e-07    STRATEGY= 1  ERROR MATRIX UNCERTAINTY   1.7 per cent
  EXT PARAMETER                                   STEP         FIRST   
  NO.   NAME      VALUE            ERROR          SIZE      DERIVATIVE 
   1  p0           2.42702e+02   6.83606e+00  -2.45043e-04   3.49921e-03
   2  p1           9.97027e-01   1.50707e-04   1.47776e-06   3.16073e-03
   3  p2           5.00000e-03   1.08745e-05  -3.21773e-05** at limit **
   4  p3           3.60670e+01   1.57074e+00   1.16525e-03   1.71451e-04
   5  p4           1.18668e+01   4.70842e-01  -7.31620e-04  -2.63981e-04
   6  p5           9.92490e-01   1.98525e-03   6.96308e-06   7.72908e-02
   7  p6          -6.24389e-13   1.17488e-03   3.94137e-06** at limit **
   8  p7           1.26805e-02   6.61134e-04   3.49026e-06   1.63650e-02
                               ERR DEF= 0.5
 FCN=288.96 FROM MIGRAD    STATUS=CONVERGED    1062 CALLS        1063 TOTAL
                     EDM=4.38705e-08    STRATEGY= 1  ERROR MATRIX UNCERTAINTY   1.1 per cent
  EXT PARAMETER                                   STEP         FIRST   
  NO.   NAME      VALUE            ERROR          SIZE      DERIVATIVE 
   1  p0           3.07721e+02   7.61259e+00   5.02799e-05  -4.96990e-04
   2  p1           9.96872e-01   1.29248e-04  -1.90204e-05   4.69935e-04
   3  p2           5.00000e-03   7.09610e-06  -4.93147e-05** at limit **
   4  p3           3.92985e+01   1.59755e+00  -1.69559e-03   2.66006e-05
   5  p4           1.22348e+01   4.28784e-01  -7.30716e-04  -5.81168e-04
   6  p5           9.91120e-01   1.94133e-03   9.28121e-07  -7.75665e-02
   7  p6          -1.25765e-11   9.19939e-04   1.35652e-04** at limit **
   8  p7           1.35048e-02   6.44525e-04  -1.15312e-05  -4.61119e-03
                               ERR DEF= 0.5
 FCN=296.455 FROM MIGRAD    STATUS=CONVERGED    1144 CALLS        1145 TOTAL
                     EDM=6.02833e-09    STRATEGY= 1  ERROR MATRIX UNCERTAINTY   0.4 per cent
  EXT PARAMETER                                   STEP         FIRST   
  NO.   NAME      VALUE            ERROR          SIZE      DERIVATIVE 
   1  p0           3.20037e+02   7.87542e+00  -4.21472e-05   3.54633e-04
   2  p1           9.96763e-01   1.28182e-04   2.26218e-06  -5.48892e-03
   3  p2           5.00000e-03   7.92654e-06  -3.26718e-05** at limit **
   4  p3           4.41022e+01   1.76956e+00  -4.54350e-04  -1.82159e-05
   5  p4           1.22162e+01   4.35980e-01  -5.76100e-04   1.68134e-04
   6  p5           9.91782e-01   1.75736e-03   1.80889e-06   5.74842e-03
   7  p6          -9.63996e-12   1.30522e-03  -2.56299e-05** at limit **
   8  p7           1.19464e-02   5.82180e-04  -6.79428e-06   7.37316e-04
                               ERR DEF= 0.5

****************************************
Minimizer is Linear
Chi2                      =      17.0747
NDf                       =           14
p0                        =      1.00315   +/-   0.00018851  
p1                        = -2.71231e-06   +/-   9.95096e-08 
Calculation of survival fraction for 2104
 FCN=160.948 FROM MIGRAD    STATUS=CONVERGED      88 CALLS          89 TOTAL
                     EDM=1.95654e-09    STRATEGY= 1  ERROR MATRIX UNCERTAINTY   4.5 per cent
  EXT PARAMETER                                   STEP         FIRST   
  NO.   NAME      VALUE            ERROR          SIZE      DERIVATIVE 
   1  p0           1.27945e+02   4.52565e+00  -3.33057e-03  -2.12164e-06
   2  p1           2.10348e+03   4.87870e-02  -4.14622e-05   4.04706e-04
   3  p2           1.50602e+00   4.30038e-02   5.88983e-07   1.28853e-02
   4  p3           1.87037e+01   2.65907e-01  -1.52746e-04  -2.25117e-05
                               ERR DEF= 0.5
Area_tot = 2516
Area_tot_psa = 536
Area = 1586
Area_psa = 136
 FCN=168.203 FROM MIGRAD    STATUS=CONVERGED     123 CALLS         124 TOTAL
                     EDM=1.73758e-07    STRATEGY= 1      ERROR MATRIX ACCURATE 
  EXT PARAMETER                                   STEP         FIRST   
  NO.   NAME      VALUE            ERROR          SIZE      DERIVATIVE 
   1  p0           1.09115e+01   1.66106e+00   1.20700e-02  -2.73081e-04
   2  p1           2.10339e+03   2.47591e-01   2.20716e-03   7.16195e-04
   3  p2           1.56795e+00   2.24415e-01   1.30176e-04  -2.16191e-02
   4  p3           7.85553e+00   1.74558e-01   1.51571e-03  -1.58580e-04
                               ERR DEF= 0.5
Calculation of survival fraction for 2614.5
 FCN=237.92 FROM MIGRAD    STATUS=CONVERGED     205 CALLS         206 TOTAL
                     EDM=1.77395e-07    STRATEGY= 1      ERROR MATRIX ACCURATE 
  EXT PARAMETER                                   STEP         FIRST   
  NO.   NAME      VALUE            ERROR          SIZE      DERIVATIVE 
   1  p0           1.24091e+03   1.39981e+01   1.20967e-01   7.97120e-06
   2  p1           2.61464e+03   1.06725e-02   1.24676e-03   1.58751e-02
   3  p2           1.15816e+00   7.78550e-03   6.27561e-06   2.53720e-01
   4  p3           9.72692e-01   7.83435e-02   8.33415e-04   4.66793e-03
                               ERR DEF= 0.5
Area_tot = 12068
Area_tot_psa = 1841
Area = 12009
Area_psa = 1836
 FCN=119.272 FROM MIGRAD    STATUS=CONVERGED     109 CALLS         110 TOTAL
                     EDM=7.14908e-07    STRATEGY= 1  ERROR MATRIX UNCERTAINTY   2.7 per cent
  EXT PARAMETER                                   STEP         FIRST   
  NO.   NAME      VALUE            ERROR          SIZE      DERIVATIVE 
   1  p0           1.86972e+02   5.39386e+00  -1.12186e-01  -2.23151e-04
   2  p1           2.61465e+03   2.76868e-02  -4.26266e-04   4.45974e-03
   3  p2           1.16873e+00   1.98075e-02   2.01648e-05  -2.36782e-01
   4  p3           1.41313e-02   7.68149e-03  -3.76892e-05   6.08361e-02
                               ERR DEF= 0.5
Calculation of survival fraction background at 2039
Area = 4245
Area_psa = 1864
Calculation of survival fraction background at 2350
Area = 9383
Area_psa = 4147
