
[1mRooFit v3.60 -- Developed by Wouter Verkerke and David Kirkby[0m 
                Copyright (C) 2000-2013 NIKHEF, University of California & Stanford University
                All rights reserved, please read http://roofit.sourceforge.net/license.txt

Using file /nfs/gerda6/users/burlac/psd/analysis/run0098-cal_dplms_1000.tier.root
Analizing channel 31
DPLMS analysis with weight 1000
Total events = 17201607
event n.1000000
event n.2000000
event n.3000000
event n.4000000
event n.5000000
event n.6000000
event n.7000000
event n.8000000
event n.9000000
event n.10000000
event n.11000000
event n.12000000
event n.13000000
event n.14000000
event n.15000000
event n.16000000
event n.17000000
Selected events: 162611
The time to read waveforms: 34.07 s
Initialization of DEP&FEP background  = 16.5
 FCN=107.673 FROM MIGRAD    STATUS=CONVERGED     179 CALLS         180 TOTAL
                     EDM=3.91517e-08    STRATEGY= 1  ERROR MATRIX UNCERTAINTY   6.6 per cent
  EXT PARAMETER                                   STEP         FIRST   
  NO.   NAME      VALUE            ERROR          SIZE      DERIVATIVE 
   1  p0           1.98587e+02   6.47546e+00  -1.27889e-02   2.80577e-05
   2  p1           1.59188e+03   3.13635e-02   1.51238e-05   9.32659e-04
   3  p2           1.07603e+00   2.72810e-02   5.01218e-06   7.24127e-02
   4  p3           1.00293e+02   4.81502e+00   7.92698e-04   1.73494e-05
   5  p4           1.62017e+03   4.90996e-02  -5.16881e-06  -2.51110e-03
   6  p5           1.07262e+00   4.05788e-02   6.87876e-07   3.81434e-02
   7  p6           1.95819e+01   3.21717e-01  -1.38938e-04   5.02509e-04
                               ERR DEF= 0.5
mean_aoe = 0.0709
AoE: max = 1.7286 max = 0.0764582
 FCN=3.49548 FROM MIGRAD    STATUS=CONVERGED     359 CALLS         360 TOTAL
                     EDM=8.35698e-08    STRATEGY= 1  ERROR MATRIX UNCERTAINTY   1.4 per cent
  EXT PARAMETER                                   STEP         FIRST   
  NO.   NAME      VALUE            ERROR          SIZE      DERIVATIVE 
   1  p0           9.59714e-01   2.63437e-01  -3.41336e-04   1.93905e-03
   2  p1           1.00046e+00   2.21436e-03  -1.32337e-05   3.41376e-03
   3  p2           8.21054e-03   1.69429e-03   3.67793e-05   1.72225e-02
   4  p3           5.52133e-03   3.53150e-03   5.17332e-06  -8.66789e-01
   5  p4           3.80379e-03   2.43079e-03   3.55993e-06   1.22684e+00
                               ERR DEF= 0.5
AoE_lowCut = 0.984044
 FCN=115.738 FROM MIGRAD    STATUS=CONVERGED     206 CALLS         207 TOTAL
                     EDM=2.8677e-08    STRATEGY= 1      ERROR MATRIX ACCURATE 
  EXT PARAMETER                                   STEP         FIRST   
  NO.   NAME      VALUE            ERROR          SIZE      DERIVATIVE 
   1  p0           1.78139e+02   5.91772e+00   3.47858e-02  -1.46574e-06
   2  p1           1.59190e+03   3.13593e-02   7.59078e-04  -4.14533e-04
   3  p2           1.08714e+00   2.67926e-02   1.49558e-05   7.42910e-03
   4  p3           1.94019e+01   2.94912e+00   1.71081e-02   5.37943e-05
   5  p4           1.62044e+03   1.26424e-01   9.09718e-04   1.08163e-05
   6  p5           8.19448e-01   1.25992e-01   7.82439e-05   8.84080e-03
   7  p6           9.49940e+00   2.29304e-01   1.63980e-03  -3.68253e-04
                               ERR DEF= 0.5
AreaDEP_tot = 2454
Area_DEP_tot_psa = 1971
AreaDEP = 1797
Area_DEP_psa = 1621
Area_FEP_tot = 1600
Area_FEP_tot_psa = 484
Area_FEP = 871
Area_FEP_psa = 117
Calculation of AoE vs E correction
 FCN=113.337 FROM MIGRAD    STATUS=CONVERGED    1762 CALLS        1763 TOTAL
                     EDM=1.46508e-07    STRATEGY= 1      ERROR MATRIX ACCURATE 
  EXT PARAMETER                                   STEP         FIRST   
  NO.   NAME      VALUE            ERROR          SIZE      DERIVATIVE 
   1  p0           9.08138e+01   3.48221e+00   5.89604e-04  -1.05508e-03
   2  p1           1.00310e+00   4.50074e-04   1.51763e-04   3.48617e-03
   3  p2           1.32034e-02   4.24941e-04   1.68066e-04   5.87222e-03
   4  p3           1.65398e+01   1.04618e+00   3.20606e-03  -1.59046e-04
   5  p4           2.94294e+00   3.77408e-01   1.15290e-03   7.55453e-04
   6  p5           1.00715e+00   7.69370e-03   2.30252e-05   1.05508e-02
   7  p6          -4.15619e-08   8.23255e-01   1.29510e-02** at limit **
   8  p7           1.63692e-02   2.32335e-03   2.86571e-04  -9.46893e-04
                               ERR DEF= 0.5
 FCN=119.867 FROM MIGRAD    STATUS=CONVERGED    1339 CALLS        1340 TOTAL
                     EDM=8.88022e-07    STRATEGY= 1      ERROR MATRIX ACCURATE 
  EXT PARAMETER                                   STEP         FIRST   
  NO.   NAME      VALUE            ERROR          SIZE      DERIVATIVE 
   1  p0           8.90675e+01   3.35956e+00   6.28900e-04   4.12726e-04
   2  p1           1.00370e+00   4.28820e-04   1.51241e-04   1.32623e-02
   3  p2           1.21632e-02   4.05672e-04   1.73503e-04   6.12865e-03
   4  p3           1.65273e+01   1.01100e+00   3.50767e-03   1.14067e-04
   5  p4           3.99437e+00   4.25657e-01   1.35033e-03  -1.04915e-04
   6  p5           1.00182e+00   7.42967e-03   2.39114e-05   3.16499e-02
   7  p6          -3.28689e-07   6.72667e-01   8.80789e-03  -7.14542e-04
   8  p7           1.90859e-02   2.25724e-03   2.83174e-04   4.18529e-03
                               ERR DEF= 0.5
 FCN=121.266 FROM MIGRAD    STATUS=CONVERGED    1059 CALLS        1060 TOTAL
                     EDM=3.88769e-07    STRATEGY= 1      ERROR MATRIX ACCURATE 
  EXT PARAMETER                                   STEP         FIRST   
  NO.   NAME      VALUE            ERROR          SIZE      DERIVATIVE 
   1  p0           9.46067e+01   3.61424e+00   6.49643e-04  -4.99002e-03
   2  p1           1.00189e+00   3.80763e-04   1.34818e-04   1.41819e-03
   3  p2           1.06542e-02   3.48837e-04   1.70071e-04  -1.19863e-02
   4  p3           1.37548e+01   9.44158e-01   3.26293e-03  -1.18101e-03
   5  p4           4.19550e+00   4.47932e-01   1.50913e-03   1.99950e-03
   6  p5           1.00435e+00   5.44576e-03   2.32032e-05   1.61023e-02
   7  p6          -1.11020e-11   9.00705e-02   4.63916e-03** at limit **
   8  p7           1.71279e-02   1.82340e-03   2.94836e-04  -4.21771e-04
                               ERR DEF= 0.5
 FCN=124.385 FROM MIGRAD    STATUS=CONVERGED    1075 CALLS        1076 TOTAL
                     EDM=4.98041e-07    STRATEGY= 1      ERROR MATRIX ACCURATE 
  EXT PARAMETER                                   STEP         FIRST   
  NO.   NAME      VALUE            ERROR          SIZE      DERIVATIVE 
   1  p0           1.01070e+02   3.81749e+00   7.50515e-04  -1.22405e-03
   2  p1           1.00137e+00   3.44362e-04   1.24729e-04   1.22960e-02
   3  p2           9.83589e-03   3.02578e-04   1.63573e-04   1.55809e-02
   4  p3           1.48774e+01   9.33506e-01   3.52756e-03  -7.98723e-05
   5  p4           4.78764e+00   4.67407e-01   1.59459e-03   1.11620e-03
   6  p5           9.97380e-01   5.99015e-03   2.35290e-05   1.20361e-01
   7  p6          -8.98818e-09   9.34760e-02   4.74925e-03** at limit **
   8  p7           1.87310e-02   1.91983e-03   2.85598e-04   7.15549e-03
                               ERR DEF= 0.5
 FCN=111.469 FROM MIGRAD    STATUS=CONVERGED    1002 CALLS        1003 TOTAL
                     EDM=1.17045e-06    STRATEGY= 1      ERROR MATRIX ACCURATE 
  EXT PARAMETER                                   STEP         FIRST   
  NO.   NAME      VALUE            ERROR          SIZE      DERIVATIVE 
   1  p0           1.04020e+02   3.95997e+00   6.38316e-04  -5.83730e-03
   2  p1           1.00055e+00   3.47250e-04   1.13466e-04  -1.79799e-02
   3  p2           9.39811e-03   2.96300e-04   1.53038e-04  -2.10070e-02
   4  p3           1.73289e+01   1.02901e+00   3.87436e-03  -8.07588e-04
   5  p4           6.13510e+00   4.74453e-01   1.62301e-03   1.10927e-03
   6  p5           9.92558e-01   5.34761e-03   1.98791e-05  -7.17691e-02
   7  p6          -5.71686e-08   8.60618e-02   4.20391e-03** at limit **
   8  p7           1.59594e-02   1.54360e-03   2.47925e-04  -5.03190e-03
                               ERR DEF= 0.5
 FCN=99.9599 FROM MIGRAD    STATUS=CONVERGED     950 CALLS         951 TOTAL
                     EDM=4.35235e-09    STRATEGY= 1      ERROR MATRIX ACCURATE 
  EXT PARAMETER                                   STEP         FIRST   
  NO.   NAME      VALUE            ERROR          SIZE      DERIVATIVE 
   1  p0           1.00607e+02   4.10887e+00   6.47780e-04   1.73244e-04
   2  p1           1.00051e+00   3.31246e-04   1.06568e-04   1.85556e-03
   3  p2           8.77331e-03   2.88128e-04   1.53783e-04   5.62657e-04
   4  p3           1.70161e+01   1.00522e+00   3.50490e-03  -5.88511e-05
   5  p4           5.45148e+00   4.31540e-01   1.42861e-03   1.56379e-04
   6  p5           9.98058e-01   4.84296e-03   1.77917e-05   8.76991e-03
   7  p6          -6.26965e-11   4.94438e-02   3.09932e-03** at limit **
   8  p7           1.36539e-02   1.42977e-03   2.42852e-04   8.19004e-04
                               ERR DEF= 0.5
 FCN=98.4557 FROM MIGRAD    STATUS=CONVERGED     816 CALLS         817 TOTAL
                     EDM=2.51128e-08    STRATEGY= 1  ERROR MATRIX UNCERTAINTY   1.7 per cent
  EXT PARAMETER                                   STEP         FIRST   
  NO.   NAME      VALUE            ERROR          SIZE      DERIVATIVE 
   1  p0           9.63080e+01   4.16901e+00  -8.75675e-05   1.12433e-03
   2  p1           9.99284e-01   3.27623e-04  -4.52396e-06   2.63168e-04
   3  p2           8.20545e-03   3.00371e-04   3.97553e-06   4.09185e-03
   4  p3           1.69320e+01   9.99938e-01  -1.93969e-04  -1.79397e-04
   5  p4           6.18817e+00   4.68487e-01  -3.46932e-04   4.94111e-04
   6  p5           9.96410e-01   5.02318e-03   3.84265e-06   3.02949e-02
   7  p6          -8.56795e-11   4.46260e-02   1.06784e-03** at limit **
   8  p7           1.49746e-02   1.52374e-03  -1.60312e-05   2.14281e-03
                               ERR DEF= 0.5
 FCN=117.984 FROM MIGRAD    STATUS=CONVERGED     677 CALLS         678 TOTAL
                     EDM=1.26903e-08    STRATEGY= 1  ERROR MATRIX UNCERTAINTY   2.0 per cent
  EXT PARAMETER                                   STEP         FIRST   
  NO.   NAME      VALUE            ERROR          SIZE      DERIVATIVE 
   1  p0           1.05897e+02   4.65074e+00  -3.15523e-05  -6.30318e-04
   2  p1           9.97879e-01   3.58354e-04   1.55845e-05   5.88403e-03
   3  p2           7.94916e-03   3.29584e-04   2.62936e-05  -1.21923e-03
   4  p3           3.00701e+01   1.58888e+00  -1.50674e-03   3.96206e-05
   5  p4           9.43417e+00   4.46499e-01  -3.78925e-04  -5.20706e-05
   6  p5           9.93284e-01   3.87607e-03   1.18917e-06  -2.82882e-02
   7  p6          -1.25788e-13   3.09503e-03  -2.11658e-04** at limit **
   8  p7           1.11453e-02   9.99317e-04  -1.25893e-05   1.07794e-03
                               ERR DEF= 0.5
 FCN=133.681 FROM MIGRAD    STATUS=CONVERGED     718 CALLS         719 TOTAL
                     EDM=1.46512e-07    STRATEGY= 1      ERROR MATRIX ACCURATE 
  EXT PARAMETER                                   STEP         FIRST   
  NO.   NAME      VALUE            ERROR          SIZE      DERIVATIVE 
   1  p0           1.12682e+02   4.79393e+00   8.51070e-04  -1.05077e-03
   2  p1           9.96643e-01   3.23925e-04   1.12765e-04  -8.00051e-03
   3  p2           7.56784e-03   2.77777e-04   1.89490e-04  -2.11389e-03
   4  p3           3.11174e+01   1.36344e+00   6.36828e-03  -2.14328e-04
   5  p4           7.94476e+00   1.22745e+00   1.48111e-03   1.20959e-03
   6  p5           9.89023e-01   4.37367e-03   1.41886e-05   6.06865e-02
   7  p6          -2.54415e-02   4.13596e-02   3.52790e-04  -3.97941e-03
   8  p7           1.22569e-02   1.12119e-03   2.14754e-04  -2.15134e-03
                               ERR DEF= 0.5
 FCN=147.025 FROM MIGRAD    STATUS=CONVERGED     719 CALLS         720 TOTAL
                     EDM=5.73527e-07    STRATEGY= 1      ERROR MATRIX ACCURATE 
  EXT PARAMETER                                   STEP         FIRST   
  NO.   NAME      VALUE            ERROR          SIZE      DERIVATIVE 
   1  p0           1.07945e+02   4.75908e+00   8.02824e-04   1.57647e-03
   2  p1           9.96493e-01   3.67446e-04   1.24527e-04   3.21525e-02
   3  p2           7.78735e-03   3.10196e-04   2.03742e-04   8.64108e-05
   4  p3           2.90086e+01   1.48207e+00   6.26756e-03  -6.00404e-04
   5  p4           6.56658e+00   1.25428e+00   1.32123e-03   1.36482e-03
   6  p5           9.94015e-01   3.34134e-03   1.45280e-05   4.86922e-02
   7  p6          -5.39473e-02   6.30817e-02   2.87326e-04  -6.75244e-03
   8  p7           1.00336e-02   9.54985e-04   2.59870e-04   5.72732e-03
                               ERR DEF= 0.5
 FCN=146.944 FROM MIGRAD    STATUS=CONVERGED     766 CALLS         767 TOTAL
                     EDM=1.10397e-06    STRATEGY= 1      ERROR MATRIX ACCURATE 
  EXT PARAMETER                                   STEP         FIRST   
  NO.   NAME      VALUE            ERROR          SIZE      DERIVATIVE 
   1  p0           1.12008e+02   4.55958e+00   7.76520e-04  -1.70160e-04
   2  p1           9.95448e-01   3.36338e-04   1.24526e-04  -4.69078e-03
   3  p2           8.11190e-03   2.81835e-04   1.89922e-04   1.04651e-02
   4  p3           2.85036e+01   1.38886e+00   6.16393e-03  -9.49251e-04
   5  p4           7.43258e+00   1.40964e+00   1.60075e-03   4.27238e-03
   6  p5           9.88718e-01   3.77229e-03   1.55411e-05   1.47963e-01
   7  p6          -1.49971e-02   5.59695e-02   5.48768e-04  -1.32508e-02
   8  p7           1.37026e-02   1.04603e-03   2.19130e-04  -5.11612e-03
                               ERR DEF= 0.5
 FCN=136.8 FROM MIGRAD    STATUS=CONVERGED     763 CALLS         764 TOTAL
                     EDM=1.97125e-07    STRATEGY= 1  ERROR MATRIX UNCERTAINTY   2.4 per cent
  EXT PARAMETER                                   STEP         FIRST   
  NO.   NAME      VALUE            ERROR          SIZE      DERIVATIVE 
   1  p0           1.16253e+02   4.49451e+00  -6.72888e-05   2.07157e-03
   2  p1           9.94839e-01   3.12290e-04   2.70859e-05  -1.74667e-02
   3  p2           8.21184e-03   2.64379e-04  -2.45399e-05  -4.12087e-03
   4  p3           2.40514e+01   1.18667e+00   1.91383e-04  -3.83757e-04
   5  p4           7.49120e+00   4.40407e-01  -1.79249e-04   9.80443e-04
   6  p5           9.87620e-01   4.00083e-03   8.20506e-06  -5.30779e-02
   7  p6          -1.51184e-09   3.10223e-02   1.25067e-03** at limit **
   8  p7           1.47383e-02   1.18557e-03  -7.02524e-05  -6.48804e-03
                               ERR DEF= 0.5
 FCN=177.405 FROM MIGRAD    STATUS=CONVERGED     735 CALLS         736 TOTAL
                     EDM=3.9166e-07    STRATEGY= 1  ERROR MATRIX UNCERTAINTY   1.7 per cent
  EXT PARAMETER                                   STEP         FIRST   
  NO.   NAME      VALUE            ERROR          SIZE      DERIVATIVE 
   1  p0           1.39294e+02   5.16795e+00  -1.13734e-05  -2.71255e-03
   2  p1           9.93925e-01   3.01362e-04  -3.36151e-05   9.54661e-04
   3  p2           7.75790e-03   2.63976e-04   1.84383e-04  -5.25936e-03
   4  p3           2.91857e+01   1.38108e+00  -4.46409e-03  -6.80655e-04
   5  p4           7.16957e+00   3.78617e-01  -2.84720e-04   2.90653e-03
   6  p5           9.88915e-01   2.83754e-03  -1.33751e-05   3.07771e-01
   7  p6          -1.07308e-09   9.35905e-03   1.12388e-03** at limit **
   8  p7           1.47802e-02   9.52861e-04   1.44527e-04   6.41283e-03
                               ERR DEF= 0.5
 FCN=194.668 FROM MIGRAD    STATUS=CONVERGED     754 CALLS         755 TOTAL
                     EDM=5.69345e-07    STRATEGY= 1  ERROR MATRIX UNCERTAINTY   2.2 per cent
  EXT PARAMETER                                   STEP         FIRST   
  NO.   NAME      VALUE            ERROR          SIZE      DERIVATIVE 
   1  p0           1.56280e+02   5.51898e+00   2.11778e-05  -2.01252e-03
   2  p1           9.93731e-01   3.14749e-04   4.46888e-05   2.36436e-02
   3  p2           8.12879e-03   2.71495e-04  -6.36486e-06  -2.99894e-02
   4  p3           3.78067e+01   1.79386e+00  -5.07642e-03   6.97213e-06
   5  p4           7.83153e+00   3.50981e-01  -1.23594e-05  -1.80756e-03
   6  p5           9.92469e-01   2.28343e-03   4.79951e-07  -2.49353e-01
   7  p6          -8.98304e-12   3.85309e-03   1.02006e-03** at limit **
   8  p7           1.09275e-02   7.18497e-04  -3.23743e-05   1.17998e-02
                               ERR DEF= 0.5
 FCN=207.595 FROM MIGRAD    STATUS=CONVERGED     768 CALLS         769 TOTAL
                     EDM=5.1752e-07    STRATEGY= 1  ERROR MATRIX UNCERTAINTY   0.9 per cent
  EXT PARAMETER                                   STEP         FIRST   
  NO.   NAME      VALUE            ERROR          SIZE      DERIVATIVE 
   1  p0           1.83560e+02   5.94321e+00  -3.45335e-05  -4.47268e-03
   2  p1           9.93563e-01   2.95239e-04  -7.72376e-05  -2.13472e-03
   3  p2           7.84294e-03   2.48283e-04   2.49042e-04  -3.37411e-02
   4  p3           4.29476e+01   1.88441e+00  -2.12367e-03  -3.24668e-05
   5  p4           7.99217e+00   3.31629e-01   6.40403e-04  -1.80988e-03
   6  p5           9.91351e-01   2.06346e-03  -1.60334e-05  -5.50745e-01
   7  p6          -4.06135e-11   2.82939e-03  -4.26296e-04** at limit **
   8  p7           1.09688e-02   6.60996e-04   5.84453e-05   1.76154e-03
                               ERR DEF= 0.5
 FCN=199.428 FROM MIGRAD    STATUS=CONVERGED     778 CALLS         779 TOTAL
                     EDM=3.48676e-07    STRATEGY= 1  ERROR MATRIX UNCERTAINTY   1.2 per cent
  EXT PARAMETER                                   STEP         FIRST   
  NO.   NAME      VALUE            ERROR          SIZE      DERIVATIVE 
   1  p0           2.13802e+02   6.35494e+00  -9.98120e-05  -4.04428e-03
   2  p1           9.92821e-01   2.67514e-04  -2.71709e-05  -2.33723e-02
   3  p2           8.14390e-03   2.18636e-04  -8.43334e-05  -1.47622e-02
   4  p3           5.10518e+01   2.12813e+00   1.84169e-04   6.37869e-05
   5  p4           8.86010e+00   3.24406e-01   1.21194e-03   7.97892e-04
   6  p5           9.90562e-01   1.99294e-03  -2.53485e-06  -3.53550e-01
   7  p6          -1.49722e-10   1.78247e-03  -7.67327e-04** at limit **
   8  p7           1.03337e-02   6.05732e-04   8.73660e-05  -1.81981e-02
                               ERR DEF= 0.5

****************************************
Minimizer is Linear
Chi2                      =      18.7736
NDf                       =           14
p0                        =      1.01104   +/-   0.000350701 
p1                        = -7.76258e-06   +/-   1.90106e-07 
Calculation of survival fraction for 2104
 FCN=166.435 FROM MIGRAD    STATUS=CONVERGED     102 CALLS         103 TOTAL
                     EDM=5.79345e-08    STRATEGY= 1      ERROR MATRIX ACCURATE 
  EXT PARAMETER                                   STEP         FIRST   
  NO.   NAME      VALUE            ERROR          SIZE      DERIVATIVE 
   1  p0           1.70252e+02   5.26930e+00   3.72704e-02  -2.65614e-05
   2  p1           2.10342e+03   4.13681e-02   1.00299e-03  -1.33710e-03
   3  p2           1.47220e+00   3.68111e-02   2.13771e-05   3.86735e-02
   4  p3           2.39978e+01   3.00407e-01   2.62862e-03  -6.55247e-05
                               ERR DEF= 0.5
Area_tot = 3261
Area_tot_psa = 736
Area = 2051
Area_psa = 181
 FCN=168.477 FROM MIGRAD    STATUS=CONVERGED     114 CALLS         115 TOTAL
                     EDM=3.78083e-07    STRATEGY= 1      ERROR MATRIX ACCURATE 
  EXT PARAMETER                                   STEP         FIRST   
  NO.   NAME      VALUE            ERROR          SIZE      DERIVATIVE 
   1  p0           1.88086e+01   2.17648e+00   1.54444e-02   3.06903e-04
   2  p1           2.10346e+03   1.71415e-01   1.50008e-03  -1.70147e-03
   3  p2           1.45899e+00   1.62342e-01   9.36876e-05   2.45111e-02
   4  p3           1.04013e+01   1.99624e-01   1.73804e-03  -2.88521e-04
                               ERR DEF= 0.5
Calculation of survival fraction for 2614.5
 FCN=339.983 FROM MIGRAD    STATUS=CONVERGED     152 CALLS         153 TOTAL
                     EDM=4.95031e-08    STRATEGY= 1      ERROR MATRIX ACCURATE 
  EXT PARAMETER                                   STEP         FIRST   
  NO.   NAME      VALUE            ERROR          SIZE      DERIVATIVE 
   1  p0           1.43875e+03   1.44260e+01   1.47739e-01   1.69092e-05
   2  p1           2.61458e+03   1.05336e-02   1.24673e-03   3.74167e-04
   3  p2           1.28803e+00   7.92020e-03   7.15998e-06   2.45080e-01
   4  p3           1.97730e+00   1.01396e-01   1.28489e-03  -9.25507e-04
                               ERR DEF= 0.5
Area_tot = 15654
Area_tot_psa = 2061
Area = 15528
Area_psa = 2044
 FCN=140.268 FROM MIGRAD    STATUS=CONVERGED     180 CALLS         181 TOTAL
                     EDM=5.07144e-07    STRATEGY= 1  ERROR MATRIX UNCERTAINTY   2.7 per cent
  EXT PARAMETER                                   STEP         FIRST   
  NO.   NAME      VALUE            ERROR          SIZE      DERIVATIVE 
   1  p0           1.88049e+02   5.42008e+00   5.07480e-03  -5.76146e-05
   2  p1           2.61462e+03   2.95761e-02  -2.03328e-05   1.24057e-02
   3  p2           1.29198e+00   2.26502e-02  -1.04990e-06   2.49088e-01
   4  p3           3.79487e-02   1.36877e-02  -3.28638e-05  -2.51372e-02
                               ERR DEF= 0.5
Calculation of survival fraction background at 2039
Area = 5272
Area_psa = 2432
